==================================================
goal = test
device = cuda
device_id = 0
dataset = Cifar10_dir_0.1_imbalance_40
num_classes = 10
model_family = HtFE8
batch_size = 256
num_workers = 0
local_learning_rate = 0.06
use_decay_scheduler = False
learning_rate_decay = False
learning_rate_decay_gamma = 0.99
global_rounds = 200
edge_epochs = 1
local_epochs = 5
algorithm = Local
join_ratio = 1.0
random_join_ratio = False
num_clients = 40
num_edges = 10
prev = 0
times = 1
eval_gap = 1
save_folder_name = temp
auto_break = False
feature_dim = 512
vocab_size = 98635
max_len = 200
client_drop_rate = 0.0
train_slow_rate = 0.0
send_slow_rate = 0.0
time_select = False
time_threthold = 10000
optimizer = SGD
lamda = 1.0
weight_decay = 0
trans_delay_simulate = False
momentum = 0.8
agg_type = 0
buffersize = 10
gl_use_clients = 1
test_useglclassifier = 1
gamma = 1
drawtsne = 1
drawround = 20
noise_dim = 512
generator_learning_rate = 0.0001
hidden_dim = 512
server_epochs = 100
alpha = 1.0
beta = 1.0
mentee_learning_rate = 0.005
T_start = 0.95
T_end = 0.98
server_learning_rate = 0.01
margin_threthold = 100.0
generator_path = stylegan/stylegan-xl-models/imagenet64.pkl
stable_diffusion_prompt = a cat
server_batch_size = 100
gen_batch_size = 4
mu = 50.0
==================================================
Random seed set as 42

============= Running time: 0th =============
Creating server and clients ...
FedAvgCNN(in_features=3, num_classes=args.num_classes, dim=1600)
torchvision.models.googlenet(pretrained=False, aux_logits=False, num_classes=args.num_classes)
mobilenet_v2(pretrained=False, num_classes=args.num_classes)
torchvision.models.resnet18(pretrained=False, num_classes=args.num_classes)
torchvision.models.resnet34(pretrained=False, num_classes=args.num_classes)
torchvision.models.resnet50(pretrained=False, num_classes=args.num_classes)
torchvision.models.resnet101(pretrained=False, num_classes=args.num_classes)
torchvision.models.resnet152(pretrained=False, num_classes=args.num_classes)
FedAvgCNN(in_features=3, num_classes=args.num_classes, dim=1600) model chosen!
id 0
label_counts: defaultdict(<class 'int'>, {3: 759, 8: 61, 1: 17, 9: 4})
torchvision.models.googlenet(pretrained=False, aux_logits=False, num_classes=args.num_classes) model chosen!
id 1
label_counts: defaultdict(<class 'int'>, {0: 845, 6: 422, 4: 86, 2: 32})
mobilenet_v2(pretrained=False, num_classes=args.num_classes) model chosen!
id 2
label_counts: defaultdict(<class 'int'>, {5: 677, 0: 49, 2: 1})
torchvision.models.resnet18(pretrained=False, num_classes=args.num_classes) model chosen!
id 3
label_counts: defaultdict(<class 'int'>, {6: 299, 3: 122, 1: 205, 0: 656, 5: 29, 2: 3})
torchvision.models.resnet34(pretrained=False, num_classes=args.num_classes) model chosen!
id 4
label_counts: defaultdict(<class 'int'>, {9: 1176, 0: 484, 5: 15, 4: 18, 6: 38})
torchvision.models.resnet50(pretrained=False, num_classes=args.num_classes) model chosen!
id 5
label_counts: defaultdict(<class 'int'>, {9: 1172, 8: 161, 0: 169, 5: 2, 4: 10, 3: 1})
torchvision.models.resnet101(pretrained=False, num_classes=args.num_classes) model chosen!
id 6
label_counts: defaultdict(<class 'int'>, {3: 908, 1: 44, 6: 131, 2: 16, 9: 14, 8: 1})
torchvision.models.resnet152(pretrained=False, num_classes=args.num_classes) model chosen!
id 7
label_counts: defaultdict(<class 'int'>, {6: 1628, 0: 297, 4: 77, 2: 106, 1: 51})
FedAvgCNN(in_features=3, num_classes=args.num_classes, dim=1600) model chosen!
id 8
label_counts: defaultdict(<class 'int'>, {8: 703, 7: 342, 0: 356, 5: 29, 4: 1})
torchvision.models.googlenet(pretrained=False, aux_logits=False, num_classes=args.num_classes) model chosen!
id 9
label_counts: defaultdict(<class 'int'>, {2: 627, 9: 327, 8: 53, 6: 6, 5: 5, 1: 2})
mobilenet_v2(pretrained=False, num_classes=args.num_classes) model chosen!
id 10
label_counts: defaultdict(<class 'int'>, {0: 90, 1: 1087})
torchvision.models.resnet18(pretrained=False, num_classes=args.num_classes) model chosen!
id 11
label_counts: defaultdict(<class 'int'>, {7: 357, 5: 569, 4: 420, 1: 105, 0: 1})
torchvision.models.resnet34(pretrained=False, num_classes=args.num_classes) model chosen!
id 12
label_counts: defaultdict(<class 'int'>, {5: 202, 4: 101, 8: 9, 9: 4, 3: 2})
torchvision.models.resnet50(pretrained=False, num_classes=args.num_classes) model chosen!
id 13
label_counts: defaultdict(<class 'int'>, {5: 717, 2: 358, 1: 131, 4: 399, 3: 1, 0: 4})
torchvision.models.resnet101(pretrained=False, num_classes=args.num_classes) model chosen!
id 14
label_counts: defaultdict(<class 'int'>, {7: 452, 9: 5})
torchvision.models.resnet152(pretrained=False, num_classes=args.num_classes) model chosen!
id 15
label_counts: defaultdict(<class 'int'>, {7: 127, 9: 427, 0: 91, 4: 15, 2: 9, 6: 9, 1: 3})
FedAvgCNN(in_features=3, num_classes=args.num_classes, dim=1600) model chosen!
id 16
label_counts: defaultdict(<class 'int'>, {1: 1999})
torchvision.models.googlenet(pretrained=False, aux_logits=False, num_classes=args.num_classes) model chosen!
id 17
label_counts: defaultdict(<class 'int'>, {2: 1404, 1: 3})
mobilenet_v2(pretrained=False, num_classes=args.num_classes) model chosen!
id 18
label_counts: defaultdict(<class 'int'>, {8: 1604, 7: 54, 6: 1})
torchvision.models.resnet18(pretrained=False, num_classes=args.num_classes) model chosen!
id 19
label_counts: defaultdict(<class 'int'>, {3: 177, 4: 466, 8: 28, 1: 8, 2: 2})
torchvision.models.resnet34(pretrained=False, num_classes=args.num_classes) model chosen!
id 20
label_counts: defaultdict(<class 'int'>, {7: 1892, 5: 294, 0: 134, 2: 105, 6: 15, 4: 23})
torchvision.models.resnet50(pretrained=False, num_classes=args.num_classes) model chosen!
id 21
label_counts: defaultdict(<class 'int'>, {5: 164, 2: 117, 6: 21, 1: 1, 4: 24, 9: 10, 8: 2})
torchvision.models.resnet101(pretrained=False, num_classes=args.num_classes) model chosen!
id 22
label_counts: defaultdict(<class 'int'>, {6: 132, 4: 121, 8: 76, 9: 4})
torchvision.models.resnet152(pretrained=False, num_classes=args.num_classes) model chosen!
id 23
label_counts: defaultdict(<class 'int'>, {9: 945, 1: 113, 3: 25, 7: 320, 4: 9, 6: 29, 2: 9, 8: 2})
FedAvgCNN(in_features=3, num_classes=args.num_classes, dim=1600) model chosen!
id 24
label_counts: defaultdict(<class 'int'>, {4: 1435, 2: 186, 0: 164, 1: 31})
torchvision.models.googlenet(pretrained=False, aux_logits=False, num_classes=args.num_classes) model chosen!
id 25
label_counts: defaultdict(<class 'int'>, {8: 649, 9: 316, 7: 134, 4: 23, 6: 8, 2: 127})
mobilenet_v2(pretrained=False, num_classes=args.num_classes) model chosen!
id 26
label_counts: defaultdict(<class 'int'>, {2: 407, 6: 1135, 3: 166, 1: 95, 4: 61, 5: 4})
torchvision.models.resnet18(pretrained=False, num_classes=args.num_classes) model chosen!
id 27
label_counts: defaultdict(<class 'int'>, {4: 275, 3: 388, 9: 26, 1: 1})
torchvision.models.resnet34(pretrained=False, num_classes=args.num_classes) model chosen!
id 28
label_counts: defaultdict(<class 'int'>, {8: 388, 7: 203, 0: 4, 3: 28, 2: 31})
torchvision.models.resnet50(pretrained=False, num_classes=args.num_classes) model chosen!
id 29
label_counts: defaultdict(<class 'int'>, {1: 132, 3: 76, 7: 48, 2: 20, 0: 21})
torchvision.models.resnet101(pretrained=False, num_classes=args.num_classes) model chosen!
id 30
label_counts: defaultdict(<class 'int'>, {7: 209, 0: 337, 2: 17, 9: 72, 5: 1})
torchvision.models.resnet152(pretrained=False, num_classes=args.num_classes) model chosen!
id 31
label_counts: defaultdict(<class 'int'>, {2: 822, 8: 241, 4: 7, 7: 94, 1: 16})
FedAvgCNN(in_features=3, num_classes=args.num_classes, dim=1600) model chosen!
id 32
label_counts: defaultdict(<class 'int'>, {8: 471, 1: 289, 0: 77, 2: 124, 3: 1, 5: 1})
torchvision.models.googlenet(pretrained=False, aux_logits=False, num_classes=args.num_classes) model chosen!
id 33
label_counts: defaultdict(<class 'int'>, {3: 811, 0: 326})
mobilenet_v2(pretrained=False, num_classes=args.num_classes) model chosen!
id 34
label_counts: defaultdict(<class 'int'>, {5: 1452, 4: 71, 2: 5, 1: 3})
torchvision.models.resnet18(pretrained=False, num_classes=args.num_classes) model chosen!
id 35
label_counts: defaultdict(<class 'int'>, {6: 588, 7: 116, 0: 8, 8: 1})
torchvision.models.resnet34(pretrained=False, num_classes=args.num_classes) model chosen!
id 36
label_counts: defaultdict(<class 'int'>, {5: 4, 8: 44, 0: 150, 1: 126, 4: 4})
torchvision.models.resnet50(pretrained=False, num_classes=args.num_classes) model chosen!
id 37
label_counts: defaultdict(<class 'int'>, {3: 1025, 5: 354, 0: 51, 4: 1})
torchvision.models.resnet101(pretrained=False, num_classes=args.num_classes) model chosen!
id 38
label_counts: defaultdict(<class 'int'>, {0: 237, 4: 218})
torchvision.models.resnet152(pretrained=False, num_classes=args.num_classes) model chosen!
id 39
label_counts: defaultdict(<class 'int'>, {4: 647, 3: 11, 7: 97, 1: 6, 5: 1, 2: 1, 8: 1, 0: 1})

Join ratio / total clients: 1.0 / 40
Finished creating server and clients.
------------------------- time cost ------------------------- 63.354992628097534

-------------Round number: 0-------------

Evaluate heterogeneous models
Averaged Test Accuracy (Regular Model): 0.7177
Averaged Train Loss (Regular Model): 0.9801
Averaged Test AUC: 0.9303
Std Test Accurancy: 0.2079
Std Test AUC: 0.0524
------------------------- time cost ------------------------- 60.60752272605896

-------------Round number: 1-------------

Evaluate heterogeneous models
Averaged Test Accuracy (Regular Model): 0.7767
Averaged Train Loss (Regular Model): 0.5864
Averaged Test AUC: 0.9511
Std Test Accurancy: 0.1718
Std Test AUC: 0.0450
------------------------- time cost ------------------------- 59.10020065307617

-------------Round number: 2-------------

Evaluate heterogeneous models
Averaged Test Accuracy (Regular Model): 0.7775
Averaged Train Loss (Regular Model): 0.4168
Averaged Test AUC: 0.9523
Std Test Accurancy: 0.1577
Std Test AUC: 0.0419
------------------------- time cost ------------------------- 61.12956500053406

-------------Round number: 3-------------

Evaluate heterogeneous models
Averaged Test Accuracy (Regular Model): 0.7859
Averaged Train Loss (Regular Model): 0.3520
Averaged Test AUC: 0.9524
Std Test Accurancy: 0.1588
Std Test AUC: 0.0366
------------------------- time cost ------------------------- 61.79068994522095

-------------Round number: 4-------------

Evaluate heterogeneous models
Averaged Test Accuracy (Regular Model): 0.7827
Averaged Train Loss (Regular Model): 0.2771
Averaged Test AUC: 0.9546
Std Test Accurancy: 0.1455
Std Test AUC: 0.0348
------------------------- time cost ------------------------- 61.02007174491882

-------------Round number: 5-------------

Evaluate heterogeneous models
Averaged Test Accuracy (Regular Model): 0.7899
Averaged Train Loss (Regular Model): 0.2159
Averaged Test AUC: 0.9540
Std Test Accurancy: 0.1429
Std Test AUC: 0.0352
------------------------- time cost ------------------------- 62.75015711784363

-------------Round number: 6-------------

Evaluate heterogeneous models
Averaged Test Accuracy (Regular Model): 0.7854
Averaged Train Loss (Regular Model): 0.2173
Averaged Test AUC: 0.9536
Std Test Accurancy: 0.1393
Std Test AUC: 0.0337
------------------------- time cost ------------------------- 59.44513416290283

-------------Round number: 7-------------

Evaluate heterogeneous models
Averaged Test Accuracy (Regular Model): 0.7933
Averaged Train Loss (Regular Model): 0.1836
Averaged Test AUC: 0.9558
Std Test Accurancy: 0.1435
Std Test AUC: 0.0341
------------------------- time cost ------------------------- 61.49989700317383

-------------Round number: 8-------------

Evaluate heterogeneous models
Averaged Test Accuracy (Regular Model): 0.7912
Averaged Train Loss (Regular Model): 0.1634
Averaged Test AUC: 0.9550
Std Test Accurancy: 0.1435
Std Test AUC: 0.0349
------------------------- time cost ------------------------- 62.57152271270752

-------------Round number: 9-------------

Evaluate heterogeneous models
Averaged Test Accuracy (Regular Model): 0.7943
Averaged Train Loss (Regular Model): 0.1777
Averaged Test AUC: 0.9547
Std Test Accurancy: 0.1345
Std Test AUC: 0.0334
------------------------- time cost ------------------------- 63.09540414810181

-------------Round number: 10-------------

Evaluate heterogeneous models
Averaged Test Accuracy (Regular Model): 0.7958
Averaged Train Loss (Regular Model): 0.1196
Averaged Test AUC: 0.9537
Std Test Accurancy: 0.1393
Std Test AUC: 0.0382
------------------------- time cost ------------------------- 61.65773940086365

-------------Round number: 11-------------

Evaluate heterogeneous models
Averaged Test Accuracy (Regular Model): 0.7993
Averaged Train Loss (Regular Model): 0.1159
Averaged Test AUC: 0.9557
Std Test Accurancy: 0.1331
Std Test AUC: 0.0320
------------------------- time cost ------------------------- 63.83068132400513

-------------Round number: 12-------------

Evaluate heterogeneous models
Averaged Test Accuracy (Regular Model): 0.7997
Averaged Train Loss (Regular Model): 0.1083
Averaged Test AUC: 0.9550
Std Test Accurancy: 0.1295
Std Test AUC: 0.0349
------------------------- time cost ------------------------- 63.05089855194092

-------------Round number: 13-------------

Evaluate heterogeneous models
Averaged Test Accuracy (Regular Model): 0.7997
Averaged Train Loss (Regular Model): 0.0976
Averaged Test AUC: 0.9543
Std Test Accurancy: 0.1278
Std Test AUC: 0.0373
------------------------- time cost ------------------------- 62.38705325126648

-------------Round number: 14-------------

Evaluate heterogeneous models
Averaged Test Accuracy (Regular Model): 0.7964
Averaged Train Loss (Regular Model): 0.0725
Averaged Test AUC: 0.9546
Std Test Accurancy: 0.1368
Std Test AUC: 0.0393
------------------------- time cost ------------------------- 63.00085949897766

-------------Round number: 15-------------

Evaluate heterogeneous models
Averaged Test Accuracy (Regular Model): 0.7981
Averaged Train Loss (Regular Model): 0.0485
Averaged Test AUC: 0.9561
Std Test Accurancy: 0.1252
Std Test AUC: 0.0362
------------------------- time cost ------------------------- 60.374629497528076

-------------Round number: 16-------------

Evaluate heterogeneous models
Averaged Test Accuracy (Regular Model): 0.8003
Averaged Train Loss (Regular Model): 0.0481
Averaged Test AUC: 0.9555
Std Test Accurancy: 0.1331
Std Test AUC: 0.0380
------------------------- time cost ------------------------- 61.07020330429077

-------------Round number: 17-------------

Evaluate heterogeneous models
Averaged Test Accuracy (Regular Model): 0.8007
Averaged Train Loss (Regular Model): 0.0594
Averaged Test AUC: 0.9549
Std Test Accurancy: 0.1286
Std Test AUC: 0.0370
------------------------- time cost ------------------------- 60.63264226913452

-------------Round number: 18-------------

Evaluate heterogeneous models
Averaged Test Accuracy (Regular Model): 0.8021
Averaged Train Loss (Regular Model): 0.0759
Averaged Test AUC: 0.9569
Std Test Accurancy: 0.1330
Std Test AUC: 0.0354
------------------------- time cost ------------------------- 62.77283787727356

-------------Round number: 19-------------

Evaluate heterogeneous models
Averaged Test Accuracy (Regular Model): 0.7991
Averaged Train Loss (Regular Model): 0.0335
Averaged Test AUC: 0.9573
Std Test Accurancy: 0.1331
Std Test AUC: 0.0341
------------------------- time cost ------------------------- 62.330679178237915

-------------Round number: 20-------------

Evaluate heterogeneous models
Averaged Test Accuracy (Regular Model): 0.8029
Averaged Train Loss (Regular Model): 0.0652
Averaged Test AUC: 0.9582
Std Test Accurancy: 0.1354
Std Test AUC: 0.0332
------------------------- time cost ------------------------- 60.94963884353638

-------------Round number: 21-------------

Evaluate heterogeneous models
Averaged Test Accuracy (Regular Model): 0.7996
Averaged Train Loss (Regular Model): 0.0604
Averaged Test AUC: 0.9572
Std Test Accurancy: 0.1354
Std Test AUC: 0.0366
------------------------- time cost ------------------------- 62.640655517578125

-------------Round number: 22-------------

Evaluate heterogeneous models
Averaged Test Accuracy (Regular Model): 0.8017
Averaged Train Loss (Regular Model): 0.0299
Averaged Test AUC: 0.9574
Std Test Accurancy: 0.1289
Std Test AUC: 0.0333
------------------------- time cost ------------------------- 62.3768675327301

-------------Round number: 23-------------

Evaluate heterogeneous models
Averaged Test Accuracy (Regular Model): 0.8001
Averaged Train Loss (Regular Model): 0.0427
Averaged Test AUC: 0.9566
Std Test Accurancy: 0.1304
Std Test AUC: 0.0339
------------------------- time cost ------------------------- 62.30954122543335

-------------Round number: 24-------------

Evaluate heterogeneous models
Averaged Test Accuracy (Regular Model): 0.8005
Averaged Train Loss (Regular Model): 0.0410
Averaged Test AUC: 0.9580
Std Test Accurancy: 0.1293
Std Test AUC: 0.0337
------------------------- time cost ------------------------- 63.26321053504944

-------------Round number: 25-------------

Evaluate heterogeneous models
Averaged Test Accuracy (Regular Model): 0.8019
Averaged Train Loss (Regular Model): 0.0483
Averaged Test AUC: 0.9586
Std Test Accurancy: 0.1309
Std Test AUC: 0.0336
------------------------- time cost ------------------------- 61.967121839523315

-------------Round number: 26-------------

Evaluate heterogeneous models
Averaged Test Accuracy (Regular Model): 0.8010
Averaged Train Loss (Regular Model): 0.0364
Averaged Test AUC: 0.9580
Std Test Accurancy: 0.1321
Std Test AUC: 0.0342
------------------------- time cost ------------------------- 62.000003814697266

-------------Round number: 27-------------

Evaluate heterogeneous models
Averaged Test Accuracy (Regular Model): 0.8052
Averaged Train Loss (Regular Model): 0.0485
Averaged Test AUC: 0.9592
Std Test Accurancy: 0.1286
Std Test AUC: 0.0336
------------------------- time cost ------------------------- 61.55637311935425

-------------Round number: 28-------------

Evaluate heterogeneous models
Averaged Test Accuracy (Regular Model): 0.8069
Averaged Train Loss (Regular Model): 0.0166
Averaged Test AUC: 0.9602
Std Test Accurancy: 0.1290
Std Test AUC: 0.0329
------------------------- time cost ------------------------- 61.38505005836487

-------------Round number: 29-------------

Evaluate heterogeneous models
Averaged Test Accuracy (Regular Model): 0.8000
Averaged Train Loss (Regular Model): 0.0456
Averaged Test AUC: 0.9569
Std Test Accurancy: 0.1327
Std Test AUC: 0.0374
------------------------- time cost ------------------------- 62.678200006484985

-------------Round number: 30-------------

Evaluate heterogeneous models
Averaged Test Accuracy (Regular Model): 0.8008
Averaged Train Loss (Regular Model): 0.0478
Averaged Test AUC: 0.9591
Std Test Accurancy: 0.1364
Std Test AUC: 0.0356
------------------------- time cost ------------------------- 62.40545678138733

-------------Round number: 31-------------

Evaluate heterogeneous models
Averaged Test Accuracy (Regular Model): 0.8005
Averaged Train Loss (Regular Model): 0.0222
Averaged Test AUC: 0.9589
Std Test Accurancy: 0.1349
Std Test AUC: 0.0334
------------------------- time cost ------------------------- 62.86325025558472

-------------Round number: 32-------------

Evaluate heterogeneous models
Averaged Test Accuracy (Regular Model): 0.8042
Averaged Train Loss (Regular Model): 0.0202
Averaged Test AUC: 0.9589
Std Test Accurancy: 0.1367
Std Test AUC: 0.0343
------------------------- time cost ------------------------- 60.82488703727722

-------------Round number: 33-------------

Evaluate heterogeneous models
Averaged Test Accuracy (Regular Model): 0.8067
Averaged Train Loss (Regular Model): 0.0297
Averaged Test AUC: 0.9602
Std Test Accurancy: 0.1249
Std Test AUC: 0.0320
------------------------- time cost ------------------------- 61.42420554161072

-------------Round number: 34-------------

Evaluate heterogeneous models
Averaged Test Accuracy (Regular Model): 0.8050
Averaged Train Loss (Regular Model): 0.0268
Averaged Test AUC: 0.9611
Std Test Accurancy: 0.1272
Std Test AUC: 0.0316
------------------------- time cost ------------------------- 60.655516147613525

-------------Round number: 35-------------

Evaluate heterogeneous models
Averaged Test Accuracy (Regular Model): 0.8020
Averaged Train Loss (Regular Model): 0.0143
Averaged Test AUC: 0.9602
Std Test Accurancy: 0.1325
Std Test AUC: 0.0343
------------------------- time cost ------------------------- 62.86740255355835

-------------Round number: 36-------------

Evaluate heterogeneous models
Averaged Test Accuracy (Regular Model): 0.8031
Averaged Train Loss (Regular Model): 0.0106
Averaged Test AUC: 0.9609
Std Test Accurancy: 0.1283
Std Test AUC: 0.0327
------------------------- time cost ------------------------- 62.52384400367737

-------------Round number: 37-------------

Evaluate heterogeneous models
Averaged Test Accuracy (Regular Model): 0.8011
Averaged Train Loss (Regular Model): 0.0363
Averaged Test AUC: 0.9595
Std Test Accurancy: 0.1307
Std Test AUC: 0.0345
------------------------- time cost ------------------------- 62.239208698272705

-------------Round number: 38-------------

Evaluate heterogeneous models
Averaged Test Accuracy (Regular Model): 0.8009
Averaged Train Loss (Regular Model): 0.0319
Averaged Test AUC: 0.9600
Std Test Accurancy: 0.1326
Std Test AUC: 0.0342
------------------------- time cost ------------------------- 60.48217725753784

-------------Round number: 39-------------

Evaluate heterogeneous models
Averaged Test Accuracy (Regular Model): 0.8016
Averaged Train Loss (Regular Model): 0.0150
Averaged Test AUC: 0.9604
Std Test Accurancy: 0.1322
Std Test AUC: 0.0327
------------------------- time cost ------------------------- 61.72443127632141

-------------Round number: 40-------------

Evaluate heterogeneous models
Averaged Test Accuracy (Regular Model): 0.8013
Averaged Train Loss (Regular Model): 0.0119
Averaged Test AUC: 0.9606
Std Test Accurancy: 0.1325
Std Test AUC: 0.0323
------------------------- time cost ------------------------- 60.286231994628906

-------------Round number: 41-------------

Evaluate heterogeneous models
Averaged Test Accuracy (Regular Model): 0.8023
Averaged Train Loss (Regular Model): 0.0092
Averaged Test AUC: 0.9608
Std Test Accurancy: 0.1339
Std Test AUC: 0.0322
------------------------- time cost ------------------------- 62.347939252853394

-------------Round number: 42-------------

Evaluate heterogeneous models
Averaged Test Accuracy (Regular Model): 0.8039
Averaged Train Loss (Regular Model): 0.0325
Averaged Test AUC: 0.9615
Std Test Accurancy: 0.1286
Std Test AUC: 0.0310
------------------------- time cost ------------------------- 63.230380058288574

-------------Round number: 43-------------

Evaluate heterogeneous models
Averaged Test Accuracy (Regular Model): 0.8046
Averaged Train Loss (Regular Model): 0.0069
Averaged Test AUC: 0.9611
Std Test Accurancy: 0.1296
Std Test AUC: 0.0325
------------------------- time cost ------------------------- 61.800941705703735

-------------Round number: 44-------------

Evaluate heterogeneous models
Averaged Test Accuracy (Regular Model): 0.8025
Averaged Train Loss (Regular Model): 0.0496
Averaged Test AUC: 0.9604
Std Test Accurancy: 0.1380
Std Test AUC: 0.0359
------------------------- time cost ------------------------- 59.51052808761597

-------------Round number: 45-------------

Evaluate heterogeneous models
Averaged Test Accuracy (Regular Model): 0.8040
Averaged Train Loss (Regular Model): 0.0225
Averaged Test AUC: 0.9598
Std Test Accurancy: 0.1289
Std Test AUC: 0.0335
------------------------- time cost ------------------------- 61.26182746887207

-------------Round number: 46-------------

Evaluate heterogeneous models
Averaged Test Accuracy (Regular Model): 0.8070
Averaged Train Loss (Regular Model): 0.0105
Averaged Test AUC: 0.9616
Std Test Accurancy: 0.1249
Std Test AUC: 0.0312
------------------------- time cost ------------------------- 61.99885535240173

-------------Round number: 47-------------

Evaluate heterogeneous models
Averaged Test Accuracy (Regular Model): 0.8071
Averaged Train Loss (Regular Model): 0.0076
Averaged Test AUC: 0.9614
Std Test Accurancy: 0.1328
Std Test AUC: 0.0327
------------------------- time cost ------------------------- 61.78832721710205

-------------Round number: 48-------------

Evaluate heterogeneous models
Averaged Test Accuracy (Regular Model): 0.8019
Averaged Train Loss (Regular Model): 0.0131
Averaged Test AUC: 0.9609
Std Test Accurancy: 0.1331
Std Test AUC: 0.0318
------------------------- time cost ------------------------- 62.06210231781006

-------------Round number: 49-------------

Evaluate heterogeneous models
Averaged Test Accuracy (Regular Model): 0.8045
Averaged Train Loss (Regular Model): 0.0138
Averaged Test AUC: 0.9621
Std Test Accurancy: 0.1313
Std Test AUC: 0.0313
------------------------- time cost ------------------------- 61.79358959197998

-------------Round number: 50-------------

Evaluate heterogeneous models
Averaged Test Accuracy (Regular Model): 0.8090
Averaged Train Loss (Regular Model): 0.0119
Averaged Test AUC: 0.9624
Std Test Accurancy: 0.1310
Std Test AUC: 0.0309
------------------------- time cost ------------------------- 61.946341037750244

-------------Round number: 51-------------

Evaluate heterogeneous models
Averaged Test Accuracy (Regular Model): 0.8091
Averaged Train Loss (Regular Model): 0.0060
Averaged Test AUC: 0.9624
Std Test Accurancy: 0.1269
Std Test AUC: 0.0309
------------------------- time cost ------------------------- 61.67557954788208

-------------Round number: 52-------------

Evaluate heterogeneous models
Averaged Test Accuracy (Regular Model): 0.8062
Averaged Train Loss (Regular Model): 0.0207
Averaged Test AUC: 0.9609
Std Test Accurancy: 0.1281
Std Test AUC: 0.0344
------------------------- time cost ------------------------- 61.538065910339355

-------------Round number: 53-------------

Evaluate heterogeneous models
Averaged Test Accuracy (Regular Model): 0.8079
Averaged Train Loss (Regular Model): 0.0096
Averaged Test AUC: 0.9630
Std Test Accurancy: 0.1269
Std Test AUC: 0.0294
------------------------- time cost ------------------------- 61.863030672073364

-------------Round number: 54-------------

Evaluate heterogeneous models
Averaged Test Accuracy (Regular Model): 0.8086
Averaged Train Loss (Regular Model): 0.0069
Averaged Test AUC: 0.9622
Std Test Accurancy: 0.1296
Std Test AUC: 0.0302
------------------------- time cost ------------------------- 62.12601685523987

-------------Round number: 55-------------

Evaluate heterogeneous models
Averaged Test Accuracy (Regular Model): 0.8068
Averaged Train Loss (Regular Model): 0.0191
Averaged Test AUC: 0.9625
Std Test Accurancy: 0.1273
Std Test AUC: 0.0302
------------------------- time cost ------------------------- 60.62384009361267

-------------Round number: 56-------------

Evaluate heterogeneous models
Averaged Test Accuracy (Regular Model): 0.8070
Averaged Train Loss (Regular Model): 0.0063
Averaged Test AUC: 0.9626
Std Test Accurancy: 0.1306
Std Test AUC: 0.0303
------------------------- time cost ------------------------- 61.5406768321991

-------------Round number: 57-------------

Evaluate heterogeneous models
Averaged Test Accuracy (Regular Model): 0.8063
Averaged Train Loss (Regular Model): 0.0017
Averaged Test AUC: 0.9630
Std Test Accurancy: 0.1309
Std Test AUC: 0.0297
------------------------- time cost ------------------------- 60.96253418922424

-------------Round number: 58-------------

Evaluate heterogeneous models
Averaged Test Accuracy (Regular Model): 0.8066
Averaged Train Loss (Regular Model): 0.0053
Averaged Test AUC: 0.9628
Std Test Accurancy: 0.1276
Std Test AUC: 0.0294
------------------------- time cost ------------------------- 60.94559717178345

-------------Round number: 59-------------

Evaluate heterogeneous models
Averaged Test Accuracy (Regular Model): 0.8084
Averaged Train Loss (Regular Model): 0.0046
Averaged Test AUC: 0.9631
Std Test Accurancy: 0.1240
Std Test AUC: 0.0300
------------------------- time cost ------------------------- 60.09965133666992

-------------Round number: 60-------------

Evaluate heterogeneous models
Averaged Test Accuracy (Regular Model): 0.8087
Averaged Train Loss (Regular Model): 0.0262
Averaged Test AUC: 0.9632
Std Test Accurancy: 0.1255
Std Test AUC: 0.0289
------------------------- time cost ------------------------- 59.48906230926514

-------------Round number: 61-------------

Evaluate heterogeneous models
Averaged Test Accuracy (Regular Model): 0.8071
Averaged Train Loss (Regular Model): 0.0027
Averaged Test AUC: 0.9631
Std Test Accurancy: 0.1323
Std Test AUC: 0.0296
------------------------- time cost ------------------------- 61.21578049659729

-------------Round number: 62-------------

Evaluate heterogeneous models
Averaged Test Accuracy (Regular Model): 0.8062
Averaged Train Loss (Regular Model): 0.0069
Averaged Test AUC: 0.9633
Std Test Accurancy: 0.1281
Std Test AUC: 0.0291
------------------------- time cost ------------------------- 60.13603758811951

-------------Round number: 63-------------

Evaluate heterogeneous models
Averaged Test Accuracy (Regular Model): 0.8074
Averaged Train Loss (Regular Model): 0.0043
Averaged Test AUC: 0.9631
Std Test Accurancy: 0.1328
Std Test AUC: 0.0294
------------------------- time cost ------------------------- 60.177462577819824

-------------Round number: 64-------------

Evaluate heterogeneous models
Averaged Test Accuracy (Regular Model): 0.8068
Averaged Train Loss (Regular Model): 0.0052
Averaged Test AUC: 0.9630
Std Test Accurancy: 0.1276
Std Test AUC: 0.0292
------------------------- time cost ------------------------- 61.81971216201782

-------------Round number: 65-------------

Evaluate heterogeneous models
Averaged Test Accuracy (Regular Model): 0.8056
Averaged Train Loss (Regular Model): 0.0156
Averaged Test AUC: 0.9629
Std Test Accurancy: 0.1287
Std Test AUC: 0.0293
------------------------- time cost ------------------------- 62.612948179244995

-------------Round number: 66-------------

Evaluate heterogeneous models
Averaged Test Accuracy (Regular Model): 0.8077
Averaged Train Loss (Regular Model): 0.0174
Averaged Test AUC: 0.9632
Std Test Accurancy: 0.1274
Std Test AUC: 0.0292
------------------------- time cost ------------------------- 60.816712617874146

-------------Round number: 67-------------

Evaluate heterogeneous models
Averaged Test Accuracy (Regular Model): 0.8080
Averaged Train Loss (Regular Model): 0.0110
Averaged Test AUC: 0.9635
Std Test Accurancy: 0.1286
Std Test AUC: 0.0292
------------------------- time cost ------------------------- 62.92606496810913

-------------Round number: 68-------------

Evaluate heterogeneous models
Averaged Test Accuracy (Regular Model): 0.8100
Averaged Train Loss (Regular Model): 0.0161
Averaged Test AUC: 0.9636
Std Test Accurancy: 0.1258
Std Test AUC: 0.0293
------------------------- time cost ------------------------- 61.35678005218506

-------------Round number: 69-------------

Evaluate heterogeneous models
Averaged Test Accuracy (Regular Model): 0.8102
Averaged Train Loss (Regular Model): 0.0049
Averaged Test AUC: 0.9640
Std Test Accurancy: 0.1263
Std Test AUC: 0.0294
------------------------- time cost ------------------------- 61.16076302528381

-------------Round number: 70-------------

Evaluate heterogeneous models
Averaged Test Accuracy (Regular Model): 0.8103
Averaged Train Loss (Regular Model): 0.0030
Averaged Test AUC: 0.9637
Std Test Accurancy: 0.1253
Std Test AUC: 0.0296
------------------------- time cost ------------------------- 61.064849853515625

-------------Round number: 71-------------

Evaluate heterogeneous models
Averaged Test Accuracy (Regular Model): 0.8087
Averaged Train Loss (Regular Model): 0.0054
Averaged Test AUC: 0.9640
Std Test Accurancy: 0.1278
Std Test AUC: 0.0286
------------------------- time cost ------------------------- 60.57742643356323

-------------Round number: 72-------------

Evaluate heterogeneous models
Averaged Test Accuracy (Regular Model): 0.8076
Averaged Train Loss (Regular Model): 0.0167
Averaged Test AUC: 0.9631
Std Test Accurancy: 0.1294
Std Test AUC: 0.0295
------------------------- time cost ------------------------- 61.190213441848755

-------------Round number: 73-------------

Evaluate heterogeneous models
Averaged Test Accuracy (Regular Model): 0.8098
Averaged Train Loss (Regular Model): 0.0079
Averaged Test AUC: 0.9634
Std Test Accurancy: 0.1352
Std Test AUC: 0.0325
------------------------- time cost ------------------------- 62.11963677406311

-------------Round number: 74-------------

Evaluate heterogeneous models
Averaged Test Accuracy (Regular Model): 0.8081
Averaged Train Loss (Regular Model): 0.0190
Averaged Test AUC: 0.9631
Std Test Accurancy: 0.1416
Std Test AUC: 0.0360
------------------------- time cost ------------------------- 61.72371172904968

-------------Round number: 75-------------

Evaluate heterogeneous models
Averaged Test Accuracy (Regular Model): 0.8082
Averaged Train Loss (Regular Model): 0.0091
Averaged Test AUC: 0.9629
Std Test Accurancy: 0.1294
Std Test AUC: 0.0299
------------------------- time cost ------------------------- 62.036264181137085

-------------Round number: 76-------------

Evaluate heterogeneous models
Averaged Test Accuracy (Regular Model): 0.8094
Averaged Train Loss (Regular Model): 0.0101
Averaged Test AUC: 0.9630
Std Test Accurancy: 0.1236
Std Test AUC: 0.0295
------------------------- time cost ------------------------- 61.09239459037781

-------------Round number: 77-------------

Evaluate heterogeneous models
Averaged Test Accuracy (Regular Model): 0.8088
Averaged Train Loss (Regular Model): 0.0065
Averaged Test AUC: 0.9633
Std Test Accurancy: 0.1231
Std Test AUC: 0.0296
------------------------- time cost ------------------------- 61.52116298675537

-------------Round number: 78-------------

Evaluate heterogeneous models
Averaged Test Accuracy (Regular Model): 0.8082
Averaged Train Loss (Regular Model): 0.0071
Averaged Test AUC: 0.9629
Std Test Accurancy: 0.1258
Std Test AUC: 0.0299
------------------------- time cost ------------------------- 61.722275257110596

-------------Round number: 79-------------

Evaluate heterogeneous models
Averaged Test Accuracy (Regular Model): 0.8082
Averaged Train Loss (Regular Model): 0.0039
Averaged Test AUC: 0.9627
Std Test Accurancy: 0.1292
Std Test AUC: 0.0305
------------------------- time cost ------------------------- 61.232617139816284

-------------Round number: 80-------------

Evaluate heterogeneous models
Averaged Test Accuracy (Regular Model): 0.8087
Averaged Train Loss (Regular Model): 0.0070
Averaged Test AUC: 0.9635
Std Test Accurancy: 0.1279
Std Test AUC: 0.0298
------------------------- time cost ------------------------- 61.9472599029541

-------------Round number: 81-------------

Evaluate heterogeneous models
Averaged Test Accuracy (Regular Model): 0.8086
Averaged Train Loss (Regular Model): 0.0109
Averaged Test AUC: 0.9635
Std Test Accurancy: 0.1291
Std Test AUC: 0.0304
------------------------- time cost ------------------------- 58.605568170547485

-------------Round number: 82-------------

Evaluate heterogeneous models
Averaged Test Accuracy (Regular Model): 0.8078
Averaged Train Loss (Regular Model): 0.0227
Averaged Test AUC: 0.9629
Std Test Accurancy: 0.1302
Std Test AUC: 0.0379
------------------------- time cost ------------------------- 61.29142212867737

-------------Round number: 83-------------

Evaluate heterogeneous models
Averaged Test Accuracy (Regular Model): 0.8071
Averaged Train Loss (Regular Model): 0.0104
Averaged Test AUC: 0.9632
Std Test Accurancy: 0.1308
Std Test AUC: 0.0309
------------------------- time cost ------------------------- 60.41141748428345

-------------Round number: 84-------------

Evaluate heterogeneous models
Averaged Test Accuracy (Regular Model): 0.8072
Averaged Train Loss (Regular Model): 0.0159
Averaged Test AUC: 0.9635
Std Test Accurancy: 0.1273
Std Test AUC: 0.0285
------------------------- time cost ------------------------- 62.46617674827576

-------------Round number: 85-------------

Evaluate heterogeneous models
Averaged Test Accuracy (Regular Model): 0.8080
Averaged Train Loss (Regular Model): 0.0168
Averaged Test AUC: 0.9634
Std Test Accurancy: 0.1283
Std Test AUC: 0.0318
------------------------- time cost ------------------------- 62.10121464729309

-------------Round number: 86-------------

Evaluate heterogeneous models
Averaged Test Accuracy (Regular Model): 0.8072
Averaged Train Loss (Regular Model): 0.0122
Averaged Test AUC: 0.9633
Std Test Accurancy: 0.1337
Std Test AUC: 0.0308
------------------------- time cost ------------------------- 61.133668661117554

-------------Round number: 87-------------

Evaluate heterogeneous models
Averaged Test Accuracy (Regular Model): 0.8093
Averaged Train Loss (Regular Model): 0.0175
Averaged Test AUC: 0.9637
Std Test Accurancy: 0.1256
Std Test AUC: 0.0290
------------------------- time cost ------------------------- 61.92732834815979

-------------Round number: 88-------------

Evaluate heterogeneous models
Averaged Test Accuracy (Regular Model): 0.8090
Averaged Train Loss (Regular Model): 0.0027
Averaged Test AUC: 0.9635
Std Test Accurancy: 0.1269
Std Test AUC: 0.0301
------------------------- time cost ------------------------- 61.7595431804657

-------------Round number: 89-------------

Evaluate heterogeneous models
Averaged Test Accuracy (Regular Model): 0.8076
Averaged Train Loss (Regular Model): 0.0048
Averaged Test AUC: 0.9635
Std Test Accurancy: 0.1271
Std Test AUC: 0.0285
------------------------- time cost ------------------------- 59.34804129600525

-------------Round number: 90-------------

Evaluate heterogeneous models
Averaged Test Accuracy (Regular Model): 0.8066
Averaged Train Loss (Regular Model): 0.0049
Averaged Test AUC: 0.9632
Std Test Accurancy: 0.1305
Std Test AUC: 0.0294
------------------------- time cost ------------------------- 60.695780754089355

-------------Round number: 91-------------

Evaluate heterogeneous models
Averaged Test Accuracy (Regular Model): 0.8080
Averaged Train Loss (Regular Model): 0.0012
Averaged Test AUC: 0.9635
Std Test Accurancy: 0.1267
Std Test AUC: 0.0291
------------------------- time cost ------------------------- 62.383461713790894

-------------Round number: 92-------------

Evaluate heterogeneous models
Averaged Test Accuracy (Regular Model): 0.8086
Averaged Train Loss (Regular Model): 0.0040
Averaged Test AUC: 0.9630
Std Test Accurancy: 0.1263
Std Test AUC: 0.0294
------------------------- time cost ------------------------- 60.9251971244812

-------------Round number: 93-------------

Evaluate heterogeneous models
Averaged Test Accuracy (Regular Model): 0.8091
Averaged Train Loss (Regular Model): 0.0040
Averaged Test AUC: 0.9635
Std Test Accurancy: 0.1307
Std Test AUC: 0.0302
------------------------- time cost ------------------------- 61.76128005981445

-------------Round number: 94-------------

Evaluate heterogeneous models
Averaged Test Accuracy (Regular Model): 0.8098
Averaged Train Loss (Regular Model): 0.0084
Averaged Test AUC: 0.9637
Std Test Accurancy: 0.1290
Std Test AUC: 0.0314
------------------------- time cost ------------------------- 62.387173652648926

-------------Round number: 95-------------

Evaluate heterogeneous models
Averaged Test Accuracy (Regular Model): 0.8080
Averaged Train Loss (Regular Model): 0.0021
Averaged Test AUC: 0.9639
Std Test Accurancy: 0.1276
Std Test AUC: 0.0299
------------------------- time cost ------------------------- 61.029325008392334

-------------Round number: 96-------------

Evaluate heterogeneous models
Averaged Test Accuracy (Regular Model): 0.8074
Averaged Train Loss (Regular Model): 0.0034
Averaged Test AUC: 0.9636
Std Test Accurancy: 0.1256
Std Test AUC: 0.0297
------------------------- time cost ------------------------- 61.09203362464905

-------------Round number: 97-------------

Evaluate heterogeneous models
Averaged Test Accuracy (Regular Model): 0.8086
Averaged Train Loss (Regular Model): 0.0014
Averaged Test AUC: 0.9637
Std Test Accurancy: 0.1261
Std Test AUC: 0.0302
------------------------- time cost ------------------------- 61.96168851852417

-------------Round number: 98-------------

Evaluate heterogeneous models
Averaged Test Accuracy (Regular Model): 0.8065
Averaged Train Loss (Regular Model): 0.0184
Averaged Test AUC: 0.9634
Std Test Accurancy: 0.1298
Std Test AUC: 0.0302
------------------------- time cost ------------------------- 60.97130274772644

-------------Round number: 99-------------

Evaluate heterogeneous models
Averaged Test Accuracy (Regular Model): 0.8069
Averaged Train Loss (Regular Model): 0.0094
Averaged Test AUC: 0.9638
Std Test Accurancy: 0.1278
Std Test AUC: 0.0293
------------------------- time cost ------------------------- 61.96251177787781

-------------Round number: 100-------------

Evaluate heterogeneous models
Averaged Test Accuracy (Regular Model): 0.8073
Averaged Train Loss (Regular Model): 0.0397
Averaged Test AUC: 0.9634
Std Test Accurancy: 0.1275
Std Test AUC: 0.0299
------------------------- time cost ------------------------- 63.103760719299316

-------------Round number: 101-------------

Evaluate heterogeneous models
Averaged Test Accuracy (Regular Model): 0.8086
Averaged Train Loss (Regular Model): 0.0095
Averaged Test AUC: 0.9637
Std Test Accurancy: 0.1263
Std Test AUC: 0.0295
------------------------- time cost ------------------------- 63.406819581985474

-------------Round number: 102-------------

Evaluate heterogeneous models
Averaged Test Accuracy (Regular Model): 0.8075
Averaged Train Loss (Regular Model): 0.0015
Averaged Test AUC: 0.9640
Std Test Accurancy: 0.1301
Std Test AUC: 0.0296
------------------------- time cost ------------------------- 62.00606369972229

-------------Round number: 103-------------

Evaluate heterogeneous models
Averaged Test Accuracy (Regular Model): 0.8057
Averaged Train Loss (Regular Model): 0.0013
Averaged Test AUC: 0.9639
Std Test Accurancy: 0.1295
Std Test AUC: 0.0292
------------------------- time cost ------------------------- 63.28509163856506

-------------Round number: 104-------------

Evaluate heterogeneous models
Averaged Test Accuracy (Regular Model): 0.8069
Averaged Train Loss (Regular Model): 0.0051
Averaged Test AUC: 0.9636
Std Test Accurancy: 0.1284
Std Test AUC: 0.0294
------------------------- time cost ------------------------- 63.022440671920776

-------------Round number: 105-------------

Evaluate heterogeneous models
Averaged Test Accuracy (Regular Model): 0.8083
Averaged Train Loss (Regular Model): 0.0086
Averaged Test AUC: 0.9639
Std Test Accurancy: 0.1287
Std Test AUC: 0.0295
------------------------- time cost ------------------------- 63.421446561813354

-------------Round number: 106-------------

Evaluate heterogeneous models
Averaged Test Accuracy (Regular Model): 0.8078
Averaged Train Loss (Regular Model): 0.0039
Averaged Test AUC: 0.9642
Std Test Accurancy: 0.1288
Std Test AUC: 0.0289
------------------------- time cost ------------------------- 63.20352339744568

-------------Round number: 107-------------

Evaluate heterogeneous models
Averaged Test Accuracy (Regular Model): 0.8064
Averaged Train Loss (Regular Model): 0.0080
Averaged Test AUC: 0.9638
Std Test Accurancy: 0.1285
Std Test AUC: 0.0285
------------------------- time cost ------------------------- 63.26807618141174

-------------Round number: 108-------------

Evaluate heterogeneous models
Averaged Test Accuracy (Regular Model): 0.8090
Averaged Train Loss (Regular Model): 0.0007
Averaged Test AUC: 0.9642
Std Test Accurancy: 0.1251
Std Test AUC: 0.0289
------------------------- time cost ------------------------- 63.739654541015625

-------------Round number: 109-------------

Evaluate heterogeneous models
Averaged Test Accuracy (Regular Model): 0.8081
Averaged Train Loss (Regular Model): 0.0148
Averaged Test AUC: 0.9639
Std Test Accurancy: 0.1262
Std Test AUC: 0.0289
------------------------- time cost ------------------------- 61.26069951057434

-------------Round number: 110-------------

Evaluate heterogeneous models
Averaged Test Accuracy (Regular Model): 0.8074
Averaged Train Loss (Regular Model): 0.0034
Averaged Test AUC: 0.9639
Std Test Accurancy: 0.1269
Std Test AUC: 0.0289
------------------------- time cost ------------------------- 61.49638271331787

-------------Round number: 111-------------

Evaluate heterogeneous models
Averaged Test Accuracy (Regular Model): 0.8088
Averaged Train Loss (Regular Model): 0.0043
Averaged Test AUC: 0.9640
Std Test Accurancy: 0.1244
Std Test AUC: 0.0287
------------------------- time cost ------------------------- 60.43566107749939

-------------Round number: 112-------------

Evaluate heterogeneous models
Averaged Test Accuracy (Regular Model): 0.8087
Averaged Train Loss (Regular Model): 0.0026
Averaged Test AUC: 0.9641
Std Test Accurancy: 0.1237
Std Test AUC: 0.0288
------------------------- time cost ------------------------- 62.05159854888916

-------------Round number: 113-------------

Evaluate heterogeneous models
Averaged Test Accuracy (Regular Model): 0.8074
Averaged Train Loss (Regular Model): 0.0013
Averaged Test AUC: 0.9640
Std Test Accurancy: 0.1278
Std Test AUC: 0.0294
------------------------- time cost ------------------------- 62.13291096687317

-------------Round number: 114-------------

Evaluate heterogeneous models
Averaged Test Accuracy (Regular Model): 0.8077
Averaged Train Loss (Regular Model): 0.0011
Averaged Test AUC: 0.9639
Std Test Accurancy: 0.1257
Std Test AUC: 0.0287
------------------------- time cost ------------------------- 61.08450794219971

-------------Round number: 115-------------

Evaluate heterogeneous models
Averaged Test Accuracy (Regular Model): 0.8070
Averaged Train Loss (Regular Model): 0.0017
Averaged Test AUC: 0.9639
Std Test Accurancy: 0.1282
Std Test AUC: 0.0293
------------------------- time cost ------------------------- 62.07466769218445

-------------Round number: 116-------------

Evaluate heterogeneous models
Averaged Test Accuracy (Regular Model): 0.8074
Averaged Train Loss (Regular Model): 0.0028
Averaged Test AUC: 0.9640
Std Test Accurancy: 0.1304
Std Test AUC: 0.0289
------------------------- time cost ------------------------- 61.76068329811096

-------------Round number: 117-------------

Evaluate heterogeneous models
Averaged Test Accuracy (Regular Model): 0.8085
Averaged Train Loss (Regular Model): 0.0024
Averaged Test AUC: 0.9638
Std Test Accurancy: 0.1291
Std Test AUC: 0.0287
------------------------- time cost ------------------------- 62.66966938972473

-------------Round number: 118-------------

Evaluate heterogeneous models
Averaged Test Accuracy (Regular Model): 0.8082
Averaged Train Loss (Regular Model): 0.0028
Averaged Test AUC: 0.9639
Std Test Accurancy: 0.1284
Std Test AUC: 0.0289
------------------------- time cost ------------------------- 61.89149308204651

-------------Round number: 119-------------

Evaluate heterogeneous models
Averaged Test Accuracy (Regular Model): 0.8079
Averaged Train Loss (Regular Model): 0.0040
Averaged Test AUC: 0.9641
Std Test Accurancy: 0.1279
Std Test AUC: 0.0286
------------------------- time cost ------------------------- 61.51415657997131

-------------Round number: 120-------------

Evaluate heterogeneous models
Averaged Test Accuracy (Regular Model): 0.8080
Averaged Train Loss (Regular Model): 0.0144
Averaged Test AUC: 0.9642
Std Test Accurancy: 0.1284
Std Test AUC: 0.0290
------------------------- time cost ------------------------- 62.18861651420593

-------------Round number: 121-------------

Evaluate heterogeneous models
Averaged Test Accuracy (Regular Model): 0.8074
Averaged Train Loss (Regular Model): 0.0046
Averaged Test AUC: 0.9644
Std Test Accurancy: 0.1261
Std Test AUC: 0.0283
------------------------- time cost ------------------------- 63.18563389778137

-------------Round number: 122-------------

Evaluate heterogeneous models
Averaged Test Accuracy (Regular Model): 0.8068
Averaged Train Loss (Regular Model): 0.0032
Averaged Test AUC: 0.9640
Std Test Accurancy: 0.1280
Std Test AUC: 0.0293
------------------------- time cost ------------------------- 63.735703229904175

-------------Round number: 123-------------

Evaluate heterogeneous models
Averaged Test Accuracy (Regular Model): 0.8078
Averaged Train Loss (Regular Model): 0.0146
Averaged Test AUC: 0.9643
Std Test Accurancy: 0.1302
Std Test AUC: 0.0294
------------------------- time cost ------------------------- 62.99162459373474

-------------Round number: 124-------------

Evaluate heterogeneous models
Averaged Test Accuracy (Regular Model): 0.8080
Averaged Train Loss (Regular Model): 0.0038
Averaged Test AUC: 0.9643
Std Test Accurancy: 0.1298
Std Test AUC: 0.0290
------------------------- time cost ------------------------- 63.69313049316406

-------------Round number: 125-------------

Evaluate heterogeneous models
Averaged Test Accuracy (Regular Model): 0.8085
Averaged Train Loss (Regular Model): 0.0005
Averaged Test AUC: 0.9645
Std Test Accurancy: 0.1287
Std Test AUC: 0.0285
------------------------- time cost ------------------------- 61.29190707206726

-------------Round number: 126-------------

Evaluate heterogeneous models
Averaged Test Accuracy (Regular Model): 0.8093
Averaged Train Loss (Regular Model): 0.0008
Averaged Test AUC: 0.9645
Std Test Accurancy: 0.1257
Std Test AUC: 0.0279
------------------------- time cost ------------------------- 63.53441286087036

-------------Round number: 127-------------

Evaluate heterogeneous models
Averaged Test Accuracy (Regular Model): 0.8096
Averaged Train Loss (Regular Model): 0.0007
Averaged Test AUC: 0.9647
Std Test Accurancy: 0.1256
Std Test AUC: 0.0279
------------------------- time cost ------------------------- 61.800472259521484

-------------Round number: 128-------------

Evaluate heterogeneous models
Averaged Test Accuracy (Regular Model): 0.8103
Averaged Train Loss (Regular Model): 0.0077
Averaged Test AUC: 0.9646
Std Test Accurancy: 0.1234
Std Test AUC: 0.0281
------------------------- time cost ------------------------- 62.42106342315674

-------------Round number: 129-------------

Evaluate heterogeneous models
Averaged Test Accuracy (Regular Model): 0.8094
Averaged Train Loss (Regular Model): 0.0007
Averaged Test AUC: 0.9645
Std Test Accurancy: 0.1256
Std Test AUC: 0.0279
------------------------- time cost ------------------------- 62.669697999954224

-------------Round number: 130-------------

Evaluate heterogeneous models
Averaged Test Accuracy (Regular Model): 0.8105
Averaged Train Loss (Regular Model): 0.0084
Averaged Test AUC: 0.9644
Std Test Accurancy: 0.1262
Std Test AUC: 0.0284
------------------------- time cost ------------------------- 63.03144454956055

-------------Round number: 131-------------

Evaluate heterogeneous models
Averaged Test Accuracy (Regular Model): 0.8068
Averaged Train Loss (Regular Model): 0.0027
Averaged Test AUC: 0.9638
Std Test Accurancy: 0.1304
Std Test AUC: 0.0301
------------------------- time cost ------------------------- 65.00379204750061

-------------Round number: 132-------------

Evaluate heterogeneous models
Averaged Test Accuracy (Regular Model): 0.8092
Averaged Train Loss (Regular Model): 0.0016
Averaged Test AUC: 0.9640
Std Test Accurancy: 0.1293
Std Test AUC: 0.0294
------------------------- time cost ------------------------- 65.22244429588318

-------------Round number: 133-------------

Evaluate heterogeneous models
Averaged Test Accuracy (Regular Model): 0.8089
Averaged Train Loss (Regular Model): 0.0009
Averaged Test AUC: 0.9638
Std Test Accurancy: 0.1292
Std Test AUC: 0.0295
------------------------- time cost ------------------------- 62.591344356536865

-------------Round number: 134-------------

Evaluate heterogeneous models
Averaged Test Accuracy (Regular Model): 0.8096
Averaged Train Loss (Regular Model): 0.0034
Averaged Test AUC: 0.9637
Std Test Accurancy: 0.1302
Std Test AUC: 0.0290
------------------------- time cost ------------------------- 65.67473721504211

-------------Round number: 135-------------

Evaluate heterogeneous models
Averaged Test Accuracy (Regular Model): 0.8090
Averaged Train Loss (Regular Model): 0.0009
Averaged Test AUC: 0.9642
Std Test Accurancy: 0.1298
Std Test AUC: 0.0289
------------------------- time cost ------------------------- 63.25088453292847

-------------Round number: 136-------------

Evaluate heterogeneous models
Averaged Test Accuracy (Regular Model): 0.8092
Averaged Train Loss (Regular Model): 0.0035
Averaged Test AUC: 0.9641
Std Test Accurancy: 0.1284
Std Test AUC: 0.0290
------------------------- time cost ------------------------- 63.65826606750488

-------------Round number: 137-------------

Evaluate heterogeneous models
Averaged Test Accuracy (Regular Model): 0.8084
Averaged Train Loss (Regular Model): 0.0020
Averaged Test AUC: 0.9637
Std Test Accurancy: 0.1318
Std Test AUC: 0.0293
------------------------- time cost ------------------------- 65.39500975608826

-------------Round number: 138-------------

Evaluate heterogeneous models
Averaged Test Accuracy (Regular Model): 0.8094
Averaged Train Loss (Regular Model): 0.0070
Averaged Test AUC: 0.9640
Std Test Accurancy: 0.1305
Std Test AUC: 0.0290
------------------------- time cost ------------------------- 63.2179753780365

-------------Round number: 139-------------

Evaluate heterogeneous models
Averaged Test Accuracy (Regular Model): 0.8075
Averaged Train Loss (Regular Model): 0.0084
Averaged Test AUC: 0.9641
Std Test Accurancy: 0.1280
Std Test AUC: 0.0286
------------------------- time cost ------------------------- 65.1885917186737

-------------Round number: 140-------------

Evaluate heterogeneous models
Averaged Test Accuracy (Regular Model): 0.8069
Averaged Train Loss (Regular Model): 0.0093
Averaged Test AUC: 0.9640
Std Test Accurancy: 0.1256
Std Test AUC: 0.0285
------------------------- time cost ------------------------- 63.14026761054993

-------------Round number: 141-------------

Evaluate heterogeneous models
Averaged Test Accuracy (Regular Model): 0.8072
Averaged Train Loss (Regular Model): 0.0013
Averaged Test AUC: 0.9642
Std Test Accurancy: 0.1268
Std Test AUC: 0.0284
------------------------- time cost ------------------------- 62.48725652694702

-------------Round number: 142-------------

Evaluate heterogeneous models
Averaged Test Accuracy (Regular Model): 0.8079
Averaged Train Loss (Regular Model): 0.0008
Averaged Test AUC: 0.9641
Std Test Accurancy: 0.1269
Std Test AUC: 0.0285
------------------------- time cost ------------------------- 63.432334423065186

-------------Round number: 143-------------

Evaluate heterogeneous models
Averaged Test Accuracy (Regular Model): 0.8076
Averaged Train Loss (Regular Model): 0.0002
Averaged Test AUC: 0.9642
Std Test Accurancy: 0.1268
Std Test AUC: 0.0285
------------------------- time cost ------------------------- 66.76335048675537

-------------Round number: 144-------------

Evaluate heterogeneous models
Averaged Test Accuracy (Regular Model): 0.8088
Averaged Train Loss (Regular Model): 0.0012
Averaged Test AUC: 0.9644
Std Test Accurancy: 0.1264
Std Test AUC: 0.0283
------------------------- time cost ------------------------- 62.3942334651947

-------------Round number: 145-------------

Evaluate heterogeneous models
Averaged Test Accuracy (Regular Model): 0.8090
Averaged Train Loss (Regular Model): 0.0078
Averaged Test AUC: 0.9645
Std Test Accurancy: 0.1254
Std Test AUC: 0.0282
------------------------- time cost ------------------------- 62.71425771713257

-------------Round number: 146-------------

Evaluate heterogeneous models
Averaged Test Accuracy (Regular Model): 0.8093
Averaged Train Loss (Regular Model): 0.0005
Averaged Test AUC: 0.9645
Std Test Accurancy: 0.1243
Std Test AUC: 0.0282
------------------------- time cost ------------------------- 63.85685729980469

-------------Round number: 147-------------

Evaluate heterogeneous models
Averaged Test Accuracy (Regular Model): 0.8082
Averaged Train Loss (Regular Model): 0.0008
Averaged Test AUC: 0.9643
Std Test Accurancy: 0.1265
Std Test AUC: 0.0282
------------------------- time cost ------------------------- 61.389092206954956

-------------Round number: 148-------------

Evaluate heterogeneous models
Averaged Test Accuracy (Regular Model): 0.8078
Averaged Train Loss (Regular Model): 0.0021
Averaged Test AUC: 0.9643
Std Test Accurancy: 0.1253
Std Test AUC: 0.0283
------------------------- time cost ------------------------- 62.38817262649536

-------------Round number: 149-------------

Evaluate heterogeneous models
Averaged Test Accuracy (Regular Model): 0.8087
Averaged Train Loss (Regular Model): 0.0097
Averaged Test AUC: 0.9643
Std Test Accurancy: 0.1253
Std Test AUC: 0.0281
------------------------- time cost ------------------------- 60.52649664878845

-------------Round number: 150-------------

Evaluate heterogeneous models
Averaged Test Accuracy (Regular Model): 0.8084
Averaged Train Loss (Regular Model): 0.0045
Averaged Test AUC: 0.9641
Std Test Accurancy: 0.1253
Std Test AUC: 0.0282
------------------------- time cost ------------------------- 60.78884744644165

-------------Round number: 151-------------

Evaluate heterogeneous models
Averaged Test Accuracy (Regular Model): 0.8082
Averaged Train Loss (Regular Model): 0.0019
Averaged Test AUC: 0.9643
Std Test Accurancy: 0.1281
Std Test AUC: 0.0287
------------------------- time cost ------------------------- 62.37354397773743

-------------Round number: 152-------------

Evaluate heterogeneous models
Averaged Test Accuracy (Regular Model): 0.8072
Averaged Train Loss (Regular Model): 0.0022
Averaged Test AUC: 0.9638
Std Test Accurancy: 0.1296
Std Test AUC: 0.0286
------------------------- time cost ------------------------- 63.1359007358551

-------------Round number: 153-------------

Evaluate heterogeneous models
Averaged Test Accuracy (Regular Model): 0.8066
Averaged Train Loss (Regular Model): 0.0012
Averaged Test AUC: 0.9637
Std Test Accurancy: 0.1260
Std Test AUC: 0.0287
------------------------- time cost ------------------------- 62.89915585517883

-------------Round number: 154-------------

Evaluate heterogeneous models
Averaged Test Accuracy (Regular Model): 0.8080
Averaged Train Loss (Regular Model): 0.0023
Averaged Test AUC: 0.9641
Std Test Accurancy: 0.1264
Std Test AUC: 0.0283
------------------------- time cost ------------------------- 61.538076639175415

-------------Round number: 155-------------

Evaluate heterogeneous models
Averaged Test Accuracy (Regular Model): 0.8069
Averaged Train Loss (Regular Model): 0.0078
Averaged Test AUC: 0.9641
Std Test Accurancy: 0.1262
Std Test AUC: 0.0287
------------------------- time cost ------------------------- 61.51543593406677

-------------Round number: 156-------------

Evaluate heterogeneous models
Averaged Test Accuracy (Regular Model): 0.8076
Averaged Train Loss (Regular Model): 0.0004
Averaged Test AUC: 0.9642
Std Test Accurancy: 0.1261
Std Test AUC: 0.0285
------------------------- time cost ------------------------- 61.75265860557556

-------------Round number: 157-------------

Evaluate heterogeneous models
Averaged Test Accuracy (Regular Model): 0.8077
Averaged Train Loss (Regular Model): 0.0046
Averaged Test AUC: 0.9642
Std Test Accurancy: 0.1243
Std Test AUC: 0.0284
------------------------- time cost ------------------------- 62.18037819862366

-------------Round number: 158-------------

Evaluate heterogeneous models
Averaged Test Accuracy (Regular Model): 0.8082
Averaged Train Loss (Regular Model): 0.0031
Averaged Test AUC: 0.9640
Std Test Accurancy: 0.1253
Std Test AUC: 0.0284
------------------------- time cost ------------------------- 60.979594230651855

-------------Round number: 159-------------

Evaluate heterogeneous models
Averaged Test Accuracy (Regular Model): 0.8080
Averaged Train Loss (Regular Model): 0.0050
Averaged Test AUC: 0.9639
Std Test Accurancy: 0.1259
Std Test AUC: 0.0286
------------------------- time cost ------------------------- 62.90478038787842

-------------Round number: 160-------------

Evaluate heterogeneous models
Averaged Test Accuracy (Regular Model): 0.8091
Averaged Train Loss (Regular Model): 0.0004
Averaged Test AUC: 0.9645
Std Test Accurancy: 0.1266
Std Test AUC: 0.0283
------------------------- time cost ------------------------- 62.46581768989563

-------------Round number: 161-------------

Evaluate heterogeneous models
Averaged Test Accuracy (Regular Model): 0.8104
Averaged Train Loss (Regular Model): 0.0053
Averaged Test AUC: 0.9644
Std Test Accurancy: 0.1251
Std Test AUC: 0.0282
------------------------- time cost ------------------------- 61.89556002616882

-------------Round number: 162-------------

Evaluate heterogeneous models
Averaged Test Accuracy (Regular Model): 0.8105
Averaged Train Loss (Regular Model): 0.0013
Averaged Test AUC: 0.9645
Std Test Accurancy: 0.1258
Std Test AUC: 0.0283
------------------------- time cost ------------------------- 63.14559268951416

-------------Round number: 163-------------

Evaluate heterogeneous models
Averaged Test Accuracy (Regular Model): 0.8090
Averaged Train Loss (Regular Model): 0.0058
Averaged Test AUC: 0.9647
Std Test Accurancy: 0.1269
Std Test AUC: 0.0279
------------------------- time cost ------------------------- 64.18862628936768

-------------Round number: 164-------------

Evaluate heterogeneous models
Averaged Test Accuracy (Regular Model): 0.8105
Averaged Train Loss (Regular Model): 0.0011
Averaged Test AUC: 0.9646
Std Test Accurancy: 0.1221
Std Test AUC: 0.0283
------------------------- time cost ------------------------- 61.21728825569153

-------------Round number: 165-------------

Evaluate heterogeneous models
Averaged Test Accuracy (Regular Model): 0.8098
Averaged Train Loss (Regular Model): 0.0049
Averaged Test AUC: 0.9644
Std Test Accurancy: 0.1236
Std Test AUC: 0.0281
------------------------- time cost ------------------------- 61.42192602157593

-------------Round number: 166-------------

Evaluate heterogeneous models
Averaged Test Accuracy (Regular Model): 0.8090
Averaged Train Loss (Regular Model): 0.0023
Averaged Test AUC: 0.9644
Std Test Accurancy: 0.1254
Std Test AUC: 0.0285
------------------------- time cost ------------------------- 60.93219709396362

-------------Round number: 167-------------

Evaluate heterogeneous models
Averaged Test Accuracy (Regular Model): 0.8107
Averaged Train Loss (Regular Model): 0.0034
Averaged Test AUC: 0.9640
Std Test Accurancy: 0.1253
Std Test AUC: 0.0293
------------------------- time cost ------------------------- 60.4840292930603

-------------Round number: 168-------------

Evaluate heterogeneous models
Averaged Test Accuracy (Regular Model): 0.8076
Averaged Train Loss (Regular Model): 0.0036
Averaged Test AUC: 0.9641
Std Test Accurancy: 0.1287
Std Test AUC: 0.0289
------------------------- time cost ------------------------- 63.899163484573364

-------------Round number: 169-------------

Evaluate heterogeneous models
Averaged Test Accuracy (Regular Model): 0.8086
Averaged Train Loss (Regular Model): 0.0038
Averaged Test AUC: 0.9641
Std Test Accurancy: 0.1259
Std Test AUC: 0.0286
------------------------- time cost ------------------------- 62.592283725738525

-------------Round number: 170-------------

Evaluate heterogeneous models
Averaged Test Accuracy (Regular Model): 0.8094
Averaged Train Loss (Regular Model): 0.0088
Averaged Test AUC: 0.9644
Std Test Accurancy: 0.1253
Std Test AUC: 0.0283
------------------------- time cost ------------------------- 62.612351179122925

-------------Round number: 171-------------

Evaluate heterogeneous models
Averaged Test Accuracy (Regular Model): 0.8070
Averaged Train Loss (Regular Model): 0.0022
Averaged Test AUC: 0.9639
Std Test Accurancy: 0.1263
Std Test AUC: 0.0280
------------------------- time cost ------------------------- 62.124202251434326

-------------Round number: 172-------------

Evaluate heterogeneous models
Averaged Test Accuracy (Regular Model): 0.8080
Averaged Train Loss (Regular Model): 0.0005
Averaged Test AUC: 0.9647
Std Test Accurancy: 0.1261
Std Test AUC: 0.0280
------------------------- time cost ------------------------- 61.249680042266846

-------------Round number: 173-------------

Evaluate heterogeneous models
Averaged Test Accuracy (Regular Model): 0.8089
Averaged Train Loss (Regular Model): 0.0001
Averaged Test AUC: 0.9647
Std Test Accurancy: 0.1267
Std Test AUC: 0.0281
------------------------- time cost ------------------------- 61.370890378952026

-------------Round number: 174-------------

Evaluate heterogeneous models
Averaged Test Accuracy (Regular Model): 0.8086
Averaged Train Loss (Regular Model): 0.0004
Averaged Test AUC: 0.9645
Std Test Accurancy: 0.1270
Std Test AUC: 0.0282
------------------------- time cost ------------------------- 61.81579613685608

-------------Round number: 175-------------

Evaluate heterogeneous models
Averaged Test Accuracy (Regular Model): 0.8088
Averaged Train Loss (Regular Model): 0.0020
Averaged Test AUC: 0.9644
Std Test Accurancy: 0.1272
Std Test AUC: 0.0281
------------------------- time cost ------------------------- 61.676005601882935

-------------Round number: 176-------------

Evaluate heterogeneous models
Averaged Test Accuracy (Regular Model): 0.8090
Averaged Train Loss (Regular Model): 0.0011
Averaged Test AUC: 0.9646
Std Test Accurancy: 0.1269
Std Test AUC: 0.0283
------------------------- time cost ------------------------- 61.112483501434326

-------------Round number: 177-------------

Evaluate heterogeneous models
Averaged Test Accuracy (Regular Model): 0.8093
Averaged Train Loss (Regular Model): 0.0038
Averaged Test AUC: 0.9646
Std Test Accurancy: 0.1259
Std Test AUC: 0.0281
------------------------- time cost ------------------------- 63.41850018501282

-------------Round number: 178-------------

Evaluate heterogeneous models
Averaged Test Accuracy (Regular Model): 0.8080
Averaged Train Loss (Regular Model): 0.0015
Averaged Test AUC: 0.9645
Std Test Accurancy: 0.1283
Std Test AUC: 0.0281
------------------------- time cost ------------------------- 61.482698917388916

-------------Round number: 179-------------

Evaluate heterogeneous models
Averaged Test Accuracy (Regular Model): 0.8100
Averaged Train Loss (Regular Model): 0.0011
Averaged Test AUC: 0.9647
Std Test Accurancy: 0.1266
Std Test AUC: 0.0281
------------------------- time cost ------------------------- 66.16157960891724

-------------Round number: 180-------------

Evaluate heterogeneous models
Averaged Test Accuracy (Regular Model): 0.8086
Averaged Train Loss (Regular Model): 0.0096
Averaged Test AUC: 0.9642
Std Test Accurancy: 0.1274
Std Test AUC: 0.0284
------------------------- time cost ------------------------- 63.08669114112854

-------------Round number: 181-------------

Evaluate heterogeneous models
Averaged Test Accuracy (Regular Model): 0.8098
Averaged Train Loss (Regular Model): 0.0017
Averaged Test AUC: 0.9647
Std Test Accurancy: 0.1271
Std Test AUC: 0.0282
------------------------- time cost ------------------------- 62.495471239089966

-------------Round number: 182-------------

Evaluate heterogeneous models
Averaged Test Accuracy (Regular Model): 0.8105
Averaged Train Loss (Regular Model): 0.0036
Averaged Test AUC: 0.9642
Std Test Accurancy: 0.1259
Std Test AUC: 0.0282
------------------------- time cost ------------------------- 64.4270293712616

-------------Round number: 183-------------

Evaluate heterogeneous models
Averaged Test Accuracy (Regular Model): 0.8100
Averaged Train Loss (Regular Model): 0.0027
Averaged Test AUC: 0.9645
Std Test Accurancy: 0.1281
Std Test AUC: 0.0281
------------------------- time cost ------------------------- 66.85620903968811

-------------Round number: 184-------------

Evaluate heterogeneous models
Averaged Test Accuracy (Regular Model): 0.8106
Averaged Train Loss (Regular Model): 0.0041
Averaged Test AUC: 0.9646
Std Test Accurancy: 0.1282
Std Test AUC: 0.0282
------------------------- time cost ------------------------- 62.81892514228821

-------------Round number: 185-------------

Evaluate heterogeneous models
Averaged Test Accuracy (Regular Model): 0.8095
Averaged Train Loss (Regular Model): 0.0003
Averaged Test AUC: 0.9645
Std Test Accurancy: 0.1284
Std Test AUC: 0.0284
------------------------- time cost ------------------------- 65.94314980506897

-------------Round number: 186-------------

Evaluate heterogeneous models
Averaged Test Accuracy (Regular Model): 0.8091
Averaged Train Loss (Regular Model): 0.0023
Averaged Test AUC: 0.9642
Std Test Accurancy: 0.1279
Std Test AUC: 0.0286
------------------------- time cost ------------------------- 65.42469048500061

-------------Round number: 187-------------

Evaluate heterogeneous models
Averaged Test Accuracy (Regular Model): 0.8084
Averaged Train Loss (Regular Model): 0.0036
Averaged Test AUC: 0.9642
Std Test Accurancy: 0.1290
Std Test AUC: 0.0285
------------------------- time cost ------------------------- 68.49923253059387

-------------Round number: 188-------------

Evaluate heterogeneous models
Averaged Test Accuracy (Regular Model): 0.8078
Averaged Train Loss (Regular Model): 0.0011
Averaged Test AUC: 0.9641
Std Test Accurancy: 0.1303
Std Test AUC: 0.0285
------------------------- time cost ------------------------- 64.30428004264832

-------------Round number: 189-------------

Evaluate heterogeneous models
Averaged Test Accuracy (Regular Model): 0.8088
Averaged Train Loss (Regular Model): 0.0016
Averaged Test AUC: 0.9642
Std Test Accurancy: 0.1270
Std Test AUC: 0.0286
------------------------- time cost ------------------------- 63.03341102600098

-------------Round number: 190-------------

Evaluate heterogeneous models
Averaged Test Accuracy (Regular Model): 0.8088
Averaged Train Loss (Regular Model): 0.0013
Averaged Test AUC: 0.9644
Std Test Accurancy: 0.1276
Std Test AUC: 0.0284
------------------------- time cost ------------------------- 66.219482421875

-------------Round number: 191-------------

Evaluate heterogeneous models
Averaged Test Accuracy (Regular Model): 0.8088
Averaged Train Loss (Regular Model): 0.0003
Averaged Test AUC: 0.9646
Std Test Accurancy: 0.1282
Std Test AUC: 0.0283
------------------------- time cost ------------------------- 65.47836804389954

-------------Round number: 192-------------

Evaluate heterogeneous models
Averaged Test Accuracy (Regular Model): 0.8095
Averaged Train Loss (Regular Model): 0.0003
Averaged Test AUC: 0.9645
Std Test Accurancy: 0.1276
Std Test AUC: 0.0283
------------------------- time cost ------------------------- 64.33998441696167

-------------Round number: 193-------------

Evaluate heterogeneous models
Averaged Test Accuracy (Regular Model): 0.8100
Averaged Train Loss (Regular Model): 0.0086
Averaged Test AUC: 0.9648
Std Test Accurancy: 0.1266
Std Test AUC: 0.0281
------------------------- time cost ------------------------- 65.16573286056519

-------------Round number: 194-------------

Evaluate heterogeneous models
Averaged Test Accuracy (Regular Model): 0.8106
Averaged Train Loss (Regular Model): 0.0009
Averaged Test AUC: 0.9647
Std Test Accurancy: 0.1253
Std Test AUC: 0.0282
------------------------- time cost ------------------------- 65.41524600982666

-------------Round number: 195-------------

Evaluate heterogeneous models
Averaged Test Accuracy (Regular Model): 0.8104
Averaged Train Loss (Regular Model): 0.0003
Averaged Test AUC: 0.9648
Std Test Accurancy: 0.1283
Std Test AUC: 0.0283
------------------------- time cost ------------------------- 66.23119783401489

-------------Round number: 196-------------

Evaluate heterogeneous models
Averaged Test Accuracy (Regular Model): 0.8097
Averaged Train Loss (Regular Model): 0.0023
Averaged Test AUC: 0.9646
Std Test Accurancy: 0.1274
Std Test AUC: 0.0283
------------------------- time cost ------------------------- 66.15762519836426

-------------Round number: 197-------------

Evaluate heterogeneous models
Averaged Test Accuracy (Regular Model): 0.8095
Averaged Train Loss (Regular Model): 0.0034
Averaged Test AUC: 0.9647
Std Test Accurancy: 0.1271
Std Test AUC: 0.0283
------------------------- time cost ------------------------- 64.77995204925537

-------------Round number: 198-------------

Evaluate heterogeneous models
Averaged Test Accuracy (Regular Model): 0.8106
Averaged Train Loss (Regular Model): 0.0005
Averaged Test AUC: 0.9647
Std Test Accurancy: 0.1260
Std Test AUC: 0.0283
------------------------- time cost ------------------------- 63.30922889709473

-------------Round number: 199-------------

Evaluate heterogeneous models
Averaged Test Accuracy (Regular Model): 0.8095
Averaged Train Loss (Regular Model): 0.0013
Averaged Test AUC: 0.9641
Std Test Accurancy: 0.1260
Std Test AUC: 0.0288
------------------------- time cost ------------------------- 64.83616089820862

-------------Round number: 200-------------

Evaluate heterogeneous models
Averaged Test Accuracy (Regular Model): 0.8092
Averaged Train Loss (Regular Model): 0.0002
Averaged Test AUC: 0.9646
Std Test Accurancy: 0.1265
Std Test AUC: 0.0282

Best accuracy.
0.8107100039962701

Average time cost per round.
62.32318125963211
File path: ../results/Cifar10_dir_0.1_imbalance_40_Local_test_0.h5

Average time cost: 13399.3s.
Length:  201
std for best accurancy: 0.0
mean for best accurancy: 0.8107100039962701
All done!

Storage on cpu
-------------------------------------------------------------------------------
Total Tensors: 5130 	Used Memory: 20.50K
-------------------------------------------------------------------------------
