
cuda is not avaiable.

==================================================
goal = test
device = cpu
device_id = 0
dataset = FashionMNIST_dir_0.3_imbalance_40
jetson = 0
DVFS = 0
drawGMM = 0
num_classes = 10
model_family = HCNNs8
batch_size = 256
num_workers = 0
local_learning_rate = 0.06
use_decay_scheduler = False
learning_rate_decay = False
learning_rate_decay_gamma = 0.99
global_rounds = 5
edge_epochs = 1
local_epochs = 3
algorithm = FedSAE
join_ratio = 1.0
edge_join_ratio = 1.0
random_join_ratio = False
num_clients = 10
num_edges = 10
prev = 0
times = 1
eval_gap = 1
save_folder_name = temp
auto_break = False
feature_dim = 64
vocab_size = 98635
max_len = 200
client_drop_rate = 0.0
train_slow_rate = 0.0
send_slow_rate = 0.0
time_select = False
time_threthold = 10000
optimizer = SGD
lamda = 1.0
weight_decay = 0
trans_delay_simulate = False
momentum = 0.8
agg_type = 0
buffersize = 10
gl_use_clients = 1
test_useglclassifier = 1
gamma = 1.0
extra_loss = 0
delta = 1
drawtsne = 0
drawround = 20
noise_dim = 32
generator_learning_rate = 0.0001
hidden_dim = 512
server_epochs = 100
alpha = 1.0
beta = 1.0
mentee_learning_rate = 0.005
T_start = 0.95
T_end = 0.98
server_learning_rate = 0.01
margin_threthold = 100.0
generator_path = stylegan/stylegan-xl-models/imagenet64.pkl
stable_diffusion_prompt = a cat
server_batch_size = 100
gen_batch_size = 4
mu = 50.0
buffer_size = 10
==================================================
Random seed set as 42

============= Running time: 0th =============
Creating server and clients ...
CNN(num_cov=1, hidden_dims=[], in_features=1, num_classes=args.num_classes)
CNN(num_cov=2, hidden_dims=[], in_features=1, num_classes=args.num_classes)
CNN(num_cov=1, hidden_dims=[512], in_features=1, num_classes=args.num_classes)
CNN(num_cov=2, hidden_dims=[512], in_features=1, num_classes=args.num_classes)
CNN(num_cov=1, hidden_dims=[1024], in_features=1, num_classes=args.num_classes)
CNN(num_cov=2, hidden_dims=[1024], in_features=1, num_classes=args.num_classes)
CNN(num_cov=1, hidden_dims=[1024, 512], in_features=1, num_classes=args.num_classes)
CNN(num_cov=2, hidden_dims=[1024, 512], in_features=1, num_classes=args.num_classes)
temp/FashionMNIST_dir_0.3_imbalance_40/NE_10/featuredim_64/FedSAE/SGD/lr_0.06/wd_0/momentum_0.8/lbs_256/lamda_1.0/localepoch_3/buffer_10/gamma_1.0_usegltest_1/1736923022.89727
CNN(num_cov=1, hidden_dims=[], in_features=1, num_classes=args.num_classes) model chosen!
id 0
label_counts: defaultdict(<class 'int'>, {9: 545, 2: 98, 0: 287, 1: 338, 5: 106, 3: 26, 6: 3, 4: 1})
CNN(num_cov=2, hidden_dims=[], in_features=1, num_classes=args.num_classes) model chosen!
id 1
label_counts: defaultdict(<class 'int'>, {4: 630, 1: 507, 7: 199, 5: 47, 2: 18, 0: 18, 6: 2, 3: 3})
CNN(num_cov=1, hidden_dims=[512], in_features=1, num_classes=args.num_classes) model chosen!
id 2
label_counts: defaultdict(<class 'int'>, {9: 99, 7: 312, 5: 157, 3: 30, 0: 190, 8: 6, 6: 67, 4: 11, 2: 3})
CNN(num_cov=2, hidden_dims=[512], in_features=1, num_classes=args.num_classes) model chosen!
id 3
label_counts: defaultdict(<class 'int'>, {2: 395, 3: 171, 8: 190, 4: 51, 9: 19, 6: 100, 0: 3, 5: 4})
CNN(num_cov=1, hidden_dims=[1024], in_features=1, num_classes=args.num_classes) model chosen!
id 4
label_counts: defaultdict(<class 'int'>, {1: 428, 2: 202, 5: 553, 0: 327, 4: 5})
CNN(num_cov=2, hidden_dims=[1024], in_features=1, num_classes=args.num_classes) model chosen!
id 5
label_counts: defaultdict(<class 'int'>, {6: 633, 1: 100, 4: 421, 2: 58, 8: 45, 5: 13, 3: 41, 7: 11, 0: 1})
CNN(num_cov=1, hidden_dims=[1024, 512], in_features=1, num_classes=args.num_classes) model chosen!
id 6
label_counts: defaultdict(<class 'int'>, {9: 425, 8: 384, 4: 260, 3: 24, 6: 31, 1: 12, 2: 6, 7: 1})
CNN(num_cov=2, hidden_dims=[1024, 512], in_features=1, num_classes=args.num_classes) model chosen!
id 7
label_counts: defaultdict(<class 'int'>, {0: 36, 9: 477, 8: 645, 4: 53, 6: 335, 3: 38, 5: 13, 1: 11, 7: 16, 2: 7})
CNN(num_cov=1, hidden_dims=[], in_features=1, num_classes=args.num_classes) model chosen!
id 8
label_counts: defaultdict(<class 'int'>, {2: 81, 4: 502, 0: 124, 9: 102, 6: 63, 8: 26, 5: 17, 1: 3, 3: 9})
CNN(num_cov=2, hidden_dims=[], in_features=1, num_classes=args.num_classes) model chosen!
id 9
label_counts: defaultdict(<class 'int'>, {3: 943, 1: 139, 0: 75, 2: 177})

Join ratio / total clients: 1.0 / 10
Finished creating server and clients.
tobetrained:
[9, 8, 7, 6, 5, 4, 3, 2, 1, 0]
Edge 9 begin training
Edge 8 begin training
Edge 7 begin training
Edge 6 begin training
Edge 5 begin training
Edge 4 begin training
Edge 3 begin training
Edge 2 begin training
Edge 1 begin training
Edge 0 begin training
readyList:
[0, 6, 5, 1, 4, 3, 9, 2, 7, 8]
aggregation_buffer:
[0, 6, 5, 1, 4, 3, 9, 2, 7, 8]
train global classifier
train glclassifier time: 3.4425232959911227
global classifier accuracy in train virtual: 67.595
end Update
server_global_time: 2.2315581310540438
only_train_time: 14.544209472835064

-------------Global Round number: 0-------------

Evaluate heterogeneous models
Averaged Test Accuracy (Regular Model): 0.5951
Averaged Test Accuracy (Prototype Model): 0.5134
Averaged Train Loss (Regular Model): 1.2461
Averaged Train Loss (Regular + Proto): 1.2461
Std Test Accuracy (Regular Model): 0.1936
Std Test Accuracy (Prototype Model): 0.2344
tobetrained:
[0, 6, 5, 1, 4, 3, 9, 2, 7, 8]
Edge 0 begin training
Edge 6 begin training
Edge 5 begin training
Edge 1 begin training
Edge 4 begin training
Edge 3 begin training
Edge 9 begin training
Edge 2 begin training
Edge 7 begin training
Edge 8 begin training
readyList:
[5, 0, 6, 1, 3, 2, 4, 9, 7, 8]
aggregation_buffer:
[5, 0, 6, 1, 3, 2, 4, 9, 7, 8]
train global classifier
train glclassifier time: 3.328086462803185
global classifier accuracy in train virtual: 84.1275
end Update
server_global_time: 4.859213501214981
only_train_time: 30.015040516853333

-------------Global Round number: 1-------------

Evaluate heterogeneous models
Averaged Test Accuracy (Regular Model): 0.7748
Averaged Test Accuracy (Prototype Model): 0.7674
Averaged Train Loss (Regular Model): 0.8268
Averaged Train Loss (Regular + Proto): 0.9990
Std Test Accuracy (Regular Model): 0.1974
Std Test Accuracy (Prototype Model): 0.1825
tobetrained:
[5, 0, 6, 1, 3, 2, 4, 9, 7, 8]
Edge 5 begin training
Edge 0 begin training
Edge 6 begin training
Edge 1 begin training
Edge 3 begin training
Edge 2 begin training
Edge 4 begin training
Edge 9 begin training
Edge 7 begin training
Edge 8 begin training
readyList:
[5, 0, 1, 6, 3, 2, 4, 9, 7, 8]
aggregation_buffer:
[5, 0, 1, 6, 3, 2, 4, 9, 7, 8]
train global classifier
train glclassifier time: 3.5546854427084327
global classifier accuracy in train virtual: 91.47
end Update
server_global_time: 7.2055376917123795
only_train_time: 45.995364144444466

-------------Global Round number: 2-------------

Evaluate heterogeneous models
Averaged Test Accuracy (Regular Model): 0.8433
Averaged Test Accuracy (Prototype Model): 0.8460
Averaged Train Loss (Regular Model): 0.5137
Averaged Train Loss (Regular + Proto): 0.5907
Std Test Accuracy (Regular Model): 0.1404
Std Test Accuracy (Prototype Model): 0.1250
tobetrained:
[5, 0, 1, 6, 3, 2, 4, 9, 7, 8]
Edge 5 begin training
Edge 0 begin training
Edge 1 begin training
Edge 6 begin training
Edge 3 begin training
Edge 2 begin training
Edge 4 begin training
Edge 9 begin training
Edge 7 begin training
Edge 8 begin training
readyList:
[5, 0, 1, 6, 3, 2, 9, 4, 7, 8]
aggregation_buffer:
[5, 0, 1, 6, 3, 2, 9, 4, 7, 8]
train global classifier
train glclassifier time: 3.6325320824980736
global classifier accuracy in train virtual: 93.5675
end Update
server_global_time: 9.839237072505057
only_train_time: 61.955753369256854

-------------Global Round number: 3-------------

Evaluate heterogeneous models
Averaged Test Accuracy (Regular Model): 0.8646
Averaged Test Accuracy (Prototype Model): 0.8649
Averaged Train Loss (Regular Model): 0.4180
Averaged Train Loss (Regular + Proto): 0.4727
Std Test Accuracy (Regular Model): 0.1161
Std Test Accuracy (Prototype Model): 0.1018
tobetrained:
[5, 0, 1, 6, 3, 2, 9, 4, 7, 8]
Edge 5 begin training
Edge 0 begin training
Edge 1 begin training
Edge 6 begin training
Edge 3 begin training
Edge 2 begin training
Edge 9 begin training
Edge 4 begin training
Edge 7 begin training
Edge 8 begin training
readyList:
[0, 5, 6, 1, 3, 4, 2, 9, 8, 7]
aggregation_buffer:
[0, 5, 6, 1, 3, 4, 2, 9, 8, 7]
train global classifier
train glclassifier time: 3.452141164802015
global classifier accuracy in train virtual: 94.3975
end Update
server_global_time: 13.188590770587325
only_train_time: 82.65315115544945

-------------Global Round number: 4-------------

Evaluate heterogeneous models
Averaged Test Accuracy (Regular Model): 0.8845
Averaged Test Accuracy (Prototype Model): 0.8814
Averaged Train Loss (Regular Model): 0.3708
Averaged Train Loss (Regular + Proto): 0.4215
Std Test Accuracy (Regular Model): 0.0856
Std Test Accuracy (Prototype Model): 0.0879
tobetrained:
[0, 5, 6, 1, 3, 4, 2, 9, 8, 7]
Edge 0 begin training
Edge 5 begin training
Edge 6 begin training
Edge 1 begin training
Edge 3 begin training
Edge 4 begin training
Edge 2 begin training
Edge 9 begin training
Edge 8 begin training
Edge 7 begin training
readyList:
[5, 0, 1, 6, 3, 2, 4, 9, 7, 8]
aggregation_buffer:
[5, 0, 1, 6, 3, 2, 4, 9, 7, 8]
train global classifier
train glclassifier time: 3.5159395365044475
global classifier accuracy in train virtual: 95.01
end Update
server_global_time: 15.622608131729066
only_train_time: 97.98309231363237

-------------Global Round number: 5-------------

Evaluate heterogeneous models
Averaged Test Accuracy (Regular Model): 0.8917
Averaged Test Accuracy (Prototype Model): 0.8864
Averaged Train Loss (Regular Model): 0.3457
Averaged Train Loss (Regular + Proto): 0.3933
Std Test Accuracy (Regular Model): 0.0791
Std Test Accuracy (Prototype Model): 0.0849

Best accuracy.
0.8917105893627216
File path: ../results/FashionMNIST_dir_0.3_imbalance_40_FedSAE_test_0.h5

Average time cost: 143.65s.
Length:  6
std for best accurancy: 0.0
mean for best accurancy: 0.8917105893627216
All done!

Storage on cpu
-------------------------------------------------------------------------------
Total Tensors: 6952 	Used Memory: 239.00K
-------------------------------------------------------------------------------
