==================================================
goal = test
device = cuda
device_id = 0
dataset = FashionMNIST_dir_0.3_imbalance_40
num_classes = 10
model_family = HCNNs8
batch_size = 256
local_learning_rate = 0.03
use_decay_scheduler = False
learning_rate_decay = False
learning_rate_decay_gamma = 0.99
global_rounds = 300
edge_epochs = 1
local_epochs = 10
algorithm = FedTGP
join_ratio = 1.0
random_join_ratio = False
num_clients = 40
num_edges = 10
prev = 0
times = 1
eval_gap = 1
save_folder_name = temp
auto_break = False
feature_dim = 512
vocab_size = 98635
max_len = 200
client_drop_rate = 0.0
train_slow_rate = 0.0
send_slow_rate = 0.0
time_select = False
time_threthold = 10000
lamda = 10.0
trans_delay_simulate = False
agg_type = 0
buffersize = 10
mixclassifier = 0
gl_use_clients = 1
test_useglclassifier = 1
tgpaddmse = 1
gamma = 1
addTGP = 1
SAEbeta = 1.0
drawtsne = 1
drawround = 10
noise_dim = 512
generator_learning_rate = 0.005
hidden_dim = 512
server_epochs = 100
alpha = 1.0
beta = 1.0
mentee_learning_rate = 0.005
T_start = 0.95
T_end = 0.98
server_learning_rate = 0.01
margin_threthold = 1000.0
generator_path = stylegan/stylegan-xl-models/imagenet64.pkl
stable_diffusion_prompt = a cat
server_batch_size = 100
gen_batch_size = 4
mu = 50.0
==================================================
Random seed set as 42

============= Running time: 0th =============
Creating server and clients ...
CNN(num_cov=1, hidden_dims=[], in_features=1, num_classes=args.num_classes)
CNN(num_cov=2, hidden_dims=[], in_features=1, num_classes=args.num_classes)
CNN(num_cov=1, hidden_dims=[512], in_features=1, num_classes=args.num_classes)
CNN(num_cov=2, hidden_dims=[512], in_features=1, num_classes=args.num_classes)
CNN(num_cov=1, hidden_dims=[1024], in_features=1, num_classes=args.num_classes)
CNN(num_cov=2, hidden_dims=[1024], in_features=1, num_classes=args.num_classes)
CNN(num_cov=1, hidden_dims=[1024, 512], in_features=1, num_classes=args.num_classes)
CNN(num_cov=2, hidden_dims=[1024, 512], in_features=1, num_classes=args.num_classes)
CNN(num_cov=1, hidden_dims=[], in_features=1, num_classes=args.num_classes) model chosen!
id 0
label_counts: defaultdict(<class 'int'>, {5: 106, 1: 338, 0: 287, 3: 26, 9: 545, 6: 3, 2: 98, 4: 1})
CNN(num_cov=2, hidden_dims=[], in_features=1, num_classes=args.num_classes) model chosen!
id 1
label_counts: defaultdict(<class 'int'>, {4: 630, 7: 199, 1: 507, 2: 18, 5: 47, 0: 18, 3: 3, 6: 2})
CNN(num_cov=1, hidden_dims=[512], in_features=1, num_classes=args.num_classes) model chosen!
id 2
label_counts: defaultdict(<class 'int'>, {0: 190, 5: 157, 7: 312, 9: 99, 6: 67, 8: 6, 2: 3, 3: 30, 4: 11})
CNN(num_cov=2, hidden_dims=[512], in_features=1, num_classes=args.num_classes) model chosen!
id 3
label_counts: defaultdict(<class 'int'>, {6: 100, 3: 171, 8: 190, 9: 19, 4: 51, 2: 395, 0: 3, 5: 4})
CNN(num_cov=1, hidden_dims=[1024], in_features=1, num_classes=args.num_classes) model chosen!
id 4
label_counts: defaultdict(<class 'int'>, {5: 553, 0: 327, 1: 428, 2: 202, 4: 5})
CNN(num_cov=2, hidden_dims=[1024], in_features=1, num_classes=args.num_classes) model chosen!
id 5
label_counts: defaultdict(<class 'int'>, {4: 421, 6: 633, 2: 58, 3: 41, 8: 45, 1: 100, 7: 11, 5: 13, 0: 1})
CNN(num_cov=1, hidden_dims=[1024, 512], in_features=1, num_classes=args.num_classes) model chosen!
id 6
label_counts: defaultdict(<class 'int'>, {4: 260, 9: 425, 8: 384, 3: 24, 1: 12, 2: 6, 6: 31, 7: 1})
CNN(num_cov=2, hidden_dims=[1024, 512], in_features=1, num_classes=args.num_classes) model chosen!
id 7
label_counts: defaultdict(<class 'int'>, {9: 477, 8: 645, 6: 335, 7: 16, 3: 38, 5: 13, 4: 53, 0: 36, 1: 11, 2: 7})
CNN(num_cov=1, hidden_dims=[], in_features=1, num_classes=args.num_classes) model chosen!
id 8
label_counts: defaultdict(<class 'int'>, {4: 502, 9: 102, 0: 124, 6: 63, 2: 81, 8: 26, 5: 17, 3: 9, 1: 3})
CNN(num_cov=2, hidden_dims=[], in_features=1, num_classes=args.num_classes) model chosen!
id 9
label_counts: defaultdict(<class 'int'>, {3: 943, 2: 177, 1: 139, 0: 75})
CNN(num_cov=1, hidden_dims=[512], in_features=1, num_classes=args.num_classes) model chosen!
id 10
label_counts: defaultdict(<class 'int'>, {8: 445, 4: 883, 2: 57, 0: 32, 3: 12, 5: 19, 7: 1, 6: 1, 1: 1})
CNN(num_cov=2, hidden_dims=[512], in_features=1, num_classes=args.num_classes) model chosen!
id 11
label_counts: defaultdict(<class 'int'>, {6: 147, 4: 230, 8: 220, 9: 88, 3: 44, 1: 58, 5: 54, 2: 13, 7: 8})
CNN(num_cov=1, hidden_dims=[1024], in_features=1, num_classes=args.num_classes) model chosen!
id 12
label_counts: defaultdict(<class 'int'>, {6: 248, 3: 165, 1: 263, 9: 14, 0: 206, 5: 101, 7: 1, 4: 1})
CNN(num_cov=2, hidden_dims=[1024], in_features=1, num_classes=args.num_classes) model chosen!
id 13
label_counts: defaultdict(<class 'int'>, {3: 402, 2: 795, 4: 7, 7: 197, 0: 11, 5: 3, 1: 7})
CNN(num_cov=1, hidden_dims=[1024, 512], in_features=1, num_classes=args.num_classes) model chosen!
id 14
label_counts: defaultdict(<class 'int'>, {9: 218, 0: 312, 3: 131, 4: 21, 5: 65, 1: 57, 2: 44, 8: 3})
CNN(num_cov=2, hidden_dims=[1024, 512], in_features=1, num_classes=args.num_classes) model chosen!
id 15
label_counts: defaultdict(<class 'int'>, {6: 980, 5: 215, 3: 12, 1: 39, 0: 83, 4: 2})
CNN(num_cov=1, hidden_dims=[], in_features=1, num_classes=args.num_classes) model chosen!
id 16
label_counts: defaultdict(<class 'int'>, {4: 58, 3: 83, 0: 140, 1: 860, 5: 68, 8: 280, 6: 18, 7: 1})
CNN(num_cov=2, hidden_dims=[], in_features=1, num_classes=args.num_classes) model chosen!
id 17
label_counts: defaultdict(<class 'int'>, {8: 642, 5: 490, 0: 104, 4: 28, 3: 30, 2: 16, 7: 1, 6: 21, 1: 2})
CNN(num_cov=1, hidden_dims=[512], in_features=1, num_classes=args.num_classes) model chosen!
id 18
label_counts: defaultdict(<class 'int'>, {8: 391, 1: 105, 2: 1, 4: 108, 7: 229, 3: 33, 5: 27, 6: 2, 0: 1})
CNN(num_cov=2, hidden_dims=[512], in_features=1, num_classes=args.num_classes) model chosen!
id 19
label_counts: defaultdict(<class 'int'>, {1: 364, 0: 1204})
CNN(num_cov=1, hidden_dims=[1024], in_features=1, num_classes=args.num_classes) model chosen!
id 20
label_counts: defaultdict(<class 'int'>, {9: 858, 0: 37, 1: 290, 6: 44, 4: 216, 5: 157, 7: 131, 2: 19, 3: 1, 8: 1})
CNN(num_cov=2, hidden_dims=[1024], in_features=1, num_classes=args.num_classes) model chosen!
id 21
label_counts: defaultdict(<class 'int'>, {6: 225, 0: 136, 1: 383, 3: 62, 4: 288, 7: 16, 8: 4, 9: 1, 5: 1})
CNN(num_cov=1, hidden_dims=[1024, 512], in_features=1, num_classes=args.num_classes) model chosen!
id 22
label_counts: defaultdict(<class 'int'>, {5: 243, 7: 387, 1: 102, 2: 9, 6: 68, 0: 12, 4: 1, 8: 15, 3: 1})
CNN(num_cov=2, hidden_dims=[1024, 512], in_features=1, num_classes=args.num_classes) model chosen!
id 23
label_counts: defaultdict(<class 'int'>, {0: 232, 9: 256, 5: 40, 8: 141, 1: 32, 7: 1, 3: 2, 6: 1})
CNN(num_cov=1, hidden_dims=[], in_features=1, num_classes=args.num_classes) model chosen!
id 24
label_counts: defaultdict(<class 'int'>, {4: 309, 9: 235, 3: 447, 5: 120, 0: 62, 8: 15, 1: 2})
CNN(num_cov=2, hidden_dims=[], in_features=1, num_classes=args.num_classes) model chosen!
id 25
label_counts: defaultdict(<class 'int'>, {7: 222, 3: 388, 5: 505, 2: 154, 0: 81, 4: 7, 1: 34})
CNN(num_cov=1, hidden_dims=[512], in_features=1, num_classes=args.num_classes) model chosen!
id 26
label_counts: defaultdict(<class 'int'>, {8: 568, 7: 172, 4: 139, 0: 443, 3: 26, 2: 116, 1: 10, 5: 5})
CNN(num_cov=2, hidden_dims=[512], in_features=1, num_classes=args.num_classes) model chosen!
id 27
label_counts: defaultdict(<class 'int'>, {2: 186, 5: 530, 6: 253, 3: 75, 0: 88, 7: 1, 4: 5})
CNN(num_cov=1, hidden_dims=[1024], in_features=1, num_classes=args.num_classes) model chosen!
id 28
label_counts: defaultdict(<class 'int'>, {1: 63, 9: 281, 5: 14, 7: 176, 2: 50, 8: 93, 3: 24, 0: 22, 6: 2, 4: 1})
CNN(num_cov=2, hidden_dims=[1024], in_features=1, num_classes=args.num_classes) model chosen!
id 29
label_counts: defaultdict(<class 'int'>, {7: 363, 5: 337, 8: 138, 3: 170, 9: 164, 2: 27, 1: 20, 4: 2, 6: 3})
CNN(num_cov=1, hidden_dims=[1024, 512], in_features=1, num_classes=args.num_classes) model chosen!
id 30
label_counts: defaultdict(<class 'int'>, {8: 229, 7: 302, 0: 243, 9: 43, 5: 24, 2: 1, 3: 2, 1: 2})
CNN(num_cov=2, hidden_dims=[1024, 512], in_features=1, num_classes=args.num_classes) model chosen!
id 31
label_counts: defaultdict(<class 'int'>, {2: 510, 4: 583, 0: 98, 1: 223})
CNN(num_cov=1, hidden_dims=[], in_features=1, num_classes=args.num_classes) model chosen!
id 32
label_counts: defaultdict(<class 'int'>, {9: 1142, 7: 49, 2: 276, 5: 146, 1: 20, 3: 51, 6: 75, 8: 12, 0: 31, 4: 1})
CNN(num_cov=2, hidden_dims=[], in_features=1, num_classes=args.num_classes) model chosen!
id 33
label_counts: defaultdict(<class 'int'>, {2: 405, 6: 254, 7: 122, 1: 76, 3: 276, 0: 151, 4: 83})
CNN(num_cov=1, hidden_dims=[512], in_features=1, num_classes=args.num_classes) model chosen!
id 34
label_counts: defaultdict(<class 'int'>, {0: 172, 2: 880, 6: 870, 3: 12, 1: 42, 4: 9})
CNN(num_cov=2, hidden_dims=[512], in_features=1, num_classes=args.num_classes) model chosen!
id 35
label_counts: defaultdict(<class 'int'>, {4: 312, 9: 70, 0: 300, 6: 18, 7: 36, 5: 70, 2: 90, 3: 121, 1: 25, 8: 1})
CNN(num_cov=1, hidden_dims=[1024], in_features=1, num_classes=args.num_classes) model chosen!
id 36
label_counts: defaultdict(<class 'int'>, {6: 412, 2: 127, 8: 221, 3: 364, 1: 41, 9: 158, 7: 124, 0: 3, 4: 5})
CNN(num_cov=2, hidden_dims=[1024], in_features=1, num_classes=args.num_classes) model chosen!
id 37
label_counts: defaultdict(<class 'int'>, {7: 2178, 3: 1002, 6: 142, 4: 3, 2: 20, 5: 11, 0: 1})
CNN(num_cov=1, hidden_dims=[1024, 512], in_features=1, num_classes=args.num_classes) model chosen!
id 38
label_counts: defaultdict(<class 'int'>, {5: 1124, 1: 545, 2: 23, 0: 14, 3: 21, 4: 1})
CNN(num_cov=2, hidden_dims=[1024, 512], in_features=1, num_classes=args.num_classes) model chosen!
id 39
label_counts: defaultdict(<class 'int'>, {2: 387, 6: 233, 8: 501, 1: 41, 0: 13, 9: 3, 3: 2, 5: 12, 4: 1, 7: 2})

Join ratio / total clients: 1.0 / 40
Finished creating server and clients.
Trainable_prototypes(
  (embedings): Embedding(10, 512)
  (middle): Sequential(
    (0): Sequential(
      (0): Linear(in_features=512, out_features=512, bias=True)
      (1): ReLU()
    )
  )
  (fc): Linear(in_features=512, out_features=512, bias=True)
)
tobetrained:
[9, 8, 7, 6, 5, 4, 3, 2, 1, 0]
Edge 9 begin training
Edge 8 begin training
Edge 7 begin training
Edge 6 begin training
Edge 5 begin training
Edge 4 begin training
Edge 3 begin training
Edge 2 begin training
Edge 1 begin training
Edge 0 begin training
readyList:
[7, 1, 8, 6, 0, 2, 5, 4, 9, 3]
aggregation_buffer:
[7, 1, 8, 6, 0, 2, 5, 4, 9, 3]
class-wise minimum distance tensor([3.3300, 4.0283, 1.8598, 3.3300, 1.8598, 4.4931, 2.4246, 4.4931, 7.1305,
        9.5660], device='cuda:0')
min_gap tensor(1.8598, device='cuda:0')
max_gap tensor(9.5660, device='cuda:0')
Server loss: 11.866073608398438
Server tgp_global_protos Not Found
Number of samples: 324
end Update
server_global_time: 2.276208281517029
only_train_time: 34.01679839938879

-------------Global Round number: 0-------------

Evaluate heterogeneous models
Averaged Test Accuracy (Regular Model): 0.7396
Averaged Test Accuracy (Prototype Model): 0.7746
Std Test Accuracy (Regular Model): 0.2158
Std Test Accuracy (Prototype Model): 0.1639
tobetrained:
[7, 1, 8, 6, 0, 2, 5, 4, 9, 3]
Edge 7 begin training
Edge 1 begin training
Edge 8 begin training
Edge 6 begin training
Edge 0 begin training
Edge 2 begin training
Edge 5 begin training
Edge 4 begin training
Edge 9 begin training
Edge 3 begin training
readyList:
[7, 6, 1, 8, 2, 0, 5, 4, 9, 3]
aggregation_buffer:
[7, 6, 1, 8, 2, 0, 5, 4, 9, 3]
class-wise minimum distance tensor([1.8955, 2.6518, 0.8893, 1.8955, 0.8893, 3.4373, 1.3645, 3.4373, 4.4234,
        7.2406], device='cuda:0')
min_gap tensor(0.8893, device='cuda:0')
max_gap tensor(7.2406, device='cuda:0')
Server loss: 7.8326897621154785
end Update
server_global_time: 4.645962879061699
only_train_time: 68.32418389618397

-------------Global Round number: 1-------------

Evaluate heterogeneous models
Averaged Test Accuracy (Regular Model): 0.8306
Averaged Test Accuracy (Prototype Model): 0.8203
Std Test Accuracy (Regular Model): 0.1259
Std Test Accuracy (Prototype Model): 0.1267
tobetrained:
[7, 6, 1, 8, 2, 0, 5, 4, 9, 3]
Edge 7 begin training
Edge 6 begin training
Edge 1 begin training
Edge 8 begin training
Edge 2 begin training
Edge 0 begin training
Edge 5 begin training
Edge 4 begin training
Edge 9 begin training
Edge 3 begin training
readyList:
[7, 1, 6, 8, 5, 4, 0, 9, 2, 3]
aggregation_buffer:
[7, 1, 6, 8, 5, 4, 0, 9, 2, 3]
class-wise minimum distance tensor([2.1102, 2.7571, 0.9076, 2.1102, 0.9076, 3.5043, 1.4244, 3.5043, 4.4233,
        6.3445], device='cuda:0')
min_gap tensor(0.9076, device='cuda:0')
max_gap tensor(6.3445, device='cuda:0')
Server loss: 6.690987586975098
end Update
server_global_time: 6.8702517077326775
only_train_time: 103.31431818753481

-------------Global Round number: 2-------------

Evaluate heterogeneous models
Averaged Test Accuracy (Regular Model): 0.8514
Averaged Test Accuracy (Prototype Model): 0.8465
Std Test Accuracy (Regular Model): 0.1134
Std Test Accuracy (Prototype Model): 0.1121
tobetrained:
[7, 1, 6, 8, 5, 4, 0, 9, 2, 3]
Edge 7 begin training
Edge 1 begin training
Edge 6 begin training
Edge 8 begin training
Edge 5 begin training
Edge 4 begin training
Edge 0 begin training
Edge 9 begin training
Edge 2 begin training
Edge 3 begin training
readyList:
[7, 6, 1, 8, 0, 4, 5, 2, 9, 3]
aggregation_buffer:
[7, 6, 1, 8, 0, 4, 5, 2, 9, 3]
class-wise minimum distance tensor([2.2344, 2.9850, 0.9568, 2.2344, 0.9568, 3.5323, 1.4861, 3.5323, 4.5783,
        5.9373], device='cuda:0')
min_gap tensor(0.9568, device='cuda:0')
max_gap tensor(5.9373, device='cuda:0')
Server loss: 5.911623954772949
end Update
server_global_time: 9.069039575755596
only_train_time: 137.17140832543373

-------------Global Round number: 3-------------

Evaluate heterogeneous models
Averaged Test Accuracy (Regular Model): 0.8607
Averaged Test Accuracy (Prototype Model): 0.8529
Std Test Accuracy (Regular Model): 0.1093
Std Test Accuracy (Prototype Model): 0.1046
tobetrained:
[7, 6, 1, 8, 0, 4, 5, 2, 9, 3]
Edge 7 begin training
Edge 6 begin training
Edge 1 begin training
Edge 8 begin training
Edge 0 begin training
Edge 4 begin training
Edge 5 begin training
Edge 2 begin training
Edge 9 begin training
Edge 3 begin training
readyList:
[1, 6, 7, 8, 0, 4, 5, 9, 2, 3]
aggregation_buffer:
[1, 6, 7, 8, 0, 4, 5, 9, 2, 3]
class-wise minimum distance tensor([2.3381, 3.2003, 1.0084, 2.3381, 1.0084, 3.5612, 1.4621, 3.5612, 4.7045,
        5.7524], device='cuda:0')
min_gap tensor(1.0084, device='cuda:0')
max_gap tensor(5.7524, device='cuda:0')
Server loss: 5.127884864807129
end Update
server_global_time: 11.370023868978024
only_train_time: 171.58749758452177

-------------Global Round number: 4-------------

Evaluate heterogeneous models
Averaged Test Accuracy (Regular Model): 0.8740
Averaged Test Accuracy (Prototype Model): 0.8680
Std Test Accuracy (Regular Model): 0.0957
Std Test Accuracy (Prototype Model): 0.0908
tobetrained:
[1, 6, 7, 8, 0, 4, 5, 9, 2, 3]
Edge 1 begin training
Edge 6 begin training
Edge 7 begin training
Edge 8 begin training
Edge 0 begin training
Edge 4 begin training
Edge 5 begin training
Edge 9 begin training
Edge 2 begin training
Edge 3 begin training
readyList:
[7, 1, 6, 8, 5, 0, 4, 2, 9, 3]
aggregation_buffer:
[7, 1, 6, 8, 5, 0, 4, 2, 9, 3]
class-wise minimum distance tensor([2.4311, 3.4113, 1.1114, 2.4311, 1.1114, 3.5871, 1.4776, 3.5871, 4.9164,
        5.6979], device='cuda:0')
min_gap tensor(1.1114, device='cuda:0')
max_gap tensor(5.6979, device='cuda:0')
Server loss: 5.244595527648926
end Update
server_global_time: 13.574623510241508
only_train_time: 205.9616838172078

-------------Global Round number: 5-------------

Evaluate heterogeneous models
Averaged Test Accuracy (Regular Model): 0.8816
Averaged Test Accuracy (Prototype Model): 0.8731
Std Test Accuracy (Regular Model): 0.0877
Std Test Accuracy (Prototype Model): 0.0889
tobetrained:
[7, 1, 6, 8, 5, 0, 4, 2, 9, 3]
Edge 7 begin training
Edge 1 begin training
Edge 6 begin training
Edge 8 begin training
Edge 5 begin training
Edge 0 begin training
Edge 4 begin training
Edge 2 begin training
Edge 9 begin training
Edge 3 begin training
readyList:
[7, 1, 6, 8, 0, 5, 2, 4, 9, 3]
aggregation_buffer:
[7, 1, 6, 8, 0, 5, 2, 4, 9, 3]
class-wise minimum distance tensor([2.5564, 3.6414, 1.1639, 2.5564, 1.1639, 3.6891, 1.4624, 3.6891, 4.9876,
        5.6681], device='cuda:0')
min_gap tensor(1.1639, device='cuda:0')
max_gap tensor(5.6681, device='cuda:0')
Server loss: 4.9469075202941895
end Update
server_global_time: 15.830904141068459
only_train_time: 239.5260561183095

-------------Global Round number: 6-------------

Evaluate heterogeneous models
Averaged Test Accuracy (Regular Model): 0.8931
Averaged Test Accuracy (Prototype Model): 0.8899
Std Test Accuracy (Regular Model): 0.0779
Std Test Accuracy (Prototype Model): 0.0745
tobetrained:
[7, 1, 6, 8, 0, 5, 2, 4, 9, 3]
Edge 7 begin training
Edge 1 begin training
Edge 6 begin training
Edge 8 begin training
Edge 0 begin training
Edge 5 begin training
Edge 2 begin training
Edge 4 begin training
Edge 9 begin training
Edge 3 begin training
readyList:
[7, 1, 6, 2, 4, 8, 9, 5, 0, 3]
aggregation_buffer:
[7, 1, 6, 2, 4, 8, 9, 5, 0, 3]
class-wise minimum distance tensor([2.6445, 3.8259, 1.2417, 2.6445, 1.2417, 3.7516, 1.5167, 3.7516, 5.1643,
        5.6748], device='cuda:0')
min_gap tensor(1.2417, device='cuda:0')
max_gap tensor(5.6748, device='cuda:0')
Server loss: 4.984803199768066
end Update
server_global_time: 18.24564564228058
only_train_time: 276.32551707327366

-------------Global Round number: 7-------------

Evaluate heterogeneous models
Averaged Test Accuracy (Regular Model): 0.8936
Averaged Test Accuracy (Prototype Model): 0.8928
Std Test Accuracy (Regular Model): 0.0774
Std Test Accuracy (Prototype Model): 0.0734
tobetrained:
[7, 1, 6, 2, 4, 8, 9, 5, 0, 3]
Edge 7 begin training
Edge 1 begin training
Edge 6 begin training
Edge 2 begin training
Edge 4 begin training
Edge 8 begin training
Edge 9 begin training
Edge 5 begin training
Edge 0 begin training
Edge 3 begin training
readyList:
[7, 1, 6, 0, 5, 2, 9, 8, 4, 3]
aggregation_buffer:
[7, 1, 6, 0, 5, 2, 9, 8, 4, 3]
class-wise minimum distance tensor([2.7471, 4.0163, 1.3142, 2.7471, 1.3142, 3.7937, 1.5639, 3.7937, 5.3337,
        5.6930], device='cuda:0')
min_gap tensor(1.3142, device='cuda:0')
max_gap tensor(5.6930, device='cuda:0')
Server loss: 4.526175498962402
end Update
server_global_time: 20.58521319925785
only_train_time: 311.6397845298052

-------------Global Round number: 8-------------

Evaluate heterogeneous models
Averaged Test Accuracy (Regular Model): 0.8996
Averaged Test Accuracy (Prototype Model): 0.8957
Std Test Accuracy (Regular Model): 0.0737
Std Test Accuracy (Prototype Model): 0.0708
tobetrained:
[7, 1, 6, 0, 5, 2, 9, 8, 4, 3]
Edge 7 begin training
Edge 1 begin training
Edge 6 begin training
Edge 0 begin training
Edge 5 begin training
Edge 2 begin training
Edge 9 begin training
Edge 8 begin training
Edge 4 begin training
Edge 3 begin training
readyList:
[7, 6, 8, 1, 0, 5, 2, 4, 9, 3]
aggregation_buffer:
[7, 6, 8, 1, 0, 5, 2, 4, 9, 3]
class-wise minimum distance tensor([2.8419, 4.1788, 1.3654, 2.8419, 1.3654, 3.8786, 1.5797, 3.8786, 5.4714,
        5.7329], device='cuda:0')
min_gap tensor(1.3654, device='cuda:0')
max_gap tensor(5.7329, device='cuda:0')
Server loss: 5.210362434387207
end Update
server_global_time: 22.817062348127365
only_train_time: 345.807770870626

-------------Global Round number: 9-------------

Evaluate heterogeneous models
Averaged Test Accuracy (Regular Model): 0.8976
Averaged Test Accuracy (Prototype Model): 0.9005
Std Test Accuracy (Regular Model): 0.0799
Std Test Accuracy (Prototype Model): 0.0692
tobetrained:
[7, 6, 8, 1, 0, 5, 2, 4, 9, 3]
Edge 7 begin training
Edge 6 begin training
Edge 8 begin training
Edge 1 begin training
Edge 0 begin training
Edge 5 begin training
Edge 2 begin training
Edge 4 begin training
Edge 9 begin training
Edge 3 begin training
readyList:
[7, 1, 8, 6, 0, 2, 5, 9, 4, 3]
aggregation_buffer:
[7, 1, 8, 6, 0, 2, 5, 9, 4, 3]
class-wise minimum distance tensor([2.9102, 4.3469, 1.4249, 2.9468, 1.4249, 3.8953, 1.6459, 3.8953, 5.6273,
        5.7379], device='cuda:0')
min_gap tensor(1.4249, device='cuda:0')
max_gap tensor(5.7379, device='cuda:0')
Server loss: 4.199082851409912
Server tgp_global_protos Not Found
Number of samples: 324
end Update
server_global_time: 25.109544321894646
only_train_time: 380.4495380669832

-------------Global Round number: 10-------------

Evaluate heterogeneous models
Averaged Test Accuracy (Regular Model): 0.9002
Averaged Test Accuracy (Prototype Model): 0.8995
Std Test Accuracy (Regular Model): 0.0727
Std Test Accuracy (Prototype Model): 0.0687
tobetrained:
[7, 1, 8, 6, 0, 2, 5, 9, 4, 3]
Edge 7 begin training
Edge 1 begin training
Edge 8 begin training
Edge 6 begin training
Edge 0 begin training
Edge 2 begin training
Edge 5 begin training
Edge 9 begin training
Edge 4 begin training
Edge 3 begin training
readyList:
[1, 7, 2, 4, 6, 5, 0, 8, 9, 3]
aggregation_buffer:
[1, 7, 2, 4, 6, 5, 0, 8, 9, 3]
class-wise minimum distance tensor([2.9494, 4.5391, 1.4902, 3.0039, 1.4902, 3.9858, 1.6415, 3.9858, 5.6993,
        5.7528], device='cuda:0')
min_gap tensor(1.4902, device='cuda:0')
max_gap tensor(5.7528, device='cuda:0')
Server loss: 4.740940570831299
end Update
server_global_time: 27.36185086518526
only_train_time: 417.140163898468

-------------Global Round number: 11-------------

Evaluate heterogeneous models
Averaged Test Accuracy (Regular Model): 0.9062
Averaged Test Accuracy (Prototype Model): 0.9002
Std Test Accuracy (Regular Model): 0.0668
Std Test Accuracy (Prototype Model): 0.0683
tobetrained:
[1, 7, 2, 4, 6, 5, 0, 8, 9, 3]
Edge 1 begin training
Edge 7 begin training
Edge 2 begin training
Edge 4 begin training
Edge 6 begin training
Edge 5 begin training
Edge 0 begin training
Edge 8 begin training
Edge 9 begin training
Edge 3 begin training
readyList:
[7, 6, 8, 1, 2, 5, 4, 0, 9, 3]
aggregation_buffer:
[7, 6, 8, 1, 2, 5, 4, 0, 9, 3]
class-wise minimum distance tensor([3.0194, 4.6987, 1.5669, 3.0972, 1.5669, 4.0618, 1.7036, 4.0618, 5.8474,
        5.7899], device='cuda:0')
min_gap tensor(1.5669, device='cuda:0')
max_gap tensor(5.8474, device='cuda:0')
Server loss: 4.13458776473999
end Update
server_global_time: 29.572965897619724
only_train_time: 451.04508655518293

-------------Global Round number: 12-------------

Evaluate heterogeneous models
Averaged Test Accuracy (Regular Model): 0.9060
Averaged Test Accuracy (Prototype Model): 0.9038
Std Test Accuracy (Regular Model): 0.0667
Std Test Accuracy (Prototype Model): 0.0677
tobetrained:
[7, 6, 8, 1, 2, 5, 4, 0, 9, 3]
Edge 7 begin training
Edge 6 begin training
Edge 8 begin training
Edge 1 begin training
Edge 2 begin training
Edge 5 begin training
Edge 4 begin training
Edge 0 begin training
Edge 9 begin training
Edge 3 begin training
readyList:
[7, 6, 8, 0, 2, 4, 9, 5, 1, 3]
aggregation_buffer:
[7, 6, 8, 0, 2, 4, 9, 5, 1, 3]
class-wise minimum distance tensor([2.9974, 4.8103, 1.5920, 3.1535, 1.5920, 4.1652, 1.7432, 4.1652, 5.9468,
        5.8606], device='cuda:0')
min_gap tensor(1.5920, device='cuda:0')
max_gap tensor(5.9468, device='cuda:0')
Server loss: 4.849196910858154
end Update
server_global_time: 31.88740559667349
only_train_time: 485.7657685056329

-------------Global Round number: 13-------------

Evaluate heterogeneous models
Averaged Test Accuracy (Regular Model): 0.9075
Averaged Test Accuracy (Prototype Model): 0.9050
Std Test Accuracy (Regular Model): 0.0726
Std Test Accuracy (Prototype Model): 0.0673
tobetrained:
[7, 6, 8, 0, 2, 4, 9, 5, 1, 3]
Edge 7 begin training
Edge 6 begin training
Edge 8 begin training
Edge 0 begin training
Edge 2 begin training
Edge 4 begin training
Edge 9 begin training
Edge 5 begin training
Edge 1 begin training
Edge 3 begin training
readyList:
[7, 6, 1, 8, 2, 5, 4, 0, 9, 3]
aggregation_buffer:
[7, 6, 1, 8, 2, 5, 4, 0, 9, 3]
class-wise minimum distance tensor([3.0598, 4.9548, 1.6722, 3.2361, 1.6722, 4.2391, 1.7500, 4.2391, 6.0391,
        5.9196], device='cuda:0')
min_gap tensor(1.6722, device='cuda:0')
max_gap tensor(6.0391, device='cuda:0')
Server loss: 4.042482376098633
end Update
server_global_time: 34.206555902957916
only_train_time: 521.879176877439

-------------Global Round number: 14-------------

Evaluate heterogeneous models
Averaged Test Accuracy (Regular Model): 0.9086
Averaged Test Accuracy (Prototype Model): 0.9013
Std Test Accuracy (Regular Model): 0.0669
Std Test Accuracy (Prototype Model): 0.0703
tobetrained:
[7, 6, 1, 8, 2, 5, 4, 0, 9, 3]
Edge 7 begin training
Edge 6 begin training
Edge 1 begin training
Edge 8 begin training
Edge 2 begin training
Edge 5 begin training
Edge 4 begin training
Edge 0 begin training
Edge 9 begin training
Edge 3 begin training
readyList:
[7, 1, 4, 8, 6, 5, 2, 0, 9, 3]
aggregation_buffer:
[7, 1, 4, 8, 6, 5, 2, 0, 9, 3]
class-wise minimum distance tensor([3.0922, 5.0608, 1.7151, 3.2466, 1.7151, 4.2452, 1.7989, 4.2452, 6.1174,
        5.9650], device='cuda:0')
min_gap tensor(1.7151, device='cuda:0')
max_gap tensor(6.1174, device='cuda:0')
Server loss: 4.206120491027832
end Update
server_global_time: 36.64959038794041
only_train_time: 557.4967637062073

-------------Global Round number: 15-------------

Evaluate heterogeneous models
Averaged Test Accuracy (Regular Model): 0.9120
Averaged Test Accuracy (Prototype Model): 0.9058
Std Test Accuracy (Regular Model): 0.0598
Std Test Accuracy (Prototype Model): 0.0655
tobetrained:
[7, 1, 4, 8, 6, 5, 2, 0, 9, 3]
Edge 7 begin training
Edge 1 begin training
Edge 4 begin training
Edge 8 begin training
Edge 6 begin training
Edge 5 begin training
Edge 2 begin training
Edge 0 begin training
Edge 9 begin training
Edge 3 begin training
readyList:
[7, 1, 6, 8, 0, 4, 9, 2, 5, 3]
aggregation_buffer:
[7, 1, 6, 8, 0, 4, 9, 2, 5, 3]
class-wise minimum distance tensor([3.1622, 5.2512, 1.7782, 3.3914, 1.7782, 4.3558, 1.8415, 4.3558, 6.2810,
        5.9805], device='cuda:0')
min_gap tensor(1.7782, device='cuda:0')
max_gap tensor(6.2810, device='cuda:0')
Server loss: 5.017633438110352
end Update
server_global_time: 38.98831205815077
only_train_time: 594.4477713704109

-------------Global Round number: 16-------------

Evaluate heterogeneous models
Averaged Test Accuracy (Regular Model): 0.9153
Averaged Test Accuracy (Prototype Model): 0.9060
Std Test Accuracy (Regular Model): 0.0602
Std Test Accuracy (Prototype Model): 0.0661
tobetrained:
[7, 1, 6, 8, 0, 4, 9, 2, 5, 3]
Edge 7 begin training
Edge 1 begin training
Edge 6 begin training
Edge 8 begin training
Edge 0 begin training
Edge 4 begin training
Edge 9 begin training
Edge 2 begin training
Edge 5 begin training
Edge 3 begin training
readyList:
[7, 6, 8, 1, 2, 5, 0, 4, 9, 3]
aggregation_buffer:
[7, 6, 8, 1, 2, 5, 0, 4, 9, 3]
class-wise minimum distance tensor([3.2254, 5.4305, 1.8613, 3.4718, 1.8613, 4.5078, 1.9264, 4.5078, 6.4330,
        6.1351], device='cuda:0')
min_gap tensor(1.8613, device='cuda:0')
max_gap tensor(6.4330, device='cuda:0')
Server loss: 5.663318157196045
end Update
server_global_time: 41.85677149146795
only_train_time: 630.798244073987

-------------Global Round number: 17-------------

Evaluate heterogeneous models
Averaged Test Accuracy (Regular Model): 0.9177
Averaged Test Accuracy (Prototype Model): 0.9112
Std Test Accuracy (Regular Model): 0.0582
Std Test Accuracy (Prototype Model): 0.0609
tobetrained:
[7, 6, 8, 1, 2, 5, 0, 4, 9, 3]
Edge 7 begin training
Edge 6 begin training
Edge 8 begin training
Edge 1 begin training
Edge 2 begin training
Edge 5 begin training
Edge 0 begin training
Edge 4 begin training
Edge 9 begin training
Edge 3 begin training
readyList:
[7, 6, 8, 5, 2, 0, 4, 1, 9, 3]
aggregation_buffer:
[7, 6, 8, 5, 2, 0, 4, 1, 9, 3]
class-wise minimum distance tensor([3.3211, 5.5573, 1.9229, 3.5505, 1.9229, 4.6167, 1.9880, 4.6167, 6.4729,
        6.2409], device='cuda:0')
min_gap tensor(1.9229, device='cuda:0')
max_gap tensor(6.4729, device='cuda:0')
Server loss: 4.876319885253906
end Update
server_global_time: 44.172437094151974
only_train_time: 667.1003428921103

-------------Global Round number: 18-------------

Evaluate heterogeneous models
Averaged Test Accuracy (Regular Model): 0.9172
Averaged Test Accuracy (Prototype Model): 0.9154
Std Test Accuracy (Regular Model): 0.0588
Std Test Accuracy (Prototype Model): 0.0568
tobetrained:
[7, 6, 8, 5, 2, 0, 4, 1, 9, 3]
Edge 7 begin training
Edge 6 begin training
Edge 8 begin training
Edge 5 begin training
Edge 2 begin training
Edge 0 begin training
Edge 4 begin training
Edge 1 begin training
Edge 9 begin training
Edge 3 begin training
readyList:
[7, 8, 6, 1, 5, 4, 9, 2, 0, 3]
aggregation_buffer:
[7, 8, 6, 1, 5, 4, 9, 2, 0, 3]
class-wise minimum distance tensor([3.4028, 5.6315, 1.9617, 3.6134, 1.9617, 4.6629, 2.0272, 4.6629, 6.5118,
        6.2972], device='cuda:0')
min_gap tensor(1.9617, device='cuda:0')
max_gap tensor(6.5118, device='cuda:0')
Server loss: 5.012634754180908
end Update
server_global_time: 46.63046722859144
only_train_time: 704.0547838434577

-------------Global Round number: 19-------------

Evaluate heterogeneous models
Averaged Test Accuracy (Regular Model): 0.9152
Averaged Test Accuracy (Prototype Model): 0.9124
Std Test Accuracy (Regular Model): 0.0619
Std Test Accuracy (Prototype Model): 0.0620
tobetrained:
[7, 8, 6, 1, 5, 4, 9, 2, 0, 3]
Edge 7 begin training
Edge 8 begin training
Edge 6 begin training
Edge 1 begin training
Edge 5 begin training
Edge 4 begin training
Edge 9 begin training
Edge 2 begin training
Edge 0 begin training
Edge 3 begin training
readyList:
[7, 6, 1, 8, 0, 2, 4, 5, 9, 3]
aggregation_buffer:
[7, 6, 1, 8, 0, 2, 4, 5, 9, 3]
class-wise minimum distance tensor([3.4611, 5.7849, 2.0249, 3.6603, 2.0249, 4.7553, 2.0608, 4.7553, 6.6018,
        6.3591], device='cuda:0')
min_gap tensor(2.0249, device='cuda:0')
max_gap tensor(6.6018, device='cuda:0')
Server loss: 5.001025199890137
Server tgp_global_protos Not Found
Number of samples: 324
end Update
server_global_time: 49.402735471725464
only_train_time: 739.196220651269

-------------Global Round number: 20-------------

Evaluate heterogeneous models
Averaged Test Accuracy (Regular Model): 0.9184
Averaged Test Accuracy (Prototype Model): 0.9161
Std Test Accuracy (Regular Model): 0.0577
Std Test Accuracy (Prototype Model): 0.0553
tobetrained:
[7, 6, 1, 8, 0, 2, 4, 5, 9, 3]
Edge 7 begin training
Edge 6 begin training
Edge 1 begin training
Edge 8 begin training
Edge 0 begin training
Edge 2 begin training
Edge 4 begin training
Edge 5 begin training
Edge 9 begin training
Edge 3 begin training
readyList:
[7, 1, 6, 8, 0, 5, 4, 2, 9, 3]
aggregation_buffer:
[7, 1, 6, 8, 0, 5, 4, 2, 9, 3]
class-wise minimum distance tensor([3.5626, 5.8766, 2.0918, 3.7652, 2.0918, 4.8394, 2.1103, 4.8394, 6.6506,
        6.3422], device='cuda:0')
min_gap tensor(2.0918, device='cuda:0')
max_gap tensor(6.6506, device='cuda:0')
Server loss: 5.326676845550537
end Update
server_global_time: 51.749292217195034
only_train_time: 773.9175879359245

-------------Global Round number: 21-------------

Evaluate heterogeneous models
Averaged Test Accuracy (Regular Model): 0.9186
Averaged Test Accuracy (Prototype Model): 0.9148
Std Test Accuracy (Regular Model): 0.0607
Std Test Accuracy (Prototype Model): 0.0607
tobetrained:
[7, 1, 6, 8, 0, 5, 4, 2, 9, 3]
Edge 7 begin training
Edge 1 begin training
Edge 6 begin training
Edge 8 begin training
Edge 0 begin training
Edge 5 begin training
Edge 4 begin training
Edge 2 begin training
Edge 9 begin training
Edge 3 begin training
readyList:
[7, 6, 1, 8, 0, 5, 2, 4, 9, 3]
aggregation_buffer:
[7, 6, 1, 8, 0, 5, 2, 4, 9, 3]
class-wise minimum distance tensor([3.5811, 6.0476, 2.1460, 3.8402, 2.1460, 4.8276, 2.2043, 4.8276, 6.7771,
        6.4691], device='cuda:0')
min_gap tensor(2.1460, device='cuda:0')
max_gap tensor(6.7771, device='cuda:0')
Server loss: 4.915670394897461
end Update
server_global_time: 54.33403389155865
only_train_time: 809.4766369685531

-------------Global Round number: 22-------------

Evaluate heterogeneous models
Averaged Test Accuracy (Regular Model): 0.9196
Averaged Test Accuracy (Prototype Model): 0.9174
Std Test Accuracy (Regular Model): 0.0568
Std Test Accuracy (Prototype Model): 0.0568
tobetrained:
[7, 6, 1, 8, 0, 5, 2, 4, 9, 3]
Edge 7 begin training
Edge 6 begin training
Edge 1 begin training
Edge 8 begin training
Edge 0 begin training
Edge 5 begin training
Edge 2 begin training
Edge 4 begin training
Edge 9 begin training
Edge 3 begin training
readyList:
[7, 6, 8, 5, 0, 1, 2, 9, 4, 3]
aggregation_buffer:
[7, 6, 8, 5, 0, 1, 2, 9, 4, 3]
class-wise minimum distance tensor([3.6703, 6.1487, 2.2687, 3.9219, 2.2532, 5.0350, 2.2532, 5.0350, 6.8349,
        6.5262], device='cuda:0')
min_gap tensor(2.2532, device='cuda:0')
max_gap tensor(6.8349, device='cuda:0')
Server loss: 4.93355131149292
end Update
server_global_time: 56.66971629858017
only_train_time: 845.8112097159028

-------------Global Round number: 23-------------

Evaluate heterogeneous models
Averaged Test Accuracy (Regular Model): 0.9196
Averaged Test Accuracy (Prototype Model): 0.9152
Std Test Accuracy (Regular Model): 0.0588
Std Test Accuracy (Prototype Model): 0.0598
tobetrained:
[7, 6, 8, 5, 0, 1, 2, 9, 4, 3]
Edge 7 begin training
Edge 6 begin training
Edge 8 begin training
Edge 5 begin training
Edge 0 begin training
Edge 1 begin training
Edge 2 begin training
Edge 9 begin training
Edge 4 begin training
Edge 3 begin training
readyList:
[7, 6, 1, 8, 5, 2, 0, 9, 4, 3]
aggregation_buffer:
[7, 6, 1, 8, 5, 2, 0, 9, 4, 3]
class-wise minimum distance tensor([3.7566, 6.2414, 2.3208, 3.9968, 2.3208, 5.1187, 2.3371, 5.1187, 6.9965,
        6.6345], device='cuda:0')
min_gap tensor(2.3208, device='cuda:0')
max_gap tensor(6.9965, device='cuda:0')
Server loss: 4.412119388580322
end Update
server_global_time: 59.06989995390177
only_train_time: 880.96756516397

-------------Global Round number: 24-------------

Evaluate heterogeneous models
Averaged Test Accuracy (Regular Model): 0.9231
Averaged Test Accuracy (Prototype Model): 0.9173
Std Test Accuracy (Regular Model): 0.0530
Std Test Accuracy (Prototype Model): 0.0560
tobetrained:
[7, 6, 1, 8, 5, 2, 0, 9, 4, 3]
Edge 7 begin training
Edge 6 begin training
Edge 1 begin training
Edge 8 begin training
Edge 5 begin training
Edge 2 begin training
Edge 0 begin training
Edge 9 begin training
Edge 4 begin training
Edge 3 begin training
readyList:
[7, 1, 8, 6, 5, 4, 2, 0, 9, 3]
aggregation_buffer:
[7, 1, 8, 6, 5, 4, 2, 0, 9, 3]
class-wise minimum distance tensor([3.8254, 6.4091, 2.4064, 4.0703, 2.3947, 5.1861, 2.3947, 5.1861, 7.1309,
        6.6946], device='cuda:0')
min_gap tensor(2.3947, device='cuda:0')
max_gap tensor(7.1309, device='cuda:0')
Server loss: 4.967040061950684
end Update
server_global_time: 61.32246395200491
only_train_time: 915.7107345312834

-------------Global Round number: 25-------------

Evaluate heterogeneous models
Averaged Test Accuracy (Regular Model): 0.9236
Averaged Test Accuracy (Prototype Model): 0.9206
Std Test Accuracy (Regular Model): 0.0548
Std Test Accuracy (Prototype Model): 0.0533
tobetrained:
[7, 1, 8, 6, 5, 4, 2, 0, 9, 3]
Edge 7 begin training
Edge 1 begin training
Edge 8 begin training
Edge 6 begin training
Edge 5 begin training
Edge 4 begin training
Edge 2 begin training
Edge 0 begin training
Edge 9 begin training
Edge 3 begin training
readyList:
[7, 6, 1, 8, 5, 2, 4, 0, 9, 3]
aggregation_buffer:
[7, 6, 1, 8, 5, 2, 4, 0, 9, 3]
class-wise minimum distance tensor([3.8678, 6.4424, 2.4545, 4.1619, 2.4545, 5.2603, 2.4683, 5.2603, 7.2206,
        6.7655], device='cuda:0')
min_gap tensor(2.4545, device='cuda:0')
max_gap tensor(7.2206, device='cuda:0')
Server loss: 5.077171802520752
end Update
server_global_time: 63.76619969308376
only_train_time: 950.3798165619373

-------------Global Round number: 26-------------

Evaluate heterogeneous models
Averaged Test Accuracy (Regular Model): 0.9246
Averaged Test Accuracy (Prototype Model): 0.9168
Std Test Accuracy (Regular Model): 0.0532
Std Test Accuracy (Prototype Model): 0.0584
tobetrained:
[7, 6, 1, 8, 5, 2, 4, 0, 9, 3]
Edge 7 begin training
Edge 6 begin training
Edge 1 begin training
Edge 8 begin training
Edge 5 begin training
Edge 2 begin training
Edge 4 begin training
Edge 0 begin training
Edge 9 begin training
Edge 3 begin training
readyList:
[7, 6, 1, 8, 2, 0, 5, 4, 9, 3]
aggregation_buffer:
[7, 6, 1, 8, 2, 0, 5, 4, 9, 3]
class-wise minimum distance tensor([3.9708, 6.5681, 2.5104, 4.2785, 2.4954, 5.2948, 2.4954, 5.2948, 7.3751,
        6.8248], device='cuda:0')
min_gap tensor(2.4954, device='cuda:0')
max_gap tensor(7.3751, device='cuda:0')
Server loss: 5.5624542236328125
end Update
server_global_time: 66.03231263905764
only_train_time: 985.390867240727

-------------Global Round number: 27-------------

Evaluate heterogeneous models
Averaged Test Accuracy (Regular Model): 0.9246
Averaged Test Accuracy (Prototype Model): 0.9197
Std Test Accuracy (Regular Model): 0.0516
Std Test Accuracy (Prototype Model): 0.0535
tobetrained:
[7, 6, 1, 8, 2, 0, 5, 4, 9, 3]
Edge 7 begin training
Edge 6 begin training
Edge 1 begin training
Edge 8 begin training
Edge 2 begin training
Edge 0 begin training
Edge 5 begin training
Edge 4 begin training
Edge 9 begin training
Edge 3 begin training
readyList:
[7, 1, 6, 8, 2, 0, 5, 9, 4, 3]
aggregation_buffer:
[7, 1, 6, 8, 2, 0, 5, 9, 4, 3]
class-wise minimum distance tensor([3.9914, 6.7100, 2.5828, 4.3542, 2.5744, 5.3695, 2.5744, 5.3695, 7.4744,
        7.0215], device='cuda:0')
min_gap tensor(2.5744, device='cuda:0')
max_gap tensor(7.4744, device='cuda:0')
Server loss: 4.592674255371094
end Update
server_global_time: 68.27630887925625
only_train_time: 1019.5185270160437

-------------Global Round number: 28-------------

Evaluate heterogeneous models
Averaged Test Accuracy (Regular Model): 0.9244
Averaged Test Accuracy (Prototype Model): 0.9183
Std Test Accuracy (Regular Model): 0.0524
Std Test Accuracy (Prototype Model): 0.0576
tobetrained:
[7, 1, 6, 8, 2, 0, 5, 9, 4, 3]
Edge 7 begin training
Edge 1 begin training
Edge 6 begin training
Edge 8 begin training
Edge 2 begin training
Edge 0 begin training
Edge 5 begin training
Edge 9 begin training
Edge 4 begin training
Edge 3 begin training
readyList:
[7, 6, 8, 1, 5, 2, 0, 4, 9, 3]
aggregation_buffer:
[7, 6, 8, 1, 5, 2, 0, 4, 9, 3]
class-wise minimum distance tensor([4.0315, 6.7152, 2.6487, 4.4387, 2.6201, 5.5035, 2.6201, 5.5035, 7.4431,
        7.0732], device='cuda:0')
min_gap tensor(2.6201, device='cuda:0')
max_gap tensor(7.4431, device='cuda:0')
Server loss: 4.585167407989502
end Update
server_global_time: 70.68526577204466
only_train_time: 1053.8211637213826

-------------Global Round number: 29-------------

Evaluate heterogeneous models
Averaged Test Accuracy (Regular Model): 0.9271
Averaged Test Accuracy (Prototype Model): 0.9215
Std Test Accuracy (Regular Model): 0.0486
Std Test Accuracy (Prototype Model): 0.0531
tobetrained:
[7, 6, 8, 1, 5, 2, 0, 4, 9, 3]
Edge 7 begin training
Edge 6 begin training
Edge 8 begin training
Edge 1 begin training
Edge 5 begin training
Edge 2 begin training
Edge 0 begin training
Edge 4 begin training
Edge 9 begin training
Edge 3 begin training
readyList:
[7, 1, 6, 8, 2, 5, 0, 4, 9, 3]
aggregation_buffer:
[7, 1, 6, 8, 2, 5, 0, 4, 9, 3]
class-wise minimum distance tensor([4.1330, 6.8496, 2.7326, 4.4902, 2.7264, 5.6622, 2.7264, 5.6622, 7.5245,
        7.1280], device='cuda:0')
min_gap tensor(2.7264, device='cuda:0')
max_gap tensor(7.5245, device='cuda:0')
Server loss: 5.286899089813232
Server tgp_global_protos Not Found
Number of samples: 324
end Update
server_global_time: 72.98149998486042
only_train_time: 1087.404394492507

-------------Global Round number: 30-------------

Evaluate heterogeneous models
Averaged Test Accuracy (Regular Model): 0.9273
Averaged Test Accuracy (Prototype Model): 0.9225
Std Test Accuracy (Regular Model): 0.0475
Std Test Accuracy (Prototype Model): 0.0519
tobetrained:
[7, 1, 6, 8, 2, 5, 0, 4, 9, 3]
Edge 7 begin training
Edge 1 begin training
Edge 6 begin training
Edge 8 begin training
Edge 2 begin training
Edge 5 begin training
Edge 0 begin training
Edge 4 begin training
Edge 9 begin training
Edge 3 begin training
readyList:
[7, 1, 8, 6, 5, 2, 0, 9, 4, 3]
aggregation_buffer:
[7, 1, 8, 6, 5, 2, 0, 9, 4, 3]
class-wise minimum distance tensor([4.1506, 6.7053, 2.7578, 4.5281, 2.7490, 5.6020, 2.7490, 5.6020, 7.5340,
        7.1047], device='cuda:0')
min_gap tensor(2.7490, device='cuda:0')
max_gap tensor(7.5340, device='cuda:0')
Server loss: 4.581164360046387
end Update
server_global_time: 75.44489572942257
only_train_time: 1122.4844470322132

-------------Global Round number: 31-------------

Evaluate heterogeneous models
Averaged Test Accuracy (Regular Model): 0.9267
Averaged Test Accuracy (Prototype Model): 0.9191
Std Test Accuracy (Regular Model): 0.0476
Std Test Accuracy (Prototype Model): 0.0574
tobetrained:
[7, 1, 8, 6, 5, 2, 0, 9, 4, 3]
Edge 7 begin training
Edge 1 begin training
Edge 8 begin training
Edge 6 begin training
Edge 5 begin training
Edge 2 begin training
Edge 0 begin training
Edge 9 begin training
Edge 4 begin training
Edge 3 begin training
readyList:
[7, 8, 1, 6, 0, 5, 2, 4, 9, 3]
aggregation_buffer:
[7, 8, 1, 6, 0, 5, 2, 4, 9, 3]
class-wise minimum distance tensor([4.2337, 6.8720, 2.8484, 4.5872, 2.8350, 5.5966, 2.8350, 5.5966, 7.6267,
        7.2332], device='cuda:0')
min_gap tensor(2.8350, device='cuda:0')
max_gap tensor(7.6267, device='cuda:0')
Server loss: 4.20359468460083
end Update
server_global_time: 77.85368893295527
only_train_time: 1157.1758594587445

-------------Global Round number: 32-------------

Evaluate heterogeneous models
Averaged Test Accuracy (Regular Model): 0.9271
Averaged Test Accuracy (Prototype Model): 0.9209
Std Test Accuracy (Regular Model): 0.0489
Std Test Accuracy (Prototype Model): 0.0527
tobetrained:
[7, 8, 1, 6, 0, 5, 2, 4, 9, 3]
Edge 7 begin training
Edge 8 begin training
Edge 1 begin training
Edge 6 begin training
Edge 0 begin training
Edge 5 begin training
Edge 2 begin training
Edge 4 begin training
Edge 9 begin training
Edge 3 begin training
readyList:
[7, 1, 6, 8, 2, 5, 4, 0, 9, 3]
aggregation_buffer:
[7, 1, 6, 8, 2, 5, 4, 0, 9, 3]
class-wise minimum distance tensor([4.3165, 6.9688, 2.9053, 4.6206, 2.9053, 5.7358, 2.9104, 5.7358, 7.7807,
        7.2020], device='cuda:0')
min_gap tensor(2.9053, device='cuda:0')
max_gap tensor(7.7807, device='cuda:0')
Server loss: 5.7373738288879395
end Update
server_global_time: 80.1595698967576
only_train_time: 1191.3287955448031

-------------Global Round number: 33-------------

Evaluate heterogeneous models
Averaged Test Accuracy (Regular Model): 0.9254
Averaged Test Accuracy (Prototype Model): 0.9223
Std Test Accuracy (Regular Model): 0.0517
Std Test Accuracy (Prototype Model): 0.0525
tobetrained:
[7, 1, 6, 8, 2, 5, 4, 0, 9, 3]
Edge 7 begin training
Edge 1 begin training
Edge 6 begin training
Edge 8 begin training
Edge 2 begin training
Edge 5 begin training
Edge 4 begin training
Edge 0 begin training
Edge 9 begin training
Edge 3 begin training
readyList:
[7, 1, 6, 8, 2, 0, 4, 5, 9, 3]
aggregation_buffer:
[7, 1, 6, 8, 2, 0, 4, 5, 9, 3]
class-wise minimum distance tensor([4.3644, 6.9835, 2.9449, 4.7410, 2.9449, 5.7115, 2.9541, 5.7115, 7.7926,
        7.2464], device='cuda:0')
min_gap tensor(2.9449, device='cuda:0')
max_gap tensor(7.7926, device='cuda:0')
Server loss: 4.064634323120117
end Update
server_global_time: 82.44001741707325
only_train_time: 1225.4697697609663

-------------Global Round number: 34-------------

Evaluate heterogeneous models
Averaged Test Accuracy (Regular Model): 0.9267
Averaged Test Accuracy (Prototype Model): 0.9214
Std Test Accuracy (Regular Model): 0.0501
Std Test Accuracy (Prototype Model): 0.0552
tobetrained:
[7, 1, 6, 8, 2, 0, 4, 5, 9, 3]
Edge 7 begin training
Edge 1 begin training
Edge 6 begin training
Edge 8 begin training
Edge 2 begin training
Edge 0 begin training
Edge 4 begin training
Edge 5 begin training
Edge 9 begin training
Edge 3 begin training
readyList:
[7, 1, 6, 8, 5, 0, 2, 9, 4, 3]
aggregation_buffer:
[7, 1, 6, 8, 5, 0, 2, 9, 4, 3]
class-wise minimum distance tensor([4.4625, 7.1699, 3.0124, 4.7785, 3.0124, 5.8526, 3.0226, 5.8526, 7.9413,
        7.3978], device='cuda:0')
min_gap tensor(3.0124, device='cuda:0')
max_gap tensor(7.9413, device='cuda:0')
Server loss: 5.177890777587891
end Update
server_global_time: 84.71001962572336
only_train_time: 1260.5217633098364

-------------Global Round number: 35-------------

Evaluate heterogeneous models
Averaged Test Accuracy (Regular Model): 0.9269
Averaged Test Accuracy (Prototype Model): 0.9239
Std Test Accuracy (Regular Model): 0.0500
Std Test Accuracy (Prototype Model): 0.0506
tobetrained:
[7, 1, 6, 8, 5, 0, 2, 9, 4, 3]
Edge 7 begin training
Edge 1 begin training
Edge 6 begin training
Edge 8 begin training
Edge 5 begin training
Edge 0 begin training
Edge 2 begin training
Edge 9 begin training
Edge 4 begin training
Edge 3 begin training
readyList:
[7, 6, 1, 8, 2, 0, 5, 4, 9, 3]
aggregation_buffer:
[7, 6, 1, 8, 2, 0, 5, 4, 9, 3]
class-wise minimum distance tensor([4.5007, 7.2928, 3.1089, 4.9208, 3.1013, 5.9582, 3.1013, 5.9582, 7.9766,
        7.4898], device='cuda:0')
min_gap tensor(3.1013, device='cuda:0')
max_gap tensor(7.9766, device='cuda:0')
Server loss: 3.91805100440979
end Update
server_global_time: 87.04860704392195
only_train_time: 1295.0812509581447

-------------Global Round number: 36-------------

Evaluate heterogeneous models
Averaged Test Accuracy (Regular Model): 0.9270
Averaged Test Accuracy (Prototype Model): 0.9267
Std Test Accuracy (Regular Model): 0.0499
Std Test Accuracy (Prototype Model): 0.0491
tobetrained:
[7, 6, 1, 8, 2, 0, 5, 4, 9, 3]
Edge 7 begin training
Edge 6 begin training
Edge 1 begin training
Edge 8 begin training
Edge 2 begin training
Edge 0 begin training
Edge 5 begin training
Edge 4 begin training
Edge 9 begin training
Edge 3 begin training
readyList:
[7, 1, 6, 8, 2, 5, 9, 0, 4, 3]
aggregation_buffer:
[7, 1, 6, 8, 2, 5, 9, 0, 4, 3]
class-wise minimum distance tensor([4.6374, 7.4205, 3.1717, 5.0149, 3.1717, 6.1365, 3.2431, 6.1365, 8.1467,
        7.6300], device='cuda:0')
min_gap tensor(3.1717, device='cuda:0')
max_gap tensor(8.1467, device='cuda:0')
Server loss: 4.997192859649658
end Update
server_global_time: 89.31521891057491
only_train_time: 1330.0500848218799

-------------Global Round number: 37-------------

Evaluate heterogeneous models
Averaged Test Accuracy (Regular Model): 0.9275
Averaged Test Accuracy (Prototype Model): 0.9237
Std Test Accuracy (Regular Model): 0.0477
Std Test Accuracy (Prototype Model): 0.0512
tobetrained:
[7, 1, 6, 8, 2, 5, 9, 0, 4, 3]
Edge 7 begin training
Edge 1 begin training
Edge 6 begin training
Edge 8 begin training
Edge 2 begin training
Edge 5 begin training
Edge 9 begin training
Edge 0 begin training
Edge 4 begin training
Edge 3 begin training
readyList:
[7, 1, 6, 8, 5, 4, 0, 2, 9, 3]
aggregation_buffer:
[7, 1, 6, 8, 5, 4, 0, 2, 9, 3]
class-wise minimum distance tensor([4.7093, 7.4574, 3.2240, 5.0402, 3.2063, 6.1862, 3.2063, 6.1862, 8.1042,
        7.6586], device='cuda:0')
min_gap tensor(3.2063, device='cuda:0')
max_gap tensor(8.1042, device='cuda:0')
Server loss: 5.447506904602051
end Update
server_global_time: 91.54132251441479
only_train_time: 1363.3098069354892

-------------Global Round number: 38-------------

Evaluate heterogeneous models
Averaged Test Accuracy (Regular Model): 0.9274
Averaged Test Accuracy (Prototype Model): 0.9250
Std Test Accuracy (Regular Model): 0.0484
Std Test Accuracy (Prototype Model): 0.0495
tobetrained:
[7, 1, 6, 8, 5, 4, 0, 2, 9, 3]
Edge 7 begin training
Edge 1 begin training
Edge 6 begin training
Edge 8 begin training
Edge 5 begin training
Edge 4 begin training
Edge 0 begin training
Edge 2 begin training
Edge 9 begin training
Edge 3 begin training
readyList:
[7, 1, 6, 8, 2, 0, 5, 9, 4, 3]
aggregation_buffer:
[7, 1, 6, 8, 2, 0, 5, 9, 4, 3]
class-wise minimum distance tensor([4.7544, 7.5147, 3.3307, 5.1668, 3.3004, 6.2183, 3.3004, 6.2183, 8.1003,
        7.6389], device='cuda:0')
min_gap tensor(3.3004, device='cuda:0')
max_gap tensor(8.1003, device='cuda:0')
Server loss: 4.9145660400390625
end Update
server_global_time: 93.84790027886629
only_train_time: 1397.5630412325263

-------------Global Round number: 39-------------

Evaluate heterogeneous models
Averaged Test Accuracy (Regular Model): 0.9286
Averaged Test Accuracy (Prototype Model): 0.9229
Std Test Accuracy (Regular Model): 0.0474
Std Test Accuracy (Prototype Model): 0.0539
tobetrained:
[7, 1, 6, 8, 2, 0, 5, 9, 4, 3]
Edge 7 begin training
Edge 1 begin training
Edge 6 begin training
Edge 8 begin training
Edge 2 begin training
Edge 0 begin training
Edge 5 begin training
Edge 9 begin training
Edge 4 begin training
Edge 3 begin training
readyList:
[7, 1, 6, 8, 5, 0, 2, 4, 9, 3]
aggregation_buffer:
[7, 1, 6, 8, 5, 0, 2, 4, 9, 3]
class-wise minimum distance tensor([4.8743, 7.6856, 3.4165, 5.2586, 3.4165, 6.3397, 3.4312, 6.3397, 8.1439,
        7.7566], device='cuda:0')
min_gap tensor(3.4165, device='cuda:0')
max_gap tensor(8.1439, device='cuda:0')
Server loss: 4.42220401763916
Server tgp_global_protos Not Found
Number of samples: 324
end Update
server_global_time: 96.18085615336895
only_train_time: 1431.8010152354836

-------------Global Round number: 40-------------

Evaluate heterogeneous models
Averaged Test Accuracy (Regular Model): 0.9279
Averaged Test Accuracy (Prototype Model): 0.9247
Std Test Accuracy (Regular Model): 0.0470
Std Test Accuracy (Prototype Model): 0.0496
tobetrained:
[7, 1, 6, 8, 5, 0, 2, 4, 9, 3]
Edge 7 begin training
Edge 1 begin training
Edge 6 begin training
Edge 8 begin training
Edge 5 begin training
Edge 0 begin training
Edge 2 begin training
Edge 4 begin training
Edge 9 begin training
Edge 3 begin training
readyList:
[7, 1, 6, 8, 2, 0, 4, 5, 9, 3]
aggregation_buffer:
[7, 1, 6, 8, 2, 0, 4, 5, 9, 3]
class-wise minimum distance tensor([4.9940, 7.7139, 3.4948, 5.3350, 3.4895, 6.3810, 3.4895, 6.3810, 8.1534,
        7.8614], device='cuda:0')
min_gap tensor(3.4895, device='cuda:0')
max_gap tensor(8.1534, device='cuda:0')
Server loss: 4.587444305419922
end Update
server_global_time: 98.49494376778603
only_train_time: 1466.2451348677278

-------------Global Round number: 41-------------

Evaluate heterogeneous models
Averaged Test Accuracy (Regular Model): 0.9283
Averaged Test Accuracy (Prototype Model): 0.9267
Std Test Accuracy (Regular Model): 0.0466
Std Test Accuracy (Prototype Model): 0.0481
tobetrained:
[7, 1, 6, 8, 2, 0, 4, 5, 9, 3]
Edge 7 begin training
Edge 1 begin training
Edge 6 begin training
Edge 8 begin training
Edge 2 begin training
Edge 0 begin training
Edge 4 begin training
Edge 5 begin training
Edge 9 begin training
Edge 3 begin training
readyList:
[7, 1, 8, 6, 2, 5, 0, 4, 9, 3]
aggregation_buffer:
[7, 1, 8, 6, 2, 5, 0, 4, 9, 3]
class-wise minimum distance tensor([5.0566, 7.8014, 3.5675, 5.3603, 3.5675, 6.5110, 3.5965, 6.5110, 8.3280,
        7.8047], device='cuda:0')
min_gap tensor(3.5675, device='cuda:0')
max_gap tensor(8.3280, device='cuda:0')
Server loss: 5.54581880569458
end Update
server_global_time: 100.81414845585823
only_train_time: 1500.6244975924492

-------------Global Round number: 42-------------

Evaluate heterogeneous models
Averaged Test Accuracy (Regular Model): 0.9286
Averaged Test Accuracy (Prototype Model): 0.9266
Std Test Accuracy (Regular Model): 0.0477
Std Test Accuracy (Prototype Model): 0.0479
tobetrained:
[7, 1, 8, 6, 2, 5, 0, 4, 9, 3]
Edge 7 begin training
Edge 1 begin training
Edge 8 begin training
Edge 6 begin training
Edge 2 begin training
Edge 5 begin training
Edge 0 begin training
Edge 4 begin training
Edge 9 begin training
Edge 3 begin training
readyList:
[7, 6, 8, 1, 0, 4, 2, 5, 9, 3]
aggregation_buffer:
[7, 6, 8, 1, 0, 4, 2, 5, 9, 3]
class-wise minimum distance tensor([5.0900, 7.7913, 3.6524, 5.4553, 3.6118, 6.5833, 3.6118, 6.5833, 8.3680,
        7.9700], device='cuda:0')
min_gap tensor(3.6118, device='cuda:0')
max_gap tensor(8.3680, device='cuda:0')
Server loss: 4.445310592651367
end Update
server_global_time: 103.12507651001215
only_train_time: 1535.0871496275067

-------------Global Round number: 43-------------

Evaluate heterogeneous models
Averaged Test Accuracy (Regular Model): 0.9290
Averaged Test Accuracy (Prototype Model): 0.9265
Std Test Accuracy (Regular Model): 0.0459
Std Test Accuracy (Prototype Model): 0.0487
tobetrained:
[7, 6, 8, 1, 0, 4, 2, 5, 9, 3]
Edge 7 begin training
Edge 6 begin training
Edge 8 begin training
Edge 1 begin training
Edge 0 begin training
Edge 4 begin training
Edge 2 begin training
Edge 5 begin training
Edge 9 begin training
Edge 3 begin training
readyList:
[7, 1, 6, 8, 0, 5, 2, 9, 4, 3]
aggregation_buffer:
[7, 1, 6, 8, 0, 5, 2, 9, 4, 3]
class-wise minimum distance tensor([5.1933, 7.9174, 3.7546, 5.4461, 3.7546, 6.6472, 3.7688, 6.6472, 8.3970,
        8.0736], device='cuda:0')
min_gap tensor(3.7546, device='cuda:0')
max_gap tensor(8.3970, device='cuda:0')
Server loss: 3.3732383251190186
end Update
server_global_time: 105.37728537619114
only_train_time: 1569.4246212169528

-------------Global Round number: 44-------------

Evaluate heterogeneous models
Averaged Test Accuracy (Regular Model): 0.9299
Averaged Test Accuracy (Prototype Model): 0.9263
Std Test Accuracy (Regular Model): 0.0454
Std Test Accuracy (Prototype Model): 0.0473
tobetrained:
[7, 1, 6, 8, 0, 5, 2, 9, 4, 3]
Edge 7 begin training
Edge 1 begin training
Edge 6 begin training
Edge 8 begin training
Edge 0 begin training
Edge 5 begin training
Edge 2 begin training
Edge 9 begin training
Edge 4 begin training
Edge 3 begin training
readyList:
[7, 1, 6, 0, 5, 2, 8, 4, 9, 3]
aggregation_buffer:
[7, 1, 6, 0, 5, 2, 8, 4, 9, 3]
class-wise minimum distance tensor([5.3178, 7.9820, 3.8047, 5.5575, 3.8047, 6.7180, 3.8262, 6.7180, 8.5125,
        8.1283], device='cuda:0')
min_gap tensor(3.8047, device='cuda:0')
max_gap tensor(8.5125, device='cuda:0')
Server loss: 5.246684551239014
end Update
server_global_time: 107.64477805048227
only_train_time: 1603.7319061979651

-------------Global Round number: 45-------------

Evaluate heterogeneous models
Averaged Test Accuracy (Regular Model): 0.9306
Averaged Test Accuracy (Prototype Model): 0.9255
Std Test Accuracy (Regular Model): 0.0449
Std Test Accuracy (Prototype Model): 0.0490
tobetrained:
[7, 1, 6, 0, 5, 2, 8, 4, 9, 3]
Edge 7 begin training
Edge 1 begin training
Edge 6 begin training
Edge 0 begin training
Edge 5 begin training
Edge 2 begin training
Edge 8 begin training
Edge 4 begin training
Edge 9 begin training
Edge 3 begin training
readyList:
[7, 1, 6, 8, 0, 5, 2, 4, 9, 3]
aggregation_buffer:
[7, 1, 6, 8, 0, 5, 2, 4, 9, 3]
class-wise minimum distance tensor([5.4529, 8.2265, 3.9096, 5.6904, 3.9096, 6.8961, 3.9711, 6.8961, 8.8379,
        8.2139], device='cuda:0')
min_gap tensor(3.9096, device='cuda:0')
max_gap tensor(8.8379, device='cuda:0')
Server loss: 4.993415832519531
end Update
server_global_time: 109.9694816172123
only_train_time: 1639.1766833886504

-------------Global Round number: 46-------------

Evaluate heterogeneous models
Averaged Test Accuracy (Regular Model): 0.9297
Averaged Test Accuracy (Prototype Model): 0.9277
Std Test Accuracy (Regular Model): 0.0458
Std Test Accuracy (Prototype Model): 0.0471
tobetrained:
[7, 1, 6, 8, 0, 5, 2, 4, 9, 3]
Edge 7 begin training
Edge 1 begin training
Edge 6 begin training
Edge 8 begin training
Edge 0 begin training
Edge 5 begin training
Edge 2 begin training
Edge 4 begin training
Edge 9 begin training
Edge 3 begin training
readyList:
[7, 1, 6, 8, 2, 4, 0, 5, 9, 3]
aggregation_buffer:
[7, 1, 6, 8, 2, 4, 0, 5, 9, 3]
class-wise minimum distance tensor([5.4209, 8.0686, 3.8403, 5.5673, 3.8403, 6.7693, 3.9023, 6.7693, 8.7492,
        8.2027], device='cuda:0')
min_gap tensor(3.8403, device='cuda:0')
max_gap tensor(8.7492, device='cuda:0')
Server loss: 4.900505065917969
end Update
server_global_time: 112.29385627061129
only_train_time: 1673.785778619349

-------------Global Round number: 47-------------

Evaluate heterogeneous models
Averaged Test Accuracy (Regular Model): 0.9271
Averaged Test Accuracy (Prototype Model): 0.9252
Std Test Accuracy (Regular Model): 0.0447
Std Test Accuracy (Prototype Model): 0.0463
tobetrained:
[7, 1, 6, 8, 2, 4, 0, 5, 9, 3]
Edge 7 begin training
Edge 1 begin training
Edge 6 begin training
Edge 8 begin training
Edge 2 begin training
Edge 4 begin training
Edge 0 begin training
Edge 5 begin training
Edge 9 begin training
Edge 3 begin training
readyList:
[7, 8, 1, 6, 2, 5, 0, 4, 9, 3]
aggregation_buffer:
[7, 8, 1, 6, 2, 5, 0, 4, 9, 3]
class-wise minimum distance tensor([5.5643, 8.2455, 3.9238, 5.7328, 3.9238, 6.8570, 4.0997, 6.8570, 8.8000,
        8.3675], device='cuda:0')
min_gap tensor(3.9238, device='cuda:0')
max_gap tensor(8.8000, device='cuda:0')
Server loss: 4.986152648925781
end Update
server_global_time: 114.6013443917036
only_train_time: 1708.8364206478

-------------Global Round number: 48-------------

Evaluate heterogeneous models
Averaged Test Accuracy (Regular Model): 0.9274
Averaged Test Accuracy (Prototype Model): 0.9255
Std Test Accuracy (Regular Model): 0.0465
Std Test Accuracy (Prototype Model): 0.0471
tobetrained:
[7, 8, 1, 6, 2, 5, 0, 4, 9, 3]
Edge 7 begin training
Edge 8 begin training
Edge 1 begin training
Edge 6 begin training
Edge 2 begin training
Edge 5 begin training
Edge 0 begin training
Edge 4 begin training
Edge 9 begin training
Edge 3 begin training
readyList:
[7, 1, 6, 8, 2, 5, 0, 9, 4, 3]
aggregation_buffer:
[7, 1, 6, 8, 2, 5, 0, 9, 4, 3]
class-wise minimum distance tensor([5.6251, 8.2933, 3.9894, 5.7733, 3.9894, 6.8669, 4.1312, 6.8669, 8.9824,
        8.5180], device='cuda:0')
min_gap tensor(3.9894, device='cuda:0')
max_gap tensor(8.9824, device='cuda:0')
Server loss: 5.263911247253418
end Update
server_global_time: 116.86872416734695
only_train_time: 1743.7221788316965

-------------Global Round number: 49-------------

Evaluate heterogeneous models
Averaged Test Accuracy (Regular Model): 0.9295
Averaged Test Accuracy (Prototype Model): 0.9275
Std Test Accuracy (Regular Model): 0.0462
Std Test Accuracy (Prototype Model): 0.0471
tobetrained:
[7, 1, 6, 8, 2, 5, 0, 9, 4, 3]
Edge 7 begin training
Edge 1 begin training
Edge 6 begin training
Edge 8 begin training
Edge 2 begin training
Edge 5 begin training
Edge 0 begin training
Edge 9 begin training
Edge 4 begin training
Edge 3 begin training
readyList:
[7, 1, 6, 8, 2, 0, 4, 5, 9, 3]
aggregation_buffer:
[7, 1, 6, 8, 2, 0, 4, 5, 9, 3]
class-wise minimum distance tensor([5.6668, 8.2516, 3.9846, 5.8191, 3.9846, 6.8603, 4.1813, 6.8603, 8.8492,
        8.5842], device='cuda:0')
min_gap tensor(3.9846, device='cuda:0')
max_gap tensor(8.8492, device='cuda:0')
Server loss: 5.921278953552246
Server tgp_global_protos Not Found
Number of samples: 324
end Update
server_global_time: 119.19560743123293
only_train_time: 1778.1172786355019

-------------Global Round number: 50-------------

Evaluate heterogeneous models
Averaged Test Accuracy (Regular Model): 0.9286
Averaged Test Accuracy (Prototype Model): 0.9255
Std Test Accuracy (Regular Model): 0.0491
Std Test Accuracy (Prototype Model): 0.0498
tobetrained:
[7, 1, 6, 8, 2, 0, 4, 5, 9, 3]
Edge 7 begin training
Edge 1 begin training
Edge 6 begin training
Edge 8 begin training
Edge 2 begin training
Edge 0 begin training
Edge 4 begin training
Edge 5 begin training
Edge 9 begin training
Edge 3 begin training
readyList:
[7, 1, 8, 6, 2, 0, 5, 9, 4, 3]
aggregation_buffer:
[7, 1, 8, 6, 2, 0, 5, 9, 4, 3]
class-wise minimum distance tensor([5.7382, 8.4067, 4.0763, 5.9174, 4.0763, 7.0388, 4.3507, 7.0388, 8.9706,
        8.6252], device='cuda:0')
min_gap tensor(4.0763, device='cuda:0')
max_gap tensor(8.9706, device='cuda:0')
Server loss: 4.57656192779541
end Update
server_global_time: 121.52244961261749
only_train_time: 1812.8445225208998

-------------Global Round number: 51-------------

Evaluate heterogeneous models
Averaged Test Accuracy (Regular Model): 0.9297
Averaged Test Accuracy (Prototype Model): 0.9279
Std Test Accuracy (Regular Model): 0.0459
Std Test Accuracy (Prototype Model): 0.0470
tobetrained:
[7, 1, 8, 6, 2, 0, 5, 9, 4, 3]
Edge 7 begin training
Edge 1 begin training
Edge 8 begin training
Edge 6 begin training
Edge 2 begin training
Edge 0 begin training
Edge 5 begin training
Edge 9 begin training
Edge 4 begin training
Edge 3 begin training
readyList:
[7, 1, 6, 8, 2, 4, 0, 5, 9, 3]
aggregation_buffer:
[7, 1, 6, 8, 2, 4, 0, 5, 9, 3]
class-wise minimum distance tensor([5.7900, 8.5149, 4.1684, 6.0034, 4.1684, 7.1859, 4.4202, 7.1859, 9.0485,
        8.7233], device='cuda:0')
min_gap tensor(4.1684, device='cuda:0')
max_gap tensor(9.0485, device='cuda:0')
Server loss: 4.284983158111572
end Update
server_global_time: 123.87190365791321
only_train_time: 1847.1265428736806

-------------Global Round number: 52-------------

Evaluate heterogeneous models
Averaged Test Accuracy (Regular Model): 0.9302
Averaged Test Accuracy (Prototype Model): 0.9271
Std Test Accuracy (Regular Model): 0.0457
Std Test Accuracy (Prototype Model): 0.0474
tobetrained:
[7, 1, 6, 8, 2, 4, 0, 5, 9, 3]
Edge 7 begin training
Edge 1 begin training
Edge 6 begin training
Edge 8 begin training
Edge 2 begin training
Edge 4 begin training
Edge 0 begin training
Edge 5 begin training
Edge 9 begin training
Edge 3 begin training
readyList:
[6, 7, 8, 1, 9, 4, 5, 2, 0, 3]
aggregation_buffer:
[6, 7, 8, 1, 9, 4, 5, 2, 0, 3]
class-wise minimum distance tensor([5.9195, 8.6368, 4.2657, 6.0933, 4.2657, 7.3063, 4.5315, 7.3063, 9.2251,
        8.8346], device='cuda:0')
min_gap tensor(4.2657, device='cuda:0')
max_gap tensor(9.2251, device='cuda:0')
Server loss: 4.512404441833496
end Update
server_global_time: 126.07302894443274
only_train_time: 1882.9819418936968

-------------Global Round number: 53-------------

Evaluate heterogeneous models
Averaged Test Accuracy (Regular Model): 0.9297
Averaged Test Accuracy (Prototype Model): 0.9291
Std Test Accuracy (Regular Model): 0.0460
Std Test Accuracy (Prototype Model): 0.0463
tobetrained:
[6, 7, 8, 1, 9, 4, 5, 2, 0, 3]
Edge 6 begin training
Edge 7 begin training
Edge 8 begin training
Edge 1 begin training
Edge 9 begin training
Edge 4 begin training
Edge 5 begin training
Edge 2 begin training
Edge 0 begin training
Edge 3 begin training
readyList:
[1, 7, 8, 6, 2, 0, 5, 4, 9, 3]
aggregation_buffer:
[1, 7, 8, 6, 2, 0, 5, 4, 9, 3]
class-wise minimum distance tensor([5.8631, 8.6502, 4.3599, 6.1750, 4.3599, 7.2275, 4.5659, 7.2275, 9.2495,
        8.8760], device='cuda:0')
min_gap tensor(4.3599, device='cuda:0')
max_gap tensor(9.2495, device='cuda:0')
Server loss: 4.590868949890137
end Update
server_global_time: 128.26467064023018
only_train_time: 1917.3133098632097

-------------Global Round number: 54-------------

Evaluate heterogeneous models
Averaged Test Accuracy (Regular Model): 0.9302
Averaged Test Accuracy (Prototype Model): 0.9275
Std Test Accuracy (Regular Model): 0.0462
Std Test Accuracy (Prototype Model): 0.0481
tobetrained:
[1, 7, 8, 6, 2, 0, 5, 4, 9, 3]
Edge 1 begin training
Edge 7 begin training
Edge 8 begin training
Edge 6 begin training
Edge 2 begin training
Edge 0 begin training
Edge 5 begin training
Edge 4 begin training
Edge 9 begin training
Edge 3 begin training
readyList:
[7, 1, 8, 5, 0, 6, 2, 9, 4, 3]
aggregation_buffer:
[7, 1, 8, 5, 0, 6, 2, 9, 4, 3]
class-wise minimum distance tensor([6.0660, 8.7514, 4.4474, 6.2828, 4.4474, 7.4160, 4.6676, 7.4160, 9.2921,
        9.0796], device='cuda:0')
min_gap tensor(4.4474, device='cuda:0')
max_gap tensor(9.2921, device='cuda:0')
Server loss: 3.3392577171325684
end Update
server_global_time: 130.44609227776527
only_train_time: 1951.2740792781115

-------------Global Round number: 55-------------

Evaluate heterogeneous models
Averaged Test Accuracy (Regular Model): 0.9305
Averaged Test Accuracy (Prototype Model): 0.9288
Std Test Accuracy (Regular Model): 0.0448
Std Test Accuracy (Prototype Model): 0.0463
tobetrained:
[7, 1, 8, 5, 0, 6, 2, 9, 4, 3]
Edge 7 begin training
Edge 1 begin training
Edge 8 begin training
Edge 5 begin training
Edge 0 begin training
Edge 6 begin training
Edge 2 begin training
Edge 9 begin training
Edge 4 begin training
Edge 3 begin training
readyList:
[7, 8, 1, 6, 5, 0, 4, 2, 9, 3]
aggregation_buffer:
[7, 8, 1, 6, 5, 0, 4, 2, 9, 3]
class-wise minimum distance tensor([6.1152, 8.7248, 4.4768, 6.3290, 4.4768, 7.4127, 4.7470, 7.4127, 9.3699,
        9.0692], device='cuda:0')
min_gap tensor(4.4768, device='cuda:0')
max_gap tensor(9.3699, device='cuda:0')
Server loss: 4.870927333831787
end Update
server_global_time: 132.63187227398157
only_train_time: 1984.8128438666463

-------------Global Round number: 56-------------

Evaluate heterogeneous models
Averaged Test Accuracy (Regular Model): 0.9308
Averaged Test Accuracy (Prototype Model): 0.9287
Std Test Accuracy (Regular Model): 0.0450
Std Test Accuracy (Prototype Model): 0.0459
tobetrained:
[7, 8, 1, 6, 5, 0, 4, 2, 9, 3]
Edge 7 begin training
Edge 8 begin training
Edge 1 begin training
Edge 6 begin training
Edge 5 begin training
Edge 0 begin training
Edge 4 begin training
Edge 2 begin training
Edge 9 begin training
Edge 3 begin training
readyList:
[7, 8, 2, 5, 0, 6, 1, 4, 9, 3]
aggregation_buffer:
[7, 8, 2, 5, 0, 6, 1, 4, 9, 3]
class-wise minimum distance tensor([6.1679, 8.8889, 4.5905, 6.4891, 4.5905, 7.4220, 4.7810, 7.4220, 9.4134,
        9.2433], device='cuda:0')
min_gap tensor(4.5905, device='cuda:0')
max_gap tensor(9.4134, device='cuda:0')
Server loss: 4.637258529663086
end Update
server_global_time: 134.99313843250275
only_train_time: 2019.5245374664664

-------------Global Round number: 57-------------

Evaluate heterogeneous models
Averaged Test Accuracy (Regular Model): 0.9307
Averaged Test Accuracy (Prototype Model): 0.9285
Std Test Accuracy (Regular Model): 0.0451
Std Test Accuracy (Prototype Model): 0.0470
tobetrained:
[7, 8, 2, 5, 0, 6, 1, 4, 9, 3]
Edge 7 begin training
Edge 8 begin training
Edge 2 begin training
Edge 5 begin training
Edge 0 begin training
Edge 6 begin training
Edge 1 begin training
Edge 4 begin training
Edge 9 begin training
Edge 3 begin training
readyList:
[7, 6, 1, 8, 5, 4, 2, 9, 0, 3]
aggregation_buffer:
[7, 6, 1, 8, 5, 4, 2, 9, 0, 3]
class-wise minimum distance tensor([6.3949, 8.9469, 4.6895, 6.5994, 4.6895, 7.5951, 4.9244, 7.5951, 9.4446,
        9.2499], device='cuda:0')
min_gap tensor(4.6895, device='cuda:0')
max_gap tensor(9.4446, device='cuda:0')
Server loss: 5.405982494354248
end Update
server_global_time: 137.304084405303
only_train_time: 2053.446169152856

-------------Global Round number: 58-------------

Evaluate heterogeneous models
Averaged Test Accuracy (Regular Model): 0.9306
Averaged Test Accuracy (Prototype Model): 0.9287
Std Test Accuracy (Regular Model): 0.0456
Std Test Accuracy (Prototype Model): 0.0469
tobetrained:
[7, 6, 1, 8, 5, 4, 2, 9, 0, 3]
Edge 7 begin training
Edge 6 begin training
Edge 1 begin training
Edge 8 begin training
Edge 5 begin training
Edge 4 begin training
Edge 2 begin training
Edge 9 begin training
Edge 0 begin training
Edge 3 begin training
readyList:
[7, 1, 6, 8, 5, 0, 2, 4, 9, 3]
aggregation_buffer:
[7, 1, 6, 8, 5, 0, 2, 4, 9, 3]
class-wise minimum distance tensor([6.3165, 8.7602, 4.6666, 6.5307, 4.6666, 7.5133, 4.8431, 7.5133, 9.4585,
        9.1443], device='cuda:0')
min_gap tensor(4.6666, device='cuda:0')
max_gap tensor(9.4585, device='cuda:0')
Server loss: 4.809610843658447
end Update
server_global_time: 139.62859743088484
only_train_time: 2087.608591735363

-------------Global Round number: 59-------------

Evaluate heterogeneous models
Averaged Test Accuracy (Regular Model): 0.9302
Averaged Test Accuracy (Prototype Model): 0.9293
Std Test Accuracy (Regular Model): 0.0445
Std Test Accuracy (Prototype Model): 0.0465
tobetrained:
[7, 1, 6, 8, 5, 0, 2, 4, 9, 3]
Edge 7 begin training
Edge 1 begin training
Edge 6 begin training
Edge 8 begin training
Edge 5 begin training
Edge 0 begin training
Edge 2 begin training
Edge 4 begin training
Edge 9 begin training
Edge 3 begin training
readyList:
[7, 8, 2, 0, 5, 6, 4, 9, 1, 3]
aggregation_buffer:
[7, 8, 2, 0, 5, 6, 4, 9, 1, 3]
class-wise minimum distance tensor([6.5143, 8.9021, 4.7926, 6.6276, 4.7926, 7.6610, 5.0427, 7.6610, 9.6263,
        9.2793], device='cuda:0')
min_gap tensor(4.7926, device='cuda:0')
max_gap tensor(9.6263, device='cuda:0')
Server loss: 4.843489170074463
Server tgp_global_protos Not Found
Number of samples: 324
end Update
server_global_time: 141.9434465393424
only_train_time: 2123.1790446043015

-------------Global Round number: 60-------------

Evaluate heterogeneous models
Averaged Test Accuracy (Regular Model): 0.9302
Averaged Test Accuracy (Prototype Model): 0.9290
Std Test Accuracy (Regular Model): 0.0453
Std Test Accuracy (Prototype Model): 0.0458
tobetrained:
[7, 8, 2, 0, 5, 6, 4, 9, 1, 3]
Edge 7 begin training
Edge 8 begin training
Edge 2 begin training
Edge 0 begin training
Edge 5 begin training
Edge 6 begin training
Edge 4 begin training
Edge 9 begin training
Edge 1 begin training
Edge 3 begin training
readyList:
[7, 1, 6, 8, 2, 5, 0, 4, 9, 3]
aggregation_buffer:
[7, 1, 6, 8, 2, 5, 0, 4, 9, 3]
class-wise minimum distance tensor([6.5302, 8.8624, 4.8929, 6.6501, 4.8929, 7.7502, 5.0787, 7.7502, 9.5343,
        9.2720], device='cuda:0')
min_gap tensor(4.8929, device='cuda:0')
max_gap tensor(9.5343, device='cuda:0')
Server loss: 5.213601112365723
end Update
server_global_time: 144.2404115051031
only_train_time: 2157.6538127809763

-------------Global Round number: 61-------------

Evaluate heterogeneous models
Averaged Test Accuracy (Regular Model): 0.9307
Averaged Test Accuracy (Prototype Model): 0.9291
Std Test Accuracy (Regular Model): 0.0451
Std Test Accuracy (Prototype Model): 0.0462
tobetrained:
[7, 1, 6, 8, 2, 5, 0, 4, 9, 3]
Edge 7 begin training
Edge 1 begin training
Edge 6 begin training
Edge 8 begin training
Edge 2 begin training
Edge 5 begin training
Edge 0 begin training
Edge 4 begin training
Edge 9 begin training
Edge 3 begin training
readyList:
[7, 6, 1, 8, 2, 4, 5, 0, 9, 3]
aggregation_buffer:
[7, 6, 1, 8, 2, 4, 5, 0, 9, 3]
class-wise minimum distance tensor([6.7220, 8.9927, 4.9718, 6.7776, 4.9718, 7.7787, 5.2138, 7.7787, 9.6455,
        9.4636], device='cuda:0')
min_gap tensor(4.9718, device='cuda:0')
max_gap tensor(9.6455, device='cuda:0')
Server loss: 4.484760284423828
end Update
server_global_time: 146.54826648533344
only_train_time: 2192.1096883416176

-------------Global Round number: 62-------------

Evaluate heterogeneous models
Averaged Test Accuracy (Regular Model): 0.9299
Averaged Test Accuracy (Prototype Model): 0.9294
Std Test Accuracy (Regular Model): 0.0460
Std Test Accuracy (Prototype Model): 0.0458
tobetrained:
[7, 6, 1, 8, 2, 4, 5, 0, 9, 3]
Edge 7 begin training
Edge 6 begin training
Edge 1 begin training
Edge 8 begin training
Edge 2 begin training
Edge 4 begin training
Edge 5 begin training
Edge 0 begin training
Edge 9 begin training
Edge 3 begin training
readyList:
[7, 1, 6, 8, 0, 5, 2, 4, 9, 3]
aggregation_buffer:
[7, 1, 6, 8, 0, 5, 2, 4, 9, 3]
class-wise minimum distance tensor([6.7740, 9.0946, 5.0321, 6.7740, 5.0321, 7.8066, 5.2904, 7.8066, 9.7242,
        9.2597], device='cuda:0')
min_gap tensor(5.0321, device='cuda:0')
max_gap tensor(9.7242, device='cuda:0')
Server loss: 4.196305751800537
end Update
server_global_time: 148.89191231876612
only_train_time: 2226.170063652098

-------------Global Round number: 63-------------

Evaluate heterogeneous models
Averaged Test Accuracy (Regular Model): 0.9307
Averaged Test Accuracy (Prototype Model): 0.9295
Std Test Accuracy (Regular Model): 0.0453
Std Test Accuracy (Prototype Model): 0.0459
tobetrained:
[7, 1, 6, 8, 0, 5, 2, 4, 9, 3]
Edge 7 begin training
Edge 1 begin training
Edge 6 begin training
Edge 8 begin training
Edge 0 begin training
Edge 5 begin training
Edge 2 begin training
Edge 4 begin training
Edge 9 begin training
Edge 3 begin training
readyList:
[7, 6, 1, 8, 5, 0, 2, 4, 9, 3]
aggregation_buffer:
[7, 6, 1, 8, 5, 0, 2, 4, 9, 3]
class-wise minimum distance tensor([6.8420, 9.1302, 5.0962, 6.8884, 5.0962, 7.8975, 5.3452, 7.8975, 9.6291,
        9.3464], device='cuda:0')
min_gap tensor(5.0962, device='cuda:0')
max_gap tensor(9.6291, device='cuda:0')
Server loss: 4.757763862609863
end Update
server_global_time: 151.13803350925446
only_train_time: 2260.293648444116

-------------Global Round number: 64-------------

Evaluate heterogeneous models
Averaged Test Accuracy (Regular Model): 0.9311
Averaged Test Accuracy (Prototype Model): 0.9299
Std Test Accuracy (Regular Model): 0.0445
Std Test Accuracy (Prototype Model): 0.0457
tobetrained:
[7, 6, 1, 8, 5, 0, 2, 4, 9, 3]
Edge 7 begin training
Edge 6 begin training
Edge 1 begin training
Edge 8 begin training
Edge 5 begin training
Edge 0 begin training
Edge 2 begin training
Edge 4 begin training
Edge 9 begin training
Edge 3 begin training
readyList:
[7, 6, 1, 8, 2, 0, 4, 5, 9, 3]
aggregation_buffer:
[7, 6, 1, 8, 2, 0, 4, 5, 9, 3]
class-wise minimum distance tensor([6.9651, 9.1488, 5.1703, 6.9651, 5.1703, 7.8553, 5.4372, 7.8553, 9.7017,
        9.4458], device='cuda:0')
min_gap tensor(5.1703, device='cuda:0')
max_gap tensor(9.7017, device='cuda:0')
Server loss: nan
end Update
server_global_time: 153.37016609311104
only_train_time: 2294.5516719669104

-------------Global Round number: 65-------------

Evaluate heterogeneous models
Averaged Test Accuracy (Regular Model): 0.9309
Averaged Test Accuracy (Prototype Model): 0.0975
Std Test Accuracy (Regular Model): 0.0452
Std Test Accuracy (Prototype Model): 0.1431
tobetrained:
[7, 6, 1, 8, 2, 0, 4, 5, 9, 3]
Edge 7 begin training
Edge 6 begin training
Edge 1 begin training
Edge 8 begin training
Edge 2 begin training
Edge 0 begin training
