==================================================
goal = test
device = cuda
device_id = 0
dataset = FashionMNIST_dir_0.3_imbalance_40
num_classes = 10
model_family = HCNNs8
batch_size = 256
local_learning_rate = 0.06
use_decay_scheduler = False
learning_rate_decay = False
learning_rate_decay_gamma = 0.99
global_rounds = 200
edge_epochs = 1
local_epochs = 5
algorithm = FedGen
join_ratio = 1.0
random_join_ratio = False
num_clients = 40
num_edges = 10
prev = 0
times = 1
eval_gap = 1
save_folder_name = temp
auto_break = False
feature_dim = 512
vocab_size = 98635
max_len = 200
client_drop_rate = 0.0
train_slow_rate = 0.0
send_slow_rate = 0.0
time_select = False
time_threthold = 10000
optimizer = SGD
lamda = 1
weight_decay = 0
trans_delay_simulate = False
momentum = 0.8
agg_type = 0
buffersize = 10
mixclassifier = 0
gl_use_clients = 1
test_useglclassifier = 1
tgpaddmse = 0
addmse = 0
gamma = 1
addTGP = 0
SAEbeta = 0
drawtsne = 1
drawround = 20
noise_dim = 512
generator_learning_rate = 0.005
hidden_dim = 512
server_epochs = 100
alpha = 1.0
beta = 1.0
mentee_learning_rate = 0.005
T_start = 0.95
T_end = 0.98
server_learning_rate = 0.01
margin_threthold = 100.0
generator_path = stylegan/stylegan-xl-models/imagenet64.pkl
stable_diffusion_prompt = a cat
server_batch_size = 100
gen_batch_size = 4
mu = 50.0
==================================================
Random seed set as 42

============= Running time: 0th =============
Creating server and clients ...
CNN(num_cov=1, hidden_dims=[], in_features=1, num_classes=args.num_classes)
CNN(num_cov=2, hidden_dims=[], in_features=1, num_classes=args.num_classes)
CNN(num_cov=1, hidden_dims=[512], in_features=1, num_classes=args.num_classes)
CNN(num_cov=2, hidden_dims=[512], in_features=1, num_classes=args.num_classes)
CNN(num_cov=1, hidden_dims=[1024], in_features=1, num_classes=args.num_classes)
CNN(num_cov=2, hidden_dims=[1024], in_features=1, num_classes=args.num_classes)
CNN(num_cov=1, hidden_dims=[1024, 512], in_features=1, num_classes=args.num_classes)
CNN(num_cov=2, hidden_dims=[1024, 512], in_features=1, num_classes=args.num_classes)
CNN(num_cov=1, hidden_dims=[], in_features=1, num_classes=args.num_classes) model chosen!
id 0
label_counts: defaultdict(<class 'int'>, {0: 263, 1: 304, 5: 94, 9: 505, 3: 25, 2: 86, 6: 3})
CNN(num_cov=2, hidden_dims=[], in_features=1, num_classes=args.num_classes) model chosen!
id 1
label_counts: defaultdict(<class 'int'>, {7: 178, 4: 564, 1: 460, 5: 42, 0: 14, 2: 17, 3: 3, 6: 2})
CNN(num_cov=1, hidden_dims=[512], in_features=1, num_classes=args.num_classes) model chosen!
id 2
label_counts: defaultdict(<class 'int'>, {9: 90, 0: 168, 7: 273, 5: 135, 6: 57, 4: 10, 3: 27, 8: 5, 2: 3})
CNN(num_cov=2, hidden_dims=[512], in_features=1, num_classes=args.num_classes) model chosen!
id 3
label_counts: defaultdict(<class 'int'>, {8: 158, 3: 137, 2: 329, 0: 1, 4: 43, 6: 83, 9: 14, 5: 3})
CNN(num_cov=1, hidden_dims=[1024], in_features=1, num_classes=args.num_classes) model chosen!
id 4
label_counts: defaultdict(<class 'int'>, {1: 363, 0: 286, 5: 463, 2: 163, 4: 5})
CNN(num_cov=2, hidden_dims=[1024], in_features=1, num_classes=args.num_classes) model chosen!
id 5
label_counts: defaultdict(<class 'int'>, {4: 405, 6: 616, 1: 96, 3: 40, 2: 54, 8: 45, 5: 13, 7: 10, 0: 1})
CNN(num_cov=1, hidden_dims=[1024, 512], in_features=1, num_classes=args.num_classes) model chosen!
id 6
label_counts: defaultdict(<class 'int'>, {4: 237, 8: 342, 9: 383, 3: 21, 6: 26, 2: 5, 1: 9, 7: 1})
CNN(num_cov=2, hidden_dims=[1024, 512], in_features=1, num_classes=args.num_classes) model chosen!
id 7
label_counts: defaultdict(<class 'int'>, {9: 449, 0: 34, 6: 318, 8: 607, 5: 13, 1: 11, 4: 50, 3: 35, 7: 14, 2: 5})
CNN(num_cov=1, hidden_dims=[], in_features=1, num_classes=args.num_classes) model chosen!
id 8
label_counts: defaultdict(<class 'int'>, {9: 82, 4: 417, 2: 66, 0: 105, 5: 12, 6: 53, 8: 23, 3: 7, 1: 3})
CNN(num_cov=2, hidden_dims=[], in_features=1, num_classes=args.num_classes) model chosen!
id 9
label_counts: defaultdict(<class 'int'>, {3: 908, 1: 129, 2: 172, 0: 71})
CNN(num_cov=1, hidden_dims=[512], in_features=1, num_classes=args.num_classes) model chosen!
id 10
label_counts: defaultdict(<class 'int'>, {4: 769, 8: 400, 2: 53, 3: 9, 5: 17, 0: 29, 7: 1, 1: 1, 6: 1})
CNN(num_cov=2, hidden_dims=[512], in_features=1, num_classes=args.num_classes) model chosen!
id 11
label_counts: defaultdict(<class 'int'>, {6: 129, 1: 52, 8: 201, 4: 207, 5: 49, 3: 41, 7: 7, 9: 72, 2: 10})
CNN(num_cov=1, hidden_dims=[1024], in_features=1, num_classes=args.num_classes) model chosen!
id 12
label_counts: defaultdict(<class 'int'>, {5: 83, 6: 190, 3: 124, 1: 196, 0: 162, 9: 11, 4: 1, 7: 1})
CNN(num_cov=2, hidden_dims=[1024], in_features=1, num_classes=args.num_classes) model chosen!
id 13
label_counts: defaultdict(<class 'int'>, {3: 370, 2: 718, 7: 167, 0: 10, 4: 7, 5: 2, 1: 6})
CNN(num_cov=1, hidden_dims=[1024, 512], in_features=1, num_classes=args.num_classes) model chosen!
id 14
label_counts: defaultdict(<class 'int'>, {3: 123, 0: 284, 5: 60, 1: 51, 9: 188, 2: 39, 4: 20, 8: 3})
CNN(num_cov=2, hidden_dims=[1024, 512], in_features=1, num_classes=args.num_classes) model chosen!
id 15
label_counts: defaultdict(<class 'int'>, {6: 947, 5: 209, 1: 38, 0: 74, 3: 11, 4: 1})
CNN(num_cov=1, hidden_dims=[], in_features=1, num_classes=args.num_classes) model chosen!
id 16
label_counts: defaultdict(<class 'int'>, {8: 237, 1: 732, 3: 73, 4: 52, 5: 59, 0: 115, 6: 12})
CNN(num_cov=2, hidden_dims=[], in_features=1, num_classes=args.num_classes) model chosen!
id 17
label_counts: defaultdict(<class 'int'>, {5: 475, 8: 612, 3: 30, 4: 27, 0: 100, 2: 16, 6: 17, 1: 2, 7: 1})
CNN(num_cov=1, hidden_dims=[512], in_features=1, num_classes=args.num_classes) model chosen!
id 18
label_counts: defaultdict(<class 'int'>, {5: 25, 7: 204, 4: 95, 8: 325, 1: 87, 3: 28, 6: 2, 0: 1, 2: 1})
CNN(num_cov=2, hidden_dims=[512], in_features=1, num_classes=args.num_classes) model chosen!
id 19
label_counts: defaultdict(<class 'int'>, {1: 358, 0: 1178})
CNN(num_cov=1, hidden_dims=[1024], in_features=1, num_classes=args.num_classes) model chosen!
id 20
label_counts: defaultdict(<class 'int'>, {9: 754, 2: 16, 7: 115, 1: 253, 6: 40, 4: 184, 0: 34, 5: 138, 8: 1, 3: 1})
CNN(num_cov=2, hidden_dims=[1024], in_features=1, num_classes=args.num_classes) model chosen!
id 21
label_counts: defaultdict(<class 'int'>, {7: 16, 1: 354, 4: 269, 6: 205, 0: 120, 3: 54, 8: 4, 9: 1, 5: 1})
CNN(num_cov=1, hidden_dims=[1024, 512], in_features=1, num_classes=args.num_classes) model chosen!
id 22
label_counts: defaultdict(<class 'int'>, {7: 357, 5: 221, 1: 96, 6: 58, 2: 8, 0: 11, 8: 15, 4: 1, 3: 1})
CNN(num_cov=2, hidden_dims=[1024, 512], in_features=1, num_classes=args.num_classes) model chosen!
id 23
label_counts: defaultdict(<class 'int'>, {9: 189, 0: 166, 8: 101, 1: 24, 5: 30, 3: 1, 7: 1})
CNN(num_cov=1, hidden_dims=[], in_features=1, num_classes=args.num_classes) model chosen!
id 24
label_counts: defaultdict(<class 'int'>, {4: 257, 3: 391, 5: 103, 9: 199, 0: 57, 8: 15, 1: 2})
CNN(num_cov=2, hidden_dims=[], in_features=1, num_classes=args.num_classes) model chosen!
id 25
label_counts: defaultdict(<class 'int'>, {3: 361, 5: 462, 1: 32, 0: 72, 7: 205, 2: 142, 4: 6})
CNN(num_cov=1, hidden_dims=[512], in_features=1, num_classes=args.num_classes) model chosen!
id 26
label_counts: defaultdict(<class 'int'>, {0: 386, 8: 485, 7: 156, 2: 103, 4: 115, 1: 8, 3: 23, 5: 4})
CNN(num_cov=2, hidden_dims=[512], in_features=1, num_classes=args.num_classes) model chosen!
id 27
label_counts: defaultdict(<class 'int'>, {2: 169, 5: 476, 6: 224, 3: 70, 0: 79, 4: 5, 7: 1})
CNN(num_cov=1, hidden_dims=[1024], in_features=1, num_classes=args.num_classes) model chosen!
id 28
label_counts: defaultdict(<class 'int'>, {0: 17, 1: 43, 9: 192, 3: 17, 7: 126, 2: 39, 8: 67, 4: 1, 5: 8, 6: 2})
CNN(num_cov=2, hidden_dims=[1024], in_features=1, num_classes=args.num_classes) model chosen!
id 29
label_counts: defaultdict(<class 'int'>, {5: 282, 8: 115, 6: 3, 7: 307, 1: 15, 9: 139, 3: 139, 2: 22, 4: 2})
CNN(num_cov=1, hidden_dims=[1024, 512], in_features=1, num_classes=args.num_classes) model chosen!
id 30
label_counts: defaultdict(<class 'int'>, {8: 209, 7: 276, 0: 221, 9: 39, 5: 20, 2: 1, 1: 1, 3: 1})
CNN(num_cov=2, hidden_dims=[1024, 512], in_features=1, num_classes=args.num_classes) model chosen!
id 31
label_counts: defaultdict(<class 'int'>, {2: 462, 1: 196, 4: 536, 0: 86})
CNN(num_cov=1, hidden_dims=[], in_features=1, num_classes=args.num_classes) model chosen!
id 32
label_counts: defaultdict(<class 'int'>, {9: 1136, 7: 49, 2: 274, 6: 75, 5: 143, 3: 51, 1: 20, 0: 31, 8: 12, 4: 1})
CNN(num_cov=2, hidden_dims=[], in_features=1, num_classes=args.num_classes) model chosen!
id 33
label_counts: defaultdict(<class 'int'>, {0: 140, 2: 386, 3: 259, 1: 68, 7: 112, 6: 239, 4: 76})
CNN(num_cov=1, hidden_dims=[512], in_features=1, num_classes=args.num_classes) model chosen!
id 34
label_counts: defaultdict(<class 'int'>, {6: 791, 2: 788, 1: 38, 0: 156, 3: 11, 4: 8})
CNN(num_cov=2, hidden_dims=[512], in_features=1, num_classes=args.num_classes) model chosen!
id 35
label_counts: defaultdict(<class 'int'>, {0: 298, 2: 89, 4: 308, 7: 35, 3: 119, 1: 25, 5: 65, 9: 69, 6: 15, 8: 1})
CNN(num_cov=1, hidden_dims=[1024], in_features=1, num_classes=args.num_classes) model chosen!
id 36
label_counts: defaultdict(<class 'int'>, {8: 185, 3: 330, 6: 360, 2: 114, 7: 109, 9: 137, 1: 37, 0: 3, 4: 5})
CNN(num_cov=2, hidden_dims=[1024], in_features=1, num_classes=args.num_classes) model chosen!
id 37
label_counts: defaultdict(<class 'int'>, {3: 989, 7: 2163, 6: 141, 5: 11, 2: 20, 0: 1, 4: 3})
CNN(num_cov=1, hidden_dims=[1024, 512], in_features=1, num_classes=args.num_classes) model chosen!
id 38
label_counts: defaultdict(<class 'int'>, {5: 995, 1: 489, 0: 12, 2: 23, 3: 16, 4: 1})
CNN(num_cov=2, hidden_dims=[1024, 512], in_features=1, num_classes=args.num_classes) model chosen!
id 39
label_counts: defaultdict(<class 'int'>, {8: 428, 2: 330, 6: 198, 1: 37, 5: 11, 7: 2, 0: 12, 3: 2, 4: 1, 9: 3})

Join ratio / total clients: 1.0 / 40
Finished creating server and clients.
------------------------- time cost ------------------------- 16.273332834243774

-------------Round number: 0-------------

Evaluate heterogeneous models
Averaged Test Accurancy: 0.8011
Averaged Test AUC: 0.9548
Std Test Accurancy: 0.1600
Std Test AUC: 0.0342
------------------------- time cost ------------------------- 14.768082618713379

-------------Round number: 1-------------

Evaluate heterogeneous models
Averaged Test Accurancy: 0.8665
Averaged Test AUC: 0.9764
Std Test Accurancy: 0.0918
Std Test AUC: 0.0180
------------------------- time cost ------------------------- 15.41743278503418

-------------Round number: 2-------------

Evaluate heterogeneous models
Averaged Test Accurancy: 0.8898
Averaged Test AUC: 0.9843
Std Test Accurancy: 0.0782
Std Test AUC: 0.0114
------------------------- time cost ------------------------- 15.50451135635376

-------------Round number: 3-------------

Evaluate heterogeneous models
Averaged Test Accurancy: 0.8966
Averaged Test AUC: 0.9868
Std Test Accurancy: 0.0709
Std Test AUC: 0.0094
------------------------- time cost ------------------------- 15.536793231964111

-------------Round number: 4-------------

Evaluate heterogeneous models
Averaged Test Accurancy: 0.9109
Averaged Test AUC: 0.9880
Std Test Accurancy: 0.0593
Std Test AUC: 0.0094
------------------------- time cost ------------------------- 15.416644096374512

-------------Round number: 5-------------

Evaluate heterogeneous models
Averaged Test Accurancy: 0.9125
Averaged Test AUC: 0.9886
Std Test Accurancy: 0.0584
Std Test AUC: 0.0090
------------------------- time cost ------------------------- 15.782324075698853

-------------Round number: 6-------------

Evaluate heterogeneous models
Averaged Test Accurancy: 0.9108
Averaged Test AUC: 0.9886
Std Test Accurancy: 0.0592
Std Test AUC: 0.0093
------------------------- time cost ------------------------- 15.673513650894165

-------------Round number: 7-------------

Evaluate heterogeneous models
Averaged Test Accurancy: 0.9193
Averaged Test AUC: 0.9898
Std Test Accurancy: 0.0517
Std Test AUC: 0.0082
------------------------- time cost ------------------------- 15.621346950531006

-------------Round number: 8-------------

Evaluate heterogeneous models
Averaged Test Accurancy: 0.9172
Averaged Test AUC: 0.9899
Std Test Accurancy: 0.0560
Std Test AUC: 0.0079
------------------------- time cost ------------------------- 15.495332956314087

-------------Round number: 9-------------

Evaluate heterogeneous models
Averaged Test Accurancy: 0.9240
Averaged Test AUC: 0.9901
Std Test Accurancy: 0.0491
Std Test AUC: 0.0085
------------------------- time cost ------------------------- 15.659595727920532

-------------Round number: 10-------------

Evaluate heterogeneous models
Averaged Test Accurancy: 0.9176
Averaged Test AUC: 0.9894
Std Test Accurancy: 0.0525
Std Test AUC: 0.0090
------------------------- time cost ------------------------- 15.948450803756714

-------------Round number: 11-------------

Evaluate heterogeneous models
Averaged Test Accurancy: 0.9223
Averaged Test AUC: 0.9902
Std Test Accurancy: 0.0489
Std Test AUC: 0.0085
------------------------- time cost ------------------------- 15.621715545654297

-------------Round number: 12-------------

Evaluate heterogeneous models
Averaged Test Accurancy: 0.9214
Averaged Test AUC: 0.9899
Std Test Accurancy: 0.0538
Std Test AUC: 0.0101
------------------------- time cost ------------------------- 16.043665885925293

-------------Round number: 13-------------

Evaluate heterogeneous models
Averaged Test Accurancy: 0.9218
Averaged Test AUC: 0.9895
Std Test Accurancy: 0.0541
Std Test AUC: 0.0102
------------------------- time cost ------------------------- 15.639902591705322

-------------Round number: 14-------------

Evaluate heterogeneous models
Averaged Test Accurancy: 0.9235
Averaged Test AUC: 0.9900
Std Test Accurancy: 0.0479
Std Test AUC: 0.0087
------------------------- time cost ------------------------- 15.529758214950562

-------------Round number: 15-------------

Evaluate heterogeneous models
Averaged Test Accurancy: 0.9245
Averaged Test AUC: 0.9904
Std Test Accurancy: 0.0459
Std Test AUC: 0.0081
------------------------- time cost ------------------------- 15.63822889328003

-------------Round number: 16-------------

Evaluate heterogeneous models
Averaged Test Accurancy: 0.9242
Averaged Test AUC: 0.9903
Std Test Accurancy: 0.0489
Std Test AUC: 0.0085
------------------------- time cost ------------------------- 16.00101661682129

-------------Round number: 17-------------

Evaluate heterogeneous models
Averaged Test Accurancy: 0.9247
Averaged Test AUC: 0.9905
Std Test Accurancy: 0.0463
Std Test AUC: 0.0079
------------------------- time cost ------------------------- 15.5746750831604

-------------Round number: 18-------------

Evaluate heterogeneous models
Averaged Test Accurancy: 0.9251
Averaged Test AUC: 0.9906
Std Test Accurancy: 0.0462
Std Test AUC: 0.0079
------------------------- time cost ------------------------- 15.878671407699585

-------------Round number: 19-------------

Evaluate heterogeneous models
Averaged Test Accurancy: 0.9251
Averaged Test AUC: 0.9906
Std Test Accurancy: 0.0464
Std Test AUC: 0.0080
------------------------- time cost ------------------------- 15.475301742553711

-------------Round number: 20-------------

Evaluate heterogeneous models
Averaged Test Accurancy: 0.9255
Averaged Test AUC: 0.9906
Std Test Accurancy: 0.0468
Std Test AUC: 0.0080
------------------------- time cost ------------------------- 15.597012519836426

-------------Round number: 21-------------

Evaluate heterogeneous models
Averaged Test Accurancy: 0.9247
Averaged Test AUC: 0.9906
Std Test Accurancy: 0.0475
Std Test AUC: 0.0080
------------------------- time cost ------------------------- 15.7210054397583

-------------Round number: 22-------------

Evaluate heterogeneous models
Averaged Test Accurancy: 0.9256
Averaged Test AUC: 0.9906
Std Test Accurancy: 0.0461
Std Test AUC: 0.0080
------------------------- time cost ------------------------- 15.385681629180908

-------------Round number: 23-------------

Evaluate heterogeneous models
Averaged Test Accurancy: 0.9252
Averaged Test AUC: 0.9906
Std Test Accurancy: 0.0467
Std Test AUC: 0.0080
------------------------- time cost ------------------------- 15.764243841171265

-------------Round number: 24-------------

Evaluate heterogeneous models
Averaged Test Accurancy: 0.9245
Averaged Test AUC: 0.9906
Std Test Accurancy: 0.0470
Std Test AUC: 0.0080
------------------------- time cost ------------------------- 15.748020887374878

-------------Round number: 25-------------

Evaluate heterogeneous models
Averaged Test Accurancy: 0.9250
Averaged Test AUC: 0.9906
Std Test Accurancy: 0.0464
Std Test AUC: 0.0080
------------------------- time cost ------------------------- 15.716936349868774

-------------Round number: 26-------------

Evaluate heterogeneous models
Averaged Test Accurancy: 0.9249
Averaged Test AUC: 0.9905
Std Test Accurancy: 0.0464
Std Test AUC: 0.0080
------------------------- time cost ------------------------- 15.827394008636475

-------------Round number: 27-------------

Evaluate heterogeneous models
Averaged Test Accurancy: 0.9249
Averaged Test AUC: 0.9905
Std Test Accurancy: 0.0471
Std Test AUC: 0.0081
------------------------- time cost ------------------------- 15.660034656524658

-------------Round number: 28-------------

Evaluate heterogeneous models
Averaged Test Accurancy: 0.9246
Averaged Test AUC: 0.9905
Std Test Accurancy: 0.0467
Std Test AUC: 0.0080
------------------------- time cost ------------------------- 16.10737633705139

-------------Round number: 29-------------

Evaluate heterogeneous models
Averaged Test Accurancy: 0.9243
Averaged Test AUC: 0.9905
Std Test Accurancy: 0.0470
Std Test AUC: 0.0081
------------------------- time cost ------------------------- 15.889780759811401

-------------Round number: 30-------------

Evaluate heterogeneous models
Averaged Test Accurancy: 0.9246
Averaged Test AUC: 0.9904
Std Test Accurancy: 0.0467
Std Test AUC: 0.0081
------------------------- time cost ------------------------- 15.729476928710938

-------------Round number: 31-------------

Evaluate heterogeneous models
Averaged Test Accurancy: 0.9245
Averaged Test AUC: 0.9904
Std Test Accurancy: 0.0467
Std Test AUC: 0.0081
------------------------- time cost ------------------------- 15.643555641174316

-------------Round number: 32-------------

Evaluate heterogeneous models
Averaged Test Accurancy: 0.9246
Averaged Test AUC: 0.9904
Std Test Accurancy: 0.0468
Std Test AUC: 0.0081
------------------------- time cost ------------------------- 16.177279949188232

-------------Round number: 33-------------

Evaluate heterogeneous models
Averaged Test Accurancy: 0.9245
Averaged Test AUC: 0.9904
Std Test Accurancy: 0.0468
Std Test AUC: 0.0081
------------------------- time cost ------------------------- 15.686522960662842

-------------Round number: 34-------------

Evaluate heterogeneous models
Averaged Test Accurancy: 0.9245
Averaged Test AUC: 0.9904
Std Test Accurancy: 0.0469
Std Test AUC: 0.0081
------------------------- time cost ------------------------- 15.605798244476318

-------------Round number: 35-------------

Evaluate heterogeneous models
Averaged Test Accurancy: 0.9242
Averaged Test AUC: 0.9904
Std Test Accurancy: 0.0472
Std Test AUC: 0.0081
------------------------- time cost ------------------------- 15.621089220046997

-------------Round number: 36-------------

Evaluate heterogeneous models
Averaged Test Accurancy: 0.9245
Averaged Test AUC: 0.9904
Std Test Accurancy: 0.0466
Std Test AUC: 0.0081
------------------------- time cost ------------------------- 15.20128345489502

-------------Round number: 37-------------

Evaluate heterogeneous models
Averaged Test Accurancy: 0.9243
Averaged Test AUC: 0.9904
Std Test Accurancy: 0.0469
Std Test AUC: 0.0081
------------------------- time cost ------------------------- 15.591932773590088

-------------Round number: 38-------------

Evaluate heterogeneous models
Averaged Test Accurancy: 0.9242
Averaged Test AUC: 0.9903
Std Test Accurancy: 0.0470
Std Test AUC: 0.0081
------------------------- time cost ------------------------- 15.684413433074951

-------------Round number: 39-------------

Evaluate heterogeneous models
Averaged Test Accurancy: 0.9244
Averaged Test AUC: 0.9903
Std Test Accurancy: 0.0472
Std Test AUC: 0.0081
------------------------- time cost ------------------------- 15.600951194763184

-------------Round number: 40-------------

Evaluate heterogeneous models
Averaged Test Accurancy: 0.9242
Averaged Test AUC: 0.9903
Std Test Accurancy: 0.0468
Std Test AUC: 0.0081
------------------------- time cost ------------------------- 15.611846446990967

-------------Round number: 41-------------

Evaluate heterogeneous models
Averaged Test Accurancy: 0.9245
Averaged Test AUC: 0.9903
Std Test Accurancy: 0.0469
Std Test AUC: 0.0082
------------------------- time cost ------------------------- 15.238873958587646

-------------Round number: 42-------------

Evaluate heterogeneous models
Averaged Test Accurancy: 0.9241
Averaged Test AUC: 0.9903
Std Test Accurancy: 0.0470
Std Test AUC: 0.0081
------------------------- time cost ------------------------- 15.652704238891602

-------------Round number: 43-------------

Evaluate heterogeneous models
Averaged Test Accurancy: 0.9241
Averaged Test AUC: 0.9903
Std Test Accurancy: 0.0471
Std Test AUC: 0.0082
------------------------- time cost ------------------------- 15.547226905822754

-------------Round number: 44-------------

Evaluate heterogeneous models
Averaged Test Accurancy: 0.9241
Averaged Test AUC: 0.9902
Std Test Accurancy: 0.0469
Std Test AUC: 0.0082
------------------------- time cost ------------------------- 15.888770341873169

-------------Round number: 45-------------

Evaluate heterogeneous models
Averaged Test Accurancy: 0.9243
Averaged Test AUC: 0.9902
Std Test Accurancy: 0.0470
Std Test AUC: 0.0082
------------------------- time cost ------------------------- 15.803419351577759

-------------Round number: 46-------------

Evaluate heterogeneous models
Averaged Test Accurancy: 0.9242
Averaged Test AUC: 0.9902
Std Test Accurancy: 0.0472
Std Test AUC: 0.0082
------------------------- time cost ------------------------- 15.459221363067627

-------------Round number: 47-------------

Evaluate heterogeneous models
Averaged Test Accurancy: 0.9243
Averaged Test AUC: 0.9902
Std Test Accurancy: 0.0468
Std Test AUC: 0.0082
------------------------- time cost ------------------------- 15.565465688705444

-------------Round number: 48-------------

Evaluate heterogeneous models
Averaged Test Accurancy: 0.9244
Averaged Test AUC: 0.9902
Std Test Accurancy: 0.0471
Std Test AUC: 0.0082
------------------------- time cost ------------------------- 15.853777408599854

-------------Round number: 49-------------

Evaluate heterogeneous models
Averaged Test Accurancy: 0.9242
Averaged Test AUC: 0.9902
Std Test Accurancy: 0.0470
Std Test AUC: 0.0082
------------------------- time cost ------------------------- 15.490346670150757

-------------Round number: 50-------------

Evaluate heterogeneous models
Averaged Test Accurancy: 0.9243
Averaged Test AUC: 0.9902
Std Test Accurancy: 0.0468
Std Test AUC: 0.0082
------------------------- time cost ------------------------- 15.504302978515625

-------------Round number: 51-------------

Evaluate heterogeneous models
Averaged Test Accurancy: 0.9241
Averaged Test AUC: 0.9902
Std Test Accurancy: 0.0470
Std Test AUC: 0.0082
------------------------- time cost ------------------------- 15.822750568389893

-------------Round number: 52-------------

Evaluate heterogeneous models
Averaged Test Accurancy: 0.9243
Averaged Test AUC: 0.9901
Std Test Accurancy: 0.0469
Std Test AUC: 0.0082
------------------------- time cost ------------------------- 15.546059370040894

-------------Round number: 53-------------

Evaluate heterogeneous models
Averaged Test Accurancy: 0.9243
Averaged Test AUC: 0.9901
Std Test Accurancy: 0.0470
Std Test AUC: 0.0082
------------------------- time cost ------------------------- 15.780962705612183

-------------Round number: 54-------------

Evaluate heterogeneous models
Averaged Test Accurancy: 0.9242
Averaged Test AUC: 0.9901
Std Test Accurancy: 0.0471
Std Test AUC: 0.0082
------------------------- time cost ------------------------- 15.679245710372925

-------------Round number: 55-------------

Evaluate heterogeneous models
Averaged Test Accurancy: 0.9243
Averaged Test AUC: 0.9901
Std Test Accurancy: 0.0469
Std Test AUC: 0.0082
------------------------- time cost ------------------------- 15.399969100952148

-------------Round number: 56-------------

Evaluate heterogeneous models
Averaged Test Accurancy: 0.9243
Averaged Test AUC: 0.9901
Std Test Accurancy: 0.0470
Std Test AUC: 0.0083
------------------------- time cost ------------------------- 15.839743375778198

-------------Round number: 57-------------

Evaluate heterogeneous models
Averaged Test Accurancy: 0.9242
Averaged Test AUC: 0.9901
Std Test Accurancy: 0.0470
Std Test AUC: 0.0083
------------------------- time cost ------------------------- 15.222357511520386

-------------Round number: 58-------------

Evaluate heterogeneous models
Averaged Test Accurancy: 0.9243
Averaged Test AUC: 0.9901
Std Test Accurancy: 0.0472
Std Test AUC: 0.0082
------------------------- time cost ------------------------- 15.52789568901062

-------------Round number: 59-------------

Evaluate heterogeneous models
Averaged Test Accurancy: 0.9242
Averaged Test AUC: 0.9901
Std Test Accurancy: 0.0469
Std Test AUC: 0.0083
------------------------- time cost ------------------------- 15.56933856010437

-------------Round number: 60-------------

Evaluate heterogeneous models
Averaged Test Accurancy: 0.9245
Averaged Test AUC: 0.9901
Std Test Accurancy: 0.0470
Std Test AUC: 0.0082
------------------------- time cost ------------------------- 15.158484697341919

-------------Round number: 61-------------

Evaluate heterogeneous models
Averaged Test Accurancy: 0.9242
Averaged Test AUC: 0.9900
Std Test Accurancy: 0.0471
Std Test AUC: 0.0083
------------------------- time cost ------------------------- 15.686913013458252

-------------Round number: 62-------------

Evaluate heterogeneous models
Averaged Test Accurancy: 0.9240
Averaged Test AUC: 0.9900
Std Test Accurancy: 0.0473
Std Test AUC: 0.0083
------------------------- time cost ------------------------- 15.528056383132935

-------------Round number: 63-------------

Evaluate heterogeneous models
Averaged Test Accurancy: 0.9241
Averaged Test AUC: 0.9900
Std Test Accurancy: 0.0474
Std Test AUC: 0.0083
------------------------- time cost ------------------------- 15.513196229934692

-------------Round number: 64-------------

Evaluate heterogeneous models
Averaged Test Accurancy: 0.9240
Averaged Test AUC: 0.9900
Std Test Accurancy: 0.0472
Std Test AUC: 0.0083
------------------------- time cost ------------------------- 15.463799238204956

-------------Round number: 65-------------

Evaluate heterogeneous models
Averaged Test Accurancy: 0.9241
Averaged Test AUC: 0.9900
Std Test Accurancy: 0.0474
Std Test AUC: 0.0083
------------------------- time cost ------------------------- 15.728704690933228

-------------Round number: 66-------------

Evaluate heterogeneous models
Averaged Test Accurancy: 0.9240
Averaged Test AUC: 0.9900
Std Test Accurancy: 0.0473
Std Test AUC: 0.0083
------------------------- time cost ------------------------- 15.667590379714966

-------------Round number: 67-------------

Evaluate heterogeneous models
Averaged Test Accurancy: 0.9243
Averaged Test AUC: 0.9900
Std Test Accurancy: 0.0472
Std Test AUC: 0.0083
------------------------- time cost ------------------------- 15.602004528045654

-------------Round number: 68-------------

Evaluate heterogeneous models
Averaged Test Accurancy: 0.9238
Averaged Test AUC: 0.9900
Std Test Accurancy: 0.0474
Std Test AUC: 0.0083
------------------------- time cost ------------------------- 15.721676588058472

-------------Round number: 69-------------

Evaluate heterogeneous models
Averaged Test Accurancy: 0.9242
Averaged Test AUC: 0.9900
Std Test Accurancy: 0.0472
Std Test AUC: 0.0083
------------------------- time cost ------------------------- 15.683279275894165

-------------Round number: 70-------------

Evaluate heterogeneous models
Averaged Test Accurancy: 0.9238
Averaged Test AUC: 0.9899
Std Test Accurancy: 0.0475
Std Test AUC: 0.0083
------------------------- time cost ------------------------- 15.525089740753174

-------------Round number: 71-------------

Evaluate heterogeneous models
Averaged Test Accurancy: 0.9238
Averaged Test AUC: 0.9899
Std Test Accurancy: 0.0476
Std Test AUC: 0.0083
------------------------- time cost ------------------------- 15.310792684555054

-------------Round number: 72-------------

Evaluate heterogeneous models
Averaged Test Accurancy: 0.9239
Averaged Test AUC: 0.9899
Std Test Accurancy: 0.0477
Std Test AUC: 0.0083
------------------------- time cost ------------------------- 15.630245923995972

-------------Round number: 73-------------

Evaluate heterogeneous models
Averaged Test Accurancy: 0.9239
Averaged Test AUC: 0.9899
Std Test Accurancy: 0.0473
Std Test AUC: 0.0083
------------------------- time cost ------------------------- 16.03820490837097

-------------Round number: 74-------------

Evaluate heterogeneous models
Averaged Test Accurancy: 0.9240
Averaged Test AUC: 0.9899
Std Test Accurancy: 0.0471
Std Test AUC: 0.0083
------------------------- time cost ------------------------- 16.026771545410156

-------------Round number: 75-------------

Evaluate heterogeneous models
Averaged Test Accurancy: 0.9240
Averaged Test AUC: 0.9899
Std Test Accurancy: 0.0471
Std Test AUC: 0.0083
------------------------- time cost ------------------------- 16.33167576789856

-------------Round number: 76-------------

Evaluate heterogeneous models
Averaged Test Accurancy: 0.9238
Averaged Test AUC: 0.9899
Std Test Accurancy: 0.0472
Std Test AUC: 0.0084
------------------------- time cost ------------------------- 15.833079814910889

-------------Round number: 77-------------

Evaluate heterogeneous models
Averaged Test Accurancy: 0.9238
Averaged Test AUC: 0.9899
Std Test Accurancy: 0.0475
Std Test AUC: 0.0084
------------------------- time cost ------------------------- 15.60934853553772

-------------Round number: 78-------------

Evaluate heterogeneous models
Averaged Test Accurancy: 0.9238
Averaged Test AUC: 0.9899
Std Test Accurancy: 0.0475
Std Test AUC: 0.0083
------------------------- time cost ------------------------- 15.505544662475586

-------------Round number: 79-------------

Evaluate heterogeneous models
Averaged Test Accurancy: 0.9239
Averaged Test AUC: 0.9898
Std Test Accurancy: 0.0473
Std Test AUC: 0.0084
------------------------- time cost ------------------------- 15.69578242301941

-------------Round number: 80-------------

Evaluate heterogeneous models
Averaged Test Accurancy: 0.9238
Averaged Test AUC: 0.9898
Std Test Accurancy: 0.0476
Std Test AUC: 0.0084
------------------------- time cost ------------------------- 15.596166372299194

-------------Round number: 81-------------

Evaluate heterogeneous models
Averaged Test Accurancy: 0.9239
Averaged Test AUC: 0.9898
Std Test Accurancy: 0.0473
Std Test AUC: 0.0084
------------------------- time cost ------------------------- 15.92081594467163

-------------Round number: 82-------------

Evaluate heterogeneous models
Averaged Test Accurancy: 0.9238
Averaged Test AUC: 0.9898
Std Test Accurancy: 0.0474
Std Test AUC: 0.0084
------------------------- time cost ------------------------- 16.009644031524658

-------------Round number: 83-------------

Evaluate heterogeneous models
Averaged Test Accurancy: 0.9239
Averaged Test AUC: 0.9898
Std Test Accurancy: 0.0474
Std Test AUC: 0.0084
------------------------- time cost ------------------------- 15.21837306022644

-------------Round number: 84-------------

Evaluate heterogeneous models
Averaged Test Accurancy: 0.9238
Averaged Test AUC: 0.9898
Std Test Accurancy: 0.0473
Std Test AUC: 0.0084
------------------------- time cost ------------------------- 15.647021055221558

-------------Round number: 85-------------

Evaluate heterogeneous models
Averaged Test Accurancy: 0.9238
Averaged Test AUC: 0.9898
Std Test Accurancy: 0.0473
Std Test AUC: 0.0084
------------------------- time cost ------------------------- 15.817447185516357

-------------Round number: 86-------------

Evaluate heterogeneous models
Averaged Test Accurancy: 0.9237
Averaged Test AUC: 0.9898
Std Test Accurancy: 0.0475
Std Test AUC: 0.0084
------------------------- time cost ------------------------- 15.595452785491943

-------------Round number: 87-------------

Evaluate heterogeneous models
Averaged Test Accurancy: 0.9237
Averaged Test AUC: 0.9898
Std Test Accurancy: 0.0476
Std Test AUC: 0.0084
------------------------- time cost ------------------------- 15.736858367919922

-------------Round number: 88-------------

Evaluate heterogeneous models
Averaged Test Accurancy: 0.9239
Averaged Test AUC: 0.9898
Std Test Accurancy: 0.0472
Std Test AUC: 0.0084
------------------------- time cost ------------------------- 15.816973447799683

-------------Round number: 89-------------

Evaluate heterogeneous models
Averaged Test Accurancy: 0.9238
Averaged Test AUC: 0.9897
Std Test Accurancy: 0.0473
Std Test AUC: 0.0084
------------------------- time cost ------------------------- 15.85851001739502

-------------Round number: 90-------------

Evaluate heterogeneous models
Averaged Test Accurancy: 0.9236
Averaged Test AUC: 0.9897
Std Test Accurancy: 0.0477
Std Test AUC: 0.0084
------------------------- time cost ------------------------- 15.435598850250244

-------------Round number: 91-------------

Evaluate heterogeneous models
Averaged Test Accurancy: 0.9238
Averaged Test AUC: 0.9897
Std Test Accurancy: 0.0475
Std Test AUC: 0.0084
------------------------- time cost ------------------------- 15.582500219345093

-------------Round number: 92-------------

Evaluate heterogeneous models
Averaged Test Accurancy: 0.9237
Averaged Test AUC: 0.9897
Std Test Accurancy: 0.0474
Std Test AUC: 0.0084
------------------------- time cost ------------------------- 15.302501440048218

-------------Round number: 93-------------

Evaluate heterogeneous models
Averaged Test Accurancy: 0.9237
Averaged Test AUC: 0.9897
Std Test Accurancy: 0.0475
Std Test AUC: 0.0084
------------------------- time cost ------------------------- 15.64531946182251

-------------Round number: 94-------------

Evaluate heterogeneous models
Averaged Test Accurancy: 0.9238
Averaged Test AUC: 0.9897
Std Test Accurancy: 0.0475
Std Test AUC: 0.0084
------------------------- time cost ------------------------- 15.485594749450684

-------------Round number: 95-------------

Evaluate heterogeneous models
Averaged Test Accurancy: 0.9237
Averaged Test AUC: 0.9897
Std Test Accurancy: 0.0474
Std Test AUC: 0.0084
------------------------- time cost ------------------------- 15.373689413070679

-------------Round number: 96-------------

Evaluate heterogeneous models
Averaged Test Accurancy: 0.9235
Averaged Test AUC: 0.9897
Std Test Accurancy: 0.0476
Std Test AUC: 0.0084
------------------------- time cost ------------------------- 15.58614182472229

-------------Round number: 97-------------

Evaluate heterogeneous models
Averaged Test Accurancy: 0.9236
Averaged Test AUC: 0.9897
Std Test Accurancy: 0.0475
Std Test AUC: 0.0084
------------------------- time cost ------------------------- 15.472675323486328

-------------Round number: 98-------------

Evaluate heterogeneous models
Averaged Test Accurancy: 0.9237
Averaged Test AUC: 0.9897
Std Test Accurancy: 0.0475
Std Test AUC: 0.0084
------------------------- time cost ------------------------- 15.57471752166748

-------------Round number: 99-------------

Evaluate heterogeneous models
Averaged Test Accurancy: 0.9237
Averaged Test AUC: 0.9897
Std Test Accurancy: 0.0476
Std Test AUC: 0.0084
------------------------- time cost ------------------------- 15.324605226516724

-------------Round number: 100-------------

Evaluate heterogeneous models
Averaged Test Accurancy: 0.9237
Averaged Test AUC: 0.9896
Std Test Accurancy: 0.0475
Std Test AUC: 0.0084
------------------------- time cost ------------------------- 15.574904441833496

-------------Round number: 101-------------

Evaluate heterogeneous models
Averaged Test Accurancy: 0.9237
Averaged Test AUC: 0.9896
Std Test Accurancy: 0.0475
Std Test AUC: 0.0084
------------------------- time cost ------------------------- 16.132633686065674

-------------Round number: 102-------------

Evaluate heterogeneous models
Averaged Test Accurancy: 0.9238
Averaged Test AUC: 0.9896
Std Test Accurancy: 0.0474
Std Test AUC: 0.0084
------------------------- time cost ------------------------- 15.614577770233154

-------------Round number: 103-------------

Evaluate heterogeneous models
Averaged Test Accurancy: 0.9239
Averaged Test AUC: 0.9896
Std Test Accurancy: 0.0474
Std Test AUC: 0.0084
------------------------- time cost ------------------------- 15.490827798843384

-------------Round number: 104-------------

Evaluate heterogeneous models
Averaged Test Accurancy: 0.9238
Averaged Test AUC: 0.9896
Std Test Accurancy: 0.0475
Std Test AUC: 0.0085
------------------------- time cost ------------------------- 15.471751689910889

-------------Round number: 105-------------

Evaluate heterogeneous models
Averaged Test Accurancy: 0.9235
Averaged Test AUC: 0.9896
Std Test Accurancy: 0.0476
Std Test AUC: 0.0084
------------------------- time cost ------------------------- 15.502921342849731

-------------Round number: 106-------------

Evaluate heterogeneous models
Averaged Test Accurancy: 0.9235
Averaged Test AUC: 0.9896
Std Test Accurancy: 0.0475
Std Test AUC: 0.0085
------------------------- time cost ------------------------- 15.735417366027832

-------------Round number: 107-------------

Evaluate heterogeneous models
Averaged Test Accurancy: 0.9236
Averaged Test AUC: 0.9896
Std Test Accurancy: 0.0476
Std Test AUC: 0.0085
------------------------- time cost ------------------------- 15.630439281463623

-------------Round number: 108-------------

Evaluate heterogeneous models
Averaged Test Accurancy: 0.9236
Averaged Test AUC: 0.9896
Std Test Accurancy: 0.0475
Std Test AUC: 0.0085
------------------------- time cost ------------------------- 15.477477073669434

-------------Round number: 109-------------

Evaluate heterogeneous models
Averaged Test Accurancy: 0.9237
Averaged Test AUC: 0.9896
Std Test Accurancy: 0.0474
Std Test AUC: 0.0085
------------------------- time cost ------------------------- 15.448932886123657

-------------Round number: 110-------------

Evaluate heterogeneous models
Averaged Test Accurancy: 0.9238
Averaged Test AUC: 0.9896
Std Test Accurancy: 0.0475
Std Test AUC: 0.0085
------------------------- time cost ------------------------- 15.553422927856445

-------------Round number: 111-------------

Evaluate heterogeneous models
Averaged Test Accurancy: 0.9238
Averaged Test AUC: 0.9896
Std Test Accurancy: 0.0475
Std Test AUC: 0.0085
------------------------- time cost ------------------------- 15.580498933792114

-------------Round number: 112-------------

Evaluate heterogeneous models
Averaged Test Accurancy: 0.9235
Averaged Test AUC: 0.9895
Std Test Accurancy: 0.0477
Std Test AUC: 0.0085
------------------------- time cost ------------------------- 15.507477283477783

-------------Round number: 113-------------

Evaluate heterogeneous models
Averaged Test Accurancy: 0.9237
Averaged Test AUC: 0.9895
Std Test Accurancy: 0.0475
Std Test AUC: 0.0085
------------------------- time cost ------------------------- 15.783208847045898

-------------Round number: 114-------------

Evaluate heterogeneous models
Averaged Test Accurancy: 0.9236
Averaged Test AUC: 0.9895
Std Test Accurancy: 0.0476
Std Test AUC: 0.0085
------------------------- time cost ------------------------- 15.628897905349731

-------------Round number: 115-------------

Evaluate heterogeneous models
Averaged Test Accurancy: 0.9237
Averaged Test AUC: 0.9895
Std Test Accurancy: 0.0478
Std Test AUC: 0.0085
------------------------- time cost ------------------------- 15.795809984207153

-------------Round number: 116-------------

Evaluate heterogeneous models
Averaged Test Accurancy: 0.9237
Averaged Test AUC: 0.9895
Std Test Accurancy: 0.0475
Std Test AUC: 0.0085
------------------------- time cost ------------------------- 15.869751214981079

-------------Round number: 117-------------

Evaluate heterogeneous models
Averaged Test Accurancy: 0.9235
Averaged Test AUC: 0.9895
Std Test Accurancy: 0.0474
Std Test AUC: 0.0085
------------------------- time cost ------------------------- 15.626504182815552

-------------Round number: 118-------------

Evaluate heterogeneous models
Averaged Test Accurancy: 0.9237
Averaged Test AUC: 0.9895
Std Test Accurancy: 0.0476
Std Test AUC: 0.0085
------------------------- time cost ------------------------- 15.81730580329895

-------------Round number: 119-------------

Evaluate heterogeneous models
Averaged Test Accurancy: 0.9237
Averaged Test AUC: 0.9895
Std Test Accurancy: 0.0477
Std Test AUC: 0.0085
------------------------- time cost ------------------------- 15.687635660171509

-------------Round number: 120-------------

Evaluate heterogeneous models
Averaged Test Accurancy: 0.9235
Averaged Test AUC: 0.9895
Std Test Accurancy: 0.0475
Std Test AUC: 0.0085
------------------------- time cost ------------------------- 15.561819314956665

-------------Round number: 121-------------

Evaluate heterogeneous models
Averaged Test Accurancy: 0.9235
Averaged Test AUC: 0.9895
Std Test Accurancy: 0.0477
Std Test AUC: 0.0085
------------------------- time cost ------------------------- 15.850154161453247

-------------Round number: 122-------------

Evaluate heterogeneous models
Averaged Test Accurancy: 0.9234
Averaged Test AUC: 0.9895
Std Test Accurancy: 0.0478
Std Test AUC: 0.0085
------------------------- time cost ------------------------- 15.56266975402832

-------------Round number: 123-------------

Evaluate heterogeneous models
Averaged Test Accurancy: 0.9237
Averaged Test AUC: 0.9894
Std Test Accurancy: 0.0477
Std Test AUC: 0.0085
------------------------- time cost ------------------------- 15.57072138786316

-------------Round number: 124-------------

Evaluate heterogeneous models
Averaged Test Accurancy: 0.9234
Averaged Test AUC: 0.9894
Std Test Accurancy: 0.0475
Std Test AUC: 0.0085
------------------------- time cost ------------------------- 15.571676015853882

-------------Round number: 125-------------

Evaluate heterogeneous models
Averaged Test Accurancy: 0.9237
Averaged Test AUC: 0.9894
Std Test Accurancy: 0.0472
Std Test AUC: 0.0085
------------------------- time cost ------------------------- 15.777467250823975

-------------Round number: 126-------------

Evaluate heterogeneous models
Averaged Test Accurancy: 0.9237
Averaged Test AUC: 0.9894
Std Test Accurancy: 0.0475
Std Test AUC: 0.0085
------------------------- time cost ------------------------- 15.498424768447876

-------------Round number: 127-------------

Evaluate heterogeneous models
Averaged Test Accurancy: 0.9237
Averaged Test AUC: 0.9894
Std Test Accurancy: 0.0476
Std Test AUC: 0.0085
------------------------- time cost ------------------------- 15.645155906677246

-------------Round number: 128-------------

Evaluate heterogeneous models
Averaged Test Accurancy: 0.9236
Averaged Test AUC: 0.9894
Std Test Accurancy: 0.0477
Std Test AUC: 0.0085
------------------------- time cost ------------------------- 15.51564073562622

-------------Round number: 129-------------

Evaluate heterogeneous models
Averaged Test Accurancy: 0.9235
Averaged Test AUC: 0.9894
Std Test Accurancy: 0.0477
Std Test AUC: 0.0085
------------------------- time cost ------------------------- 15.573439836502075

-------------Round number: 130-------------

Evaluate heterogeneous models
Averaged Test Accurancy: 0.9237
Averaged Test AUC: 0.9894
Std Test Accurancy: 0.0477
Std Test AUC: 0.0086
------------------------- time cost ------------------------- 15.681639194488525

-------------Round number: 131-------------

Evaluate heterogeneous models
Averaged Test Accurancy: 0.9236
Averaged Test AUC: 0.9894
Std Test Accurancy: 0.0475
Std Test AUC: 0.0085
------------------------- time cost ------------------------- 15.34510588645935

-------------Round number: 132-------------

Evaluate heterogeneous models
Averaged Test Accurancy: 0.9235
Averaged Test AUC: 0.9894
Std Test Accurancy: 0.0475
Std Test AUC: 0.0086
------------------------- time cost ------------------------- 15.502424716949463

-------------Round number: 133-------------

Evaluate heterogeneous models
Averaged Test Accurancy: 0.9236
Averaged Test AUC: 0.9894
Std Test Accurancy: 0.0478
Std Test AUC: 0.0086
------------------------- time cost ------------------------- 15.503119945526123

-------------Round number: 134-------------

Evaluate heterogeneous models
Averaged Test Accurancy: 0.9235
Averaged Test AUC: 0.9894
Std Test Accurancy: 0.0477
Std Test AUC: 0.0086
------------------------- time cost ------------------------- 15.687705516815186

-------------Round number: 135-------------

Evaluate heterogeneous models
Averaged Test Accurancy: 0.9235
Averaged Test AUC: 0.9894
Std Test Accurancy: 0.0475
Std Test AUC: 0.0086
------------------------- time cost ------------------------- 15.639106512069702

-------------Round number: 136-------------

Evaluate heterogeneous models
Averaged Test Accurancy: 0.9235
Averaged Test AUC: 0.9893
Std Test Accurancy: 0.0477
Std Test AUC: 0.0086
------------------------- time cost ------------------------- 15.331315994262695

-------------Round number: 137-------------

Evaluate heterogeneous models
Averaged Test Accurancy: 0.9235
Averaged Test AUC: 0.9893
Std Test Accurancy: 0.0474
Std Test AUC: 0.0086
------------------------- time cost ------------------------- 15.570884943008423

-------------Round number: 138-------------

Evaluate heterogeneous models
Averaged Test Accurancy: 0.9234
Averaged Test AUC: 0.9893
Std Test Accurancy: 0.0479
Std Test AUC: 0.0086
------------------------- time cost ------------------------- 15.709692239761353

-------------Round number: 139-------------

Evaluate heterogeneous models
Averaged Test Accurancy: 0.9236
Averaged Test AUC: 0.9893
Std Test Accurancy: 0.0474
Std Test AUC: 0.0086
------------------------- time cost ------------------------- 15.652007579803467

-------------Round number: 140-------------

Evaluate heterogeneous models
Averaged Test Accurancy: 0.9237
Averaged Test AUC: 0.9893
Std Test Accurancy: 0.0475
Std Test AUC: 0.0086
------------------------- time cost ------------------------- 15.544159412384033

-------------Round number: 141-------------

Evaluate heterogeneous models
Averaged Test Accurancy: 0.9238
Averaged Test AUC: 0.9893
Std Test Accurancy: 0.0476
Std Test AUC: 0.0086
------------------------- time cost ------------------------- 15.937065839767456

-------------Round number: 142-------------

Evaluate heterogeneous models
Averaged Test Accurancy: 0.9236
Averaged Test AUC: 0.9893
Std Test Accurancy: 0.0476
Std Test AUC: 0.0086
------------------------- time cost ------------------------- 15.645398139953613

-------------Round number: 143-------------

Evaluate heterogeneous models
Averaged Test Accurancy: 0.9237
Averaged Test AUC: 0.9893
Std Test Accurancy: 0.0476
Std Test AUC: 0.0086
------------------------- time cost ------------------------- 15.40380597114563

-------------Round number: 144-------------

Evaluate heterogeneous models
Averaged Test Accurancy: 0.9235
Averaged Test AUC: 0.9893
Std Test Accurancy: 0.0476
Std Test AUC: 0.0086
------------------------- time cost ------------------------- 15.603477239608765

-------------Round number: 145-------------

Evaluate heterogeneous models
Averaged Test Accurancy: 0.9237
Averaged Test AUC: 0.9893
Std Test Accurancy: 0.0474
Std Test AUC: 0.0086
------------------------- time cost ------------------------- 15.596958875656128

-------------Round number: 146-------------

Evaluate heterogeneous models
Averaged Test Accurancy: 0.9236
Averaged Test AUC: 0.9893
Std Test Accurancy: 0.0476
Std Test AUC: 0.0086
------------------------- time cost ------------------------- 15.713865995407104

-------------Round number: 147-------------

Evaluate heterogeneous models
Averaged Test Accurancy: 0.9235
Averaged Test AUC: 0.9893
Std Test Accurancy: 0.0476
Std Test AUC: 0.0086
------------------------- time cost ------------------------- 15.406571865081787

-------------Round number: 148-------------

Evaluate heterogeneous models
Averaged Test Accurancy: 0.9235
Averaged Test AUC: 0.9893
Std Test Accurancy: 0.0475
Std Test AUC: 0.0086
------------------------- time cost ------------------------- 15.657443046569824

-------------Round number: 149-------------

Evaluate heterogeneous models
Averaged Test Accurancy: 0.9233
Averaged Test AUC: 0.9893
Std Test Accurancy: 0.0478
Std Test AUC: 0.0086
------------------------- time cost ------------------------- 15.759366273880005

-------------Round number: 150-------------

Evaluate heterogeneous models
Averaged Test Accurancy: 0.9235
Averaged Test AUC: 0.9892
Std Test Accurancy: 0.0475
Std Test AUC: 0.0086
------------------------- time cost ------------------------- 15.568345069885254

-------------Round number: 151-------------

Evaluate heterogeneous models
Averaged Test Accurancy: 0.9233
Averaged Test AUC: 0.9892
Std Test Accurancy: 0.0475
Std Test AUC: 0.0086
------------------------- time cost ------------------------- 15.717475414276123

-------------Round number: 152-------------

Evaluate heterogeneous models
Averaged Test Accurancy: 0.9237
Averaged Test AUC: 0.9892
Std Test Accurancy: 0.0476
Std Test AUC: 0.0086
------------------------- time cost ------------------------- 15.725733518600464

-------------Round number: 153-------------

Evaluate heterogeneous models
Averaged Test Accurancy: 0.9234
Averaged Test AUC: 0.9892
Std Test Accurancy: 0.0477
Std Test AUC: 0.0086
------------------------- time cost ------------------------- 15.681067943572998

-------------Round number: 154-------------

Evaluate heterogeneous models
Averaged Test Accurancy: 0.9237
Averaged Test AUC: 0.9892
Std Test Accurancy: 0.0475
Std Test AUC: 0.0086
------------------------- time cost ------------------------- 15.668344020843506

-------------Round number: 155-------------

Evaluate heterogeneous models
Averaged Test Accurancy: 0.9237
Averaged Test AUC: 0.9892
Std Test Accurancy: 0.0474
Std Test AUC: 0.0086
------------------------- time cost ------------------------- 15.73954725265503

-------------Round number: 156-------------

Evaluate heterogeneous models
Averaged Test Accurancy: 0.9233
Averaged Test AUC: 0.9892
Std Test Accurancy: 0.0477
Std Test AUC: 0.0086
------------------------- time cost ------------------------- 15.63340163230896

-------------Round number: 157-------------

Evaluate heterogeneous models
Averaged Test Accurancy: 0.9235
Averaged Test AUC: 0.9892
Std Test Accurancy: 0.0475
Std Test AUC: 0.0086
------------------------- time cost ------------------------- 15.455795288085938

-------------Round number: 158-------------

Evaluate heterogeneous models
Averaged Test Accurancy: 0.9235
Averaged Test AUC: 0.9892
Std Test Accurancy: 0.0476
Std Test AUC: 0.0086
------------------------- time cost ------------------------- 15.822783708572388

-------------Round number: 159-------------

Evaluate heterogeneous models
Averaged Test Accurancy: 0.9236
Averaged Test AUC: 0.9892
Std Test Accurancy: 0.0475
Std Test AUC: 0.0086
------------------------- time cost ------------------------- 15.673550128936768

-------------Round number: 160-------------

Evaluate heterogeneous models
Averaged Test Accurancy: 0.9236
Averaged Test AUC: 0.9892
Std Test Accurancy: 0.0475
Std Test AUC: 0.0086
------------------------- time cost ------------------------- 15.554812908172607

-------------Round number: 161-------------

Evaluate heterogeneous models
Averaged Test Accurancy: 0.9236
Averaged Test AUC: 0.9892
Std Test Accurancy: 0.0477
Std Test AUC: 0.0086
------------------------- time cost ------------------------- 15.816648721694946

-------------Round number: 162-------------

Evaluate heterogeneous models
Averaged Test Accurancy: 0.9234
Averaged Test AUC: 0.9892
Std Test Accurancy: 0.0475
Std Test AUC: 0.0086
------------------------- time cost ------------------------- 15.681496620178223

-------------Round number: 163-------------

Evaluate heterogeneous models
Averaged Test Accurancy: 0.9235
Averaged Test AUC: 0.9892
Std Test Accurancy: 0.0476
Std Test AUC: 0.0086
------------------------- time cost ------------------------- 15.631929874420166

-------------Round number: 164-------------

Evaluate heterogeneous models
Averaged Test Accurancy: 0.9233
Averaged Test AUC: 0.9892
Std Test Accurancy: 0.0475
Std Test AUC: 0.0086
------------------------- time cost ------------------------- 15.788555383682251

-------------Round number: 165-------------

Evaluate heterogeneous models
Averaged Test Accurancy: 0.9235
Averaged Test AUC: 0.9891
Std Test Accurancy: 0.0475
Std Test AUC: 0.0086
------------------------- time cost ------------------------- 15.507048606872559

-------------Round number: 166-------------

Evaluate heterogeneous models
Averaged Test Accurancy: 0.9234
Averaged Test AUC: 0.9892
Std Test Accurancy: 0.0473
Std Test AUC: 0.0087
------------------------- time cost ------------------------- 15.790637254714966

-------------Round number: 167-------------

Evaluate heterogeneous models
Averaged Test Accurancy: 0.9236
Averaged Test AUC: 0.9891
Std Test Accurancy: 0.0473
Std Test AUC: 0.0086
------------------------- time cost ------------------------- 15.639298439025879

-------------Round number: 168-------------

Evaluate heterogeneous models
Averaged Test Accurancy: 0.9237
Averaged Test AUC: 0.9891
Std Test Accurancy: 0.0473
Std Test AUC: 0.0086
------------------------- time cost ------------------------- 15.612325668334961

-------------Round number: 169-------------

Evaluate heterogeneous models
Averaged Test Accurancy: 0.9237
Averaged Test AUC: 0.9891
Std Test Accurancy: 0.0476
Std Test AUC: 0.0086
------------------------- time cost ------------------------- 15.633853673934937

-------------Round number: 170-------------

Evaluate heterogeneous models
Averaged Test Accurancy: 0.9234
Averaged Test AUC: 0.9891
Std Test Accurancy: 0.0477
Std Test AUC: 0.0087
------------------------- time cost ------------------------- 15.51581358909607

-------------Round number: 171-------------

Evaluate heterogeneous models
Averaged Test Accurancy: 0.9236
Averaged Test AUC: 0.9891
Std Test Accurancy: 0.0479
Std Test AUC: 0.0087
------------------------- time cost ------------------------- 15.679104328155518

-------------Round number: 172-------------

Evaluate heterogeneous models
Averaged Test Accurancy: 0.9234
Averaged Test AUC: 0.9891
Std Test Accurancy: 0.0476
Std Test AUC: 0.0087
------------------------- time cost ------------------------- 15.67681884765625

-------------Round number: 173-------------

Evaluate heterogeneous models
Averaged Test Accurancy: 0.9234
Averaged Test AUC: 0.9891
Std Test Accurancy: 0.0477
Std Test AUC: 0.0087
------------------------- time cost ------------------------- 15.642641305923462

-------------Round number: 174-------------

Evaluate heterogeneous models
Averaged Test Accurancy: 0.9236
Averaged Test AUC: 0.9891
Std Test Accurancy: 0.0475
Std Test AUC: 0.0087
------------------------- time cost ------------------------- 15.616800308227539

-------------Round number: 175-------------

Evaluate heterogeneous models
Averaged Test Accurancy: 0.9234
Averaged Test AUC: 0.9891
Std Test Accurancy: 0.0478
Std Test AUC: 0.0087
------------------------- time cost ------------------------- 15.513098001480103

-------------Round number: 176-------------

Evaluate heterogeneous models
Averaged Test Accurancy: 0.9234
Averaged Test AUC: 0.9891
Std Test Accurancy: 0.0477
Std Test AUC: 0.0087
------------------------- time cost ------------------------- 15.569420099258423

-------------Round number: 177-------------

Evaluate heterogeneous models
Averaged Test Accurancy: 0.9233
Averaged Test AUC: 0.9891
Std Test Accurancy: 0.0474
Std Test AUC: 0.0087
------------------------- time cost ------------------------- 15.704679489135742

-------------Round number: 178-------------

Evaluate heterogeneous models
Averaged Test Accurancy: 0.9235
Averaged Test AUC: 0.9891
Std Test Accurancy: 0.0474
Std Test AUC: 0.0087
------------------------- time cost ------------------------- 15.754483699798584

-------------Round number: 179-------------

Evaluate heterogeneous models
Averaged Test Accurancy: 0.9235
Averaged Test AUC: 0.9891
Std Test Accurancy: 0.0475
Std Test AUC: 0.0087
------------------------- time cost ------------------------- 15.557180404663086

-------------Round number: 180-------------

Evaluate heterogeneous models
Averaged Test Accurancy: 0.9237
Averaged Test AUC: 0.9891
Std Test Accurancy: 0.0475
Std Test AUC: 0.0087
------------------------- time cost ------------------------- 15.804550409317017

-------------Round number: 181-------------

Evaluate heterogeneous models
Averaged Test Accurancy: 0.9234
Averaged Test AUC: 0.9891
Std Test Accurancy: 0.0476
Std Test AUC: 0.0087
------------------------- time cost ------------------------- 15.648412704467773

-------------Round number: 182-------------

Evaluate heterogeneous models
Averaged Test Accurancy: 0.9234
Averaged Test AUC: 0.9891
Std Test Accurancy: 0.0476
Std Test AUC: 0.0087
------------------------- time cost ------------------------- 15.714722871780396

-------------Round number: 183-------------

Evaluate heterogeneous models
Averaged Test Accurancy: 0.9236
Averaged Test AUC: 0.9891
Std Test Accurancy: 0.0475
Std Test AUC: 0.0087
------------------------- time cost ------------------------- 15.544407844543457

-------------Round number: 184-------------

Evaluate heterogeneous models
Averaged Test Accurancy: 0.9236
Averaged Test AUC: 0.9891
Std Test Accurancy: 0.0475
Std Test AUC: 0.0087
------------------------- time cost ------------------------- 15.693852424621582

-------------Round number: 185-------------

Evaluate heterogeneous models
Averaged Test Accurancy: 0.9235
Averaged Test AUC: 0.9890
Std Test Accurancy: 0.0475
Std Test AUC: 0.0087
------------------------- time cost ------------------------- 16.0853533744812

-------------Round number: 186-------------

Evaluate heterogeneous models
Averaged Test Accurancy: 0.9236
Averaged Test AUC: 0.9890
Std Test Accurancy: 0.0472
Std Test AUC: 0.0087
------------------------- time cost ------------------------- 15.801868677139282

-------------Round number: 187-------------

Evaluate heterogeneous models
Averaged Test Accurancy: 0.9235
Averaged Test AUC: 0.9891
Std Test Accurancy: 0.0478
Std Test AUC: 0.0087
------------------------- time cost ------------------------- 15.874099016189575

-------------Round number: 188-------------

Evaluate heterogeneous models
Averaged Test Accurancy: 0.9235
Averaged Test AUC: 0.9890
Std Test Accurancy: 0.0475
Std Test AUC: 0.0087
------------------------- time cost ------------------------- 15.423034906387329

-------------Round number: 189-------------

Evaluate heterogeneous models
Averaged Test Accurancy: 0.9234
Averaged Test AUC: 0.9890
Std Test Accurancy: 0.0477
Std Test AUC: 0.0087
------------------------- time cost ------------------------- 15.85090184211731

-------------Round number: 190-------------

Evaluate heterogeneous models
Averaged Test Accurancy: 0.9235
Averaged Test AUC: 0.9890
Std Test Accurancy: 0.0474
Std Test AUC: 0.0087
------------------------- time cost ------------------------- 15.645350933074951

-------------Round number: 191-------------

Evaluate heterogeneous models
Averaged Test Accurancy: 0.9234
Averaged Test AUC: 0.9890
Std Test Accurancy: 0.0478
Std Test AUC: 0.0087
------------------------- time cost ------------------------- 15.888508081436157

-------------Round number: 192-------------

Evaluate heterogeneous models
Averaged Test Accurancy: 0.9237
Averaged Test AUC: 0.9890
Std Test Accurancy: 0.0474
Std Test AUC: 0.0087
------------------------- time cost ------------------------- 15.840062856674194

-------------Round number: 193-------------

Evaluate heterogeneous models
Averaged Test Accurancy: 0.9235
Averaged Test AUC: 0.9890
Std Test Accurancy: 0.0475
Std Test AUC: 0.0087
------------------------- time cost ------------------------- 15.541415929794312

-------------Round number: 194-------------

Evaluate heterogeneous models
Averaged Test Accurancy: 0.9236
Averaged Test AUC: 0.9890
Std Test Accurancy: 0.0476
Std Test AUC: 0.0087
------------------------- time cost ------------------------- 15.632390022277832

-------------Round number: 195-------------

Evaluate heterogeneous models
Averaged Test Accurancy: 0.9235
Averaged Test AUC: 0.9890
Std Test Accurancy: 0.0474
Std Test AUC: 0.0087
------------------------- time cost ------------------------- 15.227924823760986

-------------Round number: 196-------------

Evaluate heterogeneous models
Averaged Test Accurancy: 0.9235
Averaged Test AUC: 0.9890
Std Test Accurancy: 0.0475
Std Test AUC: 0.0087
------------------------- time cost ------------------------- 15.571670770645142

-------------Round number: 197-------------

Evaluate heterogeneous models
Averaged Test Accurancy: 0.9235
Averaged Test AUC: 0.9890
Std Test Accurancy: 0.0477
Std Test AUC: 0.0087
------------------------- time cost ------------------------- 15.72104001045227

-------------Round number: 198-------------

Evaluate heterogeneous models
Averaged Test Accurancy: 0.9234
Averaged Test AUC: 0.9890
Std Test Accurancy: 0.0477
Std Test AUC: 0.0087
------------------------- time cost ------------------------- 15.592568635940552

-------------Round number: 199-------------

Evaluate heterogeneous models
Averaged Test Accurancy: 0.9235
Averaged Test AUC: 0.9890
Std Test Accurancy: 0.0475
Std Test AUC: 0.0087
------------------------- time cost ------------------------- 15.584532022476196

-------------Round number: 200-------------

Evaluate heterogeneous models
Averaged Test Accurancy: 0.9235
Averaged Test AUC: 0.9890
Std Test Accurancy: 0.0476
Std Test AUC: 0.0087

Best accuracy.
0.925602375242663

Average time cost per round.
15.638299597501755
File path: ../results/FashionMNIST_dir_0.3_imbalance_40_FedGen_test_0.h5

Average time cost: 3324.2s.
Length:  201
std for best accurancy: 0.0
mean for best accurancy: 0.925602375242663
All done!

Storage on cpu
-------------------------------------------------------------------------------
Total Tensors: 5530 	Used Memory: 40.50K
-------------------------------------------------------------------------------

Storage on cuda:0
-------------------------------------------------------------------------------
Total Tensors: 410400 	Used Memory: 1.60M
The allocated memory on cuda:0: 1.60M
-------------------------------------------------------------------------------
