==================================================
goal = test
device = cuda
device_id = 0
dataset = FashionMNIST_dir_0.3_imbalance_40
num_classes = 10
model_family = HCNNs8
batch_size = 256
local_learning_rate = 0.06
use_decay_scheduler = False
learning_rate_decay = False
learning_rate_decay_gamma = 0.99
global_rounds = 200
edge_epochs = 1
local_epochs = 5
algorithm = FedGH
join_ratio = 1.0
random_join_ratio = False
num_clients = 40
num_edges = 10
prev = 0
times = 1
eval_gap = 1
save_folder_name = temp
auto_break = False
feature_dim = 512
vocab_size = 98635
max_len = 200
client_drop_rate = 0.0
train_slow_rate = 0.0
send_slow_rate = 0.0
time_select = False
time_threthold = 10000
optimizer = SGD
lamda = 1
weight_decay = 0
trans_delay_simulate = False
momentum = 0.8
agg_type = 0
buffersize = 10
mixclassifier = 0
gl_use_clients = 1
test_useglclassifier = 1
tgpaddmse = 0
addmse = 0
gamma = 1
addTGP = 0
SAEbeta = 0
drawtsne = 1
drawround = 20
noise_dim = 512
generator_learning_rate = 0.005
hidden_dim = 512
server_epochs = 100
alpha = 1.0
beta = 1.0
mentee_learning_rate = 0.005
T_start = 0.95
T_end = 0.98
server_learning_rate = 0.01
margin_threthold = 100.0
generator_path = stylegan/stylegan-xl-models/imagenet64.pkl
stable_diffusion_prompt = a cat
server_batch_size = 100
gen_batch_size = 4
mu = 50.0
==================================================
Random seed set as 42

============= Running time: 0th =============
Creating server and clients ...
CNN(num_cov=1, hidden_dims=[], in_features=1, num_classes=args.num_classes)
CNN(num_cov=2, hidden_dims=[], in_features=1, num_classes=args.num_classes)
CNN(num_cov=1, hidden_dims=[512], in_features=1, num_classes=args.num_classes)
CNN(num_cov=2, hidden_dims=[512], in_features=1, num_classes=args.num_classes)
CNN(num_cov=1, hidden_dims=[1024], in_features=1, num_classes=args.num_classes)
CNN(num_cov=2, hidden_dims=[1024], in_features=1, num_classes=args.num_classes)
CNN(num_cov=1, hidden_dims=[1024, 512], in_features=1, num_classes=args.num_classes)
CNN(num_cov=2, hidden_dims=[1024, 512], in_features=1, num_classes=args.num_classes)
CNN(num_cov=1, hidden_dims=[], in_features=1, num_classes=args.num_classes) model chosen!
id 0
label_counts: defaultdict(<class 'int'>, {0: 263, 1: 304, 5: 94, 9: 505, 3: 25, 2: 86, 6: 3})
CNN(num_cov=2, hidden_dims=[], in_features=1, num_classes=args.num_classes) model chosen!
id 1
label_counts: defaultdict(<class 'int'>, {7: 178, 4: 564, 1: 460, 5: 42, 0: 14, 2: 17, 3: 3, 6: 2})
CNN(num_cov=1, hidden_dims=[512], in_features=1, num_classes=args.num_classes) model chosen!
id 2
label_counts: defaultdict(<class 'int'>, {9: 90, 0: 168, 7: 273, 5: 135, 6: 57, 4: 10, 3: 27, 8: 5, 2: 3})
CNN(num_cov=2, hidden_dims=[512], in_features=1, num_classes=args.num_classes) model chosen!
id 3
label_counts: defaultdict(<class 'int'>, {8: 158, 3: 137, 2: 329, 0: 1, 4: 43, 6: 83, 9: 14, 5: 3})
CNN(num_cov=1, hidden_dims=[1024], in_features=1, num_classes=args.num_classes) model chosen!
id 4
label_counts: defaultdict(<class 'int'>, {1: 363, 0: 286, 5: 463, 2: 163, 4: 5})
CNN(num_cov=2, hidden_dims=[1024], in_features=1, num_classes=args.num_classes) model chosen!
id 5
label_counts: defaultdict(<class 'int'>, {4: 405, 6: 616, 1: 96, 3: 40, 2: 54, 8: 45, 5: 13, 7: 10, 0: 1})
CNN(num_cov=1, hidden_dims=[1024, 512], in_features=1, num_classes=args.num_classes) model chosen!
id 6
label_counts: defaultdict(<class 'int'>, {4: 237, 8: 342, 9: 383, 3: 21, 6: 26, 2: 5, 1: 9, 7: 1})
CNN(num_cov=2, hidden_dims=[1024, 512], in_features=1, num_classes=args.num_classes) model chosen!
id 7
label_counts: defaultdict(<class 'int'>, {9: 449, 0: 34, 6: 318, 8: 607, 5: 13, 1: 11, 4: 50, 3: 35, 7: 14, 2: 5})
CNN(num_cov=1, hidden_dims=[], in_features=1, num_classes=args.num_classes) model chosen!
id 8
label_counts: defaultdict(<class 'int'>, {9: 82, 4: 417, 2: 66, 0: 105, 5: 12, 6: 53, 8: 23, 3: 7, 1: 3})
CNN(num_cov=2, hidden_dims=[], in_features=1, num_classes=args.num_classes) model chosen!
id 9
label_counts: defaultdict(<class 'int'>, {3: 908, 1: 129, 2: 172, 0: 71})
CNN(num_cov=1, hidden_dims=[512], in_features=1, num_classes=args.num_classes) model chosen!
id 10
label_counts: defaultdict(<class 'int'>, {4: 769, 8: 400, 2: 53, 3: 9, 5: 17, 0: 29, 7: 1, 1: 1, 6: 1})
CNN(num_cov=2, hidden_dims=[512], in_features=1, num_classes=args.num_classes) model chosen!
id 11
label_counts: defaultdict(<class 'int'>, {6: 129, 1: 52, 8: 201, 4: 207, 5: 49, 3: 41, 7: 7, 9: 72, 2: 10})
CNN(num_cov=1, hidden_dims=[1024], in_features=1, num_classes=args.num_classes) model chosen!
id 12
label_counts: defaultdict(<class 'int'>, {5: 83, 6: 190, 3: 124, 1: 196, 0: 162, 9: 11, 4: 1, 7: 1})
CNN(num_cov=2, hidden_dims=[1024], in_features=1, num_classes=args.num_classes) model chosen!
id 13
label_counts: defaultdict(<class 'int'>, {3: 370, 2: 718, 7: 167, 0: 10, 4: 7, 5: 2, 1: 6})
CNN(num_cov=1, hidden_dims=[1024, 512], in_features=1, num_classes=args.num_classes) model chosen!
id 14
label_counts: defaultdict(<class 'int'>, {3: 123, 0: 284, 5: 60, 1: 51, 9: 188, 2: 39, 4: 20, 8: 3})
CNN(num_cov=2, hidden_dims=[1024, 512], in_features=1, num_classes=args.num_classes) model chosen!
id 15
label_counts: defaultdict(<class 'int'>, {6: 947, 5: 209, 1: 38, 0: 74, 3: 11, 4: 1})
CNN(num_cov=1, hidden_dims=[], in_features=1, num_classes=args.num_classes) model chosen!
id 16
label_counts: defaultdict(<class 'int'>, {8: 237, 1: 732, 3: 73, 4: 52, 5: 59, 0: 115, 6: 12})
CNN(num_cov=2, hidden_dims=[], in_features=1, num_classes=args.num_classes) model chosen!
id 17
label_counts: defaultdict(<class 'int'>, {5: 475, 8: 612, 3: 30, 4: 27, 0: 100, 2: 16, 6: 17, 1: 2, 7: 1})
CNN(num_cov=1, hidden_dims=[512], in_features=1, num_classes=args.num_classes) model chosen!
id 18
label_counts: defaultdict(<class 'int'>, {5: 25, 7: 204, 4: 95, 8: 325, 1: 87, 3: 28, 6: 2, 0: 1, 2: 1})
CNN(num_cov=2, hidden_dims=[512], in_features=1, num_classes=args.num_classes) model chosen!
id 19
label_counts: defaultdict(<class 'int'>, {1: 358, 0: 1178})
CNN(num_cov=1, hidden_dims=[1024], in_features=1, num_classes=args.num_classes) model chosen!
id 20
label_counts: defaultdict(<class 'int'>, {9: 754, 2: 16, 7: 115, 1: 253, 6: 40, 4: 184, 0: 34, 5: 138, 8: 1, 3: 1})
CNN(num_cov=2, hidden_dims=[1024], in_features=1, num_classes=args.num_classes) model chosen!
id 21
label_counts: defaultdict(<class 'int'>, {7: 16, 1: 354, 4: 269, 6: 205, 0: 120, 3: 54, 8: 4, 9: 1, 5: 1})
CNN(num_cov=1, hidden_dims=[1024, 512], in_features=1, num_classes=args.num_classes) model chosen!
id 22
label_counts: defaultdict(<class 'int'>, {7: 357, 5: 221, 1: 96, 6: 58, 2: 8, 0: 11, 8: 15, 4: 1, 3: 1})
CNN(num_cov=2, hidden_dims=[1024, 512], in_features=1, num_classes=args.num_classes) model chosen!
id 23
label_counts: defaultdict(<class 'int'>, {9: 189, 0: 166, 8: 101, 1: 24, 5: 30, 3: 1, 7: 1})
CNN(num_cov=1, hidden_dims=[], in_features=1, num_classes=args.num_classes) model chosen!
id 24
label_counts: defaultdict(<class 'int'>, {4: 257, 3: 391, 5: 103, 9: 199, 0: 57, 8: 15, 1: 2})
CNN(num_cov=2, hidden_dims=[], in_features=1, num_classes=args.num_classes) model chosen!
id 25
label_counts: defaultdict(<class 'int'>, {3: 361, 5: 462, 1: 32, 0: 72, 7: 205, 2: 142, 4: 6})
CNN(num_cov=1, hidden_dims=[512], in_features=1, num_classes=args.num_classes) model chosen!
id 26
label_counts: defaultdict(<class 'int'>, {0: 386, 8: 485, 7: 156, 2: 103, 4: 115, 1: 8, 3: 23, 5: 4})
CNN(num_cov=2, hidden_dims=[512], in_features=1, num_classes=args.num_classes) model chosen!
id 27
label_counts: defaultdict(<class 'int'>, {2: 169, 5: 476, 6: 224, 3: 70, 0: 79, 4: 5, 7: 1})
CNN(num_cov=1, hidden_dims=[1024], in_features=1, num_classes=args.num_classes) model chosen!
id 28
label_counts: defaultdict(<class 'int'>, {0: 17, 1: 43, 9: 192, 3: 17, 7: 126, 2: 39, 8: 67, 4: 1, 5: 8, 6: 2})
CNN(num_cov=2, hidden_dims=[1024], in_features=1, num_classes=args.num_classes) model chosen!
id 29
label_counts: defaultdict(<class 'int'>, {5: 282, 8: 115, 6: 3, 7: 307, 1: 15, 9: 139, 3: 139, 2: 22, 4: 2})
CNN(num_cov=1, hidden_dims=[1024, 512], in_features=1, num_classes=args.num_classes) model chosen!
id 30
label_counts: defaultdict(<class 'int'>, {8: 209, 7: 276, 0: 221, 9: 39, 5: 20, 2: 1, 1: 1, 3: 1})
CNN(num_cov=2, hidden_dims=[1024, 512], in_features=1, num_classes=args.num_classes) model chosen!
id 31
label_counts: defaultdict(<class 'int'>, {2: 462, 1: 196, 4: 536, 0: 86})
CNN(num_cov=1, hidden_dims=[], in_features=1, num_classes=args.num_classes) model chosen!
id 32
label_counts: defaultdict(<class 'int'>, {9: 1136, 7: 49, 2: 274, 6: 75, 5: 143, 3: 51, 1: 20, 0: 31, 8: 12, 4: 1})
CNN(num_cov=2, hidden_dims=[], in_features=1, num_classes=args.num_classes) model chosen!
id 33
label_counts: defaultdict(<class 'int'>, {0: 140, 2: 386, 3: 259, 1: 68, 7: 112, 6: 239, 4: 76})
CNN(num_cov=1, hidden_dims=[512], in_features=1, num_classes=args.num_classes) model chosen!
id 34
label_counts: defaultdict(<class 'int'>, {6: 791, 2: 788, 1: 38, 0: 156, 3: 11, 4: 8})
CNN(num_cov=2, hidden_dims=[512], in_features=1, num_classes=args.num_classes) model chosen!
id 35
label_counts: defaultdict(<class 'int'>, {0: 298, 2: 89, 4: 308, 7: 35, 3: 119, 1: 25, 5: 65, 9: 69, 6: 15, 8: 1})
CNN(num_cov=1, hidden_dims=[1024], in_features=1, num_classes=args.num_classes) model chosen!
id 36
label_counts: defaultdict(<class 'int'>, {8: 185, 3: 330, 6: 360, 2: 114, 7: 109, 9: 137, 1: 37, 0: 3, 4: 5})
CNN(num_cov=2, hidden_dims=[1024], in_features=1, num_classes=args.num_classes) model chosen!
id 37
label_counts: defaultdict(<class 'int'>, {3: 989, 7: 2163, 6: 141, 5: 11, 2: 20, 0: 1, 4: 3})
CNN(num_cov=1, hidden_dims=[1024, 512], in_features=1, num_classes=args.num_classes) model chosen!
id 38
label_counts: defaultdict(<class 'int'>, {5: 995, 1: 489, 0: 12, 2: 23, 3: 16, 4: 1})
CNN(num_cov=2, hidden_dims=[1024, 512], in_features=1, num_classes=args.num_classes) model chosen!
id 39
label_counts: defaultdict(<class 'int'>, {8: 428, 2: 330, 6: 198, 1: 37, 5: 11, 7: 2, 0: 12, 3: 2, 4: 1, 9: 3})

Join ratio / total clients: 1.0 / 40
Finished creating server and clients.
-------------------------------------------------- 12.881739377975464

-------------Round number: 0-------------

Evaluate heterogeneous models
Averaged Test Accurancy: 0.6896
Averaged Test AUC: 0.9367
Std Test Accurancy: 0.1955
Std Test AUC: 0.0496
-------------------------------------------------- 12.100892782211304

-------------Round number: 1-------------

Evaluate heterogeneous models
Averaged Test Accurancy: 0.7750
Averaged Test AUC: 0.9612
Std Test Accurancy: 0.1732
Std Test AUC: 0.0366
-------------------------------------------------- 12.05854868888855

-------------Round number: 2-------------

Evaluate heterogeneous models
Averaged Test Accurancy: 0.8147
Averaged Test AUC: 0.9708
Std Test Accurancy: 0.1336
Std Test AUC: 0.0243
-------------------------------------------------- 13.164514780044556

-------------Round number: 3-------------

Evaluate heterogeneous models
Averaged Test Accurancy: 0.8333
Averaged Test AUC: 0.9750
Std Test Accurancy: 0.1233
Std Test AUC: 0.0184
-------------------------------------------------- 13.628217697143555

-------------Round number: 4-------------

Evaluate heterogeneous models
Averaged Test Accurancy: 0.8364
Averaged Test AUC: 0.9750
Std Test Accurancy: 0.1218
Std Test AUC: 0.0186
-------------------------------------------------- 13.166651487350464

-------------Round number: 5-------------

Evaluate heterogeneous models
Averaged Test Accurancy: 0.8469
Averaged Test AUC: 0.9771
Std Test Accurancy: 0.1178
Std Test AUC: 0.0160
-------------------------------------------------- 13.761165857315063

-------------Round number: 6-------------

Evaluate heterogeneous models
Averaged Test Accurancy: 0.8612
Averaged Test AUC: 0.9761
Std Test Accurancy: 0.1000
Std Test AUC: 0.0154
-------------------------------------------------- 13.765305519104004

-------------Round number: 7-------------

Evaluate heterogeneous models
Averaged Test Accurancy: 0.8663
Averaged Test AUC: 0.9781
Std Test Accurancy: 0.1005
Std Test AUC: 0.0146
-------------------------------------------------- 13.211599349975586

-------------Round number: 8-------------

Evaluate heterogeneous models
Averaged Test Accurancy: 0.8801
Averaged Test AUC: 0.9780
Std Test Accurancy: 0.0818
Std Test AUC: 0.0144
-------------------------------------------------- 13.533970594406128

-------------Round number: 9-------------

Evaluate heterogeneous models
Averaged Test Accurancy: 0.8885
Averaged Test AUC: 0.9792
Std Test Accurancy: 0.0764
Std Test AUC: 0.0130
-------------------------------------------------- 12.169527053833008

-------------Round number: 10-------------

Evaluate heterogeneous models
Averaged Test Accurancy: 0.8841
Averaged Test AUC: 0.9777
Std Test Accurancy: 0.0812
Std Test AUC: 0.0137
-------------------------------------------------- 13.371526002883911

-------------Round number: 11-------------

Evaluate heterogeneous models
Averaged Test Accurancy: 0.8917
Averaged Test AUC: 0.9777
Std Test Accurancy: 0.0722
Std Test AUC: 0.0132
-------------------------------------------------- 13.569749116897583

-------------Round number: 12-------------

Evaluate heterogeneous models
Averaged Test Accurancy: 0.8937
Averaged Test AUC: 0.9779
Std Test Accurancy: 0.0750
Std Test AUC: 0.0135
-------------------------------------------------- 14.15621304512024

-------------Round number: 13-------------

Evaluate heterogeneous models
Averaged Test Accurancy: 0.8967
Averaged Test AUC: 0.9779
Std Test Accurancy: 0.0743
Std Test AUC: 0.0131
-------------------------------------------------- 13.974362134933472

-------------Round number: 14-------------

Evaluate heterogeneous models
Averaged Test Accurancy: 0.8994
Averaged Test AUC: 0.9773
Std Test Accurancy: 0.0696
Std Test AUC: 0.0133
-------------------------------------------------- 13.540321350097656

-------------Round number: 15-------------

Evaluate heterogeneous models
Averaged Test Accurancy: 0.9016
Averaged Test AUC: 0.9777
Std Test Accurancy: 0.0697
Std Test AUC: 0.0134
-------------------------------------------------- 13.273828268051147

-------------Round number: 16-------------

Evaluate heterogeneous models
Averaged Test Accurancy: 0.9019
Averaged Test AUC: 0.9768
Std Test Accurancy: 0.0705
Std Test AUC: 0.0138
-------------------------------------------------- 12.958612203598022

-------------Round number: 17-------------

Evaluate heterogeneous models
Averaged Test Accurancy: 0.9007
Averaged Test AUC: 0.9761
Std Test Accurancy: 0.0700
Std Test AUC: 0.0144
-------------------------------------------------- 12.264628887176514

-------------Round number: 18-------------

Evaluate heterogeneous models
Averaged Test Accurancy: 0.9017
Averaged Test AUC: 0.9757
Std Test Accurancy: 0.0696
Std Test AUC: 0.0143
-------------------------------------------------- 13.398441076278687

-------------Round number: 19-------------

Evaluate heterogeneous models
Averaged Test Accurancy: 0.9025
Averaged Test AUC: 0.9751
Std Test Accurancy: 0.0665
Std Test AUC: 0.0132
-------------------------------------------------- 13.485012769699097

-------------Round number: 20-------------

Evaluate heterogeneous models
Averaged Test Accurancy: 0.9072
Averaged Test AUC: 0.9752
Std Test Accurancy: 0.0609
Std Test AUC: 0.0132
-------------------------------------------------- 13.54698634147644

-------------Round number: 21-------------

Evaluate heterogeneous models
Averaged Test Accurancy: 0.9009
Averaged Test AUC: 0.9733
Std Test Accurancy: 0.0748
Std Test AUC: 0.0143
-------------------------------------------------- 13.863205194473267

-------------Round number: 22-------------

Evaluate heterogeneous models
Averaged Test Accurancy: 0.9049
Averaged Test AUC: 0.9744
Std Test Accurancy: 0.0622
Std Test AUC: 0.0121
-------------------------------------------------- 13.855256080627441

-------------Round number: 23-------------

Evaluate heterogeneous models
Averaged Test Accurancy: 0.9067
Averaged Test AUC: 0.9733
Std Test Accurancy: 0.0603
Std Test AUC: 0.0127
-------------------------------------------------- 13.502799272537231

-------------Round number: 24-------------

Evaluate heterogeneous models
Averaged Test Accurancy: 0.9109
Averaged Test AUC: 0.9748
Std Test Accurancy: 0.0597
Std Test AUC: 0.0125
-------------------------------------------------- 12.562180757522583

-------------Round number: 25-------------

Evaluate heterogeneous models
Averaged Test Accurancy: 0.9096
Averaged Test AUC: 0.9743
Std Test Accurancy: 0.0614
Std Test AUC: 0.0120
-------------------------------------------------- 12.37311863899231

-------------Round number: 26-------------

Evaluate heterogeneous models
Averaged Test Accurancy: 0.9130
Averaged Test AUC: 0.9737
Std Test Accurancy: 0.0587
Std Test AUC: 0.0137
-------------------------------------------------- 13.446452140808105

-------------Round number: 27-------------

Evaluate heterogeneous models
Averaged Test Accurancy: 0.9057
Averaged Test AUC: 0.9721
Std Test Accurancy: 0.0590
Std Test AUC: 0.0123
-------------------------------------------------- 13.298163414001465

-------------Round number: 28-------------

Evaluate heterogeneous models
Averaged Test Accurancy: 0.9102
Averaged Test AUC: 0.9738
Std Test Accurancy: 0.0609
Std Test AUC: 0.0123
-------------------------------------------------- 13.258625030517578

-------------Round number: 29-------------

Evaluate heterogeneous models
Averaged Test Accurancy: 0.9108
Averaged Test AUC: 0.9724
Std Test Accurancy: 0.0607
Std Test AUC: 0.0140
-------------------------------------------------- 13.515599727630615

-------------Round number: 30-------------

Evaluate heterogeneous models
Averaged Test Accurancy: 0.9100
Averaged Test AUC: 0.9729
Std Test Accurancy: 0.0651
Std Test AUC: 0.0131
-------------------------------------------------- 13.108664512634277

-------------Round number: 31-------------

Evaluate heterogeneous models
Averaged Test Accurancy: 0.9082
Averaged Test AUC: 0.9720
Std Test Accurancy: 0.0623
Std Test AUC: 0.0129
-------------------------------------------------- 13.837857484817505

-------------Round number: 32-------------

Evaluate heterogeneous models
Averaged Test Accurancy: 0.9120
Averaged Test AUC: 0.9726
Std Test Accurancy: 0.0575
Std Test AUC: 0.0124
-------------------------------------------------- 12.87849760055542

-------------Round number: 33-------------

Evaluate heterogeneous models
Averaged Test Accurancy: 0.9120
Averaged Test AUC: 0.9720
Std Test Accurancy: 0.0595
Std Test AUC: 0.0125
-------------------------------------------------- 11.915501594543457

-------------Round number: 34-------------

Evaluate heterogeneous models
Averaged Test Accurancy: 0.9160
Averaged Test AUC: 0.9727
Std Test Accurancy: 0.0541
Std Test AUC: 0.0134
-------------------------------------------------- 13.057493448257446

-------------Round number: 35-------------

Evaluate heterogeneous models
Averaged Test Accurancy: 0.9126
Averaged Test AUC: 0.9726
Std Test Accurancy: 0.0572
Std Test AUC: 0.0119
-------------------------------------------------- 13.547289848327637

-------------Round number: 36-------------

Evaluate heterogeneous models
Averaged Test Accurancy: 0.9015
Averaged Test AUC: 0.9677
Std Test Accurancy: 0.0820
Std Test AUC: 0.0310
-------------------------------------------------- 12.982214212417603

-------------Round number: 37-------------

Evaluate heterogeneous models
Averaged Test Accurancy: 0.9129
Averaged Test AUC: 0.9722
Std Test Accurancy: 0.0626
Std Test AUC: 0.0144
-------------------------------------------------- 13.252253770828247

-------------Round number: 38-------------

Evaluate heterogeneous models
Averaged Test Accurancy: 0.9150
Averaged Test AUC: 0.9727
Std Test Accurancy: 0.0585
Std Test AUC: 0.0132
-------------------------------------------------- 13.37663745880127

-------------Round number: 39-------------

Evaluate heterogeneous models
Averaged Test Accurancy: 0.9172
Averaged Test AUC: 0.9726
Std Test Accurancy: 0.0556
Std Test AUC: 0.0125
-------------------------------------------------- 13.728274583816528

-------------Round number: 40-------------

Evaluate heterogeneous models
Averaged Test Accurancy: 0.9145
Averaged Test AUC: 0.9722
Std Test Accurancy: 0.0580
Std Test AUC: 0.0127
-------------------------------------------------- 13.832947254180908

-------------Round number: 41-------------

Evaluate heterogeneous models
Averaged Test Accurancy: 0.9139
Averaged Test AUC: 0.9713
Std Test Accurancy: 0.0575
Std Test AUC: 0.0137
-------------------------------------------------- 12.600961685180664

-------------Round number: 42-------------

Evaluate heterogeneous models
Averaged Test Accurancy: 0.9188
Averaged Test AUC: 0.9719
Std Test Accurancy: 0.0519
Std Test AUC: 0.0129
-------------------------------------------------- 13.124791145324707

-------------Round number: 43-------------

Evaluate heterogeneous models
Averaged Test Accurancy: 0.9118
Averaged Test AUC: 0.9706
Std Test Accurancy: 0.0650
Std Test AUC: 0.0149
-------------------------------------------------- 13.76920199394226

-------------Round number: 44-------------

Evaluate heterogeneous models
Averaged Test Accurancy: 0.9149
Averaged Test AUC: 0.9707
Std Test Accurancy: 0.0576
Std Test AUC: 0.0162
-------------------------------------------------- 13.341346979141235

-------------Round number: 45-------------

Evaluate heterogeneous models
Averaged Test Accurancy: 0.9121
Averaged Test AUC: 0.9714
Std Test Accurancy: 0.0646
Std Test AUC: 0.0170
-------------------------------------------------- 13.419057130813599

-------------Round number: 46-------------

Evaluate heterogeneous models
Averaged Test Accurancy: 0.9116
Averaged Test AUC: 0.9712
Std Test Accurancy: 0.0622
Std Test AUC: 0.0136
-------------------------------------------------- 13.951729774475098

-------------Round number: 47-------------

Evaluate heterogeneous models
Averaged Test Accurancy: 0.9179
Averaged Test AUC: 0.9727
Std Test Accurancy: 0.0534
Std Test AUC: 0.0124
-------------------------------------------------- 13.603372573852539

-------------Round number: 48-------------

Evaluate heterogeneous models
Averaged Test Accurancy: 0.9169
Averaged Test AUC: 0.9726
Std Test Accurancy: 0.0560
Std Test AUC: 0.0131
-------------------------------------------------- 13.780959844589233

-------------Round number: 49-------------

Evaluate heterogeneous models
Averaged Test Accurancy: 0.9180
Averaged Test AUC: 0.9725
Std Test Accurancy: 0.0527
Std Test AUC: 0.0127
-------------------------------------------------- 11.946449995040894

-------------Round number: 50-------------

Evaluate heterogeneous models
Averaged Test Accurancy: 0.9181
Averaged Test AUC: 0.9723
Std Test Accurancy: 0.0525
Std Test AUC: 0.0121
-------------------------------------------------- 12.606597900390625

-------------Round number: 51-------------

Evaluate heterogeneous models
Averaged Test Accurancy: 0.9185
Averaged Test AUC: 0.9713
Std Test Accurancy: 0.0528
Std Test AUC: 0.0130
-------------------------------------------------- 13.705801963806152

-------------Round number: 52-------------

Evaluate heterogeneous models
Averaged Test Accurancy: 0.9128
Averaged Test AUC: 0.9708
Std Test Accurancy: 0.0750
Std Test AUC: 0.0174
-------------------------------------------------- 13.674273014068604

-------------Round number: 53-------------

Evaluate heterogeneous models
Averaged Test Accurancy: 0.9205
Averaged Test AUC: 0.9721
Std Test Accurancy: 0.0496
Std Test AUC: 0.0122
-------------------------------------------------- 13.98558759689331

-------------Round number: 54-------------

Evaluate heterogeneous models
Averaged Test Accurancy: 0.9201
Averaged Test AUC: 0.9716
Std Test Accurancy: 0.0517
Std Test AUC: 0.0131
-------------------------------------------------- 13.917916297912598

-------------Round number: 55-------------

Evaluate heterogeneous models
Averaged Test Accurancy: 0.9156
Averaged Test AUC: 0.9702
Std Test Accurancy: 0.0549
Std Test AUC: 0.0135
-------------------------------------------------- 13.696431159973145

-------------Round number: 56-------------

Evaluate heterogeneous models
Averaged Test Accurancy: 0.9203
Averaged Test AUC: 0.9712
Std Test Accurancy: 0.0515
Std Test AUC: 0.0132
-------------------------------------------------- 13.585443019866943

-------------Round number: 57-------------

Evaluate heterogeneous models
Averaged Test Accurancy: 0.9205
Averaged Test AUC: 0.9708
Std Test Accurancy: 0.0509
Std Test AUC: 0.0130
-------------------------------------------------- 12.171879768371582

-------------Round number: 58-------------

Evaluate heterogeneous models
Averaged Test Accurancy: 0.9205
Averaged Test AUC: 0.9713
Std Test Accurancy: 0.0500
Std Test AUC: 0.0123
-------------------------------------------------- 12.900627613067627

-------------Round number: 59-------------

Evaluate heterogeneous models
Averaged Test Accurancy: 0.9129
Averaged Test AUC: 0.9694
Std Test Accurancy: 0.0811
Std Test AUC: 0.0182
-------------------------------------------------- 14.025062084197998

-------------Round number: 60-------------

Evaluate heterogeneous models
Averaged Test Accurancy: 0.9188
Averaged Test AUC: 0.9696
Std Test Accurancy: 0.0505
Std Test AUC: 0.0132
-------------------------------------------------- 13.882526159286499

-------------Round number: 61-------------

Evaluate heterogeneous models
Averaged Test Accurancy: 0.9213
Averaged Test AUC: 0.9709
Std Test Accurancy: 0.0486
Std Test AUC: 0.0125
-------------------------------------------------- 14.611605644226074

-------------Round number: 62-------------

Evaluate heterogeneous models
Averaged Test Accurancy: 0.9190
Averaged Test AUC: 0.9697
Std Test Accurancy: 0.0497
Std Test AUC: 0.0131
-------------------------------------------------- 14.048586130142212

-------------Round number: 63-------------

Evaluate heterogeneous models
Averaged Test Accurancy: 0.9217
Averaged Test AUC: 0.9708
Std Test Accurancy: 0.0473
Std Test AUC: 0.0122
-------------------------------------------------- 13.826618194580078

-------------Round number: 64-------------

Evaluate heterogeneous models
Averaged Test Accurancy: 0.9148
Averaged Test AUC: 0.9686
Std Test Accurancy: 0.0669
Std Test AUC: 0.0180
-------------------------------------------------- 13.763283491134644

-------------Round number: 65-------------

Evaluate heterogeneous models
Averaged Test Accurancy: 0.9185
Averaged Test AUC: 0.9692
Std Test Accurancy: 0.0566
Std Test AUC: 0.0167
-------------------------------------------------- 12.428293228149414

-------------Round number: 66-------------

Evaluate heterogeneous models
Averaged Test Accurancy: 0.9229
Averaged Test AUC: 0.9706
Std Test Accurancy: 0.0467
Std Test AUC: 0.0118
-------------------------------------------------- 12.942422866821289

-------------Round number: 67-------------

Evaluate heterogeneous models
Averaged Test Accurancy: 0.9209
Averaged Test AUC: 0.9701
Std Test Accurancy: 0.0499
Std Test AUC: 0.0120
-------------------------------------------------- 13.518025398254395

-------------Round number: 68-------------

Evaluate heterogeneous models
Averaged Test Accurancy: 0.9209
Averaged Test AUC: 0.9699
Std Test Accurancy: 0.0536
Std Test AUC: 0.0134
-------------------------------------------------- 13.68919062614441

-------------Round number: 69-------------

Evaluate heterogeneous models
Averaged Test Accurancy: 0.9218
Averaged Test AUC: 0.9702
Std Test Accurancy: 0.0483
Std Test AUC: 0.0119
-------------------------------------------------- 13.986701726913452

-------------Round number: 70-------------

Evaluate heterogeneous models
Averaged Test Accurancy: 0.9128
Averaged Test AUC: 0.9671
Std Test Accurancy: 0.0628
Std Test AUC: 0.0193
-------------------------------------------------- 13.587157964706421

-------------Round number: 71-------------

Evaluate heterogeneous models
Averaged Test Accurancy: 0.9144
Averaged Test AUC: 0.9687
Std Test Accurancy: 0.0532
Std Test AUC: 0.0142
-------------------------------------------------- 13.808786630630493

-------------Round number: 72-------------

Evaluate heterogeneous models
Averaged Test Accurancy: 0.9172
Averaged Test AUC: 0.9687
Std Test Accurancy: 0.0586
Std Test AUC: 0.0168
-------------------------------------------------- 13.929543256759644

-------------Round number: 73-------------

Evaluate heterogeneous models
Averaged Test Accurancy: 0.9170
Averaged Test AUC: 0.9700
Std Test Accurancy: 0.0587
Std Test AUC: 0.0142
-------------------------------------------------- 12.709333896636963

-------------Round number: 74-------------

Evaluate heterogeneous models
Averaged Test Accurancy: 0.9211
Averaged Test AUC: 0.9702
Std Test Accurancy: 0.0482
Std Test AUC: 0.0133
-------------------------------------------------- 13.280999660491943

-------------Round number: 75-------------

Evaluate heterogeneous models
Averaged Test Accurancy: 0.9171
Averaged Test AUC: 0.9686
Std Test Accurancy: 0.0566
Std Test AUC: 0.0160
-------------------------------------------------- 13.4674813747406

-------------Round number: 76-------------

Evaluate heterogeneous models
Averaged Test Accurancy: 0.9203
Averaged Test AUC: 0.9705
Std Test Accurancy: 0.0466
Std Test AUC: 0.0129
-------------------------------------------------- 13.700779438018799

-------------Round number: 77-------------

Evaluate heterogeneous models
Averaged Test Accurancy: 0.9227
Averaged Test AUC: 0.9705
Std Test Accurancy: 0.0477
Std Test AUC: 0.0130
-------------------------------------------------- 13.851343870162964

-------------Round number: 78-------------

Evaluate heterogeneous models
Averaged Test Accurancy: 0.9214
Averaged Test AUC: 0.9702
Std Test Accurancy: 0.0503
Std Test AUC: 0.0136
-------------------------------------------------- 13.557563304901123

-------------Round number: 79-------------

Evaluate heterogeneous models
Averaged Test Accurancy: 0.9222
Averaged Test AUC: 0.9703
Std Test Accurancy: 0.0467
Std Test AUC: 0.0131
-------------------------------------------------- 13.937239170074463

-------------Round number: 80-------------

Evaluate heterogeneous models
Averaged Test Accurancy: 0.9202
Averaged Test AUC: 0.9695
Std Test Accurancy: 0.0506
Std Test AUC: 0.0148
-------------------------------------------------- 14.201753854751587

-------------Round number: 81-------------

Evaluate heterogeneous models
Averaged Test Accurancy: 0.9169
Averaged Test AUC: 0.9687
Std Test Accurancy: 0.0635
Std Test AUC: 0.0177
-------------------------------------------------- 12.787708759307861

-------------Round number: 82-------------

Evaluate heterogeneous models
Averaged Test Accurancy: 0.9212
Averaged Test AUC: 0.9697
Std Test Accurancy: 0.0493
Std Test AUC: 0.0139
-------------------------------------------------- 12.974884033203125

-------------Round number: 83-------------

Evaluate heterogeneous models
Averaged Test Accurancy: 0.8997
Averaged Test AUC: 0.9678
Std Test Accurancy: 0.0647
Std Test AUC: 0.0145
-------------------------------------------------- 13.523873329162598

-------------Round number: 84-------------

Evaluate heterogeneous models
Averaged Test Accurancy: 0.8997
Averaged Test AUC: 0.9686
Std Test Accurancy: 0.0647
Std Test AUC: 0.0139
-------------------------------------------------- 13.59448504447937

-------------Round number: 85-------------

Evaluate heterogeneous models
Averaged Test Accurancy: 0.8916
Averaged Test AUC: 0.9670
Std Test Accurancy: 0.0757
Std Test AUC: 0.0164
-------------------------------------------------- 13.829367637634277

-------------Round number: 86-------------

Evaluate heterogeneous models
Averaged Test Accurancy: 0.8927
Averaged Test AUC: 0.9662
Std Test Accurancy: 0.0749
Std Test AUC: 0.0217
-------------------------------------------------- 13.223683595657349

-------------Round number: 87-------------

Evaluate heterogeneous models
Averaged Test Accurancy: 0.9194
Averaged Test AUC: 0.9706
Std Test Accurancy: 0.0484
Std Test AUC: 0.0142
-------------------------------------------------- 13.65992546081543

-------------Round number: 88-------------

Evaluate heterogeneous models
Averaged Test Accurancy: 0.9213
Averaged Test AUC: 0.9716
Std Test Accurancy: 0.0493
Std Test AUC: 0.0134
-------------------------------------------------- 14.3927640914917

-------------Round number: 89-------------

Evaluate heterogeneous models
Averaged Test Accurancy: 0.9137
Averaged Test AUC: 0.9668
Std Test Accurancy: 0.0946
Std Test AUC: 0.0379
-------------------------------------------------- 13.27553391456604

-------------Round number: 90-------------

Evaluate heterogeneous models
Averaged Test Accurancy: 0.9186
Averaged Test AUC: 0.9694
Std Test Accurancy: 0.0519
Std Test AUC: 0.0148
-------------------------------------------------- 13.35003399848938

-------------Round number: 91-------------

Evaluate heterogeneous models
Averaged Test Accurancy: 0.9190
Averaged Test AUC: 0.9699
Std Test Accurancy: 0.0513
Std Test AUC: 0.0140
-------------------------------------------------- 14.003015279769897

-------------Round number: 92-------------

Evaluate heterogeneous models
Averaged Test Accurancy: 0.9195
Averaged Test AUC: 0.9705
Std Test Accurancy: 0.0505
Std Test AUC: 0.0136
-------------------------------------------------- 13.492348432540894

-------------Round number: 93-------------

Evaluate heterogeneous models
Averaged Test Accurancy: 0.9215
Averaged Test AUC: 0.9711
Std Test Accurancy: 0.0466
Std Test AUC: 0.0136
-------------------------------------------------- 13.744295358657837

-------------Round number: 94-------------

Evaluate heterogeneous models
Averaged Test Accurancy: 0.9193
Averaged Test AUC: 0.9702
Std Test Accurancy: 0.0514
Std Test AUC: 0.0150
-------------------------------------------------- 13.82123613357544

-------------Round number: 95-------------

Evaluate heterogeneous models
Averaged Test Accurancy: 0.9200
Averaged Test AUC: 0.9697
Std Test Accurancy: 0.0499
Std Test AUC: 0.0138
-------------------------------------------------- 13.801937818527222

-------------Round number: 96-------------

Evaluate heterogeneous models
Averaged Test Accurancy: 0.9202
Averaged Test AUC: 0.9692
Std Test Accurancy: 0.0484
Std Test AUC: 0.0139
-------------------------------------------------- 13.701342344284058

-------------Round number: 97-------------

Evaluate heterogeneous models
Averaged Test Accurancy: 0.9213
Averaged Test AUC: 0.9699
Std Test Accurancy: 0.0480
Std Test AUC: 0.0132
-------------------------------------------------- 12.594123601913452

-------------Round number: 98-------------

Evaluate heterogeneous models
Averaged Test Accurancy: 0.9213
Averaged Test AUC: 0.9695
Std Test Accurancy: 0.0476
Std Test AUC: 0.0132
-------------------------------------------------- 12.728913307189941

-------------Round number: 99-------------

Evaluate heterogeneous models
Averaged Test Accurancy: 0.9197
Averaged Test AUC: 0.9690
Std Test Accurancy: 0.0501
Std Test AUC: 0.0142
-------------------------------------------------- 13.714900732040405

-------------Round number: 100-------------

Evaluate heterogeneous models
Averaged Test Accurancy: 0.9216
Averaged Test AUC: 0.9686
Std Test Accurancy: 0.0506
Std Test AUC: 0.0154
-------------------------------------------------- 13.545340776443481

-------------Round number: 101-------------

Evaluate heterogeneous models
Averaged Test Accurancy: 0.9220
Averaged Test AUC: 0.9691
Std Test Accurancy: 0.0481
Std Test AUC: 0.0143
-------------------------------------------------- 13.680908203125

-------------Round number: 102-------------

Evaluate heterogeneous models
Averaged Test Accurancy: 0.9221
Averaged Test AUC: 0.9693
Std Test Accurancy: 0.0486
Std Test AUC: 0.0137
-------------------------------------------------- 13.687980890274048

-------------Round number: 103-------------

Evaluate heterogeneous models
Averaged Test Accurancy: 0.9226
Averaged Test AUC: 0.9695
Std Test Accurancy: 0.0479
Std Test AUC: 0.0135
-------------------------------------------------- 14.125837087631226

-------------Round number: 104-------------

Evaluate heterogeneous models
Averaged Test Accurancy: 0.9228
Averaged Test AUC: 0.9694
Std Test Accurancy: 0.0486
Std Test AUC: 0.0136
