==================================================
goal = test
device = cuda
device_id = 0
dataset = Cifar10_dir_0.3_imbalance_40
num_classes = 10
model_family = HtFE8
batch_size = 256
local_learning_rate = 0.03
use_decay_scheduler = False
learning_rate_decay = False
learning_rate_decay_gamma = 0.99
global_rounds = 200
edge_epochs = 1
local_epochs = 10
algorithm = FedSAE
join_ratio = 1.0
random_join_ratio = False
num_clients = 40
num_edges = 10
prev = 0
times = 1
eval_gap = 1
save_folder_name = temp
auto_break = False
feature_dim = 512
vocab_size = 98635
max_len = 200
client_drop_rate = 0.0
train_slow_rate = 0.0
send_slow_rate = 0.0
time_select = False
time_threthold = 10000
lamda = 2.0
trans_delay_simulate = False
agg_type = 0
buffersize = 10
mixclassifier = 0
gl_use_clients = 1
test_useglclassifier = 0
tgpaddmse = 0
addmse = 0
gamma = 0.7
addTGP = 0
SAEbeta = 1.0
drawtsne = 1
drawround = 10
noise_dim = 512
generator_learning_rate = 0.005
hidden_dim = 512
server_epochs = 100
alpha = 1.0
beta = 1.0
mentee_learning_rate = 0.005
T_start = 0.95
T_end = 0.98
server_learning_rate = 0.01
margin_threthold = 100.0
generator_path = stylegan/stylegan-xl-models/imagenet64.pkl
stable_diffusion_prompt = a cat
server_batch_size = 100
gen_batch_size = 4
mu = 50.0
==================================================
Random seed set as 42

============= Running time: 0th =============
Creating server and clients ...
FedAvgCNN(in_features=3, num_classes=args.num_classes, dim=1600)
torchvision.models.googlenet(pretrained=False, aux_logits=False, num_classes=args.num_classes)
mobilenet_v2(pretrained=False, num_classes=args.num_classes)
torchvision.models.resnet18(pretrained=False, num_classes=args.num_classes)
torchvision.models.resnet34(pretrained=False, num_classes=args.num_classes)
torchvision.models.resnet50(pretrained=False, num_classes=args.num_classes)
torchvision.models.resnet101(pretrained=False, num_classes=args.num_classes)
torchvision.models.resnet152(pretrained=False, num_classes=args.num_classes)
FedAvgCNN(in_features=3, num_classes=args.num_classes, dim=1600) model chosen!
id 0
label_counts: defaultdict(<class 'int'>, {3: 400, 7: 347, 1: 47, 4: 179, 6: 87, 8: 41, 0: 2, 9: 2, 5: 2, 2: 1})
torchvision.models.googlenet(pretrained=False, aux_logits=False, num_classes=args.num_classes) model chosen!
id 1
label_counts: defaultdict(<class 'int'>, {2: 855, 4: 327, 0: 5, 3: 3})
mobilenet_v2(pretrained=False, num_classes=args.num_classes) model chosen!
id 2
label_counts: defaultdict(<class 'int'>, {6: 36, 5: 141, 8: 162, 9: 71, 4: 177, 2: 95, 0: 23, 1: 9, 7: 49, 3: 2})
torchvision.models.resnet18(pretrained=False, num_classes=args.num_classes) model chosen!
id 3
label_counts: defaultdict(<class 'int'>, {9: 347, 5: 394, 7: 415, 4: 88, 0: 3, 2: 15, 8: 32})
torchvision.models.resnet34(pretrained=False, num_classes=args.num_classes) model chosen!
id 4
label_counts: defaultdict(<class 'int'>, {3: 83, 2: 591, 5: 234, 8: 172, 4: 18, 7: 30, 0: 18, 1: 3})
torchvision.models.resnet50(pretrained=False, num_classes=args.num_classes) model chosen!
id 5
label_counts: defaultdict(<class 'int'>, {5: 565, 0: 841, 1: 70, 3: 35})
torchvision.models.resnet101(pretrained=False, num_classes=args.num_classes) model chosen!
id 6
label_counts: defaultdict(<class 'int'>, {3: 381, 6: 154, 8: 143, 1: 15, 9: 43, 0: 93, 4: 2, 7: 1, 2: 1})
torchvision.models.resnet152(pretrained=False, num_classes=args.num_classes) model chosen!
id 7
label_counts: defaultdict(<class 'int'>, {9: 1519, 4: 349, 7: 79, 3: 115, 0: 78, 2: 76, 5: 29, 1: 6, 6: 1})
FedAvgCNN(in_features=3, num_classes=args.num_classes, dim=1600) model chosen!
id 8
label_counts: defaultdict(<class 'int'>, {3: 83, 2: 115, 8: 161, 4: 425, 7: 92, 1: 15, 6: 5, 9: 10, 0: 4, 5: 2})
torchvision.models.googlenet(pretrained=False, aux_logits=False, num_classes=args.num_classes) model chosen!
id 9
label_counts: defaultdict(<class 'int'>, {5: 7, 1: 64, 7: 286, 4: 95, 3: 14, 2: 80, 9: 28, 0: 7})
mobilenet_v2(pretrained=False, num_classes=args.num_classes) model chosen!
id 10
label_counts: defaultdict(<class 'int'>, {8: 906, 0: 830, 4: 108, 5: 5, 2: 10, 6: 6, 1: 17, 3: 11})
torchvision.models.resnet18(pretrained=False, num_classes=args.num_classes) model chosen!
id 11
label_counts: defaultdict(<class 'int'>, {1: 227, 8: 208, 2: 238, 9: 48, 3: 16, 4: 1, 7: 8, 6: 2, 5: 2})
torchvision.models.resnet34(pretrained=False, num_classes=args.num_classes) model chosen!
id 12
label_counts: defaultdict(<class 'int'>, {6: 681, 1: 47, 0: 50, 4: 354, 3: 4, 2: 2, 5: 1})
torchvision.models.resnet50(pretrained=False, num_classes=args.num_classes) model chosen!
id 13
label_counts: defaultdict(<class 'int'>, {6: 426, 4: 10, 0: 464, 3: 90, 2: 271, 1: 67})
torchvision.models.resnet101(pretrained=False, num_classes=args.num_classes) model chosen!
id 14
label_counts: defaultdict(<class 'int'>, {5: 746, 1: 509, 4: 104, 3: 17, 0: 30, 2: 1})
torchvision.models.resnet152(pretrained=False, num_classes=args.num_classes) model chosen!
id 15
label_counts: defaultdict(<class 'int'>, {4: 973, 2: 843, 1: 155, 0: 75, 3: 45})
FedAvgCNN(in_features=3, num_classes=args.num_classes, dim=1600) model chosen!
id 16
label_counts: defaultdict(<class 'int'>, {3: 448, 9: 202, 4: 43, 5: 71, 6: 120, 8: 77, 0: 8, 1: 2})
torchvision.models.googlenet(pretrained=False, aux_logits=False, num_classes=args.num_classes) model chosen!
id 17
label_counts: defaultdict(<class 'int'>, {3: 84, 7: 978, 2: 130, 6: 42, 4: 48, 0: 8, 5: 9})
mobilenet_v2(pretrained=False, num_classes=args.num_classes) model chosen!
id 18
label_counts: defaultdict(<class 'int'>, {0: 260, 1: 196, 4: 82, 5: 179, 3: 53, 8: 51, 7: 8, 6: 3, 2: 2})
torchvision.models.resnet18(pretrained=False, num_classes=args.num_classes) model chosen!
id 19
label_counts: defaultdict(<class 'int'>, {1: 456, 8: 150, 3: 7, 9: 86, 2: 46, 6: 20, 5: 56, 7: 10})
torchvision.models.resnet34(pretrained=False, num_classes=args.num_classes) model chosen!
id 20
label_counts: defaultdict(<class 'int'>, {0: 218, 6: 242, 4: 48, 8: 358, 7: 24, 3: 362, 2: 17, 5: 6})
torchvision.models.resnet50(pretrained=False, num_classes=args.num_classes) model chosen!
id 21
label_counts: defaultdict(<class 'int'>, {3: 93, 0: 436, 1: 276, 4: 131, 8: 33, 2: 72, 5: 44, 9: 2, 6: 2})
torchvision.models.resnet101(pretrained=False, num_classes=args.num_classes) model chosen!
id 22
label_counts: defaultdict(<class 'int'>, {8: 459, 6: 159, 3: 97, 9: 131, 1: 82, 5: 64, 7: 22, 4: 2, 2: 1})
torchvision.models.resnet152(pretrained=False, num_classes=args.num_classes) model chosen!
id 23
label_counts: defaultdict(<class 'int'>, {2: 510, 1: 205, 0: 170, 3: 373})
FedAvgCNN(in_features=3, num_classes=args.num_classes, dim=1600) model chosen!
id 24
label_counts: defaultdict(<class 'int'>, {7: 407, 4: 111, 2: 21, 8: 68, 6: 231, 1: 151, 9: 44, 3: 19, 0: 4})
torchvision.models.googlenet(pretrained=False, aux_logits=False, num_classes=args.num_classes) model chosen!
id 25
label_counts: defaultdict(<class 'int'>, {7: 336, 1: 353, 6: 83, 5: 197, 4: 100, 2: 11, 0: 2, 3: 29, 8: 3, 9: 2})
mobilenet_v2(pretrained=False, num_classes=args.num_classes) model chosen!
id 26
label_counts: defaultdict(<class 'int'>, {3: 116, 9: 885, 0: 276, 5: 59, 8: 57, 1: 18, 4: 3, 6: 2})
torchvision.models.resnet18(pretrained=False, num_classes=args.num_classes) model chosen!
id 27
label_counts: defaultdict(<class 'int'>, {6: 360, 9: 54, 4: 28, 1: 24, 5: 140, 2: 15, 3: 12})
torchvision.models.resnet34(pretrained=False, num_classes=args.num_classes) model chosen!
id 28
label_counts: defaultdict(<class 'int'>, {8: 31, 5: 486, 0: 87, 4: 71, 1: 148, 2: 2, 7: 29, 6: 12, 3: 1})
torchvision.models.resnet50(pretrained=False, num_classes=args.num_classes) model chosen!
id 29
label_counts: defaultdict(<class 'int'>, {5: 380, 7: 932, 3: 54, 1: 46, 6: 48, 4: 10, 2: 10})
torchvision.models.resnet101(pretrained=False, num_classes=args.num_classes) model chosen!
id 30
label_counts: defaultdict(<class 'int'>, {3: 724, 6: 555, 0: 95, 5: 89, 4: 8, 2: 19, 1: 1})
torchvision.models.resnet152(pretrained=False, num_classes=args.num_classes) model chosen!
id 31
label_counts: defaultdict(<class 'int'>, {7: 52, 9: 201, 1: 130, 0: 185, 4: 61, 6: 65, 5: 41, 2: 12, 3: 7})
FedAvgCNN(in_features=3, num_classes=args.num_classes, dim=1600) model chosen!
id 32
label_counts: defaultdict(<class 'int'>, {5: 339, 6: 11, 8: 81, 9: 53, 2: 65, 3: 3, 0: 33, 1: 9, 7: 1})
torchvision.models.googlenet(pretrained=False, aux_logits=False, num_classes=args.num_classes) model chosen!
id 33
label_counts: defaultdict(<class 'int'>, {4: 82, 1: 688, 6: 249, 0: 10, 8: 63, 7: 39, 5: 32, 2: 2})
mobilenet_v2(pretrained=False, num_classes=args.num_classes) model chosen!
id 34
label_counts: defaultdict(<class 'int'>, {8: 782, 1: 196, 6: 180, 3: 124, 2: 5, 4: 26, 7: 25})
torchvision.models.resnet18(pretrained=False, num_classes=args.num_classes) model chosen!
id 35
label_counts: defaultdict(<class 'int'>, {2: 255, 9: 362, 8: 12, 7: 151, 3: 64, 0: 69, 6: 20, 1: 7, 4: 8})
torchvision.models.resnet34(pretrained=False, num_classes=args.num_classes) model chosen!
id 36
label_counts: defaultdict(<class 'int'>, {5: 152, 8: 159, 7: 10, 4: 109, 9: 83, 1: 70, 2: 15, 0: 1})
torchvision.models.resnet50(pretrained=False, num_classes=args.num_classes) model chosen!
id 37
label_counts: defaultdict(<class 'int'>, {1: 171, 3: 58, 6: 519, 0: 116, 4: 82, 5: 16, 7: 10, 9: 20, 2: 10})
torchvision.models.resnet101(pretrained=False, num_classes=args.num_classes) model chosen!
id 38
label_counts: defaultdict(<class 'int'>, {6: 156, 3: 111, 1: 29, 2: 125, 7: 141, 8: 27, 9: 20, 0: 6, 5: 29})
torchvision.models.resnet152(pretrained=False, num_classes=args.num_classes) model chosen!
id 39
label_counts: defaultdict(<class 'int'>, {9: 312, 3: 345, 8: 216, 4: 217, 0: 3, 7: 4, 5: 5, 1: 1, 2: 1})

Join ratio / total clients: 1.0 / 40
Finished creating server and clients.
Trainable_prototypes(
  (embedings): Embedding(10, 512)
  (middle): Sequential(
    (0): Sequential(
      (0): Linear(in_features=512, out_features=512, bias=True)
      (1): ReLU()
    )
  )
  (fc): Linear(in_features=512, out_features=512, bias=True)
)
tobetrained:
[9, 8, 7, 6, 5, 4, 3, 2, 1, 0]
Edge 9 begin training
Server global_protos Not Found
Server glclassifier Not Found
Client_14 protos Not Found
Server global_protos Not Found
Server glclassifier Not Found
Client_34 protos Not Found
Server global_protos Not Found
Server glclassifier Not Found
Client_27 protos Not Found
Server global_protos Not Found
Server glclassifier Not Found
Client_10 protos Not Found
Edge 8 begin training
Server global_protos Not Found
Server glclassifier Not Found
Client_31 protos Not Found
Server global_protos Not Found
Server glclassifier Not Found
Client_3 protos Not Found
Server global_protos Not Found
Server glclassifier Not Found
Client_22 protos Not Found
Server global_protos Not Found
Server glclassifier Not Found
Client_21 protos Not Found
Edge 7 begin training
Server global_protos Not Found
Server glclassifier Not Found
Client_30 protos Not Found
Server global_protos Not Found
Server glclassifier Not Found
Client_23 protos Not Found
Server global_protos Not Found
Server glclassifier Not Found
Client_35 protos Not Found
Server global_protos Not Found
Server glclassifier Not Found
Client_6 protos Not Found
Edge 6 begin training
Server global_protos Not Found
Server glclassifier Not Found
Client_39 protos Not Found
Server global_protos Not Found
Server glclassifier Not Found
Client_4 protos Not Found
Server global_protos Not Found
Server glclassifier Not Found
Client_8 protos Not Found
Server global_protos Not Found
Server glclassifier Not Found
Client_9 protos Not Found
Edge 5 begin training
Server global_protos Not Found
Server glclassifier Not Found
Client_32 protos Not Found
Server global_protos Not Found
Server glclassifier Not Found
Client_11 protos Not Found
Server global_protos Not Found
Server glclassifier Not Found
Client_29 protos Not Found
Server global_protos Not Found
Server glclassifier Not Found
Client_0 protos Not Found
Edge 4 begin training
Server global_protos Not Found
Server glclassifier Not Found
Client_7 protos Not Found
Server global_protos Not Found
Server glclassifier Not Found
Client_28 protos Not Found
Server global_protos Not Found
Server glclassifier Not Found
Client_36 protos Not Found
Server global_protos Not Found
Server glclassifier Not Found
Client_1 protos Not Found
Edge 3 begin training
Server global_protos Not Found
Server glclassifier Not Found
Client_18 protos Not Found
Server global_protos Not Found
Server glclassifier Not Found
Client_37 protos Not Found
Server global_protos Not Found
Server glclassifier Not Found
Client_13 protos Not Found
Server global_protos Not Found
Server glclassifier Not Found
Client_20 protos Not Found
Edge 2 begin training
Server global_protos Not Found
Server glclassifier Not Found
Client_25 protos Not Found
Server global_protos Not Found
Server glclassifier Not Found
Client_5 protos Not Found
Server global_protos Not Found
Server glclassifier Not Found
Client_2 protos Not Found
Server global_protos Not Found
Server glclassifier Not Found
Client_38 protos Not Found
Edge 1 begin training
Server global_protos Not Found
Server glclassifier Not Found
Client_12 protos Not Found
Server global_protos Not Found
Server glclassifier Not Found
Client_17 protos Not Found
Server global_protos Not Found
Server glclassifier Not Found
Client_33 protos Not Found
Server global_protos Not Found
Server glclassifier Not Found
Client_24 protos Not Found
Edge 0 begin training
Server global_protos Not Found
Server glclassifier Not Found
Client_26 protos Not Found
Server global_protos Not Found
Server glclassifier Not Found
Client_15 protos Not Found
Server global_protos Not Found
Server glclassifier Not Found
Client_19 protos Not Found
Server global_protos Not Found
Server glclassifier Not Found
Client_16 protos Not Found
readyList:
[3, 5, 2, 1, 8, 9, 6, 7, 4, 0]
aggregation_buffer:
[3, 5, 2, 1, 8, 9, 6, 7, 4, 0]
train global classifier
train glclassifier time: 3.745976001024246
global classifier accuracy in train virtual: 79.8175
Number of samples: 326
end Update
server_global_time: 10.264834761619568
only_train_time: 105.45491875708103

-------------Global Round number: 0-------------

Evaluate heterogeneous models
Averaged Test Accuracy (Regular Model): 0.5571
Averaged Test Accuracy (Prototype Model): 0.2300
Std Test Accuracy (Regular Model): 0.1314
Std Test Accuracy (Prototype Model): 0.1764
tobetrained:
[3, 5, 2, 1, 8, 9, 6, 7, 4, 0]
Edge 3 begin training
Edge 5 begin training
Edge 2 begin training
Edge 1 begin training
Edge 8 begin training
Edge 9 begin training
Edge 6 begin training
Edge 7 begin training
Edge 4 begin training
Edge 0 begin training
readyList:
[3, 1, 5, 2, 8, 9, 6, 7, 0, 4]
aggregation_buffer:
[3, 1, 5, 2, 8, 9, 6, 7, 0, 4]
train global classifier
train glclassifier time: 3.7605852857232094
global classifier accuracy in train virtual: 98.455
end Update
server_global_time: 21.243176102638245
only_train_time: 220.8296308964491

-------------Global Round number: 1-------------

Evaluate heterogeneous models
Averaged Test Accuracy (Regular Model): 0.6049
Averaged Test Accuracy (Prototype Model): 0.4791
Std Test Accuracy (Regular Model): 0.1272
Std Test Accuracy (Prototype Model): 0.1744
tobetrained:
[3, 1, 5, 2, 8, 9, 6, 7, 0, 4]
Edge 3 begin training
Edge 1 begin training
Edge 5 begin training
Edge 2 begin training
Edge 8 begin training
Edge 9 begin training
Edge 6 begin training
Edge 7 begin training
Edge 0 begin training
Edge 4 begin training
readyList:
[1, 3, 5, 2, 8, 9, 6, 7, 0, 4]
aggregation_buffer:
[1, 3, 5, 2, 8, 9, 6, 7, 0, 4]
train global classifier
train glclassifier time: 3.843382477760315
global classifier accuracy in train virtual: 99.67
end Update
server_global_time: 32.27034106105566
only_train_time: 336.12337417155504

-------------Global Round number: 2-------------

Evaluate heterogeneous models
Averaged Test Accuracy (Regular Model): 0.6232
Averaged Test Accuracy (Prototype Model): 0.5390
Std Test Accuracy (Regular Model): 0.1016
Std Test Accuracy (Prototype Model): 0.1505
tobetrained:
[1, 3, 5, 2, 8, 9, 6, 7, 0, 4]
Edge 1 begin training
Edge 3 begin training
Edge 5 begin training
Edge 2 begin training
Edge 8 begin training
Edge 9 begin training
Edge 6 begin training
Edge 7 begin training
Edge 0 begin training
Edge 4 begin training
readyList:
[3, 2, 1, 5, 8, 9, 6, 7, 0, 4]
aggregation_buffer:
[3, 2, 1, 5, 8, 9, 6, 7, 0, 4]
train global classifier
train glclassifier time: 3.9504131004214287
global classifier accuracy in train virtual: 99.8425
end Update
server_global_time: 43.32763799279928
only_train_time: 451.38555516302586

-------------Global Round number: 3-------------

Evaluate heterogeneous models
Averaged Test Accuracy (Regular Model): 0.6294
Averaged Test Accuracy (Prototype Model): 0.5647
Std Test Accuracy (Regular Model): 0.0982
Std Test Accuracy (Prototype Model): 0.1457
tobetrained:
[3, 2, 1, 5, 8, 9, 6, 7, 0, 4]
Edge 3 begin training
Edge 2 begin training
Edge 1 begin training
Edge 5 begin training
Edge 8 begin training
Edge 9 begin training
Edge 6 begin training
Edge 7 begin training
Edge 0 begin training
Edge 4 begin training
readyList:
[2, 3, 5, 1, 8, 9, 6, 7, 4, 0]
aggregation_buffer:
[2, 3, 5, 1, 8, 9, 6, 7, 4, 0]
train global classifier
train glclassifier time: 3.767521344125271
global classifier accuracy in train virtual: 99.87
end Update
server_global_time: 54.18647796660662
only_train_time: 566.835985712707

-------------Global Round number: 4-------------

Evaluate heterogeneous models
Averaged Test Accuracy (Regular Model): 0.6324
Averaged Test Accuracy (Prototype Model): 0.5773
Std Test Accuracy (Regular Model): 0.0974
Std Test Accuracy (Prototype Model): 0.1373
tobetrained:
[2, 3, 5, 1, 8, 9, 6, 7, 4, 0]
Edge 2 begin training
Edge 3 begin training
Edge 5 begin training
Edge 1 begin training
Edge 8 begin training
Edge 9 begin training
Edge 6 begin training
Edge 7 begin training
Edge 4 begin training
Edge 0 begin training
readyList:
[3, 5, 1, 2, 8, 9, 6, 7, 0, 4]
aggregation_buffer:
[3, 5, 1, 2, 8, 9, 6, 7, 0, 4]
train global classifier
train glclassifier time: 3.745541848242283
global classifier accuracy in train virtual: 99.905
end Update
server_global_time: 65.3771868571639
only_train_time: 682.6116399914026

-------------Global Round number: 5-------------

Evaluate heterogeneous models
Averaged Test Accuracy (Regular Model): 0.6324
Averaged Test Accuracy (Prototype Model): 0.5875
Std Test Accuracy (Regular Model): 0.0972
Std Test Accuracy (Prototype Model): 0.1265
tobetrained:
[3, 5, 1, 2, 8, 9, 6, 7, 0, 4]
Edge 3 begin training
Edge 5 begin training
Edge 1 begin training
Edge 2 begin training
Edge 8 begin training
Edge 9 begin training
Edge 6 begin training
Edge 7 begin training
Edge 0 begin training
Edge 4 begin training
readyList:
[5, 3, 2, 1, 8, 9, 6, 7, 0, 4]
aggregation_buffer:
[5, 3, 2, 1, 8, 9, 6, 7, 0, 4]
train global classifier
train glclassifier time: 3.8085485994815826
global classifier accuracy in train virtual: 99.9425
end Update
server_global_time: 76.16910862922668
only_train_time: 797.0445500910282

-------------Global Round number: 6-------------

Evaluate heterogeneous models
Averaged Test Accuracy (Regular Model): 0.6338
Averaged Test Accuracy (Prototype Model): 0.5927
Std Test Accuracy (Regular Model): 0.0969
Std Test Accuracy (Prototype Model): 0.1191
tobetrained:
[5, 3, 2, 1, 8, 9, 6, 7, 0, 4]
Edge 5 begin training
Edge 3 begin training
Edge 2 begin training
Edge 1 begin training
Edge 8 begin training
Edge 9 begin training
Edge 6 begin training
Edge 7 begin training
Edge 0 begin training
Edge 4 begin training
readyList:
[3, 5, 1, 2, 8, 9, 6, 7, 0, 4]
aggregation_buffer:
[3, 5, 1, 2, 8, 9, 6, 7, 0, 4]
train global classifier
train glclassifier time: 3.7869054675102234
global classifier accuracy in train virtual: 99.9525
end Update
server_global_time: 86.951126024127
only_train_time: 911.3935354351997

-------------Global Round number: 7-------------

Evaluate heterogeneous models
Averaged Test Accuracy (Regular Model): 0.6352
Averaged Test Accuracy (Prototype Model): 0.5958
Std Test Accuracy (Regular Model): 0.0979
Std Test Accuracy (Prototype Model): 0.1137
tobetrained:
[3, 5, 1, 2, 8, 9, 6, 7, 0, 4]
Edge 3 begin training
Edge 5 begin training
Edge 1 begin training
Edge 2 begin training
Edge 8 begin training
Edge 9 begin training
Edge 6 begin training
Edge 7 begin training
Edge 0 begin training
Edge 4 begin training
readyList:
[3, 5, 2, 1, 8, 9, 6, 7, 0, 4]
aggregation_buffer:
[3, 5, 2, 1, 8, 9, 6, 7, 0, 4]
train global classifier
train glclassifier time: 3.83576537668705
global classifier accuracy in train virtual: 99.9725
end Update
server_global_time: 97.71565365046263
only_train_time: 1027.0143930613995

-------------Global Round number: 8-------------

Evaluate heterogeneous models
Averaged Test Accuracy (Regular Model): 0.6363
Averaged Test Accuracy (Prototype Model): 0.5991
Std Test Accuracy (Regular Model): 0.0975
Std Test Accuracy (Prototype Model): 0.1119
tobetrained:
[3, 5, 2, 1, 8, 9, 6, 7, 0, 4]
Edge 3 begin training
Edge 5 begin training
Edge 2 begin training
Edge 1 begin training
Edge 8 begin training
Edge 9 begin training
Edge 6 begin training
Edge 7 begin training
Edge 0 begin training
Edge 4 begin training
readyList:
[3, 5, 2, 1, 8, 9, 6, 7, 4, 0]
aggregation_buffer:
[3, 5, 2, 1, 8, 9, 6, 7, 4, 0]
train global classifier
train glclassifier time: 3.769775353372097
global classifier accuracy in train virtual: 99.9775
end Update
server_global_time: 108.44141343981028
only_train_time: 1140.9899305328727

-------------Global Round number: 9-------------

Evaluate heterogeneous models
Averaged Test Accuracy (Regular Model): 0.6364
Averaged Test Accuracy (Prototype Model): 0.6020
Std Test Accuracy (Regular Model): 0.0974
Std Test Accuracy (Prototype Model): 0.1099
tobetrained:
[3, 5, 2, 1, 8, 9, 6, 7, 4, 0]
Edge 3 begin training
Edge 5 begin training
Edge 2 begin training
Edge 1 begin training
Edge 8 begin training
Edge 9 begin training
Edge 6 begin training
Edge 7 begin training
Edge 4 begin training
Edge 0 begin training
readyList:
[3, 5, 1, 2, 8, 9, 6, 7, 0, 4]
aggregation_buffer:
[3, 5, 1, 2, 8, 9, 6, 7, 0, 4]
train global classifier
train glclassifier time: 3.610467128455639
global classifier accuracy in train virtual: 99.9925
Number of samples: 326
end Update
server_global_time: 119.59187799692154
only_train_time: 1255.8732078447938

-------------Global Round number: 10-------------

Evaluate heterogeneous models
Averaged Test Accuracy (Regular Model): 0.6368
Averaged Test Accuracy (Prototype Model): 0.6059
Std Test Accuracy (Regular Model): 0.0995
Std Test Accuracy (Prototype Model): 0.1059
tobetrained:
[3, 5, 1, 2, 8, 9, 6, 7, 0, 4]
Edge 3 begin training
Edge 5 begin training
Edge 1 begin training
Edge 2 begin training
Edge 8 begin training
Edge 9 begin training
Edge 6 begin training
Edge 7 begin training
Edge 0 begin training
Edge 4 begin training
readyList:
[5, 2, 3, 1, 8, 9, 6, 7, 0, 4]
aggregation_buffer:
[5, 2, 3, 1, 8, 9, 6, 7, 0, 4]
train global classifier
train glclassifier time: 3.8344412371516228
global classifier accuracy in train virtual: 99.9975
end Update
server_global_time: 130.54414495825768
only_train_time: 1370.847218081355

-------------Global Round number: 11-------------

Evaluate heterogeneous models
Averaged Test Accuracy (Regular Model): 0.6371
Averaged Test Accuracy (Prototype Model): 0.6087
Std Test Accuracy (Regular Model): 0.0987
Std Test Accuracy (Prototype Model): 0.1058
tobetrained:
[5, 2, 3, 1, 8, 9, 6, 7, 0, 4]
Edge 5 begin training
Edge 2 begin training
Edge 3 begin training
Edge 1 begin training
Edge 8 begin training
Edge 9 begin training
Edge 6 begin training
Edge 7 begin training
Edge 0 begin training
Edge 4 begin training
readyList:
[1, 3, 5, 2, 8, 9, 7, 6, 4, 0]
aggregation_buffer:
[1, 3, 5, 2, 8, 9, 7, 6, 4, 0]
train global classifier
train glclassifier time: 3.85726647824049
global classifier accuracy in train virtual: 99.9975
end Update
server_global_time: 141.40202128142118
only_train_time: 1485.8897147774696

-------------Global Round number: 12-------------

Evaluate heterogeneous models
Averaged Test Accuracy (Regular Model): 0.6364
Averaged Test Accuracy (Prototype Model): 0.6074
Std Test Accuracy (Regular Model): 0.0985
Std Test Accuracy (Prototype Model): 0.1057
tobetrained:
[1, 3, 5, 2, 8, 9, 7, 6, 4, 0]
Edge 1 begin training
Edge 3 begin training
Edge 5 begin training
Edge 2 begin training
Edge 8 begin training
Edge 9 begin training
Edge 7 begin training
Edge 6 begin training
Edge 4 begin training
Edge 0 begin training
readyList:
[3, 5, 2, 1, 8, 9, 6, 7, 4, 0]
aggregation_buffer:
[3, 5, 2, 1, 8, 9, 6, 7, 4, 0]
train global classifier
train glclassifier time: 3.6921049803495407
global classifier accuracy in train virtual: 99.995
end Update
server_global_time: 152.1145422682166
only_train_time: 1600.9591446816921

-------------Global Round number: 13-------------

Evaluate heterogeneous models
Averaged Test Accuracy (Regular Model): 0.6391
Averaged Test Accuracy (Prototype Model): 0.6101
Std Test Accuracy (Regular Model): 0.0999
Std Test Accuracy (Prototype Model): 0.1064
tobetrained:
[3, 5, 2, 1, 8, 9, 6, 7, 4, 0]
Edge 3 begin training
Edge 5 begin training
Edge 2 begin training
Edge 1 begin training
Edge 8 begin training
Edge 9 begin training
Edge 6 begin training
Edge 7 begin training
Edge 4 begin training
Edge 0 begin training
readyList:
[3, 2, 5, 1, 8, 9, 6, 7, 0, 4]
aggregation_buffer:
[3, 2, 5, 1, 8, 9, 6, 7, 0, 4]
train global classifier
train glclassifier time: 4.056092314422131
global classifier accuracy in train virtual: 99.9975
end Update
server_global_time: 163.6626622080803
only_train_time: 1720.8659661114216

-------------Global Round number: 14-------------

Evaluate heterogeneous models
Averaged Test Accuracy (Regular Model): 0.6388
Averaged Test Accuracy (Prototype Model): 0.6129
Std Test Accuracy (Regular Model): 0.0974
Std Test Accuracy (Prototype Model): 0.1053
tobetrained:
[3, 2, 5, 1, 8, 9, 6, 7, 0, 4]
Edge 3 begin training
Edge 2 begin training
Edge 5 begin training
Edge 1 begin training
Edge 8 begin training
Edge 9 begin training
Edge 6 begin training
Edge 7 begin training
Edge 0 begin training
Edge 4 begin training
readyList:
[3, 1, 5, 2, 8, 9, 7, 6, 0, 4]
aggregation_buffer:
[3, 1, 5, 2, 8, 9, 7, 6, 0, 4]
train global classifier
train glclassifier time: 3.949441611766815
global classifier accuracy in train virtual: 99.9975
end Update
server_global_time: 174.98634270578623
only_train_time: 1840.106003895402

-------------Global Round number: 15-------------

Evaluate heterogeneous models
Averaged Test Accuracy (Regular Model): 0.6382
Averaged Test Accuracy (Prototype Model): 0.6109
Std Test Accuracy (Regular Model): 0.0972
Std Test Accuracy (Prototype Model): 0.1055
tobetrained:
[3, 1, 5, 2, 8, 9, 7, 6, 0, 4]
Edge 3 begin training
Edge 1 begin training
Edge 5 begin training
Edge 2 begin training
Edge 8 begin training
Edge 9 begin training
Edge 7 begin training
Edge 6 begin training
Edge 0 begin training
Edge 4 begin training
readyList:
[3, 5, 1, 2, 8, 9, 6, 7, 0, 4]
aggregation_buffer:
[3, 5, 1, 2, 8, 9, 6, 7, 0, 4]
train global classifier
train glclassifier time: 3.939561352133751
global classifier accuracy in train virtual: 100.0
end Update
server_global_time: 186.44426913559437
only_train_time: 1959.4846495464444

-------------Global Round number: 16-------------

Evaluate heterogeneous models
Averaged Test Accuracy (Regular Model): 0.6383
Averaged Test Accuracy (Prototype Model): 0.6112
Std Test Accuracy (Regular Model): 0.0988
Std Test Accuracy (Prototype Model): 0.1057
tobetrained:
[3, 5, 1, 2, 8, 9, 6, 7, 0, 4]
Edge 3 begin training
Edge 5 begin training
Edge 1 begin training
Edge 2 begin training
Edge 8 begin training
