==================================================
goal = test
device = cuda
device_id = 0
dataset = Cifar10_dir_0.3_imbalance_40
num_classes = 10
model_family = HtFE8
batch_size = 256
local_learning_rate = 0.06
use_decay_scheduler = False
learning_rate_decay = False
learning_rate_decay_gamma = 0.99
global_rounds = 200
edge_epochs = 1
local_epochs = 10
algorithm = FedSAE
join_ratio = 1.0
random_join_ratio = False
num_clients = 40
num_edges = 10
prev = 0
times = 1
eval_gap = 1
save_folder_name = temp
auto_break = False
feature_dim = 512
vocab_size = 98635
max_len = 200
client_drop_rate = 0.0
train_slow_rate = 0.0
send_slow_rate = 0.0
time_select = False
time_threthold = 10000
lamda = 2
trans_delay_simulate = False
agg_type = 0
buffersize = 10
mixclassifier = 1
test_useglclassifier = 0
gamma = 1.0
use_beta = True
SAEbeta = 1.0
addTGP = True
drawtsne = False
drawround = 10
noise_dim = 512
generator_learning_rate = 0.005
hidden_dim = 512
server_epochs = 100
alpha = 1.0
beta = 1.0
mentee_learning_rate = 0.005
T_start = 0.95
T_end = 0.98
server_learning_rate = 0.01
margin_threthold = 100.0
generator_path = stylegan/stylegan-xl-models/imagenet64.pkl
stable_diffusion_prompt = a cat
server_batch_size = 100
gen_batch_size = 4
mu = 50.0
==================================================
Random seed set as 42

============= Running time: 0th =============
Creating server and clients ...
FedAvgCNN(in_features=3, num_classes=args.num_classes, dim=1600)
torchvision.models.googlenet(pretrained=False, aux_logits=False, num_classes=args.num_classes)
mobilenet_v2(pretrained=False, num_classes=args.num_classes)
torchvision.models.resnet18(pretrained=False, num_classes=args.num_classes)
torchvision.models.resnet34(pretrained=False, num_classes=args.num_classes)
torchvision.models.resnet50(pretrained=False, num_classes=args.num_classes)
torchvision.models.resnet101(pretrained=False, num_classes=args.num_classes)
torchvision.models.resnet152(pretrained=False, num_classes=args.num_classes)
FedAvgCNN(in_features=3, num_classes=args.num_classes, dim=1600) model chosen!
id 0
label_counts: defaultdict(<class 'int'>, {3: 400, 7: 347, 1: 47, 4: 179, 6: 87, 8: 41, 0: 2, 9: 2, 5: 2, 2: 1})
torchvision.models.googlenet(pretrained=False, aux_logits=False, num_classes=args.num_classes) model chosen!
id 1
label_counts: defaultdict(<class 'int'>, {2: 855, 4: 327, 0: 5, 3: 3})
mobilenet_v2(pretrained=False, num_classes=args.num_classes) model chosen!
id 2
label_counts: defaultdict(<class 'int'>, {6: 36, 5: 141, 8: 162, 9: 71, 4: 177, 2: 95, 0: 23, 1: 9, 7: 49, 3: 2})
torchvision.models.resnet18(pretrained=False, num_classes=args.num_classes) model chosen!
id 3
label_counts: defaultdict(<class 'int'>, {9: 347, 5: 394, 7: 415, 4: 88, 0: 3, 2: 15, 8: 32})
torchvision.models.resnet34(pretrained=False, num_classes=args.num_classes) model chosen!
id 4
label_counts: defaultdict(<class 'int'>, {3: 83, 2: 591, 5: 234, 8: 172, 4: 18, 7: 30, 0: 18, 1: 3})
torchvision.models.resnet50(pretrained=False, num_classes=args.num_classes) model chosen!
id 5
label_counts: defaultdict(<class 'int'>, {5: 565, 0: 841, 1: 70, 3: 35})
torchvision.models.resnet101(pretrained=False, num_classes=args.num_classes) model chosen!
id 6
label_counts: defaultdict(<class 'int'>, {3: 381, 6: 154, 8: 143, 1: 15, 9: 43, 0: 93, 4: 2, 7: 1, 2: 1})
torchvision.models.resnet152(pretrained=False, num_classes=args.num_classes) model chosen!
id 7
label_counts: defaultdict(<class 'int'>, {9: 1519, 4: 349, 7: 79, 3: 115, 0: 78, 2: 76, 5: 29, 1: 6, 6: 1})
FedAvgCNN(in_features=3, num_classes=args.num_classes, dim=1600) model chosen!
id 8
label_counts: defaultdict(<class 'int'>, {3: 83, 2: 115, 8: 161, 4: 425, 7: 92, 1: 15, 6: 5, 9: 10, 0: 4, 5: 2})
torchvision.models.googlenet(pretrained=False, aux_logits=False, num_classes=args.num_classes) model chosen!
id 9
label_counts: defaultdict(<class 'int'>, {5: 7, 1: 64, 7: 286, 4: 95, 3: 14, 2: 80, 9: 28, 0: 7})
mobilenet_v2(pretrained=False, num_classes=args.num_classes) model chosen!
id 10
label_counts: defaultdict(<class 'int'>, {8: 906, 0: 830, 4: 108, 5: 5, 2: 10, 6: 6, 1: 17, 3: 11})
torchvision.models.resnet18(pretrained=False, num_classes=args.num_classes) model chosen!
id 11
label_counts: defaultdict(<class 'int'>, {1: 227, 8: 208, 2: 238, 9: 48, 3: 16, 4: 1, 7: 8, 6: 2, 5: 2})
torchvision.models.resnet34(pretrained=False, num_classes=args.num_classes) model chosen!
id 12
label_counts: defaultdict(<class 'int'>, {6: 681, 1: 47, 0: 50, 4: 354, 3: 4, 2: 2, 5: 1})
torchvision.models.resnet50(pretrained=False, num_classes=args.num_classes) model chosen!
id 13
label_counts: defaultdict(<class 'int'>, {6: 426, 4: 10, 0: 464, 3: 90, 2: 271, 1: 67})
torchvision.models.resnet101(pretrained=False, num_classes=args.num_classes) model chosen!
id 14
label_counts: defaultdict(<class 'int'>, {5: 746, 1: 509, 4: 104, 3: 17, 0: 30, 2: 1})
torchvision.models.resnet152(pretrained=False, num_classes=args.num_classes) model chosen!
id 15
label_counts: defaultdict(<class 'int'>, {4: 973, 2: 843, 1: 155, 0: 75, 3: 45})
FedAvgCNN(in_features=3, num_classes=args.num_classes, dim=1600) model chosen!
id 16
label_counts: defaultdict(<class 'int'>, {3: 448, 9: 202, 4: 43, 5: 71, 6: 120, 8: 77, 0: 8, 1: 2})
torchvision.models.googlenet(pretrained=False, aux_logits=False, num_classes=args.num_classes) model chosen!
id 17
label_counts: defaultdict(<class 'int'>, {3: 84, 7: 978, 2: 130, 6: 42, 4: 48, 0: 8, 5: 9})
mobilenet_v2(pretrained=False, num_classes=args.num_classes) model chosen!
id 18
label_counts: defaultdict(<class 'int'>, {0: 260, 1: 196, 4: 82, 5: 179, 3: 53, 8: 51, 7: 8, 6: 3, 2: 2})
torchvision.models.resnet18(pretrained=False, num_classes=args.num_classes) model chosen!
id 19
label_counts: defaultdict(<class 'int'>, {1: 456, 8: 150, 3: 7, 9: 86, 2: 46, 6: 20, 5: 56, 7: 10})
torchvision.models.resnet34(pretrained=False, num_classes=args.num_classes) model chosen!
id 20
label_counts: defaultdict(<class 'int'>, {0: 218, 6: 242, 4: 48, 8: 358, 7: 24, 3: 362, 2: 17, 5: 6})
torchvision.models.resnet50(pretrained=False, num_classes=args.num_classes) model chosen!
id 21
label_counts: defaultdict(<class 'int'>, {3: 93, 0: 436, 1: 276, 4: 131, 8: 33, 2: 72, 5: 44, 9: 2, 6: 2})
torchvision.models.resnet101(pretrained=False, num_classes=args.num_classes) model chosen!
id 22
label_counts: defaultdict(<class 'int'>, {8: 459, 6: 159, 3: 97, 9: 131, 1: 82, 5: 64, 7: 22, 4: 2, 2: 1})
torchvision.models.resnet152(pretrained=False, num_classes=args.num_classes) model chosen!
id 23
label_counts: defaultdict(<class 'int'>, {2: 510, 1: 205, 0: 170, 3: 373})
FedAvgCNN(in_features=3, num_classes=args.num_classes, dim=1600) model chosen!
id 24
label_counts: defaultdict(<class 'int'>, {7: 407, 4: 111, 2: 21, 8: 68, 6: 231, 1: 151, 9: 44, 3: 19, 0: 4})
torchvision.models.googlenet(pretrained=False, aux_logits=False, num_classes=args.num_classes) model chosen!
id 25
label_counts: defaultdict(<class 'int'>, {7: 336, 1: 353, 6: 83, 5: 197, 4: 100, 2: 11, 0: 2, 3: 29, 8: 3, 9: 2})
mobilenet_v2(pretrained=False, num_classes=args.num_classes) model chosen!
id 26
label_counts: defaultdict(<class 'int'>, {3: 116, 9: 885, 0: 276, 5: 59, 8: 57, 1: 18, 4: 3, 6: 2})
torchvision.models.resnet18(pretrained=False, num_classes=args.num_classes) model chosen!
id 27
label_counts: defaultdict(<class 'int'>, {6: 360, 9: 54, 4: 28, 1: 24, 5: 140, 2: 15, 3: 12})
torchvision.models.resnet34(pretrained=False, num_classes=args.num_classes) model chosen!
id 28
label_counts: defaultdict(<class 'int'>, {8: 31, 5: 486, 0: 87, 4: 71, 1: 148, 2: 2, 7: 29, 6: 12, 3: 1})
torchvision.models.resnet50(pretrained=False, num_classes=args.num_classes) model chosen!
id 29
label_counts: defaultdict(<class 'int'>, {5: 380, 7: 932, 3: 54, 1: 46, 6: 48, 4: 10, 2: 10})
torchvision.models.resnet101(pretrained=False, num_classes=args.num_classes) model chosen!
id 30
label_counts: defaultdict(<class 'int'>, {3: 724, 6: 555, 0: 95, 5: 89, 4: 8, 2: 19, 1: 1})
torchvision.models.resnet152(pretrained=False, num_classes=args.num_classes) model chosen!
id 31
label_counts: defaultdict(<class 'int'>, {7: 52, 9: 201, 1: 130, 0: 185, 4: 61, 6: 65, 5: 41, 2: 12, 3: 7})
FedAvgCNN(in_features=3, num_classes=args.num_classes, dim=1600) model chosen!
id 32
label_counts: defaultdict(<class 'int'>, {5: 339, 6: 11, 8: 81, 9: 53, 2: 65, 3: 3, 0: 33, 1: 9, 7: 1})
torchvision.models.googlenet(pretrained=False, aux_logits=False, num_classes=args.num_classes) model chosen!
id 33
label_counts: defaultdict(<class 'int'>, {4: 82, 1: 688, 6: 249, 0: 10, 8: 63, 7: 39, 5: 32, 2: 2})
mobilenet_v2(pretrained=False, num_classes=args.num_classes) model chosen!
id 34
label_counts: defaultdict(<class 'int'>, {8: 782, 1: 196, 6: 180, 3: 124, 2: 5, 4: 26, 7: 25})
torchvision.models.resnet18(pretrained=False, num_classes=args.num_classes) model chosen!
id 35
label_counts: defaultdict(<class 'int'>, {2: 255, 9: 362, 8: 12, 7: 151, 3: 64, 0: 69, 6: 20, 1: 7, 4: 8})
torchvision.models.resnet34(pretrained=False, num_classes=args.num_classes) model chosen!
id 36
label_counts: defaultdict(<class 'int'>, {5: 152, 8: 159, 7: 10, 4: 109, 9: 83, 1: 70, 2: 15, 0: 1})
torchvision.models.resnet50(pretrained=False, num_classes=args.num_classes) model chosen!
id 37
label_counts: defaultdict(<class 'int'>, {1: 171, 3: 58, 6: 519, 0: 116, 4: 82, 5: 16, 7: 10, 9: 20, 2: 10})
torchvision.models.resnet101(pretrained=False, num_classes=args.num_classes) model chosen!
id 38
label_counts: defaultdict(<class 'int'>, {6: 156, 3: 111, 1: 29, 2: 125, 7: 141, 8: 27, 9: 20, 0: 6, 5: 29})
torchvision.models.resnet152(pretrained=False, num_classes=args.num_classes) model chosen!
id 39
label_counts: defaultdict(<class 'int'>, {9: 312, 3: 345, 8: 216, 4: 217, 0: 3, 7: 4, 5: 5, 1: 1, 2: 1})

Join ratio / total clients: 1.0 / 40
Finished creating server and clients.
Trainable_prototypes(
  (embedings): Embedding(10, 512)
  (middle): Sequential(
    (0): Sequential(
      (0): Linear(in_features=512, out_features=512, bias=True)
      (1): ReLU()
    )
  )
  (fc): Linear(in_features=512, out_features=512, bias=True)
)
tobetrained:
[9, 8, 7, 6, 5, 4, 3, 2, 1, 0]
Edge 9 begin training
Server global_protos Not Found
Server tgp_global_protos Not Found
Server glclassifier Not Found
Client_5 protos Not Found
Server global_protos Not Found
Server tgp_global_protos Not Found
Server glclassifier Not Found
Client_31 protos Not Found
Server global_protos Not Found
Server tgp_global_protos Not Found
Server glclassifier Not Found
Client_13 protos Not Found
Server global_protos Not Found
Server tgp_global_protos Not Found
Server glclassifier Not Found
Client_0 protos Not Found
Client_5 prev_protos Not Found
Client_0 prev_protos Not Found
Client_13 prev_protos Not Found
Client_31 prev_protos Not Found
Edge 8 begin training
Server global_protos Not Found
Server tgp_global_protos Not Found
Server glclassifier Not Found
Client_16 protos Not Found
Server global_protos Not Found
Server tgp_global_protos Not Found
Server glclassifier Not Found
Client_1 protos Not Found
Server global_protos Not Found
Server tgp_global_protos Not Found
Server glclassifier Not Found
Client_26 protos Not Found
Server global_protos Not Found
Server tgp_global_protos Not Found
Server glclassifier Not Found
Client_36 protos Not Found
Client_26 prev_protos Not Found
Client_36 prev_protos Not Found
Client_1 prev_protos Not Found
Client_16 prev_protos Not Found
Edge 7 begin training
Server global_protos Not Found
Server tgp_global_protos Not Found
Server glclassifier Not Found
Client_24 protos Not Found
Server global_protos Not Found
Server tgp_global_protos Not Found
Server glclassifier Not Found
Client_7 protos Not Found
Server global_protos Not Found
Server tgp_global_protos Not Found
Server glclassifier Not Found
Client_27 protos Not Found
Server global_protos Not Found
Server tgp_global_protos Not Found
Server glclassifier Not Found
Client_2 protos Not Found
Client_2 prev_protos Not Found
Client_24 prev_protos Not Found
Client_27 prev_protos Not Found
Client_7 prev_protos Not Found
Edge 6 begin training
Server global_protos Not Found
Server tgp_global_protos Not Found
Server glclassifier Not Found
Client_32 protos Not Found
Server global_protos Not Found
Server tgp_global_protos Not Found
Server glclassifier Not Found
Client_38 protos Not Found
Server global_protos Not Found
Server tgp_global_protos Not Found
Server glclassifier Not Found
Client_8 protos Not Found
Server global_protos Not Found
Server tgp_global_protos Not Found
Server glclassifier Not Found
Client_23 protos Not Found
Client_38 prev_protos Not Found
Client_23 prev_protos Not Found
Client_8 prev_protos Not Found
Client_32 prev_protos Not Found
Edge 5 begin training
Server global_protos Not Found
Server tgp_global_protos Not Found
Server glclassifier Not Found
Client_9 protos Not Found
Server global_protos Not Found
Server tgp_global_protos Not Found
Server glclassifier Not Found
Client_33 protos Not Found
Server global_protos Not Found
Server tgp_global_protos Not Found
Server glclassifier Not Found
Client_29 protos Not Found
Server global_protos Not Found
Server tgp_global_protos Not Found
Server glclassifier Not Found
Client_6 protos Not Found
Client_29 prev_protos Not Found
Client_6 prev_protos Not Found
Client_9 prev_protos Not Found
Client_33 prev_protos Not Found
Edge 4 begin training
Server global_protos Not Found
Server tgp_global_protos Not Found
Server glclassifier Not Found
Client_30 protos Not Found
Server global_protos Not Found
Server tgp_global_protos Not Found
Server glclassifier Not Found
Client_10 protos Not Found
Server global_protos Not Found
Server tgp_global_protos Not Found
Server glclassifier Not Found
Client_18 protos Not Found
Server global_protos Not Found
Server tgp_global_protos Not Found
Server glclassifier Not Found
Client_17 protos Not Found
Client_30 prev_protos Not Found
Client_17 prev_protos Not Found
Client_18 prev_protos Not Found
Client_10 prev_protos Not Found
Edge 3 begin training
Server global_protos Not Found
Server tgp_global_protos Not Found
Server glclassifier Not Found
Client_14 protos Not Found
Server global_protos Not Found
Server tgp_global_protos Not Found
Server glclassifier Not Found
Client_15 protos Not Found
Server global_protos Not Found
Server tgp_global_protos Not Found
Server glclassifier Not Found
Client_39 protos Not Found
Server global_protos Not Found
Server tgp_global_protos Not Found
Server glclassifier Not Found
Client_35 protos Not Found
Client_14 prev_protos Not Found
Client_39 prev_protos Not Found
Client_15 prev_protos Not Found
Client_35 prev_protos Not Found
Edge 2 begin training
Server global_protos Not Found
Server tgp_global_protos Not Found
Server glclassifier Not Found
Client_21 protos Not Found
Server global_protos Not Found
Server tgp_global_protos Not Found
Server glclassifier Not Found
Client_3 protos Not Found
Server global_protos Not Found
Server tgp_global_protos Not Found
Server glclassifier Not Found
Client_19 protos Not Found
Server global_protos Not Found
Server tgp_global_protos Not Found
Server glclassifier Not Found
Client_11 protos Not Found
Client_21 prev_protos Not Found
Client_11 prev_protos Not Found
Client_19 prev_protos Not Found
Client_3 prev_protos Not Found
Edge 1 begin training
Server global_protos Not Found
Server tgp_global_protos Not Found
Server glclassifier Not Found
Client_12 protos Not Found
Server global_protos Not Found
Server tgp_global_protos Not Found
Server glclassifier Not Found
Client_20 protos Not Found
Server global_protos Not Found
Server tgp_global_protos Not Found
Server glclassifier Not Found
Client_22 protos Not Found
Server global_protos Not Found
Server tgp_global_protos Not Found
Server glclassifier Not Found
Client_25 protos Not Found
Client_25 prev_protos Not Found
Client_22 prev_protos Not Found
Client_20 prev_protos Not Found
Client_12 prev_protos Not Found
Edge 0 begin training
Server global_protos Not Found
Server tgp_global_protos Not Found
Server glclassifier Not Found
Client_37 protos Not Found
Server global_protos Not Found
Server tgp_global_protos Not Found
Server glclassifier Not Found
Client_34 protos Not Found
Server global_protos Not Found
Server tgp_global_protos Not Found
Server glclassifier Not Found
Client_28 protos Not Found
Server global_protos Not Found
Server tgp_global_protos Not Found
Server glclassifier Not Found
Client_4 protos Not Found
Client_4 prev_protos Not Found
Client_28 prev_protos Not Found
Client_37 prev_protos Not Found
Client_34 prev_protos Not Found
readyList:
[0, 8, 2, 5, 9, 1, 4, 6, 3, 7]
aggregation_buffer:
[0, 8, 2, 5, 9, 1, 4, 6, 3, 7]
Edge_0 prev_protos Not Found
Edge_1 prev_protos Not Found
Edge_2 prev_protos Not Found
Edge_3 prev_protos Not Found
Edge_4 prev_protos Not Found
Edge_5 prev_protos Not Found
Edge_6 prev_protos Not Found
Edge_7 prev_protos Not Found
Edge_8 prev_protos Not Found
Edge_9 prev_protos Not Found
agg_protos_label dict_keys([0, 1, 2, 3, 4, 5, 6, 7, 8, 9])
self.gap tensor([3.9864, 2.5491, 2.2446, 2.0699, 3.4147, 2.7722, 2.3389, 2.0699, 2.6666,
        3.1330], device='cuda:0')
Server loss: 5.8171234130859375
train global classifier
train glclassifier time: 3.813262954354286
global classifier accuracy: 97.3525
end Update
server_global_time: 15.68369460850954
only_train_time: 145.91704503446817

-------------Global Round number: 0-------------

Evaluate heterogeneous models
Averaged Test Accuracy (Regular Model): 0.5744
Averaged Test Accuracy (Prototype Model): 0.2396
Std Test Accuracy (Regular Model): 0.1344
Std Test Accuracy (Prototype Model): 0.1949
tobetrained:
[0, 8, 2, 5, 9, 1, 4, 6, 3, 7]
Edge 0 begin training
Edge 8 begin training
Edge 2 begin training
Edge 5 begin training
Edge 9 begin training
Edge 1 begin training
Edge 4 begin training
Edge 6 begin training
Edge 3 begin training
Edge 7 begin training
readyList:
[0, 8, 2, 1, 5, 9, 4, 6, 7, 3]
aggregation_buffer:
[0, 8, 2, 1, 5, 9, 4, 6, 7, 3]
agg_protos_label dict_keys([0, 1, 2, 3, 4, 5, 6, 7, 8, 9])
self.gap tensor([4.0455, 3.3694, 3.3378, 3.0884, 2.9171, 3.3093, 3.4141, 2.9171, 3.0451,
        3.0451], device='cuda:0')
Server loss: 3.8435885906219482
train global classifier
train glclassifier time: 3.7576899379491806
global classifier accuracy: 99.9725
end Update
server_global_time: 31.53270337730646
only_train_time: 307.1248616203666

-------------Global Round number: 1-------------

Evaluate heterogeneous models
Averaged Test Accuracy (Regular Model): 0.6197
Averaged Test Accuracy (Prototype Model): 0.5395
Std Test Accuracy (Regular Model): 0.1121
Std Test Accuracy (Prototype Model): 0.1438
tobetrained:
[0, 8, 2, 1, 5, 9, 4, 6, 7, 3]
Edge 0 begin training
Edge 8 begin training
Edge 2 begin training
Edge 1 begin training
Edge 5 begin training
Edge 9 begin training
Edge 4 begin training
Edge 6 begin training
Edge 7 begin training
Edge 3 begin training
readyList:
[0, 8, 2, 5, 1, 9, 4, 6, 3, 7]
aggregation_buffer:
[0, 8, 2, 5, 1, 9, 4, 6, 3, 7]
agg_protos_label dict_keys([0, 1, 2, 3, 4, 5, 6, 7, 8, 9])
self.gap tensor([6.8340, 5.3717, 4.8918, 4.9541, 4.2957, 5.5055, 5.3934, 4.2957, 4.8608,
        5.1072], device='cuda:0')
Server loss: 4.521925926208496
train global classifier
train glclassifier time: 3.7383825182914734
global classifier accuracy: 99.9925
end Update
server_global_time: 47.263495951890945
only_train_time: 468.4502807557583

-------------Global Round number: 2-------------

Evaluate heterogeneous models
Averaged Test Accuracy (Regular Model): 0.6174
Averaged Test Accuracy (Prototype Model): 0.5694
Std Test Accuracy (Regular Model): 0.0980
Std Test Accuracy (Prototype Model): 0.1144
tobetrained:
[0, 8, 2, 5, 1, 9, 4, 6, 3, 7]
Edge 0 begin training
Edge 8 begin training
Edge 2 begin training
Edge 5 begin training
Edge 1 begin training
Edge 9 begin training
Edge 4 begin training
Edge 6 begin training
Edge 3 begin training
Edge 7 begin training
readyList:
[0, 8, 2, 5, 1, 9, 4, 6, 3, 7]
aggregation_buffer:
[0, 8, 2, 5, 1, 9, 4, 6, 3, 7]
agg_protos_label dict_keys([0, 1, 2, 3, 4, 5, 6, 7, 8, 9])
self.gap tensor([8.6428, 7.0467, 6.3688, 6.5688, 5.5448, 7.4137, 7.0069, 5.5448, 6.2387,
        6.8730], device='cuda:0')
Server loss: 4.781571388244629
train global classifier
train glclassifier time: 3.6705838665366173
global classifier accuracy: 100.0
end Update
server_global_time: 62.861998185515404
only_train_time: 629.0057847425342

-------------Global Round number: 3-------------

Evaluate heterogeneous models
Averaged Test Accuracy (Regular Model): 0.6312
Averaged Test Accuracy (Prototype Model): 0.5911
Std Test Accuracy (Regular Model): 0.0958
Std Test Accuracy (Prototype Model): 0.1001
tobetrained:
[0, 8, 2, 5, 1, 9, 4, 6, 3, 7]
Edge 0 begin training
Edge 8 begin training
Edge 2 begin training
Edge 5 begin training
Edge 1 begin training
Edge 9 begin training
Edge 4 begin training
Edge 6 begin training
Edge 3 begin training
Edge 7 begin training
readyList:
[0, 2, 8, 5, 1, 9, 4, 6, 3, 7]
aggregation_buffer:
[0, 2, 8, 5, 1, 9, 4, 6, 3, 7]
agg_protos_label dict_keys([0, 1, 2, 3, 4, 5, 6, 7, 8, 9])
self.gap tensor([9.6534, 8.1349, 7.7966, 7.8958, 6.8652, 8.6987, 8.2435, 6.8652, 7.3491,
        8.0429], device='cuda:0')
Server loss: 4.593384265899658
train global classifier
train glclassifier time: 3.6729449331760406
global classifier accuracy: 99.995
end Update
server_global_time: 78.79202542454004
only_train_time: 786.8040585145354

-------------Global Round number: 4-------------

Evaluate heterogeneous models
Averaged Test Accuracy (Regular Model): 0.6291
Averaged Test Accuracy (Prototype Model): 0.5955
Std Test Accuracy (Regular Model): 0.0934
Std Test Accuracy (Prototype Model): 0.1001
tobetrained:
[0, 2, 8, 5, 1, 9, 4, 6, 3, 7]
Edge 0 begin training
Edge 2 begin training
Edge 8 begin training
Edge 5 begin training
Edge 1 begin training
Edge 9 begin training
Edge 4 begin training
Edge 6 begin training
Edge 3 begin training
Edge 7 begin training
readyList:
[0, 8, 2, 5, 1, 9, 4, 6, 3, 7]
aggregation_buffer:
[0, 8, 2, 5, 1, 9, 4, 6, 3, 7]
agg_protos_label dict_keys([0, 1, 2, 3, 4, 5, 6, 7, 8, 9])
self.gap tensor([10.2892,  8.5935,  8.4679,  8.3437,  7.3595,  9.6584,  8.7429,  7.3595,
         7.8151,  8.9590], device='cuda:0')
Server loss: 4.3996686935424805
train global classifier
train glclassifier time: 3.6241788789629936
global classifier accuracy: 99.9575
end Update
server_global_time: 94.23421111702919
only_train_time: 948.3125438019633

-------------Global Round number: 5-------------

Evaluate heterogeneous models
Averaged Test Accuracy (Regular Model): 0.6270
Averaged Test Accuracy (Prototype Model): 0.5918
Std Test Accuracy (Regular Model): 0.0919
Std Test Accuracy (Prototype Model): 0.0981
tobetrained:
[0, 8, 2, 5, 1, 9, 4, 6, 3, 7]
Edge 0 begin training
Edge 8 begin training
Edge 2 begin training
Edge 5 begin training
Edge 1 begin training
Edge 9 begin training
Edge 4 begin training
Edge 6 begin training
Edge 3 begin training
Edge 7 begin training
readyList:
[0, 8, 2, 5, 1, 9, 4, 6, 3, 7]
aggregation_buffer:
[0, 8, 2, 5, 1, 9, 4, 6, 3, 7]
agg_protos_label dict_keys([0, 1, 2, 3, 4, 5, 6, 7, 8, 9])
self.gap tensor([10.9579,  9.3520,  9.3321,  9.2109,  8.2856, 10.4436,  9.5690,  8.2856,
         8.5634,  9.6805], device='cuda:0')
Server loss: 4.29069709777832
train global classifier
train glclassifier time: 3.6446767821907997
global classifier accuracy: 99.9925
end Update
server_global_time: 110.7402222007513
only_train_time: 1109.1702656149864

-------------Global Round number: 6-------------

Evaluate heterogeneous models
Averaged Test Accuracy (Regular Model): 0.6256
Averaged Test Accuracy (Prototype Model): 0.5961
Std Test Accuracy (Regular Model): 0.0932
Std Test Accuracy (Prototype Model): 0.0944
tobetrained:
[0, 8, 2, 5, 1, 9, 4, 6, 3, 7]
Edge 0 begin training
Edge 8 begin training
Edge 2 begin training
Edge 5 begin training
Edge 1 begin training
Edge 9 begin training
Edge 4 begin training
Edge 6 begin training
Edge 3 begin training
Edge 7 begin training
readyList:
[0, 8, 2, 5, 1, 9, 4, 6, 3, 7]
aggregation_buffer:
[0, 8, 2, 5, 1, 9, 4, 6, 3, 7]
agg_protos_label dict_keys([0, 1, 2, 3, 4, 5, 6, 7, 8, 9])
self.gap tensor([11.5112,  9.9837, 10.0844, 10.1018,  9.1360, 11.0982, 10.3003,  9.1360,
         9.2242, 10.2765], device='cuda:0')
Server loss: 4.1616530418396
train global classifier
train glclassifier time: 3.65881310403347
global classifier accuracy: 99.9975
end Update
server_global_time: 126.57144420593977
only_train_time: 1270.142153777182

-------------Global Round number: 7-------------

Evaluate heterogeneous models
Averaged Test Accuracy (Regular Model): 0.6214
Averaged Test Accuracy (Prototype Model): 0.5986
Std Test Accuracy (Regular Model): 0.0918
Std Test Accuracy (Prototype Model): 0.0957
tobetrained:
[0, 8, 2, 5, 1, 9, 4, 6, 3, 7]
Edge 0 begin training
Edge 8 begin training
Edge 2 begin training
Edge 5 begin training
Edge 1 begin training
Edge 9 begin training
Edge 4 begin training
Edge 6 begin training
Edge 3 begin training
Edge 7 begin training
readyList:
[0, 8, 2, 1, 5, 9, 4, 6, 3, 7]
aggregation_buffer:
[0, 8, 2, 1, 5, 9, 4, 6, 3, 7]
agg_protos_label dict_keys([0, 1, 2, 3, 4, 5, 6, 7, 8, 9])
self.gap tensor([11.8872, 10.3448, 10.5378, 10.6019,  9.6061, 11.6380, 10.7115,  9.6010,
         9.6010, 10.7890], device='cuda:0')
Server loss: 3.9736411571502686
train global classifier
train glclassifier time: 3.737272009253502
global classifier accuracy: 99.995
end Update
server_global_time: 142.3233744725585
only_train_time: 1430.1525766924024

-------------Global Round number: 8-------------

Evaluate heterogeneous models
Averaged Test Accuracy (Regular Model): 0.6196
Averaged Test Accuracy (Prototype Model): 0.5987
Std Test Accuracy (Regular Model): 0.0938
Std Test Accuracy (Prototype Model): 0.0973
tobetrained:
[0, 8, 2, 1, 5, 9, 4, 6, 3, 7]
Edge 0 begin training
Edge 8 begin training
Edge 2 begin training
Edge 1 begin training
Edge 5 begin training
Edge 9 begin training
Edge 4 begin training
Edge 6 begin training
Edge 3 begin training
Edge 7 begin training
readyList:
[0, 8, 2, 5, 1, 9, 4, 6, 3, 7]
aggregation_buffer:
[0, 8, 2, 5, 1, 9, 4, 6, 3, 7]
agg_protos_label dict_keys([0, 1, 2, 3, 4, 5, 6, 7, 8, 9])
self.gap tensor([12.2223, 10.9002, 10.8977, 11.3113, 10.2638, 11.8742, 11.3539, 10.1200,
        10.1200, 11.2050], device='cuda:0')
Server loss: 3.8178248405456543
train global classifier
train glclassifier time: 3.7254523783922195
global classifier accuracy: 99.9975
end Update
server_global_time: 158.84869600832462
only_train_time: 1592.1617126390338

-------------Global Round number: 9-------------

Evaluate heterogeneous models
Averaged Test Accuracy (Regular Model): 0.6217
Averaged Test Accuracy (Prototype Model): 0.6041
Std Test Accuracy (Regular Model): 0.0941
Std Test Accuracy (Prototype Model): 0.0949
tobetrained:
[0, 8, 2, 5, 1, 9, 4, 6, 3, 7]
Edge 0 begin training
Edge 8 begin training
Edge 2 begin training
Edge 5 begin training
Edge 1 begin training
Edge 9 begin training
Edge 4 begin training
Edge 6 begin training
Edge 3 begin training
Edge 7 begin training
readyList:
[0, 8, 2, 5, 9, 1, 4, 6, 3, 7]
aggregation_buffer:
[0, 8, 2, 5, 9, 1, 4, 6, 3, 7]
agg_protos_label dict_keys([0, 1, 2, 3, 4, 5, 6, 7, 8, 9])
self.gap tensor([12.7242, 11.3139, 11.4859, 11.8736, 10.7530, 12.5077, 11.8270, 10.5787,
        10.5787, 11.6522], device='cuda:0')
Server loss: 3.7603402137756348
train global classifier
train glclassifier time: 3.7175666838884354
global classifier accuracy: 99.9975
end Update
server_global_time: 174.5648308545351
only_train_time: 1753.8287761434913

-------------Global Round number: 10-------------

Evaluate heterogeneous models
Averaged Test Accuracy (Regular Model): 0.6201
Averaged Test Accuracy (Prototype Model): 0.6047
Std Test Accuracy (Regular Model): 0.0944
Std Test Accuracy (Prototype Model): 0.0972
tobetrained:
[0, 8, 2, 5, 9, 1, 4, 6, 3, 7]
Edge 0 begin training
Edge 8 begin training
Edge 2 begin training
Edge 5 begin training
Edge 9 begin training
Edge 1 begin training
Edge 4 begin training
Edge 6 begin training
Edge 3 begin training
Edge 7 begin training
readyList:
[0, 2, 8, 5, 1, 9, 4, 6, 3, 7]
aggregation_buffer:
[0, 2, 8, 5, 1, 9, 4, 6, 3, 7]
agg_protos_label dict_keys([0, 1, 2, 3, 4, 5, 6, 7, 8, 9])
self.gap tensor([13.0314, 11.6721, 11.8661, 12.2978, 11.1645, 12.9330, 12.2250, 10.9339,
        10.9339, 12.0333], device='cuda:0')
Server loss: 3.648705005645752
train global classifier
train glclassifier time: 3.669663578271866
global classifier accuracy: 100.0
end Update
server_global_time: 190.21261697262526
only_train_time: 1911.9030558243394

-------------Global Round number: 11-------------

Evaluate heterogeneous models
Averaged Test Accuracy (Regular Model): 0.6202
Averaged Test Accuracy (Prototype Model): 0.6063
Std Test Accuracy (Regular Model): 0.0957
Std Test Accuracy (Prototype Model): 0.0969
tobetrained:
[0, 2, 8, 5, 1, 9, 4, 6, 3, 7]
Edge 0 begin training
Edge 2 begin training
Edge 8 begin training
Edge 5 begin training
Edge 1 begin training
Edge 9 begin training
Edge 4 begin training
Edge 6 begin training
Edge 3 begin training
Edge 7 begin training
readyList:
[0, 8, 2, 5, 1, 9, 4, 6, 7, 3]
aggregation_buffer:
[0, 8, 2, 5, 1, 9, 4, 6, 7, 3]
agg_protos_label dict_keys([0, 1, 2, 3, 4, 5, 6, 7, 8, 9])
self.gap tensor([13.3448, 11.9936, 12.2059, 12.7327, 11.5404, 13.2869, 12.6092, 11.2759,
        11.2759, 12.3787], device='cuda:0')
Server loss: 3.55741810798645
train global classifier
train glclassifier time: 3.6495627760887146
global classifier accuracy: 100.0
end Update
server_global_time: 207.07831356674433
only_train_time: 2073.8107980266213

-------------Global Round number: 12-------------

Evaluate heterogeneous models
Averaged Test Accuracy (Regular Model): 0.6197
Averaged Test Accuracy (Prototype Model): 0.6057
Std Test Accuracy (Regular Model): 0.0949
Std Test Accuracy (Prototype Model): 0.0983
tobetrained:
[0, 8, 2, 5, 1, 9, 4, 6, 7, 3]
Edge 0 begin training
Edge 8 begin training
Edge 2 begin training
Edge 5 begin training
Edge 1 begin training
Edge 9 begin training
Edge 4 begin training
Edge 6 begin training
Edge 7 begin training
Edge 3 begin training
readyList:
[0, 2, 8, 5, 9, 1, 4, 6, 7, 3]
aggregation_buffer:
[0, 2, 8, 5, 9, 1, 4, 6, 7, 3]
agg_protos_label dict_keys([0, 1, 2, 3, 4, 5, 6, 7, 8, 9])
self.gap tensor([12.9254, 12.1007, 10.6740, 12.4846, 10.6740, 12.8904, 12.4596, 10.7357,
        11.5172, 12.6956], device='cuda:0')
Server loss: 3.1442322731018066
train global classifier
train glclassifier time: 3.699285104870796
global classifier accuracy: 99.99
end Update
server_global_time: 223.4977983906865
only_train_time: 2233.8562442734838

-------------Global Round number: 13-------------

Evaluate heterogeneous models
Averaged Test Accuracy (Regular Model): 0.6187
Averaged Test Accuracy (Prototype Model): 0.5997
Std Test Accuracy (Regular Model): 0.0978
Std Test Accuracy (Prototype Model): 0.1006
tobetrained:
[0, 2, 8, 5, 9, 1, 4, 6, 7, 3]
Edge 0 begin training
Edge 2 begin training
Edge 8 begin training
Edge 5 begin training
Edge 9 begin training
Edge 1 begin training
Edge 4 begin training
Edge 6 begin training
Edge 7 begin training
Edge 3 begin training
readyList:
[2, 8, 0, 5, 1, 9, 4, 6, 3, 7]
aggregation_buffer:
[2, 8, 0, 5, 1, 9, 4, 6, 3, 7]
agg_protos_label dict_keys([0, 1, 2, 3, 4, 5, 6, 7, 8, 9])
self.gap tensor([13.6377, 12.4887, 12.5259, 13.3825, 11.8229, 13.6731, 13.2282, 11.8229,
        11.8307, 12.9616], device='cuda:0')
Server loss: 3.342836380004883
train global classifier
train glclassifier time: 3.5885230898857117
global classifier accuracy: 100.0
end Update
server_global_time: 239.76508575677872
only_train_time: 2395.3473203256726

-------------Global Round number: 14-------------

Evaluate heterogeneous models
Averaged Test Accuracy (Regular Model): 0.6167
Averaged Test Accuracy (Prototype Model): 0.6044
Std Test Accuracy (Regular Model): 0.0988
Std Test Accuracy (Prototype Model): 0.1020
tobetrained:
[2, 8, 0, 5, 1, 9, 4, 6, 3, 7]
Edge 2 begin training
Edge 8 begin training
Edge 0 begin training
Edge 5 begin training
Edge 1 begin training
Edge 9 begin training
Edge 4 begin training
Edge 6 begin training
Edge 3 begin training
Edge 7 begin training
readyList:
[0, 8, 2, 5, 1, 9, 4, 6, 3, 7]
aggregation_buffer:
[0, 8, 2, 5, 1, 9, 4, 6, 3, 7]
agg_protos_label dict_keys([0, 1, 2, 3, 4, 5, 6, 7, 8, 9])
self.gap tensor([14.0273, 12.7658, 12.9147, 13.6985, 12.2618, 14.0590, 13.5180, 12.0755,
        12.0755, 13.2151], device='cuda:0')
Server loss: 3.3707714080810547
train global classifier
train glclassifier time: 3.7449152767658234
global classifier accuracy: 99.9975
end Update
server_global_time: 255.46384940296412
only_train_time: 2552.884904228151

-------------Global Round number: 15-------------

Evaluate heterogeneous models
Averaged Test Accuracy (Regular Model): 0.6167
Averaged Test Accuracy (Prototype Model): 0.6045
Std Test Accuracy (Regular Model): 0.0987
Std Test Accuracy (Prototype Model): 0.1012
tobetrained:
[0, 8, 2, 5, 1, 9, 4, 6, 3, 7]
Edge 0 begin training
Edge 8 begin training
Edge 2 begin training
Edge 5 begin training
Edge 1 begin training
Edge 9 begin training
Edge 4 begin training
Edge 6 begin training
Edge 3 begin training
Edge 7 begin training
readyList:
[0, 8, 2, 5, 1, 9, 4, 6, 3, 7]
aggregation_buffer:
[0, 8, 2, 5, 1, 9, 4, 6, 3, 7]
agg_protos_label dict_keys([0, 1, 2, 3, 4, 5, 6, 7, 8, 9])
self.gap tensor([14.2526, 13.0129, 13.2071, 13.9935, 12.6048, 14.3529, 13.7951, 12.3176,
        12.3176, 13.4662], device='cuda:0')
Server loss: 3.3554911613464355
train global classifier
train glclassifier time: 3.659331128001213
global classifier accuracy: 100.0
end Update
server_global_time: 271.2042527422309
only_train_time: 2712.4857352003455

-------------Global Round number: 16-------------

Evaluate heterogeneous models
Averaged Test Accuracy (Regular Model): 0.6167
Averaged Test Accuracy (Prototype Model): 0.6052
Std Test Accuracy (Regular Model): 0.1006
Std Test Accuracy (Prototype Model): 0.1033
tobetrained:
[0, 8, 2, 5, 1, 9, 4, 6, 3, 7]
Edge 0 begin training
Edge 8 begin training
Edge 2 begin training
Edge 5 begin training
Edge 1 begin training
Edge 9 begin training
Edge 4 begin training
Edge 6 begin training
Edge 3 begin training
Edge 7 begin training
readyList:
[0, 8, 2, 1, 9, 5, 4, 6, 3, 7]
aggregation_buffer:
[0, 8, 2, 1, 9, 5, 4, 6, 3, 7]
agg_protos_label dict_keys([0, 1, 2, 3, 4, 5, 6, 7, 8, 9])
self.gap tensor([14.4645, 13.2483, 13.4631, 14.2683, 12.8995, 14.6134, 14.0586, 12.5484,
        12.5484, 13.7092], device='cuda:0')
Server loss: 3.3288118839263916
train global classifier
train glclassifier time: 4.172302342951298
global classifier accuracy: 100.0
end Update
server_global_time: 288.38725317269564
only_train_time: 2875.047809921205

-------------Global Round number: 17-------------

Evaluate heterogeneous models
Averaged Test Accuracy (Regular Model): 0.6168
Averaged Test Accuracy (Prototype Model): 0.6059
Std Test Accuracy (Regular Model): 0.0975
Std Test Accuracy (Prototype Model): 0.1026
tobetrained:
[0, 8, 2, 1, 9, 5, 4, 6, 3, 7]
Edge 0 begin training
Edge 8 begin training
Edge 2 begin training
Edge 1 begin training
Edge 9 begin training
Edge 5 begin training
Edge 4 begin training
Edge 6 begin training
Edge 3 begin training
Edge 7 begin training
readyList:
[0, 8, 2, 5, 9, 1, 4, 6, 3, 7]
aggregation_buffer:
[0, 8, 2, 5, 9, 1, 4, 6, 3, 7]
agg_protos_label dict_keys([0, 1, 2, 3, 4, 5, 6, 7, 8, 9])
self.gap tensor([14.6538, 13.4763, 13.6988, 14.5241, 13.1530, 14.8471, 14.3171, 12.7744,
        12.7744, 13.9349], device='cuda:0')
Server loss: 3.308971405029297
train global classifier
train glclassifier time: 3.6433481127023697
global classifier accuracy: 100.0
end Update
server_global_time: 304.00264072418213
only_train_time: 3036.2241389900446

-------------Global Round number: 18-------------

Evaluate heterogeneous models
Averaged Test Accuracy (Regular Model): 0.6174
Averaged Test Accuracy (Prototype Model): 0.6065
Std Test Accuracy (Regular Model): 0.0983
Std Test Accuracy (Prototype Model): 0.1020
tobetrained:
[0, 8, 2, 5, 9, 1, 4, 6, 3, 7]
Edge 0 begin training
Edge 8 begin training
Edge 2 begin training
Edge 5 begin training
Edge 9 begin training
Edge 1 begin training
Edge 4 begin training
Edge 6 begin training
Edge 3 begin training
Edge 7 begin training
readyList:
[0, 8, 2, 5, 9, 1, 4, 6, 3, 7]
aggregation_buffer:
[0, 8, 2, 5, 9, 1, 4, 6, 3, 7]
agg_protos_label dict_keys([0, 1, 2, 3, 4, 5, 6, 7, 8, 9])
self.gap tensor([14.8320, 13.6889, 13.9071, 14.7711, 13.3926, 15.0674, 14.5479, 12.9772,
        12.9772, 14.1499], device='cuda:0')
Server loss: 3.281388998031616
train global classifier
train glclassifier time: 3.6768219769001007
global classifier accuracy: 100.0
end Update
server_global_time: 319.6361882612109
only_train_time: 3194.2484098672867

-------------Global Round number: 19-------------

Evaluate heterogeneous models
Averaged Test Accuracy (Regular Model): 0.6167
Averaged Test Accuracy (Prototype Model): 0.6075
Std Test Accuracy (Regular Model): 0.0976
Std Test Accuracy (Prototype Model): 0.1021
tobetrained:
[0, 8, 2, 5, 9, 1, 4, 6, 3, 7]
Edge 0 begin training
Edge 8 begin training
Edge 2 begin training
Edge 5 begin training
Edge 9 begin training
Edge 1 begin training
Edge 4 begin training
Edge 6 begin training
Edge 3 begin training
Edge 7 begin training
readyList:
[0, 2, 8, 5, 1, 9, 4, 6, 3, 7]
aggregation_buffer:
[0, 2, 8, 5, 1, 9, 4, 6, 3, 7]
agg_protos_label dict_keys([0, 1, 2, 3, 4, 5, 6, 7, 8, 9])
self.gap tensor([15.0047, 13.8818, 14.1130, 15.0012, 13.6294, 15.2815, 14.7802, 13.1729,
        13.1729, 14.3550], device='cuda:0')
Server loss: 3.2616660594940186
train global classifier
train glclassifier time: 3.579201027750969
global classifier accuracy: 100.0
end Update
server_global_time: 335.1619057059288
only_train_time: 3354.156998798251

-------------Global Round number: 20-------------

Evaluate heterogeneous models
Averaged Test Accuracy (Regular Model): 0.6175
Averaged Test Accuracy (Prototype Model): 0.6073
Std Test Accuracy (Regular Model): 0.0969
Std Test Accuracy (Prototype Model): 0.1025
tobetrained:
[0, 2, 8, 5, 1, 9, 4, 6, 3, 7]
Edge 0 begin training
Edge 2 begin training
Edge 8 begin training
Edge 5 begin training
Edge 1 begin training
Edge 9 begin training
Edge 4 begin training
Edge 6 begin training
Edge 3 begin training
Edge 7 begin training
readyList:
[0, 8, 2, 1, 5, 9, 4, 6, 7, 3]
aggregation_buffer:
[0, 8, 2, 1, 5, 9, 4, 6, 7, 3]
agg_protos_label dict_keys([0, 1, 2, 3, 4, 5, 6, 7, 8, 9])
self.gap tensor([15.1744, 14.0712, 14.3030, 15.2270, 13.8433, 15.4793, 15.0007, 13.3635,
        13.3635, 14.5427], device='cuda:0')
Server loss: 3.240041971206665
train global classifier
train glclassifier time: 3.640185959637165
global classifier accuracy: 100.0
end Update
server_global_time: 350.8423720225692
only_train_time: 3513.3021898791194

-------------Global Round number: 21-------------

Evaluate heterogeneous models
Averaged Test Accuracy (Regular Model): 0.6162
Averaged Test Accuracy (Prototype Model): 0.6071
Std Test Accuracy (Regular Model): 0.0985
Std Test Accuracy (Prototype Model): 0.1023
tobetrained:
[0, 8, 2, 1, 5, 9, 4, 6, 7, 3]
Edge 0 begin training
Edge 8 begin training
Edge 2 begin training
Edge 1 begin training
Edge 5 begin training
Edge 9 begin training
Edge 4 begin training
Edge 6 begin training
Edge 7 begin training
Edge 3 begin training
