==================================================
goal = test
device = cuda
device_id = 0
dataset = Cifar10_dir_0.3_imbalance_40
num_classes = 10
model_family = HtFE8
batch_size = 256
local_learning_rate = 0.08
use_decay_scheduler = False
learning_rate_decay = False
learning_rate_decay_gamma = 0.99
global_rounds = 200
edge_epochs = 1
local_epochs = 10
algorithm = FedProto
join_ratio = 1.0
random_join_ratio = False
num_clients = 40
num_edges = 10
prev = 0
times = 1
eval_gap = 1
save_folder_name = temp
auto_break = False
feature_dim = 512
vocab_size = 98635
max_len = 200
client_drop_rate = 0.0
train_slow_rate = 0.0
send_slow_rate = 0.0
time_select = False
time_threthold = 10000
lamda = 1.0
trans_delay_simulate = False
agg_type = 0
buffersize = 10
mixclassifier = 0
gl_use_clients = 1
test_useglclassifier = 1
tgpaddmse = 0
addmse = 0
gamma = 1
addTGP = 0
SAEbeta = 1.0
drawtsne = 1
drawround = 10
noise_dim = 512
generator_learning_rate = 0.005
hidden_dim = 512
server_epochs = 100
alpha = 1.0
beta = 1.0
mentee_learning_rate = 0.005
T_start = 0.95
T_end = 0.98
server_learning_rate = 0.01
margin_threthold = 100.0
generator_path = stylegan/stylegan-xl-models/imagenet64.pkl
stable_diffusion_prompt = a cat
server_batch_size = 100
gen_batch_size = 4
mu = 50.0
==================================================
Random seed set as 42

============= Running time: 0th =============
Creating server and clients ...
FedAvgCNN(in_features=3, num_classes=args.num_classes, dim=1600)
torchvision.models.googlenet(pretrained=False, aux_logits=False, num_classes=args.num_classes)
mobilenet_v2(pretrained=False, num_classes=args.num_classes)
torchvision.models.resnet18(pretrained=False, num_classes=args.num_classes)
torchvision.models.resnet34(pretrained=False, num_classes=args.num_classes)
torchvision.models.resnet50(pretrained=False, num_classes=args.num_classes)
torchvision.models.resnet101(pretrained=False, num_classes=args.num_classes)
torchvision.models.resnet152(pretrained=False, num_classes=args.num_classes)
FedAvgCNN(in_features=3, num_classes=args.num_classes, dim=1600) model chosen!
id 0
label_counts: defaultdict(<class 'int'>, {3: 400, 7: 347, 1: 47, 4: 179, 6: 87, 8: 41, 0: 2, 9: 2, 5: 2, 2: 1})
torchvision.models.googlenet(pretrained=False, aux_logits=False, num_classes=args.num_classes) model chosen!
id 1
label_counts: defaultdict(<class 'int'>, {2: 855, 4: 327, 0: 5, 3: 3})
mobilenet_v2(pretrained=False, num_classes=args.num_classes) model chosen!
id 2
label_counts: defaultdict(<class 'int'>, {6: 36, 5: 141, 8: 162, 9: 71, 4: 177, 2: 95, 0: 23, 1: 9, 7: 49, 3: 2})
torchvision.models.resnet18(pretrained=False, num_classes=args.num_classes) model chosen!
id 3
label_counts: defaultdict(<class 'int'>, {9: 347, 5: 394, 7: 415, 4: 88, 0: 3, 2: 15, 8: 32})
torchvision.models.resnet34(pretrained=False, num_classes=args.num_classes) model chosen!
id 4
label_counts: defaultdict(<class 'int'>, {3: 83, 2: 591, 5: 234, 8: 172, 4: 18, 7: 30, 0: 18, 1: 3})
torchvision.models.resnet50(pretrained=False, num_classes=args.num_classes) model chosen!
id 5
label_counts: defaultdict(<class 'int'>, {5: 565, 0: 841, 1: 70, 3: 35})
torchvision.models.resnet101(pretrained=False, num_classes=args.num_classes) model chosen!
id 6
label_counts: defaultdict(<class 'int'>, {3: 381, 6: 154, 8: 143, 1: 15, 9: 43, 0: 93, 4: 2, 7: 1, 2: 1})
torchvision.models.resnet152(pretrained=False, num_classes=args.num_classes) model chosen!
id 7
label_counts: defaultdict(<class 'int'>, {9: 1519, 4: 349, 7: 79, 3: 115, 0: 78, 2: 76, 5: 29, 1: 6, 6: 1})
FedAvgCNN(in_features=3, num_classes=args.num_classes, dim=1600) model chosen!
id 8
label_counts: defaultdict(<class 'int'>, {3: 83, 2: 115, 8: 161, 4: 425, 7: 92, 1: 15, 6: 5, 9: 10, 0: 4, 5: 2})
torchvision.models.googlenet(pretrained=False, aux_logits=False, num_classes=args.num_classes) model chosen!
id 9
label_counts: defaultdict(<class 'int'>, {5: 7, 1: 64, 7: 286, 4: 95, 3: 14, 2: 80, 9: 28, 0: 7})
mobilenet_v2(pretrained=False, num_classes=args.num_classes) model chosen!
id 10
label_counts: defaultdict(<class 'int'>, {8: 906, 0: 830, 4: 108, 5: 5, 2: 10, 6: 6, 1: 17, 3: 11})
torchvision.models.resnet18(pretrained=False, num_classes=args.num_classes) model chosen!
id 11
label_counts: defaultdict(<class 'int'>, {1: 227, 8: 208, 2: 238, 9: 48, 3: 16, 4: 1, 7: 8, 6: 2, 5: 2})
torchvision.models.resnet34(pretrained=False, num_classes=args.num_classes) model chosen!
id 12
label_counts: defaultdict(<class 'int'>, {6: 681, 1: 47, 0: 50, 4: 354, 3: 4, 2: 2, 5: 1})
torchvision.models.resnet50(pretrained=False, num_classes=args.num_classes) model chosen!
id 13
label_counts: defaultdict(<class 'int'>, {6: 426, 4: 10, 0: 464, 3: 90, 2: 271, 1: 67})
torchvision.models.resnet101(pretrained=False, num_classes=args.num_classes) model chosen!
id 14
label_counts: defaultdict(<class 'int'>, {5: 746, 1: 509, 4: 104, 3: 17, 0: 30, 2: 1})
torchvision.models.resnet152(pretrained=False, num_classes=args.num_classes) model chosen!
id 15
label_counts: defaultdict(<class 'int'>, {4: 973, 2: 843, 1: 155, 0: 75, 3: 45})
FedAvgCNN(in_features=3, num_classes=args.num_classes, dim=1600) model chosen!
id 16
label_counts: defaultdict(<class 'int'>, {3: 448, 9: 202, 4: 43, 5: 71, 6: 120, 8: 77, 0: 8, 1: 2})
torchvision.models.googlenet(pretrained=False, aux_logits=False, num_classes=args.num_classes) model chosen!
id 17
label_counts: defaultdict(<class 'int'>, {3: 84, 7: 978, 2: 130, 6: 42, 4: 48, 0: 8, 5: 9})
mobilenet_v2(pretrained=False, num_classes=args.num_classes) model chosen!
id 18
label_counts: defaultdict(<class 'int'>, {0: 260, 1: 196, 4: 82, 5: 179, 3: 53, 8: 51, 7: 8, 6: 3, 2: 2})
torchvision.models.resnet18(pretrained=False, num_classes=args.num_classes) model chosen!
id 19
label_counts: defaultdict(<class 'int'>, {1: 456, 8: 150, 3: 7, 9: 86, 2: 46, 6: 20, 5: 56, 7: 10})
torchvision.models.resnet34(pretrained=False, num_classes=args.num_classes) model chosen!
id 20
label_counts: defaultdict(<class 'int'>, {0: 218, 6: 242, 4: 48, 8: 358, 7: 24, 3: 362, 2: 17, 5: 6})
torchvision.models.resnet50(pretrained=False, num_classes=args.num_classes) model chosen!
id 21
label_counts: defaultdict(<class 'int'>, {3: 93, 0: 436, 1: 276, 4: 131, 8: 33, 2: 72, 5: 44, 9: 2, 6: 2})
torchvision.models.resnet101(pretrained=False, num_classes=args.num_classes) model chosen!
id 22
label_counts: defaultdict(<class 'int'>, {8: 459, 6: 159, 3: 97, 9: 131, 1: 82, 5: 64, 7: 22, 4: 2, 2: 1})
torchvision.models.resnet152(pretrained=False, num_classes=args.num_classes) model chosen!
id 23
label_counts: defaultdict(<class 'int'>, {2: 510, 1: 205, 0: 170, 3: 373})
FedAvgCNN(in_features=3, num_classes=args.num_classes, dim=1600) model chosen!
id 24
label_counts: defaultdict(<class 'int'>, {7: 407, 4: 111, 2: 21, 8: 68, 6: 231, 1: 151, 9: 44, 3: 19, 0: 4})
torchvision.models.googlenet(pretrained=False, aux_logits=False, num_classes=args.num_classes) model chosen!
id 25
label_counts: defaultdict(<class 'int'>, {7: 336, 1: 353, 6: 83, 5: 197, 4: 100, 2: 11, 0: 2, 3: 29, 8: 3, 9: 2})
mobilenet_v2(pretrained=False, num_classes=args.num_classes) model chosen!
id 26
label_counts: defaultdict(<class 'int'>, {3: 116, 9: 885, 0: 276, 5: 59, 8: 57, 1: 18, 4: 3, 6: 2})
torchvision.models.resnet18(pretrained=False, num_classes=args.num_classes) model chosen!
id 27
label_counts: defaultdict(<class 'int'>, {6: 360, 9: 54, 4: 28, 1: 24, 5: 140, 2: 15, 3: 12})
torchvision.models.resnet34(pretrained=False, num_classes=args.num_classes) model chosen!
id 28
label_counts: defaultdict(<class 'int'>, {8: 31, 5: 486, 0: 87, 4: 71, 1: 148, 2: 2, 7: 29, 6: 12, 3: 1})
torchvision.models.resnet50(pretrained=False, num_classes=args.num_classes) model chosen!
id 29
label_counts: defaultdict(<class 'int'>, {5: 380, 7: 932, 3: 54, 1: 46, 6: 48, 4: 10, 2: 10})
torchvision.models.resnet101(pretrained=False, num_classes=args.num_classes) model chosen!
id 30
label_counts: defaultdict(<class 'int'>, {3: 724, 6: 555, 0: 95, 5: 89, 4: 8, 2: 19, 1: 1})
torchvision.models.resnet152(pretrained=False, num_classes=args.num_classes) model chosen!
id 31
label_counts: defaultdict(<class 'int'>, {7: 52, 9: 201, 1: 130, 0: 185, 4: 61, 6: 65, 5: 41, 2: 12, 3: 7})
FedAvgCNN(in_features=3, num_classes=args.num_classes, dim=1600) model chosen!
id 32
label_counts: defaultdict(<class 'int'>, {5: 339, 6: 11, 8: 81, 9: 53, 2: 65, 3: 3, 0: 33, 1: 9, 7: 1})
torchvision.models.googlenet(pretrained=False, aux_logits=False, num_classes=args.num_classes) model chosen!
id 33
label_counts: defaultdict(<class 'int'>, {4: 82, 1: 688, 6: 249, 0: 10, 8: 63, 7: 39, 5: 32, 2: 2})
mobilenet_v2(pretrained=False, num_classes=args.num_classes) model chosen!
id 34
label_counts: defaultdict(<class 'int'>, {8: 782, 1: 196, 6: 180, 3: 124, 2: 5, 4: 26, 7: 25})
torchvision.models.resnet18(pretrained=False, num_classes=args.num_classes) model chosen!
id 35
label_counts: defaultdict(<class 'int'>, {2: 255, 9: 362, 8: 12, 7: 151, 3: 64, 0: 69, 6: 20, 1: 7, 4: 8})
torchvision.models.resnet34(pretrained=False, num_classes=args.num_classes) model chosen!
id 36
label_counts: defaultdict(<class 'int'>, {5: 152, 8: 159, 7: 10, 4: 109, 9: 83, 1: 70, 2: 15, 0: 1})
torchvision.models.resnet50(pretrained=False, num_classes=args.num_classes) model chosen!
id 37
label_counts: defaultdict(<class 'int'>, {1: 171, 3: 58, 6: 519, 0: 116, 4: 82, 5: 16, 7: 10, 9: 20, 2: 10})
torchvision.models.resnet101(pretrained=False, num_classes=args.num_classes) model chosen!
id 38
label_counts: defaultdict(<class 'int'>, {6: 156, 3: 111, 1: 29, 2: 125, 7: 141, 8: 27, 9: 20, 0: 6, 5: 29})
torchvision.models.resnet152(pretrained=False, num_classes=args.num_classes) model chosen!
id 39
label_counts: defaultdict(<class 'int'>, {9: 312, 3: 345, 8: 216, 4: 217, 0: 3, 7: 4, 5: 5, 1: 1, 2: 1})

Join ratio / total clients: 1.0 / 40
Finished creating server and clients.
tobetrained:
[9, 8, 7, 6, 5, 4, 3, 2, 1, 0]
Edge 9 begin training
Server global_protos Not Found
Server global_protos Not Found
Server global_protos Not Found
Server global_protos Not Found
Edge 8 begin training
Server global_protos Not Found
Server global_protos Not Found
Server global_protos Not Found
Server global_protos Not Found
Edge 7 begin training
Server global_protos Not Found
Server global_protos Not Found
Server global_protos Not Found
Server global_protos Not Found
Edge 6 begin training
Server global_protos Not Found
Server global_protos Not Found
Server global_protos Not Found
Server global_protos Not Found
Edge 5 begin training
Server global_protos Not Found
Server global_protos Not Found
Server global_protos Not Found
Server global_protos Not Found
Edge 4 begin training
Server global_protos Not Found
Server global_protos Not Found
Server global_protos Not Found
Server global_protos Not Found
Edge 3 begin training
Server global_protos Not Found
Server global_protos Not Found
Server global_protos Not Found
Server global_protos Not Found
Edge 2 begin training
Server global_protos Not Found
Server global_protos Not Found
Server global_protos Not Found
Server global_protos Not Found
Edge 1 begin training
Server global_protos Not Found
Server global_protos Not Found
Server global_protos Not Found
Server global_protos Not Found
Edge 0 begin training
Server global_protos Not Found
Server global_protos Not Found
Server global_protos Not Found
Server global_protos Not Found
readyList:
[0, 8, 2, 5, 1, 9, 4, 6, 3, 7]
aggregation_buffer:
[0, 8, 2, 5, 1, 9, 4, 6, 3, 7]
Number of samples: 326
end Update
server_global_time: 16.528124749660492
only_train_time: 153.6300617158413

-------------Global Round number: 0-------------

Evaluate heterogeneous models
Averaged Test Accuracy (Regular Model): 0.5776
Averaged Test Accuracy (Prototype Model): 0.2288
Averaged Train Loss (Regular Model): 0.7577
Std Test Accuracy (Regular Model): 0.1370
Std Test Accuracy (Prototype Model): 0.1689
tobetrained:
[0, 8, 2, 5, 1, 9, 4, 6, 3, 7]
Edge 0 begin training
Edge 8 begin training
Edge 2 begin training
Edge 5 begin training
Edge 1 begin training
Edge 9 begin training
Edge 4 begin training
Edge 6 begin training
Edge 3 begin training
Edge 7 begin training
readyList:
[0, 8, 2, 5, 1, 9, 4, 6, 3, 7]
aggregation_buffer:
[0, 8, 2, 5, 1, 9, 4, 6, 3, 7]
end Update
server_global_time: 33.538557171821594
only_train_time: 318.9038863107562

-------------Global Round number: 1-------------

Evaluate heterogeneous models
Averaged Test Accuracy (Regular Model): 0.6153
Averaged Test Accuracy (Prototype Model): 0.4672
Averaged Train Loss (Regular Model): 0.3217
Std Test Accuracy (Regular Model): 0.1244
Std Test Accuracy (Prototype Model): 0.1658
tobetrained:
[0, 8, 2, 5, 1, 9, 4, 6, 3, 7]
Edge 0 begin training
Edge 8 begin training
Edge 2 begin training
Edge 5 begin training
Edge 1 begin training
Edge 9 begin training
Edge 4 begin training
Edge 6 begin training
Edge 3 begin training
Edge 7 begin training
readyList:
[0, 2, 8, 1, 5, 9, 4, 6, 7, 3]
aggregation_buffer:
[0, 2, 8, 1, 5, 9, 4, 6, 7, 3]
end Update
server_global_time: 50.18838416785002
only_train_time: 484.2500770688057

-------------Global Round number: 2-------------

Evaluate heterogeneous models
Averaged Test Accuracy (Regular Model): 0.6298
Averaged Test Accuracy (Prototype Model): 0.5114
Averaged Train Loss (Regular Model): 0.2037
Std Test Accuracy (Regular Model): 0.1001
Std Test Accuracy (Prototype Model): 0.1370
tobetrained:
[0, 2, 8, 1, 5, 9, 4, 6, 7, 3]
Edge 0 begin training
Edge 2 begin training
Edge 8 begin training
Edge 1 begin training
Edge 5 begin training
Edge 9 begin training
Edge 4 begin training
Edge 6 begin training
Edge 7 begin training
Edge 3 begin training
readyList:
[0, 8, 2, 5, 9, 1, 4, 6, 3, 7]
aggregation_buffer:
[0, 8, 2, 5, 9, 1, 4, 6, 3, 7]
end Update
server_global_time: 67.72481424361467
only_train_time: 647.9272815510631

-------------Global Round number: 3-------------

Evaluate heterogeneous models
Averaged Test Accuracy (Regular Model): 0.6286
Averaged Test Accuracy (Prototype Model): 0.5291
Averaged Train Loss (Regular Model): 0.1608
Std Test Accuracy (Regular Model): 0.0934
Std Test Accuracy (Prototype Model): 0.1133
tobetrained:
[0, 8, 2, 5, 9, 1, 4, 6, 3, 7]
Edge 0 begin training
Edge 8 begin training
Edge 2 begin training
Edge 5 begin training
Edge 9 begin training
Edge 1 begin training
Edge 4 begin training
Edge 6 begin training
Edge 3 begin training
Edge 7 begin training
readyList:
[0, 8, 2, 1, 5, 9, 4, 6, 3, 7]
aggregation_buffer:
[0, 8, 2, 1, 5, 9, 4, 6, 3, 7]
end Update
server_global_time: 84.42837855219841
only_train_time: 812.446788996458

-------------Global Round number: 4-------------

Evaluate heterogeneous models
Averaged Test Accuracy (Regular Model): 0.6373
Averaged Test Accuracy (Prototype Model): 0.5499
Averaged Train Loss (Regular Model): 0.1230
Std Test Accuracy (Regular Model): 0.0991
Std Test Accuracy (Prototype Model): 0.1172
tobetrained:
[0, 8, 2, 1, 5, 9, 4, 6, 3, 7]
Edge 0 begin training
Edge 8 begin training
Edge 2 begin training
Edge 1 begin training
Edge 5 begin training
Edge 9 begin training
Edge 4 begin training
Edge 6 begin training
Edge 3 begin training
Edge 7 begin training
readyList:
[0, 8, 2, 5, 1, 9, 4, 6, 7, 3]
aggregation_buffer:
[0, 8, 2, 5, 1, 9, 4, 6, 7, 3]
end Update
server_global_time: 101.74571166932583
only_train_time: 975.4897028580308

-------------Global Round number: 5-------------

Evaluate heterogeneous models
Averaged Test Accuracy (Regular Model): 0.6359
Averaged Test Accuracy (Prototype Model): 0.5590
Averaged Train Loss (Regular Model): 0.1035
Std Test Accuracy (Regular Model): 0.1021
Std Test Accuracy (Prototype Model): 0.1169
tobetrained:
[0, 8, 2, 5, 1, 9, 4, 6, 7, 3]
Edge 0 begin training
Edge 8 begin training
Edge 2 begin training
Edge 5 begin training
Edge 1 begin training
Edge 9 begin training
Edge 4 begin training
Edge 6 begin training
Edge 7 begin training
Edge 3 begin training
readyList:
[0, 8, 2, 5, 1, 9, 4, 6, 3, 7]
aggregation_buffer:
[0, 8, 2, 5, 1, 9, 4, 6, 3, 7]
end Update
server_global_time: 117.20657300204039
only_train_time: 1128.0641774982214

-------------Global Round number: 6-------------

Evaluate heterogeneous models
Averaged Test Accuracy (Regular Model): 0.6373
Averaged Test Accuracy (Prototype Model): 0.5627
Averaged Train Loss (Regular Model): 0.0952
Std Test Accuracy (Regular Model): 0.1024
Std Test Accuracy (Prototype Model): 0.1177
tobetrained:
[0, 8, 2, 5, 1, 9, 4, 6, 3, 7]
Edge 0 begin training
Edge 8 begin training
Edge 2 begin training
Edge 5 begin training
Edge 1 begin training
Edge 9 begin training
Edge 4 begin training
Edge 6 begin training
Edge 3 begin training
Edge 7 begin training
readyList:
[0, 2, 8, 1, 5, 9, 4, 6, 7, 3]
aggregation_buffer:
[0, 2, 8, 1, 5, 9, 4, 6, 7, 3]
end Update
server_global_time: 133.3931938484311
only_train_time: 1276.8555228412151

-------------Global Round number: 7-------------

Evaluate heterogeneous models
Averaged Test Accuracy (Regular Model): 0.6358
Averaged Test Accuracy (Prototype Model): 0.5672
Averaged Train Loss (Regular Model): 0.0729
Std Test Accuracy (Regular Model): 0.1019
Std Test Accuracy (Prototype Model): 0.1137
tobetrained:
[0, 2, 8, 1, 5, 9, 4, 6, 7, 3]
Edge 0 begin training
Edge 2 begin training
Edge 8 begin training
Edge 1 begin training
Edge 5 begin training
Edge 9 begin training
Edge 4 begin training
Edge 6 begin training
Edge 7 begin training
Edge 3 begin training
readyList:
[0, 8, 2, 5, 1, 9, 4, 6, 3, 7]
aggregation_buffer:
[0, 8, 2, 5, 1, 9, 4, 6, 3, 7]
end Update
server_global_time: 149.3332338258624
only_train_time: 1427.3961853906512

-------------Global Round number: 8-------------

Evaluate heterogeneous models
Averaged Test Accuracy (Regular Model): 0.6386
Averaged Test Accuracy (Prototype Model): 0.5713
Averaged Train Loss (Regular Model): 0.0631
Std Test Accuracy (Regular Model): 0.1025
Std Test Accuracy (Prototype Model): 0.1118
tobetrained:
[0, 8, 2, 5, 1, 9, 4, 6, 3, 7]
Edge 0 begin training
Edge 8 begin training
Edge 2 begin training
Edge 5 begin training
Edge 1 begin training
Edge 9 begin training
Edge 4 begin training
Edge 6 begin training
Edge 3 begin training
Edge 7 begin training
readyList:
[0, 8, 2, 5, 1, 9, 4, 6, 3, 7]
aggregation_buffer:
[0, 8, 2, 5, 1, 9, 4, 6, 3, 7]
end Update
server_global_time: 166.20793855190277
only_train_time: 1587.830479927361

-------------Global Round number: 9-------------

Evaluate heterogeneous models
Averaged Test Accuracy (Regular Model): 0.6390
Averaged Test Accuracy (Prototype Model): 0.5749
Averaged Train Loss (Regular Model): 0.0472
Std Test Accuracy (Regular Model): 0.1026
Std Test Accuracy (Prototype Model): 0.1115
tobetrained:
[0, 8, 2, 5, 1, 9, 4, 6, 3, 7]
Edge 0 begin training
Edge 8 begin training
Edge 2 begin training
Edge 5 begin training
Edge 1 begin training
Edge 9 begin training
Edge 4 begin training
Edge 6 begin training
Edge 3 begin training
Edge 7 begin training
readyList:
[0, 8, 2, 1, 5, 9, 4, 6, 7, 3]
aggregation_buffer:
[0, 8, 2, 1, 5, 9, 4, 6, 7, 3]
Number of samples: 326
end Update
server_global_time: 182.81572833657265
only_train_time: 1752.3934287205338

-------------Global Round number: 10-------------

Evaluate heterogeneous models
Averaged Test Accuracy (Regular Model): 0.6391
Averaged Test Accuracy (Prototype Model): 0.5798
Averaged Train Loss (Regular Model): 0.0376
Std Test Accuracy (Regular Model): 0.1025
Std Test Accuracy (Prototype Model): 0.1094
tobetrained:
[0, 8, 2, 1, 5, 9, 4, 6, 7, 3]
Edge 0 begin training
Edge 8 begin training
Edge 2 begin training
Edge 1 begin training
Edge 5 begin training
Edge 9 begin training
Edge 4 begin training
Edge 6 begin training
Edge 7 begin training
Edge 3 begin training
readyList:
[0, 8, 2, 5, 1, 9, 4, 6, 3, 7]
aggregation_buffer:
[0, 8, 2, 5, 1, 9, 4, 6, 3, 7]
end Update
server_global_time: 199.82253051549196
only_train_time: 1918.1130984649062

-------------Global Round number: 11-------------

Evaluate heterogeneous models
Averaged Test Accuracy (Regular Model): 0.6384
Averaged Test Accuracy (Prototype Model): 0.5804
Averaged Train Loss (Regular Model): 0.0337
Std Test Accuracy (Regular Model): 0.1031
Std Test Accuracy (Prototype Model): 0.1091
tobetrained:
[0, 8, 2, 5, 1, 9, 4, 6, 3, 7]
Edge 0 begin training
Edge 8 begin training
Edge 2 begin training
Edge 5 begin training
Edge 1 begin training
Edge 9 begin training
Edge 4 begin training
Edge 6 begin training
Edge 3 begin training
Edge 7 begin training
readyList:
[0, 8, 2, 5, 1, 9, 4, 6, 3, 7]
aggregation_buffer:
[0, 8, 2, 5, 1, 9, 4, 6, 3, 7]
end Update
server_global_time: 217.309070661664
only_train_time: 2085.0961488336325

-------------Global Round number: 12-------------

Evaluate heterogeneous models
Averaged Test Accuracy (Regular Model): 0.6390
Averaged Test Accuracy (Prototype Model): 0.5837
Averaged Train Loss (Regular Model): 0.0226
Std Test Accuracy (Regular Model): 0.1026
Std Test Accuracy (Prototype Model): 0.1084
tobetrained:
[0, 8, 2, 5, 1, 9, 4, 6, 3, 7]
Edge 0 begin training
Edge 8 begin training
Edge 2 begin training
Edge 5 begin training
Edge 1 begin training
Edge 9 begin training
Edge 4 begin training
Edge 6 begin training
Edge 3 begin training
Edge 7 begin training
readyList:
[0, 8, 2, 5, 1, 9, 4, 6, 3, 7]
aggregation_buffer:
[0, 8, 2, 5, 1, 9, 4, 6, 3, 7]
end Update
server_global_time: 234.26339416205883
only_train_time: 2249.417975872755

-------------Global Round number: 13-------------

Evaluate heterogeneous models
Averaged Test Accuracy (Regular Model): 0.6396
Averaged Test Accuracy (Prototype Model): 0.5850
Averaged Train Loss (Regular Model): 0.0171
Std Test Accuracy (Regular Model): 0.1021
Std Test Accuracy (Prototype Model): 0.1098
tobetrained:
[0, 8, 2, 5, 1, 9, 4, 6, 3, 7]
Edge 0 begin training
Edge 8 begin training
Edge 2 begin training
Edge 5 begin training
Edge 1 begin training
Edge 9 begin training
Edge 4 begin training
Edge 6 begin training
Edge 3 begin training
Edge 7 begin training
readyList:
[0, 8, 2, 5, 1, 9, 4, 6, 3, 7]
aggregation_buffer:
[0, 8, 2, 5, 1, 9, 4, 6, 3, 7]
end Update
server_global_time: 251.53861140459776
only_train_time: 2415.450172767043

-------------Global Round number: 14-------------

Evaluate heterogeneous models
Averaged Test Accuracy (Regular Model): 0.6396
Averaged Test Accuracy (Prototype Model): 0.5852
Averaged Train Loss (Regular Model): 0.0141
Std Test Accuracy (Regular Model): 0.1026
Std Test Accuracy (Prototype Model): 0.1107
tobetrained:
[0, 8, 2, 5, 1, 9, 4, 6, 3, 7]
Edge 0 begin training
Edge 8 begin training
Edge 2 begin training
Edge 5 begin training
Edge 1 begin training
Edge 9 begin training
Edge 4 begin training
Edge 6 begin training
Edge 3 begin training
Edge 7 begin training
readyList:
[0, 8, 2, 5, 1, 9, 4, 6, 3, 7]
aggregation_buffer:
[0, 8, 2, 5, 1, 9, 4, 6, 3, 7]
end Update
server_global_time: 268.53520791232586
only_train_time: 2581.781843818724

-------------Global Round number: 15-------------

Evaluate heterogeneous models
Averaged Test Accuracy (Regular Model): 0.6393
Averaged Test Accuracy (Prototype Model): 0.5859
Averaged Train Loss (Regular Model): 0.0120
Std Test Accuracy (Regular Model): 0.1024
Std Test Accuracy (Prototype Model): 0.1102
tobetrained:
[0, 8, 2, 5, 1, 9, 4, 6, 3, 7]
Edge 0 begin training
Edge 8 begin training
Edge 2 begin training
Edge 5 begin training
Edge 1 begin training
Edge 9 begin training
Edge 4 begin training
Edge 6 begin training
Edge 3 begin training
Edge 7 begin training
readyList:
[0, 8, 2, 1, 5, 9, 4, 6, 3, 7]
aggregation_buffer:
[0, 8, 2, 1, 5, 9, 4, 6, 3, 7]
end Update
server_global_time: 285.07300408929586
only_train_time: 2746.049444898963

-------------Global Round number: 16-------------

Evaluate heterogeneous models
Averaged Test Accuracy (Regular Model): 0.6385
Averaged Test Accuracy (Prototype Model): 0.5869
Averaged Train Loss (Regular Model): 0.0107
Std Test Accuracy (Regular Model): 0.1025
Std Test Accuracy (Prototype Model): 0.1102
tobetrained:
[0, 8, 2, 1, 5, 9, 4, 6, 3, 7]
Edge 0 begin training
Edge 8 begin training
Edge 2 begin training
Edge 1 begin training
Edge 5 begin training
Edge 9 begin training
Edge 4 begin training
Edge 6 begin training
Edge 3 begin training
Edge 7 begin training
readyList:
[0, 8, 2, 5, 1, 9, 4, 6, 3, 7]
aggregation_buffer:
[0, 8, 2, 5, 1, 9, 4, 6, 3, 7]
end Update
server_global_time: 302.1905764043331
only_train_time: 2910.4945077225566

-------------Global Round number: 17-------------

Evaluate heterogeneous models
Averaged Test Accuracy (Regular Model): 0.6383
Averaged Test Accuracy (Prototype Model): 0.5877
Averaged Train Loss (Regular Model): 0.0097
Std Test Accuracy (Regular Model): 0.1014
Std Test Accuracy (Prototype Model): 0.1109
tobetrained:
[0, 8, 2, 5, 1, 9, 4, 6, 3, 7]
Edge 0 begin training
Edge 8 begin training
Edge 2 begin training
Edge 5 begin training
Edge 1 begin training
Edge 9 begin training
Edge 4 begin training
Edge 6 begin training
Edge 3 begin training
Edge 7 begin training
readyList:
[0, 8, 2, 5, 1, 9, 4, 6, 7, 3]
aggregation_buffer:
[0, 8, 2, 5, 1, 9, 4, 6, 7, 3]
end Update
server_global_time: 319.62743005156517
only_train_time: 3077.7099235206842

-------------Global Round number: 18-------------

Evaluate heterogeneous models
Averaged Test Accuracy (Regular Model): 0.6388
Averaged Test Accuracy (Prototype Model): 0.5891
Averaged Train Loss (Regular Model): 0.0089
Std Test Accuracy (Regular Model): 0.1014
Std Test Accuracy (Prototype Model): 0.1091
tobetrained:
[0, 8, 2, 5, 1, 9, 4, 6, 7, 3]
Edge 0 begin training
Edge 8 begin training
Edge 2 begin training
Edge 5 begin training
Edge 1 begin training
Edge 9 begin training
Edge 4 begin training
Edge 6 begin training
Edge 7 begin training
Edge 3 begin training
readyList:
[0, 8, 2, 1, 5, 9, 4, 6, 3, 7]
aggregation_buffer:
[0, 8, 2, 1, 5, 9, 4, 6, 3, 7]
end Update
server_global_time: 336.5109219625592
only_train_time: 3242.7365956380963

-------------Global Round number: 19-------------

Evaluate heterogeneous models
Averaged Test Accuracy (Regular Model): 0.6380
Averaged Test Accuracy (Prototype Model): 0.5901
Averaged Train Loss (Regular Model): 0.0083
Std Test Accuracy (Regular Model): 0.1020
Std Test Accuracy (Prototype Model): 0.1095
tobetrained:
[0, 8, 2, 1, 5, 9, 4, 6, 3, 7]
Edge 0 begin training
Edge 8 begin training
Edge 2 begin training
Edge 1 begin training
Edge 5 begin training
Edge 9 begin training
Edge 4 begin training
Edge 6 begin training
Edge 3 begin training
Edge 7 begin training
readyList:
[0, 8, 2, 1, 5, 9, 4, 6, 3, 7]
aggregation_buffer:
[0, 8, 2, 1, 5, 9, 4, 6, 3, 7]
Number of samples: 326
end Update
server_global_time: 353.4835383966565
only_train_time: 3406.429262891412

-------------Global Round number: 20-------------

Evaluate heterogeneous models
Averaged Test Accuracy (Regular Model): 0.6382
Averaged Test Accuracy (Prototype Model): 0.5907
Averaged Train Loss (Regular Model): 0.0078
Std Test Accuracy (Regular Model): 0.1025
Std Test Accuracy (Prototype Model): 0.1087
tobetrained:
[0, 8, 2, 1, 5, 9, 4, 6, 3, 7]
Edge 0 begin training
Edge 8 begin training
Edge 2 begin training
Edge 1 begin training
Edge 5 begin training
Edge 9 begin training
Edge 4 begin training
Edge 6 begin training
Edge 3 begin training
Edge 7 begin training
readyList:
[0, 8, 2, 5, 1, 9, 4, 6, 3, 7]
aggregation_buffer:
[0, 8, 2, 5, 1, 9, 4, 6, 3, 7]
end Update
server_global_time: 370.61581475287676
only_train_time: 3572.0024833008647

-------------Global Round number: 21-------------

Evaluate heterogeneous models
Averaged Test Accuracy (Regular Model): 0.6381
Averaged Test Accuracy (Prototype Model): 0.5912
Averaged Train Loss (Regular Model): 0.0074
Std Test Accuracy (Regular Model): 0.1027
Std Test Accuracy (Prototype Model): 0.1090
tobetrained:
[0, 8, 2, 5, 1, 9, 4, 6, 3, 7]
Edge 0 begin training
Edge 8 begin training
Edge 2 begin training
Edge 5 begin training
Edge 1 begin training
Edge 9 begin training
Edge 4 begin training
Edge 6 begin training
Edge 3 begin training
Edge 7 begin training
readyList:
[0, 8, 2, 5, 1, 9, 4, 6, 7, 3]
aggregation_buffer:
[0, 8, 2, 5, 1, 9, 4, 6, 7, 3]
end Update
server_global_time: 387.25340289622545
only_train_time: 3735.114522986114

-------------Global Round number: 22-------------

Evaluate heterogeneous models
Averaged Test Accuracy (Regular Model): 0.6385
Averaged Test Accuracy (Prototype Model): 0.5919
Averaged Train Loss (Regular Model): 0.0070
Std Test Accuracy (Regular Model): 0.1017
Std Test Accuracy (Prototype Model): 0.1087
tobetrained:
[0, 8, 2, 5, 1, 9, 4, 6, 7, 3]
Edge 0 begin training
Edge 8 begin training
Edge 2 begin training
Edge 5 begin training
Edge 1 begin training
Edge 9 begin training
Edge 4 begin training
Edge 6 begin training
Edge 7 begin training
Edge 3 begin training
readyList:
[0, 8, 2, 5, 1, 9, 4, 6, 3, 7]
aggregation_buffer:
[0, 8, 2, 5, 1, 9, 4, 6, 3, 7]
end Update
server_global_time: 404.35325726121664
only_train_time: 3899.984584607184

-------------Global Round number: 23-------------

Evaluate heterogeneous models
Averaged Test Accuracy (Regular Model): 0.6383
Averaged Test Accuracy (Prototype Model): 0.5930
Averaged Train Loss (Regular Model): 0.0067
Std Test Accuracy (Regular Model): 0.1011
Std Test Accuracy (Prototype Model): 0.1084
tobetrained:
[0, 8, 2, 5, 1, 9, 4, 6, 3, 7]
Edge 0 begin training
Edge 8 begin training
Edge 2 begin training
Edge 5 begin training
Edge 1 begin training
Edge 9 begin training
Edge 4 begin training
Edge 6 begin training
Edge 3 begin training
Edge 7 begin training
readyList:
[0, 8, 2, 5, 1, 9, 4, 6, 3, 7]
aggregation_buffer:
[0, 8, 2, 5, 1, 9, 4, 6, 3, 7]
end Update
server_global_time: 421.44330329447985
only_train_time: 4065.4580182284117

-------------Global Round number: 24-------------

Evaluate heterogeneous models
Averaged Test Accuracy (Regular Model): 0.6384
Averaged Test Accuracy (Prototype Model): 0.5935
Averaged Train Loss (Regular Model): 0.0064
Std Test Accuracy (Regular Model): 0.1004
Std Test Accuracy (Prototype Model): 0.1089
tobetrained:
[0, 8, 2, 5, 1, 9, 4, 6, 3, 7]
Edge 0 begin training
Edge 8 begin training
Edge 2 begin training
Edge 5 begin training
Edge 1 begin training
Edge 9 begin training
Edge 4 begin training
Edge 6 begin training
Edge 3 begin training
Edge 7 begin training
readyList:
[0, 8, 2, 1, 5, 9, 4, 6, 3, 7]
aggregation_buffer:
[0, 8, 2, 1, 5, 9, 4, 6, 3, 7]
end Update
server_global_time: 438.3613427951932
only_train_time: 4230.71056034416

-------------Global Round number: 25-------------

Evaluate heterogeneous models
Averaged Test Accuracy (Regular Model): 0.6384
Averaged Test Accuracy (Prototype Model): 0.5935
Averaged Train Loss (Regular Model): 0.0061
Std Test Accuracy (Regular Model): 0.1010
Std Test Accuracy (Prototype Model): 0.1092
tobetrained:
[0, 8, 2, 1, 5, 9, 4, 6, 3, 7]
Edge 0 begin training
Edge 8 begin training
Edge 2 begin training
Edge 1 begin training
Edge 5 begin training
Edge 9 begin training
Edge 4 begin training
Edge 6 begin training
Edge 3 begin training
Edge 7 begin training
readyList:
[0, 8, 2, 5, 1, 9, 4, 6, 3, 7]
aggregation_buffer:
[0, 8, 2, 5, 1, 9, 4, 6, 3, 7]
end Update
server_global_time: 455.57977583259344
only_train_time: 4398.593355126679

-------------Global Round number: 26-------------

Evaluate heterogeneous models
Averaged Test Accuracy (Regular Model): 0.6378
Averaged Test Accuracy (Prototype Model): 0.5945
Averaged Train Loss (Regular Model): 0.0059
Std Test Accuracy (Regular Model): 0.1021
Std Test Accuracy (Prototype Model): 0.1099
tobetrained:
[0, 8, 2, 5, 1, 9, 4, 6, 3, 7]
Edge 0 begin training
Edge 8 begin training
Edge 2 begin training
Edge 5 begin training
Edge 1 begin training
Edge 9 begin training
Edge 4 begin training
Edge 6 begin training
Edge 3 begin training
Edge 7 begin training
readyList:
[0, 8, 2, 5, 1, 9, 4, 6, 3, 7]
aggregation_buffer:
[0, 8, 2, 5, 1, 9, 4, 6, 3, 7]
end Update
server_global_time: 472.5537973046303
only_train_time: 4565.99901432544

-------------Global Round number: 27-------------

Evaluate heterogeneous models
Averaged Test Accuracy (Regular Model): 0.6381
Averaged Test Accuracy (Prototype Model): 0.5957
Averaged Train Loss (Regular Model): 0.0057
Std Test Accuracy (Regular Model): 0.1018
Std Test Accuracy (Prototype Model): 0.1106
tobetrained:
[0, 8, 2, 5, 1, 9, 4, 6, 3, 7]
Edge 0 begin training
Edge 8 begin training
Edge 2 begin training
Edge 5 begin training
Edge 1 begin training
Edge 9 begin training
Edge 4 begin training
Edge 6 begin training
Edge 3 begin training
Edge 7 begin training
readyList:
[8, 0, 2, 5, 1, 9, 4, 6, 3, 7]
aggregation_buffer:
[8, 0, 2, 5, 1, 9, 4, 6, 3, 7]
end Update
server_global_time: 489.46488647162914
only_train_time: 4730.4609605669975

-------------Global Round number: 28-------------

Evaluate heterogeneous models
Averaged Test Accuracy (Regular Model): 0.6384
Averaged Test Accuracy (Prototype Model): 0.5958
Averaged Train Loss (Regular Model): 0.0055
Std Test Accuracy (Regular Model): 0.1014
Std Test Accuracy (Prototype Model): 0.1112
tobetrained:
[8, 0, 2, 5, 1, 9, 4, 6, 3, 7]
Edge 8 begin training
Edge 0 begin training
Edge 2 begin training
Edge 5 begin training
Edge 1 begin training
Edge 9 begin training
Edge 4 begin training
Edge 6 begin training
Edge 3 begin training
Edge 7 begin training
readyList:
[0, 8, 2, 5, 9, 1, 4, 6, 3, 7]
aggregation_buffer:
[0, 8, 2, 5, 9, 1, 4, 6, 3, 7]
end Update
server_global_time: 506.6338377967477
only_train_time: 4896.191036209464

-------------Global Round number: 29-------------

Evaluate heterogeneous models
Averaged Test Accuracy (Regular Model): 0.6380
Averaged Test Accuracy (Prototype Model): 0.5964
Averaged Train Loss (Regular Model): 0.0053
Std Test Accuracy (Regular Model): 0.1019
Std Test Accuracy (Prototype Model): 0.1110
tobetrained:
[0, 8, 2, 5, 9, 1, 4, 6, 3, 7]
Edge 0 begin training
Edge 8 begin training
Edge 2 begin training
Edge 5 begin training
Edge 9 begin training
Edge 1 begin training
Edge 4 begin training
Edge 6 begin training
Edge 3 begin training
Edge 7 begin training
readyList:
[0, 8, 2, 1, 5, 9, 4, 6, 3, 7]
aggregation_buffer:
[0, 8, 2, 1, 5, 9, 4, 6, 3, 7]
Number of samples: 326
end Update
server_global_time: 523.9394679442048
only_train_time: 5063.16899330914

-------------Global Round number: 30-------------

Evaluate heterogeneous models
Averaged Test Accuracy (Regular Model): 0.6383
Averaged Test Accuracy (Prototype Model): 0.5968
Averaged Train Loss (Regular Model): 0.0052
Std Test Accuracy (Regular Model): 0.1021
Std Test Accuracy (Prototype Model): 0.1108
tobetrained:
[0, 8, 2, 1, 5, 9, 4, 6, 3, 7]
Edge 0 begin training
Edge 8 begin training
Edge 2 begin training
Edge 1 begin training
Edge 5 begin training
