==================================================
goal = test
device = cuda
device_id = 0
dataset = Cifar10_dir_0.3_imbalance_40
num_classes = 10
model_family = HtFE8
batch_size = 256
local_learning_rate = 0.08
use_decay_scheduler = False
learning_rate_decay = False
learning_rate_decay_gamma = 0.99
global_rounds = 300
edge_epochs = 1
local_epochs = 10
algorithm = FedTGP
join_ratio = 1.0
random_join_ratio = False
num_clients = 40
num_edges = 10
prev = 0
times = 1
eval_gap = 1
save_folder_name = temp
auto_break = False
feature_dim = 512
vocab_size = 98635
max_len = 200
client_drop_rate = 0.0
train_slow_rate = 0.0
send_slow_rate = 0.0
time_select = False
time_threthold = 10000
lamda = 2.0
adam_weight_decay = 0.0001
trans_delay_simulate = False
momentum = 0.0
agg_type = 0
buffersize = 10
mixclassifier = 0
gl_use_clients = 1
test_useglclassifier = 1
tgpaddmse = 0
addmse = 0
gamma = 1
addTGP = 0
SAEbeta = 0
drawtsne = 1
drawround = 10
noise_dim = 512
generator_learning_rate = 0.005
hidden_dim = 512
server_epochs = 100
alpha = 1.0
beta = 1.0
mentee_learning_rate = 0.005
T_start = 0.95
T_end = 0.98
server_learning_rate = 0.01
margin_threthold = 100.0
generator_path = stylegan/stylegan-xl-models/imagenet64.pkl
stable_diffusion_prompt = a cat
server_batch_size = 100
gen_batch_size = 4
mu = 50.0
==================================================
Random seed set as 42

============= Running time: 0th =============
Creating server and clients ...
FedAvgCNN(in_features=3, num_classes=args.num_classes, dim=1600)
torchvision.models.googlenet(pretrained=False, aux_logits=False, num_classes=args.num_classes)
mobilenet_v2(pretrained=False, num_classes=args.num_classes)
torchvision.models.resnet18(pretrained=False, num_classes=args.num_classes)
torchvision.models.resnet34(pretrained=False, num_classes=args.num_classes)
torchvision.models.resnet50(pretrained=False, num_classes=args.num_classes)
torchvision.models.resnet101(pretrained=False, num_classes=args.num_classes)
torchvision.models.resnet152(pretrained=False, num_classes=args.num_classes)
FedAvgCNN(in_features=3, num_classes=args.num_classes, dim=1600) model chosen!
id 0
label_counts: defaultdict(<class 'int'>, {6: 87, 7: 347, 3: 400, 1: 47, 4: 179, 8: 41, 2: 1, 5: 2, 9: 2, 0: 2})
torchvision.models.googlenet(pretrained=False, aux_logits=False, num_classes=args.num_classes) model chosen!
id 1
label_counts: defaultdict(<class 'int'>, {2: 855, 4: 327, 0: 5, 3: 3})
mobilenet_v2(pretrained=False, num_classes=args.num_classes) model chosen!
id 2
label_counts: defaultdict(<class 'int'>, {5: 141, 9: 71, 4: 177, 8: 162, 6: 36, 2: 95, 1: 9, 7: 49, 0: 23, 3: 2})
torchvision.models.resnet18(pretrained=False, num_classes=args.num_classes) model chosen!
id 3
label_counts: defaultdict(<class 'int'>, {9: 347, 4: 88, 5: 394, 8: 32, 7: 415, 2: 15, 0: 3})
torchvision.models.resnet34(pretrained=False, num_classes=args.num_classes) model chosen!
id 4
label_counts: defaultdict(<class 'int'>, {8: 172, 2: 591, 3: 83, 7: 30, 5: 234, 1: 3, 4: 18, 0: 18})
torchvision.models.resnet50(pretrained=False, num_classes=args.num_classes) model chosen!
id 5
label_counts: defaultdict(<class 'int'>, {0: 841, 5: 565, 1: 70, 3: 35})
torchvision.models.resnet101(pretrained=False, num_classes=args.num_classes) model chosen!
id 6
label_counts: defaultdict(<class 'int'>, {3: 381, 6: 154, 8: 143, 9: 43, 0: 93, 1: 15, 2: 1, 4: 2, 7: 1})
torchvision.models.resnet152(pretrained=False, num_classes=args.num_classes) model chosen!
id 7
label_counts: defaultdict(<class 'int'>, {9: 1519, 4: 349, 3: 115, 2: 76, 0: 78, 7: 79, 5: 29, 1: 6, 6: 1})
FedAvgCNN(in_features=3, num_classes=args.num_classes, dim=1600) model chosen!
id 8
label_counts: defaultdict(<class 'int'>, {4: 425, 1: 15, 3: 83, 8: 161, 0: 4, 2: 115, 7: 92, 9: 10, 6: 5, 5: 2})
torchvision.models.googlenet(pretrained=False, aux_logits=False, num_classes=args.num_classes) model chosen!
id 9
label_counts: defaultdict(<class 'int'>, {7: 286, 1: 64, 4: 95, 0: 7, 2: 80, 3: 14, 9: 28, 5: 7})
mobilenet_v2(pretrained=False, num_classes=args.num_classes) model chosen!
id 10
label_counts: defaultdict(<class 'int'>, {8: 906, 0: 830, 4: 108, 1: 17, 3: 11, 2: 10, 6: 6, 5: 5})
torchvision.models.resnet18(pretrained=False, num_classes=args.num_classes) model chosen!
id 11
label_counts: defaultdict(<class 'int'>, {8: 208, 7: 8, 1: 227, 2: 238, 3: 16, 9: 48, 5: 2, 6: 2, 4: 1})
torchvision.models.resnet34(pretrained=False, num_classes=args.num_classes) model chosen!
id 12
label_counts: defaultdict(<class 'int'>, {4: 354, 6: 681, 1: 47, 0: 50, 3: 4, 5: 1, 2: 2})
torchvision.models.resnet50(pretrained=False, num_classes=args.num_classes) model chosen!
id 13
label_counts: defaultdict(<class 'int'>, {0: 464, 6: 426, 3: 90, 2: 271, 1: 67, 4: 10})
torchvision.models.resnet101(pretrained=False, num_classes=args.num_classes) model chosen!
id 14
label_counts: defaultdict(<class 'int'>, {5: 746, 1: 509, 4: 104, 3: 17, 0: 30, 2: 1})
torchvision.models.resnet152(pretrained=False, num_classes=args.num_classes) model chosen!
id 15
label_counts: defaultdict(<class 'int'>, {4: 973, 2: 843, 1: 155, 0: 75, 3: 45})
FedAvgCNN(in_features=3, num_classes=args.num_classes, dim=1600) model chosen!
id 16
label_counts: defaultdict(<class 'int'>, {6: 120, 1: 2, 3: 448, 0: 8, 8: 77, 9: 202, 4: 43, 5: 71})
torchvision.models.googlenet(pretrained=False, aux_logits=False, num_classes=args.num_classes) model chosen!
id 17
label_counts: defaultdict(<class 'int'>, {7: 978, 0: 8, 6: 42, 3: 84, 2: 130, 5: 9, 4: 48})
mobilenet_v2(pretrained=False, num_classes=args.num_classes) model chosen!
id 18
label_counts: defaultdict(<class 'int'>, {0: 260, 5: 179, 1: 196, 4: 82, 3: 53, 7: 8, 8: 51, 6: 3, 2: 2})
torchvision.models.resnet18(pretrained=False, num_classes=args.num_classes) model chosen!
id 19
label_counts: defaultdict(<class 'int'>, {1: 456, 5: 56, 9: 86, 8: 150, 2: 46, 6: 20, 7: 10, 3: 7})
torchvision.models.resnet34(pretrained=False, num_classes=args.num_classes) model chosen!
id 20
label_counts: defaultdict(<class 'int'>, {3: 362, 0: 218, 4: 48, 8: 358, 7: 24, 6: 242, 2: 17, 5: 6})
torchvision.models.resnet50(pretrained=False, num_classes=args.num_classes) model chosen!
id 21
label_counts: defaultdict(<class 'int'>, {1: 276, 0: 436, 5: 44, 4: 131, 2: 72, 3: 93, 8: 33, 9: 2, 6: 2})
torchvision.models.resnet101(pretrained=False, num_classes=args.num_classes) model chosen!
id 22
label_counts: defaultdict(<class 'int'>, {3: 97, 6: 159, 8: 459, 9: 131, 5: 64, 1: 82, 7: 22, 4: 2, 2: 1})
torchvision.models.resnet152(pretrained=False, num_classes=args.num_classes) model chosen!
id 23
label_counts: defaultdict(<class 'int'>, {2: 510, 3: 373, 1: 205, 0: 170})
FedAvgCNN(in_features=3, num_classes=args.num_classes, dim=1600) model chosen!
id 24
label_counts: defaultdict(<class 'int'>, {4: 111, 7: 407, 6: 231, 2: 21, 1: 151, 8: 68, 3: 19, 9: 44, 0: 4})
torchvision.models.googlenet(pretrained=False, aux_logits=False, num_classes=args.num_classes) model chosen!
id 25
label_counts: defaultdict(<class 'int'>, {7: 336, 4: 100, 1: 353, 5: 197, 6: 83, 3: 29, 2: 11, 9: 2, 8: 3, 0: 2})
mobilenet_v2(pretrained=False, num_classes=args.num_classes) model chosen!
id 26
label_counts: defaultdict(<class 'int'>, {9: 885, 0: 276, 3: 116, 5: 59, 8: 57, 1: 18, 6: 2, 4: 3})
torchvision.models.resnet18(pretrained=False, num_classes=args.num_classes) model chosen!
id 27
label_counts: defaultdict(<class 'int'>, {6: 360, 5: 140, 1: 24, 3: 12, 4: 28, 9: 54, 2: 15})
torchvision.models.resnet34(pretrained=False, num_classes=args.num_classes) model chosen!
id 28
label_counts: defaultdict(<class 'int'>, {8: 31, 5: 486, 1: 148, 0: 87, 4: 71, 7: 29, 6: 12, 2: 2, 3: 1})
torchvision.models.resnet50(pretrained=False, num_classes=args.num_classes) model chosen!
id 29
label_counts: defaultdict(<class 'int'>, {5: 380, 7: 932, 1: 46, 6: 48, 4: 10, 3: 54, 2: 10})
torchvision.models.resnet101(pretrained=False, num_classes=args.num_classes) model chosen!
id 30
label_counts: defaultdict(<class 'int'>, {3: 724, 2: 19, 6: 555, 0: 95, 5: 89, 4: 8, 1: 1})
torchvision.models.resnet152(pretrained=False, num_classes=args.num_classes) model chosen!
id 31
label_counts: defaultdict(<class 'int'>, {6: 65, 0: 185, 9: 201, 1: 130, 7: 52, 3: 7, 4: 61, 2: 12, 5: 41})
FedAvgCNN(in_features=3, num_classes=args.num_classes, dim=1600) model chosen!
id 32
label_counts: defaultdict(<class 'int'>, {0: 33, 5: 339, 8: 81, 9: 53, 2: 65, 1: 9, 3: 3, 7: 1, 6: 11})
torchvision.models.googlenet(pretrained=False, aux_logits=False, num_classes=args.num_classes) model chosen!
id 33
label_counts: defaultdict(<class 'int'>, {6: 249, 1: 688, 8: 63, 4: 82, 5: 32, 7: 39, 0: 10, 2: 2})
mobilenet_v2(pretrained=False, num_classes=args.num_classes) model chosen!
id 34
label_counts: defaultdict(<class 'int'>, {8: 782, 6: 180, 4: 26, 1: 196, 3: 124, 7: 25, 2: 5})
torchvision.models.resnet18(pretrained=False, num_classes=args.num_classes) model chosen!
id 35
label_counts: defaultdict(<class 'int'>, {0: 69, 2: 255, 9: 362, 3: 64, 6: 20, 7: 151, 8: 12, 1: 7, 4: 8})
torchvision.models.resnet34(pretrained=False, num_classes=args.num_classes) model chosen!
id 36
label_counts: defaultdict(<class 'int'>, {5: 152, 8: 159, 1: 70, 9: 83, 4: 109, 2: 15, 7: 10, 0: 1})
torchvision.models.resnet50(pretrained=False, num_classes=args.num_classes) model chosen!
id 37
label_counts: defaultdict(<class 'int'>, {1: 171, 0: 116, 4: 82, 6: 519, 9: 20, 3: 58, 7: 10, 5: 16, 2: 10})
torchvision.models.resnet101(pretrained=False, num_classes=args.num_classes) model chosen!
id 38
label_counts: defaultdict(<class 'int'>, {2: 125, 7: 141, 6: 156, 5: 29, 8: 27, 3: 111, 1: 29, 9: 20, 0: 6})
torchvision.models.resnet152(pretrained=False, num_classes=args.num_classes) model chosen!
id 39
label_counts: defaultdict(<class 'int'>, {3: 345, 8: 216, 9: 312, 4: 217, 0: 3, 5: 5, 7: 4, 2: 1, 1: 1})

Join ratio / total clients: 1.0 / 40
Finished creating server and clients.
Trainable_prototypes(
  (embedings): Embedding(10, 512)
  (middle): Sequential(
    (0): Sequential(
      (0): Linear(in_features=512, out_features=512, bias=True)
      (1): ReLU()
    )
  )
  (fc): Linear(in_features=512, out_features=512, bias=True)
)
tobetrained:
[9, 8, 7, 6, 5, 4, 3, 2, 1, 0]
Edge 9 begin training
Server global_protos Not Found
Server global_protos Not Found
Server global_protos Not Found
Server global_protos Not Found
Edge 8 begin training
Server global_protos Not Found
Server global_protos Not Found
Server global_protos Not Found
Server global_protos Not Found
Edge 7 begin training
Server global_protos Not Found
Server global_protos Not Found
Server global_protos Not Found
Server global_protos Not Found
Edge 6 begin training
Server global_protos Not Found
Server global_protos Not Found
Server global_protos Not Found
Server global_protos Not Found
Edge 5 begin training
Server global_protos Not Found
Server global_protos Not Found
Server global_protos Not Found
Server global_protos Not Found
Edge 4 begin training
Server global_protos Not Found
Server global_protos Not Found
Server global_protos Not Found
Server global_protos Not Found
Edge 3 begin training
Server global_protos Not Found
Server global_protos Not Found
Server global_protos Not Found
Server global_protos Not Found
Edge 2 begin training
Server global_protos Not Found
Server global_protos Not Found
Server global_protos Not Found
Server global_protos Not Found
Edge 1 begin training
Server global_protos Not Found
Server global_protos Not Found
Server global_protos Not Found
Server global_protos Not Found
Edge 0 begin training
Server global_protos Not Found
Server global_protos Not Found
Server global_protos Not Found
Server global_protos Not Found
readyList:
[0, 8, 2, 1, 5, 9, 4, 6, 3, 7]
aggregation_buffer:
[0, 8, 2, 1, 5, 9, 4, 6, 3, 7]
class-wise minimum distance tensor([2.3947, 1.0333, 0.9435, 0.9876, 1.1083, 0.9435, 1.1083, 1.0662, 1.5081,
        1.6117], device='cuda:0')
min_gap tensor(0.9435, device='cuda:0')
max_gap tensor(2.3947, device='cuda:0')
Server loss: 4.4661383628845215
Number of samples: 326
end Update
server_global_time: 16.799084082245827
only_train_time: 154.24201008677483

-------------Global Round number: 0-------------

Evaluate heterogeneous models
Averaged Test Accuracy (Regular Model): 0.5566
Averaged Test Accuracy (Prototype Model): 0.1855
Averaged Train Loss (Regular Model): 0.8885
Averaged Train Loss (Regular + Proto): 0.8885
Std Test Accuracy (Regular Model): 0.1324
Std Test Accuracy (Prototype Model): 0.1447
tobetrained:
[0, 8, 2, 1, 5, 9, 4, 6, 3, 7]
Edge 0 begin training
Edge 8 begin training
Edge 2 begin training
Edge 1 begin training
Edge 5 begin training
Edge 9 begin training
Edge 4 begin training
Edge 6 begin training
Edge 3 begin training
Edge 7 begin training
readyList:
[0, 8, 2, 5, 1, 9, 4, 6, 3, 7]
aggregation_buffer:
[0, 8, 2, 5, 1, 9, 4, 6, 3, 7]
class-wise minimum distance tensor([16.3781,  2.3295,  1.2917,  2.3295,  2.9194,  1.2917,  2.9194,  1.3688,
         1.7863,  1.7863], device='cuda:0')
min_gap tensor(1.2917, device='cuda:0')
max_gap tensor(16.3781, device='cuda:0')
Server loss: 17.859027862548828
end Update
server_global_time: 32.94063402712345
only_train_time: 310.2726558893919

-------------Global Round number: 1-------------

Evaluate heterogeneous models
Averaged Test Accuracy (Regular Model): 0.5907
Averaged Test Accuracy (Prototype Model): 0.4579
Averaged Train Loss (Regular Model): 0.4989
Averaged Train Loss (Regular + Proto): 0.9702
Std Test Accuracy (Regular Model): 0.1315
Std Test Accuracy (Prototype Model): 0.1758
tobetrained:
[0, 8, 2, 5, 1, 9, 4, 6, 3, 7]
Edge 0 begin training
Edge 8 begin training
Edge 2 begin training
Edge 5 begin training
Edge 1 begin training
Edge 9 begin training
Edge 4 begin training
Edge 6 begin training
Edge 3 begin training
Edge 7 begin training
readyList:
[0, 8, 2, 5, 1, 9, 4, 6, 3, 7]
aggregation_buffer:
[0, 8, 2, 5, 1, 9, 4, 6, 3, 7]
class-wise minimum distance tensor([2.6395, 2.8000, 1.8327, 2.3528, 1.8327, 2.1205, 2.2598, 2.1413, 2.6395,
        3.0328], device='cuda:0')
min_gap tensor(1.8327, device='cuda:0')
max_gap tensor(3.0328, device='cuda:0')
Server loss: 3.2266409397125244
end Update
server_global_time: 49.15868263691664
only_train_time: 469.0693915709853

-------------Global Round number: 2-------------

Evaluate heterogeneous models
Averaged Test Accuracy (Regular Model): 0.6080
Averaged Test Accuracy (Prototype Model): 0.5674
Averaged Train Loss (Regular Model): 0.3569
Averaged Train Loss (Regular + Proto): 0.7062
Std Test Accuracy (Regular Model): 0.0948
Std Test Accuracy (Prototype Model): 0.0994
tobetrained:
[0, 8, 2, 5, 1, 9, 4, 6, 3, 7]
Edge 0 begin training
Edge 8 begin training
Edge 2 begin training
Edge 5 begin training
Edge 1 begin training
Edge 9 begin training
Edge 4 begin training
Edge 6 begin training
Edge 3 begin training
Edge 7 begin training
readyList:
[0, 8, 2, 5, 1, 9, 4, 6, 7, 3]
aggregation_buffer:
[0, 8, 2, 5, 1, 9, 4, 6, 7, 3]
class-wise minimum distance tensor([4.3725, 4.6645, 3.2737, 4.1085, 3.2737, 3.9193, 3.7280, 3.7174, 4.3725,
        4.9093], device='cuda:0')
min_gap tensor(3.2737, device='cuda:0')
max_gap tensor(4.9093, device='cuda:0')
Server loss: 4.367883682250977
end Update
server_global_time: 66.11560948938131
only_train_time: 627.9797551482916

-------------Global Round number: 3-------------

Evaluate heterogeneous models
Averaged Test Accuracy (Regular Model): 0.6181
Averaged Test Accuracy (Prototype Model): 0.6042
Averaged Train Loss (Regular Model): 0.2500
Averaged Train Loss (Regular + Proto): 0.5625
Std Test Accuracy (Regular Model): 0.0996
Std Test Accuracy (Prototype Model): 0.0972
tobetrained:
[0, 8, 2, 5, 1, 9, 4, 6, 7, 3]
Edge 0 begin training
Edge 8 begin training
Edge 2 begin training
Edge 5 begin training
Edge 1 begin training
Edge 9 begin training
Edge 4 begin training
Edge 6 begin training
Edge 7 begin training
Edge 3 begin training
readyList:
[0, 8, 2, 5, 1, 9, 4, 6, 3, 7]
aggregation_buffer:
[0, 8, 2, 5, 1, 9, 4, 6, 3, 7]
class-wise minimum distance tensor([5.6578, 6.3321, 4.9153, 5.3567, 4.9153, 5.4521, 5.4915, 5.3547, 6.0126,
        6.7751], device='cuda:0')
min_gap tensor(4.9153, device='cuda:0')
max_gap tensor(6.7751, device='cuda:0')
Server loss: 4.846960067749023
end Update
server_global_time: 82.46640831977129
only_train_time: 784.9373938292265

-------------Global Round number: 4-------------

Evaluate heterogeneous models
Averaged Test Accuracy (Regular Model): 0.6310
Averaged Test Accuracy (Prototype Model): 0.6185
Averaged Train Loss (Regular Model): 0.2420
Averaged Train Loss (Regular + Proto): 0.5933
Std Test Accuracy (Regular Model): 0.0934
Std Test Accuracy (Prototype Model): 0.0920
tobetrained:
[0, 8, 2, 5, 1, 9, 4, 6, 3, 7]
Edge 0 begin training
Edge 8 begin training
Edge 2 begin training
Edge 5 begin training
Edge 1 begin training
Edge 9 begin training
Edge 4 begin training
Edge 6 begin training
Edge 3 begin training
Edge 7 begin training
readyList:
[0, 8, 2, 5, 9, 1, 4, 6, 3, 7]
aggregation_buffer:
[0, 8, 2, 5, 9, 1, 4, 6, 3, 7]
class-wise minimum distance tensor([6.8703, 7.9045, 6.2154, 7.1331, 6.2154, 7.3698, 6.9193, 7.2881, 7.8833,
        8.1288], device='cuda:0')
min_gap tensor(6.2154, device='cuda:0')
max_gap tensor(8.1288, device='cuda:0')
Server loss: 4.755557060241699
end Update
server_global_time: 98.69474257528782
only_train_time: 941.9025811180472

-------------Global Round number: 5-------------

Evaluate heterogeneous models
Averaged Test Accuracy (Regular Model): 0.6329
Averaged Test Accuracy (Prototype Model): 0.6172
Averaged Train Loss (Regular Model): 0.2063
Averaged Train Loss (Regular + Proto): 0.5864
Std Test Accuracy (Regular Model): 0.1018
Std Test Accuracy (Prototype Model): 0.0995
tobetrained:
[0, 8, 2, 5, 9, 1, 4, 6, 3, 7]
Edge 0 begin training
Edge 8 begin training
Edge 2 begin training
Edge 5 begin training
Edge 9 begin training
Edge 1 begin training
Edge 4 begin training
Edge 6 begin training
Edge 3 begin training
Edge 7 begin training
readyList:
[0, 8, 2, 5, 1, 9, 4, 6, 3, 7]
aggregation_buffer:
[0, 8, 2, 5, 1, 9, 4, 6, 3, 7]
class-wise minimum distance tensor([8.0955, 9.2609, 7.9060, 8.2112, 8.0527, 8.4426, 7.9060, 8.5034, 9.4330,
        9.4450], device='cuda:0')
min_gap tensor(7.9060, device='cuda:0')
max_gap tensor(9.4450, device='cuda:0')
Server loss: 7.00291109085083
end Update
server_global_time: 115.649618268013
only_train_time: 1099.3550767824054

-------------Global Round number: 6-------------

Evaluate heterogeneous models
Averaged Test Accuracy (Regular Model): 0.6336
Averaged Test Accuracy (Prototype Model): 0.6162
Averaged Train Loss (Regular Model): 0.2355
Averaged Train Loss (Regular + Proto): 0.6801
Std Test Accuracy (Regular Model): 0.1053
Std Test Accuracy (Prototype Model): 0.1060
tobetrained:
[0, 8, 2, 5, 1, 9, 4, 6, 3, 7]
Edge 0 begin training
Edge 8 begin training
Edge 2 begin training
Edge 5 begin training
Edge 1 begin training
Edge 9 begin training
Edge 4 begin training
Edge 6 begin training
Edge 3 begin training
Edge 7 begin training
readyList:
[0, 8, 2, 5, 1, 9, 4, 6, 3, 7]
aggregation_buffer:
[0, 8, 2, 5, 1, 9, 4, 6, 3, 7]
class-wise minimum distance tensor([ 9.4504, 10.2453,  8.7136,  9.4535,  8.7136,  9.4464,  9.3142,  9.4383,
        10.6265, 10.8891], device='cuda:0')
min_gap tensor(8.7136, device='cuda:0')
max_gap tensor(10.8891, device='cuda:0')
Server loss: 5.381524085998535
end Update
server_global_time: 132.5463748946786
only_train_time: 1257.515033774078

-------------Global Round number: 7-------------

Evaluate heterogeneous models
Averaged Test Accuracy (Regular Model): 0.6285
Averaged Test Accuracy (Prototype Model): 0.6148
Averaged Train Loss (Regular Model): 0.1627
Averaged Train Loss (Regular + Proto): 0.6142
Std Test Accuracy (Regular Model): 0.1066
Std Test Accuracy (Prototype Model): 0.1036
tobetrained:
[0, 8, 2, 5, 1, 9, 4, 6, 3, 7]
Edge 0 begin training
Edge 8 begin training
Edge 2 begin training
Edge 5 begin training
Edge 1 begin training
Edge 9 begin training
Edge 4 begin training
Edge 6 begin training
Edge 3 begin training
Edge 7 begin training
readyList:
[0, 8, 2, 5, 1, 9, 4, 6, 3, 7]
aggregation_buffer:
[0, 8, 2, 5, 1, 9, 4, 6, 3, 7]
class-wise minimum distance tensor([10.7827, 12.0932, 10.6086, 11.5299, 10.7182, 10.9538, 10.6086, 11.4492,
        11.8376, 12.6179], device='cuda:0')
min_gap tensor(10.6086, device='cuda:0')
max_gap tensor(12.6179, device='cuda:0')
Server loss: 7.494683742523193
end Update
server_global_time: 148.43999645113945
only_train_time: 1414.3726083263755

-------------Global Round number: 8-------------

Evaluate heterogeneous models
Averaged Test Accuracy (Regular Model): 0.6364
Averaged Test Accuracy (Prototype Model): 0.6348
Averaged Train Loss (Regular Model): 0.1430
Averaged Train Loss (Regular + Proto): 0.6025
Std Test Accuracy (Regular Model): 0.0988
Std Test Accuracy (Prototype Model): 0.0979
tobetrained:
[0, 8, 2, 5, 1, 9, 4, 6, 3, 7]
Edge 0 begin training
Edge 8 begin training
Edge 2 begin training
Edge 5 begin training
Edge 1 begin training
Edge 9 begin training
Edge 4 begin training
Edge 6 begin training
Edge 3 begin training
Edge 7 begin training
readyList:
[0, 8, 2, 1, 5, 9, 4, 6, 7, 3]
aggregation_buffer:
[0, 8, 2, 1, 5, 9, 4, 6, 7, 3]
class-wise minimum distance tensor([11.6585, 12.8326, 11.3700, 12.6292, 11.3700, 11.8055, 11.3829, 11.9201,
        12.5989, 13.3398], device='cuda:0')
min_gap tensor(11.3700, device='cuda:0')
max_gap tensor(13.3398, device='cuda:0')
Server loss: 5.998904705047607
end Update
server_global_time: 165.07122984528542
only_train_time: 1570.5122657194734

-------------Global Round number: 9-------------

Evaluate heterogeneous models
Averaged Test Accuracy (Regular Model): 0.6432
Averaged Test Accuracy (Prototype Model): 0.6374
Averaged Train Loss (Regular Model): 0.1239
Averaged Train Loss (Regular + Proto): 0.6305
Std Test Accuracy (Regular Model): 0.1007
Std Test Accuracy (Prototype Model): 0.0980
tobetrained:
[0, 8, 2, 1, 5, 9, 4, 6, 7, 3]
Edge 0 begin training
Edge 8 begin training
Edge 2 begin training
Edge 1 begin training
Edge 5 begin training
Edge 9 begin training
Edge 4 begin training
Edge 6 begin training
Edge 7 begin training
Edge 3 begin training
readyList:
[0, 8, 2, 1, 5, 9, 4, 6, 7, 3]
aggregation_buffer:
[0, 8, 2, 1, 5, 9, 4, 6, 7, 3]
class-wise minimum distance tensor([12.2754, 13.4886, 11.6603, 13.0163, 11.9997, 13.0782, 11.6603, 13.2723,
        14.0242, 14.5902], device='cuda:0')
min_gap tensor(11.6603, device='cuda:0')
max_gap tensor(14.5902, device='cuda:0')
Server loss: 6.65170955657959
Number of samples: 326
end Update
server_global_time: 180.9848159775138
only_train_time: 1727.6652728542686

-------------Global Round number: 10-------------

Evaluate heterogeneous models
Averaged Test Accuracy (Regular Model): 0.6255
Averaged Test Accuracy (Prototype Model): 0.6218
Averaged Train Loss (Regular Model): 0.1315
Averaged Train Loss (Regular + Proto): 0.6601
Std Test Accuracy (Regular Model): 0.1153
Std Test Accuracy (Prototype Model): 0.1164
tobetrained:
[0, 8, 2, 1, 5, 9, 4, 6, 7, 3]
Edge 0 begin training
Edge 8 begin training
Edge 2 begin training
Edge 1 begin training
Edge 5 begin training
Edge 9 begin training
Edge 4 begin training
Edge 6 begin training
Edge 7 begin training
Edge 3 begin training
readyList:
[0, 8, 2, 5, 1, 9, 4, 6, 7, 3]
aggregation_buffer:
[0, 8, 2, 5, 1, 9, 4, 6, 7, 3]
class-wise minimum distance tensor([13.4315, 14.8301, 12.9731, 14.0931, 13.1457, 14.6316, 12.9731, 14.3769,
        14.9130, 15.3317], device='cuda:0')
min_gap tensor(12.9731, device='cuda:0')
max_gap tensor(15.3317, device='cuda:0')
Server loss: 6.195659160614014
end Update
server_global_time: 196.94374004751444
only_train_time: 1883.2813074067235

-------------Global Round number: 11-------------

Evaluate heterogeneous models
Averaged Test Accuracy (Regular Model): 0.6434
Averaged Test Accuracy (Prototype Model): 0.6350
Averaged Train Loss (Regular Model): 0.1479
Averaged Train Loss (Regular + Proto): 0.6854
Std Test Accuracy (Regular Model): 0.1036
Std Test Accuracy (Prototype Model): 0.1080
tobetrained:
[0, 8, 2, 5, 1, 9, 4, 6, 7, 3]
Edge 0 begin training
Edge 8 begin training
Edge 2 begin training
Edge 5 begin training
Edge 1 begin training
Edge 9 begin training
Edge 4 begin training
Edge 6 begin training
Edge 7 begin training
Edge 3 begin training
readyList:
[0, 8, 2, 5, 1, 9, 4, 6, 3, 7]
aggregation_buffer:
[0, 8, 2, 5, 1, 9, 4, 6, 3, 7]
class-wise minimum distance tensor([14.4249, 16.1614, 14.3631, 15.8594, 14.5018, 15.4264, 14.3631, 15.8486,
        16.6098, 16.7972], device='cuda:0')
min_gap tensor(14.3631, device='cuda:0')
max_gap tensor(16.7972, device='cuda:0')
Server loss: 6.221810340881348
end Update
server_global_time: 212.55447021871805
only_train_time: 2037.5168369859457

-------------Global Round number: 12-------------

Evaluate heterogeneous models
Averaged Test Accuracy (Regular Model): 0.6538
Averaged Test Accuracy (Prototype Model): 0.6456
Averaged Train Loss (Regular Model): 0.0692
Averaged Train Loss (Regular + Proto): 0.6023
Std Test Accuracy (Regular Model): 0.0892
Std Test Accuracy (Prototype Model): 0.0865
tobetrained:
[0, 8, 2, 5, 1, 9, 4, 6, 3, 7]
Edge 0 begin training
Edge 8 begin training
Edge 2 begin training
Edge 5 begin training
Edge 1 begin training
Edge 9 begin training
Edge 4 begin training
Edge 6 begin training
Edge 3 begin training
Edge 7 begin training
readyList:
[0, 8, 2, 5, 1, 9, 4, 6, 3, 7]
aggregation_buffer:
[0, 8, 2, 5, 1, 9, 4, 6, 3, 7]
class-wise minimum distance tensor([15.4620, 17.1496, 15.4032, 16.7356, 15.4032, 16.3213, 15.4383, 17.5541,
        18.0573, 17.2600], device='cuda:0')
min_gap tensor(15.4032, device='cuda:0')
max_gap tensor(18.0573, device='cuda:0')
Server loss: 6.028739929199219
end Update
server_global_time: 228.49526326358318
only_train_time: 2190.6543186679482

-------------Global Round number: 13-------------

Evaluate heterogeneous models
Averaged Test Accuracy (Regular Model): 0.6564
Averaged Test Accuracy (Prototype Model): 0.6491
Averaged Train Loss (Regular Model): 0.0737
Averaged Train Loss (Regular + Proto): 0.6318
Std Test Accuracy (Regular Model): 0.0879
Std Test Accuracy (Prototype Model): 0.0861
tobetrained:
[0, 8, 2, 5, 1, 9, 4, 6, 3, 7]
Edge 0 begin training
Edge 8 begin training
Edge 2 begin training
Edge 5 begin training
Edge 1 begin training
Edge 9 begin training
Edge 4 begin training
Edge 6 begin training
Edge 3 begin training
Edge 7 begin training
readyList:
[0, 8, 2, 1, 5, 9, 4, 6, 3, 7]
aggregation_buffer:
[0, 8, 2, 1, 5, 9, 4, 6, 3, 7]
class-wise minimum distance tensor([16.4396, 18.0821, 16.2161, 16.9394, 16.3283, 17.4170, 16.2161, 18.0092,
        18.6420, 17.8807], device='cuda:0')
min_gap tensor(16.2161, device='cuda:0')
max_gap tensor(18.6420, device='cuda:0')
Server loss: 5.790081977844238
end Update
server_global_time: 244.58521682024002
only_train_time: 2346.15432998538

-------------Global Round number: 14-------------

Evaluate heterogeneous models
Averaged Test Accuracy (Regular Model): 0.6505
Averaged Test Accuracy (Prototype Model): 0.6466
Averaged Train Loss (Regular Model): 0.0618
Averaged Train Loss (Regular + Proto): 0.6352
Std Test Accuracy (Regular Model): 0.1043
Std Test Accuracy (Prototype Model): 0.1062
tobetrained:
[0, 8, 2, 1, 5, 9, 4, 6, 3, 7]
Edge 0 begin training
Edge 8 begin training
Edge 2 begin training
Edge 1 begin training
Edge 5 begin training
Edge 9 begin training
Edge 4 begin training
Edge 6 begin training
Edge 3 begin training
Edge 7 begin training
readyList:
[0, 8, 2, 5, 1, 9, 4, 6, 3, 7]
aggregation_buffer:
[0, 8, 2, 5, 1, 9, 4, 6, 3, 7]
class-wise minimum distance tensor([17.0042, 18.9486, 16.4620, 18.3049, 16.9519, 18.1872, 16.4620, 18.7645,
        19.4134, 19.3624], device='cuda:0')
min_gap tensor(16.4620, device='cuda:0')
max_gap tensor(19.4134, device='cuda:0')
Server loss: 8.863053321838379
end Update
server_global_time: 260.63894909620285
only_train_time: 2501.2358656674623

-------------Global Round number: 15-------------

Evaluate heterogeneous models
Averaged Test Accuracy (Regular Model): 0.6486
Averaged Test Accuracy (Prototype Model): 0.6376
Averaged Train Loss (Regular Model): 0.0555
Averaged Train Loss (Regular + Proto): 0.6589
Std Test Accuracy (Regular Model): 0.0929
Std Test Accuracy (Prototype Model): 0.0941
tobetrained:
[0, 8, 2, 5, 1, 9, 4, 6, 3, 7]
Edge 0 begin training
Edge 8 begin training
Edge 2 begin training
Edge 5 begin training
Edge 1 begin training
Edge 9 begin training
Edge 4 begin training
Edge 6 begin training
Edge 3 begin training
Edge 7 begin training
readyList:
[0, 2, 8, 5, 1, 9, 4, 6, 3, 7]
aggregation_buffer:
[0, 2, 8, 5, 1, 9, 4, 6, 3, 7]
class-wise minimum distance tensor([18.0473, 20.0306, 17.7568, 19.7188, 17.7491, 19.2639, 17.7491, 20.4591,
        20.1412, 20.0111], device='cuda:0')
min_gap tensor(17.7491, device='cuda:0')
max_gap tensor(20.4591, device='cuda:0')
Server loss: 5.79113245010376
end Update
server_global_time: 276.3920075073838
only_train_time: 2654.503663443029

-------------Global Round number: 16-------------

Evaluate heterogeneous models
Averaged Test Accuracy (Regular Model): 0.6502
Averaged Test Accuracy (Prototype Model): 0.6458
Averaged Train Loss (Regular Model): 0.0378
Averaged Train Loss (Regular + Proto): 0.6459
Std Test Accuracy (Regular Model): 0.0958
Std Test Accuracy (Prototype Model): 0.0949
tobetrained:
[0, 2, 8, 5, 1, 9, 4, 6, 3, 7]
Edge 0 begin training
Edge 2 begin training
Edge 8 begin training
Edge 5 begin training
Edge 1 begin training
Edge 9 begin training
Edge 4 begin training
Edge 6 begin training
Edge 3 begin training
Edge 7 begin training
readyList:
[0, 8, 2, 5, 9, 1, 4, 6, 7, 3]
aggregation_buffer:
[0, 8, 2, 5, 9, 1, 4, 6, 7, 3]
class-wise minimum distance tensor([17.9196, 19.3792, 17.7395, 19.3008, 17.3873, 19.5527, 17.3873, 20.0982,
        20.4676, 20.4447], device='cuda:0')
min_gap tensor(17.3873, device='cuda:0')
max_gap tensor(20.4676, device='cuda:0')
Server loss: 7.886642932891846
end Update
server_global_time: 292.34488943964243
only_train_time: 2811.59701089561

-------------Global Round number: 17-------------

Evaluate heterogeneous models
Averaged Test Accuracy (Regular Model): 0.6489
Averaged Test Accuracy (Prototype Model): 0.6431
Averaged Train Loss (Regular Model): 0.0760
Averaged Train Loss (Regular + Proto): 0.7336
Std Test Accuracy (Regular Model): 0.0927
Std Test Accuracy (Prototype Model): 0.0945
tobetrained:
[0, 8, 2, 5, 9, 1, 4, 6, 7, 3]
Edge 0 begin training
Edge 8 begin training
Edge 2 begin training
Edge 5 begin training
Edge 9 begin training
Edge 1 begin training
Edge 4 begin training
Edge 6 begin training
Edge 7 begin training
Edge 3 begin training
readyList:
[0, 8, 2, 5, 1, 9, 4, 6, 3, 7]
aggregation_buffer:
[0, 8, 2, 5, 1, 9, 4, 6, 3, 7]
class-wise minimum distance tensor([18.7043, 22.4468, 18.7043, 20.7218, 18.6490, 20.6811, 18.6490, 20.6069,
        23.3607, 22.2529], device='cuda:0')
min_gap tensor(18.6490, device='cuda:0')
max_gap tensor(23.3607, device='cuda:0')
Server loss: 8.876214027404785
end Update
server_global_time: 308.28433460742235
only_train_time: 2966.31239593029

-------------Global Round number: 18-------------

Evaluate heterogeneous models
Averaged Test Accuracy (Regular Model): 0.6553
Averaged Test Accuracy (Prototype Model): 0.6458
Averaged Train Loss (Regular Model): 0.0466
Averaged Train Loss (Regular + Proto): 0.6676
Std Test Accuracy (Regular Model): 0.0919
Std Test Accuracy (Prototype Model): 0.0922
tobetrained:
[0, 8, 2, 5, 1, 9, 4, 6, 3, 7]
Edge 0 begin training
Edge 8 begin training
Edge 2 begin training
Edge 5 begin training
Edge 1 begin training
Edge 9 begin training
Edge 4 begin training
Edge 6 begin training
Edge 3 begin training
Edge 7 begin training
readyList:
[0, 8, 2, 5, 1, 9, 4, 6, 3, 7]
aggregation_buffer:
[0, 8, 2, 5, 1, 9, 4, 6, 3, 7]
class-wise minimum distance tensor([20.2198, 21.9218, 19.7637, 21.7811, 19.7650, 21.0464, 19.7637, 21.7445,
        22.1396, 22.1638], device='cuda:0')
min_gap tensor(19.7637, device='cuda:0')
max_gap tensor(22.1638, device='cuda:0')
Server loss: 7.24863338470459
end Update
server_global_time: 324.33335204422474
only_train_time: 3123.9871298000216

-------------Global Round number: 19-------------

Evaluate heterogeneous models
Averaged Test Accuracy (Regular Model): 0.6549
Averaged Test Accuracy (Prototype Model): 0.6533
Averaged Train Loss (Regular Model): 0.0473
Averaged Train Loss (Regular + Proto): 0.6587
Std Test Accuracy (Regular Model): 0.0987
Std Test Accuracy (Prototype Model): 0.0961
tobetrained:
[0, 8, 2, 5, 1, 9, 4, 6, 3, 7]
Edge 0 begin training
Edge 8 begin training
Edge 2 begin training
Edge 5 begin training
Edge 1 begin training
Edge 9 begin training
Edge 4 begin training
Edge 6 begin training
Edge 3 begin training
Edge 7 begin training
readyList:
[0, 8, 2, 5, 1, 9, 4, 6, 7, 3]
aggregation_buffer:
[0, 8, 2, 5, 1, 9, 4, 6, 7, 3]
class-wise minimum distance tensor([20.3289, 22.3138, 19.7552, 22.2003, 20.2614, 22.0890, 19.7552, 22.5315,
        22.5543, 22.7819], device='cuda:0')
min_gap tensor(19.7552, device='cuda:0')
max_gap tensor(22.7819, device='cuda:0')
Server loss: 5.871296405792236
Number of samples: 326
end Update
server_global_time: 340.02221912145615
only_train_time: 3278.9871768057346

-------------Global Round number: 20-------------

Evaluate heterogeneous models
Averaged Test Accuracy (Regular Model): 0.6635
Averaged Test Accuracy (Prototype Model): 0.6503
Averaged Train Loss (Regular Model): 0.0248
Averaged Train Loss (Regular + Proto): 0.6229
Std Test Accuracy (Regular Model): 0.0895
Std Test Accuracy (Prototype Model): 0.0975
tobetrained:
[0, 8, 2, 5, 1, 9, 4, 6, 7, 3]
Edge 0 begin training
Edge 8 begin training
Edge 2 begin training
Edge 5 begin training
Edge 1 begin training
Edge 9 begin training
Edge 4 begin training
Edge 6 begin training
Edge 7 begin training
Edge 3 begin training
readyList:
[0, 8, 2, 5, 1, 9, 4, 6, 3, 7]
aggregation_buffer:
[0, 8, 2, 5, 1, 9, 4, 6, 3, 7]
class-wise minimum distance tensor([21.1152, 23.0944, 20.5660, 22.6048, 21.0498, 22.5239, 20.5660, 23.6109,
        23.6138, 23.1511], device='cuda:0')
min_gap tensor(20.5660, device='cuda:0')
max_gap tensor(23.6138, device='cuda:0')
Server loss: 5.896942615509033
end Update
server_global_time: 356.2445450425148
only_train_time: 3433.889134556055

-------------Global Round number: 21-------------

Evaluate heterogeneous models
Averaged Test Accuracy (Regular Model): 0.6604
Averaged Test Accuracy (Prototype Model): 0.6549
Averaged Train Loss (Regular Model): 0.0314
Averaged Train Loss (Regular + Proto): 0.6654
Std Test Accuracy (Regular Model): 0.0954
Std Test Accuracy (Prototype Model): 0.0951
tobetrained:
[0, 8, 2, 5, 1, 9, 4, 6, 3, 7]
Edge 0 begin training
Edge 8 begin training
Edge 2 begin training
Edge 5 begin training
Edge 1 begin training
Edge 9 begin training
Edge 4 begin training
Edge 6 begin training
Edge 3 begin training
Edge 7 begin training
readyList:
[0, 8, 2, 5, 9, 1, 4, 6, 3, 7]
aggregation_buffer:
[0, 8, 2, 5, 9, 1, 4, 6, 3, 7]
class-wise minimum distance tensor([22.1743, 23.7253, 21.1948, 23.3373, 21.6575, 22.9236, 21.1948, 23.8141,
        23.8010, 23.3356], device='cuda:0')
min_gap tensor(21.1948, device='cuda:0')
max_gap tensor(23.8141, device='cuda:0')
Server loss: 9.11303424835205
end Update
server_global_time: 372.3302704319358
only_train_time: 3590.271181948483

-------------Global Round number: 22-------------

Evaluate heterogeneous models
Averaged Test Accuracy (Regular Model): 0.6600
Averaged Test Accuracy (Prototype Model): 0.6571
Averaged Train Loss (Regular Model): 0.0562
Averaged Train Loss (Regular + Proto): 0.7209
Std Test Accuracy (Regular Model): 0.0882
Std Test Accuracy (Prototype Model): 0.0866
tobetrained:
[0, 8, 2, 5, 9, 1, 4, 6, 3, 7]
Edge 0 begin training
Edge 8 begin training
Edge 2 begin training
Edge 5 begin training
Edge 9 begin training
Edge 1 begin training
Edge 4 begin training
Edge 6 begin training
Edge 3 begin training
Edge 7 begin training
readyList:
[0, 8, 2, 5, 1, 9, 4, 6, 3, 7]
aggregation_buffer:
[0, 8, 2, 5, 1, 9, 4, 6, 3, 7]
class-wise minimum distance tensor([21.6690, 24.0921, 21.6690, 23.6474, 21.3412, 22.4096, 21.3412, 24.4449,
        23.7843, 23.8680], device='cuda:0')
min_gap tensor(21.3412, device='cuda:0')
max_gap tensor(24.4449, device='cuda:0')
Server loss: 7.490505695343018
end Update
server_global_time: 388.30607444792986
only_train_time: 3746.6076380833983

-------------Global Round number: 23-------------

Evaluate heterogeneous models
Averaged Test Accuracy (Regular Model): 0.6607
Averaged Test Accuracy (Prototype Model): 0.6570
Averaged Train Loss (Regular Model): 0.0309
Averaged Train Loss (Regular + Proto): 0.6413
Std Test Accuracy (Regular Model): 0.0990
Std Test Accuracy (Prototype Model): 0.1015
tobetrained:
[0, 8, 2, 5, 1, 9, 4, 6, 3, 7]
Edge 0 begin training
Edge 8 begin training
Edge 2 begin training
Edge 5 begin training
Edge 1 begin training
Edge 9 begin training
Edge 4 begin training
Edge 6 begin training
Edge 3 begin training
Edge 7 begin training
readyList:
[0, 8, 2, 1, 5, 9, 4, 6, 7, 3]
aggregation_buffer:
[0, 8, 2, 1, 5, 9, 4, 6, 7, 3]
class-wise minimum distance tensor([22.1351, 24.7952, 22.0269, 24.6952, 22.1385, 23.9111, 22.0269, 25.3226,
        24.6519, 24.9900], device='cuda:0')
min_gap tensor(22.0269, device='cuda:0')
max_gap tensor(25.3226, device='cuda:0')
Server loss: 6.169344425201416
end Update
server_global_time: 403.95721205323935
only_train_time: 3903.8175128623843

-------------Global Round number: 24-------------

Evaluate heterogeneous models
Averaged Test Accuracy (Regular Model): 0.6611
Averaged Test Accuracy (Prototype Model): 0.6573
Averaged Train Loss (Regular Model): 0.0252
Averaged Train Loss (Regular + Proto): 0.5916
Std Test Accuracy (Regular Model): 0.0976
Std Test Accuracy (Prototype Model): 0.0981
tobetrained:
[0, 8, 2, 1, 5, 9, 4, 6, 7, 3]
Edge 0 begin training
Edge 8 begin training
Edge 2 begin training
Edge 1 begin training
Edge 5 begin training
Edge 9 begin training
Edge 4 begin training
Edge 6 begin training
Edge 7 begin training
Edge 3 begin training
readyList:
[0, 8, 2, 5, 1, 9, 4, 6, 3, 7]
aggregation_buffer:
[0, 8, 2, 5, 1, 9, 4, 6, 3, 7]
class-wise minimum distance tensor([23.9103, 25.4794, 23.0555, 25.6948, 23.2887, 25.0187, 23.0555, 26.0315,
        26.5490, 25.8828], device='cuda:0')
min_gap tensor(23.0555, device='cuda:0')
max_gap tensor(26.5490, device='cuda:0')
Server loss: 10.20077133178711
end Update
server_global_time: 419.7707536742091
only_train_time: 4060.0469815060496

-------------Global Round number: 25-------------

Evaluate heterogeneous models
Averaged Test Accuracy (Regular Model): 0.6657
Averaged Test Accuracy (Prototype Model): 0.6625
Averaged Train Loss (Regular Model): 0.0172
Averaged Train Loss (Regular + Proto): 0.5738
Std Test Accuracy (Regular Model): 0.0924
Std Test Accuracy (Prototype Model): 0.0966
tobetrained:
[0, 8, 2, 5, 1, 9, 4, 6, 3, 7]
Edge 0 begin training
Edge 8 begin training
Edge 2 begin training
Edge 5 begin training
Edge 1 begin training
Edge 9 begin training
Edge 4 begin training
Edge 6 begin training
Edge 3 begin training
Edge 7 begin training
readyList:
[0, 8, 2, 5, 9, 1, 4, 6, 7, 3]
aggregation_buffer:
[0, 8, 2, 5, 9, 1, 4, 6, 7, 3]
class-wise minimum distance tensor([25.3388, 25.1915, 23.4471, 25.2594, 22.8274, 25.0522, 22.8274, 26.7214,
        27.4807, 26.0677], device='cuda:0')
min_gap tensor(22.8274, device='cuda:0')
max_gap tensor(27.4807, device='cuda:0')
Server loss: 7.619656085968018
end Update
server_global_time: 435.6473498940468
only_train_time: 4215.252449281514

-------------Global Round number: 26-------------

Evaluate heterogeneous models
Averaged Test Accuracy (Regular Model): 0.6451
Averaged Test Accuracy (Prototype Model): 0.6473
Averaged Train Loss (Regular Model): 0.0355
Averaged Train Loss (Regular + Proto): 0.6715
Std Test Accuracy (Regular Model): 0.1183
Std Test Accuracy (Prototype Model): 0.1068
tobetrained:
[0, 8, 2, 5, 9, 1, 4, 6, 7, 3]
Edge 0 begin training
Edge 8 begin training
Edge 2 begin training
Edge 5 begin training
Edge 9 begin training
Edge 1 begin training
Edge 4 begin training
Edge 6 begin training
Edge 7 begin training
Edge 3 begin training
readyList:
[0, 8, 2, 5, 1, 9, 4, 6, 7, 3]
aggregation_buffer:
[0, 8, 2, 5, 1, 9, 4, 6, 7, 3]
class-wise minimum distance tensor([25.2501, 27.6039, 25.1087, 27.4476, 25.1894, 26.7270, 25.1087, 28.0049,
        27.7812, 27.4958], device='cuda:0')
min_gap tensor(25.1087, device='cuda:0')
max_gap tensor(28.0049, device='cuda:0')
Server loss: 7.2489094734191895
end Update
server_global_time: 452.5658983811736
only_train_time: 4372.935760162771

-------------Global Round number: 27-------------

Evaluate heterogeneous models
Averaged Test Accuracy (Regular Model): 0.6633
Averaged Test Accuracy (Prototype Model): 0.6598
Averaged Train Loss (Regular Model): 0.0167
Averaged Train Loss (Regular + Proto): 0.6130
Std Test Accuracy (Regular Model): 0.0905
Std Test Accuracy (Prototype Model): 0.0934
tobetrained:
[0, 8, 2, 5, 1, 9, 4, 6, 7, 3]
Edge 0 begin training
Edge 8 begin training
Edge 2 begin training
Edge 5 begin training
Edge 1 begin training
Edge 9 begin training
Edge 4 begin training
Edge 6 begin training
Edge 7 begin training
Edge 3 begin training
readyList:
[0, 8, 2, 5, 1, 9, 4, 6, 3, 7]
aggregation_buffer:
[0, 8, 2, 5, 1, 9, 4, 6, 3, 7]
class-wise minimum distance tensor([25.4893, 27.8023, 24.8298, 27.6575, 25.0225, 26.4017, 24.8298, 28.3596,
        28.8524, 27.7150], device='cuda:0')
min_gap tensor(24.8298, device='cuda:0')
max_gap tensor(28.8524, device='cuda:0')
Server loss: 6.63056755065918
end Update
server_global_time: 468.41578084230423
only_train_time: 4527.486159108579

-------------Global Round number: 28-------------

Evaluate heterogeneous models
Averaged Test Accuracy (Regular Model): 0.6636
Averaged Test Accuracy (Prototype Model): 0.6558
Averaged Train Loss (Regular Model): 0.0515
Averaged Train Loss (Regular + Proto): 0.6946
Std Test Accuracy (Regular Model): 0.0899
Std Test Accuracy (Prototype Model): 0.0937
tobetrained:
[0, 8, 2, 5, 1, 9, 4, 6, 3, 7]
Edge 0 begin training
Edge 8 begin training
Edge 2 begin training
Edge 5 begin training
Edge 1 begin training
Edge 9 begin training
Edge 4 begin training
Edge 6 begin training
Edge 3 begin training
Edge 7 begin training
readyList:
[0, 2, 8, 5, 1, 9, 4, 6, 7, 3]
aggregation_buffer:
[0, 2, 8, 5, 1, 9, 4, 6, 7, 3]
class-wise minimum distance tensor([26.1169, 28.0029, 25.6523, 28.4187, 26.0162, 27.5057, 25.6523, 28.8654,
        28.5093, 28.3517], device='cuda:0')
min_gap tensor(25.6523, device='cuda:0')
max_gap tensor(28.8654, device='cuda:0')
Server loss: 6.181668758392334
end Update
server_global_time: 483.78876685351133
only_train_time: 4683.362565107644

-------------Global Round number: 29-------------

Evaluate heterogeneous models
Averaged Test Accuracy (Regular Model): 0.6485
Averaged Test Accuracy (Prototype Model): 0.6517
Averaged Train Loss (Regular Model): 0.0531
Averaged Train Loss (Regular + Proto): 0.7407
Std Test Accuracy (Regular Model): 0.1039
Std Test Accuracy (Prototype Model): 0.0971
tobetrained:
[0, 2, 8, 5, 1, 9, 4, 6, 7, 3]
Edge 0 begin training
Edge 2 begin training
Edge 8 begin training
Edge 5 begin training
Edge 1 begin training
Edge 9 begin training
Edge 4 begin training
Edge 6 begin training
Edge 7 begin training
Edge 3 begin training
readyList:
[0, 8, 2, 1, 5, 9, 4, 6, 3, 7]
aggregation_buffer:
[0, 8, 2, 1, 5, 9, 4, 6, 3, 7]
class-wise minimum distance tensor([26.2643, 28.2246, 25.8362, 27.9788, 26.1438, 27.3156, 25.8362, 28.5856,
        28.7987, 28.0878], device='cuda:0')
min_gap tensor(25.8362, device='cuda:0')
max_gap tensor(28.7987, device='cuda:0')
Server loss: 10.693711280822754
Number of samples: 326
end Update
server_global_time: 499.890489846468
only_train_time: 4841.475646883249

-------------Global Round number: 30-------------

Evaluate heterogeneous models
Averaged Test Accuracy (Regular Model): 0.6563
Averaged Test Accuracy (Prototype Model): 0.6537
Averaged Train Loss (Regular Model): 0.0727
Averaged Train Loss (Regular + Proto): 0.7749
Std Test Accuracy (Regular Model): 0.0935
Std Test Accuracy (Prototype Model): 0.0972
tobetrained:
[0, 8, 2, 1, 5, 9, 4, 6, 3, 7]
Edge 0 begin training
Edge 8 begin training
Edge 2 begin training
Edge 1 begin training
Edge 5 begin training
Edge 9 begin training
Edge 4 begin training
Edge 6 begin training
Edge 3 begin training
Edge 7 begin training
readyList:
[0, 8, 2, 5, 1, 9, 4, 6, 3, 7]
aggregation_buffer:
[0, 8, 2, 5, 1, 9, 4, 6, 3, 7]
class-wise minimum distance tensor([26.7909, 28.4488, 25.9904, 28.6780, 26.7816, 28.3367, 25.9904, 29.5591,
        29.8979, 29.1688], device='cuda:0')
min_gap tensor(25.9904, device='cuda:0')
max_gap tensor(29.8979, device='cuda:0')
Server loss: 7.348784923553467
end Update
server_global_time: 516.6328009590507
only_train_time: 4998.273134075105

-------------Global Round number: 31-------------

Evaluate heterogeneous models
Averaged Test Accuracy (Regular Model): 0.6615
Averaged Test Accuracy (Prototype Model): 0.6585
Averaged Train Loss (Regular Model): 0.0204
Averaged Train Loss (Regular + Proto): 0.6773
Std Test Accuracy (Regular Model): 0.0919
Std Test Accuracy (Prototype Model): 0.0940
tobetrained:
[0, 8, 2, 5, 1, 9, 4, 6, 3, 7]
Edge 0 begin training
Edge 8 begin training
Edge 2 begin training
Edge 5 begin training
Edge 1 begin training
Edge 9 begin training
Edge 4 begin training
Edge 6 begin training
Edge 3 begin training
Edge 7 begin training
readyList:
[0, 8, 2, 5, 1, 9, 4, 6, 3, 7]
aggregation_buffer:
[0, 8, 2, 5, 1, 9, 4, 6, 3, 7]
class-wise minimum distance tensor([25.8042, 27.3772, 25.8042, 27.7962, 26.1361, 27.9322, 26.4997, 28.7808,
        29.3711, 28.8780], device='cuda:0')
min_gap tensor(25.8042, device='cuda:0')
max_gap tensor(29.3711, device='cuda:0')
Server loss: 7.458563327789307
end Update
server_global_time: 533.7949392944574
only_train_time: 5157.767721675336

-------------Global Round number: 32-------------

Evaluate heterogeneous models
Averaged Test Accuracy (Regular Model): 0.6479
Averaged Test Accuracy (Prototype Model): 0.6494
Averaged Train Loss (Regular Model): 0.0983
Averaged Train Loss (Regular + Proto): 0.8508
Std Test Accuracy (Regular Model): 0.0967
Std Test Accuracy (Prototype Model): 0.0983
tobetrained:
[0, 8, 2, 5, 1, 9, 4, 6, 3, 7]
Edge 0 begin training
Edge 8 begin training
Edge 2 begin training
Edge 5 begin training
Edge 1 begin training
Edge 9 begin training
Edge 4 begin training
Edge 6 begin training
Edge 3 begin training
Edge 7 begin training
readyList:
[0, 8, 2, 5, 1, 9, 4, 6, 7, 3]
aggregation_buffer:
[0, 8, 2, 5, 1, 9, 4, 6, 7, 3]
class-wise minimum distance tensor([27.7220, 29.5546, 27.7220, 29.7684, 28.0392, 28.7888, 28.1317, 30.1258,
        29.6807, 29.6533], device='cuda:0')
min_gap tensor(27.7220, device='cuda:0')
max_gap tensor(30.1258, device='cuda:0')
Server loss: 9.67501449584961
end Update
server_global_time: 550.25521273911
only_train_time: 5316.255856812

-------------Global Round number: 33-------------

Evaluate heterogeneous models
Averaged Test Accuracy (Regular Model): 0.6503
Averaged Test Accuracy (Prototype Model): 0.6484
Averaged Train Loss (Regular Model): 0.0627
Averaged Train Loss (Regular + Proto): 0.7104
Std Test Accuracy (Regular Model): 0.1009
Std Test Accuracy (Prototype Model): 0.0992
tobetrained:
[0, 8, 2, 5, 1, 9, 4, 6, 7, 3]
Edge 0 begin training
Edge 8 begin training
Edge 2 begin training
Edge 5 begin training
Edge 1 begin training
Edge 9 begin training
Edge 4 begin training
Edge 6 begin training
Edge 7 begin training
Edge 3 begin training
readyList:
[0, 8, 2, 5, 9, 1, 4, 6, 3, 7]
aggregation_buffer:
[0, 8, 2, 5, 9, 1, 4, 6, 3, 7]
class-wise minimum distance tensor([28.8077, 30.5555, 28.3799, 30.9822, 29.4281, 29.9964, 28.3799, 30.9561,
        31.6281, 30.5526], device='cuda:0')
min_gap tensor(28.3799, device='cuda:0')
max_gap tensor(31.6281, device='cuda:0')
Server loss: 8.694296836853027
end Update
server_global_time: 566.6245937049389
only_train_time: 5476.178559049964

-------------Global Round number: 34-------------

Evaluate heterogeneous models
Averaged Test Accuracy (Regular Model): 0.6619
Averaged Test Accuracy (Prototype Model): 0.6615
Averaged Train Loss (Regular Model): 0.0420
Averaged Train Loss (Regular + Proto): 0.6754
Std Test Accuracy (Regular Model): 0.0890
Std Test Accuracy (Prototype Model): 0.0911
tobetrained:
[0, 8, 2, 5, 9, 1, 4, 6, 3, 7]
Edge 0 begin training
Edge 8 begin training
Edge 2 begin training
Edge 5 begin training
Edge 9 begin training
Edge 1 begin training
Edge 4 begin training
Edge 6 begin training
Edge 3 begin training
Edge 7 begin training
readyList:
[0, 8, 2, 5, 9, 1, 4, 6, 7, 3]
aggregation_buffer:
[0, 8, 2, 5, 9, 1, 4, 6, 7, 3]
class-wise minimum distance tensor([29.3249, 30.6301, 28.7416, 31.4026, 28.8469, 30.4155, 28.7416, 30.7035,
        31.9954, 31.0944], device='cuda:0')
min_gap tensor(28.7416, device='cuda:0')
max_gap tensor(31.9954, device='cuda:0')
Server loss: 9.315929412841797
end Update
server_global_time: 582.9535512775183
only_train_time: 5634.9391783848405

-------------Global Round number: 35-------------

Evaluate heterogeneous models
Averaged Test Accuracy (Regular Model): 0.6563
Averaged Test Accuracy (Prototype Model): 0.6555
Averaged Train Loss (Regular Model): 0.0288
Averaged Train Loss (Regular + Proto): 0.6686
Std Test Accuracy (Regular Model): 0.0952
Std Test Accuracy (Prototype Model): 0.0983
tobetrained:
[0, 8, 2, 5, 9, 1, 4, 6, 7, 3]
Edge 0 begin training
Edge 8 begin training
Edge 2 begin training
Edge 5 begin training
Edge 9 begin training
Edge 1 begin training
Edge 4 begin training
Edge 6 begin training
Edge 7 begin training
Edge 3 begin training
readyList:
[0, 2, 8, 1, 5, 9, 4, 6, 3, 7]
aggregation_buffer:
[0, 2, 8, 1, 5, 9, 4, 6, 3, 7]
class-wise minimum distance tensor([30.1635, 31.6252, 29.6494, 31.9110, 30.0604, 31.0340, 29.6494, 31.9525,
        33.0417, 31.9962], device='cuda:0')
min_gap tensor(29.6494, device='cuda:0')
max_gap tensor(33.0417, device='cuda:0')
Server loss: 6.5298752784729
end Update
server_global_time: 598.7696722075343
only_train_time: 5790.997318923473

-------------Global Round number: 36-------------

Evaluate heterogeneous models
Averaged Test Accuracy (Regular Model): 0.6575
Averaged Test Accuracy (Prototype Model): 0.6605
Averaged Train Loss (Regular Model): 0.0267
Averaged Train Loss (Regular + Proto): 0.6544
Std Test Accuracy (Regular Model): 0.0978
Std Test Accuracy (Prototype Model): 0.0946
tobetrained:
[0, 2, 8, 1, 5, 9, 4, 6, 3, 7]
Edge 0 begin training
Edge 2 begin training
Edge 8 begin training
Edge 1 begin training
Edge 5 begin training
Edge 9 begin training
Edge 4 begin training
Edge 6 begin training
Edge 3 begin training
Edge 7 begin training
readyList:
[0, 8, 2, 5, 1, 9, 4, 6, 7, 3]
aggregation_buffer:
[0, 8, 2, 5, 1, 9, 4, 6, 7, 3]
class-wise minimum distance tensor([29.5877, 30.0848, 27.9404, 30.3955, 29.3155, 29.3302, 27.9404, 31.8173,
        34.0649, 30.7757], device='cuda:0')
min_gap tensor(27.9404, device='cuda:0')
max_gap tensor(34.0649, device='cuda:0')
Server loss: 13.060332298278809
end Update
server_global_time: 615.0737840011716
only_train_time: 5950.434490531683

-------------Global Round number: 37-------------

Evaluate heterogeneous models
Averaged Test Accuracy (Regular Model): 0.6488
Averaged Test Accuracy (Prototype Model): 0.6537
Averaged Train Loss (Regular Model): 0.0853
Averaged Train Loss (Regular + Proto): 0.8428
Std Test Accuracy (Regular Model): 0.1021
Std Test Accuracy (Prototype Model): 0.1007
tobetrained:
[0, 8, 2, 5, 1, 9, 4, 6, 7, 3]
Edge 0 begin training
Edge 8 begin training
Edge 2 begin training
Edge 5 begin training
Edge 1 begin training
Edge 9 begin training
Edge 4 begin training
Edge 6 begin training
Edge 7 begin training
Edge 3 begin training
readyList:
[0, 8, 2, 1, 5, 9, 4, 6, 3, 7]
aggregation_buffer:
[0, 8, 2, 1, 5, 9, 4, 6, 3, 7]
class-wise minimum distance tensor([30.9390, 32.4463, 30.1318, 31.8527, 31.4439, 31.1126, 30.1318, 32.9814,
        34.6555, 32.9545], device='cuda:0')
min_gap tensor(30.1318, device='cuda:0')
max_gap tensor(34.6555, device='cuda:0')
Server loss: 7.159672737121582
end Update
server_global_time: 631.4016661792994
only_train_time: 6111.885016724467

-------------Global Round number: 38-------------

Evaluate heterogeneous models
Averaged Test Accuracy (Regular Model): 0.6599
Averaged Test Accuracy (Prototype Model): 0.6606
Averaged Train Loss (Regular Model): 0.0711
Averaged Train Loss (Regular + Proto): 0.7421
Std Test Accuracy (Regular Model): 0.0965
Std Test Accuracy (Prototype Model): 0.0916
tobetrained:
[0, 8, 2, 1, 5, 9, 4, 6, 3, 7]
Edge 0 begin training
Edge 8 begin training
Edge 2 begin training
Edge 1 begin training
Edge 5 begin training
Edge 9 begin training
Edge 4 begin training
Edge 6 begin training
Edge 3 begin training
Edge 7 begin training
readyList:
[0, 2, 8, 5, 1, 9, 4, 6, 7, 3]
aggregation_buffer:
[0, 2, 8, 5, 1, 9, 4, 6, 7, 3]
class-wise minimum distance tensor([31.8158, 33.3855, 31.3476, 33.4182, 32.8617, 32.5724, 31.3476, 33.9988,
        35.3982, 33.6781], device='cuda:0')
min_gap tensor(31.3476, device='cuda:0')
max_gap tensor(35.3982, device='cuda:0')
Server loss: 7.412933349609375
end Update
server_global_time: 648.3379381075501
only_train_time: 6271.225778631866

-------------Global Round number: 39-------------

Evaluate heterogeneous models
Averaged Test Accuracy (Regular Model): 0.6661
Averaged Test Accuracy (Prototype Model): 0.6629
Averaged Train Loss (Regular Model): 0.0397
Averaged Train Loss (Regular + Proto): 0.7034
Std Test Accuracy (Regular Model): 0.0922
Std Test Accuracy (Prototype Model): 0.0904
tobetrained:
[0, 2, 8, 5, 1, 9, 4, 6, 7, 3]
Edge 0 begin training
Edge 2 begin training
Edge 8 begin training
Edge 5 begin training
Edge 1 begin training
Edge 9 begin training
Edge 4 begin training
Edge 6 begin training
Edge 7 begin training
Edge 3 begin training
readyList:
[0, 8, 2, 1, 5, 9, 4, 6, 7, 3]
aggregation_buffer:
[0, 8, 2, 1, 5, 9, 4, 6, 7, 3]
class-wise minimum distance tensor([33.2676, 35.2359, 32.8047, 35.1163, 34.1648, 33.5518, 32.8047, 34.9292,
        36.7543, 35.4036], device='cuda:0')
min_gap tensor(32.8047, device='cuda:0')
max_gap tensor(36.7543, device='cuda:0')
Server loss: 7.186899662017822
Number of samples: 326
end Update
server_global_time: 666.0142663866282
only_train_time: 6437.046096809208

-------------Global Round number: 40-------------

Evaluate heterogeneous models
Averaged Test Accuracy (Regular Model): 0.6667
Averaged Test Accuracy (Prototype Model): 0.6644
Averaged Train Loss (Regular Model): 0.0174
Averaged Train Loss (Regular + Proto): 0.6854
Std Test Accuracy (Regular Model): 0.0935
Std Test Accuracy (Prototype Model): 0.0941
tobetrained:
[0, 8, 2, 1, 5, 9, 4, 6, 7, 3]
Edge 0 begin training
Edge 8 begin training
Edge 2 begin training
Edge 1 begin training
Edge 5 begin training
Edge 9 begin training
Edge 4 begin training
Edge 6 begin training
Edge 7 begin training
Edge 3 begin training
readyList:
[0, 8, 2, 5, 1, 9, 4, 6, 3, 7]
aggregation_buffer:
[0, 8, 2, 5, 1, 9, 4, 6, 3, 7]
class-wise minimum distance tensor([34.4031, 35.4478, 33.4175, 35.4678, 34.2846, 34.6079, 33.4175, 36.2236,
        37.2549, 35.9658], device='cuda:0')
min_gap tensor(33.4175, device='cuda:0')
max_gap tensor(37.2549, device='cuda:0')
Server loss: 9.582648277282715
end Update
server_global_time: 683.5182232484221
only_train_time: 6606.366256505251

-------------Global Round number: 41-------------

Evaluate heterogeneous models
Averaged Test Accuracy (Regular Model): 0.6639
Averaged Test Accuracy (Prototype Model): 0.6623
Averaged Train Loss (Regular Model): 0.0087
Averaged Train Loss (Regular + Proto): 0.6957
Std Test Accuracy (Regular Model): 0.0910
Std Test Accuracy (Prototype Model): 0.0916
tobetrained:
[0, 8, 2, 5, 1, 9, 4, 6, 3, 7]
Edge 0 begin training
Edge 8 begin training
Edge 2 begin training
Edge 5 begin training
Edge 1 begin training
Edge 9 begin training
Edge 4 begin training
Edge 6 begin training
Edge 3 begin training
Edge 7 begin training
readyList:
[0, 8, 2, 5, 9, 1, 4, 6, 7, 3]
aggregation_buffer:
[0, 8, 2, 5, 9, 1, 4, 6, 7, 3]
class-wise minimum distance tensor([31.6536, 33.6150, 30.5135, 33.2392, 31.9996, 33.3016, 30.5135, 34.2452,
        34.4860, 33.9379], device='cuda:0')
min_gap tensor(30.5135, device='cuda:0')
max_gap tensor(34.4860, device='cuda:0')
Server loss: 11.11281967163086
end Update
server_global_time: 700.3897084742785
only_train_time: 6773.456667162478

-------------Global Round number: 42-------------

Evaluate heterogeneous models
Averaged Test Accuracy (Regular Model): 0.6525
Averaged Test Accuracy (Prototype Model): 0.6548
Averaged Train Loss (Regular Model): 0.0573
Averaged Train Loss (Regular + Proto): 0.8638
Std Test Accuracy (Regular Model): 0.0965
Std Test Accuracy (Prototype Model): 0.0939
tobetrained:
[0, 8, 2, 5, 9, 1, 4, 6, 7, 3]
Edge 0 begin training
Edge 8 begin training
Edge 2 begin training
Edge 5 begin training
Edge 9 begin training
Edge 1 begin training
Edge 4 begin training
Edge 6 begin training
Edge 7 begin training
Edge 3 begin training
readyList:
[0, 8, 2, 5, 1, 9, 4, 6, 7, 3]
aggregation_buffer:
[0, 8, 2, 5, 1, 9, 4, 6, 7, 3]
class-wise minimum distance tensor([33.7490, 33.5901, 32.3006, 33.8807, 32.7785, 33.7560, 32.3006, 34.8637,
        37.3133, 35.0923], device='cuda:0')
min_gap tensor(32.3006, device='cuda:0')
max_gap tensor(37.3133, device='cuda:0')
Server loss: 9.850930213928223
end Update
server_global_time: 717.897640787065
only_train_time: 6942.382000476122

-------------Global Round number: 43-------------

Evaluate heterogeneous models
Averaged Test Accuracy (Regular Model): 0.6605
Averaged Test Accuracy (Prototype Model): 0.6569
Averaged Train Loss (Regular Model): 0.0192
Averaged Train Loss (Regular + Proto): 0.6564
Std Test Accuracy (Regular Model): 0.0981
Std Test Accuracy (Prototype Model): 0.1023
tobetrained:
[0, 8, 2, 5, 1, 9, 4, 6, 7, 3]
Edge 0 begin training
Edge 8 begin training
Edge 2 begin training
Edge 5 begin training
Edge 1 begin training
Edge 9 begin training
Edge 4 begin training
Edge 6 begin training
Edge 7 begin training
Edge 3 begin training
readyList:
[0, 2, 8, 5, 1, 9, 4, 6, 3, 7]
aggregation_buffer:
[0, 2, 8, 5, 1, 9, 4, 6, 3, 7]
class-wise minimum distance tensor([35.3441, 36.4499, 33.9637, 36.5040, 35.1114, 35.5582, 33.9637, 37.3282,
        38.6962, 36.9480], device='cuda:0')
min_gap tensor(33.9637, device='cuda:0')
max_gap tensor(38.6962, device='cuda:0')
Server loss: 8.272165298461914
end Update
server_global_time: 735.7063274979591
only_train_time: 7108.665609151125

-------------Global Round number: 44-------------

Evaluate heterogeneous models
Averaged Test Accuracy (Regular Model): 0.6663
Averaged Test Accuracy (Prototype Model): 0.6643
Averaged Train Loss (Regular Model): 0.0107
Averaged Train Loss (Regular + Proto): 0.6778
Std Test Accuracy (Regular Model): 0.0931
Std Test Accuracy (Prototype Model): 0.0932
tobetrained:
[0, 2, 8, 5, 1, 9, 4, 6, 3, 7]
Edge 0 begin training
Edge 2 begin training
Edge 8 begin training
Edge 5 begin training
Edge 1 begin training
Edge 9 begin training
Edge 4 begin training
Edge 6 begin training
Edge 3 begin training
Edge 7 begin training
readyList:
[0, 8, 2, 1, 5, 9, 4, 6, 3, 7]
aggregation_buffer:
[0, 8, 2, 1, 5, 9, 4, 6, 3, 7]
class-wise minimum distance tensor([36.1371, 38.0559, 35.8878, 37.9476, 37.3356, 36.7718, 35.8878, 38.2648,
        37.8166, 37.8872], device='cuda:0')
min_gap tensor(35.8878, device='cuda:0')
max_gap tensor(38.2648, device='cuda:0')
Server loss: 8.43370246887207
end Update
server_global_time: 752.7574914097786
only_train_time: 7273.338864594698

-------------Global Round number: 45-------------

Evaluate heterogeneous models
Averaged Test Accuracy (Regular Model): 0.6690
Averaged Test Accuracy (Prototype Model): 0.6667
Averaged Train Loss (Regular Model): 0.0058
Averaged Train Loss (Regular + Proto): 0.6925
Std Test Accuracy (Regular Model): 0.0921
Std Test Accuracy (Prototype Model): 0.0930
tobetrained:
[0, 8, 2, 1, 5, 9, 4, 6, 3, 7]
Edge 0 begin training
Edge 8 begin training
Edge 2 begin training
Edge 1 begin training
Edge 5 begin training
Edge 9 begin training
Edge 4 begin training
Edge 6 begin training
Edge 3 begin training
Edge 7 begin training
readyList:
[0, 8, 2, 5, 1, 9, 4, 6, 3, 7]
aggregation_buffer:
[0, 8, 2, 5, 1, 9, 4, 6, 3, 7]
class-wise minimum distance tensor([36.7424, 37.0497, 35.3106, 37.1691, 36.3165, 36.4393, 35.3106, 37.8183,
        38.2828, 37.3973], device='cuda:0')
min_gap tensor(35.3106, device='cuda:0')
max_gap tensor(38.2828, device='cuda:0')
Server loss: 10.801003456115723
end Update
server_global_time: 769.8345831111073
only_train_time: 7437.301021553576

-------------Global Round number: 46-------------

Evaluate heterogeneous models
Averaged Test Accuracy (Regular Model): 0.6595
Averaged Test Accuracy (Prototype Model): 0.6567
Averaged Train Loss (Regular Model): 0.0068
Averaged Train Loss (Regular + Proto): 0.6419
Std Test Accuracy (Regular Model): 0.1018
Std Test Accuracy (Prototype Model): 0.1026
tobetrained:
[0, 8, 2, 5, 1, 9, 4, 6, 3, 7]
Edge 0 begin training
Edge 8 begin training
Edge 2 begin training
Edge 5 begin training
Edge 1 begin training
Edge 9 begin training
Edge 4 begin training
Edge 6 begin training
Edge 3 begin training
Edge 7 begin training
readyList:
[0, 8, 2, 5, 1, 9, 4, 6, 3, 7]
aggregation_buffer:
[0, 8, 2, 5, 1, 9, 4, 6, 3, 7]
class-wise minimum distance tensor([37.0191, 38.0373, 36.0280, 37.9985, 37.0453, 36.9172, 36.0280, 38.2633,
        40.0164, 38.0817], device='cuda:0')
min_gap tensor(36.0280, device='cuda:0')
max_gap tensor(40.0164, device='cuda:0')
Server loss: 8.19614315032959
end Update
server_global_time: 786.8534813970327
only_train_time: 7603.062614448369

-------------Global Round number: 47-------------

Evaluate heterogeneous models
Averaged Test Accuracy (Regular Model): 0.6643
Averaged Test Accuracy (Prototype Model): 0.6639
Averaged Train Loss (Regular Model): 0.0205
Averaged Train Loss (Regular + Proto): 0.7161
Std Test Accuracy (Regular Model): 0.0942
Std Test Accuracy (Prototype Model): 0.0949
tobetrained:
[0, 8, 2, 5, 1, 9, 4, 6, 3, 7]
Edge 0 begin training
Edge 8 begin training
Edge 2 begin training
Edge 5 begin training
Edge 1 begin training
Edge 9 begin training
Edge 4 begin training
Edge 6 begin training
Edge 3 begin training
Edge 7 begin training
readyList:
[0, 8, 2, 1, 5, 9, 4, 6, 3, 7]
aggregation_buffer:
[0, 8, 2, 1, 5, 9, 4, 6, 3, 7]
class-wise minimum distance tensor([37.0205, 37.8019, 36.0731, 38.7260, 37.9471, 37.2638, 36.0731, 39.2611,
        40.2104, 38.8742], device='cuda:0')
min_gap tensor(36.0731, device='cuda:0')
max_gap tensor(40.2104, device='cuda:0')
Server loss: 7.196046829223633
end Update
server_global_time: 803.9107107743621
only_train_time: 7768.465184338391

-------------Global Round number: 48-------------

Evaluate heterogeneous models
Averaged Test Accuracy (Regular Model): 0.6673
Averaged Test Accuracy (Prototype Model): 0.6651
Averaged Train Loss (Regular Model): 0.0253
Averaged Train Loss (Regular + Proto): 0.7293
Std Test Accuracy (Regular Model): 0.0896
Std Test Accuracy (Prototype Model): 0.0919
tobetrained:
[0, 8, 2, 1, 5, 9, 4, 6, 3, 7]
Edge 0 begin training
Edge 8 begin training
Edge 2 begin training
Edge 1 begin training
Edge 5 begin training
Edge 9 begin training
Edge 4 begin training
Edge 6 begin training
Edge 3 begin training
Edge 7 begin training
readyList:
[0, 8, 2, 5, 1, 9, 4, 6, 3, 7]
aggregation_buffer:
[0, 8, 2, 5, 1, 9, 4, 6, 3, 7]
class-wise minimum distance tensor([37.6533, 38.1266, 36.3582, 38.4591, 38.2285, 37.3690, 36.3582, 38.7520,
        40.6872, 38.7347], device='cuda:0')
min_gap tensor(36.3582, device='cuda:0')
max_gap tensor(40.6872, device='cuda:0')
Server loss: 10.360068321228027
end Update
server_global_time: 820.8827323392034
only_train_time: 7933.450923293829

-------------Global Round number: 49-------------

Evaluate heterogeneous models
Averaged Test Accuracy (Regular Model): 0.6664
Averaged Test Accuracy (Prototype Model): 0.6671
Averaged Train Loss (Regular Model): 0.0285
Averaged Train Loss (Regular + Proto): 0.7572
Std Test Accuracy (Regular Model): 0.0943
Std Test Accuracy (Prototype Model): 0.0935
tobetrained:
[0, 8, 2, 5, 1, 9, 4, 6, 3, 7]
Edge 0 begin training
Edge 8 begin training
Edge 2 begin training
Edge 5 begin training
Edge 1 begin training
Edge 9 begin training
Edge 4 begin training
Edge 6 begin training
Edge 3 begin training
Edge 7 begin training
readyList:
[0, 8, 2, 5, 1, 9, 4, 6, 3, 7]
aggregation_buffer:
[0, 8, 2, 5, 1, 9, 4, 6, 3, 7]
class-wise minimum distance tensor([38.1393, 39.9517, 38.1393, 40.2550, 39.4007, 38.9221, 38.3111, 40.7512,
        41.4542, 40.8681], device='cuda:0')
min_gap tensor(38.1393, device='cuda:0')
max_gap tensor(41.4542, device='cuda:0')
Server loss: 9.24468994140625
Number of samples: 326
end Update
server_global_time: 838.0743624866009
only_train_time: 8098.161420978606

-------------Global Round number: 50-------------

Evaluate heterogeneous models
Averaged Test Accuracy (Regular Model): 0.6669
Averaged Test Accuracy (Prototype Model): 0.6658
Averaged Train Loss (Regular Model): 0.0114
Averaged Train Loss (Regular + Proto): 0.7319
Std Test Accuracy (Regular Model): 0.0902
Std Test Accuracy (Prototype Model): 0.0926
tobetrained:
[0, 8, 2, 5, 1, 9, 4, 6, 3, 7]
Edge 0 begin training
Edge 8 begin training
Edge 2 begin training
Edge 5 begin training
Edge 1 begin training
Edge 9 begin training
Edge 4 begin training
Edge 6 begin training
Edge 3 begin training
Edge 7 begin training
readyList:
[0, 8, 2, 5, 1, 9, 4, 6, 3, 7]
aggregation_buffer:
[0, 8, 2, 5, 1, 9, 4, 6, 3, 7]
class-wise minimum distance tensor([40.2507, 40.3333, 39.2618, 40.9361, 39.8122, 39.7645, 39.2618, 41.2465,
        42.4529, 41.5174], device='cuda:0')
min_gap tensor(39.2618, device='cuda:0')
max_gap tensor(42.4529, device='cuda:0')
Server loss: 7.1733222007751465
end Update
server_global_time: 854.9498028457165
only_train_time: 8263.023124992847

-------------Global Round number: 51-------------

Evaluate heterogeneous models
Averaged Test Accuracy (Regular Model): 0.6653
Averaged Test Accuracy (Prototype Model): 0.6661
Averaged Train Loss (Regular Model): 0.0068
Averaged Train Loss (Regular + Proto): 0.7145
Std Test Accuracy (Regular Model): 0.0928
Std Test Accuracy (Prototype Model): 0.0912
tobetrained:
[0, 8, 2, 5, 1, 9, 4, 6, 3, 7]
Edge 0 begin training
Edge 8 begin training
Edge 2 begin training
Edge 5 begin training
Edge 1 begin training
Edge 9 begin training
Edge 4 begin training
Edge 6 begin training
Edge 3 begin training
Edge 7 begin training
readyList:
[0, 8, 2, 5, 1, 9, 4, 6, 3, 7]
aggregation_buffer:
[0, 8, 2, 5, 1, 9, 4, 6, 3, 7]
class-wise minimum distance tensor([40.3455, 41.4526, 39.2790, 41.6661, 40.5806, 40.8491, 39.2790, 41.7356,
        43.8588, 42.3470], device='cuda:0')
min_gap tensor(39.2790, device='cuda:0')
max_gap tensor(43.8588, device='cuda:0')
Server loss: 8.489238739013672
end Update
server_global_time: 872.1459131389856
only_train_time: 8426.829333372414

-------------Global Round number: 52-------------

Evaluate heterogeneous models
Averaged Test Accuracy (Regular Model): 0.6615
Averaged Test Accuracy (Prototype Model): 0.6641
Averaged Train Loss (Regular Model): 0.0163
Averaged Train Loss (Regular + Proto): 0.7762
Std Test Accuracy (Regular Model): 0.0945
Std Test Accuracy (Prototype Model): 0.0919
tobetrained:
[0, 8, 2, 5, 1, 9, 4, 6, 3, 7]
Edge 0 begin training
Edge 8 begin training
Edge 2 begin training
Edge 5 begin training
Edge 1 begin training
Edge 9 begin training
Edge 4 begin training
Edge 6 begin training
Edge 3 begin training
Edge 7 begin training
readyList:
[0, 8, 2, 5, 1, 9, 4, 6, 3, 7]
aggregation_buffer:
[0, 8, 2, 5, 1, 9, 4, 6, 3, 7]
class-wise minimum distance tensor([41.1809, 41.5737, 39.1709, 40.7559, 41.0604, 41.1996, 39.1709, 42.4671,
        44.5162, 42.9904], device='cuda:0')
min_gap tensor(39.1709, device='cuda:0')
max_gap tensor(44.5162, device='cuda:0')
Server loss: 7.013051986694336
end Update
server_global_time: 889.6201609373093
only_train_time: 8592.275999389589

-------------Global Round number: 53-------------

Evaluate heterogeneous models
Averaged Test Accuracy (Regular Model): 0.6566
Averaged Test Accuracy (Prototype Model): 0.6541
Averaged Train Loss (Regular Model): 0.0447
Averaged Train Loss (Regular + Proto): 0.8781
Std Test Accuracy (Regular Model): 0.0986
Std Test Accuracy (Prototype Model): 0.1000
tobetrained:
[0, 8, 2, 5, 1, 9, 4, 6, 3, 7]
Edge 0 begin training
Edge 8 begin training
Edge 2 begin training
Edge 5 begin training
Edge 1 begin training
Edge 9 begin training
Edge 4 begin training
Edge 6 begin training
Edge 3 begin training
Edge 7 begin training
readyList:
[0, 8, 2, 5, 1, 9, 4, 6, 7, 3]
aggregation_buffer:
[0, 8, 2, 5, 1, 9, 4, 6, 7, 3]
class-wise minimum distance tensor([40.5224, 40.9271, 38.7377, 41.6910, 39.7623, 39.7492, 38.7377, 41.9198,
        42.5729, 42.5616], device='cuda:0')
min_gap tensor(38.7377, device='cuda:0')
max_gap tensor(42.5729, device='cuda:0')
Server loss: 7.684683322906494
end Update
server_global_time: 906.1273474916816
only_train_time: 8755.48865006864

-------------Global Round number: 54-------------

Evaluate heterogeneous models
Averaged Test Accuracy (Regular Model): 0.6631
Averaged Test Accuracy (Prototype Model): 0.6579
Averaged Train Loss (Regular Model): 0.0799
Averaged Train Loss (Regular + Proto): 1.0010
Std Test Accuracy (Regular Model): 0.0991
Std Test Accuracy (Prototype Model): 0.1040
tobetrained:
[0, 8, 2, 5, 1, 9, 4, 6, 7, 3]
Edge 0 begin training
Edge 8 begin training
Edge 2 begin training
Edge 5 begin training
Edge 1 begin training
Edge 9 begin training
Edge 4 begin training
Edge 6 begin training
Edge 7 begin training
Edge 3 begin training
readyList:
[0, 2, 8, 5, 1, 9, 4, 6, 7, 3]
aggregation_buffer:
[0, 2, 8, 5, 1, 9, 4, 6, 7, 3]
class-wise minimum distance tensor([41.1032, 41.9716, 40.2243, 42.4433, 41.8929, 41.5306, 40.2243, 42.9435,
        44.5578, 43.2568], device='cuda:0')
min_gap tensor(40.2243, device='cuda:0')
max_gap tensor(44.5578, device='cuda:0')
Server loss: 8.075597763061523
end Update
server_global_time: 924.6076897755265
only_train_time: 8924.780378460884

-------------Global Round number: 55-------------

Evaluate heterogeneous models
Averaged Test Accuracy (Regular Model): 0.6657
Averaged Test Accuracy (Prototype Model): 0.6635
Averaged Train Loss (Regular Model): 0.0505
Averaged Train Loss (Regular + Proto): 0.8457
Std Test Accuracy (Regular Model): 0.0896
Std Test Accuracy (Prototype Model): 0.0916
tobetrained:
[0, 2, 8, 5, 1, 9, 4, 6, 7, 3]
Edge 0 begin training
Edge 2 begin training
Edge 8 begin training
Edge 5 begin training
Edge 1 begin training
Edge 9 begin training
Edge 4 begin training
Edge 6 begin training
Edge 7 begin training
Edge 3 begin training
readyList:
[0, 8, 2, 5, 9, 1, 4, 6, 3, 7]
aggregation_buffer:
[0, 8, 2, 5, 9, 1, 4, 6, 3, 7]
class-wise minimum distance tensor([39.5588, 40.6717, 38.5487, 40.9740, 39.4198, 38.6556, 38.5487, 40.9128,
        42.4139, 41.9319], device='cuda:0')
min_gap tensor(38.5487, device='cuda:0')
max_gap tensor(42.4139, device='cuda:0')
Server loss: 9.14610481262207
end Update
server_global_time: 942.2376207485795
only_train_time: 9096.247848786414

-------------Global Round number: 56-------------

Evaluate heterogeneous models
Averaged Test Accuracy (Regular Model): 0.6446
Averaged Test Accuracy (Prototype Model): 0.6355
Averaged Train Loss (Regular Model): 0.1268
Averaged Train Loss (Regular + Proto): 1.0661
Std Test Accuracy (Regular Model): 0.1037
Std Test Accuracy (Prototype Model): 0.1079
tobetrained:
[0, 8, 2, 5, 9, 1, 4, 6, 3, 7]
Edge 0 begin training
Edge 8 begin training
Edge 2 begin training
Edge 5 begin training
Edge 9 begin training
Edge 1 begin training
Edge 4 begin training
Edge 6 begin training
Edge 3 begin training
Edge 7 begin training
readyList:
[0, 8, 2, 5, 1, 9, 4, 6, 3, 7]
aggregation_buffer:
[0, 8, 2, 5, 1, 9, 4, 6, 3, 7]
class-wise minimum distance tensor([41.8520, 41.3256, 40.0559, 42.6097, 40.6936, 41.9532, 40.0559, 42.6482,
        44.1954, 44.1661], device='cuda:0')
min_gap tensor(40.0559, device='cuda:0')
max_gap tensor(44.1954, device='cuda:0')
Server loss: 6.882966995239258
end Update
server_global_time: 960.1114087030292
only_train_time: 9267.653289467096

-------------Global Round number: 57-------------

Evaluate heterogeneous models
Averaged Test Accuracy (Regular Model): 0.6599
Averaged Test Accuracy (Prototype Model): 0.6623
Averaged Train Loss (Regular Model): 0.0390
Averaged Train Loss (Regular + Proto): 0.8056
Std Test Accuracy (Regular Model): 0.0946
Std Test Accuracy (Prototype Model): 0.0943
tobetrained:
[0, 8, 2, 5, 1, 9, 4, 6, 3, 7]
Edge 0 begin training
Edge 8 begin training
Edge 2 begin training
Edge 5 begin training
Edge 1 begin training
Edge 9 begin training
Edge 4 begin training
Edge 6 begin training
Edge 3 begin training
Edge 7 begin training
readyList:
[0, 8, 2, 5, 1, 9, 4, 6, 7, 3]
aggregation_buffer:
[0, 8, 2, 5, 1, 9, 4, 6, 7, 3]
class-wise minimum distance tensor([43.1223, 43.7607, 42.5495, 44.0173, 43.3352, 44.1784, 42.5495, 44.3455,
        45.8817, 45.7637], device='cuda:0')
min_gap tensor(42.5495, device='cuda:0')
max_gap tensor(45.8817, device='cuda:0')
Server loss: 9.539055824279785
end Update
server_global_time: 978.8832127675414
only_train_time: 9445.282928727567

-------------Global Round number: 58-------------

Evaluate heterogeneous models
Averaged Test Accuracy (Regular Model): 0.6699
Averaged Test Accuracy (Prototype Model): 0.6700
Averaged Train Loss (Regular Model): 0.0077
Averaged Train Loss (Regular + Proto): 0.7292
Std Test Accuracy (Regular Model): 0.0889
Std Test Accuracy (Prototype Model): 0.0886
tobetrained:
[0, 8, 2, 5, 1, 9, 4, 6, 7, 3]
Edge 0 begin training
Edge 8 begin training
Edge 2 begin training
Edge 5 begin training
Edge 1 begin training
Edge 9 begin training
Edge 4 begin training
Edge 6 begin training
Edge 7 begin training
Edge 3 begin training
readyList:
[0, 8, 2, 5, 1, 9, 4, 6, 7, 3]
aggregation_buffer:
[0, 8, 2, 5, 1, 9, 4, 6, 7, 3]
class-wise minimum distance tensor([43.0336, 43.7436, 41.9931, 43.3793, 43.5804, 43.3664, 41.9931, 44.2637,
        44.8289, 44.8300], device='cuda:0')
min_gap tensor(41.9931, device='cuda:0')
max_gap tensor(44.8300, device='cuda:0')
Server loss: 7.247289657592773
end Update
server_global_time: 996.4731106832623
only_train_time: 9617.64934464544

-------------Global Round number: 59-------------

Evaluate heterogeneous models
Averaged Test Accuracy (Regular Model): 0.6671
Averaged Test Accuracy (Prototype Model): 0.6671
Averaged Train Loss (Regular Model): 0.0490
Averaged Train Loss (Regular + Proto): 0.8994
Std Test Accuracy (Regular Model): 0.1009
Std Test Accuracy (Prototype Model): 0.0933
tobetrained:
[0, 8, 2, 5, 1, 9, 4, 6, 7, 3]
Edge 0 begin training
Edge 8 begin training
Edge 2 begin training
Edge 5 begin training
Edge 1 begin training
Edge 9 begin training
Edge 4 begin training
Edge 6 begin training
Edge 7 begin training
Edge 3 begin training
readyList:
[0, 8, 2, 5, 1, 9, 4, 6, 3, 7]
aggregation_buffer:
[0, 8, 2, 5, 1, 9, 4, 6, 3, 7]
class-wise minimum distance tensor([43.6764, 44.2125, 41.7094, 43.8914, 43.0062, 44.0509, 41.7094, 44.3514,
        45.9032, 45.9773], device='cuda:0')
min_gap tensor(41.7094, device='cuda:0')
max_gap tensor(45.9773, device='cuda:0')
Server loss: 8.604338645935059
Number of samples: 326
end Update
server_global_time: 1014.1429990455508
only_train_time: 9794.193107411265

-------------Global Round number: 60-------------

Evaluate heterogeneous models
Averaged Test Accuracy (Regular Model): 0.6615
Averaged Test Accuracy (Prototype Model): 0.6612
Averaged Train Loss (Regular Model): 0.0111
Averaged Train Loss (Regular + Proto): 0.7402
Std Test Accuracy (Regular Model): 0.0871
Std Test Accuracy (Prototype Model): 0.0882
tobetrained:
[0, 8, 2, 5, 1, 9, 4, 6, 3, 7]
Edge 0 begin training
Edge 8 begin training
Edge 2 begin training
Edge 5 begin training
Edge 1 begin training
Edge 9 begin training
Edge 4 begin training
Edge 6 begin training
Edge 3 begin training
Edge 7 begin training
readyList:
[0, 8, 2, 5, 1, 9, 4, 6, 7, 3]
aggregation_buffer:
[0, 8, 2, 5, 1, 9, 4, 6, 7, 3]
class-wise minimum distance tensor([45.1651, 45.0911, 43.5939, 45.9304, 44.9409, 45.3906, 43.5939, 45.7586,
        47.2982, 46.4387], device='cuda:0')
min_gap tensor(43.5939, device='cuda:0')
max_gap tensor(47.2982, device='cuda:0')
Server loss: 6.741301536560059
end Update
server_global_time: 1032.6320519447327
only_train_time: 9973.953292287886

-------------Global Round number: 61-------------

Evaluate heterogeneous models
Averaged Test Accuracy (Regular Model): 0.6630
Averaged Test Accuracy (Prototype Model): 0.6659
Averaged Train Loss (Regular Model): 0.0042
Averaged Train Loss (Regular + Proto): 0.7515
Std Test Accuracy (Regular Model): 0.0902
Std Test Accuracy (Prototype Model): 0.0877
tobetrained:
[0, 8, 2, 5, 1, 9, 4, 6, 7, 3]
Edge 0 begin training
Edge 8 begin training
Edge 2 begin training
Edge 5 begin training
Edge 1 begin training
Edge 9 begin training
Edge 4 begin training
Edge 6 begin training
Edge 7 begin training
Edge 3 begin training
readyList:
[0, 8, 2, 5, 1, 9, 4, 6, 3, 7]
aggregation_buffer:
[0, 8, 2, 5, 1, 9, 4, 6, 3, 7]
class-wise minimum distance tensor([43.4364, 44.5959, 43.0300, 45.5751, 44.0134, 43.8173, 43.0300, 43.5546,
        46.2094, 46.3319], device='cuda:0')
min_gap tensor(43.0300, device='cuda:0')
max_gap tensor(46.3319, device='cuda:0')
Server loss: 9.408404350280762
end Update
server_global_time: 1050.322903983295
only_train_time: 10148.68073131144

-------------Global Round number: 62-------------

Evaluate heterogeneous models
Averaged Test Accuracy (Regular Model): 0.6573
Averaged Test Accuracy (Prototype Model): 0.6553
Averaged Train Loss (Regular Model): 0.0502
Averaged Train Loss (Regular + Proto): 0.9101
Std Test Accuracy (Regular Model): 0.0917
Std Test Accuracy (Prototype Model): 0.0932
tobetrained:
[0, 8, 2, 5, 1, 9, 4, 6, 3, 7]
Edge 0 begin training
Edge 8 begin training
Edge 2 begin training
Edge 5 begin training
Edge 1 begin training
Edge 9 begin training
Edge 4 begin training
Edge 6 begin training
Edge 3 begin training
Edge 7 begin training
readyList:
[0, 8, 2, 5, 1, 9, 4, 6, 7, 3]
aggregation_buffer:
[0, 8, 2, 5, 1, 9, 4, 6, 7, 3]
class-wise minimum distance tensor([44.2246, 45.7060, 42.8242, 45.2516, 43.5403, 44.2453, 42.8242, 44.7290,
        47.2920, 47.0226], device='cuda:0')
min_gap tensor(42.8242, device='cuda:0')
max_gap tensor(47.2920, device='cuda:0')
Server loss: 7.548927307128906
end Update
server_global_time: 1069.0032766237855
only_train_time: 10326.510398425162

-------------Global Round number: 63-------------

Evaluate heterogeneous models
Averaged Test Accuracy (Regular Model): 0.6609
Averaged Test Accuracy (Prototype Model): 0.6603
Averaged Train Loss (Regular Model): 0.0459
Averaged Train Loss (Regular + Proto): 0.8250
Std Test Accuracy (Regular Model): 0.0907
Std Test Accuracy (Prototype Model): 0.0919
tobetrained:
[0, 8, 2, 5, 1, 9, 4, 6, 7, 3]
Edge 0 begin training
Edge 8 begin training
Edge 2 begin training
Edge 5 begin training
Edge 1 begin training
Edge 9 begin training
Edge 4 begin training
Edge 6 begin training
Edge 7 begin training
Edge 3 begin training
readyList:
[0, 8, 2, 5, 1, 9, 4, 6, 3, 7]
aggregation_buffer:
[0, 8, 2, 5, 1, 9, 4, 6, 3, 7]
class-wise minimum distance tensor([44.4641, 44.8969, 43.1114, 45.2504, 44.2903, 44.1391, 43.1114, 44.8869,
        47.4356, 46.4319], device='cuda:0')
min_gap tensor(43.1114, device='cuda:0')
max_gap tensor(47.4356, device='cuda:0')
Server loss: 9.470575332641602
end Update
server_global_time: 1087.9495875537395
only_train_time: 10504.995528616011

-------------Global Round number: 64-------------

Evaluate heterogeneous models
Averaged Test Accuracy (Regular Model): 0.6617
Averaged Test Accuracy (Prototype Model): 0.6638
Averaged Train Loss (Regular Model): 0.0768
Averaged Train Loss (Regular + Proto): 0.9319
Std Test Accuracy (Regular Model): 0.0930
Std Test Accuracy (Prototype Model): 0.0939
tobetrained:
[0, 8, 2, 5, 1, 9, 4, 6, 3, 7]
Edge 0 begin training
Edge 8 begin training
Edge 2 begin training
Edge 5 begin training
Edge 1 begin training
Edge 9 begin training
Edge 4 begin training
Edge 6 begin training
Edge 3 begin training
Edge 7 begin training
readyList:
[0, 2, 8, 5, 1, 9, 4, 6, 3, 7]
aggregation_buffer:
[0, 2, 8, 5, 1, 9, 4, 6, 3, 7]
class-wise minimum distance tensor([44.2469, 45.9060, 43.1500, 45.8223, 43.9191, 44.5544, 43.1500, 46.5089,
        48.3069, 47.7498], device='cuda:0')
min_gap tensor(43.1500, device='cuda:0')
max_gap tensor(48.3069, device='cuda:0')
Server loss: 9.949034690856934
end Update
server_global_time: 1105.4504454880953
only_train_time: 10678.096959903836

-------------Global Round number: 65-------------

Evaluate heterogeneous models
Averaged Test Accuracy (Regular Model): 0.6591
Averaged Test Accuracy (Prototype Model): 0.6581
Averaged Train Loss (Regular Model): 0.1418
Averaged Train Loss (Regular + Proto): 1.0824
Std Test Accuracy (Regular Model): 0.0922
Std Test Accuracy (Prototype Model): 0.0981
tobetrained:
[0, 2, 8, 5, 1, 9, 4, 6, 3, 7]
Edge 0 begin training
Edge 2 begin training
Edge 8 begin training
Edge 5 begin training
Edge 1 begin training
Edge 9 begin training
Edge 4 begin training
Edge 6 begin training
Edge 3 begin training
Edge 7 begin training
readyList:
[0, 8, 2, 5, 1, 9, 4, 6, 3, 7]
aggregation_buffer:
[0, 8, 2, 5, 1, 9, 4, 6, 3, 7]
class-wise minimum distance tensor([45.5160, 46.4093, 44.1910, 46.6237, 45.4395, 45.9079, 44.1910, 47.9364,
        48.7032, 48.8152], device='cuda:0')
min_gap tensor(44.1910, device='cuda:0')
max_gap tensor(48.8152, device='cuda:0')
Server loss: 6.0577073097229
end Update
server_global_time: 1122.9748312681913
only_train_time: 10850.717049114406

-------------Global Round number: 66-------------

Evaluate heterogeneous models
Averaged Test Accuracy (Regular Model): 0.6634
Averaged Test Accuracy (Prototype Model): 0.6613
Averaged Train Loss (Regular Model): 0.0482
Averaged Train Loss (Regular + Proto): 0.8532
Std Test Accuracy (Regular Model): 0.0953
Std Test Accuracy (Prototype Model): 0.0977
tobetrained:
[0, 8, 2, 5, 1, 9, 4, 6, 3, 7]
Edge 0 begin training
Edge 8 begin training
Edge 2 begin training
Edge 5 begin training
Edge 1 begin training
Edge 9 begin training
Edge 4 begin training
Edge 6 begin training
Edge 3 begin training
Edge 7 begin training
readyList:
[0, 8, 2, 1, 5, 9, 4, 6, 3, 7]
aggregation_buffer:
[0, 8, 2, 1, 5, 9, 4, 6, 3, 7]
class-wise minimum distance tensor([47.6698, 47.9804, 46.6525, 48.4817, 47.9037, 48.1589, 46.6525, 48.7988,
        49.7495, 50.0447], device='cuda:0')
min_gap tensor(46.6525, device='cuda:0')
max_gap tensor(50.0447, device='cuda:0')
Server loss: 7.322360038757324
end Update
server_global_time: 1140.9191702753305
only_train_time: 11024.877751298249

-------------Global Round number: 67-------------

Evaluate heterogeneous models
