==================================================
goal = test
device = cuda
device_id = 0
dataset = FashionMNIST_dir_0.3_imbalance_40
jetson = 0
DVFS = 0
static_estimate = 0
drawGMM = 0
num_classes = 10
model_family = HCNNs8
batch_size = 256
num_workers = 0
local_learning_rate = 0.06
use_decay_scheduler = False
learning_rate_decay = False
learning_rate_decay_gamma = 0.99
global_rounds = 200
edge_epochs = 1
local_epochs = 5
algorithm = FedSAE
join_ratio = 1.0
edge_join_ratio = 1.0
random_join_ratio = False
num_clients = 40
num_edges = 10
prev = 0
times = 1
eval_gap = 1
save_folder_name = temp
auto_break = False
feature_dim = 512
vocab_size = 98635
max_len = 200
client_drop_rate = 0.0
train_slow_rate = 0.0
send_slow_rate = 0.0
time_select = False
time_threthold = 10000
optimizer = SGD
lamda = 1.0
weight_decay = 0
trans_delay_simulate = False
momentum = 0.8
agg_type = 0
buffersize = 10
gl_use_clients = 1
test_useglclassifier = 1
gamma = 1.0
virtual_feature_numbers = 4000
use_init_features = 1
extra_loss = 0
delta = 1
drawtsne = 0
drawround = 20
noise_dim = 32
generator_learning_rate = 0.0001
hidden_dim = 512
server_epochs = 100
alpha = 1.0
beta = 1.0
mentee_learning_rate = 0.005
T_start = 0.95
T_end = 0.98
server_learning_rate = 0.01
margin_threthold = 100.0
generator_path = stylegan/stylegan-xl-models/imagenet64.pkl
stable_diffusion_prompt = a cat
server_batch_size = 100
gen_batch_size = 4
mu = 50.0
buffer_size = 10
==================================================
Random seed set as 42

============= Running time: 0th =============
Creating server and clients ...
CNN(num_cov=1, hidden_dims=[], in_features=1, num_classes=args.num_classes)
CNN(num_cov=2, hidden_dims=[], in_features=1, num_classes=args.num_classes)
CNN(num_cov=1, hidden_dims=[512], in_features=1, num_classes=args.num_classes)
CNN(num_cov=2, hidden_dims=[512], in_features=1, num_classes=args.num_classes)
CNN(num_cov=1, hidden_dims=[1024], in_features=1, num_classes=args.num_classes)
CNN(num_cov=2, hidden_dims=[1024], in_features=1, num_classes=args.num_classes)
CNN(num_cov=1, hidden_dims=[1024, 512], in_features=1, num_classes=args.num_classes)
CNN(num_cov=2, hidden_dims=[1024, 512], in_features=1, num_classes=args.num_classes)
temp/FashionMNIST_dir_0.3_imbalance_40/NE_10/featuredim_512/FedSAE/SGD/lr_0.06/wd_0/momentum_0.8/lbs_256/lamda_1.0/localepoch_5/buffer_10/gamma_1.0_usegltest_1/1740022991.8334804
CNN(num_cov=1, hidden_dims=[], in_features=1, num_classes=args.num_classes) model chosen!
id 0
label_counts: defaultdict(<class 'int'>, {0: 287, 1: 338, 5: 106, 9: 545, 3: 26, 2: 98, 6: 3, 4: 1})
trans_simu_time 15.04
CNN(num_cov=2, hidden_dims=[], in_features=1, num_classes=args.num_classes) model chosen!
id 1
label_counts: defaultdict(<class 'int'>, {7: 199, 4: 630, 1: 507, 5: 47, 0: 18, 2: 18, 3: 3, 6: 2})
trans_simu_time 15.04
CNN(num_cov=1, hidden_dims=[512], in_features=1, num_classes=args.num_classes) model chosen!
id 2
label_counts: defaultdict(<class 'int'>, {9: 99, 0: 190, 7: 312, 5: 157, 6: 67, 4: 11, 3: 30, 8: 6, 2: 3})
trans_simu_time 15.04
CNN(num_cov=2, hidden_dims=[512], in_features=1, num_classes=args.num_classes) model chosen!
id 3
label_counts: defaultdict(<class 'int'>, {8: 190, 3: 171, 2: 395, 0: 3, 4: 51, 6: 100, 9: 19, 5: 4})
trans_simu_time 15.04
CNN(num_cov=1, hidden_dims=[1024], in_features=1, num_classes=args.num_classes) model chosen!
id 4
label_counts: defaultdict(<class 'int'>, {1: 428, 0: 327, 5: 553, 2: 202, 4: 5})
trans_simu_time 15.04
CNN(num_cov=2, hidden_dims=[1024], in_features=1, num_classes=args.num_classes) model chosen!
id 5
label_counts: defaultdict(<class 'int'>, {4: 421, 6: 633, 1: 100, 3: 41, 2: 58, 8: 45, 5: 13, 7: 11, 0: 1})
trans_simu_time 15.04
CNN(num_cov=1, hidden_dims=[1024, 512], in_features=1, num_classes=args.num_classes) model chosen!
id 6
label_counts: defaultdict(<class 'int'>, {4: 260, 8: 384, 9: 425, 3: 24, 6: 31, 2: 6, 1: 12, 7: 1})
trans_simu_time 15.04
CNN(num_cov=2, hidden_dims=[1024, 512], in_features=1, num_classes=args.num_classes) model chosen!
id 7
label_counts: defaultdict(<class 'int'>, {9: 477, 0: 36, 6: 335, 8: 645, 5: 13, 1: 11, 4: 53, 3: 38, 7: 16, 2: 7})
trans_simu_time 15.04
CNN(num_cov=1, hidden_dims=[], in_features=1, num_classes=args.num_classes) model chosen!
id 8
label_counts: defaultdict(<class 'int'>, {9: 102, 4: 502, 2: 81, 0: 124, 5: 17, 6: 63, 8: 26, 3: 9, 1: 3})
trans_simu_time 15.04
CNN(num_cov=2, hidden_dims=[], in_features=1, num_classes=args.num_classes) model chosen!
id 9
label_counts: defaultdict(<class 'int'>, {3: 943, 1: 139, 2: 177, 0: 75})
trans_simu_time 15.04
CNN(num_cov=1, hidden_dims=[512], in_features=1, num_classes=args.num_classes) model chosen!
id 10
label_counts: defaultdict(<class 'int'>, {4: 883, 8: 445, 2: 57, 3: 12, 5: 19, 0: 32, 7: 1, 1: 1, 6: 1})
trans_simu_time 15.04
CNN(num_cov=2, hidden_dims=[512], in_features=1, num_classes=args.num_classes) model chosen!
id 11
label_counts: defaultdict(<class 'int'>, {6: 147, 1: 58, 8: 220, 4: 230, 5: 54, 3: 44, 7: 8, 9: 88, 2: 13})
trans_simu_time 15.04
CNN(num_cov=1, hidden_dims=[1024], in_features=1, num_classes=args.num_classes) model chosen!
id 12
label_counts: defaultdict(<class 'int'>, {5: 101, 6: 248, 3: 165, 1: 263, 0: 206, 9: 14, 4: 1, 7: 1})
trans_simu_time 15.04
CNN(num_cov=2, hidden_dims=[1024], in_features=1, num_classes=args.num_classes) model chosen!
id 13
label_counts: defaultdict(<class 'int'>, {3: 402, 2: 795, 7: 197, 0: 11, 4: 7, 5: 3, 1: 7})
trans_simu_time 15.04
CNN(num_cov=1, hidden_dims=[1024, 512], in_features=1, num_classes=args.num_classes) model chosen!
id 14
label_counts: defaultdict(<class 'int'>, {3: 131, 0: 312, 5: 65, 1: 57, 9: 218, 2: 44, 4: 21, 8: 3})
trans_simu_time 15.04
CNN(num_cov=2, hidden_dims=[1024, 512], in_features=1, num_classes=args.num_classes) model chosen!
id 15
label_counts: defaultdict(<class 'int'>, {6: 980, 5: 215, 1: 39, 0: 83, 3: 12, 4: 2})
trans_simu_time 15.04
CNN(num_cov=1, hidden_dims=[], in_features=1, num_classes=args.num_classes) model chosen!
id 16
label_counts: defaultdict(<class 'int'>, {8: 280, 1: 860, 3: 83, 4: 58, 5: 68, 0: 140, 6: 18, 7: 1})
trans_simu_time 15.04
CNN(num_cov=2, hidden_dims=[], in_features=1, num_classes=args.num_classes) model chosen!
id 17
label_counts: defaultdict(<class 'int'>, {5: 490, 8: 642, 3: 30, 4: 28, 0: 104, 2: 16, 6: 21, 1: 2, 7: 1})
trans_simu_time 15.04
CNN(num_cov=1, hidden_dims=[512], in_features=1, num_classes=args.num_classes) model chosen!
id 18
label_counts: defaultdict(<class 'int'>, {5: 27, 7: 229, 4: 108, 8: 391, 1: 105, 3: 33, 6: 2, 0: 1, 2: 1})
trans_simu_time 15.04
CNN(num_cov=2, hidden_dims=[512], in_features=1, num_classes=args.num_classes) model chosen!
id 19
label_counts: defaultdict(<class 'int'>, {1: 364, 0: 1204})
trans_simu_time 15.04
CNN(num_cov=1, hidden_dims=[1024], in_features=1, num_classes=args.num_classes) model chosen!
id 20
label_counts: defaultdict(<class 'int'>, {9: 858, 2: 19, 7: 131, 1: 290, 6: 44, 4: 216, 0: 37, 5: 157, 8: 1, 3: 1})
trans_simu_time 15.04
CNN(num_cov=2, hidden_dims=[1024], in_features=1, num_classes=args.num_classes) model chosen!
id 21
label_counts: defaultdict(<class 'int'>, {7: 16, 1: 383, 4: 288, 6: 225, 0: 136, 3: 62, 8: 4, 9: 1, 5: 1})
trans_simu_time 15.04
CNN(num_cov=1, hidden_dims=[1024, 512], in_features=1, num_classes=args.num_classes) model chosen!
id 22
label_counts: defaultdict(<class 'int'>, {7: 387, 5: 243, 1: 102, 6: 68, 2: 9, 0: 12, 8: 15, 4: 1, 3: 1})
trans_simu_time 15.04
CNN(num_cov=2, hidden_dims=[1024, 512], in_features=1, num_classes=args.num_classes) model chosen!
id 23
label_counts: defaultdict(<class 'int'>, {9: 256, 0: 232, 8: 141, 1: 32, 5: 40, 3: 2, 7: 1, 6: 1})
trans_simu_time 15.04
CNN(num_cov=1, hidden_dims=[], in_features=1, num_classes=args.num_classes) model chosen!
id 24
label_counts: defaultdict(<class 'int'>, {4: 309, 3: 447, 5: 120, 9: 235, 0: 62, 8: 15, 1: 2})
trans_simu_time 15.04
CNN(num_cov=2, hidden_dims=[], in_features=1, num_classes=args.num_classes) model chosen!
id 25
label_counts: defaultdict(<class 'int'>, {3: 388, 5: 505, 1: 34, 0: 81, 7: 222, 2: 154, 4: 7})
trans_simu_time 15.04
CNN(num_cov=1, hidden_dims=[512], in_features=1, num_classes=args.num_classes) model chosen!
id 26
label_counts: defaultdict(<class 'int'>, {0: 443, 8: 568, 7: 172, 2: 116, 4: 139, 1: 10, 3: 26, 5: 5})
trans_simu_time 15.04
CNN(num_cov=2, hidden_dims=[512], in_features=1, num_classes=args.num_classes) model chosen!
id 27
label_counts: defaultdict(<class 'int'>, {2: 186, 5: 530, 6: 253, 3: 75, 0: 88, 4: 5, 7: 1})
trans_simu_time 15.04
CNN(num_cov=1, hidden_dims=[1024], in_features=1, num_classes=args.num_classes) model chosen!
id 28
label_counts: defaultdict(<class 'int'>, {0: 22, 1: 63, 9: 281, 3: 24, 7: 176, 2: 50, 8: 93, 4: 1, 5: 14, 6: 2})
trans_simu_time 15.04
CNN(num_cov=2, hidden_dims=[1024], in_features=1, num_classes=args.num_classes) model chosen!
id 29
label_counts: defaultdict(<class 'int'>, {5: 337, 8: 138, 6: 3, 7: 363, 1: 20, 9: 164, 3: 170, 2: 27, 4: 2})
trans_simu_time 15.04
CNN(num_cov=1, hidden_dims=[1024, 512], in_features=1, num_classes=args.num_classes) model chosen!
id 30
label_counts: defaultdict(<class 'int'>, {8: 229, 7: 302, 0: 243, 9: 43, 5: 24, 2: 1, 1: 2, 3: 2})
trans_simu_time 15.04
CNN(num_cov=2, hidden_dims=[1024, 512], in_features=1, num_classes=args.num_classes) model chosen!
id 31
label_counts: defaultdict(<class 'int'>, {2: 510, 1: 223, 4: 583, 0: 98})
trans_simu_time 15.04
CNN(num_cov=1, hidden_dims=[], in_features=1, num_classes=args.num_classes) model chosen!
id 32
label_counts: defaultdict(<class 'int'>, {9: 1142, 7: 49, 2: 276, 6: 75, 5: 146, 3: 51, 1: 20, 0: 31, 8: 12, 4: 1})
trans_simu_time 15.04
CNN(num_cov=2, hidden_dims=[], in_features=1, num_classes=args.num_classes) model chosen!
id 33
label_counts: defaultdict(<class 'int'>, {0: 151, 2: 405, 3: 276, 1: 76, 7: 122, 6: 254, 4: 83})
trans_simu_time 15.04
CNN(num_cov=1, hidden_dims=[512], in_features=1, num_classes=args.num_classes) model chosen!
id 34
label_counts: defaultdict(<class 'int'>, {6: 870, 2: 880, 1: 42, 0: 172, 3: 12, 4: 9})
trans_simu_time 15.04
CNN(num_cov=2, hidden_dims=[512], in_features=1, num_classes=args.num_classes) model chosen!
id 35
label_counts: defaultdict(<class 'int'>, {0: 300, 2: 90, 4: 312, 7: 36, 3: 121, 1: 25, 5: 70, 9: 70, 6: 18, 8: 1})
trans_simu_time 15.04
CNN(num_cov=1, hidden_dims=[1024], in_features=1, num_classes=args.num_classes) model chosen!
id 36
label_counts: defaultdict(<class 'int'>, {8: 221, 3: 364, 6: 412, 2: 127, 7: 124, 9: 158, 1: 41, 0: 3, 4: 5})
trans_simu_time 15.04
CNN(num_cov=2, hidden_dims=[1024], in_features=1, num_classes=args.num_classes) model chosen!
id 37
label_counts: defaultdict(<class 'int'>, {3: 1002, 7: 2178, 6: 142, 5: 11, 2: 20, 0: 1, 4: 3})
trans_simu_time 15.04
CNN(num_cov=1, hidden_dims=[1024, 512], in_features=1, num_classes=args.num_classes) model chosen!
id 38
label_counts: defaultdict(<class 'int'>, {5: 1124, 1: 545, 0: 14, 2: 23, 3: 21, 4: 1})
trans_simu_time 15.04
CNN(num_cov=2, hidden_dims=[1024, 512], in_features=1, num_classes=args.num_classes) model chosen!
id 39
label_counts: defaultdict(<class 'int'>, {8: 501, 2: 387, 6: 233, 1: 41, 5: 12, 7: 2, 0: 13, 3: 2, 4: 1, 9: 3})
trans_simu_time 15.04

Join ratio / total clients: 1.0 / 40
Finished creating server and clients.
tobetrained:
[9, 8, 7, 6, 5, 4, 3, 2, 1, 0]
Edge 9 begin training
Edge 8 begin training
Edge 7 begin training
Edge 6 begin training
Edge 5 begin training
Edge 4 begin training
Edge 3 begin training
Edge 2 begin training
Edge 1 begin training
Edge 0 begin training
readyList:
[7, 5, 8, 1, 6, 2, 4, 0, 3, 9]
aggregation_buffer:
[7, 5, 8, 1, 6, 2, 4, 0, 3, 9]
use_init_features
