==================================================
goal = test
device = cuda
device_id = 0
dataset = FashionMNIST_dir_0.3_imbalance_40
num_classes = 10
model_family = HCNNs8
batch_size = 256
local_learning_rate = 0.06
use_decay_scheduler = False
learning_rate_decay = False
learning_rate_decay_gamma = 0.99
global_rounds = 200
edge_epochs = 1
local_epochs = 5
algorithm = FedGen
join_ratio = 1.0
random_join_ratio = False
num_clients = 40
num_edges = 10
prev = 0
times = 1
eval_gap = 1
save_folder_name = temp
auto_break = False
feature_dim = 512
vocab_size = 98635
max_len = 200
client_drop_rate = 0.0
train_slow_rate = 0.0
send_slow_rate = 0.0
time_select = False
time_threthold = 10000
optimizer = SGD
lamda = 1.0
weight_decay = 0
trans_delay_simulate = False
momentum = 0.8
agg_type = 0
buffersize = 10
gl_use_clients = 1
test_useglclassifier = 1
gamma = 1
drawtsne = 1
drawround = 20
noise_dim = 512
generator_learning_rate = 0.0001
hidden_dim = 512
server_epochs = 100
alpha = 1.0
beta = 1.0
mentee_learning_rate = 0.005
T_start = 0.95
T_end = 0.98
server_learning_rate = 0.01
margin_threthold = 100.0
generator_path = stylegan/stylegan-xl-models/imagenet64.pkl
stable_diffusion_prompt = a cat
server_batch_size = 100
gen_batch_size = 4
mu = 50.0
==================================================
Random seed set as 42

============= Running time: 0th =============
Creating server and clients ...
CNN(num_cov=1, hidden_dims=[], in_features=1, num_classes=args.num_classes)
CNN(num_cov=2, hidden_dims=[], in_features=1, num_classes=args.num_classes)
CNN(num_cov=1, hidden_dims=[512], in_features=1, num_classes=args.num_classes)
CNN(num_cov=2, hidden_dims=[512], in_features=1, num_classes=args.num_classes)
CNN(num_cov=1, hidden_dims=[1024], in_features=1, num_classes=args.num_classes)
CNN(num_cov=2, hidden_dims=[1024], in_features=1, num_classes=args.num_classes)
CNN(num_cov=1, hidden_dims=[1024, 512], in_features=1, num_classes=args.num_classes)
CNN(num_cov=2, hidden_dims=[1024, 512], in_features=1, num_classes=args.num_classes)
CNN(num_cov=1, hidden_dims=[], in_features=1, num_classes=args.num_classes) model chosen!
id 0
label_counts: defaultdict(<class 'int'>, {0: 287, 1: 338, 5: 106, 9: 545, 3: 26, 2: 98, 6: 3, 4: 1})
CNN(num_cov=2, hidden_dims=[], in_features=1, num_classes=args.num_classes) model chosen!
id 1
label_counts: defaultdict(<class 'int'>, {7: 199, 4: 630, 1: 507, 5: 47, 0: 18, 2: 18, 3: 3, 6: 2})
CNN(num_cov=1, hidden_dims=[512], in_features=1, num_classes=args.num_classes) model chosen!
id 2
label_counts: defaultdict(<class 'int'>, {9: 99, 0: 190, 7: 312, 5: 157, 6: 67, 4: 11, 3: 30, 8: 6, 2: 3})
CNN(num_cov=2, hidden_dims=[512], in_features=1, num_classes=args.num_classes) model chosen!
id 3
label_counts: defaultdict(<class 'int'>, {8: 190, 3: 171, 2: 395, 0: 3, 4: 51, 6: 100, 9: 19, 5: 4})
CNN(num_cov=1, hidden_dims=[1024], in_features=1, num_classes=args.num_classes) model chosen!
id 4
label_counts: defaultdict(<class 'int'>, {1: 428, 0: 327, 5: 553, 2: 202, 4: 5})
CNN(num_cov=2, hidden_dims=[1024], in_features=1, num_classes=args.num_classes) model chosen!
id 5
label_counts: defaultdict(<class 'int'>, {4: 421, 6: 633, 1: 100, 3: 41, 2: 58, 8: 45, 5: 13, 7: 11, 0: 1})
CNN(num_cov=1, hidden_dims=[1024, 512], in_features=1, num_classes=args.num_classes) model chosen!
id 6
label_counts: defaultdict(<class 'int'>, {4: 260, 8: 384, 9: 425, 3: 24, 6: 31, 2: 6, 1: 12, 7: 1})
CNN(num_cov=2, hidden_dims=[1024, 512], in_features=1, num_classes=args.num_classes) model chosen!
id 7
label_counts: defaultdict(<class 'int'>, {9: 477, 0: 36, 6: 335, 8: 645, 5: 13, 1: 11, 4: 53, 3: 38, 7: 16, 2: 7})
CNN(num_cov=1, hidden_dims=[], in_features=1, num_classes=args.num_classes) model chosen!
id 8
label_counts: defaultdict(<class 'int'>, {9: 102, 4: 502, 2: 81, 0: 124, 5: 17, 6: 63, 8: 26, 3: 9, 1: 3})
CNN(num_cov=2, hidden_dims=[], in_features=1, num_classes=args.num_classes) model chosen!
id 9
label_counts: defaultdict(<class 'int'>, {3: 943, 1: 139, 2: 177, 0: 75})
CNN(num_cov=1, hidden_dims=[512], in_features=1, num_classes=args.num_classes) model chosen!
id 10
label_counts: defaultdict(<class 'int'>, {4: 883, 8: 445, 2: 57, 3: 12, 5: 19, 0: 32, 7: 1, 1: 1, 6: 1})
CNN(num_cov=2, hidden_dims=[512], in_features=1, num_classes=args.num_classes) model chosen!
id 11
label_counts: defaultdict(<class 'int'>, {6: 147, 1: 58, 8: 220, 4: 230, 5: 54, 3: 44, 7: 8, 9: 88, 2: 13})
CNN(num_cov=1, hidden_dims=[1024], in_features=1, num_classes=args.num_classes) model chosen!
id 12
label_counts: defaultdict(<class 'int'>, {5: 101, 6: 248, 3: 165, 1: 263, 0: 206, 9: 14, 4: 1, 7: 1})
CNN(num_cov=2, hidden_dims=[1024], in_features=1, num_classes=args.num_classes) model chosen!
id 13
label_counts: defaultdict(<class 'int'>, {3: 402, 2: 795, 7: 197, 0: 11, 4: 7, 5: 3, 1: 7})
CNN(num_cov=1, hidden_dims=[1024, 512], in_features=1, num_classes=args.num_classes) model chosen!
id 14
label_counts: defaultdict(<class 'int'>, {3: 131, 0: 312, 5: 65, 1: 57, 9: 218, 2: 44, 4: 21, 8: 3})
CNN(num_cov=2, hidden_dims=[1024, 512], in_features=1, num_classes=args.num_classes) model chosen!
id 15
label_counts: defaultdict(<class 'int'>, {6: 980, 5: 215, 1: 39, 0: 83, 3: 12, 4: 2})
CNN(num_cov=1, hidden_dims=[], in_features=1, num_classes=args.num_classes) model chosen!
id 16
label_counts: defaultdict(<class 'int'>, {8: 280, 1: 860, 3: 83, 4: 58, 5: 68, 0: 140, 6: 18, 7: 1})
CNN(num_cov=2, hidden_dims=[], in_features=1, num_classes=args.num_classes) model chosen!
id 17
label_counts: defaultdict(<class 'int'>, {5: 490, 8: 642, 3: 30, 4: 28, 0: 104, 2: 16, 6: 21, 1: 2, 7: 1})
CNN(num_cov=1, hidden_dims=[512], in_features=1, num_classes=args.num_classes) model chosen!
id 18
label_counts: defaultdict(<class 'int'>, {5: 27, 7: 229, 4: 108, 8: 391, 1: 105, 3: 33, 6: 2, 0: 1, 2: 1})
CNN(num_cov=2, hidden_dims=[512], in_features=1, num_classes=args.num_classes) model chosen!
id 19
label_counts: defaultdict(<class 'int'>, {1: 364, 0: 1204})
CNN(num_cov=1, hidden_dims=[1024], in_features=1, num_classes=args.num_classes) model chosen!
id 20
label_counts: defaultdict(<class 'int'>, {9: 858, 2: 19, 7: 131, 1: 290, 6: 44, 4: 216, 0: 37, 5: 157, 8: 1, 3: 1})
CNN(num_cov=2, hidden_dims=[1024], in_features=1, num_classes=args.num_classes) model chosen!
id 21
label_counts: defaultdict(<class 'int'>, {7: 16, 1: 383, 4: 288, 6: 225, 0: 136, 3: 62, 8: 4, 9: 1, 5: 1})
CNN(num_cov=1, hidden_dims=[1024, 512], in_features=1, num_classes=args.num_classes) model chosen!
id 22
label_counts: defaultdict(<class 'int'>, {7: 387, 5: 243, 1: 102, 6: 68, 2: 9, 0: 12, 8: 15, 4: 1, 3: 1})
CNN(num_cov=2, hidden_dims=[1024, 512], in_features=1, num_classes=args.num_classes) model chosen!
id 23
label_counts: defaultdict(<class 'int'>, {9: 256, 0: 232, 8: 141, 1: 32, 5: 40, 3: 2, 7: 1, 6: 1})
CNN(num_cov=1, hidden_dims=[], in_features=1, num_classes=args.num_classes) model chosen!
id 24
label_counts: defaultdict(<class 'int'>, {4: 309, 3: 447, 5: 120, 9: 235, 0: 62, 8: 15, 1: 2})
CNN(num_cov=2, hidden_dims=[], in_features=1, num_classes=args.num_classes) model chosen!
id 25
label_counts: defaultdict(<class 'int'>, {3: 388, 5: 505, 1: 34, 0: 81, 7: 222, 2: 154, 4: 7})
CNN(num_cov=1, hidden_dims=[512], in_features=1, num_classes=args.num_classes) model chosen!
id 26
label_counts: defaultdict(<class 'int'>, {0: 443, 8: 568, 7: 172, 2: 116, 4: 139, 1: 10, 3: 26, 5: 5})
CNN(num_cov=2, hidden_dims=[512], in_features=1, num_classes=args.num_classes) model chosen!
id 27
label_counts: defaultdict(<class 'int'>, {2: 186, 5: 530, 6: 253, 3: 75, 0: 88, 4: 5, 7: 1})
CNN(num_cov=1, hidden_dims=[1024], in_features=1, num_classes=args.num_classes) model chosen!
id 28
label_counts: defaultdict(<class 'int'>, {0: 22, 1: 63, 9: 281, 3: 24, 7: 176, 2: 50, 8: 93, 4: 1, 5: 14, 6: 2})
CNN(num_cov=2, hidden_dims=[1024], in_features=1, num_classes=args.num_classes) model chosen!
id 29
label_counts: defaultdict(<class 'int'>, {5: 337, 8: 138, 6: 3, 7: 363, 1: 20, 9: 164, 3: 170, 2: 27, 4: 2})
CNN(num_cov=1, hidden_dims=[1024, 512], in_features=1, num_classes=args.num_classes) model chosen!
id 30
label_counts: defaultdict(<class 'int'>, {8: 229, 7: 302, 0: 243, 9: 43, 5: 24, 2: 1, 1: 2, 3: 2})
CNN(num_cov=2, hidden_dims=[1024, 512], in_features=1, num_classes=args.num_classes) model chosen!
id 31
label_counts: defaultdict(<class 'int'>, {2: 510, 1: 223, 4: 583, 0: 98})
CNN(num_cov=1, hidden_dims=[], in_features=1, num_classes=args.num_classes) model chosen!
id 32
label_counts: defaultdict(<class 'int'>, {9: 1142, 7: 49, 2: 276, 6: 75, 5: 146, 3: 51, 1: 20, 0: 31, 8: 12, 4: 1})
CNN(num_cov=2, hidden_dims=[], in_features=1, num_classes=args.num_classes) model chosen!
id 33
label_counts: defaultdict(<class 'int'>, {0: 151, 2: 405, 3: 276, 1: 76, 7: 122, 6: 254, 4: 83})
CNN(num_cov=1, hidden_dims=[512], in_features=1, num_classes=args.num_classes) model chosen!
id 34
label_counts: defaultdict(<class 'int'>, {6: 870, 2: 880, 1: 42, 0: 172, 3: 12, 4: 9})
CNN(num_cov=2, hidden_dims=[512], in_features=1, num_classes=args.num_classes) model chosen!
id 35
label_counts: defaultdict(<class 'int'>, {0: 300, 2: 90, 4: 312, 7: 36, 3: 121, 1: 25, 5: 70, 9: 70, 6: 18, 8: 1})
CNN(num_cov=1, hidden_dims=[1024], in_features=1, num_classes=args.num_classes) model chosen!
id 36
label_counts: defaultdict(<class 'int'>, {8: 221, 3: 364, 6: 412, 2: 127, 7: 124, 9: 158, 1: 41, 0: 3, 4: 5})
CNN(num_cov=2, hidden_dims=[1024], in_features=1, num_classes=args.num_classes) model chosen!
id 37
label_counts: defaultdict(<class 'int'>, {3: 1002, 7: 2178, 6: 142, 5: 11, 2: 20, 0: 1, 4: 3})
CNN(num_cov=1, hidden_dims=[1024, 512], in_features=1, num_classes=args.num_classes) model chosen!
id 38
label_counts: defaultdict(<class 'int'>, {5: 1124, 1: 545, 0: 14, 2: 23, 3: 21, 4: 1})
CNN(num_cov=2, hidden_dims=[1024, 512], in_features=1, num_classes=args.num_classes) model chosen!
id 39
label_counts: defaultdict(<class 'int'>, {8: 501, 2: 387, 6: 233, 1: 41, 5: 12, 7: 2, 0: 13, 3: 2, 4: 1, 9: 3})

Join ratio / total clients: 1.0 / 40
Finished creating server and clients.
------------------------- time cost ------------------------- 20.51460909843445

-------------Round number: 0-------------

Evaluate heterogeneous models
Averaged Test Accuracy (Regular Model): 0.8240
Averaged Train Loss (Regular Model): 0.5908
Averaged Test AUC: 0.9628
Std Test Accurancy: 0.1334
Std Test AUC: 0.0241
------------------------- time cost ------------------------- 19.759860515594482

-------------Round number: 1-------------

Evaluate heterogeneous models
Averaged Test Accuracy (Regular Model): 0.8743
Averaged Train Loss (Regular Model): 0.3412
Averaged Test AUC: 0.9802
Std Test Accurancy: 0.1002
Std Test AUC: 0.0144
------------------------- time cost ------------------------- 19.673579692840576

-------------Round number: 2-------------

Evaluate heterogeneous models
Averaged Test Accuracy (Regular Model): 0.8927
Averaged Train Loss (Regular Model): 0.2475
Averaged Test AUC: 0.9852
Std Test Accurancy: 0.0772
Std Test AUC: 0.0112
------------------------- time cost ------------------------- 19.6073637008667

-------------Round number: 3-------------

Evaluate heterogeneous models
Averaged Test Accuracy (Regular Model): 0.8981
Averaged Train Loss (Regular Model): 0.2017
Averaged Test AUC: 0.9872
Std Test Accurancy: 0.0789
Std Test AUC: 0.0105
------------------------- time cost ------------------------- 19.32419466972351

-------------Round number: 4-------------

Evaluate heterogeneous models
Averaged Test Accuracy (Regular Model): 0.9084
Averaged Train Loss (Regular Model): 0.1642
Averaged Test AUC: 0.9884
Std Test Accurancy: 0.0606
Std Test AUC: 0.0092
------------------------- time cost ------------------------- 19.846831560134888

-------------Round number: 5-------------

Evaluate heterogeneous models
Averaged Test Accuracy (Regular Model): 0.9101
Averaged Train Loss (Regular Model): 0.1332
Averaged Test AUC: 0.9892
Std Test Accurancy: 0.0641
Std Test AUC: 0.0097
------------------------- time cost ------------------------- 19.51091957092285

-------------Round number: 6-------------

Evaluate heterogeneous models
Averaged Test Accuracy (Regular Model): 0.9150
Averaged Train Loss (Regular Model): 0.1132
Averaged Test AUC: 0.9896
Std Test Accurancy: 0.0589
Std Test AUC: 0.0092
------------------------- time cost ------------------------- 19.718074083328247

-------------Round number: 7-------------

Evaluate heterogeneous models
Averaged Test Accuracy (Regular Model): 0.9186
Averaged Train Loss (Regular Model): 0.0875
Averaged Test AUC: 0.9900
Std Test Accurancy: 0.0515
Std Test AUC: 0.0092
------------------------- time cost ------------------------- 19.868719577789307

-------------Round number: 8-------------

Evaluate heterogeneous models
Averaged Test Accuracy (Regular Model): 0.9200
Averaged Train Loss (Regular Model): 0.0711
Averaged Test AUC: 0.9902
Std Test Accurancy: 0.0523
Std Test AUC: 0.0089
------------------------- time cost ------------------------- 19.361117601394653

-------------Round number: 9-------------

Evaluate heterogeneous models
Averaged Test Accuracy (Regular Model): 0.9191
Averaged Train Loss (Regular Model): 0.0610
Averaged Test AUC: 0.9900
Std Test Accurancy: 0.0532
Std Test AUC: 0.0096
------------------------- time cost ------------------------- 19.892756462097168

-------------Round number: 10-------------

Evaluate heterogeneous models
Averaged Test Accuracy (Regular Model): 0.9193
Averaged Train Loss (Regular Model): 0.0444
Averaged Test AUC: 0.9904
Std Test Accurancy: 0.0525
Std Test AUC: 0.0080
------------------------- time cost ------------------------- 19.40017294883728

-------------Round number: 11-------------

Evaluate heterogeneous models
Averaged Test Accuracy (Regular Model): 0.9235
Averaged Train Loss (Regular Model): 0.0319
Averaged Test AUC: 0.9910
Std Test Accurancy: 0.0469
Std Test AUC: 0.0073
------------------------- time cost ------------------------- 19.29379630088806

-------------Round number: 12-------------

Evaluate heterogeneous models
Averaged Test Accuracy (Regular Model): 0.9189
Averaged Train Loss (Regular Model): 0.0338
Averaged Test AUC: 0.9902
Std Test Accurancy: 0.0555
Std Test AUC: 0.0087
------------------------- time cost ------------------------- 20.09001588821411

-------------Round number: 13-------------

Evaluate heterogeneous models
Averaged Test Accuracy (Regular Model): 0.9245
Averaged Train Loss (Regular Model): 0.0210
Averaged Test AUC: 0.9909
Std Test Accurancy: 0.0458
Std Test AUC: 0.0077
------------------------- time cost ------------------------- 19.84643816947937

-------------Round number: 14-------------

Evaluate heterogeneous models
Averaged Test Accuracy (Regular Model): 0.9234
Averaged Train Loss (Regular Model): 0.0218
Averaged Test AUC: 0.9906
Std Test Accurancy: 0.0476
Std Test AUC: 0.0074
------------------------- time cost ------------------------- 19.703789234161377

-------------Round number: 15-------------

Evaluate heterogeneous models
Averaged Test Accuracy (Regular Model): 0.9238
Averaged Train Loss (Regular Model): 0.0153
Averaged Test AUC: 0.9909
Std Test Accurancy: 0.0467
Std Test AUC: 0.0075
------------------------- time cost ------------------------- 19.625854969024658

-------------Round number: 16-------------

Evaluate heterogeneous models
Averaged Test Accuracy (Regular Model): 0.9209
Averaged Train Loss (Regular Model): 0.0352
Averaged Test AUC: 0.9898
Std Test Accurancy: 0.0501
Std Test AUC: 0.0104
------------------------- time cost ------------------------- 19.506134271621704

-------------Round number: 17-------------

Evaluate heterogeneous models
Averaged Test Accuracy (Regular Model): 0.9235
Averaged Train Loss (Regular Model): 0.0076
Averaged Test AUC: 0.9912
Std Test Accurancy: 0.0466
Std Test AUC: 0.0070
------------------------- time cost ------------------------- 19.446115732192993

-------------Round number: 18-------------

Evaluate heterogeneous models
Averaged Test Accuracy (Regular Model): 0.9256
Averaged Train Loss (Regular Model): 0.0050
Averaged Test AUC: 0.9913
Std Test Accurancy: 0.0452
Std Test AUC: 0.0070
------------------------- time cost ------------------------- 19.72352647781372

-------------Round number: 19-------------

Evaluate heterogeneous models
Averaged Test Accuracy (Regular Model): 0.9262
Averaged Train Loss (Regular Model): 0.0042
Averaged Test AUC: 0.9913
Std Test Accurancy: 0.0454
Std Test AUC: 0.0070
------------------------- time cost ------------------------- 19.567512273788452

-------------Round number: 20-------------

Evaluate heterogeneous models
Averaged Test Accuracy (Regular Model): 0.9246
Averaged Train Loss (Regular Model): 0.0040
Averaged Test AUC: 0.9912
Std Test Accurancy: 0.0479
Std Test AUC: 0.0073
------------------------- time cost ------------------------- 19.521217107772827

-------------Round number: 21-------------

Evaluate heterogeneous models
Averaged Test Accuracy (Regular Model): 0.9253
Averaged Train Loss (Regular Model): 0.0022
Averaged Test AUC: 0.9914
Std Test Accurancy: 0.0459
Std Test AUC: 0.0069
------------------------- time cost ------------------------- 19.56750798225403

-------------Round number: 22-------------

Evaluate heterogeneous models
Averaged Test Accuracy (Regular Model): 0.9250
Averaged Train Loss (Regular Model): 0.0019
Averaged Test AUC: 0.9913
Std Test Accurancy: 0.0468
Std Test AUC: 0.0069
------------------------- time cost ------------------------- 19.467437028884888

-------------Round number: 23-------------

Evaluate heterogeneous models
Averaged Test Accuracy (Regular Model): 0.9254
Averaged Train Loss (Regular Model): 0.0017
Averaged Test AUC: 0.9913
Std Test Accurancy: 0.0467
Std Test AUC: 0.0069
------------------------- time cost ------------------------- 19.349392414093018

-------------Round number: 24-------------

Evaluate heterogeneous models
Averaged Test Accuracy (Regular Model): 0.9257
Averaged Train Loss (Regular Model): 0.0015
Averaged Test AUC: 0.9913
Std Test Accurancy: 0.0464
Std Test AUC: 0.0069
------------------------- time cost ------------------------- 19.55593991279602

-------------Round number: 25-------------

Evaluate heterogeneous models
Averaged Test Accuracy (Regular Model): 0.9255
Averaged Train Loss (Regular Model): 0.0013
Averaged Test AUC: 0.9913
Std Test Accurancy: 0.0468
Std Test AUC: 0.0069
------------------------- time cost ------------------------- 19.77258586883545

-------------Round number: 26-------------

Evaluate heterogeneous models
Averaged Test Accuracy (Regular Model): 0.9263
Averaged Train Loss (Regular Model): 0.0012
Averaged Test AUC: 0.9913
Std Test Accurancy: 0.0460
Std Test AUC: 0.0069
------------------------- time cost ------------------------- 19.632468700408936

-------------Round number: 27-------------

Evaluate heterogeneous models
Averaged Test Accuracy (Regular Model): 0.9263
Averaged Train Loss (Regular Model): 0.0011
Averaged Test AUC: 0.9913
Std Test Accurancy: 0.0461
Std Test AUC: 0.0070
------------------------- time cost ------------------------- 19.56653094291687

-------------Round number: 28-------------

Evaluate heterogeneous models
Averaged Test Accuracy (Regular Model): 0.9259
Averaged Train Loss (Regular Model): 0.0012
Averaged Test AUC: 0.9913
Std Test Accurancy: 0.0461
Std Test AUC: 0.0069
------------------------- time cost ------------------------- 19.530591011047363

-------------Round number: 29-------------

Evaluate heterogeneous models
Averaged Test Accuracy (Regular Model): 0.9258
Averaged Train Loss (Regular Model): 0.0010
Averaged Test AUC: 0.9913
Std Test Accurancy: 0.0464
Std Test AUC: 0.0070
------------------------- time cost ------------------------- 19.655177116394043

-------------Round number: 30-------------

Evaluate heterogeneous models
Averaged Test Accuracy (Regular Model): 0.9262
Averaged Train Loss (Regular Model): 0.0009
Averaged Test AUC: 0.9913
Std Test Accurancy: 0.0462
Std Test AUC: 0.0070
------------------------- time cost ------------------------- 20.217076301574707

-------------Round number: 31-------------

Evaluate heterogeneous models
Averaged Test Accuracy (Regular Model): 0.9259
Averaged Train Loss (Regular Model): 0.0008
Averaged Test AUC: 0.9913
Std Test Accurancy: 0.0461
Std Test AUC: 0.0069
------------------------- time cost ------------------------- 19.73640513420105

-------------Round number: 32-------------

Evaluate heterogeneous models
Averaged Test Accuracy (Regular Model): 0.9259
Averaged Train Loss (Regular Model): 0.0008
Averaged Test AUC: 0.9913
Std Test Accurancy: 0.0462
Std Test AUC: 0.0069
------------------------- time cost ------------------------- 19.626349210739136

-------------Round number: 33-------------

Evaluate heterogeneous models
Averaged Test Accuracy (Regular Model): 0.9265
Averaged Train Loss (Regular Model): 0.0007
Averaged Test AUC: 0.9913
Std Test Accurancy: 0.0460
Std Test AUC: 0.0070
------------------------- time cost ------------------------- 19.696758031845093

-------------Round number: 34-------------

Evaluate heterogeneous models
Averaged Test Accuracy (Regular Model): 0.9264
Averaged Train Loss (Regular Model): 0.0007
Averaged Test AUC: 0.9913
Std Test Accurancy: 0.0460
Std Test AUC: 0.0070
------------------------- time cost ------------------------- 19.6847562789917

-------------Round number: 35-------------

Evaluate heterogeneous models
Averaged Test Accuracy (Regular Model): 0.9262
Averaged Train Loss (Regular Model): 0.0007
Averaged Test AUC: 0.9913
Std Test Accurancy: 0.0459
Std Test AUC: 0.0070
------------------------- time cost ------------------------- 19.503116607666016

-------------Round number: 36-------------

Evaluate heterogeneous models
Averaged Test Accuracy (Regular Model): 0.9260
Averaged Train Loss (Regular Model): 0.0006
Averaged Test AUC: 0.9913
Std Test Accurancy: 0.0461
Std Test AUC: 0.0070
------------------------- time cost ------------------------- 19.59996223449707

-------------Round number: 37-------------

Evaluate heterogeneous models
Averaged Test Accuracy (Regular Model): 0.9260
Averaged Train Loss (Regular Model): 0.0006
Averaged Test AUC: 0.9913
Std Test Accurancy: 0.0460
Std Test AUC: 0.0070
------------------------- time cost ------------------------- 20.552103757858276

-------------Round number: 38-------------

Evaluate heterogeneous models
Averaged Test Accuracy (Regular Model): 0.9261
Averaged Train Loss (Regular Model): 0.0006
Averaged Test AUC: 0.9913
Std Test Accurancy: 0.0459
Std Test AUC: 0.0070
------------------------- time cost ------------------------- 20.129415035247803

-------------Round number: 39-------------

Evaluate heterogeneous models
Averaged Test Accuracy (Regular Model): 0.9261
Averaged Train Loss (Regular Model): 0.0005
Averaged Test AUC: 0.9913
Std Test Accurancy: 0.0464
Std Test AUC: 0.0070
------------------------- time cost ------------------------- 19.930604219436646

-------------Round number: 40-------------

Evaluate heterogeneous models
Averaged Test Accuracy (Regular Model): 0.9262
Averaged Train Loss (Regular Model): 0.0005
Averaged Test AUC: 0.9913
Std Test Accurancy: 0.0458
Std Test AUC: 0.0070
------------------------- time cost ------------------------- 19.92190957069397

-------------Round number: 41-------------

Evaluate heterogeneous models
Averaged Test Accuracy (Regular Model): 0.9259
Averaged Train Loss (Regular Model): 0.0005
Averaged Test AUC: 0.9913
Std Test Accurancy: 0.0465
Std Test AUC: 0.0070
------------------------- time cost ------------------------- 19.76627779006958

-------------Round number: 42-------------

Evaluate heterogeneous models
Averaged Test Accuracy (Regular Model): 0.9262
Averaged Train Loss (Regular Model): 0.0005
Averaged Test AUC: 0.9913
Std Test Accurancy: 0.0458
Std Test AUC: 0.0070
------------------------- time cost ------------------------- 19.347794771194458

-------------Round number: 43-------------

Evaluate heterogeneous models
Averaged Test Accuracy (Regular Model): 0.9263
Averaged Train Loss (Regular Model): 0.0005
Averaged Test AUC: 0.9913
Std Test Accurancy: 0.0459
Std Test AUC: 0.0070
------------------------- time cost ------------------------- 19.821332693099976

-------------Round number: 44-------------

Evaluate heterogeneous models
Averaged Test Accuracy (Regular Model): 0.9260
Averaged Train Loss (Regular Model): 0.0004
Averaged Test AUC: 0.9913
Std Test Accurancy: 0.0461
Std Test AUC: 0.0070
------------------------- time cost ------------------------- 19.621733903884888

-------------Round number: 45-------------

Evaluate heterogeneous models
Averaged Test Accuracy (Regular Model): 0.9262
Averaged Train Loss (Regular Model): 0.0004
Averaged Test AUC: 0.9913
Std Test Accurancy: 0.0462
Std Test AUC: 0.0070
------------------------- time cost ------------------------- 19.714457750320435

-------------Round number: 46-------------

Evaluate heterogeneous models
Averaged Test Accuracy (Regular Model): 0.9258
Averaged Train Loss (Regular Model): 0.0004
Averaged Test AUC: 0.9913
Std Test Accurancy: 0.0462
Std Test AUC: 0.0070
------------------------- time cost ------------------------- 19.50599718093872

-------------Round number: 47-------------

Evaluate heterogeneous models
Averaged Test Accuracy (Regular Model): 0.9259
Averaged Train Loss (Regular Model): 0.0004
Averaged Test AUC: 0.9913
Std Test Accurancy: 0.0461
Std Test AUC: 0.0070
------------------------- time cost ------------------------- 19.925624132156372

-------------Round number: 48-------------

Evaluate heterogeneous models
Averaged Test Accuracy (Regular Model): 0.9259
Averaged Train Loss (Regular Model): 0.0004
Averaged Test AUC: 0.9913
Std Test Accurancy: 0.0461
Std Test AUC: 0.0070
------------------------- time cost ------------------------- 19.903481245040894

-------------Round number: 49-------------

Evaluate heterogeneous models
Averaged Test Accuracy (Regular Model): 0.9259
Averaged Train Loss (Regular Model): 0.0004
Averaged Test AUC: 0.9913
Std Test Accurancy: 0.0457
Std Test AUC: 0.0070
------------------------- time cost ------------------------- 19.640363931655884

-------------Round number: 50-------------

Evaluate heterogeneous models
Averaged Test Accuracy (Regular Model): 0.9257
Averaged Train Loss (Regular Model): 0.0004
Averaged Test AUC: 0.9913
Std Test Accurancy: 0.0462
Std Test AUC: 0.0070
------------------------- time cost ------------------------- 19.765210151672363

-------------Round number: 51-------------

Evaluate heterogeneous models
Averaged Test Accuracy (Regular Model): 0.9259
Averaged Train Loss (Regular Model): 0.0004
Averaged Test AUC: 0.9913
Std Test Accurancy: 0.0462
Std Test AUC: 0.0070
------------------------- time cost ------------------------- 19.16397714614868

-------------Round number: 52-------------

Evaluate heterogeneous models
Averaged Test Accuracy (Regular Model): 0.9259
Averaged Train Loss (Regular Model): 0.0003
Averaged Test AUC: 0.9913
Std Test Accurancy: 0.0462
Std Test AUC: 0.0070
------------------------- time cost ------------------------- 19.767045259475708

-------------Round number: 53-------------

Evaluate heterogeneous models
Averaged Test Accuracy (Regular Model): 0.9257
Averaged Train Loss (Regular Model): 0.0003
Averaged Test AUC: 0.9913
Std Test Accurancy: 0.0462
Std Test AUC: 0.0070
------------------------- time cost ------------------------- 19.731347799301147

-------------Round number: 54-------------

Evaluate heterogeneous models
Averaged Test Accuracy (Regular Model): 0.9259
Averaged Train Loss (Regular Model): 0.0003
Averaged Test AUC: 0.9913
Std Test Accurancy: 0.0462
Std Test AUC: 0.0070
------------------------- time cost ------------------------- 19.764154195785522

-------------Round number: 55-------------

Evaluate heterogeneous models
Averaged Test Accuracy (Regular Model): 0.9258
Averaged Train Loss (Regular Model): 0.0003
Averaged Test AUC: 0.9913
Std Test Accurancy: 0.0461
Std Test AUC: 0.0070
------------------------- time cost ------------------------- 19.764382123947144

-------------Round number: 56-------------

Evaluate heterogeneous models
Averaged Test Accuracy (Regular Model): 0.9257
Averaged Train Loss (Regular Model): 0.0003
Averaged Test AUC: 0.9913
Std Test Accurancy: 0.0464
Std Test AUC: 0.0070
------------------------- time cost ------------------------- 19.43246817588806

-------------Round number: 57-------------

Evaluate heterogeneous models
Averaged Test Accuracy (Regular Model): 0.9257
Averaged Train Loss (Regular Model): 0.0003
Averaged Test AUC: 0.9913
Std Test Accurancy: 0.0464
Std Test AUC: 0.0070
------------------------- time cost ------------------------- 18.410531044006348

-------------Round number: 58-------------

Evaluate heterogeneous models
Averaged Test Accuracy (Regular Model): 0.9257
Averaged Train Loss (Regular Model): 0.0003
Averaged Test AUC: 0.9913
Std Test Accurancy: 0.0463
Std Test AUC: 0.0070
------------------------- time cost ------------------------- 18.46227240562439

-------------Round number: 59-------------

Evaluate heterogeneous models
Averaged Test Accuracy (Regular Model): 0.9258
Averaged Train Loss (Regular Model): 0.0003
Averaged Test AUC: 0.9913
Std Test Accurancy: 0.0463
Std Test AUC: 0.0070
------------------------- time cost ------------------------- 18.392030239105225

-------------Round number: 60-------------

Evaluate heterogeneous models
Averaged Test Accuracy (Regular Model): 0.9255
Averaged Train Loss (Regular Model): 0.0003
Averaged Test AUC: 0.9913
Std Test Accurancy: 0.0463
Std Test AUC: 0.0070
------------------------- time cost ------------------------- 18.505601167678833

-------------Round number: 61-------------

Evaluate heterogeneous models
Averaged Test Accuracy (Regular Model): 0.9258
Averaged Train Loss (Regular Model): 0.0003
Averaged Test AUC: 0.9913
Std Test Accurancy: 0.0464
Std Test AUC: 0.0070
------------------------- time cost ------------------------- 20.6484694480896

-------------Round number: 62-------------

Evaluate heterogeneous models
Averaged Test Accuracy (Regular Model): 0.9257
Averaged Train Loss (Regular Model): 0.0003
Averaged Test AUC: 0.9913
Std Test Accurancy: 0.0463
Std Test AUC: 0.0070
------------------------- time cost ------------------------- 19.686773538589478

-------------Round number: 63-------------

Evaluate heterogeneous models
Averaged Test Accuracy (Regular Model): 0.9258
Averaged Train Loss (Regular Model): 0.0003
Averaged Test AUC: 0.9913
Std Test Accurancy: 0.0461
Std Test AUC: 0.0070
------------------------- time cost ------------------------- 19.74409770965576

-------------Round number: 64-------------

Evaluate heterogeneous models
Averaged Test Accuracy (Regular Model): 0.9259
Averaged Train Loss (Regular Model): 0.0003
Averaged Test AUC: 0.9913
Std Test Accurancy: 0.0464
Std Test AUC: 0.0070
------------------------- time cost ------------------------- 19.646573781967163

-------------Round number: 65-------------

Evaluate heterogeneous models
Averaged Test Accuracy (Regular Model): 0.9257
Averaged Train Loss (Regular Model): 0.0002
Averaged Test AUC: 0.9913
Std Test Accurancy: 0.0463
Std Test AUC: 0.0070
------------------------- time cost ------------------------- 20.082303047180176

-------------Round number: 66-------------

Evaluate heterogeneous models
Averaged Test Accuracy (Regular Model): 0.9256
Averaged Train Loss (Regular Model): 0.0002
Averaged Test AUC: 0.9913
Std Test Accurancy: 0.0463
Std Test AUC: 0.0070
------------------------- time cost ------------------------- 20.378872632980347

-------------Round number: 67-------------

Evaluate heterogeneous models
Averaged Test Accuracy (Regular Model): 0.9259
Averaged Train Loss (Regular Model): 0.0002
Averaged Test AUC: 0.9913
Std Test Accurancy: 0.0459
Std Test AUC: 0.0070
------------------------- time cost ------------------------- 19.530014753341675

-------------Round number: 68-------------

Evaluate heterogeneous models
Averaged Test Accuracy (Regular Model): 0.9258
Averaged Train Loss (Regular Model): 0.0002
Averaged Test AUC: 0.9913
Std Test Accurancy: 0.0464
Std Test AUC: 0.0070
------------------------- time cost ------------------------- 19.75142502784729

-------------Round number: 69-------------

Evaluate heterogeneous models
Averaged Test Accuracy (Regular Model): 0.9257
Averaged Train Loss (Regular Model): 0.0002
Averaged Test AUC: 0.9913
Std Test Accurancy: 0.0461
Std Test AUC: 0.0070
------------------------- time cost ------------------------- 19.63405680656433

-------------Round number: 70-------------

Evaluate heterogeneous models
Averaged Test Accuracy (Regular Model): 0.9257
Averaged Train Loss (Regular Model): 0.0002
Averaged Test AUC: 0.9913
Std Test Accurancy: 0.0461
Std Test AUC: 0.0070
------------------------- time cost ------------------------- 19.781787395477295

-------------Round number: 71-------------

Evaluate heterogeneous models
Averaged Test Accuracy (Regular Model): 0.9258
Averaged Train Loss (Regular Model): 0.0002
Averaged Test AUC: 0.9913
Std Test Accurancy: 0.0462
Std Test AUC: 0.0070
------------------------- time cost ------------------------- 19.58845615386963

-------------Round number: 72-------------

Evaluate heterogeneous models
Averaged Test Accuracy (Regular Model): 0.9257
Averaged Train Loss (Regular Model): 0.0002
Averaged Test AUC: 0.9913
Std Test Accurancy: 0.0463
Std Test AUC: 0.0070
------------------------- time cost ------------------------- 19.47363305091858

-------------Round number: 73-------------

Evaluate heterogeneous models
Averaged Test Accuracy (Regular Model): 0.9258
Averaged Train Loss (Regular Model): 0.0002
Averaged Test AUC: 0.9913
Std Test Accurancy: 0.0461
Std Test AUC: 0.0070
------------------------- time cost ------------------------- 19.631988286972046

-------------Round number: 74-------------

Evaluate heterogeneous models
Averaged Test Accuracy (Regular Model): 0.9257
Averaged Train Loss (Regular Model): 0.0002
Averaged Test AUC: 0.9913
Std Test Accurancy: 0.0463
Std Test AUC: 0.0070
------------------------- time cost ------------------------- 19.55112600326538

-------------Round number: 75-------------

Evaluate heterogeneous models
Averaged Test Accuracy (Regular Model): 0.9257
Averaged Train Loss (Regular Model): 0.0002
Averaged Test AUC: 0.9913
Std Test Accurancy: 0.0464
Std Test AUC: 0.0070
------------------------- time cost ------------------------- 19.481849193572998

-------------Round number: 76-------------

Evaluate heterogeneous models
Averaged Test Accuracy (Regular Model): 0.9255
Averaged Train Loss (Regular Model): 0.0002
Averaged Test AUC: 0.9913
Std Test Accurancy: 0.0463
Std Test AUC: 0.0070
------------------------- time cost ------------------------- 19.748537302017212

-------------Round number: 77-------------

Evaluate heterogeneous models
Averaged Test Accuracy (Regular Model): 0.9255
Averaged Train Loss (Regular Model): 0.0002
Averaged Test AUC: 0.9913
Std Test Accurancy: 0.0461
Std Test AUC: 0.0070
------------------------- time cost ------------------------- 19.79513454437256

-------------Round number: 78-------------

Evaluate heterogeneous models
Averaged Test Accuracy (Regular Model): 0.9257
Averaged Train Loss (Regular Model): 0.0002
Averaged Test AUC: 0.9913
Std Test Accurancy: 0.0461
Std Test AUC: 0.0070
------------------------- time cost ------------------------- 19.675464153289795

-------------Round number: 79-------------

Evaluate heterogeneous models
Averaged Test Accuracy (Regular Model): 0.9256
Averaged Train Loss (Regular Model): 0.0002
Averaged Test AUC: 0.9913
Std Test Accurancy: 0.0462
Std Test AUC: 0.0070
------------------------- time cost ------------------------- 19.760380268096924

-------------Round number: 80-------------

Evaluate heterogeneous models
Averaged Test Accuracy (Regular Model): 0.9257
Averaged Train Loss (Regular Model): 0.0002
Averaged Test AUC: 0.9913
Std Test Accurancy: 0.0463
Std Test AUC: 0.0070
------------------------- time cost ------------------------- 19.623121738433838

-------------Round number: 81-------------

Evaluate heterogeneous models
Averaged Test Accuracy (Regular Model): 0.9255
Averaged Train Loss (Regular Model): 0.0002
Averaged Test AUC: 0.9913
Std Test Accurancy: 0.0462
Std Test AUC: 0.0070
------------------------- time cost ------------------------- 19.567312955856323

-------------Round number: 82-------------

Evaluate heterogeneous models
Averaged Test Accuracy (Regular Model): 0.9258
Averaged Train Loss (Regular Model): 0.0002
Averaged Test AUC: 0.9913
Std Test Accurancy: 0.0460
Std Test AUC: 0.0070
------------------------- time cost ------------------------- 19.47705388069153

-------------Round number: 83-------------

Evaluate heterogeneous models
Averaged Test Accuracy (Regular Model): 0.9255
Averaged Train Loss (Regular Model): 0.0002
Averaged Test AUC: 0.9913
Std Test Accurancy: 0.0464
Std Test AUC: 0.0070
------------------------- time cost ------------------------- 19.356139659881592

-------------Round number: 84-------------

Evaluate heterogeneous models
Averaged Test Accuracy (Regular Model): 0.9254
Averaged Train Loss (Regular Model): 0.0002
Averaged Test AUC: 0.9913
Std Test Accurancy: 0.0464
Std Test AUC: 0.0070
------------------------- time cost ------------------------- 19.606995820999146

-------------Round number: 85-------------

Evaluate heterogeneous models
Averaged Test Accuracy (Regular Model): 0.9256
Averaged Train Loss (Regular Model): 0.0002
Averaged Test AUC: 0.9913
Std Test Accurancy: 0.0463
Std Test AUC: 0.0070
------------------------- time cost ------------------------- 19.353780508041382

-------------Round number: 86-------------

Evaluate heterogeneous models
Averaged Test Accuracy (Regular Model): 0.9257
Averaged Train Loss (Regular Model): 0.0002
Averaged Test AUC: 0.9913
Std Test Accurancy: 0.0462
Std Test AUC: 0.0070
------------------------- time cost ------------------------- 19.687713384628296

-------------Round number: 87-------------

Evaluate heterogeneous models
Averaged Test Accuracy (Regular Model): 0.9257
Averaged Train Loss (Regular Model): 0.0002
Averaged Test AUC: 0.9913
Std Test Accurancy: 0.0463
Std Test AUC: 0.0070
------------------------- time cost ------------------------- 19.850417852401733

-------------Round number: 88-------------

Evaluate heterogeneous models
Averaged Test Accuracy (Regular Model): 0.9255
Averaged Train Loss (Regular Model): 0.0002
Averaged Test AUC: 0.9913
Std Test Accurancy: 0.0463
Std Test AUC: 0.0070
------------------------- time cost ------------------------- 20.12790060043335

-------------Round number: 89-------------

Evaluate heterogeneous models
Averaged Test Accuracy (Regular Model): 0.9256
Averaged Train Loss (Regular Model): 0.0002
Averaged Test AUC: 0.9913
Std Test Accurancy: 0.0462
Std Test AUC: 0.0070
------------------------- time cost ------------------------- 20.02726697921753

-------------Round number: 90-------------

Evaluate heterogeneous models
Averaged Test Accuracy (Regular Model): 0.9255
Averaged Train Loss (Regular Model): 0.0002
Averaged Test AUC: 0.9913
Std Test Accurancy: 0.0463
Std Test AUC: 0.0070
------------------------- time cost ------------------------- 19.686307430267334

-------------Round number: 91-------------

Evaluate heterogeneous models
Averaged Test Accuracy (Regular Model): 0.9255
Averaged Train Loss (Regular Model): 0.0002
Averaged Test AUC: 0.9913
Std Test Accurancy: 0.0464
Std Test AUC: 0.0070
------------------------- time cost ------------------------- 19.565582990646362

-------------Round number: 92-------------

Evaluate heterogeneous models
Averaged Test Accuracy (Regular Model): 0.9254
Averaged Train Loss (Regular Model): 0.0002
Averaged Test AUC: 0.9913
Std Test Accurancy: 0.0464
Std Test AUC: 0.0070
------------------------- time cost ------------------------- 19.615076780319214

-------------Round number: 93-------------

Evaluate heterogeneous models
Averaged Test Accuracy (Regular Model): 0.9255
Averaged Train Loss (Regular Model): 0.0002
Averaged Test AUC: 0.9913
Std Test Accurancy: 0.0463
Std Test AUC: 0.0070
------------------------- time cost ------------------------- 19.90399932861328

-------------Round number: 94-------------

Evaluate heterogeneous models
Averaged Test Accuracy (Regular Model): 0.9256
Averaged Train Loss (Regular Model): 0.0001
Averaged Test AUC: 0.9913
Std Test Accurancy: 0.0463
Std Test AUC: 0.0070
------------------------- time cost ------------------------- 19.926383018493652

-------------Round number: 95-------------

Evaluate heterogeneous models
Averaged Test Accuracy (Regular Model): 0.9255
Averaged Train Loss (Regular Model): 0.0001
Averaged Test AUC: 0.9913
Std Test Accurancy: 0.0464
Std Test AUC: 0.0070
------------------------- time cost ------------------------- 19.64346671104431

-------------Round number: 96-------------

Evaluate heterogeneous models
Averaged Test Accuracy (Regular Model): 0.9256
Averaged Train Loss (Regular Model): 0.0001
Averaged Test AUC: 0.9913
Std Test Accurancy: 0.0462
Std Test AUC: 0.0070
------------------------- time cost ------------------------- 19.61045265197754

-------------Round number: 97-------------

Evaluate heterogeneous models
Averaged Test Accuracy (Regular Model): 0.9255
Averaged Train Loss (Regular Model): 0.0001
Averaged Test AUC: 0.9913
Std Test Accurancy: 0.0462
Std Test AUC: 0.0070
------------------------- time cost ------------------------- 19.776453495025635

-------------Round number: 98-------------

Evaluate heterogeneous models
Averaged Test Accuracy (Regular Model): 0.9254
Averaged Train Loss (Regular Model): 0.0001
Averaged Test AUC: 0.9913
Std Test Accurancy: 0.0464
Std Test AUC: 0.0070
------------------------- time cost ------------------------- 19.618191719055176

-------------Round number: 99-------------

Evaluate heterogeneous models
Averaged Test Accuracy (Regular Model): 0.9256
Averaged Train Loss (Regular Model): 0.0001
Averaged Test AUC: 0.9913
Std Test Accurancy: 0.0463
Std Test AUC: 0.0070
------------------------- time cost ------------------------- 19.67550754547119

-------------Round number: 100-------------

Evaluate heterogeneous models
Averaged Test Accuracy (Regular Model): 0.9255
Averaged Train Loss (Regular Model): 0.0001
Averaged Test AUC: 0.9913
Std Test Accurancy: 0.0463
Std Test AUC: 0.0070
------------------------- time cost ------------------------- 19.61630392074585

-------------Round number: 101-------------

Evaluate heterogeneous models
Averaged Test Accuracy (Regular Model): 0.9255
Averaged Train Loss (Regular Model): 0.0001
Averaged Test AUC: 0.9913
Std Test Accurancy: 0.0465
Std Test AUC: 0.0070
------------------------- time cost ------------------------- 19.611905813217163

-------------Round number: 102-------------

Evaluate heterogeneous models
Averaged Test Accuracy (Regular Model): 0.9254
Averaged Train Loss (Regular Model): 0.0001
Averaged Test AUC: 0.9913
Std Test Accurancy: 0.0463
Std Test AUC: 0.0070
------------------------- time cost ------------------------- 19.829627513885498

-------------Round number: 103-------------

Evaluate heterogeneous models
Averaged Test Accuracy (Regular Model): 0.9253
Averaged Train Loss (Regular Model): 0.0001
Averaged Test AUC: 0.9913
Std Test Accurancy: 0.0466
Std Test AUC: 0.0070
------------------------- time cost ------------------------- 19.704959630966187

-------------Round number: 104-------------

Evaluate heterogeneous models
Averaged Test Accuracy (Regular Model): 0.9254
Averaged Train Loss (Regular Model): 0.0001
Averaged Test AUC: 0.9913
Std Test Accurancy: 0.0464
Std Test AUC: 0.0070
------------------------- time cost ------------------------- 19.616605520248413

-------------Round number: 105-------------

Evaluate heterogeneous models
Averaged Test Accuracy (Regular Model): 0.9254
Averaged Train Loss (Regular Model): 0.0001
Averaged Test AUC: 0.9913
Std Test Accurancy: 0.0463
Std Test AUC: 0.0070
------------------------- time cost ------------------------- 19.670167922973633

-------------Round number: 106-------------

Evaluate heterogeneous models
Averaged Test Accuracy (Regular Model): 0.9255
Averaged Train Loss (Regular Model): 0.0001
Averaged Test AUC: 0.9913
Std Test Accurancy: 0.0463
Std Test AUC: 0.0070
------------------------- time cost ------------------------- 19.749651432037354

-------------Round number: 107-------------

Evaluate heterogeneous models
Averaged Test Accuracy (Regular Model): 0.9253
Averaged Train Loss (Regular Model): 0.0001
Averaged Test AUC: 0.9913
Std Test Accurancy: 0.0465
Std Test AUC: 0.0070
------------------------- time cost ------------------------- 19.160579681396484

-------------Round number: 108-------------

Evaluate heterogeneous models
Averaged Test Accuracy (Regular Model): 0.9255
Averaged Train Loss (Regular Model): 0.0001
Averaged Test AUC: 0.9913
Std Test Accurancy: 0.0462
Std Test AUC: 0.0070
------------------------- time cost ------------------------- 19.651402711868286

-------------Round number: 109-------------

Evaluate heterogeneous models
Averaged Test Accuracy (Regular Model): 0.9254
Averaged Train Loss (Regular Model): 0.0001
Averaged Test AUC: 0.9913
Std Test Accurancy: 0.0463
Std Test AUC: 0.0070
------------------------- time cost ------------------------- 19.511940240859985

-------------Round number: 110-------------

Evaluate heterogeneous models
Averaged Test Accuracy (Regular Model): 0.9254
Averaged Train Loss (Regular Model): 0.0001
Averaged Test AUC: 0.9913
Std Test Accurancy: 0.0463
Std Test AUC: 0.0070
------------------------- time cost ------------------------- 19.57369041442871

-------------Round number: 111-------------

Evaluate heterogeneous models
Averaged Test Accuracy (Regular Model): 0.9254
Averaged Train Loss (Regular Model): 0.0001
Averaged Test AUC: 0.9913
Std Test Accurancy: 0.0464
Std Test AUC: 0.0070
------------------------- time cost ------------------------- 19.628268241882324

-------------Round number: 112-------------

Evaluate heterogeneous models
Averaged Test Accuracy (Regular Model): 0.9255
Averaged Train Loss (Regular Model): 0.0001
Averaged Test AUC: 0.9913
Std Test Accurancy: 0.0461
Std Test AUC: 0.0070
------------------------- time cost ------------------------- 19.711442232131958

-------------Round number: 113-------------

Evaluate heterogeneous models
Averaged Test Accuracy (Regular Model): 0.9253
Averaged Train Loss (Regular Model): 0.0001
Averaged Test AUC: 0.9913
Std Test Accurancy: 0.0463
Std Test AUC: 0.0070
------------------------- time cost ------------------------- 19.56956148147583

-------------Round number: 114-------------

Evaluate heterogeneous models
Averaged Test Accuracy (Regular Model): 0.9255
Averaged Train Loss (Regular Model): 0.0001
Averaged Test AUC: 0.9913
Std Test Accurancy: 0.0463
Std Test AUC: 0.0070
------------------------- time cost ------------------------- 19.57557725906372

-------------Round number: 115-------------

Evaluate heterogeneous models
Averaged Test Accuracy (Regular Model): 0.9255
Averaged Train Loss (Regular Model): 0.0001
Averaged Test AUC: 0.9913
Std Test Accurancy: 0.0461
Std Test AUC: 0.0070
------------------------- time cost ------------------------- 19.68484854698181

-------------Round number: 116-------------

Evaluate heterogeneous models
Averaged Test Accuracy (Regular Model): 0.9255
Averaged Train Loss (Regular Model): 0.0001
Averaged Test AUC: 0.9913
Std Test Accurancy: 0.0462
Std Test AUC: 0.0070
------------------------- time cost ------------------------- 19.823383808135986

-------------Round number: 117-------------

Evaluate heterogeneous models
Averaged Test Accuracy (Regular Model): 0.9254
Averaged Train Loss (Regular Model): 0.0001
Averaged Test AUC: 0.9913
Std Test Accurancy: 0.0462
Std Test AUC: 0.0070
------------------------- time cost ------------------------- 19.836138248443604

-------------Round number: 118-------------

Evaluate heterogeneous models
Averaged Test Accuracy (Regular Model): 0.9254
Averaged Train Loss (Regular Model): 0.0001
Averaged Test AUC: 0.9913
Std Test Accurancy: 0.0461
Std Test AUC: 0.0070
------------------------- time cost ------------------------- 19.596030473709106

-------------Round number: 119-------------

Evaluate heterogeneous models
Averaged Test Accuracy (Regular Model): 0.9255
Averaged Train Loss (Regular Model): 0.0001
Averaged Test AUC: 0.9912
Std Test Accurancy: 0.0462
Std Test AUC: 0.0070
------------------------- time cost ------------------------- 19.631574392318726

-------------Round number: 120-------------

Evaluate heterogeneous models
Averaged Test Accuracy (Regular Model): 0.9254
Averaged Train Loss (Regular Model): 0.0001
Averaged Test AUC: 0.9913
Std Test Accurancy: 0.0462
Std Test AUC: 0.0070
------------------------- time cost ------------------------- 19.69022274017334

-------------Round number: 121-------------

Evaluate heterogeneous models
Averaged Test Accuracy (Regular Model): 0.9253
Averaged Train Loss (Regular Model): 0.0001
Averaged Test AUC: 0.9913
Std Test Accurancy: 0.0462
Std Test AUC: 0.0070
------------------------- time cost ------------------------- 19.553839206695557

-------------Round number: 122-------------

Evaluate heterogeneous models
Averaged Test Accuracy (Regular Model): 0.9255
Averaged Train Loss (Regular Model): 0.0001
Averaged Test AUC: 0.9913
Std Test Accurancy: 0.0461
Std Test AUC: 0.0070
------------------------- time cost ------------------------- 19.639206171035767

-------------Round number: 123-------------

Evaluate heterogeneous models
Averaged Test Accuracy (Regular Model): 0.9255
Averaged Train Loss (Regular Model): 0.0001
Averaged Test AUC: 0.9913
Std Test Accurancy: 0.0461
Std Test AUC: 0.0070
------------------------- time cost ------------------------- 19.758177518844604

-------------Round number: 124-------------

Evaluate heterogeneous models
Averaged Test Accuracy (Regular Model): 0.9254
Averaged Train Loss (Regular Model): 0.0001
Averaged Test AUC: 0.9913
Std Test Accurancy: 0.0463
Std Test AUC: 0.0070
------------------------- time cost ------------------------- 19.504202127456665

-------------Round number: 125-------------

Evaluate heterogeneous models
Averaged Test Accuracy (Regular Model): 0.9255
Averaged Train Loss (Regular Model): 0.0001
Averaged Test AUC: 0.9912
Std Test Accurancy: 0.0462
Std Test AUC: 0.0070
------------------------- time cost ------------------------- 19.677744150161743

-------------Round number: 126-------------

Evaluate heterogeneous models
Averaged Test Accuracy (Regular Model): 0.9255
Averaged Train Loss (Regular Model): 0.0001
Averaged Test AUC: 0.9913
Std Test Accurancy: 0.0463
Std Test AUC: 0.0070
------------------------- time cost ------------------------- 19.716740369796753

-------------Round number: 127-------------

Evaluate heterogeneous models
Averaged Test Accuracy (Regular Model): 0.9255
Averaged Train Loss (Regular Model): 0.0001
Averaged Test AUC: 0.9913
Std Test Accurancy: 0.0462
Std Test AUC: 0.0070
------------------------- time cost ------------------------- 19.299332857131958

-------------Round number: 128-------------

Evaluate heterogeneous models
Averaged Test Accuracy (Regular Model): 0.9255
Averaged Train Loss (Regular Model): 0.0001
Averaged Test AUC: 0.9913
Std Test Accurancy: 0.0462
Std Test AUC: 0.0070
------------------------- time cost ------------------------- 20.026994943618774

-------------Round number: 129-------------

Evaluate heterogeneous models
Averaged Test Accuracy (Regular Model): 0.9254
Averaged Train Loss (Regular Model): 0.0001
Averaged Test AUC: 0.9912
Std Test Accurancy: 0.0463
Std Test AUC: 0.0070
------------------------- time cost ------------------------- 20.16544795036316

-------------Round number: 130-------------

Evaluate heterogeneous models
Averaged Test Accuracy (Regular Model): 0.9254
Averaged Train Loss (Regular Model): 0.0001
Averaged Test AUC: 0.9912
Std Test Accurancy: 0.0462
Std Test AUC: 0.0070
------------------------- time cost ------------------------- 19.773828983306885

-------------Round number: 131-------------

Evaluate heterogeneous models
Averaged Test Accuracy (Regular Model): 0.9254
Averaged Train Loss (Regular Model): 0.0001
Averaged Test AUC: 0.9912
Std Test Accurancy: 0.0461
Std Test AUC: 0.0070
------------------------- time cost ------------------------- 19.594894409179688

-------------Round number: 132-------------

Evaluate heterogeneous models
Averaged Test Accuracy (Regular Model): 0.9254
Averaged Train Loss (Regular Model): 0.0001
Averaged Test AUC: 0.9912
Std Test Accurancy: 0.0461
Std Test AUC: 0.0070
------------------------- time cost ------------------------- 19.572998046875

-------------Round number: 133-------------

Evaluate heterogeneous models
Averaged Test Accuracy (Regular Model): 0.9256
Averaged Train Loss (Regular Model): 0.0001
Averaged Test AUC: 0.9912
Std Test Accurancy: 0.0461
Std Test AUC: 0.0070
------------------------- time cost ------------------------- 19.566349029541016

-------------Round number: 134-------------

Evaluate heterogeneous models
Averaged Test Accuracy (Regular Model): 0.9254
Averaged Train Loss (Regular Model): 0.0001
Averaged Test AUC: 0.9913
Std Test Accurancy: 0.0462
Std Test AUC: 0.0070
------------------------- time cost ------------------------- 19.5177960395813

-------------Round number: 135-------------

Evaluate heterogeneous models
Averaged Test Accuracy (Regular Model): 0.9255
Averaged Train Loss (Regular Model): 0.0001
Averaged Test AUC: 0.9912
Std Test Accurancy: 0.0462
Std Test AUC: 0.0070
------------------------- time cost ------------------------- 19.546505212783813

-------------Round number: 136-------------

Evaluate heterogeneous models
Averaged Test Accuracy (Regular Model): 0.9254
Averaged Train Loss (Regular Model): 0.0001
Averaged Test AUC: 0.9912
Std Test Accurancy: 0.0462
Std Test AUC: 0.0070
------------------------- time cost ------------------------- 20.19400429725647

-------------Round number: 137-------------

Evaluate heterogeneous models
Averaged Test Accuracy (Regular Model): 0.9255
Averaged Train Loss (Regular Model): 0.0001
Averaged Test AUC: 0.9912
Std Test Accurancy: 0.0461
Std Test AUC: 0.0070
------------------------- time cost ------------------------- 19.549853801727295

-------------Round number: 138-------------

Evaluate heterogeneous models
Averaged Test Accuracy (Regular Model): 0.9255
Averaged Train Loss (Regular Model): 0.0001
Averaged Test AUC: 0.9912
Std Test Accurancy: 0.0462
Std Test AUC: 0.0070
------------------------- time cost ------------------------- 19.633629322052002

-------------Round number: 139-------------

Evaluate heterogeneous models
Averaged Test Accuracy (Regular Model): 0.9255
Averaged Train Loss (Regular Model): 0.0001
Averaged Test AUC: 0.9912
Std Test Accurancy: 0.0462
Std Test AUC: 0.0070
------------------------- time cost ------------------------- 19.647303581237793

-------------Round number: 140-------------

Evaluate heterogeneous models
Averaged Test Accuracy (Regular Model): 0.9254
Averaged Train Loss (Regular Model): 0.0001
Averaged Test AUC: 0.9912
Std Test Accurancy: 0.0461
Std Test AUC: 0.0070
------------------------- time cost ------------------------- 19.683629751205444

-------------Round number: 141-------------

Evaluate heterogeneous models
Averaged Test Accuracy (Regular Model): 0.9255
Averaged Train Loss (Regular Model): 0.0001
Averaged Test AUC: 0.9912
Std Test Accurancy: 0.0462
Std Test AUC: 0.0070
------------------------- time cost ------------------------- 19.546922206878662

-------------Round number: 142-------------

Evaluate heterogeneous models
Averaged Test Accuracy (Regular Model): 0.9254
Averaged Train Loss (Regular Model): 0.0001
Averaged Test AUC: 0.9912
Std Test Accurancy: 0.0462
Std Test AUC: 0.0070
------------------------- time cost ------------------------- 20.008251667022705

-------------Round number: 143-------------

Evaluate heterogeneous models
Averaged Test Accuracy (Regular Model): 0.9254
Averaged Train Loss (Regular Model): 0.0001
Averaged Test AUC: 0.9912
Std Test Accurancy: 0.0461
Std Test AUC: 0.0070
------------------------- time cost ------------------------- 19.354392766952515

-------------Round number: 144-------------

Evaluate heterogeneous models
Averaged Test Accuracy (Regular Model): 0.9255
Averaged Train Loss (Regular Model): 0.0001
Averaged Test AUC: 0.9912
Std Test Accurancy: 0.0462
Std Test AUC: 0.0071
------------------------- time cost ------------------------- 19.54692506790161

-------------Round number: 145-------------

Evaluate heterogeneous models
Averaged Test Accuracy (Regular Model): 0.9254
Averaged Train Loss (Regular Model): 0.0001
Averaged Test AUC: 0.9912
Std Test Accurancy: 0.0461
Std Test AUC: 0.0070
------------------------- time cost ------------------------- 19.67324686050415

-------------Round number: 146-------------

Evaluate heterogeneous models
Averaged Test Accuracy (Regular Model): 0.9254
Averaged Train Loss (Regular Model): 0.0001
Averaged Test AUC: 0.9912
Std Test Accurancy: 0.0461
Std Test AUC: 0.0070
------------------------- time cost ------------------------- 19.68312382698059

-------------Round number: 147-------------

Evaluate heterogeneous models
Averaged Test Accuracy (Regular Model): 0.9254
Averaged Train Loss (Regular Model): 0.0001
Averaged Test AUC: 0.9912
Std Test Accurancy: 0.0462
Std Test AUC: 0.0070
------------------------- time cost ------------------------- 19.206376552581787

-------------Round number: 148-------------

Evaluate heterogeneous models
Averaged Test Accuracy (Regular Model): 0.9254
Averaged Train Loss (Regular Model): 0.0001
Averaged Test AUC: 0.9912
Std Test Accurancy: 0.0461
Std Test AUC: 0.0070
------------------------- time cost ------------------------- 20.523974895477295

-------------Round number: 149-------------

Evaluate heterogeneous models
Averaged Test Accuracy (Regular Model): 0.9254
Averaged Train Loss (Regular Model): 0.0001
Averaged Test AUC: 0.9912
Std Test Accurancy: 0.0461
Std Test AUC: 0.0070
------------------------- time cost ------------------------- 20.354939699172974

-------------Round number: 150-------------

Evaluate heterogeneous models
Averaged Test Accuracy (Regular Model): 0.9254
Averaged Train Loss (Regular Model): 0.0001
Averaged Test AUC: 0.9912
Std Test Accurancy: 0.0462
Std Test AUC: 0.0070
------------------------- time cost ------------------------- 20.038711547851562

-------------Round number: 151-------------

Evaluate heterogeneous models
Averaged Test Accuracy (Regular Model): 0.9255
Averaged Train Loss (Regular Model): 0.0001
Averaged Test AUC: 0.9912
Std Test Accurancy: 0.0462
Std Test AUC: 0.0070
------------------------- time cost ------------------------- 19.86811399459839

-------------Round number: 152-------------

Evaluate heterogeneous models
Averaged Test Accuracy (Regular Model): 0.9254
Averaged Train Loss (Regular Model): 0.0001
Averaged Test AUC: 0.9912
Std Test Accurancy: 0.0461
Std Test AUC: 0.0070
------------------------- time cost ------------------------- 19.78823471069336

-------------Round number: 153-------------

Evaluate heterogeneous models
Averaged Test Accuracy (Regular Model): 0.9253
Averaged Train Loss (Regular Model): 0.0001
Averaged Test AUC: 0.9912
Std Test Accurancy: 0.0463
Std Test AUC: 0.0070
------------------------- time cost ------------------------- 19.77627682685852

-------------Round number: 154-------------

Evaluate heterogeneous models
Averaged Test Accuracy (Regular Model): 0.9254
Averaged Train Loss (Regular Model): 0.0001
Averaged Test AUC: 0.9912
Std Test Accurancy: 0.0462
Std Test AUC: 0.0071
------------------------- time cost ------------------------- 19.665061712265015

-------------Round number: 155-------------

Evaluate heterogeneous models
Averaged Test Accuracy (Regular Model): 0.9255
Averaged Train Loss (Regular Model): 0.0001
Averaged Test AUC: 0.9912
Std Test Accurancy: 0.0462
Std Test AUC: 0.0070
------------------------- time cost ------------------------- 19.783032655715942

-------------Round number: 156-------------

Evaluate heterogeneous models
Averaged Test Accuracy (Regular Model): 0.9253
Averaged Train Loss (Regular Model): 0.0001
Averaged Test AUC: 0.9912
Std Test Accurancy: 0.0462
Std Test AUC: 0.0070
------------------------- time cost ------------------------- 19.74555516242981

-------------Round number: 157-------------

Evaluate heterogeneous models
Averaged Test Accuracy (Regular Model): 0.9253
Averaged Train Loss (Regular Model): 0.0001
Averaged Test AUC: 0.9912
Std Test Accurancy: 0.0462
Std Test AUC: 0.0070
------------------------- time cost ------------------------- 19.66604518890381

-------------Round number: 158-------------

Evaluate heterogeneous models
Averaged Test Accuracy (Regular Model): 0.9253
Averaged Train Loss (Regular Model): 0.0001
Averaged Test AUC: 0.9912
Std Test Accurancy: 0.0463
Std Test AUC: 0.0070
------------------------- time cost ------------------------- 19.588996410369873

-------------Round number: 159-------------

Evaluate heterogeneous models
Averaged Test Accuracy (Regular Model): 0.9254
Averaged Train Loss (Regular Model): 0.0001
Averaged Test AUC: 0.9912
Std Test Accurancy: 0.0461
Std Test AUC: 0.0070
------------------------- time cost ------------------------- 19.68305540084839

-------------Round number: 160-------------

Evaluate heterogeneous models
Averaged Test Accuracy (Regular Model): 0.9253
Averaged Train Loss (Regular Model): 0.0001
Averaged Test AUC: 0.9912
Std Test Accurancy: 0.0462
Std Test AUC: 0.0070
------------------------- time cost ------------------------- 19.703190326690674

-------------Round number: 161-------------

Evaluate heterogeneous models
Averaged Test Accuracy (Regular Model): 0.9254
Averaged Train Loss (Regular Model): 0.0001
Averaged Test AUC: 0.9912
Std Test Accurancy: 0.0461
Std Test AUC: 0.0070
------------------------- time cost ------------------------- 19.78606915473938

-------------Round number: 162-------------

Evaluate heterogeneous models
Averaged Test Accuracy (Regular Model): 0.9254
Averaged Train Loss (Regular Model): 0.0001
Averaged Test AUC: 0.9912
Std Test Accurancy: 0.0462
Std Test AUC: 0.0070
------------------------- time cost ------------------------- 19.761633157730103

-------------Round number: 163-------------

Evaluate heterogeneous models
Averaged Test Accuracy (Regular Model): 0.9253
Averaged Train Loss (Regular Model): 0.0001
Averaged Test AUC: 0.9912
Std Test Accurancy: 0.0461
Std Test AUC: 0.0070
------------------------- time cost ------------------------- 19.817575216293335

-------------Round number: 164-------------

Evaluate heterogeneous models
Averaged Test Accuracy (Regular Model): 0.9254
Averaged Train Loss (Regular Model): 0.0001
Averaged Test AUC: 0.9912
Std Test Accurancy: 0.0462
Std Test AUC: 0.0070
------------------------- time cost ------------------------- 19.53700542449951

-------------Round number: 165-------------

Evaluate heterogeneous models
Averaged Test Accuracy (Regular Model): 0.9254
Averaged Train Loss (Regular Model): 0.0001
Averaged Test AUC: 0.9912
Std Test Accurancy: 0.0461
Std Test AUC: 0.0070
------------------------- time cost ------------------------- 19.634248733520508

-------------Round number: 166-------------

Evaluate heterogeneous models
Averaged Test Accuracy (Regular Model): 0.9254
Averaged Train Loss (Regular Model): 0.0001
Averaged Test AUC: 0.9912
Std Test Accurancy: 0.0463
Std Test AUC: 0.0070
------------------------- time cost ------------------------- 19.593857765197754

-------------Round number: 167-------------

Evaluate heterogeneous models
Averaged Test Accuracy (Regular Model): 0.9253
Averaged Train Loss (Regular Model): 0.0001
Averaged Test AUC: 0.9912
Std Test Accurancy: 0.0462
Std Test AUC: 0.0071
------------------------- time cost ------------------------- 19.6295907497406

-------------Round number: 168-------------

Evaluate heterogeneous models
Averaged Test Accuracy (Regular Model): 0.9253
Averaged Train Loss (Regular Model): 0.0001
Averaged Test AUC: 0.9912
Std Test Accurancy: 0.0462
Std Test AUC: 0.0071
------------------------- time cost ------------------------- 19.59717559814453

-------------Round number: 169-------------

Evaluate heterogeneous models
Averaged Test Accuracy (Regular Model): 0.9253
Averaged Train Loss (Regular Model): 0.0001
Averaged Test AUC: 0.9912
Std Test Accurancy: 0.0463
Std Test AUC: 0.0071
------------------------- time cost ------------------------- 19.64005422592163

-------------Round number: 170-------------

Evaluate heterogeneous models
Averaged Test Accuracy (Regular Model): 0.9253
Averaged Train Loss (Regular Model): 0.0001
Averaged Test AUC: 0.9912
Std Test Accurancy: 0.0462
Std Test AUC: 0.0071
------------------------- time cost ------------------------- 19.527679443359375

-------------Round number: 171-------------

Evaluate heterogeneous models
Averaged Test Accuracy (Regular Model): 0.9254
Averaged Train Loss (Regular Model): 0.0001
Averaged Test AUC: 0.9912
Std Test Accurancy: 0.0461
Std Test AUC: 0.0070
------------------------- time cost ------------------------- 19.590983867645264

-------------Round number: 172-------------

Evaluate heterogeneous models
Averaged Test Accuracy (Regular Model): 0.9254
Averaged Train Loss (Regular Model): 0.0001
Averaged Test AUC: 0.9912
Std Test Accurancy: 0.0463
Std Test AUC: 0.0071
------------------------- time cost ------------------------- 19.50232243537903

-------------Round number: 173-------------

Evaluate heterogeneous models
Averaged Test Accuracy (Regular Model): 0.9254
Averaged Train Loss (Regular Model): 0.0001
Averaged Test AUC: 0.9912
Std Test Accurancy: 0.0463
Std Test AUC: 0.0070
------------------------- time cost ------------------------- 19.617459058761597

-------------Round number: 174-------------

Evaluate heterogeneous models
Averaged Test Accuracy (Regular Model): 0.9253
Averaged Train Loss (Regular Model): 0.0001
Averaged Test AUC: 0.9912
Std Test Accurancy: 0.0461
Std Test AUC: 0.0071
------------------------- time cost ------------------------- 19.567389011383057

-------------Round number: 175-------------

Evaluate heterogeneous models
Averaged Test Accuracy (Regular Model): 0.9254
Averaged Train Loss (Regular Model): 0.0001
Averaged Test AUC: 0.9912
Std Test Accurancy: 0.0462
Std Test AUC: 0.0070
------------------------- time cost ------------------------- 19.640666723251343

-------------Round number: 176-------------

Evaluate heterogeneous models
Averaged Test Accuracy (Regular Model): 0.9254
Averaged Train Loss (Regular Model): 0.0001
Averaged Test AUC: 0.9912
Std Test Accurancy: 0.0462
Std Test AUC: 0.0070
------------------------- time cost ------------------------- 19.675340175628662

-------------Round number: 177-------------

Evaluate heterogeneous models
Averaged Test Accuracy (Regular Model): 0.9254
Averaged Train Loss (Regular Model): 0.0001
Averaged Test AUC: 0.9912
Std Test Accurancy: 0.0461
Std Test AUC: 0.0071
------------------------- time cost ------------------------- 19.623521089553833

-------------Round number: 178-------------

Evaluate heterogeneous models
Averaged Test Accuracy (Regular Model): 0.9252
Averaged Train Loss (Regular Model): 0.0001
Averaged Test AUC: 0.9912
Std Test Accurancy: 0.0462
Std Test AUC: 0.0071
------------------------- time cost ------------------------- 19.773513317108154

-------------Round number: 179-------------

Evaluate heterogeneous models
Averaged Test Accuracy (Regular Model): 0.9253
Averaged Train Loss (Regular Model): 0.0001
Averaged Test AUC: 0.9912
Std Test Accurancy: 0.0462
Std Test AUC: 0.0071
------------------------- time cost ------------------------- 19.933395862579346

-------------Round number: 180-------------

Evaluate heterogeneous models
Averaged Test Accuracy (Regular Model): 0.9253
Averaged Train Loss (Regular Model): 0.0001
Averaged Test AUC: 0.9912
Std Test Accurancy: 0.0464
Std Test AUC: 0.0071
------------------------- time cost ------------------------- 19.668112754821777

-------------Round number: 181-------------

Evaluate heterogeneous models
Averaged Test Accuracy (Regular Model): 0.9254
Averaged Train Loss (Regular Model): 0.0001
Averaged Test AUC: 0.9912
Std Test Accurancy: 0.0464
Std Test AUC: 0.0070
------------------------- time cost ------------------------- 19.714261293411255

-------------Round number: 182-------------

Evaluate heterogeneous models
Averaged Test Accuracy (Regular Model): 0.9253
Averaged Train Loss (Regular Model): 0.0001
Averaged Test AUC: 0.9912
Std Test Accurancy: 0.0462
Std Test AUC: 0.0070
------------------------- time cost ------------------------- 19.739124059677124

-------------Round number: 183-------------

Evaluate heterogeneous models
Averaged Test Accuracy (Regular Model): 0.9253
Averaged Train Loss (Regular Model): 0.0001
Averaged Test AUC: 0.9912
Std Test Accurancy: 0.0462
Std Test AUC: 0.0071
------------------------- time cost ------------------------- 19.651907205581665

-------------Round number: 184-------------

Evaluate heterogeneous models
Averaged Test Accuracy (Regular Model): 0.9252
Averaged Train Loss (Regular Model): 0.0001
Averaged Test AUC: 0.9912
Std Test Accurancy: 0.0462
Std Test AUC: 0.0071
------------------------- time cost ------------------------- 19.60695457458496

-------------Round number: 185-------------

Evaluate heterogeneous models
Averaged Test Accuracy (Regular Model): 0.9253
Averaged Train Loss (Regular Model): 0.0001
Averaged Test AUC: 0.9912
Std Test Accurancy: 0.0460
Std Test AUC: 0.0071
------------------------- time cost ------------------------- 19.60644769668579

-------------Round number: 186-------------

Evaluate heterogeneous models
Averaged Test Accuracy (Regular Model): 0.9253
Averaged Train Loss (Regular Model): 0.0001
Averaged Test AUC: 0.9912
Std Test Accurancy: 0.0461
Std Test AUC: 0.0070
------------------------- time cost ------------------------- 19.48452639579773

-------------Round number: 187-------------

Evaluate heterogeneous models
Averaged Test Accuracy (Regular Model): 0.9253
Averaged Train Loss (Regular Model): 0.0001
Averaged Test AUC: 0.9912
Std Test Accurancy: 0.0463
Std Test AUC: 0.0071
------------------------- time cost ------------------------- 19.69551157951355

-------------Round number: 188-------------

Evaluate heterogeneous models
Averaged Test Accuracy (Regular Model): 0.9255
Averaged Train Loss (Regular Model): 0.0001
Averaged Test AUC: 0.9912
Std Test Accurancy: 0.0460
Std Test AUC: 0.0071
------------------------- time cost ------------------------- 19.504805088043213

-------------Round number: 189-------------

Evaluate heterogeneous models
Averaged Test Accuracy (Regular Model): 0.9254
Averaged Train Loss (Regular Model): 0.0001
Averaged Test AUC: 0.9912
Std Test Accurancy: 0.0464
Std Test AUC: 0.0070
------------------------- time cost ------------------------- 19.658575296401978

-------------Round number: 190-------------

Evaluate heterogeneous models
Averaged Test Accuracy (Regular Model): 0.9253
Averaged Train Loss (Regular Model): 0.0001
Averaged Test AUC: 0.9912
Std Test Accurancy: 0.0462
Std Test AUC: 0.0071
------------------------- time cost ------------------------- 19.70985746383667

-------------Round number: 191-------------

Evaluate heterogeneous models
Averaged Test Accuracy (Regular Model): 0.9253
Averaged Train Loss (Regular Model): 0.0001
Averaged Test AUC: 0.9912
Std Test Accurancy: 0.0463
Std Test AUC: 0.0071
------------------------- time cost ------------------------- 19.5481219291687

-------------Round number: 192-------------

Evaluate heterogeneous models
Averaged Test Accuracy (Regular Model): 0.9253
Averaged Train Loss (Regular Model): 0.0001
Averaged Test AUC: 0.9912
Std Test Accurancy: 0.0462
Std Test AUC: 0.0071
------------------------- time cost ------------------------- 19.6360821723938

-------------Round number: 193-------------

Evaluate heterogeneous models
Averaged Test Accuracy (Regular Model): 0.9251
Averaged Train Loss (Regular Model): 0.0001
Averaged Test AUC: 0.9912
Std Test Accurancy: 0.0463
Std Test AUC: 0.0071
------------------------- time cost ------------------------- 19.4910626411438

-------------Round number: 194-------------

Evaluate heterogeneous models
Averaged Test Accuracy (Regular Model): 0.9253
Averaged Train Loss (Regular Model): 0.0001
Averaged Test AUC: 0.9912
Std Test Accurancy: 0.0462
Std Test AUC: 0.0071
------------------------- time cost ------------------------- 19.583555936813354

-------------Round number: 195-------------

Evaluate heterogeneous models
Averaged Test Accuracy (Regular Model): 0.9253
Averaged Train Loss (Regular Model): 0.0001
Averaged Test AUC: 0.9912
Std Test Accurancy: 0.0462
Std Test AUC: 0.0071
------------------------- time cost ------------------------- 19.619784593582153

-------------Round number: 196-------------

Evaluate heterogeneous models
Averaged Test Accuracy (Regular Model): 0.9253
Averaged Train Loss (Regular Model): 0.0001
Averaged Test AUC: 0.9912
Std Test Accurancy: 0.0463
Std Test AUC: 0.0071
------------------------- time cost ------------------------- 19.574819803237915

-------------Round number: 197-------------

Evaluate heterogeneous models
Averaged Test Accuracy (Regular Model): 0.9253
Averaged Train Loss (Regular Model): 0.0001
Averaged Test AUC: 0.9912
Std Test Accurancy: 0.0463
Std Test AUC: 0.0071
------------------------- time cost ------------------------- 19.798875093460083

-------------Round number: 198-------------

Evaluate heterogeneous models
Averaged Test Accuracy (Regular Model): 0.9253
Averaged Train Loss (Regular Model): 0.0001
Averaged Test AUC: 0.9912
Std Test Accurancy: 0.0463
Std Test AUC: 0.0071
------------------------- time cost ------------------------- 19.66161036491394

-------------Round number: 199-------------

Evaluate heterogeneous models
Averaged Test Accuracy (Regular Model): 0.9253
Averaged Train Loss (Regular Model): 0.0001
Averaged Test AUC: 0.9912
Std Test Accurancy: 0.0461
Std Test AUC: 0.0071
------------------------- time cost ------------------------- 19.666611671447754

-------------Round number: 200-------------

Evaluate heterogeneous models
Averaged Test Accuracy (Regular Model): 0.9254
Averaged Train Loss (Regular Model): 0.0001
Averaged Test AUC: 0.9912
Std Test Accurancy: 0.0462
Std Test AUC: 0.0071

Best accuracy.
0.9265159301130524

Average time cost per round.
19.660105527639388
File path: ../results/FashionMNIST_dir_0.3_imbalance_40_FedGen_test_0.h5

Average time cost: 4129.93s.
Length:  201
std for best accurancy: 0.0
mean for best accurancy: 0.9265159301130524
All done!

Storage on cpu
-------------------------------------------------------------------------------
Total Tensors: 5530 	Used Memory: 40.50K
-------------------------------------------------------------------------------

Storage on cuda:0
-------------------------------------------------------------------------------
Total Tensors: 410400 	Used Memory: 1.60M
The allocated memory on cuda:0: 1.60M
-------------------------------------------------------------------------------
