==================================================
goal = test
device = cuda
device_id = 0
dataset = MNIST_dir_0.3_imbalance_40
jetson = 0
DVFS = 0
drawGMM = 0
num_classes = 10
model_family = HCNNs8
batch_size = 256
num_workers = 0
local_learning_rate = 0.06
use_decay_scheduler = False
learning_rate_decay = False
learning_rate_decay_gamma = 0.99
global_rounds = 200
edge_epochs = 1
local_epochs = 5
algorithm = FedGen
join_ratio = 1.0
edge_join_ratio = 1.0
random_join_ratio = False
num_clients = 40
num_edges = 10
prev = 0
times = 1
eval_gap = 1
save_folder_name = temp
auto_break = False
feature_dim = 512
vocab_size = 98635
max_len = 200
client_drop_rate = 0.0
train_slow_rate = 0.0
send_slow_rate = 0.0
time_select = False
time_threthold = 10000
optimizer = SGD
lamda = 1.0
weight_decay = 0
trans_delay_simulate = False
momentum = 0.8
agg_type = 0
buffersize = 10
gl_use_clients = 1
test_useglclassifier = 1
gamma = 1
extra_loss = 0
delta = 1
drawtsne = 1
drawround = 20
noise_dim = 32
generator_learning_rate = 0.0001
hidden_dim = 512
server_epochs = 100
alpha = 1.0
beta = 1.0
mentee_learning_rate = 0.005
T_start = 0.95
T_end = 0.98
server_learning_rate = 0.01
margin_threthold = 100.0
generator_path = stylegan/stylegan-xl-models/imagenet64.pkl
stable_diffusion_prompt = a cat
server_batch_size = 100
gen_batch_size = 4
mu = 50.0
buffer_size = 10
==================================================
Random seed set as 42

============= Running time: 0th =============
Creating server and clients ...
CNN(num_cov=1, hidden_dims=[], in_features=1, num_classes=args.num_classes)
CNN(num_cov=2, hidden_dims=[], in_features=1, num_classes=args.num_classes)
CNN(num_cov=1, hidden_dims=[512], in_features=1, num_classes=args.num_classes)
CNN(num_cov=2, hidden_dims=[512], in_features=1, num_classes=args.num_classes)
CNN(num_cov=1, hidden_dims=[1024], in_features=1, num_classes=args.num_classes)
CNN(num_cov=2, hidden_dims=[1024], in_features=1, num_classes=args.num_classes)
CNN(num_cov=1, hidden_dims=[1024, 512], in_features=1, num_classes=args.num_classes)
CNN(num_cov=2, hidden_dims=[1024, 512], in_features=1, num_classes=args.num_classes)
temp/MNIST_dir_0.3_imbalance_40/NE_10/featuredim_512/FedGen/SGD/lr_0.06/wd_0/momentum_0.8/lbs_256/lamda_1.0/localepoch_5/buffer_10/gamma_1_usegltest_1/1736516750.1015983
CNN(num_cov=1, hidden_dims=[], in_features=1, num_classes=args.num_classes) model chosen!
id 0
label_counts: defaultdict(<class 'int'>, {7: 555, 6: 217, 8: 476, 1: 39, 4: 125, 0: 3, 5: 11, 2: 31})
CNN(num_cov=2, hidden_dims=[], in_features=1, num_classes=args.num_classes) model chosen!
id 1
label_counts: defaultdict(<class 'int'>, {1: 333, 8: 357, 7: 261, 0: 228, 3: 105, 4: 47, 2: 9, 5: 6, 6: 4})
CNN(num_cov=1, hidden_dims=[512], in_features=1, num_classes=args.num_classes) model chosen!
id 2
label_counts: defaultdict(<class 'int'>, {9: 589, 4: 458, 2: 150, 0: 77, 6: 53, 3: 26, 8: 35, 5: 3, 1: 6})
CNN(num_cov=2, hidden_dims=[512], in_features=1, num_classes=args.num_classes) model chosen!
id 3
label_counts: defaultdict(<class 'int'>, {1: 495, 0: 158, 8: 254, 3: 113, 2: 22, 7: 3, 6: 7, 9: 1})
CNN(num_cov=1, hidden_dims=[1024], in_features=1, num_classes=args.num_classes) model chosen!
id 4
label_counts: defaultdict(<class 'int'>, {6: 69, 7: 207, 8: 302, 3: 297, 0: 55, 1: 31, 5: 7, 9: 14, 4: 1})
CNN(num_cov=2, hidden_dims=[1024], in_features=1, num_classes=args.num_classes) model chosen!
id 5
label_counts: defaultdict(<class 'int'>, {5: 312, 3: 545, 2: 45, 8: 47, 7: 8, 0: 12, 4: 1, 9: 3})
CNN(num_cov=1, hidden_dims=[1024, 512], in_features=1, num_classes=args.num_classes) model chosen!
id 6
label_counts: defaultdict(<class 'int'>, {3: 547, 5: 74, 6: 90, 7: 41, 1: 25, 2: 55, 9: 46, 8: 15, 0: 1})
CNN(num_cov=2, hidden_dims=[1024, 512], in_features=1, num_classes=args.num_classes) model chosen!
id 7
label_counts: defaultdict(<class 'int'>, {8: 546, 7: 55, 2: 54, 3: 1041, 4: 19, 6: 71})
CNN(num_cov=1, hidden_dims=[], in_features=1, num_classes=args.num_classes) model chosen!
id 8
label_counts: defaultdict(<class 'int'>, {2: 159, 7: 322, 9: 119, 4: 87, 5: 291, 8: 140, 6: 92, 3: 8, 0: 24, 1: 6})
CNN(num_cov=2, hidden_dims=[], in_features=1, num_classes=args.num_classes) model chosen!
id 9
label_counts: defaultdict(<class 'int'>, {0: 199, 7: 464, 2: 203, 4: 138, 3: 101, 8: 47, 5: 114, 1: 5, 9: 4})
CNN(num_cov=1, hidden_dims=[512], in_features=1, num_classes=args.num_classes) model chosen!
id 10
label_counts: defaultdict(<class 'int'>, {2: 980, 6: 188, 7: 951, 3: 39, 0: 3, 5: 8})
CNN(num_cov=2, hidden_dims=[512], in_features=1, num_classes=args.num_classes) model chosen!
id 11
label_counts: defaultdict(<class 'int'>, {5: 579, 4: 100, 0: 803, 2: 58, 1: 11})
CNN(num_cov=1, hidden_dims=[1024], in_features=1, num_classes=args.num_classes) model chosen!
id 12
label_counts: defaultdict(<class 'int'>, {9: 1822, 3: 372, 6: 311, 4: 240, 5: 107, 0: 46, 2: 2, 8: 10})
CNN(num_cov=2, hidden_dims=[1024], in_features=1, num_classes=args.num_classes) model chosen!
id 13
label_counts: defaultdict(<class 'int'>, {6: 708, 4: 126, 2: 62, 0: 22, 5: 9, 3: 198, 7: 402, 1: 1})
CNN(num_cov=1, hidden_dims=[1024, 512], in_features=1, num_classes=args.num_classes) model chosen!
id 14
label_counts: defaultdict(<class 'int'>, {3: 380, 7: 628, 4: 393, 6: 54, 1: 54, 0: 2})
CNN(num_cov=2, hidden_dims=[1024, 512], in_features=1, num_classes=args.num_classes) model chosen!
id 15
label_counts: defaultdict(<class 'int'>, {9: 294, 7: 199, 1: 279, 8: 107, 4: 57, 6: 16, 3: 8, 2: 4, 0: 5})
CNN(num_cov=1, hidden_dims=[], in_features=1, num_classes=args.num_classes) model chosen!
id 16
label_counts: defaultdict(<class 'int'>, {9: 192, 8: 72, 2: 565, 6: 243, 1: 61, 0: 75, 4: 2, 5: 22, 3: 36, 7: 16})
CNN(num_cov=2, hidden_dims=[], in_features=1, num_classes=args.num_classes) model chosen!
id 17
label_counts: defaultdict(<class 'int'>, {6: 102, 1: 376, 0: 255, 3: 14, 2: 14, 5: 4, 9: 3})
CNN(num_cov=1, hidden_dims=[512], in_features=1, num_classes=args.num_classes) model chosen!
id 18
label_counts: defaultdict(<class 'int'>, {4: 749, 3: 407, 5: 258, 2: 7})
CNN(num_cov=2, hidden_dims=[512], in_features=1, num_classes=args.num_classes) model chosen!
id 19
label_counts: defaultdict(<class 'int'>, {6: 106, 5: 93, 4: 122, 0: 220, 1: 74, 3: 4, 2: 76, 9: 2, 7: 1})
CNN(num_cov=1, hidden_dims=[1024], in_features=1, num_classes=args.num_classes) model chosen!
id 20
label_counts: defaultdict(<class 'int'>, {4: 386, 5: 1231, 1: 467, 3: 238, 2: 21})
CNN(num_cov=2, hidden_dims=[1024], in_features=1, num_classes=args.num_classes) model chosen!
id 21
label_counts: defaultdict(<class 'int'>, {2: 419, 8: 99, 9: 130, 6: 399, 1: 46, 3: 3, 5: 12, 7: 5, 0: 1})
CNN(num_cov=1, hidden_dims=[1024, 512], in_features=1, num_classes=args.num_classes) model chosen!
id 22
label_counts: defaultdict(<class 'int'>, {1: 834, 0: 234, 2: 285})
CNN(num_cov=2, hidden_dims=[1024, 512], in_features=1, num_classes=args.num_classes) model chosen!
id 23
label_counts: defaultdict(<class 'int'>, {6: 331, 2: 150, 0: 170, 3: 37, 9: 27, 1: 86, 4: 12, 5: 1, 7: 1})
CNN(num_cov=1, hidden_dims=[], in_features=1, num_classes=args.num_classes) model chosen!
id 24
label_counts: defaultdict(<class 'int'>, {7: 429, 6: 73, 4: 95, 1: 62, 9: 14, 3: 14, 8: 2, 5: 3})
CNN(num_cov=2, hidden_dims=[], in_features=1, num_classes=args.num_classes) model chosen!
id 25
label_counts: defaultdict(<class 'int'>, {2: 154, 1: 744, 4: 387, 3: 4, 7: 9, 5: 21})
CNN(num_cov=1, hidden_dims=[512], in_features=1, num_classes=args.num_classes) model chosen!
id 26
label_counts: defaultdict(<class 'int'>, {0: 436, 6: 80, 2: 274, 3: 244, 1: 73, 7: 42, 9: 48, 5: 7, 8: 11, 4: 2})
CNN(num_cov=2, hidden_dims=[512], in_features=1, num_classes=args.num_classes) model chosen!
id 27
label_counts: defaultdict(<class 'int'>, {5: 449, 9: 408, 7: 274, 4: 214, 0: 44, 1: 18, 2: 3, 6: 2})
CNN(num_cov=1, hidden_dims=[1024], in_features=1, num_classes=args.num_classes) model chosen!
id 28
label_counts: defaultdict(<class 'int'>, {0: 534, 3: 404, 2: 383})
CNN(num_cov=2, hidden_dims=[1024], in_features=1, num_classes=args.num_classes) model chosen!
id 29
label_counts: defaultdict(<class 'int'>, {8: 790, 0: 186, 2: 135, 4: 882, 1: 27, 3: 4, 6: 3, 5: 1})
CNN(num_cov=1, hidden_dims=[1024, 512], in_features=1, num_classes=args.num_classes) model chosen!
id 30
label_counts: defaultdict(<class 'int'>, {2: 457, 5: 528, 1: 164, 0: 298, 4: 44, 3: 15})
CNN(num_cov=2, hidden_dims=[1024, 512], in_features=1, num_classes=args.num_classes) model chosen!
id 31
label_counts: defaultdict(<class 'int'>, {9: 275, 1: 451, 6: 12, 4: 110, 8: 27, 0: 8, 7: 1, 3: 2})
CNN(num_cov=1, hidden_dims=[], in_features=1, num_classes=args.num_classes) model chosen!
id 32
label_counts: defaultdict(<class 'int'>, {0: 68, 9: 625, 5: 252, 2: 70, 3: 29, 7: 9, 6: 3, 8: 6, 1: 1})
CNN(num_cov=2, hidden_dims=[], in_features=1, num_classes=args.num_classes) model chosen!
id 33
label_counts: defaultdict(<class 'int'>, {6: 877, 2: 252, 0: 237, 1: 72, 4: 42, 3: 55, 5: 1})
CNN(num_cov=1, hidden_dims=[512], in_features=1, num_classes=args.num_classes) model chosen!
id 34
label_counts: defaultdict(<class 'int'>, {0: 675, 4: 234, 1: 71, 9: 128, 6: 57, 2: 44, 7: 6, 5: 20, 3: 1})
CNN(num_cov=2, hidden_dims=[512], in_features=1, num_classes=args.num_classes) model chosen!
id 35
label_counts: defaultdict(<class 'int'>, {6: 421, 8: 134, 2: 59, 7: 73, 9: 67, 5: 7, 3: 3, 1: 1})
CNN(num_cov=1, hidden_dims=[1024], in_features=1, num_classes=args.num_classes) model chosen!
id 36
label_counts: defaultdict(<class 'int'>, {6: 467, 9: 45, 4: 63, 1: 212, 3: 18, 2: 79, 8: 24, 7: 126, 0: 13})
CNN(num_cov=2, hidden_dims=[1024], in_features=1, num_classes=args.num_classes) model chosen!
id 37
label_counts: defaultdict(<class 'int'>, {8: 1474, 5: 70, 6: 84, 7: 77, 2: 10, 3: 15, 0: 7, 1: 2})
CNN(num_cov=1, hidden_dims=[1024, 512], in_features=1, num_classes=args.num_classes) model chosen!
id 38
label_counts: defaultdict(<class 'int'>, {1: 734, 7: 245, 8: 100, 3: 44, 5: 28, 9: 7, 6: 28, 4: 8})
CNN(num_cov=2, hidden_dims=[1024, 512], in_features=1, num_classes=args.num_classes) model chosen!
id 39
label_counts: defaultdict(<class 'int'>, {5: 192, 9: 354, 8: 33, 0: 84, 4: 4, 1: 7, 6: 1, 3: 1})

Join ratio / total clients: 1.0 / 40
Finished creating server and clients.
------------------------- time cost ------------------------- 14.558480501174927

-------------Round number: 0-------------

Evaluate heterogeneous models
Averaged Test Accuracy (Regular Model): 0.8909
Averaged Train Loss (Regular Model): 0.4948
Averaged Test AUC: 0.9691
Std Test Accurancy: 0.1301
Std Test AUC: 0.0325
------------------------- time cost ------------------------- 15.198513746261597

-------------Round number: 1-------------

Evaluate heterogeneous models
Averaged Test Accuracy (Regular Model): 0.9428
Averaged Train Loss (Regular Model): 0.1904
Averaged Test AUC: 0.9897
Std Test Accurancy: 0.0634
Std Test AUC: 0.0119
------------------------- time cost ------------------------- 16.095638275146484

-------------Round number: 2-------------

Evaluate heterogeneous models
Averaged Test Accuracy (Regular Model): 0.9627
Averaged Train Loss (Regular Model): 0.0726
Averaged Test AUC: 0.9951
Std Test Accurancy: 0.0230
Std Test AUC: 0.0041
------------------------- time cost ------------------------- 16.36302161216736

-------------Round number: 3-------------

Evaluate heterogeneous models
Averaged Test Accuracy (Regular Model): 0.9667
Averaged Train Loss (Regular Model): 0.0355
Averaged Test AUC: 0.9960
Std Test Accurancy: 0.0224
Std Test AUC: 0.0033
------------------------- time cost ------------------------- 16.347947120666504

-------------Round number: 4-------------

Evaluate heterogeneous models
Averaged Test Accuracy (Regular Model): 0.9698
Averaged Train Loss (Regular Model): 0.0198
Averaged Test AUC: 0.9963
Std Test Accurancy: 0.0157
Std Test AUC: 0.0028
------------------------- time cost ------------------------- 16.040172815322876

-------------Round number: 5-------------

Evaluate heterogeneous models
Averaged Test Accuracy (Regular Model): 0.9711
Averaged Train Loss (Regular Model): 0.0103
Averaged Test AUC: 0.9965
Std Test Accurancy: 0.0157
Std Test AUC: 0.0028
------------------------- time cost ------------------------- 16.58478546142578

-------------Round number: 6-------------

Evaluate heterogeneous models
Averaged Test Accuracy (Regular Model): 0.9724
Averaged Train Loss (Regular Model): 0.0064
Averaged Test AUC: 0.9966
Std Test Accurancy: 0.0150
Std Test AUC: 0.0027
------------------------- time cost ------------------------- 16.522319078445435

-------------Round number: 7-------------

Evaluate heterogeneous models
Averaged Test Accuracy (Regular Model): 0.9723
Averaged Train Loss (Regular Model): 0.0046
Averaged Test AUC: 0.9966
Std Test Accurancy: 0.0150
Std Test AUC: 0.0027
------------------------- time cost ------------------------- 15.837364673614502

-------------Round number: 8-------------

Evaluate heterogeneous models
Averaged Test Accuracy (Regular Model): 0.9729
Averaged Train Loss (Regular Model): 0.0032
Averaged Test AUC: 0.9967
Std Test Accurancy: 0.0151
Std Test AUC: 0.0026
------------------------- time cost ------------------------- 16.607573986053467

-------------Round number: 9-------------

Evaluate heterogeneous models
Averaged Test Accuracy (Regular Model): 0.9727
Averaged Train Loss (Regular Model): 0.0024
Averaged Test AUC: 0.9967
Std Test Accurancy: 0.0145
Std Test AUC: 0.0026
------------------------- time cost ------------------------- 16.448338985443115

-------------Round number: 10-------------

Evaluate heterogeneous models
Averaged Test Accuracy (Regular Model): 0.9730
Averaged Train Loss (Regular Model): 0.0020
Averaged Test AUC: 0.9968
Std Test Accurancy: 0.0149
Std Test AUC: 0.0025
------------------------- time cost ------------------------- 16.55083727836609

-------------Round number: 11-------------

Evaluate heterogeneous models
Averaged Test Accuracy (Regular Model): 0.9733
Averaged Train Loss (Regular Model): 0.0016
Averaged Test AUC: 0.9968
Std Test Accurancy: 0.0143
Std Test AUC: 0.0025
------------------------- time cost ------------------------- 14.8107590675354

-------------Round number: 12-------------

Evaluate heterogeneous models
Averaged Test Accuracy (Regular Model): 0.9732
Averaged Train Loss (Regular Model): 0.0014
Averaged Test AUC: 0.9968
Std Test Accurancy: 0.0149
Std Test AUC: 0.0025
------------------------- time cost ------------------------- 16.36309242248535

-------------Round number: 13-------------

Evaluate heterogeneous models
Averaged Test Accuracy (Regular Model): 0.9737
Averaged Train Loss (Regular Model): 0.0012
Averaged Test AUC: 0.9968
Std Test Accurancy: 0.0145
Std Test AUC: 0.0025
------------------------- time cost ------------------------- 16.60242199897766

-------------Round number: 14-------------

Evaluate heterogeneous models
Averaged Test Accuracy (Regular Model): 0.9733
Averaged Train Loss (Regular Model): 0.0010
Averaged Test AUC: 0.9968
Std Test Accurancy: 0.0149
Std Test AUC: 0.0025
------------------------- time cost ------------------------- 16.472675561904907

-------------Round number: 15-------------

Evaluate heterogeneous models
Averaged Test Accuracy (Regular Model): 0.9735
Averaged Train Loss (Regular Model): 0.0009
Averaged Test AUC: 0.9968
Std Test Accurancy: 0.0147
Std Test AUC: 0.0025
------------------------- time cost ------------------------- 16.75875234603882

-------------Round number: 16-------------

Evaluate heterogeneous models
Averaged Test Accuracy (Regular Model): 0.9737
Averaged Train Loss (Regular Model): 0.0008
Averaged Test AUC: 0.9968
Std Test Accurancy: 0.0149
Std Test AUC: 0.0025
------------------------- time cost ------------------------- 16.26848578453064

-------------Round number: 17-------------

Evaluate heterogeneous models
Averaged Test Accuracy (Regular Model): 0.9736
Averaged Train Loss (Regular Model): 0.0008
Averaged Test AUC: 0.9969
Std Test Accurancy: 0.0146
Std Test AUC: 0.0025
------------------------- time cost ------------------------- 16.45102882385254

-------------Round number: 18-------------

Evaluate heterogeneous models
Averaged Test Accuracy (Regular Model): 0.9738
Averaged Train Loss (Regular Model): 0.0007
Averaged Test AUC: 0.9969
Std Test Accurancy: 0.0147
Std Test AUC: 0.0025
------------------------- time cost ------------------------- 16.66318440437317

-------------Round number: 19-------------

Evaluate heterogeneous models
Averaged Test Accuracy (Regular Model): 0.9738
Averaged Train Loss (Regular Model): 0.0007
Averaged Test AUC: 0.9969
Std Test Accurancy: 0.0148
Std Test AUC: 0.0025
------------------------- time cost ------------------------- 16.04579448699951

-------------Round number: 20-------------

Evaluate heterogeneous models
Averaged Test Accuracy (Regular Model): 0.9736
Averaged Train Loss (Regular Model): 0.0006
Averaged Test AUC: 0.9969
Std Test Accurancy: 0.0149
Std Test AUC: 0.0025
------------------------- time cost ------------------------- 16.40897297859192

-------------Round number: 21-------------

Evaluate heterogeneous models
Averaged Test Accuracy (Regular Model): 0.9737
Averaged Train Loss (Regular Model): 0.0006
Averaged Test AUC: 0.9969
Std Test Accurancy: 0.0147
Std Test AUC: 0.0025
------------------------- time cost ------------------------- 16.59363079071045

-------------Round number: 22-------------

Evaluate heterogeneous models
Averaged Test Accuracy (Regular Model): 0.9738
Averaged Train Loss (Regular Model): 0.0005
Averaged Test AUC: 0.9969
Std Test Accurancy: 0.0145
Std Test AUC: 0.0025
------------------------- time cost ------------------------- 16.491007089614868

-------------Round number: 23-------------

Evaluate heterogeneous models
Averaged Test Accuracy (Regular Model): 0.9736
Averaged Train Loss (Regular Model): 0.0005
Averaged Test AUC: 0.9969
Std Test Accurancy: 0.0148
Std Test AUC: 0.0025
------------------------- time cost ------------------------- 16.561688661575317

-------------Round number: 24-------------

Evaluate heterogeneous models
Averaged Test Accuracy (Regular Model): 0.9740
Averaged Train Loss (Regular Model): 0.0005
Averaged Test AUC: 0.9969
Std Test Accurancy: 0.0144
Std Test AUC: 0.0025
------------------------- time cost ------------------------- 16.341487646102905

-------------Round number: 25-------------

Evaluate heterogeneous models
Averaged Test Accuracy (Regular Model): 0.9738
Averaged Train Loss (Regular Model): 0.0004
Averaged Test AUC: 0.9969
Std Test Accurancy: 0.0147
Std Test AUC: 0.0025
------------------------- time cost ------------------------- 16.206098556518555

-------------Round number: 26-------------

Evaluate heterogeneous models
Averaged Test Accuracy (Regular Model): 0.9740
Averaged Train Loss (Regular Model): 0.0004
Averaged Test AUC: 0.9969
Std Test Accurancy: 0.0146
Std Test AUC: 0.0025
------------------------- time cost ------------------------- 16.18884038925171

-------------Round number: 27-------------

Evaluate heterogeneous models
Averaged Test Accuracy (Regular Model): 0.9737
Averaged Train Loss (Regular Model): 0.0004
Averaged Test AUC: 0.9969
Std Test Accurancy: 0.0148
Std Test AUC: 0.0024
------------------------- time cost ------------------------- 15.862088680267334

-------------Round number: 28-------------

Evaluate heterogeneous models
Averaged Test Accuracy (Regular Model): 0.9738
Averaged Train Loss (Regular Model): 0.0004
Averaged Test AUC: 0.9969
Std Test Accurancy: 0.0145
Std Test AUC: 0.0024
------------------------- time cost ------------------------- 17.104419469833374

-------------Round number: 29-------------

Evaluate heterogeneous models
Averaged Test Accuracy (Regular Model): 0.9738
Averaged Train Loss (Regular Model): 0.0004
Averaged Test AUC: 0.9969
Std Test Accurancy: 0.0148
Std Test AUC: 0.0024
------------------------- time cost ------------------------- 16.533578157424927

-------------Round number: 30-------------

Evaluate heterogeneous models
Averaged Test Accuracy (Regular Model): 0.9738
Averaged Train Loss (Regular Model): 0.0003
Averaged Test AUC: 0.9969
Std Test Accurancy: 0.0147
Std Test AUC: 0.0024
------------------------- time cost ------------------------- 16.98569679260254

-------------Round number: 31-------------

Evaluate heterogeneous models
Averaged Test Accuracy (Regular Model): 0.9740
Averaged Train Loss (Regular Model): 0.0003
Averaged Test AUC: 0.9969
Std Test Accurancy: 0.0146
Std Test AUC: 0.0024
------------------------- time cost ------------------------- 16.089860916137695

-------------Round number: 32-------------

Evaluate heterogeneous models
Averaged Test Accuracy (Regular Model): 0.9738
Averaged Train Loss (Regular Model): 0.0003
Averaged Test AUC: 0.9969
Std Test Accurancy: 0.0146
Std Test AUC: 0.0024
------------------------- time cost ------------------------- 16.630510091781616

-------------Round number: 33-------------

Evaluate heterogeneous models
Averaged Test Accuracy (Regular Model): 0.9738
Averaged Train Loss (Regular Model): 0.0003
Averaged Test AUC: 0.9969
Std Test Accurancy: 0.0145
Std Test AUC: 0.0024
------------------------- time cost ------------------------- 16.23644733428955

-------------Round number: 34-------------

Evaluate heterogeneous models
Averaged Test Accuracy (Regular Model): 0.9737
Averaged Train Loss (Regular Model): 0.0003
Averaged Test AUC: 0.9969
Std Test Accurancy: 0.0149
Std Test AUC: 0.0024
------------------------- time cost ------------------------- 16.17368173599243

-------------Round number: 35-------------

Evaluate heterogeneous models
Averaged Test Accuracy (Regular Model): 0.9738
Averaged Train Loss (Regular Model): 0.0003
Averaged Test AUC: 0.9969
Std Test Accurancy: 0.0145
Std Test AUC: 0.0024
------------------------- time cost ------------------------- 16.486971378326416

-------------Round number: 36-------------

Evaluate heterogeneous models
Averaged Test Accuracy (Regular Model): 0.9739
Averaged Train Loss (Regular Model): 0.0003
Averaged Test AUC: 0.9970
Std Test Accurancy: 0.0145
Std Test AUC: 0.0024
------------------------- time cost ------------------------- 16.74204134941101

-------------Round number: 37-------------

Evaluate heterogeneous models
Averaged Test Accuracy (Regular Model): 0.9737
Averaged Train Loss (Regular Model): 0.0003
Averaged Test AUC: 0.9970
Std Test Accurancy: 0.0145
Std Test AUC: 0.0024
------------------------- time cost ------------------------- 14.890055656433105

-------------Round number: 38-------------

Evaluate heterogeneous models
Averaged Test Accuracy (Regular Model): 0.9738
Averaged Train Loss (Regular Model): 0.0002
Averaged Test AUC: 0.9970
Std Test Accurancy: 0.0148
Std Test AUC: 0.0024
------------------------- time cost ------------------------- 15.442065715789795

-------------Round number: 39-------------

Evaluate heterogeneous models
Averaged Test Accuracy (Regular Model): 0.9740
Averaged Train Loss (Regular Model): 0.0002
Averaged Test AUC: 0.9970
Std Test Accurancy: 0.0146
Std Test AUC: 0.0024
------------------------- time cost ------------------------- 15.874740839004517

-------------Round number: 40-------------

Evaluate heterogeneous models
Averaged Test Accuracy (Regular Model): 0.9738
Averaged Train Loss (Regular Model): 0.0002
Averaged Test AUC: 0.9970
Std Test Accurancy: 0.0146
Std Test AUC: 0.0024
------------------------- time cost ------------------------- 16.366247415542603

-------------Round number: 41-------------

Evaluate heterogeneous models
Averaged Test Accuracy (Regular Model): 0.9739
Averaged Train Loss (Regular Model): 0.0002
Averaged Test AUC: 0.9970
Std Test Accurancy: 0.0146
Std Test AUC: 0.0024
------------------------- time cost ------------------------- 16.46883773803711

-------------Round number: 42-------------

Evaluate heterogeneous models
Averaged Test Accuracy (Regular Model): 0.9736
Averaged Train Loss (Regular Model): 0.0002
Averaged Test AUC: 0.9970
Std Test Accurancy: 0.0148
Std Test AUC: 0.0024
------------------------- time cost ------------------------- 16.571512937545776

-------------Round number: 43-------------

Evaluate heterogeneous models
Averaged Test Accuracy (Regular Model): 0.9739
Averaged Train Loss (Regular Model): 0.0002
Averaged Test AUC: 0.9970
Std Test Accurancy: 0.0147
Std Test AUC: 0.0024
------------------------- time cost ------------------------- 15.765351295471191

-------------Round number: 44-------------

Evaluate heterogeneous models
Averaged Test Accuracy (Regular Model): 0.9738
Averaged Train Loss (Regular Model): 0.0002
Averaged Test AUC: 0.9970
Std Test Accurancy: 0.0146
Std Test AUC: 0.0024
------------------------- time cost ------------------------- 15.931429147720337

-------------Round number: 45-------------

Evaluate heterogeneous models
Averaged Test Accuracy (Regular Model): 0.9739
Averaged Train Loss (Regular Model): 0.0002
Averaged Test AUC: 0.9970
Std Test Accurancy: 0.0146
Std Test AUC: 0.0024
------------------------- time cost ------------------------- 16.76557731628418

-------------Round number: 46-------------

Evaluate heterogeneous models
Averaged Test Accuracy (Regular Model): 0.9740
Averaged Train Loss (Regular Model): 0.0002
Averaged Test AUC: 0.9970
Std Test Accurancy: 0.0146
Std Test AUC: 0.0024
------------------------- time cost ------------------------- 16.30254316329956

-------------Round number: 47-------------

Evaluate heterogeneous models
Averaged Test Accuracy (Regular Model): 0.9738
Averaged Train Loss (Regular Model): 0.0002
Averaged Test AUC: 0.9970
Std Test Accurancy: 0.0146
Std Test AUC: 0.0024
------------------------- time cost ------------------------- 16.943434953689575

-------------Round number: 48-------------

Evaluate heterogeneous models
Averaged Test Accuracy (Regular Model): 0.9737
Averaged Train Loss (Regular Model): 0.0002
Averaged Test AUC: 0.9970
Std Test Accurancy: 0.0146
Std Test AUC: 0.0024
------------------------- time cost ------------------------- 16.053319454193115

-------------Round number: 49-------------

Evaluate heterogeneous models
Averaged Test Accuracy (Regular Model): 0.9737
Averaged Train Loss (Regular Model): 0.0002
Averaged Test AUC: 0.9970
Std Test Accurancy: 0.0146
Std Test AUC: 0.0024
------------------------- time cost ------------------------- 15.736389875411987

-------------Round number: 50-------------

Evaluate heterogeneous models
Averaged Test Accuracy (Regular Model): 0.9738
Averaged Train Loss (Regular Model): 0.0002
Averaged Test AUC: 0.9970
Std Test Accurancy: 0.0147
Std Test AUC: 0.0024
------------------------- time cost ------------------------- 15.978954792022705

-------------Round number: 51-------------

Evaluate heterogeneous models
Averaged Test Accuracy (Regular Model): 0.9737
Averaged Train Loss (Regular Model): 0.0002
Averaged Test AUC: 0.9970
Std Test Accurancy: 0.0146
Std Test AUC: 0.0024
------------------------- time cost ------------------------- 15.31449270248413

-------------Round number: 52-------------

Evaluate heterogeneous models
Averaged Test Accuracy (Regular Model): 0.9737
Averaged Train Loss (Regular Model): 0.0002
Averaged Test AUC: 0.9970
Std Test Accurancy: 0.0144
Std Test AUC: 0.0024
------------------------- time cost ------------------------- 16.024856090545654

-------------Round number: 53-------------

Evaluate heterogeneous models
Averaged Test Accuracy (Regular Model): 0.9738
Averaged Train Loss (Regular Model): 0.0002
Averaged Test AUC: 0.9970
Std Test Accurancy: 0.0145
Std Test AUC: 0.0024
------------------------- time cost ------------------------- 15.705619812011719

-------------Round number: 54-------------

Evaluate heterogeneous models
Averaged Test Accuracy (Regular Model): 0.9738
Averaged Train Loss (Regular Model): 0.0002
Averaged Test AUC: 0.9970
Std Test Accurancy: 0.0144
Std Test AUC: 0.0024
------------------------- time cost ------------------------- 16.50484323501587

-------------Round number: 55-------------

Evaluate heterogeneous models
Averaged Test Accuracy (Regular Model): 0.9737
Averaged Train Loss (Regular Model): 0.0002
Averaged Test AUC: 0.9970
Std Test Accurancy: 0.0145
Std Test AUC: 0.0024
------------------------- time cost ------------------------- 15.744871139526367

-------------Round number: 56-------------

Evaluate heterogeneous models
Averaged Test Accuracy (Regular Model): 0.9737
Averaged Train Loss (Regular Model): 0.0001
Averaged Test AUC: 0.9970
Std Test Accurancy: 0.0145
Std Test AUC: 0.0024
------------------------- time cost ------------------------- 14.915621757507324

-------------Round number: 57-------------

Evaluate heterogeneous models
Averaged Test Accuracy (Regular Model): 0.9738
Averaged Train Loss (Regular Model): 0.0001
Averaged Test AUC: 0.9970
Std Test Accurancy: 0.0144
Std Test AUC: 0.0024
------------------------- time cost ------------------------- 14.90481448173523

-------------Round number: 58-------------

Evaluate heterogeneous models
Averaged Test Accuracy (Regular Model): 0.9738
Averaged Train Loss (Regular Model): 0.0001
Averaged Test AUC: 0.9970
Std Test Accurancy: 0.0144
Std Test AUC: 0.0024
------------------------- time cost ------------------------- 15.478336572647095

-------------Round number: 59-------------

Evaluate heterogeneous models
Averaged Test Accuracy (Regular Model): 0.9737
Averaged Train Loss (Regular Model): 0.0001
Averaged Test AUC: 0.9970
Std Test Accurancy: 0.0144
Std Test AUC: 0.0024
------------------------- time cost ------------------------- 16.15215301513672

-------------Round number: 60-------------

Evaluate heterogeneous models
Averaged Test Accuracy (Regular Model): 0.9737
Averaged Train Loss (Regular Model): 0.0001
Averaged Test AUC: 0.9970
Std Test Accurancy: 0.0146
Std Test AUC: 0.0024
------------------------- time cost ------------------------- 16.33787512779236

-------------Round number: 61-------------

Evaluate heterogeneous models
Averaged Test Accuracy (Regular Model): 0.9739
Averaged Train Loss (Regular Model): 0.0001
Averaged Test AUC: 0.9970
Std Test Accurancy: 0.0146
Std Test AUC: 0.0024
------------------------- time cost ------------------------- 16.964776039123535

-------------Round number: 62-------------

Evaluate heterogeneous models
Averaged Test Accuracy (Regular Model): 0.9738
Averaged Train Loss (Regular Model): 0.0001
Averaged Test AUC: 0.9970
Std Test Accurancy: 0.0146
Std Test AUC: 0.0024
------------------------- time cost ------------------------- 16.333547830581665

-------------Round number: 63-------------

Evaluate heterogeneous models
Averaged Test Accuracy (Regular Model): 0.9738
Averaged Train Loss (Regular Model): 0.0001
Averaged Test AUC: 0.9970
Std Test Accurancy: 0.0146
Std Test AUC: 0.0024
------------------------- time cost ------------------------- 16.030176162719727

-------------Round number: 64-------------

Evaluate heterogeneous models
Averaged Test Accuracy (Regular Model): 0.9739
Averaged Train Loss (Regular Model): 0.0001
Averaged Test AUC: 0.9970
Std Test Accurancy: 0.0146
Std Test AUC: 0.0024
------------------------- time cost ------------------------- 16.280178546905518

-------------Round number: 65-------------

Evaluate heterogeneous models
Averaged Test Accuracy (Regular Model): 0.9738
Averaged Train Loss (Regular Model): 0.0001
Averaged Test AUC: 0.9970
Std Test Accurancy: 0.0146
Std Test AUC: 0.0024
------------------------- time cost ------------------------- 14.741655349731445

-------------Round number: 66-------------

Evaluate heterogeneous models
Averaged Test Accuracy (Regular Model): 0.9737
Averaged Train Loss (Regular Model): 0.0001
Averaged Test AUC: 0.9970
Std Test Accurancy: 0.0146
Std Test AUC: 0.0024
------------------------- time cost ------------------------- 16.527420043945312

-------------Round number: 67-------------

Evaluate heterogeneous models
Averaged Test Accuracy (Regular Model): 0.9738
Averaged Train Loss (Regular Model): 0.0001
Averaged Test AUC: 0.9970
Std Test Accurancy: 0.0146
Std Test AUC: 0.0024
------------------------- time cost ------------------------- 17.023622035980225

-------------Round number: 68-------------

Evaluate heterogeneous models
Averaged Test Accuracy (Regular Model): 0.9739
Averaged Train Loss (Regular Model): 0.0001
Averaged Test AUC: 0.9970
Std Test Accurancy: 0.0146
Std Test AUC: 0.0024
------------------------- time cost ------------------------- 16.51384663581848

-------------Round number: 69-------------

Evaluate heterogeneous models
Averaged Test Accuracy (Regular Model): 0.9738
Averaged Train Loss (Regular Model): 0.0001
Averaged Test AUC: 0.9970
Std Test Accurancy: 0.0147
Std Test AUC: 0.0024
------------------------- time cost ------------------------- 15.591643333435059

-------------Round number: 70-------------

Evaluate heterogeneous models
Averaged Test Accuracy (Regular Model): 0.9739
Averaged Train Loss (Regular Model): 0.0001
Averaged Test AUC: 0.9970
Std Test Accurancy: 0.0146
Std Test AUC: 0.0024
------------------------- time cost ------------------------- 16.26732850074768

-------------Round number: 71-------------

Evaluate heterogeneous models
Averaged Test Accuracy (Regular Model): 0.9739
Averaged Train Loss (Regular Model): 0.0001
Averaged Test AUC: 0.9970
Std Test Accurancy: 0.0146
Std Test AUC: 0.0024
------------------------- time cost ------------------------- 16.37859606742859

-------------Round number: 72-------------

Evaluate heterogeneous models
Averaged Test Accuracy (Regular Model): 0.9738
Averaged Train Loss (Regular Model): 0.0001
Averaged Test AUC: 0.9970
Std Test Accurancy: 0.0146
Std Test AUC: 0.0024
------------------------- time cost ------------------------- 16.343735933303833

-------------Round number: 73-------------

Evaluate heterogeneous models
Averaged Test Accuracy (Regular Model): 0.9738
Averaged Train Loss (Regular Model): 0.0001
Averaged Test AUC: 0.9970
Std Test Accurancy: 0.0146
Std Test AUC: 0.0024
------------------------- time cost ------------------------- 16.353110313415527

-------------Round number: 74-------------

Evaluate heterogeneous models
Averaged Test Accuracy (Regular Model): 0.9738
Averaged Train Loss (Regular Model): 0.0001
Averaged Test AUC: 0.9970
Std Test Accurancy: 0.0146
Std Test AUC: 0.0024
------------------------- time cost ------------------------- 16.150890588760376

-------------Round number: 75-------------

Evaluate heterogeneous models
Averaged Test Accuracy (Regular Model): 0.9738
Averaged Train Loss (Regular Model): 0.0001
Averaged Test AUC: 0.9970
Std Test Accurancy: 0.0146
Std Test AUC: 0.0024
------------------------- time cost ------------------------- 16.318265438079834

-------------Round number: 76-------------

Evaluate heterogeneous models
Averaged Test Accuracy (Regular Model): 0.9738
Averaged Train Loss (Regular Model): 0.0001
Averaged Test AUC: 0.9970
Std Test Accurancy: 0.0146
Std Test AUC: 0.0024
------------------------- time cost ------------------------- 16.94436240196228

-------------Round number: 77-------------

Evaluate heterogeneous models
Averaged Test Accuracy (Regular Model): 0.9738
Averaged Train Loss (Regular Model): 0.0001
Averaged Test AUC: 0.9970
Std Test Accurancy: 0.0145
Std Test AUC: 0.0024
------------------------- time cost ------------------------- 16.552363634109497

-------------Round number: 78-------------

Evaluate heterogeneous models
Averaged Test Accuracy (Regular Model): 0.9737
Averaged Train Loss (Regular Model): 0.0001
Averaged Test AUC: 0.9970
Std Test Accurancy: 0.0147
Std Test AUC: 0.0024
------------------------- time cost ------------------------- 14.65679407119751

-------------Round number: 79-------------

Evaluate heterogeneous models
Averaged Test Accuracy (Regular Model): 0.9738
Averaged Train Loss (Regular Model): 0.0001
Averaged Test AUC: 0.9970
Std Test Accurancy: 0.0146
Std Test AUC: 0.0024
------------------------- time cost ------------------------- 16.107025384902954

-------------Round number: 80-------------

Evaluate heterogeneous models
Averaged Test Accuracy (Regular Model): 0.9737
Averaged Train Loss (Regular Model): 0.0001
Averaged Test AUC: 0.9970
Std Test Accurancy: 0.0146
Std Test AUC: 0.0024
------------------------- time cost ------------------------- 15.94507122039795

-------------Round number: 81-------------

Evaluate heterogeneous models
Averaged Test Accuracy (Regular Model): 0.9738
Averaged Train Loss (Regular Model): 0.0001
Averaged Test AUC: 0.9970
Std Test Accurancy: 0.0146
Std Test AUC: 0.0024
------------------------- time cost ------------------------- 14.679978132247925

-------------Round number: 82-------------

Evaluate heterogeneous models
Averaged Test Accuracy (Regular Model): 0.9738
Averaged Train Loss (Regular Model): 0.0001
Averaged Test AUC: 0.9970
Std Test Accurancy: 0.0146
Std Test AUC: 0.0024
------------------------- time cost ------------------------- 16.243464708328247

-------------Round number: 83-------------

Evaluate heterogeneous models
Averaged Test Accuracy (Regular Model): 0.9738
Averaged Train Loss (Regular Model): 0.0001
Averaged Test AUC: 0.9970
Std Test Accurancy: 0.0146
Std Test AUC: 0.0024
------------------------- time cost ------------------------- 16.073750734329224

-------------Round number: 84-------------

Evaluate heterogeneous models
Averaged Test Accuracy (Regular Model): 0.9738
Averaged Train Loss (Regular Model): 0.0001
Averaged Test AUC: 0.9970
Std Test Accurancy: 0.0146
Std Test AUC: 0.0024
------------------------- time cost ------------------------- 16.411562204360962

-------------Round number: 85-------------

Evaluate heterogeneous models
Averaged Test Accuracy (Regular Model): 0.9738
Averaged Train Loss (Regular Model): 0.0001
Averaged Test AUC: 0.9970
Std Test Accurancy: 0.0146
Std Test AUC: 0.0024
------------------------- time cost ------------------------- 16.666234254837036

-------------Round number: 86-------------

Evaluate heterogeneous models
Averaged Test Accuracy (Regular Model): 0.9738
Averaged Train Loss (Regular Model): 0.0001
Averaged Test AUC: 0.9970
Std Test Accurancy: 0.0146
Std Test AUC: 0.0024
------------------------- time cost ------------------------- 16.333685398101807

-------------Round number: 87-------------

Evaluate heterogeneous models
Averaged Test Accuracy (Regular Model): 0.9737
Averaged Train Loss (Regular Model): 0.0001
Averaged Test AUC: 0.9970
Std Test Accurancy: 0.0147
Std Test AUC: 0.0024
------------------------- time cost ------------------------- 16.26259970664978

-------------Round number: 88-------------

Evaluate heterogeneous models
Averaged Test Accuracy (Regular Model): 0.9738
Averaged Train Loss (Regular Model): 0.0001
Averaged Test AUC: 0.9970
Std Test Accurancy: 0.0146
Std Test AUC: 0.0024
------------------------- time cost ------------------------- 16.059828758239746

-------------Round number: 89-------------

Evaluate heterogeneous models
Averaged Test Accuracy (Regular Model): 0.9737
Averaged Train Loss (Regular Model): 0.0001
Averaged Test AUC: 0.9970
Std Test Accurancy: 0.0147
Std Test AUC: 0.0024
------------------------- time cost ------------------------- 15.774271726608276

-------------Round number: 90-------------

Evaluate heterogeneous models
Averaged Test Accuracy (Regular Model): 0.9737
Averaged Train Loss (Regular Model): 0.0001
Averaged Test AUC: 0.9970
Std Test Accurancy: 0.0147
Std Test AUC: 0.0024
------------------------- time cost ------------------------- 15.72899842262268

-------------Round number: 91-------------

Evaluate heterogeneous models
Averaged Test Accuracy (Regular Model): 0.9737
Averaged Train Loss (Regular Model): 0.0001
Averaged Test AUC: 0.9970
Std Test Accurancy: 0.0147
Std Test AUC: 0.0024
------------------------- time cost ------------------------- 15.904952764511108

-------------Round number: 92-------------

Evaluate heterogeneous models
Averaged Test Accuracy (Regular Model): 0.9737
Averaged Train Loss (Regular Model): 0.0001
Averaged Test AUC: 0.9970
Std Test Accurancy: 0.0147
Std Test AUC: 0.0024
------------------------- time cost ------------------------- 16.10504388809204

-------------Round number: 93-------------

Evaluate heterogeneous models
Averaged Test Accuracy (Regular Model): 0.9737
Averaged Train Loss (Regular Model): 0.0001
Averaged Test AUC: 0.9970
Std Test Accurancy: 0.0147
Std Test AUC: 0.0024
------------------------- time cost ------------------------- 15.699562549591064

-------------Round number: 94-------------

Evaluate heterogeneous models
Averaged Test Accuracy (Regular Model): 0.9738
Averaged Train Loss (Regular Model): 0.0001
Averaged Test AUC: 0.9970
Std Test Accurancy: 0.0146
Std Test AUC: 0.0024
------------------------- time cost ------------------------- 16.188927173614502

-------------Round number: 95-------------

Evaluate heterogeneous models
Averaged Test Accuracy (Regular Model): 0.9738
Averaged Train Loss (Regular Model): 0.0001
Averaged Test AUC: 0.9970
Std Test Accurancy: 0.0146
Std Test AUC: 0.0024
------------------------- time cost ------------------------- 16.07059383392334

-------------Round number: 96-------------

Evaluate heterogeneous models
Averaged Test Accuracy (Regular Model): 0.9737
Averaged Train Loss (Regular Model): 0.0001
Averaged Test AUC: 0.9970
Std Test Accurancy: 0.0147
Std Test AUC: 0.0024
------------------------- time cost ------------------------- 16.118563413619995

-------------Round number: 97-------------

Evaluate heterogeneous models
Averaged Test Accuracy (Regular Model): 0.9737
Averaged Train Loss (Regular Model): 0.0001
Averaged Test AUC: 0.9970
Std Test Accurancy: 0.0147
Std Test AUC: 0.0024
------------------------- time cost ------------------------- 16.37118363380432

-------------Round number: 98-------------

Evaluate heterogeneous models
Averaged Test Accuracy (Regular Model): 0.9737
Averaged Train Loss (Regular Model): 0.0001
Averaged Test AUC: 0.9970
Std Test Accurancy: 0.0147
Std Test AUC: 0.0024
------------------------- time cost ------------------------- 15.630292415618896

-------------Round number: 99-------------

Evaluate heterogeneous models
Averaged Test Accuracy (Regular Model): 0.9738
Averaged Train Loss (Regular Model): 0.0001
Averaged Test AUC: 0.9970
Std Test Accurancy: 0.0146
Std Test AUC: 0.0024
------------------------- time cost ------------------------- 16.602235794067383

-------------Round number: 100-------------

Evaluate heterogeneous models
Averaged Test Accuracy (Regular Model): 0.9737
Averaged Train Loss (Regular Model): 0.0001
Averaged Test AUC: 0.9970
Std Test Accurancy: 0.0147
Std Test AUC: 0.0024
------------------------- time cost ------------------------- 16.58845591545105

-------------Round number: 101-------------

Evaluate heterogeneous models
Averaged Test Accuracy (Regular Model): 0.9737
Averaged Train Loss (Regular Model): 0.0001
Averaged Test AUC: 0.9970
Std Test Accurancy: 0.0147
Std Test AUC: 0.0024
------------------------- time cost ------------------------- 17.13877582550049

-------------Round number: 102-------------

Evaluate heterogeneous models
Averaged Test Accuracy (Regular Model): 0.9738
Averaged Train Loss (Regular Model): 0.0001
Averaged Test AUC: 0.9970
Std Test Accurancy: 0.0146
Std Test AUC: 0.0024
------------------------- time cost ------------------------- 15.995721817016602

-------------Round number: 103-------------

Evaluate heterogeneous models
Averaged Test Accuracy (Regular Model): 0.9737
Averaged Train Loss (Regular Model): 0.0001
Averaged Test AUC: 0.9970
Std Test Accurancy: 0.0147
Std Test AUC: 0.0024
------------------------- time cost ------------------------- 16.19011163711548

-------------Round number: 104-------------

Evaluate heterogeneous models
Averaged Test Accuracy (Regular Model): 0.9738
Averaged Train Loss (Regular Model): 0.0001
Averaged Test AUC: 0.9971
Std Test Accurancy: 0.0146
Std Test AUC: 0.0024
------------------------- time cost ------------------------- 15.041206359863281

-------------Round number: 105-------------

Evaluate heterogeneous models
Averaged Test Accuracy (Regular Model): 0.9737
Averaged Train Loss (Regular Model): 0.0001
Averaged Test AUC: 0.9971
Std Test Accurancy: 0.0147
Std Test AUC: 0.0024
------------------------- time cost ------------------------- 14.784989833831787

-------------Round number: 106-------------

Evaluate heterogeneous models
Averaged Test Accuracy (Regular Model): 0.9738
Averaged Train Loss (Regular Model): 0.0001
Averaged Test AUC: 0.9971
Std Test Accurancy: 0.0146
Std Test AUC: 0.0024
------------------------- time cost ------------------------- 15.841721773147583

-------------Round number: 107-------------

Evaluate heterogeneous models
Averaged Test Accuracy (Regular Model): 0.9738
Averaged Train Loss (Regular Model): 0.0001
Averaged Test AUC: 0.9971
Std Test Accurancy: 0.0146
Std Test AUC: 0.0024
------------------------- time cost ------------------------- 16.520710706710815

-------------Round number: 108-------------

Evaluate heterogeneous models
Averaged Test Accuracy (Regular Model): 0.9738
Averaged Train Loss (Regular Model): 0.0001
Averaged Test AUC: 0.9971
Std Test Accurancy: 0.0146
Std Test AUC: 0.0024
------------------------- time cost ------------------------- 14.890509605407715

-------------Round number: 109-------------

Evaluate heterogeneous models
Averaged Test Accuracy (Regular Model): 0.9737
Averaged Train Loss (Regular Model): 0.0001
Averaged Test AUC: 0.9971
Std Test Accurancy: 0.0147
Std Test AUC: 0.0024
------------------------- time cost ------------------------- 15.967529773712158

-------------Round number: 110-------------

Evaluate heterogeneous models
Averaged Test Accuracy (Regular Model): 0.9738
Averaged Train Loss (Regular Model): 0.0001
Averaged Test AUC: 0.9971
Std Test Accurancy: 0.0146
Std Test AUC: 0.0024
------------------------- time cost ------------------------- 16.187490701675415

-------------Round number: 111-------------

Evaluate heterogeneous models
Averaged Test Accuracy (Regular Model): 0.9737
Averaged Train Loss (Regular Model): 0.0001
Averaged Test AUC: 0.9971
Std Test Accurancy: 0.0147
Std Test AUC: 0.0024
------------------------- time cost ------------------------- 15.994102954864502

-------------Round number: 112-------------

Evaluate heterogeneous models
Averaged Test Accuracy (Regular Model): 0.9737
Averaged Train Loss (Regular Model): 0.0001
Averaged Test AUC: 0.9971
Std Test Accurancy: 0.0147
Std Test AUC: 0.0024
------------------------- time cost ------------------------- 16.015569925308228

-------------Round number: 113-------------

Evaluate heterogeneous models
Averaged Test Accuracy (Regular Model): 0.9737
Averaged Train Loss (Regular Model): 0.0001
Averaged Test AUC: 0.9971
Std Test Accurancy: 0.0147
Std Test AUC: 0.0024
------------------------- time cost ------------------------- 15.670262098312378

-------------Round number: 114-------------

Evaluate heterogeneous models
Averaged Test Accuracy (Regular Model): 0.9737
Averaged Train Loss (Regular Model): 0.0001
Averaged Test AUC: 0.9971
Std Test Accurancy: 0.0147
Std Test AUC: 0.0024
------------------------- time cost ------------------------- 15.225586652755737

-------------Round number: 115-------------

Evaluate heterogeneous models
Averaged Test Accuracy (Regular Model): 0.9738
Averaged Train Loss (Regular Model): 0.0001
Averaged Test AUC: 0.9971
Std Test Accurancy: 0.0146
Std Test AUC: 0.0024
------------------------- time cost ------------------------- 14.888899326324463

-------------Round number: 116-------------

Evaluate heterogeneous models
Averaged Test Accuracy (Regular Model): 0.9737
Averaged Train Loss (Regular Model): 0.0001
Averaged Test AUC: 0.9971
Std Test Accurancy: 0.0147
Std Test AUC: 0.0024
------------------------- time cost ------------------------- 15.354976654052734

-------------Round number: 117-------------

Evaluate heterogeneous models
Averaged Test Accuracy (Regular Model): 0.9737
Averaged Train Loss (Regular Model): 0.0001
Averaged Test AUC: 0.9971
Std Test Accurancy: 0.0147
Std Test AUC: 0.0024
------------------------- time cost ------------------------- 15.236409902572632

-------------Round number: 118-------------

Evaluate heterogeneous models
Averaged Test Accuracy (Regular Model): 0.9737
Averaged Train Loss (Regular Model): 0.0001
Averaged Test AUC: 0.9971
Std Test Accurancy: 0.0147
Std Test AUC: 0.0024
------------------------- time cost ------------------------- 15.152176141738892

-------------Round number: 119-------------

Evaluate heterogeneous models
Averaged Test Accuracy (Regular Model): 0.9738
Averaged Train Loss (Regular Model): 0.0001
Averaged Test AUC: 0.9971
Std Test Accurancy: 0.0146
Std Test AUC: 0.0024
------------------------- time cost ------------------------- 14.526348114013672

-------------Round number: 120-------------

Evaluate heterogeneous models
Averaged Test Accuracy (Regular Model): 0.9738
Averaged Train Loss (Regular Model): 0.0001
Averaged Test AUC: 0.9971
Std Test Accurancy: 0.0146
Std Test AUC: 0.0024
------------------------- time cost ------------------------- 15.208765983581543

-------------Round number: 121-------------

Evaluate heterogeneous models
Averaged Test Accuracy (Regular Model): 0.9737
Averaged Train Loss (Regular Model): 0.0001
Averaged Test AUC: 0.9971
Std Test Accurancy: 0.0147
Std Test AUC: 0.0024
------------------------- time cost ------------------------- 14.421675205230713

-------------Round number: 122-------------

Evaluate heterogeneous models
Averaged Test Accuracy (Regular Model): 0.9737
Averaged Train Loss (Regular Model): 0.0001
Averaged Test AUC: 0.9971
Std Test Accurancy: 0.0147
Std Test AUC: 0.0024
------------------------- time cost ------------------------- 14.781916856765747

-------------Round number: 123-------------

Evaluate heterogeneous models
Averaged Test Accuracy (Regular Model): 0.9738
Averaged Train Loss (Regular Model): 0.0001
Averaged Test AUC: 0.9971
Std Test Accurancy: 0.0146
Std Test AUC: 0.0024
------------------------- time cost ------------------------- 15.139796018600464

-------------Round number: 124-------------

Evaluate heterogeneous models
Averaged Test Accuracy (Regular Model): 0.9738
Averaged Train Loss (Regular Model): 0.0001
Averaged Test AUC: 0.9971
Std Test Accurancy: 0.0146
Std Test AUC: 0.0024
------------------------- time cost ------------------------- 14.848951578140259

-------------Round number: 125-------------

Evaluate heterogeneous models
Averaged Test Accuracy (Regular Model): 0.9738
Averaged Train Loss (Regular Model): 0.0001
Averaged Test AUC: 0.9971
Std Test Accurancy: 0.0146
Std Test AUC: 0.0024
------------------------- time cost ------------------------- 15.515833139419556

-------------Round number: 126-------------

Evaluate heterogeneous models
Averaged Test Accuracy (Regular Model): 0.9737
Averaged Train Loss (Regular Model): 0.0001
Averaged Test AUC: 0.9971
Std Test Accurancy: 0.0147
Std Test AUC: 0.0024
------------------------- time cost ------------------------- 16.14479374885559

-------------Round number: 127-------------

Evaluate heterogeneous models
Averaged Test Accuracy (Regular Model): 0.9738
Averaged Train Loss (Regular Model): 0.0001
Averaged Test AUC: 0.9971
Std Test Accurancy: 0.0146
Std Test AUC: 0.0024
------------------------- time cost ------------------------- 15.81414246559143

-------------Round number: 128-------------

Evaluate heterogeneous models
Averaged Test Accuracy (Regular Model): 0.9737
Averaged Train Loss (Regular Model): 0.0001
Averaged Test AUC: 0.9971
Std Test Accurancy: 0.0147
Std Test AUC: 0.0024
------------------------- time cost ------------------------- 14.675063371658325

-------------Round number: 129-------------

Evaluate heterogeneous models
Averaged Test Accuracy (Regular Model): 0.9738
Averaged Train Loss (Regular Model): 0.0001
Averaged Test AUC: 0.9971
Std Test Accurancy: 0.0146
Std Test AUC: 0.0024
------------------------- time cost ------------------------- 15.758933067321777

-------------Round number: 130-------------

Evaluate heterogeneous models
Averaged Test Accuracy (Regular Model): 0.9738
Averaged Train Loss (Regular Model): 0.0001
Averaged Test AUC: 0.9971
Std Test Accurancy: 0.0146
Std Test AUC: 0.0024
------------------------- time cost ------------------------- 15.824473142623901

-------------Round number: 131-------------

Evaluate heterogeneous models
Averaged Test Accuracy (Regular Model): 0.9738
Averaged Train Loss (Regular Model): 0.0001
Averaged Test AUC: 0.9971
Std Test Accurancy: 0.0146
Std Test AUC: 0.0024
------------------------- time cost ------------------------- 14.580490112304688

-------------Round number: 132-------------

Evaluate heterogeneous models
Averaged Test Accuracy (Regular Model): 0.9738
Averaged Train Loss (Regular Model): 0.0001
Averaged Test AUC: 0.9971
Std Test Accurancy: 0.0146
Std Test AUC: 0.0024
------------------------- time cost ------------------------- 14.824700832366943

-------------Round number: 133-------------

Evaluate heterogeneous models
Averaged Test Accuracy (Regular Model): 0.9738
Averaged Train Loss (Regular Model): 0.0000
Averaged Test AUC: 0.9971
Std Test Accurancy: 0.0147
Std Test AUC: 0.0024
------------------------- time cost ------------------------- 14.832964181900024

-------------Round number: 134-------------

Evaluate heterogeneous models
Averaged Test Accuracy (Regular Model): 0.9738
Averaged Train Loss (Regular Model): 0.0001
Averaged Test AUC: 0.9971
Std Test Accurancy: 0.0147
Std Test AUC: 0.0024
------------------------- time cost ------------------------- 16.0793514251709

-------------Round number: 135-------------

Evaluate heterogeneous models
Averaged Test Accuracy (Regular Model): 0.9738
Averaged Train Loss (Regular Model): 0.0000
Averaged Test AUC: 0.9971
Std Test Accurancy: 0.0147
Std Test AUC: 0.0024
------------------------- time cost ------------------------- 15.080431938171387

-------------Round number: 136-------------

Evaluate heterogeneous models
Averaged Test Accuracy (Regular Model): 0.9738
Averaged Train Loss (Regular Model): 0.0000
Averaged Test AUC: 0.9971
Std Test Accurancy: 0.0147
Std Test AUC: 0.0024
------------------------- time cost ------------------------- 15.807040214538574

-------------Round number: 137-------------

Evaluate heterogeneous models
Averaged Test Accuracy (Regular Model): 0.9738
Averaged Train Loss (Regular Model): 0.0000
Averaged Test AUC: 0.9971
Std Test Accurancy: 0.0147
Std Test AUC: 0.0024
------------------------- time cost ------------------------- 15.887746572494507

-------------Round number: 138-------------

Evaluate heterogeneous models
Averaged Test Accuracy (Regular Model): 0.9739
Averaged Train Loss (Regular Model): 0.0000
Averaged Test AUC: 0.9971
Std Test Accurancy: 0.0147
Std Test AUC: 0.0024
------------------------- time cost ------------------------- 15.566600799560547

-------------Round number: 139-------------

Evaluate heterogeneous models
Averaged Test Accuracy (Regular Model): 0.9738
Averaged Train Loss (Regular Model): 0.0000
Averaged Test AUC: 0.9971
Std Test Accurancy: 0.0146
Std Test AUC: 0.0024
------------------------- time cost ------------------------- 16.156033039093018

-------------Round number: 140-------------

Evaluate heterogeneous models
Averaged Test Accuracy (Regular Model): 0.9738
Averaged Train Loss (Regular Model): 0.0000
Averaged Test AUC: 0.9971
Std Test Accurancy: 0.0146
Std Test AUC: 0.0024
------------------------- time cost ------------------------- 15.164965152740479

-------------Round number: 141-------------

Evaluate heterogeneous models
Averaged Test Accuracy (Regular Model): 0.9738
Averaged Train Loss (Regular Model): 0.0000
Averaged Test AUC: 0.9971
Std Test Accurancy: 0.0147
Std Test AUC: 0.0024
------------------------- time cost ------------------------- 15.410082578659058

-------------Round number: 142-------------

Evaluate heterogeneous models
Averaged Test Accuracy (Regular Model): 0.9738
Averaged Train Loss (Regular Model): 0.0000
Averaged Test AUC: 0.9971
Std Test Accurancy: 0.0147
Std Test AUC: 0.0024
------------------------- time cost ------------------------- 15.514235258102417

-------------Round number: 143-------------

Evaluate heterogeneous models
Averaged Test Accuracy (Regular Model): 0.9738
Averaged Train Loss (Regular Model): 0.0000
Averaged Test AUC: 0.9971
Std Test Accurancy: 0.0146
Std Test AUC: 0.0024
------------------------- time cost ------------------------- 16.451619386672974

-------------Round number: 144-------------

Evaluate heterogeneous models
Averaged Test Accuracy (Regular Model): 0.9739
Averaged Train Loss (Regular Model): 0.0000
Averaged Test AUC: 0.9971
Std Test Accurancy: 0.0146
Std Test AUC: 0.0024
------------------------- time cost ------------------------- 15.92186713218689

-------------Round number: 145-------------

Evaluate heterogeneous models
Averaged Test Accuracy (Regular Model): 0.9739
Averaged Train Loss (Regular Model): 0.0000
Averaged Test AUC: 0.9971
Std Test Accurancy: 0.0146
Std Test AUC: 0.0024
------------------------- time cost ------------------------- 14.80329418182373

-------------Round number: 146-------------

Evaluate heterogeneous models
Averaged Test Accuracy (Regular Model): 0.9738
Averaged Train Loss (Regular Model): 0.0000
Averaged Test AUC: 0.9971
Std Test Accurancy: 0.0146
Std Test AUC: 0.0024
------------------------- time cost ------------------------- 15.364049673080444

-------------Round number: 147-------------

Evaluate heterogeneous models
Averaged Test Accuracy (Regular Model): 0.9739
Averaged Train Loss (Regular Model): 0.0000
Averaged Test AUC: 0.9971
Std Test Accurancy: 0.0146
Std Test AUC: 0.0024
------------------------- time cost ------------------------- 15.417467832565308

-------------Round number: 148-------------

Evaluate heterogeneous models
Averaged Test Accuracy (Regular Model): 0.9737
Averaged Train Loss (Regular Model): 0.0000
Averaged Test AUC: 0.9971
Std Test Accurancy: 0.0147
Std Test AUC: 0.0024
------------------------- time cost ------------------------- 14.876932382583618

-------------Round number: 149-------------

Evaluate heterogeneous models
Averaged Test Accuracy (Regular Model): 0.9737
Averaged Train Loss (Regular Model): 0.0000
Averaged Test AUC: 0.9971
Std Test Accurancy: 0.0147
Std Test AUC: 0.0024
------------------------- time cost ------------------------- 15.433714389801025

-------------Round number: 150-------------

Evaluate heterogeneous models
Averaged Test Accuracy (Regular Model): 0.9738
Averaged Train Loss (Regular Model): 0.0000
Averaged Test AUC: 0.9971
Std Test Accurancy: 0.0146
Std Test AUC: 0.0024
------------------------- time cost ------------------------- 15.46565294265747

-------------Round number: 151-------------

Evaluate heterogeneous models
Averaged Test Accuracy (Regular Model): 0.9738
Averaged Train Loss (Regular Model): 0.0000
Averaged Test AUC: 0.9971
Std Test Accurancy: 0.0146
Std Test AUC: 0.0024
------------------------- time cost ------------------------- 15.351697206497192

-------------Round number: 152-------------

Evaluate heterogeneous models
Averaged Test Accuracy (Regular Model): 0.9737
Averaged Train Loss (Regular Model): 0.0000
Averaged Test AUC: 0.9971
Std Test Accurancy: 0.0147
Std Test AUC: 0.0024
------------------------- time cost ------------------------- 15.521501541137695

-------------Round number: 153-------------

Evaluate heterogeneous models
Averaged Test Accuracy (Regular Model): 0.9738
Averaged Train Loss (Regular Model): 0.0000
Averaged Test AUC: 0.9971
Std Test Accurancy: 0.0146
Std Test AUC: 0.0024
------------------------- time cost ------------------------- 15.469830989837646

-------------Round number: 154-------------

Evaluate heterogeneous models
Averaged Test Accuracy (Regular Model): 0.9738
Averaged Train Loss (Regular Model): 0.0000
Averaged Test AUC: 0.9971
Std Test Accurancy: 0.0146
Std Test AUC: 0.0024
------------------------- time cost ------------------------- 16.21779441833496

-------------Round number: 155-------------

Evaluate heterogeneous models
Averaged Test Accuracy (Regular Model): 0.9738
Averaged Train Loss (Regular Model): 0.0000
Averaged Test AUC: 0.9971
Std Test Accurancy: 0.0146
Std Test AUC: 0.0024
------------------------- time cost ------------------------- 15.341010332107544

-------------Round number: 156-------------

Evaluate heterogeneous models
Averaged Test Accuracy (Regular Model): 0.9737
Averaged Train Loss (Regular Model): 0.0000
Averaged Test AUC: 0.9971
Std Test Accurancy: 0.0147
Std Test AUC: 0.0024
------------------------- time cost ------------------------- 14.253581762313843

-------------Round number: 157-------------

Evaluate heterogeneous models
Averaged Test Accuracy (Regular Model): 0.9737
Averaged Train Loss (Regular Model): 0.0000
Averaged Test AUC: 0.9971
Std Test Accurancy: 0.0147
Std Test AUC: 0.0024
------------------------- time cost ------------------------- 15.574407577514648

-------------Round number: 158-------------

Evaluate heterogeneous models
Averaged Test Accuracy (Regular Model): 0.9738
Averaged Train Loss (Regular Model): 0.0000
Averaged Test AUC: 0.9971
Std Test Accurancy: 0.0145
Std Test AUC: 0.0024
------------------------- time cost ------------------------- 15.488615036010742

-------------Round number: 159-------------

Evaluate heterogeneous models
Averaged Test Accuracy (Regular Model): 0.9739
Averaged Train Loss (Regular Model): 0.0000
Averaged Test AUC: 0.9971
Std Test Accurancy: 0.0144
Std Test AUC: 0.0024
------------------------- time cost ------------------------- 15.53183913230896

-------------Round number: 160-------------

Evaluate heterogeneous models
Averaged Test Accuracy (Regular Model): 0.9739
Averaged Train Loss (Regular Model): 0.0000
Averaged Test AUC: 0.9971
Std Test Accurancy: 0.0145
Std Test AUC: 0.0024
------------------------- time cost ------------------------- 15.450326442718506

-------------Round number: 161-------------

Evaluate heterogeneous models
Averaged Test Accuracy (Regular Model): 0.9739
Averaged Train Loss (Regular Model): 0.0000
Averaged Test AUC: 0.9971
Std Test Accurancy: 0.0144
Std Test AUC: 0.0024
------------------------- time cost ------------------------- 15.453094720840454

-------------Round number: 162-------------

Evaluate heterogeneous models
Averaged Test Accuracy (Regular Model): 0.9740
Averaged Train Loss (Regular Model): 0.0000
Averaged Test AUC: 0.9971
Std Test Accurancy: 0.0145
Std Test AUC: 0.0024
------------------------- time cost ------------------------- 14.650123119354248

-------------Round number: 163-------------

Evaluate heterogeneous models
Averaged Test Accuracy (Regular Model): 0.9738
Averaged Train Loss (Regular Model): 0.0000
Averaged Test AUC: 0.9971
Std Test Accurancy: 0.0146
Std Test AUC: 0.0024
------------------------- time cost ------------------------- 14.902093887329102

-------------Round number: 164-------------

Evaluate heterogeneous models
Averaged Test Accuracy (Regular Model): 0.9739
Averaged Train Loss (Regular Model): 0.0000
Averaged Test AUC: 0.9971
Std Test Accurancy: 0.0145
Std Test AUC: 0.0024
------------------------- time cost ------------------------- 15.502801895141602

-------------Round number: 165-------------

Evaluate heterogeneous models
Averaged Test Accuracy (Regular Model): 0.9740
Averaged Train Loss (Regular Model): 0.0000
Averaged Test AUC: 0.9971
Std Test Accurancy: 0.0145
Std Test AUC: 0.0024
------------------------- time cost ------------------------- 15.466415166854858

-------------Round number: 166-------------

Evaluate heterogeneous models
Averaged Test Accuracy (Regular Model): 0.9739
Averaged Train Loss (Regular Model): 0.0000
Averaged Test AUC: 0.9971
Std Test Accurancy: 0.0144
Std Test AUC: 0.0024
------------------------- time cost ------------------------- 15.097484350204468

-------------Round number: 167-------------

Evaluate heterogeneous models
Averaged Test Accuracy (Regular Model): 0.9740
Averaged Train Loss (Regular Model): 0.0000
Averaged Test AUC: 0.9971
Std Test Accurancy: 0.0145
Std Test AUC: 0.0024
------------------------- time cost ------------------------- 15.449746370315552

-------------Round number: 168-------------

Evaluate heterogeneous models
Averaged Test Accuracy (Regular Model): 0.9740
Averaged Train Loss (Regular Model): 0.0000
Averaged Test AUC: 0.9971
Std Test Accurancy: 0.0145
Std Test AUC: 0.0024
------------------------- time cost ------------------------- 15.496828079223633

-------------Round number: 169-------------

Evaluate heterogeneous models
Averaged Test Accuracy (Regular Model): 0.9740
Averaged Train Loss (Regular Model): 0.0000
Averaged Test AUC: 0.9971
Std Test Accurancy: 0.0144
Std Test AUC: 0.0024
------------------------- time cost ------------------------- 15.534863233566284

-------------Round number: 170-------------

Evaluate heterogeneous models
Averaged Test Accuracy (Regular Model): 0.9740
Averaged Train Loss (Regular Model): 0.0000
Averaged Test AUC: 0.9971
Std Test Accurancy: 0.0145
Std Test AUC: 0.0024
------------------------- time cost ------------------------- 15.576700925827026

-------------Round number: 171-------------

Evaluate heterogeneous models
Averaged Test Accuracy (Regular Model): 0.9740
Averaged Train Loss (Regular Model): 0.0000
Averaged Test AUC: 0.9971
Std Test Accurancy: 0.0145
Std Test AUC: 0.0024
------------------------- time cost ------------------------- 15.657558917999268

-------------Round number: 172-------------

Evaluate heterogeneous models
Averaged Test Accuracy (Regular Model): 0.9740
Averaged Train Loss (Regular Model): 0.0000
Averaged Test AUC: 0.9971
Std Test Accurancy: 0.0144
Std Test AUC: 0.0024
------------------------- time cost ------------------------- 15.465004920959473

-------------Round number: 173-------------

Evaluate heterogeneous models
Averaged Test Accuracy (Regular Model): 0.9740
Averaged Train Loss (Regular Model): 0.0000
Averaged Test AUC: 0.9971
Std Test Accurancy: 0.0145
Std Test AUC: 0.0024
------------------------- time cost ------------------------- 15.532248497009277

-------------Round number: 174-------------

Evaluate heterogeneous models
Averaged Test Accuracy (Regular Model): 0.9740
Averaged Train Loss (Regular Model): 0.0000
Averaged Test AUC: 0.9971
Std Test Accurancy: 0.0144
Std Test AUC: 0.0024
------------------------- time cost ------------------------- 15.679107904434204

-------------Round number: 175-------------

Evaluate heterogeneous models
Averaged Test Accuracy (Regular Model): 0.9740
Averaged Train Loss (Regular Model): 0.0000
Averaged Test AUC: 0.9971
Std Test Accurancy: 0.0144
Std Test AUC: 0.0024
------------------------- time cost ------------------------- 14.811769008636475

-------------Round number: 176-------------

Evaluate heterogeneous models
Averaged Test Accuracy (Regular Model): 0.9740
Averaged Train Loss (Regular Model): 0.0000
Averaged Test AUC: 0.9971
Std Test Accurancy: 0.0144
Std Test AUC: 0.0024
------------------------- time cost ------------------------- 15.542872905731201

-------------Round number: 177-------------

Evaluate heterogeneous models
Averaged Test Accuracy (Regular Model): 0.9740
Averaged Train Loss (Regular Model): 0.0000
Averaged Test AUC: 0.9971
Std Test Accurancy: 0.0144
Std Test AUC: 0.0024
------------------------- time cost ------------------------- 15.135191202163696

-------------Round number: 178-------------

Evaluate heterogeneous models
Averaged Test Accuracy (Regular Model): 0.9740
Averaged Train Loss (Regular Model): 0.0000
Averaged Test AUC: 0.9971
Std Test Accurancy: 0.0144
Std Test AUC: 0.0024
------------------------- time cost ------------------------- 14.726333618164062

-------------Round number: 179-------------

Evaluate heterogeneous models
Averaged Test Accuracy (Regular Model): 0.9740
Averaged Train Loss (Regular Model): 0.0000
Averaged Test AUC: 0.9971
Std Test Accurancy: 0.0144
Std Test AUC: 0.0024
------------------------- time cost ------------------------- 14.80229640007019

-------------Round number: 180-------------

Evaluate heterogeneous models
Averaged Test Accuracy (Regular Model): 0.9740
Averaged Train Loss (Regular Model): 0.0000
Averaged Test AUC: 0.9971
Std Test Accurancy: 0.0144
Std Test AUC: 0.0024
------------------------- time cost ------------------------- 15.452224016189575

-------------Round number: 181-------------

Evaluate heterogeneous models
Averaged Test Accuracy (Regular Model): 0.9740
Averaged Train Loss (Regular Model): 0.0000
Averaged Test AUC: 0.9971
Std Test Accurancy: 0.0144
Std Test AUC: 0.0024
------------------------- time cost ------------------------- 15.457528352737427

-------------Round number: 182-------------

Evaluate heterogeneous models
Averaged Test Accuracy (Regular Model): 0.9740
Averaged Train Loss (Regular Model): 0.0000
Averaged Test AUC: 0.9971
Std Test Accurancy: 0.0144
Std Test AUC: 0.0024
------------------------- time cost ------------------------- 15.369725465774536

-------------Round number: 183-------------

Evaluate heterogeneous models
Averaged Test Accuracy (Regular Model): 0.9740
Averaged Train Loss (Regular Model): 0.0000
Averaged Test AUC: 0.9971
Std Test Accurancy: 0.0144
Std Test AUC: 0.0024
------------------------- time cost ------------------------- 15.089186429977417

-------------Round number: 184-------------

Evaluate heterogeneous models
Averaged Test Accuracy (Regular Model): 0.9740
Averaged Train Loss (Regular Model): 0.0000
Averaged Test AUC: 0.9971
Std Test Accurancy: 0.0145
Std Test AUC: 0.0024
------------------------- time cost ------------------------- 14.446511030197144

-------------Round number: 185-------------

Evaluate heterogeneous models
Averaged Test Accuracy (Regular Model): 0.9739
Averaged Train Loss (Regular Model): 0.0000
Averaged Test AUC: 0.9971
Std Test Accurancy: 0.0145
Std Test AUC: 0.0024
------------------------- time cost ------------------------- 13.811058759689331

-------------Round number: 186-------------

Evaluate heterogeneous models
Averaged Test Accuracy (Regular Model): 0.9739
Averaged Train Loss (Regular Model): 0.0000
Averaged Test AUC: 0.9971
Std Test Accurancy: 0.0145
Std Test AUC: 0.0024
------------------------- time cost ------------------------- 14.742259979248047

-------------Round number: 187-------------

Evaluate heterogeneous models
Averaged Test Accuracy (Regular Model): 0.9740
Averaged Train Loss (Regular Model): 0.0000
Averaged Test AUC: 0.9971
Std Test Accurancy: 0.0144
Std Test AUC: 0.0024
------------------------- time cost ------------------------- 14.901757955551147

-------------Round number: 188-------------

Evaluate heterogeneous models
Averaged Test Accuracy (Regular Model): 0.9739
Averaged Train Loss (Regular Model): 0.0000
Averaged Test AUC: 0.9971
Std Test Accurancy: 0.0145
Std Test AUC: 0.0024
------------------------- time cost ------------------------- 14.570834398269653

-------------Round number: 189-------------

Evaluate heterogeneous models
Averaged Test Accuracy (Regular Model): 0.9740
Averaged Train Loss (Regular Model): 0.0000
Averaged Test AUC: 0.9971
Std Test Accurancy: 0.0144
Std Test AUC: 0.0024
------------------------- time cost ------------------------- 15.28855037689209

-------------Round number: 190-------------

Evaluate heterogeneous models
Averaged Test Accuracy (Regular Model): 0.9739
Averaged Train Loss (Regular Model): 0.0000
Averaged Test AUC: 0.9971
Std Test Accurancy: 0.0144
Std Test AUC: 0.0024
------------------------- time cost ------------------------- 15.137559652328491

-------------Round number: 191-------------

Evaluate heterogeneous models
Averaged Test Accuracy (Regular Model): 0.9740
Averaged Train Loss (Regular Model): 0.0000
Averaged Test AUC: 0.9971
Std Test Accurancy: 0.0144
Std Test AUC: 0.0024
------------------------- time cost ------------------------- 15.407935380935669

-------------Round number: 192-------------

Evaluate heterogeneous models
Averaged Test Accuracy (Regular Model): 0.9740
Averaged Train Loss (Regular Model): 0.0000
Averaged Test AUC: 0.9971
Std Test Accurancy: 0.0144
Std Test AUC: 0.0024
------------------------- time cost ------------------------- 15.222273349761963

-------------Round number: 193-------------

Evaluate heterogeneous models
Averaged Test Accuracy (Regular Model): 0.9739
Averaged Train Loss (Regular Model): 0.0000
Averaged Test AUC: 0.9971
Std Test Accurancy: 0.0144
Std Test AUC: 0.0024
------------------------- time cost ------------------------- 15.43098783493042

-------------Round number: 194-------------

Evaluate heterogeneous models
Averaged Test Accuracy (Regular Model): 0.9740
Averaged Train Loss (Regular Model): 0.0000
Averaged Test AUC: 0.9971
Std Test Accurancy: 0.0144
Std Test AUC: 0.0024
------------------------- time cost ------------------------- 15.516203165054321

-------------Round number: 195-------------

Evaluate heterogeneous models
Averaged Test Accuracy (Regular Model): 0.9739
Averaged Train Loss (Regular Model): 0.0000
Averaged Test AUC: 0.9971
Std Test Accurancy: 0.0144
Std Test AUC: 0.0024
------------------------- time cost ------------------------- 15.768094062805176

-------------Round number: 196-------------

Evaluate heterogeneous models
Averaged Test Accuracy (Regular Model): 0.9740
Averaged Train Loss (Regular Model): 0.0000
Averaged Test AUC: 0.9971
Std Test Accurancy: 0.0144
Std Test AUC: 0.0024
------------------------- time cost ------------------------- 15.397498846054077

-------------Round number: 197-------------

Evaluate heterogeneous models
Averaged Test Accuracy (Regular Model): 0.9740
Averaged Train Loss (Regular Model): 0.0000
Averaged Test AUC: 0.9971
Std Test Accurancy: 0.0144
Std Test AUC: 0.0024
------------------------- time cost ------------------------- 15.466254711151123

-------------Round number: 198-------------

Evaluate heterogeneous models
Averaged Test Accuracy (Regular Model): 0.9740
Averaged Train Loss (Regular Model): 0.0000
Averaged Test AUC: 0.9971
Std Test Accurancy: 0.0144
Std Test AUC: 0.0024
------------------------- time cost ------------------------- 15.35952115058899

-------------Round number: 199-------------

Evaluate heterogeneous models
Averaged Test Accuracy (Regular Model): 0.9740
Averaged Train Loss (Regular Model): 0.0000
Averaged Test AUC: 0.9971
Std Test Accurancy: 0.0144
Std Test AUC: 0.0024
------------------------- time cost ------------------------- 15.629196166992188

-------------Round number: 200-------------

Evaluate heterogeneous models
Averaged Test Accuracy (Regular Model): 0.9740
Averaged Train Loss (Regular Model): 0.0000
Averaged Test AUC: 0.9971
Std Test Accurancy: 0.0144
Std Test AUC: 0.0024

Best accuracy.
0.9740192999486096

Average time cost per round.
15.769636270999909
File path: ../results/MNIST_dir_0.3_imbalance_40_FedGen_test_0.h5

Average time cost: 3345.41s.
Length:  201
std for best accurancy: 0.0
mean for best accurancy: 0.9740192999486096
All done!

Storage on cpu
-------------------------------------------------------------------------------
Total Tensors: 5530 	Used Memory: 40.50K
-------------------------------------------------------------------------------

Storage on cuda:0
-------------------------------------------------------------------------------
Total Tensors: 410400 	Used Memory: 1.60M
The allocated memory on cuda:0: 1.60M
-------------------------------------------------------------------------------
