==================================================
goal = test
device = cuda
device_id = 0
dataset = Cifar10_dir_0.3_imbalance_40
num_classes = 10
model_family = HtFE8
batch_size = 256
local_learning_rate = 0.06
use_decay_scheduler = False
learning_rate_decay = False
learning_rate_decay_gamma = 0.99
global_rounds = 200
edge_epochs = 1
local_epochs = 5
algorithm = Local
join_ratio = 1.0
random_join_ratio = False
num_clients = 40
num_edges = 10
prev = 0
times = 1
eval_gap = 1
save_folder_name = temp
auto_break = False
feature_dim = 512
vocab_size = 98635
max_len = 200
client_drop_rate = 0.0
train_slow_rate = 0.0
send_slow_rate = 0.0
time_select = False
time_threthold = 10000
optimizer = SGD
lamda = 1
weight_decay = 0
trans_delay_simulate = False
momentum = 0.8
agg_type = 0
buffersize = 10
mixclassifier = 0
gl_use_clients = 1
test_useglclassifier = 1
tgpaddmse = 0
addmse = 0
gamma = 1
addTGP = 0
SAEbeta = 0
drawtsne = 1
drawround = 20
noise_dim = 512
generator_learning_rate = 0.005
hidden_dim = 512
server_epochs = 100
alpha = 1.0
beta = 1.0
mentee_learning_rate = 0.005
T_start = 0.95
T_end = 0.98
server_learning_rate = 0.01
margin_threthold = 100.0
generator_path = stylegan/stylegan-xl-models/imagenet64.pkl
stable_diffusion_prompt = a cat
server_batch_size = 100
gen_batch_size = 4
mu = 50.0
==================================================
Random seed set as 42

============= Running time: 0th =============
Creating server and clients ...
FedAvgCNN(in_features=3, num_classes=args.num_classes, dim=1600)
torchvision.models.googlenet(pretrained=False, aux_logits=False, num_classes=args.num_classes)
mobilenet_v2(pretrained=False, num_classes=args.num_classes)
torchvision.models.resnet18(pretrained=False, num_classes=args.num_classes)
torchvision.models.resnet34(pretrained=False, num_classes=args.num_classes)
torchvision.models.resnet50(pretrained=False, num_classes=args.num_classes)
torchvision.models.resnet101(pretrained=False, num_classes=args.num_classes)
torchvision.models.resnet152(pretrained=False, num_classes=args.num_classes)
FedAvgCNN(in_features=3, num_classes=args.num_classes, dim=1600) model chosen!
id 0
label_counts: defaultdict(<class 'int'>, {6: 81, 7: 315, 3: 373, 1: 43, 4: 168, 8: 37, 2: 1, 5: 2, 9: 2, 0: 2})
torchvision.models.googlenet(pretrained=False, aux_logits=False, num_classes=args.num_classes) model chosen!
id 1
label_counts: defaultdict(<class 'int'>, {2: 742, 4: 275, 0: 5, 3: 2})
mobilenet_v2(pretrained=False, num_classes=args.num_classes) model chosen!
id 2
label_counts: defaultdict(<class 'int'>, {5: 94, 9: 40, 4: 121, 8: 106, 6: 31, 2: 66, 1: 8, 7: 29, 0: 16, 3: 1})
torchvision.models.resnet18(pretrained=False, num_classes=args.num_classes) model chosen!
id 3
label_counts: defaultdict(<class 'int'>, {9: 341, 4: 87, 5: 389, 8: 32, 7: 413, 2: 15, 0: 3})
torchvision.models.resnet34(pretrained=False, num_classes=args.num_classes) model chosen!
id 4
label_counts: defaultdict(<class 'int'>, {8: 153, 2: 525, 3: 75, 7: 25, 5: 209, 1: 3, 4: 17, 0: 17})
torchvision.models.resnet50(pretrained=False, num_classes=args.num_classes) model chosen!
id 5
label_counts: defaultdict(<class 'int'>, {0: 708, 5: 482, 1: 61, 3: 29})
torchvision.models.resnet101(pretrained=False, num_classes=args.num_classes) model chosen!
id 6
label_counts: defaultdict(<class 'int'>, {3: 350, 6: 147, 8: 128, 9: 38, 0: 87, 1: 14, 2: 1, 4: 2, 7: 1})
torchvision.models.resnet152(pretrained=False, num_classes=args.num_classes) model chosen!
id 7
label_counts: defaultdict(<class 'int'>, {9: 1383, 4: 314, 3: 104, 2: 72, 0: 72, 7: 73, 5: 24, 1: 6})
FedAvgCNN(in_features=3, num_classes=args.num_classes, dim=1600) model chosen!
id 8
label_counts: defaultdict(<class 'int'>, {4: 360, 1: 12, 3: 74, 8: 137, 0: 3, 2: 93, 7: 74, 9: 10, 6: 4, 5: 1})
torchvision.models.googlenet(pretrained=False, aux_logits=False, num_classes=args.num_classes) model chosen!
id 9
label_counts: defaultdict(<class 'int'>, {7: 250, 1: 59, 4: 83, 0: 7, 2: 69, 3: 12, 9: 26, 5: 6})
mobilenet_v2(pretrained=False, num_classes=args.num_classes) model chosen!
id 10
label_counts: defaultdict(<class 'int'>, {8: 852, 0: 790, 4: 102, 1: 16, 3: 11, 2: 10, 6: 6, 5: 5})
torchvision.models.resnet18(pretrained=False, num_classes=args.num_classes) model chosen!
id 11
label_counts: defaultdict(<class 'int'>, {8: 145, 7: 5, 1: 145, 2: 170, 3: 12, 9: 34, 5: 1})
torchvision.models.resnet34(pretrained=False, num_classes=args.num_classes) model chosen!
id 12
label_counts: defaultdict(<class 'int'>, {4: 321, 6: 610, 1: 39, 0: 48, 3: 4, 5: 1, 2: 1})
torchvision.models.resnet50(pretrained=False, num_classes=args.num_classes) model chosen!
id 13
label_counts: defaultdict(<class 'int'>, {0: 449, 6: 407, 3: 88, 2: 260, 1: 66, 4: 10})
torchvision.models.resnet101(pretrained=False, num_classes=args.num_classes) model chosen!
id 14
label_counts: defaultdict(<class 'int'>, {5: 682, 1: 468, 4: 89, 3: 14, 0: 26, 2: 1})
torchvision.models.resnet152(pretrained=False, num_classes=args.num_classes) model chosen!
id 15
label_counts: defaultdict(<class 'int'>, {4: 954, 2: 823, 1: 151, 0: 75, 3: 45})
FedAvgCNN(in_features=3, num_classes=args.num_classes, dim=1600) model chosen!
id 16
label_counts: defaultdict(<class 'int'>, {6: 102, 1: 1, 3: 357, 0: 7, 8: 56, 9: 156, 4: 29, 5: 60})
torchvision.models.googlenet(pretrained=False, aux_logits=False, num_classes=args.num_classes) model chosen!
id 17
label_counts: defaultdict(<class 'int'>, {7: 965, 0: 8, 6: 42, 3: 84, 2: 125, 5: 9, 4: 47})
mobilenet_v2(pretrained=False, num_classes=args.num_classes) model chosen!
id 18
label_counts: defaultdict(<class 'int'>, {0: 245, 5: 167, 1: 176, 4: 75, 3: 49, 7: 7, 8: 45, 6: 3, 2: 1})
torchvision.models.resnet18(pretrained=False, num_classes=args.num_classes) model chosen!
id 19
label_counts: defaultdict(<class 'int'>, {1: 419, 5: 54, 9: 81, 8: 134, 2: 44, 6: 19, 7: 10, 3: 7})
torchvision.models.resnet34(pretrained=False, num_classes=args.num_classes) model chosen!
id 20
label_counts: defaultdict(<class 'int'>, {3: 284, 0: 173, 4: 38, 8: 298, 7: 16, 6: 199, 2: 13, 5: 3})
torchvision.models.resnet50(pretrained=False, num_classes=args.num_classes) model chosen!
id 21
label_counts: defaultdict(<class 'int'>, {1: 259, 0: 409, 5: 39, 4: 123, 2: 70, 3: 89, 8: 31, 9: 2, 6: 2})
torchvision.models.resnet101(pretrained=False, num_classes=args.num_classes) model chosen!
id 22
label_counts: defaultdict(<class 'int'>, {3: 75, 6: 120, 8: 353, 9: 97, 5: 51, 1: 56, 7: 14, 4: 2})
torchvision.models.resnet152(pretrained=False, num_classes=args.num_classes) model chosen!
id 23
label_counts: defaultdict(<class 'int'>, {2: 413, 3: 303, 1: 171, 0: 137})
FedAvgCNN(in_features=3, num_classes=args.num_classes, dim=1600) model chosen!
id 24
label_counts: defaultdict(<class 'int'>, {4: 108, 7: 394, 6: 225, 2: 21, 1: 145, 8: 68, 3: 18, 9: 41, 0: 4})
torchvision.models.googlenet(pretrained=False, aux_logits=False, num_classes=args.num_classes) model chosen!
id 25
label_counts: defaultdict(<class 'int'>, {7: 313, 4: 90, 1: 317, 5: 186, 6: 75, 3: 25, 2: 11, 9: 2, 8: 3, 0: 2})
mobilenet_v2(pretrained=False, num_classes=args.num_classes) model chosen!
id 26
label_counts: defaultdict(<class 'int'>, {9: 803, 0: 249, 3: 104, 5: 51, 8: 52, 1: 16, 6: 2, 4: 3})
torchvision.models.resnet18(pretrained=False, num_classes=args.num_classes) model chosen!
id 27
label_counts: defaultdict(<class 'int'>, {6: 291, 5: 114, 1: 19, 3: 10, 4: 20, 9: 44, 2: 14})
torchvision.models.resnet34(pretrained=False, num_classes=args.num_classes) model chosen!
id 28
label_counts: defaultdict(<class 'int'>, {8: 25, 5: 431, 1: 132, 0: 74, 4: 65, 7: 27, 6: 11, 2: 2, 3: 1})
torchvision.models.resnet50(pretrained=False, num_classes=args.num_classes) model chosen!
id 29
label_counts: defaultdict(<class 'int'>, {5: 328, 7: 802, 1: 41, 6: 43, 4: 10, 3: 48, 2: 8})
torchvision.models.resnet101(pretrained=False, num_classes=args.num_classes) model chosen!
id 30
label_counts: defaultdict(<class 'int'>, {3: 614, 2: 14, 6: 483, 0: 84, 5: 79, 4: 6})
torchvision.models.resnet152(pretrained=False, num_classes=args.num_classes) model chosen!
id 31
label_counts: defaultdict(<class 'int'>, {6: 47, 0: 121, 9: 142, 1: 83, 7: 41, 3: 5, 4: 43, 2: 8, 5: 22})
FedAvgCNN(in_features=3, num_classes=args.num_classes, dim=1600) model chosen!
id 32
label_counts: defaultdict(<class 'int'>, {0: 27, 5: 290, 8: 72, 9: 47, 2: 55, 1: 8, 3: 3, 7: 1, 6: 9})
torchvision.models.googlenet(pretrained=False, aux_logits=False, num_classes=args.num_classes) model chosen!
id 33
label_counts: defaultdict(<class 'int'>, {6: 226, 1: 600, 8: 55, 4: 72, 5: 27, 7: 33, 0: 9, 2: 2})
mobilenet_v2(pretrained=False, num_classes=args.num_classes) model chosen!
id 34
label_counts: defaultdict(<class 'int'>, {8: 744, 6: 172, 4: 26, 1: 189, 3: 119, 7: 25, 2: 5})
torchvision.models.resnet18(pretrained=False, num_classes=args.num_classes) model chosen!
id 35
label_counts: defaultdict(<class 'int'>, {0: 51, 2: 209, 9: 284, 3: 52, 6: 18, 7: 131, 8: 11, 1: 6, 4: 6})
torchvision.models.resnet34(pretrained=False, num_classes=args.num_classes) model chosen!
id 36
label_counts: defaultdict(<class 'int'>, {5: 139, 8: 137, 1: 62, 9: 64, 4: 88, 2: 11, 7: 10, 0: 1})
torchvision.models.resnet50(pretrained=False, num_classes=args.num_classes) model chosen!
id 37
label_counts: defaultdict(<class 'int'>, {1: 133, 0: 86, 4: 65, 6: 405, 9: 17, 3: 38, 7: 7, 5: 11, 2: 6})
torchvision.models.resnet101(pretrained=False, num_classes=args.num_classes) model chosen!
id 38
label_counts: defaultdict(<class 'int'>, {2: 95, 7: 111, 6: 129, 5: 21, 8: 23, 3: 92, 1: 22, 9: 17, 0: 2})
torchvision.models.resnet152(pretrained=False, num_classes=args.num_classes) model chosen!
id 39
label_counts: defaultdict(<class 'int'>, {3: 326, 8: 199, 9: 290, 4: 197, 0: 2, 5: 4, 7: 4, 2: 1, 1: 1})

Join ratio / total clients: 1.0 / 40
Finished creating server and clients.
------------------------- time cost ------------------------- 75.08953738212585

-------------Round number: 0-------------

Evaluate heterogeneous models
Averaged Test Accurancy: 0.4845
Averaged Test AUC: 0.8382
Std Test Accurancy: 0.1431
Std Test AUC: 0.0684
------------------------- time cost ------------------------- 73.79567813873291

-------------Round number: 1-------------

Evaluate heterogeneous models
Averaged Test Accurancy: 0.5712
Averaged Test AUC: 0.8886
Std Test Accurancy: 0.1353
Std Test AUC: 0.0666
------------------------- time cost ------------------------- 74.41505551338196

-------------Round number: 2-------------

Evaluate heterogeneous models
Averaged Test Accurancy: 0.5940
Averaged Test AUC: 0.8973
Std Test Accurancy: 0.1334
Std Test AUC: 0.0560
------------------------- time cost ------------------------- 74.177734375

-------------Round number: 3-------------

Evaluate heterogeneous models
Averaged Test Accurancy: 0.5972
Averaged Test AUC: 0.8966
Std Test Accurancy: 0.1245
Std Test AUC: 0.0529
------------------------- time cost ------------------------- 73.92356705665588

-------------Round number: 4-------------

Evaluate heterogeneous models
Averaged Test Accurancy: 0.6107
Averaged Test AUC: 0.8944
Std Test Accurancy: 0.1233
Std Test AUC: 0.0532
------------------------- time cost ------------------------- 73.84838366508484

-------------Round number: 5-------------

Evaluate heterogeneous models
Averaged Test Accurancy: 0.6117
Averaged Test AUC: 0.8974
Std Test Accurancy: 0.1225
Std Test AUC: 0.0500
------------------------- time cost ------------------------- 74.21392893791199

-------------Round number: 6-------------

Evaluate heterogeneous models
Averaged Test Accurancy: 0.6170
Averaged Test AUC: 0.8989
Std Test Accurancy: 0.1082
Std Test AUC: 0.0429
------------------------- time cost ------------------------- 74.45325064659119

-------------Round number: 7-------------

Evaluate heterogeneous models
Averaged Test Accurancy: 0.6165
Averaged Test AUC: 0.8982
Std Test Accurancy: 0.1088
Std Test AUC: 0.0448
------------------------- time cost ------------------------- 74.13986158370972

-------------Round number: 8-------------

Evaluate heterogeneous models
Averaged Test Accurancy: 0.6314
Averaged Test AUC: 0.9024
Std Test Accurancy: 0.1070
Std Test AUC: 0.0418
------------------------- time cost ------------------------- 73.77772307395935

-------------Round number: 9-------------

Evaluate heterogeneous models
Averaged Test Accurancy: 0.6237
Averaged Test AUC: 0.8998
Std Test Accurancy: 0.0968
Std Test AUC: 0.0408
------------------------- time cost ------------------------- 75.55135679244995

-------------Round number: 10-------------

Evaluate heterogeneous models
Averaged Test Accurancy: 0.6324
Averaged Test AUC: 0.9021
Std Test Accurancy: 0.1010
Std Test AUC: 0.0449
------------------------- time cost ------------------------- 74.75316500663757

-------------Round number: 11-------------

Evaluate heterogeneous models
Averaged Test Accurancy: 0.6342
Averaged Test AUC: 0.9022
Std Test Accurancy: 0.1001
Std Test AUC: 0.0439
------------------------- time cost ------------------------- 73.67629933357239

-------------Round number: 12-------------

Evaluate heterogeneous models
Averaged Test Accurancy: 0.6334
Averaged Test AUC: 0.9026
Std Test Accurancy: 0.0948
Std Test AUC: 0.0449
------------------------- time cost ------------------------- 75.18203473091125

-------------Round number: 13-------------

Evaluate heterogeneous models
Averaged Test Accurancy: 0.6406
Averaged Test AUC: 0.9045
Std Test Accurancy: 0.0983
Std Test AUC: 0.0467
------------------------- time cost ------------------------- 75.96425199508667

-------------Round number: 14-------------

Evaluate heterogeneous models
Averaged Test Accurancy: 0.6366
Averaged Test AUC: 0.9028
Std Test Accurancy: 0.1015
Std Test AUC: 0.0484
------------------------- time cost ------------------------- 73.43735122680664

-------------Round number: 15-------------

Evaluate heterogeneous models
Averaged Test Accurancy: 0.6353
Averaged Test AUC: 0.9039
Std Test Accurancy: 0.1039
Std Test AUC: 0.0473
------------------------- time cost ------------------------- 73.38654732704163

-------------Round number: 16-------------

Evaluate heterogeneous models
Averaged Test Accurancy: 0.6330
Averaged Test AUC: 0.9026
Std Test Accurancy: 0.1002
Std Test AUC: 0.0467
------------------------- time cost ------------------------- 73.90659189224243

-------------Round number: 17-------------

Evaluate heterogeneous models
Averaged Test Accurancy: 0.6386
Averaged Test AUC: 0.9043
Std Test Accurancy: 0.0950
Std Test AUC: 0.0456
------------------------- time cost ------------------------- 74.43628215789795

-------------Round number: 18-------------

Evaluate heterogeneous models
Averaged Test Accurancy: 0.6399
Averaged Test AUC: 0.9058
Std Test Accurancy: 0.0957
Std Test AUC: 0.0453
------------------------- time cost ------------------------- 74.60712146759033

-------------Round number: 19-------------

Evaluate heterogeneous models
Averaged Test Accurancy: 0.6411
Averaged Test AUC: 0.9058
Std Test Accurancy: 0.0972
Std Test AUC: 0.0450
------------------------- time cost ------------------------- 73.87033319473267

-------------Round number: 20-------------

Evaluate heterogeneous models
Averaged Test Accurancy: 0.6362
Averaged Test AUC: 0.9048
Std Test Accurancy: 0.0957
Std Test AUC: 0.0445
------------------------- time cost ------------------------- 75.96381258964539

-------------Round number: 21-------------

Evaluate heterogeneous models
Averaged Test Accurancy: 0.6382
Averaged Test AUC: 0.9059
Std Test Accurancy: 0.0951
Std Test AUC: 0.0441
------------------------- time cost ------------------------- 73.5147910118103

-------------Round number: 22-------------

Evaluate heterogeneous models
Averaged Test Accurancy: 0.6402
Averaged Test AUC: 0.9066
Std Test Accurancy: 0.0993
Std Test AUC: 0.0449
------------------------- time cost ------------------------- 74.81989622116089

-------------Round number: 23-------------

Evaluate heterogeneous models
Averaged Test Accurancy: 0.6427
Averaged Test AUC: 0.9081
Std Test Accurancy: 0.0997
Std Test AUC: 0.0453
------------------------- time cost ------------------------- 74.46564602851868

-------------Round number: 24-------------

Evaluate heterogeneous models
Averaged Test Accurancy: 0.6456
Averaged Test AUC: 0.9081
Std Test Accurancy: 0.0954
Std Test AUC: 0.0441
------------------------- time cost ------------------------- 73.88400864601135

-------------Round number: 25-------------

Evaluate heterogeneous models
Averaged Test Accurancy: 0.6410
Averaged Test AUC: 0.9065
Std Test Accurancy: 0.0970
Std Test AUC: 0.0453
------------------------- time cost ------------------------- 73.99159359931946

-------------Round number: 26-------------

Evaluate heterogeneous models
Averaged Test Accurancy: 0.6432
Averaged Test AUC: 0.9075
Std Test Accurancy: 0.0976
Std Test AUC: 0.0453
------------------------- time cost ------------------------- 73.97429132461548

-------------Round number: 27-------------

Evaluate heterogeneous models
Averaged Test Accurancy: 0.6434
Averaged Test AUC: 0.9071
Std Test Accurancy: 0.0972
Std Test AUC: 0.0449
------------------------- time cost ------------------------- 74.96355819702148

-------------Round number: 28-------------

Evaluate heterogeneous models
Averaged Test Accurancy: 0.6426
Averaged Test AUC: 0.9073
Std Test Accurancy: 0.0975
Std Test AUC: 0.0440
------------------------- time cost ------------------------- 73.60148024559021

-------------Round number: 29-------------

Evaluate heterogeneous models
Averaged Test Accurancy: 0.6454
Averaged Test AUC: 0.9072
Std Test Accurancy: 0.0960
Std Test AUC: 0.0463
------------------------- time cost ------------------------- 74.0106348991394

-------------Round number: 30-------------

Evaluate heterogeneous models
Averaged Test Accurancy: 0.6440
Averaged Test AUC: 0.9079
Std Test Accurancy: 0.0971
Std Test AUC: 0.0444
------------------------- time cost ------------------------- 73.91427230834961

-------------Round number: 31-------------

Evaluate heterogeneous models
Averaged Test Accurancy: 0.6426
Averaged Test AUC: 0.9069
Std Test Accurancy: 0.0962
Std Test AUC: 0.0462
------------------------- time cost ------------------------- 73.95646786689758

-------------Round number: 32-------------

Evaluate heterogeneous models
Averaged Test Accurancy: 0.6454
Averaged Test AUC: 0.9081
Std Test Accurancy: 0.0996
Std Test AUC: 0.0444
------------------------- time cost ------------------------- 75.04361391067505

-------------Round number: 33-------------

Evaluate heterogeneous models
Averaged Test Accurancy: 0.6440
Averaged Test AUC: 0.9075
Std Test Accurancy: 0.0953
Std Test AUC: 0.0438
------------------------- time cost ------------------------- 74.6839530467987

-------------Round number: 34-------------

Evaluate heterogeneous models
Averaged Test Accurancy: 0.6427
Averaged Test AUC: 0.9082
Std Test Accurancy: 0.0953
Std Test AUC: 0.0443
------------------------- time cost ------------------------- 73.76062893867493

-------------Round number: 35-------------

Evaluate heterogeneous models
Averaged Test Accurancy: 0.6477
Averaged Test AUC: 0.9090
Std Test Accurancy: 0.0924
Std Test AUC: 0.0443
------------------------- time cost ------------------------- 74.19295120239258

-------------Round number: 36-------------

Evaluate heterogeneous models
Averaged Test Accurancy: 0.6431
Averaged Test AUC: 0.9084
Std Test Accurancy: 0.1003
Std Test AUC: 0.0439
------------------------- time cost ------------------------- 73.51357936859131

-------------Round number: 37-------------

Evaluate heterogeneous models
Averaged Test Accurancy: 0.6455
Averaged Test AUC: 0.9091
Std Test Accurancy: 0.0977
Std Test AUC: 0.0441
------------------------- time cost ------------------------- 74.69731616973877

-------------Round number: 38-------------

Evaluate heterogeneous models
Averaged Test Accurancy: 0.6471
Averaged Test AUC: 0.9095
Std Test Accurancy: 0.0950
Std Test AUC: 0.0442
------------------------- time cost ------------------------- 73.74628686904907

-------------Round number: 39-------------

Evaluate heterogeneous models
Averaged Test Accurancy: 0.6450
Averaged Test AUC: 0.9090
Std Test Accurancy: 0.0936
Std Test AUC: 0.0436
------------------------- time cost ------------------------- 74.15088248252869

-------------Round number: 40-------------

Evaluate heterogeneous models
Averaged Test Accurancy: 0.6451
Averaged Test AUC: 0.9092
Std Test Accurancy: 0.0947
Std Test AUC: 0.0434
------------------------- time cost ------------------------- 74.62708139419556

-------------Round number: 41-------------

Evaluate heterogeneous models
Averaged Test Accurancy: 0.6464
Averaged Test AUC: 0.9094
Std Test Accurancy: 0.0958
Std Test AUC: 0.0438
------------------------- time cost ------------------------- 73.79258060455322

-------------Round number: 42-------------

Evaluate heterogeneous models
Averaged Test Accurancy: 0.6463
Averaged Test AUC: 0.9096
Std Test Accurancy: 0.0942
Std Test AUC: 0.0435
------------------------- time cost ------------------------- 73.81263589859009

-------------Round number: 43-------------

Evaluate heterogeneous models
Averaged Test Accurancy: 0.6464
Averaged Test AUC: 0.9098
Std Test Accurancy: 0.0971
Std Test AUC: 0.0435
------------------------- time cost ------------------------- 75.95723867416382

-------------Round number: 44-------------

Evaluate heterogeneous models
Averaged Test Accurancy: 0.6495
Averaged Test AUC: 0.9103
Std Test Accurancy: 0.0969
Std Test AUC: 0.0449
------------------------- time cost ------------------------- 75.48376369476318

-------------Round number: 45-------------

Evaluate heterogeneous models
Averaged Test Accurancy: 0.6455
Averaged Test AUC: 0.9093
Std Test Accurancy: 0.0968
Std Test AUC: 0.0436
------------------------- time cost ------------------------- 76.79382133483887

-------------Round number: 46-------------

Evaluate heterogeneous models
Averaged Test Accurancy: 0.6454
Averaged Test AUC: 0.9095
Std Test Accurancy: 0.0952
Std Test AUC: 0.0435
------------------------- time cost ------------------------- 76.94579219818115

-------------Round number: 47-------------

Evaluate heterogeneous models
Averaged Test Accurancy: 0.6462
Averaged Test AUC: 0.9098
Std Test Accurancy: 0.0983
Std Test AUC: 0.0442
------------------------- time cost ------------------------- 75.3013162612915

-------------Round number: 48-------------

Evaluate heterogeneous models
Averaged Test Accurancy: 0.6476
Averaged Test AUC: 0.9104
Std Test Accurancy: 0.0976
Std Test AUC: 0.0443
------------------------- time cost ------------------------- 73.79599857330322

-------------Round number: 49-------------

Evaluate heterogeneous models
Averaged Test Accurancy: 0.6458
Averaged Test AUC: 0.9096
Std Test Accurancy: 0.0979
Std Test AUC: 0.0445
------------------------- time cost ------------------------- 73.27417373657227

-------------Round number: 50-------------

Evaluate heterogeneous models
Averaged Test Accurancy: 0.6460
Averaged Test AUC: 0.9103
Std Test Accurancy: 0.0969
Std Test AUC: 0.0450
------------------------- time cost ------------------------- 74.60549426078796

-------------Round number: 51-------------

Evaluate heterogeneous models
Averaged Test Accurancy: 0.6475
Averaged Test AUC: 0.9105
Std Test Accurancy: 0.0976
Std Test AUC: 0.0433
------------------------- time cost ------------------------- 73.50658917427063

-------------Round number: 52-------------

Evaluate heterogeneous models
Averaged Test Accurancy: 0.6467
Averaged Test AUC: 0.9102
Std Test Accurancy: 0.0972
Std Test AUC: 0.0437
------------------------- time cost ------------------------- 74.53523683547974

-------------Round number: 53-------------

Evaluate heterogeneous models
Averaged Test Accurancy: 0.6468
Averaged Test AUC: 0.9106
Std Test Accurancy: 0.0991
Std Test AUC: 0.0429
------------------------- time cost ------------------------- 74.56073451042175

-------------Round number: 54-------------

Evaluate heterogeneous models
Averaged Test Accurancy: 0.6470
Averaged Test AUC: 0.9103
Std Test Accurancy: 0.1001
Std Test AUC: 0.0439
------------------------- time cost ------------------------- 73.69803786277771

-------------Round number: 55-------------

Evaluate heterogeneous models
Averaged Test Accurancy: 0.6473
Averaged Test AUC: 0.9097
Std Test Accurancy: 0.0991
Std Test AUC: 0.0454
------------------------- time cost ------------------------- 73.63891744613647

-------------Round number: 56-------------

Evaluate heterogeneous models
Averaged Test Accurancy: 0.6475
Averaged Test AUC: 0.9104
Std Test Accurancy: 0.0992
Std Test AUC: 0.0438
------------------------- time cost ------------------------- 73.91949796676636

-------------Round number: 57-------------

Evaluate heterogeneous models
Averaged Test Accurancy: 0.6482
Averaged Test AUC: 0.9106
Std Test Accurancy: 0.1018
Std Test AUC: 0.0438
------------------------- time cost ------------------------- 75.71956157684326

-------------Round number: 58-------------

Evaluate heterogeneous models
Averaged Test Accurancy: 0.6473
Averaged Test AUC: 0.9099
Std Test Accurancy: 0.0983
Std Test AUC: 0.0444
------------------------- time cost ------------------------- 74.34439086914062

-------------Round number: 59-------------

Evaluate heterogeneous models
Averaged Test Accurancy: 0.6483
Averaged Test AUC: 0.9104
Std Test Accurancy: 0.0966
Std Test AUC: 0.0443
------------------------- time cost ------------------------- 74.8668212890625

-------------Round number: 60-------------

Evaluate heterogeneous models
Averaged Test Accurancy: 0.6484
Averaged Test AUC: 0.9106
Std Test Accurancy: 0.0992
Std Test AUC: 0.0440
------------------------- time cost ------------------------- 76.3023591041565

-------------Round number: 61-------------

Evaluate heterogeneous models
Averaged Test Accurancy: 0.6468
Averaged Test AUC: 0.9104
Std Test Accurancy: 0.1024
Std Test AUC: 0.0446
------------------------- time cost ------------------------- 75.96493268013

-------------Round number: 62-------------

Evaluate heterogeneous models
Averaged Test Accurancy: 0.6489
Averaged Test AUC: 0.9104
Std Test Accurancy: 0.0968
Std Test AUC: 0.0440
------------------------- time cost ------------------------- 74.31855273246765

-------------Round number: 63-------------

Evaluate heterogeneous models
Averaged Test Accurancy: 0.6481
Averaged Test AUC: 0.9105
Std Test Accurancy: 0.0973
Std Test AUC: 0.0440
------------------------- time cost ------------------------- 74.60184860229492

-------------Round number: 64-------------

Evaluate heterogeneous models
Averaged Test Accurancy: 0.6476
Averaged Test AUC: 0.9104
Std Test Accurancy: 0.0991
Std Test AUC: 0.0440
------------------------- time cost ------------------------- 74.59580826759338

-------------Round number: 65-------------

Evaluate heterogeneous models
Averaged Test Accurancy: 0.6474
Averaged Test AUC: 0.9104
Std Test Accurancy: 0.0980
Std Test AUC: 0.0446
------------------------- time cost ------------------------- 75.41135239601135

-------------Round number: 66-------------

Evaluate heterogeneous models
Averaged Test Accurancy: 0.6480
Averaged Test AUC: 0.9106
Std Test Accurancy: 0.0975
Std Test AUC: 0.0433
------------------------- time cost ------------------------- 73.26974606513977

-------------Round number: 67-------------

Evaluate heterogeneous models
Averaged Test Accurancy: 0.6474
Averaged Test AUC: 0.9109
Std Test Accurancy: 0.0975
Std Test AUC: 0.0439
------------------------- time cost ------------------------- 75.43583059310913

-------------Round number: 68-------------

Evaluate heterogeneous models
Averaged Test Accurancy: 0.6466
Averaged Test AUC: 0.9107
Std Test Accurancy: 0.0980
Std Test AUC: 0.0440
------------------------- time cost ------------------------- 74.41324257850647

-------------Round number: 69-------------

Evaluate heterogeneous models
Averaged Test Accurancy: 0.6462
Averaged Test AUC: 0.9110
Std Test Accurancy: 0.0966
Std Test AUC: 0.0435
------------------------- time cost ------------------------- 75.06129479408264

-------------Round number: 70-------------

Evaluate heterogeneous models
Averaged Test Accurancy: 0.6456
Averaged Test AUC: 0.9106
Std Test Accurancy: 0.0999
Std Test AUC: 0.0442
------------------------- time cost ------------------------- 75.58998107910156

-------------Round number: 71-------------

Evaluate heterogeneous models
Averaged Test Accurancy: 0.6478
Averaged Test AUC: 0.9108
Std Test Accurancy: 0.0975
Std Test AUC: 0.0430
------------------------- time cost ------------------------- 77.62321996688843

-------------Round number: 72-------------

Evaluate heterogeneous models
Averaged Test Accurancy: 0.6473
Averaged Test AUC: 0.9110
Std Test Accurancy: 0.0966
Std Test AUC: 0.0439
------------------------- time cost ------------------------- 76.56688404083252

-------------Round number: 73-------------

Evaluate heterogeneous models
Averaged Test Accurancy: 0.6489
Averaged Test AUC: 0.9109
Std Test Accurancy: 0.0967
Std Test AUC: 0.0439
------------------------- time cost ------------------------- 76.13857078552246

-------------Round number: 74-------------

Evaluate heterogeneous models
Averaged Test Accurancy: 0.6478
Averaged Test AUC: 0.9107
Std Test Accurancy: 0.0982
Std Test AUC: 0.0446
------------------------- time cost ------------------------- 76.04955744743347

-------------Round number: 75-------------

Evaluate heterogeneous models
Averaged Test Accurancy: 0.6499
Averaged Test AUC: 0.9110
Std Test Accurancy: 0.0976
Std Test AUC: 0.0444
------------------------- time cost ------------------------- 75.64728689193726

-------------Round number: 76-------------

Evaluate heterogeneous models
Averaged Test Accurancy: 0.6491
Averaged Test AUC: 0.9112
Std Test Accurancy: 0.0984
Std Test AUC: 0.0445
------------------------- time cost ------------------------- 75.60009813308716

-------------Round number: 77-------------

Evaluate heterogeneous models
Averaged Test Accurancy: 0.6489
Averaged Test AUC: 0.9108
Std Test Accurancy: 0.0983
Std Test AUC: 0.0445
------------------------- time cost ------------------------- 73.69403529167175

-------------Round number: 78-------------

Evaluate heterogeneous models
Averaged Test Accurancy: 0.6488
Averaged Test AUC: 0.9109
Std Test Accurancy: 0.0974
Std Test AUC: 0.0446
------------------------- time cost ------------------------- 72.86000728607178

-------------Round number: 79-------------

Evaluate heterogeneous models
Averaged Test Accurancy: 0.6494
Averaged Test AUC: 0.9112
Std Test Accurancy: 0.0975
Std Test AUC: 0.0444
------------------------- time cost ------------------------- 72.89704871177673

-------------Round number: 80-------------

Evaluate heterogeneous models
Averaged Test Accurancy: 0.6494
Averaged Test AUC: 0.9109
Std Test Accurancy: 0.0983
Std Test AUC: 0.0443
------------------------- time cost ------------------------- 72.66763710975647

-------------Round number: 81-------------

Evaluate heterogeneous models
Averaged Test Accurancy: 0.6502
Averaged Test AUC: 0.9111
Std Test Accurancy: 0.0974
Std Test AUC: 0.0443
------------------------- time cost ------------------------- 72.8696596622467

-------------Round number: 82-------------

Evaluate heterogeneous models
Averaged Test Accurancy: 0.6493
Averaged Test AUC: 0.9112
Std Test Accurancy: 0.0979
Std Test AUC: 0.0444
------------------------- time cost ------------------------- 73.00342845916748

-------------Round number: 83-------------

Evaluate heterogeneous models
Averaged Test Accurancy: 0.6497
Averaged Test AUC: 0.9113
Std Test Accurancy: 0.0976
Std Test AUC: 0.0443
------------------------- time cost ------------------------- 73.73539781570435

-------------Round number: 84-------------

Evaluate heterogeneous models
Averaged Test Accurancy: 0.6495
Averaged Test AUC: 0.9114
Std Test Accurancy: 0.0977
Std Test AUC: 0.0445
------------------------- time cost ------------------------- 72.79263734817505

-------------Round number: 85-------------

Evaluate heterogeneous models
Averaged Test Accurancy: 0.6498
Averaged Test AUC: 0.9114
Std Test Accurancy: 0.0979
Std Test AUC: 0.0445
------------------------- time cost ------------------------- 73.02963972091675

-------------Round number: 86-------------

Evaluate heterogeneous models
Averaged Test Accurancy: 0.6501
Averaged Test AUC: 0.9118
Std Test Accurancy: 0.0977
Std Test AUC: 0.0450
------------------------- time cost ------------------------- 72.66030049324036

-------------Round number: 87-------------

Evaluate heterogeneous models
Averaged Test Accurancy: 0.6503
Averaged Test AUC: 0.9117
Std Test Accurancy: 0.0991
Std Test AUC: 0.0445
------------------------- time cost ------------------------- 73.97040486335754

-------------Round number: 88-------------

Evaluate heterogeneous models
Averaged Test Accurancy: 0.6515
Averaged Test AUC: 0.9115
Std Test Accurancy: 0.0978
Std Test AUC: 0.0445
------------------------- time cost ------------------------- 72.92610430717468

-------------Round number: 89-------------

Evaluate heterogeneous models
Averaged Test Accurancy: 0.6503
Averaged Test AUC: 0.9115
Std Test Accurancy: 0.0979
Std Test AUC: 0.0446
------------------------- time cost ------------------------- 74.84873390197754

-------------Round number: 90-------------

Evaluate heterogeneous models
Averaged Test Accurancy: 0.6501
Averaged Test AUC: 0.9116
Std Test Accurancy: 0.0975
Std Test AUC: 0.0445
------------------------- time cost ------------------------- 75.76589846611023

-------------Round number: 91-------------

Evaluate heterogeneous models
Averaged Test Accurancy: 0.6492
Averaged Test AUC: 0.9113
Std Test Accurancy: 0.0971
Std Test AUC: 0.0445
------------------------- time cost ------------------------- 74.14333367347717

-------------Round number: 92-------------

Evaluate heterogeneous models
Averaged Test Accurancy: 0.6494
Averaged Test AUC: 0.9116
Std Test Accurancy: 0.0980
Std Test AUC: 0.0444
------------------------- time cost ------------------------- 74.29429030418396

-------------Round number: 93-------------

Evaluate heterogeneous models
Averaged Test Accurancy: 0.6498
Averaged Test AUC: 0.9115
Std Test Accurancy: 0.0977
Std Test AUC: 0.0445
------------------------- time cost ------------------------- 75.1992347240448

-------------Round number: 94-------------

Evaluate heterogeneous models
Averaged Test Accurancy: 0.6480
Averaged Test AUC: 0.9113
Std Test Accurancy: 0.1006
Std Test AUC: 0.0447
------------------------- time cost ------------------------- 75.2324059009552

-------------Round number: 95-------------

Evaluate heterogeneous models
Averaged Test Accurancy: 0.6519
Averaged Test AUC: 0.9117
Std Test Accurancy: 0.0953
Std Test AUC: 0.0436
------------------------- time cost ------------------------- 75.21810269355774

-------------Round number: 96-------------

Evaluate heterogeneous models
Averaged Test Accurancy: 0.6513
Averaged Test AUC: 0.9120
Std Test Accurancy: 0.0950
Std Test AUC: 0.0440
------------------------- time cost ------------------------- 73.28768754005432

-------------Round number: 97-------------

Evaluate heterogeneous models
Averaged Test Accurancy: 0.6505
Averaged Test AUC: 0.9117
Std Test Accurancy: 0.0967
Std Test AUC: 0.0441
------------------------- time cost ------------------------- 74.19248986244202

-------------Round number: 98-------------

Evaluate heterogeneous models
Averaged Test Accurancy: 0.6495
Averaged Test AUC: 0.9110
Std Test Accurancy: 0.0963
Std Test AUC: 0.0438
------------------------- time cost ------------------------- 76.26079726219177

-------------Round number: 99-------------

Evaluate heterogeneous models
Averaged Test Accurancy: 0.6503
Averaged Test AUC: 0.9116
Std Test Accurancy: 0.0988
Std Test AUC: 0.0439
------------------------- time cost ------------------------- 76.8091504573822

-------------Round number: 100-------------

Evaluate heterogeneous models
Averaged Test Accurancy: 0.6496
Averaged Test AUC: 0.9114
Std Test Accurancy: 0.0977
Std Test AUC: 0.0441
------------------------- time cost ------------------------- 75.1286039352417

-------------Round number: 101-------------

Evaluate heterogeneous models
Averaged Test Accurancy: 0.6502
Averaged Test AUC: 0.9117
Std Test Accurancy: 0.0971
Std Test AUC: 0.0436
------------------------- time cost ------------------------- 74.74683880805969

-------------Round number: 102-------------

Evaluate heterogeneous models
Averaged Test Accurancy: 0.6494
Averaged Test AUC: 0.9116
Std Test Accurancy: 0.0968
Std Test AUC: 0.0439
------------------------- time cost ------------------------- 73.87734913825989

-------------Round number: 103-------------

Evaluate heterogeneous models
Averaged Test Accurancy: 0.6488
Averaged Test AUC: 0.9115
Std Test Accurancy: 0.0968
Std Test AUC: 0.0432
------------------------- time cost ------------------------- 74.86976599693298

-------------Round number: 104-------------

Evaluate heterogeneous models
Averaged Test Accurancy: 0.6496
Averaged Test AUC: 0.9120
Std Test Accurancy: 0.0951
Std Test AUC: 0.0436
------------------------- time cost ------------------------- 77.10889101028442

-------------Round number: 105-------------

Evaluate heterogeneous models
Averaged Test Accurancy: 0.6488
Averaged Test AUC: 0.9113
Std Test Accurancy: 0.0981
Std Test AUC: 0.0434
------------------------- time cost ------------------------- 75.77037525177002

-------------Round number: 106-------------

Evaluate heterogeneous models
Averaged Test Accurancy: 0.6487
Averaged Test AUC: 0.9107
Std Test Accurancy: 0.0965
Std Test AUC: 0.0438
------------------------- time cost ------------------------- 73.97853374481201

-------------Round number: 107-------------

Evaluate heterogeneous models
Averaged Test Accurancy: 0.6435
Averaged Test AUC: 0.9111
Std Test Accurancy: 0.0994
Std Test AUC: 0.0438
------------------------- time cost ------------------------- 74.24337267875671

-------------Round number: 108-------------

Evaluate heterogeneous models
Averaged Test Accurancy: 0.6507
Averaged Test AUC: 0.9126
Std Test Accurancy: 0.0965
Std Test AUC: 0.0436
------------------------- time cost ------------------------- 73.83342480659485

-------------Round number: 109-------------

Evaluate heterogeneous models
Averaged Test Accurancy: 0.6507
Averaged Test AUC: 0.9128
Std Test Accurancy: 0.0977
Std Test AUC: 0.0438
------------------------- time cost ------------------------- 72.36820363998413

-------------Round number: 110-------------

Evaluate heterogeneous models
Averaged Test Accurancy: 0.6505
Averaged Test AUC: 0.9130
Std Test Accurancy: 0.0954
Std Test AUC: 0.0430
------------------------- time cost ------------------------- 73.03146052360535

-------------Round number: 111-------------

Evaluate heterogeneous models
Averaged Test Accurancy: 0.6498
Averaged Test AUC: 0.9130
Std Test Accurancy: 0.0977
Std Test AUC: 0.0436
------------------------- time cost ------------------------- 72.74477791786194

-------------Round number: 112-------------

Evaluate heterogeneous models
Averaged Test Accurancy: 0.6507
Averaged Test AUC: 0.9128
Std Test Accurancy: 0.0954
Std Test AUC: 0.0426
------------------------- time cost ------------------------- 73.60611844062805

-------------Round number: 113-------------

Evaluate heterogeneous models
Averaged Test Accurancy: 0.6492
Averaged Test AUC: 0.9127
Std Test Accurancy: 0.0987
Std Test AUC: 0.0427
------------------------- time cost ------------------------- 74.51674342155457

-------------Round number: 114-------------

Evaluate heterogeneous models
Averaged Test Accurancy: 0.6506
Averaged Test AUC: 0.9129
Std Test Accurancy: 0.0967
Std Test AUC: 0.0430
------------------------- time cost ------------------------- 72.3110122680664

-------------Round number: 115-------------

Evaluate heterogeneous models
Averaged Test Accurancy: 0.6501
Averaged Test AUC: 0.9131
Std Test Accurancy: 0.0987
Std Test AUC: 0.0427
------------------------- time cost ------------------------- 72.92004871368408

-------------Round number: 116-------------

Evaluate heterogeneous models
Averaged Test Accurancy: 0.6495
Averaged Test AUC: 0.9130
Std Test Accurancy: 0.0994
Std Test AUC: 0.0429
------------------------- time cost ------------------------- 72.91132879257202

-------------Round number: 117-------------

Evaluate heterogeneous models
Averaged Test Accurancy: 0.6505
Averaged Test AUC: 0.9129
Std Test Accurancy: 0.0992
Std Test AUC: 0.0427
------------------------- time cost ------------------------- 73.33640813827515

-------------Round number: 118-------------

Evaluate heterogeneous models
Averaged Test Accurancy: 0.6498
Averaged Test AUC: 0.9131
Std Test Accurancy: 0.0970
Std Test AUC: 0.0425
------------------------- time cost ------------------------- 73.36919474601746

-------------Round number: 119-------------

Evaluate heterogeneous models
Averaged Test Accurancy: 0.6486
Averaged Test AUC: 0.9126
Std Test Accurancy: 0.0976
Std Test AUC: 0.0424
------------------------- time cost ------------------------- 71.98103618621826

-------------Round number: 120-------------

Evaluate heterogeneous models
Averaged Test Accurancy: 0.6503
Averaged Test AUC: 0.9134
Std Test Accurancy: 0.0976
Std Test AUC: 0.0423
------------------------- time cost ------------------------- 72.84129309654236

-------------Round number: 121-------------

Evaluate heterogeneous models
Averaged Test Accurancy: 0.6491
Averaged Test AUC: 0.9133
Std Test Accurancy: 0.0964
Std Test AUC: 0.0424
------------------------- time cost ------------------------- 72.47757530212402

-------------Round number: 122-------------

Evaluate heterogeneous models
Averaged Test Accurancy: 0.6504
Averaged Test AUC: 0.9131
Std Test Accurancy: 0.0979
Std Test AUC: 0.0425
------------------------- time cost ------------------------- 72.85003781318665

-------------Round number: 123-------------

Evaluate heterogeneous models
Averaged Test Accurancy: 0.6509
Averaged Test AUC: 0.9132
Std Test Accurancy: 0.0978
Std Test AUC: 0.0425
------------------------- time cost ------------------------- 73.04636836051941

-------------Round number: 124-------------

Evaluate heterogeneous models
Averaged Test Accurancy: 0.6520
Averaged Test AUC: 0.9134
Std Test Accurancy: 0.0974
Std Test AUC: 0.0426
------------------------- time cost ------------------------- 73.1844584941864

-------------Round number: 125-------------

Evaluate heterogeneous models
Averaged Test Accurancy: 0.6503
Averaged Test AUC: 0.9133
Std Test Accurancy: 0.0975
Std Test AUC: 0.0424
------------------------- time cost ------------------------- 73.08039259910583

-------------Round number: 126-------------

Evaluate heterogeneous models
Averaged Test Accurancy: 0.6493
Averaged Test AUC: 0.9131
Std Test Accurancy: 0.0978
Std Test AUC: 0.0426
------------------------- time cost ------------------------- 73.2238826751709

-------------Round number: 127-------------

Evaluate heterogeneous models
Averaged Test Accurancy: 0.6493
Averaged Test AUC: 0.9130
Std Test Accurancy: 0.0980
Std Test AUC: 0.0425
------------------------- time cost ------------------------- 74.93263649940491

-------------Round number: 128-------------

Evaluate heterogeneous models
Averaged Test Accurancy: 0.6503
Averaged Test AUC: 0.9134
Std Test Accurancy: 0.0976
Std Test AUC: 0.0425
------------------------- time cost ------------------------- 75.43112134933472

-------------Round number: 129-------------

Evaluate heterogeneous models
Averaged Test Accurancy: 0.6515
Averaged Test AUC: 0.9135
Std Test Accurancy: 0.0974
Std Test AUC: 0.0428
------------------------- time cost ------------------------- 76.20747423171997

-------------Round number: 130-------------

Evaluate heterogeneous models
Averaged Test Accurancy: 0.6520
Averaged Test AUC: 0.9136
Std Test Accurancy: 0.0976
Std Test AUC: 0.0425
------------------------- time cost ------------------------- 75.73333072662354

-------------Round number: 131-------------

Evaluate heterogeneous models
Averaged Test Accurancy: 0.6513
Averaged Test AUC: 0.9136
Std Test Accurancy: 0.0975
Std Test AUC: 0.0425
------------------------- time cost ------------------------- 74.48810625076294

-------------Round number: 132-------------

Evaluate heterogeneous models
Averaged Test Accurancy: 0.6503
Averaged Test AUC: 0.9136
Std Test Accurancy: 0.0959
Std Test AUC: 0.0424
------------------------- time cost ------------------------- 77.15002369880676

-------------Round number: 133-------------

Evaluate heterogeneous models
Averaged Test Accurancy: 0.6507
Averaged Test AUC: 0.9135
Std Test Accurancy: 0.0967
Std Test AUC: 0.0422
------------------------- time cost ------------------------- 76.40945506095886

-------------Round number: 134-------------

Evaluate heterogeneous models
Averaged Test Accurancy: 0.6523
Averaged Test AUC: 0.9135
Std Test Accurancy: 0.0979
Std Test AUC: 0.0425
------------------------- time cost ------------------------- 73.97543573379517

-------------Round number: 135-------------

Evaluate heterogeneous models
Averaged Test Accurancy: 0.6509
Averaged Test AUC: 0.9137
Std Test Accurancy: 0.0979
Std Test AUC: 0.0430
------------------------- time cost ------------------------- 76.09250807762146

-------------Round number: 136-------------

Evaluate heterogeneous models
Averaged Test Accurancy: 0.6518
Averaged Test AUC: 0.9137
Std Test Accurancy: 0.0980
Std Test AUC: 0.0425
------------------------- time cost ------------------------- 73.17111563682556

-------------Round number: 137-------------

Evaluate heterogeneous models
Averaged Test Accurancy: 0.6513
Averaged Test AUC: 0.9138
Std Test Accurancy: 0.0984
Std Test AUC: 0.0426
------------------------- time cost ------------------------- 73.19498777389526

-------------Round number: 138-------------

Evaluate heterogeneous models
Averaged Test Accurancy: 0.6519
Averaged Test AUC: 0.9141
Std Test Accurancy: 0.0982
Std Test AUC: 0.0426
------------------------- time cost ------------------------- 76.7441029548645

-------------Round number: 139-------------

Evaluate heterogeneous models
Averaged Test Accurancy: 0.6506
Averaged Test AUC: 0.9138
Std Test Accurancy: 0.0971
Std Test AUC: 0.0423
------------------------- time cost ------------------------- 73.68597865104675

-------------Round number: 140-------------

Evaluate heterogeneous models
Averaged Test Accurancy: 0.6518
Averaged Test AUC: 0.9141
Std Test Accurancy: 0.0977
Std Test AUC: 0.0427
------------------------- time cost ------------------------- 73.40875482559204

-------------Round number: 141-------------

Evaluate heterogeneous models
Averaged Test Accurancy: 0.6523
Averaged Test AUC: 0.9140
Std Test Accurancy: 0.0980
Std Test AUC: 0.0426
------------------------- time cost ------------------------- 72.77226781845093

-------------Round number: 142-------------

Evaluate heterogeneous models
Averaged Test Accurancy: 0.6527
Averaged Test AUC: 0.9139
Std Test Accurancy: 0.0976
Std Test AUC: 0.0426
------------------------- time cost ------------------------- 76.28888750076294

-------------Round number: 143-------------

Evaluate heterogeneous models
Averaged Test Accurancy: 0.6512
Averaged Test AUC: 0.9140
Std Test Accurancy: 0.0984
Std Test AUC: 0.0428
------------------------- time cost ------------------------- 78.19917917251587

-------------Round number: 144-------------

Evaluate heterogeneous models
Averaged Test Accurancy: 0.6513
Averaged Test AUC: 0.9132
Std Test Accurancy: 0.0978
Std Test AUC: 0.0426
------------------------- time cost ------------------------- 77.25280046463013

-------------Round number: 145-------------

Evaluate heterogeneous models
Averaged Test Accurancy: 0.6511
Averaged Test AUC: 0.9137
Std Test Accurancy: 0.0967
Std Test AUC: 0.0426
------------------------- time cost ------------------------- 75.00525331497192

-------------Round number: 146-------------

Evaluate heterogeneous models
Averaged Test Accurancy: 0.6501
Averaged Test AUC: 0.9136
Std Test Accurancy: 0.0979
Std Test AUC: 0.0428
------------------------- time cost ------------------------- 74.85778498649597

-------------Round number: 147-------------

Evaluate heterogeneous models
Averaged Test Accurancy: 0.6509
Averaged Test AUC: 0.9138
Std Test Accurancy: 0.0975
Std Test AUC: 0.0426
------------------------- time cost ------------------------- 75.31252455711365

-------------Round number: 148-------------

Evaluate heterogeneous models
Averaged Test Accurancy: 0.6509
Averaged Test AUC: 0.9138
Std Test Accurancy: 0.0967
Std Test AUC: 0.0425
------------------------- time cost ------------------------- 75.74862146377563

-------------Round number: 149-------------

Evaluate heterogeneous models
Averaged Test Accurancy: 0.6514
Averaged Test AUC: 0.9139
Std Test Accurancy: 0.0979
Std Test AUC: 0.0424
------------------------- time cost ------------------------- 75.68974733352661

-------------Round number: 150-------------

Evaluate heterogeneous models
Averaged Test Accurancy: 0.6512
Averaged Test AUC: 0.9140
Std Test Accurancy: 0.0970
Std Test AUC: 0.0425
------------------------- time cost ------------------------- 75.51729393005371

-------------Round number: 151-------------

Evaluate heterogeneous models
Averaged Test Accurancy: 0.6518
Averaged Test AUC: 0.9139
Std Test Accurancy: 0.0975
Std Test AUC: 0.0426
------------------------- time cost ------------------------- 74.57224607467651

-------------Round number: 152-------------

Evaluate heterogeneous models
Averaged Test Accurancy: 0.6517
Averaged Test AUC: 0.9140
Std Test Accurancy: 0.0975
Std Test AUC: 0.0426
------------------------- time cost ------------------------- 75.14159870147705

-------------Round number: 153-------------

Evaluate heterogeneous models
Averaged Test Accurancy: 0.6520
Averaged Test AUC: 0.9139
Std Test Accurancy: 0.0973
Std Test AUC: 0.0427
------------------------- time cost ------------------------- 75.14535164833069

-------------Round number: 154-------------

Evaluate heterogeneous models
Averaged Test Accurancy: 0.6521
Averaged Test AUC: 0.9142
Std Test Accurancy: 0.0955
Std Test AUC: 0.0421
------------------------- time cost ------------------------- 73.10159873962402

-------------Round number: 155-------------

Evaluate heterogeneous models
Averaged Test Accurancy: 0.6517
Averaged Test AUC: 0.9143
Std Test Accurancy: 0.0957
Std Test AUC: 0.0420
------------------------- time cost ------------------------- 74.54108262062073

-------------Round number: 156-------------

Evaluate heterogeneous models
Averaged Test Accurancy: 0.6525
Averaged Test AUC: 0.9142
Std Test Accurancy: 0.0952
Std Test AUC: 0.0423
------------------------- time cost ------------------------- 74.83710241317749

-------------Round number: 157-------------

Evaluate heterogeneous models
Averaged Test Accurancy: 0.6521
Averaged Test AUC: 0.9140
Std Test Accurancy: 0.0965
Std Test AUC: 0.0425
------------------------- time cost ------------------------- 73.29009652137756

-------------Round number: 158-------------

Evaluate heterogeneous models
Averaged Test Accurancy: 0.6511
Averaged Test AUC: 0.9141
Std Test Accurancy: 0.0975
Std Test AUC: 0.0423
------------------------- time cost ------------------------- 74.85251188278198

-------------Round number: 159-------------

Evaluate heterogeneous models
Averaged Test Accurancy: 0.6521
Averaged Test AUC: 0.9139
Std Test Accurancy: 0.0956
Std Test AUC: 0.0425
------------------------- time cost ------------------------- 73.37170457839966

-------------Round number: 160-------------

Evaluate heterogeneous models
Averaged Test Accurancy: 0.6521
Averaged Test AUC: 0.9141
Std Test Accurancy: 0.0970
Std Test AUC: 0.0424
------------------------- time cost ------------------------- 74.07759165763855

-------------Round number: 161-------------

Evaluate heterogeneous models
Averaged Test Accurancy: 0.6518
Averaged Test AUC: 0.9138
Std Test Accurancy: 0.0966
Std Test AUC: 0.0419
------------------------- time cost ------------------------- 73.81272578239441

-------------Round number: 162-------------

Evaluate heterogeneous models
Averaged Test Accurancy: 0.6502
Averaged Test AUC: 0.9141
Std Test Accurancy: 0.0958
Std Test AUC: 0.0422
------------------------- time cost ------------------------- 74.21984815597534

-------------Round number: 163-------------

Evaluate heterogeneous models
Averaged Test Accurancy: 0.6507
Averaged Test AUC: 0.9143
Std Test Accurancy: 0.0974
Std Test AUC: 0.0423
------------------------- time cost ------------------------- 72.9185962677002

-------------Round number: 164-------------

Evaluate heterogeneous models
Averaged Test Accurancy: 0.6512
Averaged Test AUC: 0.9144
Std Test Accurancy: 0.0958
Std Test AUC: 0.0423
------------------------- time cost ------------------------- 73.74863743782043

-------------Round number: 165-------------

Evaluate heterogeneous models
Averaged Test Accurancy: 0.6503
Averaged Test AUC: 0.9139
Std Test Accurancy: 0.0970
Std Test AUC: 0.0424
------------------------- time cost ------------------------- 73.22053170204163

-------------Round number: 166-------------

Evaluate heterogeneous models
Averaged Test Accurancy: 0.6505
Averaged Test AUC: 0.9141
Std Test Accurancy: 0.0975
Std Test AUC: 0.0426
------------------------- time cost ------------------------- 73.86991381645203

-------------Round number: 167-------------

Evaluate heterogeneous models
Averaged Test Accurancy: 0.6509
Averaged Test AUC: 0.9141
Std Test Accurancy: 0.0971
Std Test AUC: 0.0425
------------------------- time cost ------------------------- 74.13583946228027

-------------Round number: 168-------------

Evaluate heterogeneous models
Averaged Test Accurancy: 0.6506
Averaged Test AUC: 0.9141
Std Test Accurancy: 0.0975
Std Test AUC: 0.0426
------------------------- time cost ------------------------- 73.76156902313232

-------------Round number: 169-------------

Evaluate heterogeneous models
Averaged Test Accurancy: 0.6506
Averaged Test AUC: 0.9140
Std Test Accurancy: 0.0967
Std Test AUC: 0.0423
------------------------- time cost ------------------------- 74.1826560497284

-------------Round number: 170-------------

Evaluate heterogeneous models
Averaged Test Accurancy: 0.6511
Averaged Test AUC: 0.9138
Std Test Accurancy: 0.0974
Std Test AUC: 0.0427
------------------------- time cost ------------------------- 73.60353398323059

-------------Round number: 171-------------

Evaluate heterogeneous models
Averaged Test Accurancy: 0.6501
Averaged Test AUC: 0.9138
Std Test Accurancy: 0.0970
Std Test AUC: 0.0427
------------------------- time cost ------------------------- 73.27971696853638

-------------Round number: 172-------------

Evaluate heterogeneous models
Averaged Test Accurancy: 0.6507
Averaged Test AUC: 0.9137
Std Test Accurancy: 0.0967
Std Test AUC: 0.0426
------------------------- time cost ------------------------- 73.54363584518433

-------------Round number: 173-------------

Evaluate heterogeneous models
Averaged Test Accurancy: 0.6507
Averaged Test AUC: 0.9138
Std Test Accurancy: 0.0968
Std Test AUC: 0.0424
------------------------- time cost ------------------------- 73.52804350852966

-------------Round number: 174-------------

Evaluate heterogeneous models
Averaged Test Accurancy: 0.6505
Averaged Test AUC: 0.9138
Std Test Accurancy: 0.0965
Std Test AUC: 0.0428
------------------------- time cost ------------------------- 73.31416130065918

-------------Round number: 175-------------

Evaluate heterogeneous models
Averaged Test Accurancy: 0.6517
Averaged Test AUC: 0.9137
Std Test Accurancy: 0.0963
Std Test AUC: 0.0426
------------------------- time cost ------------------------- 74.57946276664734

-------------Round number: 176-------------

Evaluate heterogeneous models
Averaged Test Accurancy: 0.6513
Averaged Test AUC: 0.9141
Std Test Accurancy: 0.0967
Std Test AUC: 0.0426
------------------------- time cost ------------------------- 74.0857412815094

-------------Round number: 177-------------

Evaluate heterogeneous models
Averaged Test Accurancy: 0.6501
Averaged Test AUC: 0.9139
Std Test Accurancy: 0.0978
Std Test AUC: 0.0429
------------------------- time cost ------------------------- 73.53551387786865

-------------Round number: 178-------------

Evaluate heterogeneous models
Averaged Test Accurancy: 0.6509
Averaged Test AUC: 0.9139
Std Test Accurancy: 0.0973
Std Test AUC: 0.0427
------------------------- time cost ------------------------- 74.13239192962646

-------------Round number: 179-------------

Evaluate heterogeneous models
Averaged Test Accurancy: 0.6501
Averaged Test AUC: 0.9142
Std Test Accurancy: 0.0966
Std Test AUC: 0.0420
------------------------- time cost ------------------------- 74.03335762023926

-------------Round number: 180-------------

Evaluate heterogeneous models
Averaged Test Accurancy: 0.6507
Averaged Test AUC: 0.9139
Std Test Accurancy: 0.0981
Std Test AUC: 0.0424
------------------------- time cost ------------------------- 74.12555527687073

-------------Round number: 181-------------

Evaluate heterogeneous models
Averaged Test Accurancy: 0.6515
Averaged Test AUC: 0.9142
Std Test Accurancy: 0.0971
Std Test AUC: 0.0422
------------------------- time cost ------------------------- 74.23197102546692

-------------Round number: 182-------------

Evaluate heterogeneous models
Averaged Test Accurancy: 0.6510
Averaged Test AUC: 0.9142
Std Test Accurancy: 0.0968
Std Test AUC: 0.0422
------------------------- time cost ------------------------- 73.64192938804626

-------------Round number: 183-------------

Evaluate heterogeneous models
Averaged Test Accurancy: 0.6511
Averaged Test AUC: 0.9143
Std Test Accurancy: 0.0973
Std Test AUC: 0.0422
------------------------- time cost ------------------------- 74.15418028831482

-------------Round number: 184-------------

Evaluate heterogeneous models
Averaged Test Accurancy: 0.6507
Averaged Test AUC: 0.9142
Std Test Accurancy: 0.0971
Std Test AUC: 0.0423
------------------------- time cost ------------------------- 74.5765974521637

-------------Round number: 185-------------

Evaluate heterogeneous models
Averaged Test Accurancy: 0.6512
Averaged Test AUC: 0.9143
Std Test Accurancy: 0.0977
Std Test AUC: 0.0422
------------------------- time cost ------------------------- 74.80464267730713

-------------Round number: 186-------------

Evaluate heterogeneous models
Averaged Test Accurancy: 0.6523
Averaged Test AUC: 0.9141
Std Test Accurancy: 0.0963
Std Test AUC: 0.0422
------------------------- time cost ------------------------- 73.57546901702881

-------------Round number: 187-------------

Evaluate heterogeneous models
Averaged Test Accurancy: 0.6507
Averaged Test AUC: 0.9140
Std Test Accurancy: 0.0957
Std Test AUC: 0.0421
------------------------- time cost ------------------------- 73.17587971687317

-------------Round number: 188-------------

Evaluate heterogeneous models
Averaged Test Accurancy: 0.6516
Averaged Test AUC: 0.9143
Std Test Accurancy: 0.0962
Std Test AUC: 0.0421
------------------------- time cost ------------------------- 74.08839416503906

-------------Round number: 189-------------

Evaluate heterogeneous models
Averaged Test Accurancy: 0.6509
Averaged Test AUC: 0.9142
Std Test Accurancy: 0.0983
Std Test AUC: 0.0423
------------------------- time cost ------------------------- 73.83156752586365

-------------Round number: 190-------------

Evaluate heterogeneous models
Averaged Test Accurancy: 0.6516
Averaged Test AUC: 0.9143
Std Test Accurancy: 0.0973
Std Test AUC: 0.0421
------------------------- time cost ------------------------- 74.14062309265137

-------------Round number: 191-------------

Evaluate heterogeneous models
Averaged Test Accurancy: 0.6510
Averaged Test AUC: 0.9143
Std Test Accurancy: 0.0967
Std Test AUC: 0.0424
------------------------- time cost ------------------------- 73.69994378089905

-------------Round number: 192-------------

Evaluate heterogeneous models
Averaged Test Accurancy: 0.6512
Averaged Test AUC: 0.9142
Std Test Accurancy: 0.0979
Std Test AUC: 0.0423
------------------------- time cost ------------------------- 74.26636934280396

-------------Round number: 193-------------

Evaluate heterogeneous models
Averaged Test Accurancy: 0.6513
Averaged Test AUC: 0.9143
Std Test Accurancy: 0.0970
Std Test AUC: 0.0425
------------------------- time cost ------------------------- 74.04348969459534

-------------Round number: 194-------------

Evaluate heterogeneous models
Averaged Test Accurancy: 0.6513
Averaged Test AUC: 0.9143
Std Test Accurancy: 0.0978
Std Test AUC: 0.0426
------------------------- time cost ------------------------- 74.59623217582703

-------------Round number: 195-------------

Evaluate heterogeneous models
Averaged Test Accurancy: 0.6516
Averaged Test AUC: 0.9142
Std Test Accurancy: 0.0970
Std Test AUC: 0.0425
------------------------- time cost ------------------------- 73.59494757652283

-------------Round number: 196-------------

Evaluate heterogeneous models
Averaged Test Accurancy: 0.6502
Averaged Test AUC: 0.9143
Std Test Accurancy: 0.0971
Std Test AUC: 0.0425
------------------------- time cost ------------------------- 73.59524726867676

-------------Round number: 197-------------

Evaluate heterogeneous models
Averaged Test Accurancy: 0.6519
Averaged Test AUC: 0.9142
Std Test Accurancy: 0.0989
Std Test AUC: 0.0424
------------------------- time cost ------------------------- 74.03907871246338

-------------Round number: 198-------------

Evaluate heterogeneous models
Averaged Test Accurancy: 0.6518
Averaged Test AUC: 0.9140
Std Test Accurancy: 0.0968
Std Test AUC: 0.0425
------------------------- time cost ------------------------- 74.15836763381958

-------------Round number: 199-------------

Evaluate heterogeneous models
Averaged Test Accurancy: 0.6515
Averaged Test AUC: 0.9141
Std Test Accurancy: 0.0985
Std Test AUC: 0.0425
------------------------- time cost ------------------------- 74.08811068534851

-------------Round number: 200-------------

Evaluate heterogeneous models
Averaged Test Accurancy: 0.6522
Averaged Test AUC: 0.9141
Std Test Accurancy: 0.0974
Std Test AUC: 0.0425

Best accuracy.
0.6526806526806527

Average time cost per round.
74.33993552923202
File path: ../results/Cifar10_dir_0.3_imbalance_40_Local_test_0.h5

Average time cost: 16099.81s.
Length:  201
std for best accurancy: 0.0
mean for best accurancy: 0.6526806526806527
All done!

Storage on cpu
-------------------------------------------------------------------------------
Total Tensors: 5130 	Used Memory: 20.50K
-------------------------------------------------------------------------------
