==================================================
goal = test
device = cuda
device_id = 0
dataset = Cifar10_dir_0.3_imbalance_40
num_classes = 10
model_family = HtFE8
batch_size = 256
local_learning_rate = 0.06
use_decay_scheduler = False
learning_rate_decay = False
learning_rate_decay_gamma = 0.99
global_rounds = 200
edge_epochs = 1
local_epochs = 5
algorithm = Local
join_ratio = 1.0
random_join_ratio = False
num_clients = 40
num_edges = 10
prev = 0
times = 1
eval_gap = 1
save_folder_name = temp
auto_break = False
feature_dim = 512
vocab_size = 98635
max_len = 200
client_drop_rate = 0.0
train_slow_rate = 0.0
send_slow_rate = 0.0
time_select = False
time_threthold = 10000
optimizer = SGD
lamda = 1.0
weight_decay = 0
trans_delay_simulate = False
momentum = 0.8
agg_type = 0
buffersize = 10
gl_use_clients = 1
test_useglclassifier = 1
gamma = 1
drawtsne = 1
drawround = 20
noise_dim = 512
generator_learning_rate = 0.0001
hidden_dim = 512
server_epochs = 100
alpha = 1.0
beta = 1.0
mentee_learning_rate = 0.005
T_start = 0.95
T_end = 0.98
server_learning_rate = 0.01
margin_threthold = 100.0
generator_path = stylegan/stylegan-xl-models/imagenet64.pkl
stable_diffusion_prompt = a cat
server_batch_size = 100
gen_batch_size = 4
mu = 50.0
==================================================
Random seed set as 42

============= Running time: 0th =============
Creating server and clients ...
FedAvgCNN(in_features=3, num_classes=args.num_classes, dim=1600)
torchvision.models.googlenet(pretrained=False, aux_logits=False, num_classes=args.num_classes)
mobilenet_v2(pretrained=False, num_classes=args.num_classes)
torchvision.models.resnet18(pretrained=False, num_classes=args.num_classes)
torchvision.models.resnet34(pretrained=False, num_classes=args.num_classes)
torchvision.models.resnet50(pretrained=False, num_classes=args.num_classes)
torchvision.models.resnet101(pretrained=False, num_classes=args.num_classes)
torchvision.models.resnet152(pretrained=False, num_classes=args.num_classes)
FedAvgCNN(in_features=3, num_classes=args.num_classes, dim=1600) model chosen!
id 0
label_counts: defaultdict(<class 'int'>, {6: 87, 7: 347, 3: 400, 1: 47, 4: 179, 8: 41, 2: 1, 5: 2, 9: 2, 0: 2})
torchvision.models.googlenet(pretrained=False, aux_logits=False, num_classes=args.num_classes) model chosen!
id 1
label_counts: defaultdict(<class 'int'>, {2: 855, 4: 327, 0: 5, 3: 3})
mobilenet_v2(pretrained=False, num_classes=args.num_classes) model chosen!
id 2
label_counts: defaultdict(<class 'int'>, {5: 141, 9: 71, 4: 177, 8: 162, 6: 36, 2: 95, 1: 9, 7: 49, 0: 23, 3: 2})
torchvision.models.resnet18(pretrained=False, num_classes=args.num_classes) model chosen!
id 3
label_counts: defaultdict(<class 'int'>, {9: 347, 4: 88, 5: 394, 8: 32, 7: 415, 2: 15, 0: 3})
torchvision.models.resnet34(pretrained=False, num_classes=args.num_classes) model chosen!
id 4
label_counts: defaultdict(<class 'int'>, {8: 172, 2: 591, 3: 83, 7: 30, 5: 234, 1: 3, 4: 18, 0: 18})
torchvision.models.resnet50(pretrained=False, num_classes=args.num_classes) model chosen!
id 5
label_counts: defaultdict(<class 'int'>, {0: 841, 5: 565, 1: 70, 3: 35})
torchvision.models.resnet101(pretrained=False, num_classes=args.num_classes) model chosen!
id 6
label_counts: defaultdict(<class 'int'>, {3: 381, 6: 154, 8: 143, 9: 43, 0: 93, 1: 15, 2: 1, 4: 2, 7: 1})
torchvision.models.resnet152(pretrained=False, num_classes=args.num_classes) model chosen!
id 7
label_counts: defaultdict(<class 'int'>, {9: 1519, 4: 349, 3: 115, 2: 76, 0: 78, 7: 79, 5: 29, 1: 6, 6: 1})
FedAvgCNN(in_features=3, num_classes=args.num_classes, dim=1600) model chosen!
id 8
label_counts: defaultdict(<class 'int'>, {4: 425, 1: 15, 3: 83, 8: 161, 0: 4, 2: 115, 7: 92, 9: 10, 6: 5, 5: 2})
torchvision.models.googlenet(pretrained=False, aux_logits=False, num_classes=args.num_classes) model chosen!
id 9
label_counts: defaultdict(<class 'int'>, {7: 286, 1: 64, 4: 95, 0: 7, 2: 80, 3: 14, 9: 28, 5: 7})
mobilenet_v2(pretrained=False, num_classes=args.num_classes) model chosen!
id 10
label_counts: defaultdict(<class 'int'>, {8: 906, 0: 830, 4: 108, 1: 17, 3: 11, 2: 10, 6: 6, 5: 5})
torchvision.models.resnet18(pretrained=False, num_classes=args.num_classes) model chosen!
id 11
label_counts: defaultdict(<class 'int'>, {8: 208, 7: 8, 1: 227, 2: 238, 3: 16, 9: 48, 5: 2, 6: 2, 4: 1})
torchvision.models.resnet34(pretrained=False, num_classes=args.num_classes) model chosen!
id 12
label_counts: defaultdict(<class 'int'>, {4: 354, 6: 681, 1: 47, 0: 50, 3: 4, 5: 1, 2: 2})
torchvision.models.resnet50(pretrained=False, num_classes=args.num_classes) model chosen!
id 13
label_counts: defaultdict(<class 'int'>, {0: 464, 6: 426, 3: 90, 2: 271, 1: 67, 4: 10})
torchvision.models.resnet101(pretrained=False, num_classes=args.num_classes) model chosen!
id 14
label_counts: defaultdict(<class 'int'>, {5: 746, 1: 509, 4: 104, 3: 17, 0: 30, 2: 1})
torchvision.models.resnet152(pretrained=False, num_classes=args.num_classes) model chosen!
id 15
label_counts: defaultdict(<class 'int'>, {4: 973, 2: 843, 1: 155, 0: 75, 3: 45})
FedAvgCNN(in_features=3, num_classes=args.num_classes, dim=1600) model chosen!
id 16
label_counts: defaultdict(<class 'int'>, {6: 120, 1: 2, 3: 448, 0: 8, 8: 77, 9: 202, 4: 43, 5: 71})
torchvision.models.googlenet(pretrained=False, aux_logits=False, num_classes=args.num_classes) model chosen!
id 17
label_counts: defaultdict(<class 'int'>, {7: 978, 0: 8, 6: 42, 3: 84, 2: 130, 5: 9, 4: 48})
mobilenet_v2(pretrained=False, num_classes=args.num_classes) model chosen!
id 18
label_counts: defaultdict(<class 'int'>, {0: 260, 5: 179, 1: 196, 4: 82, 3: 53, 7: 8, 8: 51, 6: 3, 2: 2})
torchvision.models.resnet18(pretrained=False, num_classes=args.num_classes) model chosen!
id 19
label_counts: defaultdict(<class 'int'>, {1: 456, 5: 56, 9: 86, 8: 150, 2: 46, 6: 20, 7: 10, 3: 7})
torchvision.models.resnet34(pretrained=False, num_classes=args.num_classes) model chosen!
id 20
label_counts: defaultdict(<class 'int'>, {3: 362, 0: 218, 4: 48, 8: 358, 7: 24, 6: 242, 2: 17, 5: 6})
torchvision.models.resnet50(pretrained=False, num_classes=args.num_classes) model chosen!
id 21
label_counts: defaultdict(<class 'int'>, {1: 276, 0: 436, 5: 44, 4: 131, 2: 72, 3: 93, 8: 33, 9: 2, 6: 2})
torchvision.models.resnet101(pretrained=False, num_classes=args.num_classes) model chosen!
id 22
label_counts: defaultdict(<class 'int'>, {3: 97, 6: 159, 8: 459, 9: 131, 5: 64, 1: 82, 7: 22, 4: 2, 2: 1})
torchvision.models.resnet152(pretrained=False, num_classes=args.num_classes) model chosen!
id 23
label_counts: defaultdict(<class 'int'>, {2: 510, 3: 373, 1: 205, 0: 170})
FedAvgCNN(in_features=3, num_classes=args.num_classes, dim=1600) model chosen!
id 24
label_counts: defaultdict(<class 'int'>, {4: 111, 7: 407, 6: 231, 2: 21, 1: 151, 8: 68, 3: 19, 9: 44, 0: 4})
torchvision.models.googlenet(pretrained=False, aux_logits=False, num_classes=args.num_classes) model chosen!
id 25
label_counts: defaultdict(<class 'int'>, {7: 336, 4: 100, 1: 353, 5: 197, 6: 83, 3: 29, 2: 11, 9: 2, 8: 3, 0: 2})
mobilenet_v2(pretrained=False, num_classes=args.num_classes) model chosen!
id 26
label_counts: defaultdict(<class 'int'>, {9: 885, 0: 276, 3: 116, 5: 59, 8: 57, 1: 18, 6: 2, 4: 3})
torchvision.models.resnet18(pretrained=False, num_classes=args.num_classes) model chosen!
id 27
label_counts: defaultdict(<class 'int'>, {6: 360, 5: 140, 1: 24, 3: 12, 4: 28, 9: 54, 2: 15})
torchvision.models.resnet34(pretrained=False, num_classes=args.num_classes) model chosen!
id 28
label_counts: defaultdict(<class 'int'>, {8: 31, 5: 486, 1: 148, 0: 87, 4: 71, 7: 29, 6: 12, 2: 2, 3: 1})
torchvision.models.resnet50(pretrained=False, num_classes=args.num_classes) model chosen!
id 29
label_counts: defaultdict(<class 'int'>, {5: 380, 7: 932, 1: 46, 6: 48, 4: 10, 3: 54, 2: 10})
torchvision.models.resnet101(pretrained=False, num_classes=args.num_classes) model chosen!
id 30
label_counts: defaultdict(<class 'int'>, {3: 724, 2: 19, 6: 555, 0: 95, 5: 89, 4: 8, 1: 1})
torchvision.models.resnet152(pretrained=False, num_classes=args.num_classes) model chosen!
id 31
label_counts: defaultdict(<class 'int'>, {6: 65, 0: 185, 9: 201, 1: 130, 7: 52, 3: 7, 4: 61, 2: 12, 5: 41})
FedAvgCNN(in_features=3, num_classes=args.num_classes, dim=1600) model chosen!
id 32
label_counts: defaultdict(<class 'int'>, {0: 33, 5: 339, 8: 81, 9: 53, 2: 65, 1: 9, 3: 3, 7: 1, 6: 11})
torchvision.models.googlenet(pretrained=False, aux_logits=False, num_classes=args.num_classes) model chosen!
id 33
label_counts: defaultdict(<class 'int'>, {6: 249, 1: 688, 8: 63, 4: 82, 5: 32, 7: 39, 0: 10, 2: 2})
mobilenet_v2(pretrained=False, num_classes=args.num_classes) model chosen!
id 34
label_counts: defaultdict(<class 'int'>, {8: 782, 6: 180, 4: 26, 1: 196, 3: 124, 7: 25, 2: 5})
torchvision.models.resnet18(pretrained=False, num_classes=args.num_classes) model chosen!
id 35
label_counts: defaultdict(<class 'int'>, {0: 69, 2: 255, 9: 362, 3: 64, 6: 20, 7: 151, 8: 12, 1: 7, 4: 8})
torchvision.models.resnet34(pretrained=False, num_classes=args.num_classes) model chosen!
id 36
label_counts: defaultdict(<class 'int'>, {5: 152, 8: 159, 1: 70, 9: 83, 4: 109, 2: 15, 7: 10, 0: 1})
torchvision.models.resnet50(pretrained=False, num_classes=args.num_classes) model chosen!
id 37
label_counts: defaultdict(<class 'int'>, {1: 171, 0: 116, 4: 82, 6: 519, 9: 20, 3: 58, 7: 10, 5: 16, 2: 10})
torchvision.models.resnet101(pretrained=False, num_classes=args.num_classes) model chosen!
id 38
label_counts: defaultdict(<class 'int'>, {2: 125, 7: 141, 6: 156, 5: 29, 8: 27, 3: 111, 1: 29, 9: 20, 0: 6})
torchvision.models.resnet152(pretrained=False, num_classes=args.num_classes) model chosen!
id 39
label_counts: defaultdict(<class 'int'>, {3: 345, 8: 216, 9: 312, 4: 217, 0: 3, 5: 5, 7: 4, 2: 1, 1: 1})

Join ratio / total clients: 1.0 / 40
Finished creating server and clients.
------------------------- time cost ------------------------- 91.42904138565063

-------------Round number: 0-------------

Evaluate heterogeneous models
Averaged Test Accuracy (Regular Model): 0.4933
Averaged Train Loss (Regular Model): 1.3751
Averaged Test AUC: 0.8517
Std Test Accurancy: 0.1573
Std Test AUC: 0.0752
------------------------- time cost ------------------------- 91.06775736808777

-------------Round number: 1-------------

Evaluate heterogeneous models
Averaged Test Accuracy (Regular Model): 0.5568
Averaged Train Loss (Regular Model): 0.9719
Averaged Test AUC: 0.8894
Std Test Accurancy: 0.1537
Std Test AUC: 0.0625
------------------------- time cost ------------------------- 90.34930658340454

-------------Round number: 2-------------

Evaluate heterogeneous models
Averaged Test Accuracy (Regular Model): 0.5915
Averaged Train Loss (Regular Model): 0.7728
Averaged Test AUC: 0.8986
Std Test Accurancy: 0.1416
Std Test AUC: 0.0649
------------------------- time cost ------------------------- 89.5033209323883

-------------Round number: 3-------------

Evaluate heterogeneous models
Averaged Test Accuracy (Regular Model): 0.6010
Averaged Train Loss (Regular Model): 0.6475
Averaged Test AUC: 0.8936
Std Test Accurancy: 0.1315
Std Test AUC: 0.0594
------------------------- time cost ------------------------- 84.09575605392456

-------------Round number: 4-------------

Evaluate heterogeneous models
Averaged Test Accuracy (Regular Model): 0.6081
Averaged Train Loss (Regular Model): 0.5241
Averaged Test AUC: 0.8988
Std Test Accurancy: 0.1178
Std Test AUC: 0.0481
------------------------- time cost ------------------------- 84.74679231643677

-------------Round number: 5-------------

Evaluate heterogeneous models
Averaged Test Accuracy (Regular Model): 0.6214
Averaged Train Loss (Regular Model): 0.4250
Averaged Test AUC: 0.9052
Std Test Accurancy: 0.1061
Std Test AUC: 0.0438
------------------------- time cost ------------------------- 90.46725630760193

-------------Round number: 6-------------

Evaluate heterogeneous models
Averaged Test Accuracy (Regular Model): 0.6230
Averaged Train Loss (Regular Model): 0.3416
Averaged Test AUC: 0.9032
Std Test Accurancy: 0.1047
Std Test AUC: 0.0455
------------------------- time cost ------------------------- 88.48705220222473

-------------Round number: 7-------------

Evaluate heterogeneous models
Averaged Test Accuracy (Regular Model): 0.6222
Averaged Train Loss (Regular Model): 0.2791
Averaged Test AUC: 0.9027
Std Test Accurancy: 0.1075
Std Test AUC: 0.0450
------------------------- time cost ------------------------- 87.334237575531

-------------Round number: 8-------------

Evaluate heterogeneous models
Averaged Test Accuracy (Regular Model): 0.6304
Averaged Train Loss (Regular Model): 0.2578
Averaged Test AUC: 0.9029
Std Test Accurancy: 0.1069
Std Test AUC: 0.0473
------------------------- time cost ------------------------- 85.91268634796143

-------------Round number: 9-------------

Evaluate heterogeneous models
Averaged Test Accuracy (Regular Model): 0.6153
Averaged Train Loss (Regular Model): 0.2241
Averaged Test AUC: 0.9019
Std Test Accurancy: 0.1040
Std Test AUC: 0.0451
------------------------- time cost ------------------------- 85.32782673835754

-------------Round number: 10-------------

Evaluate heterogeneous models
Averaged Test Accuracy (Regular Model): 0.6260
Averaged Train Loss (Regular Model): 0.1705
Averaged Test AUC: 0.9048
Std Test Accurancy: 0.0958
Std Test AUC: 0.0448
------------------------- time cost ------------------------- 86.22333812713623

-------------Round number: 11-------------

Evaluate heterogeneous models
Averaged Test Accuracy (Regular Model): 0.6314
Averaged Train Loss (Regular Model): 0.1497
Averaged Test AUC: 0.9057
Std Test Accurancy: 0.1021
Std Test AUC: 0.0467
------------------------- time cost ------------------------- 85.93485522270203

-------------Round number: 12-------------

Evaluate heterogeneous models
Averaged Test Accuracy (Regular Model): 0.6310
Averaged Train Loss (Regular Model): 0.1473
Averaged Test AUC: 0.9051
Std Test Accurancy: 0.1069
Std Test AUC: 0.0477
------------------------- time cost ------------------------- 85.00952386856079

-------------Round number: 13-------------

Evaluate heterogeneous models
Averaged Test Accuracy (Regular Model): 0.6408
Averaged Train Loss (Regular Model): 0.1140
Averaged Test AUC: 0.9091
Std Test Accurancy: 0.1088
Std Test AUC: 0.0479
------------------------- time cost ------------------------- 86.1536967754364

-------------Round number: 14-------------

Evaluate heterogeneous models
Averaged Test Accuracy (Regular Model): 0.6328
Averaged Train Loss (Regular Model): 0.0999
Averaged Test AUC: 0.9073
Std Test Accurancy: 0.1033
Std Test AUC: 0.0479
------------------------- time cost ------------------------- 87.46287369728088

-------------Round number: 15-------------

Evaluate heterogeneous models
Averaged Test Accuracy (Regular Model): 0.6374
Averaged Train Loss (Regular Model): 0.0949
Averaged Test AUC: 0.9075
Std Test Accurancy: 0.1018
Std Test AUC: 0.0469
------------------------- time cost ------------------------- 85.03614091873169

-------------Round number: 16-------------

Evaluate heterogeneous models
Averaged Test Accuracy (Regular Model): 0.6368
Averaged Train Loss (Regular Model): 0.1088
Averaged Test AUC: 0.9078
Std Test Accurancy: 0.0994
Std Test AUC: 0.0467
------------------------- time cost ------------------------- 85.86465811729431

-------------Round number: 17-------------

Evaluate heterogeneous models
Averaged Test Accuracy (Regular Model): 0.6373
Averaged Train Loss (Regular Model): 0.0938
Averaged Test AUC: 0.9100
Std Test Accurancy: 0.0982
Std Test AUC: 0.0443
------------------------- time cost ------------------------- 85.47837495803833

-------------Round number: 18-------------

Evaluate heterogeneous models
Averaged Test Accuracy (Regular Model): 0.6408
Averaged Train Loss (Regular Model): 0.0745
Averaged Test AUC: 0.9098
Std Test Accurancy: 0.1045
Std Test AUC: 0.0469
------------------------- time cost ------------------------- 86.03226375579834

-------------Round number: 19-------------

Evaluate heterogeneous models
Averaged Test Accuracy (Regular Model): 0.6421
Averaged Train Loss (Regular Model): 0.0788
Averaged Test AUC: 0.9100
Std Test Accurancy: 0.1007
Std Test AUC: 0.0451
------------------------- time cost ------------------------- 85.51727199554443

-------------Round number: 20-------------

Evaluate heterogeneous models
Averaged Test Accuracy (Regular Model): 0.6363
Averaged Train Loss (Regular Model): 0.1065
Averaged Test AUC: 0.9077
Std Test Accurancy: 0.0993
Std Test AUC: 0.0459
------------------------- time cost ------------------------- 87.5151014328003

-------------Round number: 21-------------

Evaluate heterogeneous models
Averaged Test Accuracy (Regular Model): 0.6374
Averaged Train Loss (Regular Model): 0.0637
Averaged Test AUC: 0.9100
Std Test Accurancy: 0.1004
Std Test AUC: 0.0424
------------------------- time cost ------------------------- 85.63281154632568

-------------Round number: 22-------------

Evaluate heterogeneous models
Averaged Test Accuracy (Regular Model): 0.6393
Averaged Train Loss (Regular Model): 0.0466
Averaged Test AUC: 0.9120
Std Test Accurancy: 0.1041
Std Test AUC: 0.0421
------------------------- time cost ------------------------- 85.64437007904053

-------------Round number: 23-------------

Evaluate heterogeneous models
Averaged Test Accuracy (Regular Model): 0.6414
Averaged Train Loss (Regular Model): 0.0584
Averaged Test AUC: 0.9097
Std Test Accurancy: 0.0974
Std Test AUC: 0.0441
------------------------- time cost ------------------------- 87.69569516181946

-------------Round number: 24-------------

Evaluate heterogeneous models
Averaged Test Accuracy (Regular Model): 0.6468
Averaged Train Loss (Regular Model): 0.0534
Averaged Test AUC: 0.9123
Std Test Accurancy: 0.1015
Std Test AUC: 0.0433
------------------------- time cost ------------------------- 88.70828485488892

-------------Round number: 25-------------

Evaluate heterogeneous models
Averaged Test Accuracy (Regular Model): 0.6412
Averaged Train Loss (Regular Model): 0.0558
Averaged Test AUC: 0.9110
Std Test Accurancy: 0.0999
Std Test AUC: 0.0426
------------------------- time cost ------------------------- 85.84425711631775

-------------Round number: 26-------------

Evaluate heterogeneous models
Averaged Test Accuracy (Regular Model): 0.6428
Averaged Train Loss (Regular Model): 0.0539
Averaged Test AUC: 0.9096
Std Test Accurancy: 0.1001
Std Test AUC: 0.0441
------------------------- time cost ------------------------- 86.16653847694397

-------------Round number: 27-------------

Evaluate heterogeneous models
Averaged Test Accuracy (Regular Model): 0.6475
Averaged Train Loss (Regular Model): 0.0342
Averaged Test AUC: 0.9121
Std Test Accurancy: 0.0985
Std Test AUC: 0.0429
------------------------- time cost ------------------------- 86.90435767173767

-------------Round number: 28-------------

Evaluate heterogeneous models
Averaged Test Accuracy (Regular Model): 0.6466
Averaged Train Loss (Regular Model): 0.0455
Averaged Test AUC: 0.9124
Std Test Accurancy: 0.1008
Std Test AUC: 0.0437
------------------------- time cost ------------------------- 87.51065802574158

-------------Round number: 29-------------

Evaluate heterogeneous models
Averaged Test Accuracy (Regular Model): 0.6448
Averaged Train Loss (Regular Model): 0.0514
Averaged Test AUC: 0.9101
Std Test Accurancy: 0.1029
Std Test AUC: 0.0441
------------------------- time cost ------------------------- 84.94215536117554

-------------Round number: 30-------------

Evaluate heterogeneous models
Averaged Test Accuracy (Regular Model): 0.6490
Averaged Train Loss (Regular Model): 0.0530
Averaged Test AUC: 0.9127
Std Test Accurancy: 0.0980
Std Test AUC: 0.0436
------------------------- time cost ------------------------- 85.63839387893677

-------------Round number: 31-------------

Evaluate heterogeneous models
Averaged Test Accuracy (Regular Model): 0.6509
Averaged Train Loss (Regular Model): 0.0498
Averaged Test AUC: 0.9132
Std Test Accurancy: 0.1012
Std Test AUC: 0.0424
------------------------- time cost ------------------------- 86.28269600868225

-------------Round number: 32-------------

Evaluate heterogeneous models
Averaged Test Accuracy (Regular Model): 0.6455
Averaged Train Loss (Regular Model): 0.0780
Averaged Test AUC: 0.9127
Std Test Accurancy: 0.1034
Std Test AUC: 0.0429
------------------------- time cost ------------------------- 85.7595112323761

-------------Round number: 33-------------

Evaluate heterogeneous models
Averaged Test Accuracy (Regular Model): 0.6466
Averaged Train Loss (Regular Model): 0.0402
Averaged Test AUC: 0.9124
Std Test Accurancy: 0.0985
Std Test AUC: 0.0420
------------------------- time cost ------------------------- 87.18011331558228

-------------Round number: 34-------------

Evaluate heterogeneous models
Averaged Test Accuracy (Regular Model): 0.6468
Averaged Train Loss (Regular Model): 0.0485
Averaged Test AUC: 0.9129
Std Test Accurancy: 0.0958
Std Test AUC: 0.0411
------------------------- time cost ------------------------- 85.65329813957214

-------------Round number: 35-------------

Evaluate heterogeneous models
Averaged Test Accuracy (Regular Model): 0.6504
Averaged Train Loss (Regular Model): 0.0287
Averaged Test AUC: 0.9150
Std Test Accurancy: 0.0971
Std Test AUC: 0.0405
------------------------- time cost ------------------------- 85.71488308906555

-------------Round number: 36-------------

Evaluate heterogeneous models
Averaged Test Accuracy (Regular Model): 0.6478
Averaged Train Loss (Regular Model): 0.0300
Averaged Test AUC: 0.9149
Std Test Accurancy: 0.1032
Std Test AUC: 0.0414
------------------------- time cost ------------------------- 85.38943362236023

-------------Round number: 37-------------

Evaluate heterogeneous models
Averaged Test Accuracy (Regular Model): 0.6455
Averaged Train Loss (Regular Model): 0.0696
Averaged Test AUC: 0.9118
Std Test Accurancy: 0.1036
Std Test AUC: 0.0449
------------------------- time cost ------------------------- 86.69805955886841

-------------Round number: 38-------------

Evaluate heterogeneous models
Averaged Test Accuracy (Regular Model): 0.6484
Averaged Train Loss (Regular Model): 0.0607
Averaged Test AUC: 0.9140
Std Test Accurancy: 0.0974
Std Test AUC: 0.0423
------------------------- time cost ------------------------- 85.21641373634338

-------------Round number: 39-------------

Evaluate heterogeneous models
Averaged Test Accuracy (Regular Model): 0.6474
Averaged Train Loss (Regular Model): 0.0328
Averaged Test AUC: 0.9139
Std Test Accurancy: 0.0980
Std Test AUC: 0.0429
------------------------- time cost ------------------------- 85.37169885635376

-------------Round number: 40-------------

Evaluate heterogeneous models
Averaged Test Accuracy (Regular Model): 0.6500
Averaged Train Loss (Regular Model): 0.0469
Averaged Test AUC: 0.9140
Std Test Accurancy: 0.0968
Std Test AUC: 0.0416
------------------------- time cost ------------------------- 85.1161618232727

-------------Round number: 41-------------

Evaluate heterogeneous models
Averaged Test Accuracy (Regular Model): 0.6458
Averaged Train Loss (Regular Model): 0.0346
Averaged Test AUC: 0.9137
Std Test Accurancy: 0.0952
Std Test AUC: 0.0404
------------------------- time cost ------------------------- 86.34368944168091

-------------Round number: 42-------------

Evaluate heterogeneous models
Averaged Test Accuracy (Regular Model): 0.6452
Averaged Train Loss (Regular Model): 0.0276
Averaged Test AUC: 0.9130
Std Test Accurancy: 0.0946
Std Test AUC: 0.0394
------------------------- time cost ------------------------- 87.29447746276855

-------------Round number: 43-------------

Evaluate heterogeneous models
Averaged Test Accuracy (Regular Model): 0.6449
Averaged Train Loss (Regular Model): 0.0373
Averaged Test AUC: 0.9120
Std Test Accurancy: 0.0920
Std Test AUC: 0.0389
------------------------- time cost ------------------------- 91.08316326141357

-------------Round number: 44-------------

Evaluate heterogeneous models
Averaged Test Accuracy (Regular Model): 0.6452
Averaged Train Loss (Regular Model): 0.0271
Averaged Test AUC: 0.9147
Std Test Accurancy: 0.0979
Std Test AUC: 0.0402
------------------------- time cost ------------------------- 90.79358673095703

-------------Round number: 45-------------

Evaluate heterogeneous models
Averaged Test Accuracy (Regular Model): 0.6493
Averaged Train Loss (Regular Model): 0.0243
Averaged Test AUC: 0.9134
Std Test Accurancy: 0.0934
Std Test AUC: 0.0399
------------------------- time cost ------------------------- 90.49504661560059

-------------Round number: 46-------------

Evaluate heterogeneous models
Averaged Test Accuracy (Regular Model): 0.6504
Averaged Train Loss (Regular Model): 0.0244
Averaged Test AUC: 0.9140
Std Test Accurancy: 0.0922
Std Test AUC: 0.0390
------------------------- time cost ------------------------- 90.41195464134216

-------------Round number: 47-------------

Evaluate heterogeneous models
Averaged Test Accuracy (Regular Model): 0.6496
Averaged Train Loss (Regular Model): 0.0219
Averaged Test AUC: 0.9147
Std Test Accurancy: 0.0948
Std Test AUC: 0.0395
------------------------- time cost ------------------------- 92.20341515541077

-------------Round number: 48-------------

Evaluate heterogeneous models
Averaged Test Accuracy (Regular Model): 0.6491
Averaged Train Loss (Regular Model): 0.0414
Averaged Test AUC: 0.9145
Std Test Accurancy: 0.0955
Std Test AUC: 0.0403
------------------------- time cost ------------------------- 92.27644729614258

-------------Round number: 49-------------

Evaluate heterogeneous models
Averaged Test Accuracy (Regular Model): 0.6503
Averaged Train Loss (Regular Model): 0.0221
Averaged Test AUC: 0.9148
Std Test Accurancy: 0.0967
Std Test AUC: 0.0403
------------------------- time cost ------------------------- 91.29016613960266

-------------Round number: 50-------------

Evaluate heterogeneous models
Averaged Test Accuracy (Regular Model): 0.6503
Averaged Train Loss (Regular Model): 0.0199
Averaged Test AUC: 0.9143
Std Test Accurancy: 0.0937
Std Test AUC: 0.0396
------------------------- time cost ------------------------- 93.37169337272644

-------------Round number: 51-------------

Evaluate heterogeneous models
Averaged Test Accuracy (Regular Model): 0.6523
Averaged Train Loss (Regular Model): 0.0320
Averaged Test AUC: 0.9135
Std Test Accurancy: 0.0981
Std Test AUC: 0.0405
------------------------- time cost ------------------------- 93.06204867362976

-------------Round number: 52-------------

Evaluate heterogeneous models
Averaged Test Accuracy (Regular Model): 0.6539
Averaged Train Loss (Regular Model): 0.0231
Averaged Test AUC: 0.9149
Std Test Accurancy: 0.0967
Std Test AUC: 0.0401
------------------------- time cost ------------------------- 92.69236493110657

-------------Round number: 53-------------

Evaluate heterogeneous models
Averaged Test Accuracy (Regular Model): 0.6490
Averaged Train Loss (Regular Model): 0.0345
Averaged Test AUC: 0.9121
Std Test Accurancy: 0.0979
Std Test AUC: 0.0411
------------------------- time cost ------------------------- 91.1478340625763

-------------Round number: 54-------------

Evaluate heterogeneous models
Averaged Test Accuracy (Regular Model): 0.6505
Averaged Train Loss (Regular Model): 0.0384
Averaged Test AUC: 0.9107
Std Test Accurancy: 0.0953
Std Test AUC: 0.0424
------------------------- time cost ------------------------- 91.60076665878296

-------------Round number: 55-------------

Evaluate heterogeneous models
Averaged Test Accuracy (Regular Model): 0.6507
Averaged Train Loss (Regular Model): 0.0245
Averaged Test AUC: 0.9141
Std Test Accurancy: 0.0995
Std Test AUC: 0.0412
------------------------- time cost ------------------------- 92.80413889884949

-------------Round number: 56-------------

Evaluate heterogeneous models
Averaged Test Accuracy (Regular Model): 0.6518
Averaged Train Loss (Regular Model): 0.0278
Averaged Test AUC: 0.9133
Std Test Accurancy: 0.1007
Std Test AUC: 0.0413
------------------------- time cost ------------------------- 92.95574879646301

-------------Round number: 57-------------

Evaluate heterogeneous models
Averaged Test Accuracy (Regular Model): 0.6492
Averaged Train Loss (Regular Model): 0.0162
Averaged Test AUC: 0.9140
Std Test Accurancy: 0.0983
Std Test AUC: 0.0406
------------------------- time cost ------------------------- 92.01899695396423

-------------Round number: 58-------------

Evaluate heterogeneous models
Averaged Test Accuracy (Regular Model): 0.6511
Averaged Train Loss (Regular Model): 0.0292
Averaged Test AUC: 0.9134
Std Test Accurancy: 0.1018
Std Test AUC: 0.0410
------------------------- time cost ------------------------- 91.40828251838684

-------------Round number: 59-------------

Evaluate heterogeneous models
Averaged Test Accuracy (Regular Model): 0.6539
Averaged Train Loss (Regular Model): 0.0234
Averaged Test AUC: 0.9128
Std Test Accurancy: 0.1022
Std Test AUC: 0.0414
------------------------- time cost ------------------------- 91.94881820678711

-------------Round number: 60-------------

Evaluate heterogeneous models
Averaged Test Accuracy (Regular Model): 0.6503
Averaged Train Loss (Regular Model): 0.0231
Averaged Test AUC: 0.9122
Std Test Accurancy: 0.1029
Std Test AUC: 0.0424
------------------------- time cost ------------------------- 92.90256690979004

-------------Round number: 61-------------

Evaluate heterogeneous models
Averaged Test Accuracy (Regular Model): 0.6531
Averaged Train Loss (Regular Model): 0.0208
Averaged Test AUC: 0.9144
Std Test Accurancy: 0.1006
Std Test AUC: 0.0413
------------------------- time cost ------------------------- 92.15257406234741

-------------Round number: 62-------------

Evaluate heterogeneous models
Averaged Test Accuracy (Regular Model): 0.6484
Averaged Train Loss (Regular Model): 0.0182
Averaged Test AUC: 0.9128
Std Test Accurancy: 0.0966
Std Test AUC: 0.0405
------------------------- time cost ------------------------- 91.70366978645325

-------------Round number: 63-------------

Evaluate heterogeneous models
Averaged Test Accuracy (Regular Model): 0.6496
Averaged Train Loss (Regular Model): 0.0239
Averaged Test AUC: 0.9149
Std Test Accurancy: 0.0982
Std Test AUC: 0.0404
------------------------- time cost ------------------------- 93.14186382293701

-------------Round number: 64-------------

Evaluate heterogeneous models
Averaged Test Accuracy (Regular Model): 0.6509
Averaged Train Loss (Regular Model): 0.0222
Averaged Test AUC: 0.9142
Std Test Accurancy: 0.0961
Std Test AUC: 0.0405
------------------------- time cost ------------------------- 90.38805437088013

-------------Round number: 65-------------

Evaluate heterogeneous models
Averaged Test Accuracy (Regular Model): 0.6554
Averaged Train Loss (Regular Model): 0.0170
Averaged Test AUC: 0.9153
Std Test Accurancy: 0.0924
Std Test AUC: 0.0403
------------------------- time cost ------------------------- 92.29695200920105

-------------Round number: 66-------------

Evaluate heterogeneous models
Averaged Test Accuracy (Regular Model): 0.6523
Averaged Train Loss (Regular Model): 0.0175
Averaged Test AUC: 0.9147
Std Test Accurancy: 0.0974
Std Test AUC: 0.0403
------------------------- time cost ------------------------- 91.64644169807434

-------------Round number: 67-------------

Evaluate heterogeneous models
Averaged Test Accuracy (Regular Model): 0.6518
Averaged Train Loss (Regular Model): 0.0268
Averaged Test AUC: 0.9149
Std Test Accurancy: 0.0959
Std Test AUC: 0.0406
------------------------- time cost ------------------------- 92.05017638206482

-------------Round number: 68-------------

Evaluate heterogeneous models
Averaged Test Accuracy (Regular Model): 0.6535
Averaged Train Loss (Regular Model): 0.0205
Averaged Test AUC: 0.9125
Std Test Accurancy: 0.0956
Std Test AUC: 0.0430
------------------------- time cost ------------------------- 91.81028294563293

-------------Round number: 69-------------

Evaluate heterogeneous models
Averaged Test Accuracy (Regular Model): 0.6529
Averaged Train Loss (Regular Model): 0.0104
Averaged Test AUC: 0.9153
Std Test Accurancy: 0.0931
Std Test AUC: 0.0399
------------------------- time cost ------------------------- 93.69959783554077

-------------Round number: 70-------------

Evaluate heterogeneous models
Averaged Test Accuracy (Regular Model): 0.6519
Averaged Train Loss (Regular Model): 0.0152
Averaged Test AUC: 0.9152
Std Test Accurancy: 0.0980
Std Test AUC: 0.0397
------------------------- time cost ------------------------- 92.91105699539185

-------------Round number: 71-------------

Evaluate heterogeneous models
Averaged Test Accuracy (Regular Model): 0.6546
Averaged Train Loss (Regular Model): 0.0134
Averaged Test AUC: 0.9153
Std Test Accurancy: 0.0956
Std Test AUC: 0.0391
------------------------- time cost ------------------------- 92.55460572242737

-------------Round number: 72-------------

Evaluate heterogeneous models
Averaged Test Accuracy (Regular Model): 0.6542
Averaged Train Loss (Regular Model): 0.0237
Averaged Test AUC: 0.9149
Std Test Accurancy: 0.0957
Std Test AUC: 0.0394
------------------------- time cost ------------------------- 91.67220163345337

-------------Round number: 73-------------

Evaluate heterogeneous models
Averaged Test Accuracy (Regular Model): 0.6546
Averaged Train Loss (Regular Model): 0.0168
Averaged Test AUC: 0.9151
Std Test Accurancy: 0.0948
Std Test AUC: 0.0387
------------------------- time cost ------------------------- 89.79805755615234

-------------Round number: 74-------------

Evaluate heterogeneous models
Averaged Test Accuracy (Regular Model): 0.6530
Averaged Train Loss (Regular Model): 0.0193
Averaged Test AUC: 0.9158
Std Test Accurancy: 0.0946
Std Test AUC: 0.0387
------------------------- time cost ------------------------- 89.02671241760254

-------------Round number: 75-------------

Evaluate heterogeneous models
Averaged Test Accuracy (Regular Model): 0.6536
Averaged Train Loss (Regular Model): 0.0131
Averaged Test AUC: 0.9159
Std Test Accurancy: 0.0950
Std Test AUC: 0.0394
------------------------- time cost ------------------------- 89.4737377166748

-------------Round number: 76-------------

Evaluate heterogeneous models
Averaged Test Accuracy (Regular Model): 0.6497
Averaged Train Loss (Regular Model): 0.0145
Averaged Test AUC: 0.9149
Std Test Accurancy: 0.0952
Std Test AUC: 0.0398
------------------------- time cost ------------------------- 90.03988122940063

-------------Round number: 77-------------

Evaluate heterogeneous models
Averaged Test Accuracy (Regular Model): 0.6543
Averaged Train Loss (Regular Model): 0.0121
Averaged Test AUC: 0.9167
Std Test Accurancy: 0.0948
Std Test AUC: 0.0391
------------------------- time cost ------------------------- 90.29990267753601

-------------Round number: 78-------------

Evaluate heterogeneous models
Averaged Test Accuracy (Regular Model): 0.6536
Averaged Train Loss (Regular Model): 0.0125
Averaged Test AUC: 0.9148
Std Test Accurancy: 0.1085
Std Test AUC: 0.0444
------------------------- time cost ------------------------- 90.81372690200806

-------------Round number: 79-------------

Evaluate heterogeneous models
Averaged Test Accuracy (Regular Model): 0.6539
Averaged Train Loss (Regular Model): 0.0140
Averaged Test AUC: 0.9159
Std Test Accurancy: 0.0956
Std Test AUC: 0.0393
------------------------- time cost ------------------------- 91.08939337730408

-------------Round number: 80-------------

Evaluate heterogeneous models
Averaged Test Accuracy (Regular Model): 0.6502
Averaged Train Loss (Regular Model): 0.0218
Averaged Test AUC: 0.9149
Std Test Accurancy: 0.0973
Std Test AUC: 0.0397
------------------------- time cost ------------------------- 91.16230869293213

-------------Round number: 81-------------

Evaluate heterogeneous models
Averaged Test Accuracy (Regular Model): 0.6567
Averaged Train Loss (Regular Model): 0.0086
Averaged Test AUC: 0.9156
Std Test Accurancy: 0.0943
Std Test AUC: 0.0389
------------------------- time cost ------------------------- 92.06058931350708

-------------Round number: 82-------------

Evaluate heterogeneous models
Averaged Test Accuracy (Regular Model): 0.6572
Averaged Train Loss (Regular Model): 0.0215
Averaged Test AUC: 0.9157
Std Test Accurancy: 0.0946
Std Test AUC: 0.0397
------------------------- time cost ------------------------- 91.6632993221283

-------------Round number: 83-------------

Evaluate heterogeneous models
Averaged Test Accuracy (Regular Model): 0.6555
Averaged Train Loss (Regular Model): 0.0163
Averaged Test AUC: 0.9152
Std Test Accurancy: 0.0933
Std Test AUC: 0.0387
------------------------- time cost ------------------------- 92.45171928405762

-------------Round number: 84-------------

Evaluate heterogeneous models
Averaged Test Accuracy (Regular Model): 0.6555
Averaged Train Loss (Regular Model): 0.0075
Averaged Test AUC: 0.9159
Std Test Accurancy: 0.0977
Std Test AUC: 0.0392
------------------------- time cost ------------------------- 93.1914451122284

-------------Round number: 85-------------

Evaluate heterogeneous models
Averaged Test Accuracy (Regular Model): 0.6551
Averaged Train Loss (Regular Model): 0.0116
Averaged Test AUC: 0.9148
Std Test Accurancy: 0.0970
Std Test AUC: 0.0400
------------------------- time cost ------------------------- 93.8016791343689

-------------Round number: 86-------------

Evaluate heterogeneous models
Averaged Test Accuracy (Regular Model): 0.6549
Averaged Train Loss (Regular Model): 0.0101
Averaged Test AUC: 0.9158
Std Test Accurancy: 0.0971
Std Test AUC: 0.0387
------------------------- time cost ------------------------- 92.50453066825867

-------------Round number: 87-------------

Evaluate heterogeneous models
Averaged Test Accuracy (Regular Model): 0.6589
Averaged Train Loss (Regular Model): 0.0075
Averaged Test AUC: 0.9153
Std Test Accurancy: 0.0927
Std Test AUC: 0.0391
------------------------- time cost ------------------------- 92.39954662322998

-------------Round number: 88-------------

Evaluate heterogeneous models
Averaged Test Accuracy (Regular Model): 0.6584
Averaged Train Loss (Regular Model): 0.0176
Averaged Test AUC: 0.9153
Std Test Accurancy: 0.0948
Std Test AUC: 0.0391
------------------------- time cost ------------------------- 92.07903218269348

-------------Round number: 89-------------

Evaluate heterogeneous models
Averaged Test Accuracy (Regular Model): 0.6567
Averaged Train Loss (Regular Model): 0.0273
Averaged Test AUC: 0.9147
Std Test Accurancy: 0.0950
Std Test AUC: 0.0401
------------------------- time cost ------------------------- 92.56076216697693

-------------Round number: 90-------------

Evaluate heterogeneous models
Averaged Test Accuracy (Regular Model): 0.6552
Averaged Train Loss (Regular Model): 0.0085
Averaged Test AUC: 0.9163
Std Test Accurancy: 0.0971
Std Test AUC: 0.0390
------------------------- time cost ------------------------- 92.66761136054993

-------------Round number: 91-------------

Evaluate heterogeneous models
Averaged Test Accuracy (Regular Model): 0.6553
Averaged Train Loss (Regular Model): 0.0137
Averaged Test AUC: 0.9156
Std Test Accurancy: 0.0986
Std Test AUC: 0.0388
------------------------- time cost ------------------------- 92.6830530166626

-------------Round number: 92-------------

Evaluate heterogeneous models
Averaged Test Accuracy (Regular Model): 0.6553
Averaged Train Loss (Regular Model): 0.0081
Averaged Test AUC: 0.9165
Std Test Accurancy: 0.0945
Std Test AUC: 0.0385
------------------------- time cost ------------------------- 92.65856289863586

-------------Round number: 93-------------

Evaluate heterogeneous models
Averaged Test Accuracy (Regular Model): 0.6561
Averaged Train Loss (Regular Model): 0.0055
Averaged Test AUC: 0.9159
Std Test Accurancy: 0.0962
Std Test AUC: 0.0394
------------------------- time cost ------------------------- 92.20201706886292

-------------Round number: 94-------------

Evaluate heterogeneous models
Averaged Test Accuracy (Regular Model): 0.6588
Averaged Train Loss (Regular Model): 0.0112
Averaged Test AUC: 0.9166
Std Test Accurancy: 0.0961
Std Test AUC: 0.0391
------------------------- time cost ------------------------- 93.82520174980164

-------------Round number: 95-------------

Evaluate heterogeneous models
Averaged Test Accuracy (Regular Model): 0.6557
Averaged Train Loss (Regular Model): 0.0125
Averaged Test AUC: 0.9160
Std Test Accurancy: 0.0950
Std Test AUC: 0.0386
------------------------- time cost ------------------------- 91.34397315979004

-------------Round number: 96-------------

Evaluate heterogeneous models
Averaged Test Accuracy (Regular Model): 0.6569
Averaged Train Loss (Regular Model): 0.0071
Averaged Test AUC: 0.9161
Std Test Accurancy: 0.0970
Std Test AUC: 0.0387
------------------------- time cost ------------------------- 91.38878130912781

-------------Round number: 97-------------

Evaluate heterogeneous models
Averaged Test Accuracy (Regular Model): 0.6571
Averaged Train Loss (Regular Model): 0.0131
Averaged Test AUC: 0.9163
Std Test Accurancy: 0.0962
Std Test AUC: 0.0389
------------------------- time cost ------------------------- 93.10163760185242

-------------Round number: 98-------------

Evaluate heterogeneous models
Averaged Test Accuracy (Regular Model): 0.6578
Averaged Train Loss (Regular Model): 0.0180
Averaged Test AUC: 0.9156
Std Test Accurancy: 0.0959
Std Test AUC: 0.0392
------------------------- time cost ------------------------- 91.80225467681885

-------------Round number: 99-------------

Evaluate heterogeneous models
Averaged Test Accuracy (Regular Model): 0.6589
Averaged Train Loss (Regular Model): 0.0066
Averaged Test AUC: 0.9161
Std Test Accurancy: 0.0949
Std Test AUC: 0.0394
------------------------- time cost ------------------------- 90.84360337257385

-------------Round number: 100-------------

Evaluate heterogeneous models
Averaged Test Accuracy (Regular Model): 0.6573
Averaged Train Loss (Regular Model): 0.0134
Averaged Test AUC: 0.9158
Std Test Accurancy: 0.0937
Std Test AUC: 0.0387
------------------------- time cost ------------------------- 91.06221032142639

-------------Round number: 101-------------

Evaluate heterogeneous models
Averaged Test Accuracy (Regular Model): 0.6578
Averaged Train Loss (Regular Model): 0.0114
Averaged Test AUC: 0.9161
Std Test Accurancy: 0.0932
Std Test AUC: 0.0384
------------------------- time cost ------------------------- 92.97254228591919

-------------Round number: 102-------------

Evaluate heterogeneous models
Averaged Test Accuracy (Regular Model): 0.6569
Averaged Train Loss (Regular Model): 0.0047
Averaged Test AUC: 0.9164
Std Test Accurancy: 0.0937
Std Test AUC: 0.0389
------------------------- time cost ------------------------- 93.13283395767212

-------------Round number: 103-------------

Evaluate heterogeneous models
Averaged Test Accuracy (Regular Model): 0.6573
Averaged Train Loss (Regular Model): 0.0116
Averaged Test AUC: 0.9159
Std Test Accurancy: 0.0938
Std Test AUC: 0.0388
------------------------- time cost ------------------------- 92.95377516746521

-------------Round number: 104-------------

Evaluate heterogeneous models
Averaged Test Accuracy (Regular Model): 0.6555
Averaged Train Loss (Regular Model): 0.0071
Averaged Test AUC: 0.9150
Std Test Accurancy: 0.0940
Std Test AUC: 0.0392
------------------------- time cost ------------------------- 92.37255573272705

-------------Round number: 105-------------

Evaluate heterogeneous models
Averaged Test Accuracy (Regular Model): 0.6557
Averaged Train Loss (Regular Model): 0.0109
Averaged Test AUC: 0.9151
Std Test Accurancy: 0.0941
Std Test AUC: 0.0389
------------------------- time cost ------------------------- 91.49767279624939

-------------Round number: 106-------------

Evaluate heterogeneous models
Averaged Test Accuracy (Regular Model): 0.6578
Averaged Train Loss (Regular Model): 0.0054
Averaged Test AUC: 0.9157
Std Test Accurancy: 0.0937
Std Test AUC: 0.0382
------------------------- time cost ------------------------- 91.31163740158081

-------------Round number: 107-------------

Evaluate heterogeneous models
Averaged Test Accuracy (Regular Model): 0.6546
Averaged Train Loss (Regular Model): 0.0061
Averaged Test AUC: 0.9159
Std Test Accurancy: 0.0945
Std Test AUC: 0.0380
------------------------- time cost ------------------------- 92.10242676734924

-------------Round number: 108-------------

Evaluate heterogeneous models
Averaged Test Accuracy (Regular Model): 0.6585
Averaged Train Loss (Regular Model): 0.0087
Averaged Test AUC: 0.9161
Std Test Accurancy: 0.0935
Std Test AUC: 0.0381
------------------------- time cost ------------------------- 93.10101175308228

-------------Round number: 109-------------

Evaluate heterogeneous models
Averaged Test Accuracy (Regular Model): 0.6570
Averaged Train Loss (Regular Model): 0.0092
Averaged Test AUC: 0.9163
Std Test Accurancy: 0.0942
Std Test AUC: 0.0381
------------------------- time cost ------------------------- 93.05175375938416

-------------Round number: 110-------------

Evaluate heterogeneous models
Averaged Test Accuracy (Regular Model): 0.6590
Averaged Train Loss (Regular Model): 0.0137
Averaged Test AUC: 0.9163
Std Test Accurancy: 0.0924
Std Test AUC: 0.0375
------------------------- time cost ------------------------- 92.69211888313293

-------------Round number: 111-------------

Evaluate heterogeneous models
Averaged Test Accuracy (Regular Model): 0.6561
Averaged Train Loss (Regular Model): 0.0162
Averaged Test AUC: 0.9161
Std Test Accurancy: 0.0940
Std Test AUC: 0.0380
------------------------- time cost ------------------------- 92.18713808059692

-------------Round number: 112-------------

Evaluate heterogeneous models
Averaged Test Accuracy (Regular Model): 0.6549
Averaged Train Loss (Regular Model): 0.0197
Averaged Test AUC: 0.9157
Std Test Accurancy: 0.0956
Std Test AUC: 0.0384
------------------------- time cost ------------------------- 92.0316002368927

-------------Round number: 113-------------

Evaluate heterogeneous models
Averaged Test Accuracy (Regular Model): 0.6537
Averaged Train Loss (Regular Model): 0.0237
Averaged Test AUC: 0.9153
Std Test Accurancy: 0.0941
Std Test AUC: 0.0382
------------------------- time cost ------------------------- 91.61893272399902

-------------Round number: 114-------------

Evaluate heterogeneous models
Averaged Test Accuracy (Regular Model): 0.6568
Averaged Train Loss (Regular Model): 0.0081
Averaged Test AUC: 0.9167
Std Test Accurancy: 0.0914
Std Test AUC: 0.0373
------------------------- time cost ------------------------- 92.86817812919617

-------------Round number: 115-------------

Evaluate heterogeneous models
Averaged Test Accuracy (Regular Model): 0.6580
Averaged Train Loss (Regular Model): 0.0118
Averaged Test AUC: 0.9166
Std Test Accurancy: 0.0937
Std Test AUC: 0.0387
------------------------- time cost ------------------------- 94.19107222557068

-------------Round number: 116-------------

Evaluate heterogeneous models
Averaged Test Accuracy (Regular Model): 0.6586
Averaged Train Loss (Regular Model): 0.0079
Averaged Test AUC: 0.9167
Std Test Accurancy: 0.0913
Std Test AUC: 0.0378
------------------------- time cost ------------------------- 92.30662941932678

-------------Round number: 117-------------

Evaluate heterogeneous models
Averaged Test Accuracy (Regular Model): 0.6575
Averaged Train Loss (Regular Model): 0.0143
Averaged Test AUC: 0.9159
Std Test Accurancy: 0.0962
Std Test AUC: 0.0393
------------------------- time cost ------------------------- 93.89117360115051

-------------Round number: 118-------------

Evaluate heterogeneous models
Averaged Test Accuracy (Regular Model): 0.6582
Averaged Train Loss (Regular Model): 0.0041
Averaged Test AUC: 0.9167
Std Test Accurancy: 0.0934
Std Test AUC: 0.0378
------------------------- time cost ------------------------- 92.70048952102661

-------------Round number: 119-------------

Evaluate heterogeneous models
Averaged Test Accuracy (Regular Model): 0.6585
Averaged Train Loss (Regular Model): 0.0075
Averaged Test AUC: 0.9167
Std Test Accurancy: 0.0926
Std Test AUC: 0.0383
------------------------- time cost ------------------------- 91.77240300178528

-------------Round number: 120-------------

Evaluate heterogeneous models
Averaged Test Accuracy (Regular Model): 0.6563
Averaged Train Loss (Regular Model): 0.0104
Averaged Test AUC: 0.9164
Std Test Accurancy: 0.0948
Std Test AUC: 0.0383
------------------------- time cost ------------------------- 91.54938101768494

-------------Round number: 121-------------

Evaluate heterogeneous models
Averaged Test Accuracy (Regular Model): 0.6571
Averaged Train Loss (Regular Model): 0.0059
Averaged Test AUC: 0.9167
Std Test Accurancy: 0.0946
Std Test AUC: 0.0391
------------------------- time cost ------------------------- 90.30492949485779

-------------Round number: 122-------------

Evaluate heterogeneous models
Averaged Test Accuracy (Regular Model): 0.6553
Averaged Train Loss (Regular Model): 0.0074
Averaged Test AUC: 0.9175
Std Test Accurancy: 0.0957
Std Test AUC: 0.0377
------------------------- time cost ------------------------- 90.73305583000183

-------------Round number: 123-------------

Evaluate heterogeneous models
Averaged Test Accuracy (Regular Model): 0.6557
Averaged Train Loss (Regular Model): 0.0132
Averaged Test AUC: 0.9162
Std Test Accurancy: 0.0935
Std Test AUC: 0.0404
------------------------- time cost ------------------------- 92.05558013916016

-------------Round number: 124-------------

Evaluate heterogeneous models
Averaged Test Accuracy (Regular Model): 0.6567
Averaged Train Loss (Regular Model): 0.0528
Averaged Test AUC: 0.9147
Std Test Accurancy: 0.0962
Std Test AUC: 0.0419
------------------------- time cost ------------------------- 91.44699430465698

-------------Round number: 125-------------

Evaluate heterogeneous models
Averaged Test Accuracy (Regular Model): 0.6566
Averaged Train Loss (Regular Model): 0.0248
Averaged Test AUC: 0.9165
Std Test Accurancy: 0.0967
Std Test AUC: 0.0387
------------------------- time cost ------------------------- 92.59452986717224

-------------Round number: 126-------------

Evaluate heterogeneous models
Averaged Test Accuracy (Regular Model): 0.6577
Averaged Train Loss (Regular Model): 0.0176
Averaged Test AUC: 0.9168
Std Test Accurancy: 0.0943
Std Test AUC: 0.0380
------------------------- time cost ------------------------- 91.02738618850708

-------------Round number: 127-------------

Evaluate heterogeneous models
Averaged Test Accuracy (Regular Model): 0.6544
Averaged Train Loss (Regular Model): 0.0283
Averaged Test AUC: 0.9154
Std Test Accurancy: 0.0956
Std Test AUC: 0.0387
------------------------- time cost ------------------------- 93.2925398349762

-------------Round number: 128-------------

Evaluate heterogeneous models
Averaged Test Accuracy (Regular Model): 0.6553
Averaged Train Loss (Regular Model): 0.0105
Averaged Test AUC: 0.9173
Std Test Accurancy: 0.0954
Std Test AUC: 0.0382
------------------------- time cost ------------------------- 91.91072249412537

-------------Round number: 129-------------

Evaluate heterogeneous models
Averaged Test Accuracy (Regular Model): 0.6553
Averaged Train Loss (Regular Model): 0.0116
Averaged Test AUC: 0.9170
Std Test Accurancy: 0.0922
Std Test AUC: 0.0383
------------------------- time cost ------------------------- 92.22062611579895

-------------Round number: 130-------------

Evaluate heterogeneous models
Averaged Test Accuracy (Regular Model): 0.6568
Averaged Train Loss (Regular Model): 0.0105
Averaged Test AUC: 0.9174
Std Test Accurancy: 0.0922
Std Test AUC: 0.0388
------------------------- time cost ------------------------- 91.03230905532837

-------------Round number: 131-------------

Evaluate heterogeneous models
Averaged Test Accuracy (Regular Model): 0.6558
Averaged Train Loss (Regular Model): 0.0115
Averaged Test AUC: 0.9160
Std Test Accurancy: 0.0979
Std Test AUC: 0.0406
------------------------- time cost ------------------------- 92.2842583656311

-------------Round number: 132-------------

Evaluate heterogeneous models
Averaged Test Accuracy (Regular Model): 0.6592
Averaged Train Loss (Regular Model): 0.0132
Averaged Test AUC: 0.9161
Std Test Accurancy: 0.0969
Std Test AUC: 0.0403
------------------------- time cost ------------------------- 91.78248763084412

-------------Round number: 133-------------

Evaluate heterogeneous models
Averaged Test Accuracy (Regular Model): 0.6579
Averaged Train Loss (Regular Model): 0.0074
Averaged Test AUC: 0.9173
Std Test Accurancy: 0.0951
Std Test AUC: 0.0387
------------------------- time cost ------------------------- 91.78147625923157

-------------Round number: 134-------------

Evaluate heterogeneous models
Averaged Test Accuracy (Regular Model): 0.6571
Averaged Train Loss (Regular Model): 0.0107
Averaged Test AUC: 0.9171
Std Test Accurancy: 0.0928
Std Test AUC: 0.0388
------------------------- time cost ------------------------- 89.96054220199585

-------------Round number: 135-------------

Evaluate heterogeneous models
Averaged Test Accuracy (Regular Model): 0.6575
Averaged Train Loss (Regular Model): 0.0237
Averaged Test AUC: 0.9164
Std Test Accurancy: 0.0922
Std Test AUC: 0.0397
------------------------- time cost ------------------------- 90.49179291725159

-------------Round number: 136-------------

Evaluate heterogeneous models
Averaged Test Accuracy (Regular Model): 0.6598
Averaged Train Loss (Regular Model): 0.0138
Averaged Test AUC: 0.9181
Std Test Accurancy: 0.0941
Std Test AUC: 0.0391
------------------------- time cost ------------------------- 92.52723240852356

-------------Round number: 137-------------

Evaluate heterogeneous models
Averaged Test Accuracy (Regular Model): 0.6601
Averaged Train Loss (Regular Model): 0.0175
Averaged Test AUC: 0.9172
Std Test Accurancy: 0.0929
Std Test AUC: 0.0387
------------------------- time cost ------------------------- 92.39570689201355

-------------Round number: 138-------------

Evaluate heterogeneous models
Averaged Test Accuracy (Regular Model): 0.6575
Averaged Train Loss (Regular Model): 0.0127
Averaged Test AUC: 0.9170
Std Test Accurancy: 0.0943
Std Test AUC: 0.0395
------------------------- time cost ------------------------- 92.12685680389404

-------------Round number: 139-------------

Evaluate heterogeneous models
Averaged Test Accuracy (Regular Model): 0.6595
Averaged Train Loss (Regular Model): 0.0111
Averaged Test AUC: 0.9177
Std Test Accurancy: 0.0936
Std Test AUC: 0.0383
------------------------- time cost ------------------------- 90.99716234207153

-------------Round number: 140-------------

Evaluate heterogeneous models
Averaged Test Accuracy (Regular Model): 0.6572
Averaged Train Loss (Regular Model): 0.0175
Averaged Test AUC: 0.9165
Std Test Accurancy: 0.0929
Std Test AUC: 0.0392
------------------------- time cost ------------------------- 90.59169960021973

-------------Round number: 141-------------

Evaluate heterogeneous models
Averaged Test Accuracy (Regular Model): 0.6593
Averaged Train Loss (Regular Model): 0.0131
Averaged Test AUC: 0.9171
Std Test Accurancy: 0.0957
Std Test AUC: 0.0393
------------------------- time cost ------------------------- 91.17531418800354

-------------Round number: 142-------------

Evaluate heterogeneous models
Averaged Test Accuracy (Regular Model): 0.6582
Averaged Train Loss (Regular Model): 0.0115
Averaged Test AUC: 0.9173
Std Test Accurancy: 0.0922
Std Test AUC: 0.0382
------------------------- time cost ------------------------- 91.30561995506287

-------------Round number: 143-------------

Evaluate heterogeneous models
Averaged Test Accuracy (Regular Model): 0.6594
Averaged Train Loss (Regular Model): 0.0064
Averaged Test AUC: 0.9179
Std Test Accurancy: 0.0922
Std Test AUC: 0.0382
------------------------- time cost ------------------------- 91.17512536048889

-------------Round number: 144-------------

Evaluate heterogeneous models
Averaged Test Accuracy (Regular Model): 0.6605
Averaged Train Loss (Regular Model): 0.0084
Averaged Test AUC: 0.9172
Std Test Accurancy: 0.0921
Std Test AUC: 0.0391
------------------------- time cost ------------------------- 89.85562109947205

-------------Round number: 145-------------

Evaluate heterogeneous models
Averaged Test Accuracy (Regular Model): 0.6585
Averaged Train Loss (Regular Model): 0.0078
Averaged Test AUC: 0.9167
Std Test Accurancy: 0.0918
Std Test AUC: 0.0397
------------------------- time cost ------------------------- 91.01761364936829

-------------Round number: 146-------------

Evaluate heterogeneous models
Averaged Test Accuracy (Regular Model): 0.6596
Averaged Train Loss (Regular Model): 0.0061
Averaged Test AUC: 0.9175
Std Test Accurancy: 0.0933
Std Test AUC: 0.0384
------------------------- time cost ------------------------- 90.68742752075195

-------------Round number: 147-------------

Evaluate heterogeneous models
Averaged Test Accuracy (Regular Model): 0.6599
Averaged Train Loss (Regular Model): 0.0041
Averaged Test AUC: 0.9177
Std Test Accurancy: 0.0918
Std Test AUC: 0.0385
------------------------- time cost ------------------------- 93.32125401496887

-------------Round number: 148-------------

Evaluate heterogeneous models
Averaged Test Accuracy (Regular Model): 0.6597
Averaged Train Loss (Regular Model): 0.0093
Averaged Test AUC: 0.9178
Std Test Accurancy: 0.0931
Std Test AUC: 0.0383
------------------------- time cost ------------------------- 91.69373106956482

-------------Round number: 149-------------

Evaluate heterogeneous models
Averaged Test Accuracy (Regular Model): 0.6554
Averaged Train Loss (Regular Model): 0.0159
Averaged Test AUC: 0.9163
Std Test Accurancy: 0.0919
Std Test AUC: 0.0388
------------------------- time cost ------------------------- 92.48906755447388

-------------Round number: 150-------------

Evaluate heterogeneous models
Averaged Test Accuracy (Regular Model): 0.6591
Averaged Train Loss (Regular Model): 0.0053
Averaged Test AUC: 0.9175
Std Test Accurancy: 0.0923
Std Test AUC: 0.0388
------------------------- time cost ------------------------- 92.62709522247314

-------------Round number: 151-------------

Evaluate heterogeneous models
Averaged Test Accuracy (Regular Model): 0.6549
Averaged Train Loss (Regular Model): 0.0086
Averaged Test AUC: 0.9162
Std Test Accurancy: 0.0922
Std Test AUC: 0.0382
------------------------- time cost ------------------------- 91.56090474128723

-------------Round number: 152-------------

Evaluate heterogeneous models
Averaged Test Accuracy (Regular Model): 0.6589
Averaged Train Loss (Regular Model): 0.0105
Averaged Test AUC: 0.9172
Std Test Accurancy: 0.0920
Std Test AUC: 0.0384
------------------------- time cost ------------------------- 90.79275107383728

-------------Round number: 153-------------

Evaluate heterogeneous models
Averaged Test Accuracy (Regular Model): 0.6575
Averaged Train Loss (Regular Model): 0.0077
Averaged Test AUC: 0.9176
Std Test Accurancy: 0.0917
Std Test AUC: 0.0385
------------------------- time cost ------------------------- 90.72165036201477

-------------Round number: 154-------------

Evaluate heterogeneous models
Averaged Test Accuracy (Regular Model): 0.6587
Averaged Train Loss (Regular Model): 0.0066
Averaged Test AUC: 0.9175
Std Test Accurancy: 0.0975
Std Test AUC: 0.0400
------------------------- time cost ------------------------- 91.60579586029053

-------------Round number: 155-------------

Evaluate heterogeneous models
Averaged Test Accuracy (Regular Model): 0.6591
Averaged Train Loss (Regular Model): 0.0021
Averaged Test AUC: 0.9170
Std Test Accurancy: 0.0936
Std Test AUC: 0.0394
------------------------- time cost ------------------------- 90.327565908432

-------------Round number: 156-------------

Evaluate heterogeneous models
Averaged Test Accuracy (Regular Model): 0.6587
Averaged Train Loss (Regular Model): 0.0038
Averaged Test AUC: 0.9170
Std Test Accurancy: 0.0930
Std Test AUC: 0.0398
------------------------- time cost ------------------------- 90.58508467674255

-------------Round number: 157-------------

Evaluate heterogeneous models
Averaged Test Accuracy (Regular Model): 0.6581
Averaged Train Loss (Regular Model): 0.0055
Averaged Test AUC: 0.9177
Std Test Accurancy: 0.0926
Std Test AUC: 0.0385
------------------------- time cost ------------------------- 92.92368650436401

-------------Round number: 158-------------

Evaluate heterogeneous models
Averaged Test Accuracy (Regular Model): 0.6582
Averaged Train Loss (Regular Model): 0.0038
Averaged Test AUC: 0.9181
Std Test Accurancy: 0.0926
Std Test AUC: 0.0389
------------------------- time cost ------------------------- 92.7313551902771

-------------Round number: 159-------------

Evaluate heterogeneous models
Averaged Test Accuracy (Regular Model): 0.6565
Averaged Train Loss (Regular Model): 0.0048
Averaged Test AUC: 0.9174
Std Test Accurancy: 0.0925
Std Test AUC: 0.0390
------------------------- time cost ------------------------- 92.4592833518982

-------------Round number: 160-------------

Evaluate heterogeneous models
Averaged Test Accuracy (Regular Model): 0.6581
Averaged Train Loss (Regular Model): 0.0114
Averaged Test AUC: 0.9172
Std Test Accurancy: 0.0942
Std Test AUC: 0.0392
------------------------- time cost ------------------------- 92.37651085853577

-------------Round number: 161-------------

Evaluate heterogeneous models
Averaged Test Accuracy (Regular Model): 0.6594
Averaged Train Loss (Regular Model): 0.0049
Averaged Test AUC: 0.9183
Std Test Accurancy: 0.0912
Std Test AUC: 0.0386
------------------------- time cost ------------------------- 90.89929294586182

-------------Round number: 162-------------

Evaluate heterogeneous models
Averaged Test Accuracy (Regular Model): 0.6605
Averaged Train Loss (Regular Model): 0.0053
Averaged Test AUC: 0.9179
Std Test Accurancy: 0.0912
Std Test AUC: 0.0383
------------------------- time cost ------------------------- 92.87576365470886

-------------Round number: 163-------------

Evaluate heterogeneous models
Averaged Test Accuracy (Regular Model): 0.6602
Averaged Train Loss (Regular Model): 0.0046
Averaged Test AUC: 0.9176
Std Test Accurancy: 0.0931
Std Test AUC: 0.0390
------------------------- time cost ------------------------- 92.47863602638245

-------------Round number: 164-------------

Evaluate heterogeneous models
Averaged Test Accuracy (Regular Model): 0.6600
Averaged Train Loss (Regular Model): 0.0146
Averaged Test AUC: 0.9170
Std Test Accurancy: 0.0903
Std Test AUC: 0.0383
------------------------- time cost ------------------------- 91.14932751655579

-------------Round number: 165-------------

Evaluate heterogeneous models
Averaged Test Accuracy (Regular Model): 0.6595
Averaged Train Loss (Regular Model): 0.0092
Averaged Test AUC: 0.9177
Std Test Accurancy: 0.0943
Std Test AUC: 0.0386
------------------------- time cost ------------------------- 91.19637203216553

-------------Round number: 166-------------

Evaluate heterogeneous models
Averaged Test Accuracy (Regular Model): 0.6593
Averaged Train Loss (Regular Model): 0.0037
Averaged Test AUC: 0.9178
Std Test Accurancy: 0.0941
Std Test AUC: 0.0389
------------------------- time cost ------------------------- 91.68189358711243

-------------Round number: 167-------------

Evaluate heterogeneous models
Averaged Test Accuracy (Regular Model): 0.6609
Averaged Train Loss (Regular Model): 0.0053
Averaged Test AUC: 0.9182
Std Test Accurancy: 0.0956
Std Test AUC: 0.0391
------------------------- time cost ------------------------- 92.00032138824463

-------------Round number: 168-------------

Evaluate heterogeneous models
Averaged Test Accuracy (Regular Model): 0.6613
Averaged Train Loss (Regular Model): 0.0034
Averaged Test AUC: 0.9182
Std Test Accurancy: 0.0942
Std Test AUC: 0.0393
------------------------- time cost ------------------------- 92.96909141540527

-------------Round number: 169-------------

Evaluate heterogeneous models
Averaged Test Accuracy (Regular Model): 0.6590
Averaged Train Loss (Regular Model): 0.0087
Averaged Test AUC: 0.9176
Std Test Accurancy: 0.0926
Std Test AUC: 0.0386
------------------------- time cost ------------------------- 91.8312156200409

-------------Round number: 170-------------

Evaluate heterogeneous models
Averaged Test Accuracy (Regular Model): 0.6603
Averaged Train Loss (Regular Model): 0.0055
Averaged Test AUC: 0.9179
Std Test Accurancy: 0.0939
Std Test AUC: 0.0391
------------------------- time cost ------------------------- 90.57309913635254

-------------Round number: 171-------------

Evaluate heterogeneous models
Averaged Test Accuracy (Regular Model): 0.6605
Averaged Train Loss (Regular Model): 0.0072
Averaged Test AUC: 0.9180
Std Test Accurancy: 0.0928
Std Test AUC: 0.0384
------------------------- time cost ------------------------- 88.29609227180481

-------------Round number: 172-------------

Evaluate heterogeneous models
Averaged Test Accuracy (Regular Model): 0.6579
Averaged Train Loss (Regular Model): 0.0054
Averaged Test AUC: 0.9178
Std Test Accurancy: 0.0888
Std Test AUC: 0.0385
------------------------- time cost ------------------------- 87.53319597244263

-------------Round number: 173-------------

Evaluate heterogeneous models
Averaged Test Accuracy (Regular Model): 0.6603
Averaged Train Loss (Regular Model): 0.0037
Averaged Test AUC: 0.9183
Std Test Accurancy: 0.0916
Std Test AUC: 0.0384
------------------------- time cost ------------------------- 87.76638054847717

-------------Round number: 174-------------

Evaluate heterogeneous models
Averaged Test Accuracy (Regular Model): 0.6617
Averaged Train Loss (Regular Model): 0.0013
Averaged Test AUC: 0.9195
Std Test Accurancy: 0.0927
Std Test AUC: 0.0385
------------------------- time cost ------------------------- 87.02669048309326

-------------Round number: 175-------------

Evaluate heterogeneous models
Averaged Test Accuracy (Regular Model): 0.6602
Averaged Train Loss (Regular Model): 0.0043
Averaged Test AUC: 0.9192
Std Test Accurancy: 0.0922
Std Test AUC: 0.0383
------------------------- time cost ------------------------- 89.95711755752563

-------------Round number: 176-------------

Evaluate heterogeneous models
Averaged Test Accuracy (Regular Model): 0.6603
Averaged Train Loss (Regular Model): 0.0013
Averaged Test AUC: 0.9194
Std Test Accurancy: 0.0919
Std Test AUC: 0.0384
------------------------- time cost ------------------------- 87.49256038665771

-------------Round number: 177-------------

Evaluate heterogeneous models
Averaged Test Accuracy (Regular Model): 0.6590
Averaged Train Loss (Regular Model): 0.0035
Averaged Test AUC: 0.9185
Std Test Accurancy: 0.0919
Std Test AUC: 0.0383
------------------------- time cost ------------------------- 87.03508186340332

-------------Round number: 178-------------

Evaluate heterogeneous models
Averaged Test Accuracy (Regular Model): 0.6602
Averaged Train Loss (Regular Model): 0.0031
Averaged Test AUC: 0.9187
Std Test Accurancy: 0.0929
Std Test AUC: 0.0385
------------------------- time cost ------------------------- 87.28402066230774

-------------Round number: 179-------------

Evaluate heterogeneous models
Averaged Test Accuracy (Regular Model): 0.6605
Averaged Train Loss (Regular Model): 0.0078
Averaged Test AUC: 0.9190
Std Test Accurancy: 0.0917
Std Test AUC: 0.0386
------------------------- time cost ------------------------- 87.49702858924866

-------------Round number: 180-------------

Evaluate heterogeneous models
Averaged Test Accuracy (Regular Model): 0.6601
Averaged Train Loss (Regular Model): 0.0089
Averaged Test AUC: 0.9182
Std Test Accurancy: 0.0922
Std Test AUC: 0.0380
------------------------- time cost ------------------------- 87.7257661819458

-------------Round number: 181-------------

Evaluate heterogeneous models
Averaged Test Accuracy (Regular Model): 0.6595
Averaged Train Loss (Regular Model): 0.0027
Averaged Test AUC: 0.9186
Std Test Accurancy: 0.0950
Std Test AUC: 0.0383
------------------------- time cost ------------------------- 88.07242155075073

-------------Round number: 182-------------

Evaluate heterogeneous models
Averaged Test Accuracy (Regular Model): 0.6589
Averaged Train Loss (Regular Model): 0.0043
Averaged Test AUC: 0.9177
Std Test Accurancy: 0.0920
Std Test AUC: 0.0376
------------------------- time cost ------------------------- 87.32647204399109

-------------Round number: 183-------------

Evaluate heterogeneous models
Averaged Test Accuracy (Regular Model): 0.6585
Averaged Train Loss (Regular Model): 0.0049
Averaged Test AUC: 0.9183
Std Test Accurancy: 0.1006
Std Test AUC: 0.0415
------------------------- time cost ------------------------- 89.00162291526794

-------------Round number: 184-------------

Evaluate heterogeneous models
Averaged Test Accuracy (Regular Model): 0.6604
Averaged Train Loss (Regular Model): 0.0010
Averaged Test AUC: 0.9190
Std Test Accurancy: 0.0928
Std Test AUC: 0.0383
------------------------- time cost ------------------------- 85.48086452484131

-------------Round number: 185-------------

Evaluate heterogeneous models
Averaged Test Accuracy (Regular Model): 0.6611
Averaged Train Loss (Regular Model): 0.0048
Averaged Test AUC: 0.9191
Std Test Accurancy: 0.0948
Std Test AUC: 0.0391
------------------------- time cost ------------------------- 84.45828104019165

-------------Round number: 186-------------

Evaluate heterogeneous models
Averaged Test Accuracy (Regular Model): 0.6598
Averaged Train Loss (Regular Model): 0.0036
Averaged Test AUC: 0.9187
Std Test Accurancy: 0.0969
Std Test AUC: 0.0387
------------------------- time cost ------------------------- 85.97574472427368

-------------Round number: 187-------------

Evaluate heterogeneous models
Averaged Test Accuracy (Regular Model): 0.6589
Averaged Train Loss (Regular Model): 0.0136
Averaged Test AUC: 0.9185
Std Test Accurancy: 0.0940
Std Test AUC: 0.0386
------------------------- time cost ------------------------- 86.14758348464966

-------------Round number: 188-------------

Evaluate heterogeneous models
Averaged Test Accuracy (Regular Model): 0.6599
Averaged Train Loss (Regular Model): 0.0083
Averaged Test AUC: 0.9187
Std Test Accurancy: 0.0939
Std Test AUC: 0.0389
------------------------- time cost ------------------------- 85.55710506439209

-------------Round number: 189-------------

Evaluate heterogeneous models
Averaged Test Accuracy (Regular Model): 0.6611
Averaged Train Loss (Regular Model): 0.0029
Averaged Test AUC: 0.9188
Std Test Accurancy: 0.0951
Std Test AUC: 0.0389
------------------------- time cost ------------------------- 85.7378282546997

-------------Round number: 190-------------

Evaluate heterogeneous models
Averaged Test Accuracy (Regular Model): 0.6595
Averaged Train Loss (Regular Model): 0.0034
Averaged Test AUC: 0.9185
Std Test Accurancy: 0.0943
Std Test AUC: 0.0390
------------------------- time cost ------------------------- 85.53986859321594

-------------Round number: 191-------------

Evaluate heterogeneous models
Averaged Test Accuracy (Regular Model): 0.6611
Averaged Train Loss (Regular Model): 0.0066
Averaged Test AUC: 0.9186
Std Test Accurancy: 0.0950
Std Test AUC: 0.0391
------------------------- time cost ------------------------- 85.50136518478394

-------------Round number: 192-------------

Evaluate heterogeneous models
Averaged Test Accuracy (Regular Model): 0.6603
Averaged Train Loss (Regular Model): 0.0032
Averaged Test AUC: 0.9181
Std Test Accurancy: 0.0936
Std Test AUC: 0.0386
------------------------- time cost ------------------------- 86.29631209373474

-------------Round number: 193-------------

Evaluate heterogeneous models
Averaged Test Accuracy (Regular Model): 0.6609
Averaged Train Loss (Regular Model): 0.0042
Averaged Test AUC: 0.9178
Std Test Accurancy: 0.0957
Std Test AUC: 0.0387
------------------------- time cost ------------------------- 85.55593609809875

-------------Round number: 194-------------

Evaluate heterogeneous models
Averaged Test Accuracy (Regular Model): 0.6585
Averaged Train Loss (Regular Model): 0.0034
Averaged Test AUC: 0.9183
Std Test Accurancy: 0.0966
Std Test AUC: 0.0386
------------------------- time cost ------------------------- 85.3944571018219

-------------Round number: 195-------------

Evaluate heterogeneous models
Averaged Test Accuracy (Regular Model): 0.6599
Averaged Train Loss (Regular Model): 0.0064
Averaged Test AUC: 0.9184
Std Test Accurancy: 0.0957
Std Test AUC: 0.0386
------------------------- time cost ------------------------- 84.59855890274048

-------------Round number: 196-------------

Evaluate heterogeneous models
Averaged Test Accuracy (Regular Model): 0.6577
Averaged Train Loss (Regular Model): 0.0052
Averaged Test AUC: 0.9185
Std Test Accurancy: 0.0947
Std Test AUC: 0.0386
------------------------- time cost ------------------------- 85.78842234611511

-------------Round number: 197-------------

Evaluate heterogeneous models
Averaged Test Accuracy (Regular Model): 0.6596
Averaged Train Loss (Regular Model): 0.0085
Averaged Test AUC: 0.9182
Std Test Accurancy: 0.0960
Std Test AUC: 0.0387
------------------------- time cost ------------------------- 86.97698211669922

-------------Round number: 198-------------

Evaluate heterogeneous models
Averaged Test Accuracy (Regular Model): 0.6597
Averaged Train Loss (Regular Model): 0.0048
Averaged Test AUC: 0.9184
Std Test Accurancy: 0.0951
Std Test AUC: 0.0394
------------------------- time cost ------------------------- 85.68650507926941

-------------Round number: 199-------------

Evaluate heterogeneous models
Averaged Test Accuracy (Regular Model): 0.6579
Averaged Train Loss (Regular Model): 0.0033
Averaged Test AUC: 0.9185
Std Test Accurancy: 0.0961
Std Test AUC: 0.0395
------------------------- time cost ------------------------- 87.61531567573547

-------------Round number: 200-------------

Evaluate heterogeneous models
Averaged Test Accuracy (Regular Model): 0.6593
Averaged Train Loss (Regular Model): 0.0073
Averaged Test AUC: 0.9183
Std Test Accurancy: 0.0963
Std Test AUC: 0.0391

Best accuracy.
0.6617382617382618

Average time cost per round.
89.96997032880783
File path: ../results/Cifar10_dir_0.3_imbalance_40_Local_test_0.h5

Average time cost: 19317.42s.
Length:  201
std for best accurancy: 0.0
mean for best accurancy: 0.6617382617382618
All done!

Storage on cpu
-------------------------------------------------------------------------------
Total Tensors: 5130 	Used Memory: 20.50K
-------------------------------------------------------------------------------
