==================================================
goal = test
device = cuda
device_id = 0
dataset = Cifar10_dir_0.3_imbalance_40
num_classes = 10
model_family = HtFE8
batch_size = 256
num_workers = 0
local_learning_rate = 0.06
use_decay_scheduler = False
learning_rate_decay = False
learning_rate_decay_gamma = 0.99
global_rounds = 200
edge_epochs = 1
local_epochs = 5
algorithm = Local
join_ratio = 1.0
random_join_ratio = False
num_clients = 40
num_edges = 10
prev = 0
times = 1
eval_gap = 1
save_folder_name = temp
auto_break = False
feature_dim = 256
vocab_size = 98635
max_len = 200
client_drop_rate = 0.0
train_slow_rate = 0.0
send_slow_rate = 0.0
time_select = False
time_threthold = 10000
optimizer = SGD
lamda = 1.0
weight_decay = 0
trans_delay_simulate = False
momentum = 0.8
agg_type = 0
buffersize = 10
gl_use_clients = 1
test_useglclassifier = 1
gamma = 1
drawtsne = 1
drawround = 20
noise_dim = 512
generator_learning_rate = 0.0001
hidden_dim = 512
server_epochs = 100
alpha = 1.0
beta = 1.0
mentee_learning_rate = 0.005
T_start = 0.95
T_end = 0.98
server_learning_rate = 0.01
margin_threthold = 100.0
generator_path = stylegan/stylegan-xl-models/imagenet64.pkl
stable_diffusion_prompt = a cat
server_batch_size = 100
gen_batch_size = 4
mu = 50.0
==================================================
Random seed set as 42

============= Running time: 0th =============
Creating server and clients ...
FedAvgCNN(in_features=3, num_classes=args.num_classes, dim=1600)
torchvision.models.googlenet(pretrained=False, aux_logits=False, num_classes=args.num_classes)
mobilenet_v2(pretrained=False, num_classes=args.num_classes)
torchvision.models.resnet18(pretrained=False, num_classes=args.num_classes)
torchvision.models.resnet34(pretrained=False, num_classes=args.num_classes)
torchvision.models.resnet50(pretrained=False, num_classes=args.num_classes)
torchvision.models.resnet101(pretrained=False, num_classes=args.num_classes)
torchvision.models.resnet152(pretrained=False, num_classes=args.num_classes)
FedAvgCNN(in_features=3, num_classes=args.num_classes, dim=1600) model chosen!
id 0
label_counts: defaultdict(<class 'int'>, {4: 179, 5: 2, 7: 347, 3: 400, 1: 47, 6: 87, 8: 41, 0: 2, 9: 2, 2: 1})
torchvision.models.googlenet(pretrained=False, aux_logits=False, num_classes=args.num_classes) model chosen!
id 1
label_counts: defaultdict(<class 'int'>, {2: 855, 4: 327, 0: 5, 3: 3})
mobilenet_v2(pretrained=False, num_classes=args.num_classes) model chosen!
id 2
label_counts: defaultdict(<class 'int'>, {8: 162, 9: 71, 4: 177, 2: 95, 5: 141, 6: 36, 7: 49, 0: 23, 1: 9, 3: 2})
torchvision.models.resnet18(pretrained=False, num_classes=args.num_classes) model chosen!
id 3
label_counts: defaultdict(<class 'int'>, {7: 415, 9: 347, 4: 88, 5: 394, 8: 32, 2: 15, 0: 3})
torchvision.models.resnet34(pretrained=False, num_classes=args.num_classes) model chosen!
id 4
label_counts: defaultdict(<class 'int'>, {1: 3, 2: 591, 8: 172, 5: 234, 3: 83, 4: 18, 0: 18, 7: 30})
torchvision.models.resnet50(pretrained=False, num_classes=args.num_classes) model chosen!
id 5
label_counts: defaultdict(<class 'int'>, {5: 565, 0: 841, 1: 70, 3: 35})
torchvision.models.resnet101(pretrained=False, num_classes=args.num_classes) model chosen!
id 6
label_counts: defaultdict(<class 'int'>, {0: 93, 6: 154, 3: 381, 8: 143, 9: 43, 1: 15, 4: 2, 7: 1, 2: 1})
torchvision.models.resnet152(pretrained=False, num_classes=args.num_classes) model chosen!
id 7
label_counts: defaultdict(<class 'int'>, {0: 78, 4: 349, 3: 115, 9: 1519, 7: 79, 2: 76, 5: 29, 6: 1, 1: 6})
FedAvgCNN(in_features=3, num_classes=args.num_classes, dim=1600) model chosen!
id 8
label_counts: defaultdict(<class 'int'>, {1: 15, 3: 83, 4: 425, 8: 161, 2: 115, 7: 92, 0: 4, 9: 10, 6: 5, 5: 2})
torchvision.models.googlenet(pretrained=False, aux_logits=False, num_classes=args.num_classes) model chosen!
id 9
label_counts: defaultdict(<class 'int'>, {9: 28, 7: 286, 4: 95, 1: 64, 2: 80, 5: 7, 3: 14, 0: 7})
mobilenet_v2(pretrained=False, num_classes=args.num_classes) model chosen!
id 10
label_counts: defaultdict(<class 'int'>, {0: 830, 4: 108, 8: 906, 3: 11, 1: 17, 2: 10, 6: 6, 5: 5})
torchvision.models.resnet18(pretrained=False, num_classes=args.num_classes) model chosen!
id 11
label_counts: defaultdict(<class 'int'>, {2: 238, 8: 208, 3: 16, 1: 227, 9: 48, 5: 2, 4: 1, 7: 8, 6: 2})
torchvision.models.resnet34(pretrained=False, num_classes=args.num_classes) model chosen!
id 12
label_counts: defaultdict(<class 'int'>, {6: 681, 2: 2, 1: 47, 4: 354, 0: 50, 5: 1, 3: 4})
torchvision.models.resnet50(pretrained=False, num_classes=args.num_classes) model chosen!
id 13
label_counts: defaultdict(<class 'int'>, {3: 90, 6: 426, 0: 464, 1: 67, 2: 271, 4: 10})
torchvision.models.resnet101(pretrained=False, num_classes=args.num_classes) model chosen!
id 14
label_counts: defaultdict(<class 'int'>, {5: 746, 1: 509, 4: 104, 0: 30, 3: 17, 2: 1})
torchvision.models.resnet152(pretrained=False, num_classes=args.num_classes) model chosen!
id 15
label_counts: defaultdict(<class 'int'>, {4: 973, 0: 75, 2: 843, 3: 45, 1: 155})
FedAvgCNN(in_features=3, num_classes=args.num_classes, dim=1600) model chosen!
id 16
label_counts: defaultdict(<class 'int'>, {3: 448, 8: 77, 9: 202, 6: 120, 5: 71, 4: 43, 0: 8, 1: 2})
torchvision.models.googlenet(pretrained=False, aux_logits=False, num_classes=args.num_classes) model chosen!
id 17
label_counts: defaultdict(<class 'int'>, {7: 978, 2: 130, 4: 48, 6: 42, 3: 84, 0: 8, 5: 9})
mobilenet_v2(pretrained=False, num_classes=args.num_classes) model chosen!
id 18
label_counts: defaultdict(<class 'int'>, {1: 196, 0: 260, 4: 82, 8: 51, 5: 179, 3: 53, 7: 8, 6: 3, 2: 2})
torchvision.models.resnet18(pretrained=False, num_classes=args.num_classes) model chosen!
id 19
label_counts: defaultdict(<class 'int'>, {1: 456, 8: 150, 6: 20, 2: 46, 5: 56, 9: 86, 7: 10, 3: 7})
torchvision.models.resnet34(pretrained=False, num_classes=args.num_classes) model chosen!
id 20
label_counts: defaultdict(<class 'int'>, {8: 358, 3: 362, 0: 218, 7: 24, 6: 242, 4: 48, 2: 17, 5: 6})
torchvision.models.resnet50(pretrained=False, num_classes=args.num_classes) model chosen!
id 21
label_counts: defaultdict(<class 'int'>, {0: 436, 1: 276, 3: 93, 5: 44, 2: 72, 4: 131, 6: 2, 8: 33, 9: 2})
torchvision.models.resnet101(pretrained=False, num_classes=args.num_classes) model chosen!
id 22
label_counts: defaultdict(<class 'int'>, {8: 459, 7: 22, 9: 131, 5: 64, 6: 159, 1: 82, 3: 97, 4: 2, 2: 1})
torchvision.models.resnet152(pretrained=False, num_classes=args.num_classes) model chosen!
id 23
label_counts: defaultdict(<class 'int'>, {2: 510, 3: 373, 0: 170, 1: 205})
FedAvgCNN(in_features=3, num_classes=args.num_classes, dim=1600) model chosen!
id 24
label_counts: defaultdict(<class 'int'>, {7: 407, 9: 44, 8: 68, 6: 231, 4: 111, 2: 21, 1: 151, 0: 4, 3: 19})
torchvision.models.googlenet(pretrained=False, aux_logits=False, num_classes=args.num_classes) model chosen!
id 25
label_counts: defaultdict(<class 'int'>, {1: 353, 5: 197, 7: 336, 3: 29, 2: 11, 4: 100, 6: 83, 0: 2, 8: 3, 9: 2})
mobilenet_v2(pretrained=False, num_classes=args.num_classes) model chosen!
id 26
label_counts: defaultdict(<class 'int'>, {9: 885, 0: 276, 8: 57, 3: 116, 5: 59, 1: 18, 4: 3, 6: 2})
torchvision.models.resnet18(pretrained=False, num_classes=args.num_classes) model chosen!
id 27
label_counts: defaultdict(<class 'int'>, {6: 360, 5: 140, 1: 24, 9: 54, 3: 12, 2: 15, 4: 28})
torchvision.models.resnet34(pretrained=False, num_classes=args.num_classes) model chosen!
id 28
label_counts: defaultdict(<class 'int'>, {0: 87, 5: 486, 1: 148, 6: 12, 8: 31, 4: 71, 7: 29, 3: 1, 2: 2})
torchvision.models.resnet50(pretrained=False, num_classes=args.num_classes) model chosen!
id 29
label_counts: defaultdict(<class 'int'>, {7: 932, 1: 46, 6: 48, 5: 380, 3: 54, 4: 10, 2: 10})
torchvision.models.resnet101(pretrained=False, num_classes=args.num_classes) model chosen!
id 30
label_counts: defaultdict(<class 'int'>, {6: 555, 3: 724, 0: 95, 5: 89, 4: 8, 2: 19, 1: 1})
torchvision.models.resnet152(pretrained=False, num_classes=args.num_classes) model chosen!
id 31
label_counts: defaultdict(<class 'int'>, {1: 130, 0: 185, 9: 201, 4: 61, 7: 52, 5: 41, 6: 65, 2: 12, 3: 7})
FedAvgCNN(in_features=3, num_classes=args.num_classes, dim=1600) model chosen!
id 32
label_counts: defaultdict(<class 'int'>, {8: 81, 5: 339, 2: 65, 9: 53, 0: 33, 6: 11, 1: 9, 3: 3, 7: 1})
torchvision.models.googlenet(pretrained=False, aux_logits=False, num_classes=args.num_classes) model chosen!
id 33
label_counts: defaultdict(<class 'int'>, {6: 249, 1: 688, 8: 63, 5: 32, 4: 82, 7: 39, 2: 2, 0: 10})
mobilenet_v2(pretrained=False, num_classes=args.num_classes) model chosen!
id 34
label_counts: defaultdict(<class 'int'>, {8: 782, 1: 196, 7: 25, 4: 26, 3: 124, 6: 180, 2: 5})
torchvision.models.resnet18(pretrained=False, num_classes=args.num_classes) model chosen!
id 35
label_counts: defaultdict(<class 'int'>, {7: 151, 9: 362, 2: 255, 0: 69, 3: 64, 6: 20, 8: 12, 4: 8, 1: 7})
torchvision.models.resnet34(pretrained=False, num_classes=args.num_classes) model chosen!
id 36
label_counts: defaultdict(<class 'int'>, {5: 152, 8: 159, 4: 109, 9: 83, 1: 70, 0: 1, 7: 10, 2: 15})
torchvision.models.resnet50(pretrained=False, num_classes=args.num_classes) model chosen!
id 37
label_counts: defaultdict(<class 'int'>, {6: 519, 1: 171, 4: 82, 2: 10, 0: 116, 3: 58, 9: 20, 5: 16, 7: 10})
torchvision.models.resnet101(pretrained=False, num_classes=args.num_classes) model chosen!
id 38
label_counts: defaultdict(<class 'int'>, {5: 29, 7: 141, 6: 156, 2: 125, 3: 111, 8: 27, 0: 6, 1: 29, 9: 20})
torchvision.models.resnet152(pretrained=False, num_classes=args.num_classes) model chosen!
id 39
label_counts: defaultdict(<class 'int'>, {9: 312, 4: 217, 5: 5, 3: 345, 8: 216, 0: 3, 1: 1, 7: 4, 2: 1})

Join ratio / total clients: 1.0 / 40
Finished creating server and clients.
------------------------- time cost ------------------------- 89.50710415840149

-------------Round number: 0-------------

Evaluate heterogeneous models
Averaged Test Accuracy (Regular Model): 0.5175
Averaged Train Loss (Regular Model): 1.1380
Averaged Test AUC: 0.8631
Std Test Accurancy: 0.1574
Std Test AUC: 0.0658
------------------------- time cost ------------------------- 87.51347613334656

-------------Round number: 1-------------

Evaluate heterogeneous models
Averaged Test Accuracy (Regular Model): 0.5917
Averaged Train Loss (Regular Model): 0.7760
Averaged Test AUC: 0.9002
Std Test Accurancy: 0.1331
Std Test AUC: 0.0551
------------------------- time cost ------------------------- 87.29405307769775

-------------Round number: 2-------------

Evaluate heterogeneous models
Averaged Test Accuracy (Regular Model): 0.6015
Averaged Train Loss (Regular Model): 0.6117
Averaged Test AUC: 0.8984
Std Test Accurancy: 0.1256
Std Test AUC: 0.0602
------------------------- time cost ------------------------- 86.23288679122925

-------------Round number: 3-------------

Evaluate heterogeneous models
Averaged Test Accuracy (Regular Model): 0.6198
Averaged Train Loss (Regular Model): 0.4681
Averaged Test AUC: 0.9039
Std Test Accurancy: 0.1149
Std Test AUC: 0.0558
------------------------- time cost ------------------------- 88.17428469657898

-------------Round number: 4-------------

Evaluate heterogeneous models
Averaged Test Accuracy (Regular Model): 0.6228
Averaged Train Loss (Regular Model): 0.3651
Averaged Test AUC: 0.9076
Std Test Accurancy: 0.1022
Std Test AUC: 0.0468
------------------------- time cost ------------------------- 88.2717661857605

-------------Round number: 5-------------

Evaluate heterogeneous models
Averaged Test Accuracy (Regular Model): 0.6214
Averaged Train Loss (Regular Model): 0.3137
Averaged Test AUC: 0.9066
Std Test Accurancy: 0.0944
Std Test AUC: 0.0438
------------------------- time cost ------------------------- 88.26993370056152

-------------Round number: 6-------------

Evaluate heterogeneous models
Averaged Test Accuracy (Regular Model): 0.6341
Averaged Train Loss (Regular Model): 0.2593
Averaged Test AUC: 0.9137
Std Test Accurancy: 0.1057
Std Test AUC: 0.0476
------------------------- time cost ------------------------- 88.6080048084259

-------------Round number: 7-------------

Evaluate heterogeneous models
Averaged Test Accuracy (Regular Model): 0.6383
Averaged Train Loss (Regular Model): 0.2041
Averaged Test AUC: 0.9124
Std Test Accurancy: 0.0997
Std Test AUC: 0.0448
------------------------- time cost ------------------------- 87.95864653587341

-------------Round number: 8-------------

Evaluate heterogeneous models
Averaged Test Accuracy (Regular Model): 0.6447
Averaged Train Loss (Regular Model): 0.1707
Averaged Test AUC: 0.9145
Std Test Accurancy: 0.1013
Std Test AUC: 0.0461
------------------------- time cost ------------------------- 88.86596965789795

-------------Round number: 9-------------

Evaluate heterogeneous models
Averaged Test Accuracy (Regular Model): 0.6421
Averaged Train Loss (Regular Model): 0.1345
Averaged Test AUC: 0.9128
Std Test Accurancy: 0.0940
Std Test AUC: 0.0437
------------------------- time cost ------------------------- 88.01031041145325

-------------Round number: 10-------------

Evaluate heterogeneous models
Averaged Test Accuracy (Regular Model): 0.6457
Averaged Train Loss (Regular Model): 0.1168
Averaged Test AUC: 0.9147
Std Test Accurancy: 0.0987
Std Test AUC: 0.0445
------------------------- time cost ------------------------- 86.98029279708862

-------------Round number: 11-------------

Evaluate heterogeneous models
Averaged Test Accuracy (Regular Model): 0.6470
Averaged Train Loss (Regular Model): 0.1124
Averaged Test AUC: 0.9152
Std Test Accurancy: 0.0991
Std Test AUC: 0.0450
------------------------- time cost ------------------------- 87.80891251564026

-------------Round number: 12-------------

Evaluate heterogeneous models
Averaged Test Accuracy (Regular Model): 0.6513
Averaged Train Loss (Regular Model): 0.0789
Averaged Test AUC: 0.9162
Std Test Accurancy: 0.0971
Std Test AUC: 0.0448
------------------------- time cost ------------------------- 88.21886467933655

-------------Round number: 13-------------

Evaluate heterogeneous models
Averaged Test Accuracy (Regular Model): 0.6514
Averaged Train Loss (Regular Model): 0.0627
Averaged Test AUC: 0.9153
Std Test Accurancy: 0.0948
Std Test AUC: 0.0456
------------------------- time cost ------------------------- 88.20481467247009

-------------Round number: 14-------------

Evaluate heterogeneous models
Averaged Test Accuracy (Regular Model): 0.6448
Averaged Train Loss (Regular Model): 0.0563
Averaged Test AUC: 0.9140
Std Test Accurancy: 0.1055
Std Test AUC: 0.0463
------------------------- time cost ------------------------- 87.08211064338684

-------------Round number: 15-------------

Evaluate heterogeneous models
Averaged Test Accuracy (Regular Model): 0.6376
Averaged Train Loss (Regular Model): 0.0602
Averaged Test AUC: 0.9122
Std Test Accurancy: 0.1051
Std Test AUC: 0.0467
------------------------- time cost ------------------------- 87.76946091651917

-------------Round number: 16-------------

Evaluate heterogeneous models
Averaged Test Accuracy (Regular Model): 0.6495
Averaged Train Loss (Regular Model): 0.0443
Averaged Test AUC: 0.9171
Std Test Accurancy: 0.0974
Std Test AUC: 0.0434
------------------------- time cost ------------------------- 87.97000455856323

-------------Round number: 17-------------

Evaluate heterogeneous models
Averaged Test Accuracy (Regular Model): 0.6414
Averaged Train Loss (Regular Model): 0.0582
Averaged Test AUC: 0.9148
Std Test Accurancy: 0.1008
Std Test AUC: 0.0456
------------------------- time cost ------------------------- 87.6281509399414

-------------Round number: 18-------------

Evaluate heterogeneous models
Averaged Test Accuracy (Regular Model): 0.6501
Averaged Train Loss (Regular Model): 0.0441
Averaged Test AUC: 0.9166
Std Test Accurancy: 0.0987
Std Test AUC: 0.0454
------------------------- time cost ------------------------- 86.93790411949158

-------------Round number: 19-------------

Evaluate heterogeneous models
Averaged Test Accuracy (Regular Model): 0.6456
Averaged Train Loss (Regular Model): 0.0557
Averaged Test AUC: 0.9153
Std Test Accurancy: 0.0970
Std Test AUC: 0.0459
------------------------- time cost ------------------------- 88.50373578071594

-------------Round number: 20-------------

Evaluate heterogeneous models
Averaged Test Accuracy (Regular Model): 0.6362
Averaged Train Loss (Regular Model): 0.0529
Averaged Test AUC: 0.9104
Std Test Accurancy: 0.1045
Std Test AUC: 0.0488
------------------------- time cost ------------------------- 87.71578598022461

-------------Round number: 21-------------

Evaluate heterogeneous models
Averaged Test Accuracy (Regular Model): 0.6452
Averaged Train Loss (Regular Model): 0.0615
Averaged Test AUC: 0.9158
Std Test Accurancy: 0.0974
Std Test AUC: 0.0442
------------------------- time cost ------------------------- 86.87605738639832

-------------Round number: 22-------------

Evaluate heterogeneous models
Averaged Test Accuracy (Regular Model): 0.6507
Averaged Train Loss (Regular Model): 0.0329
Averaged Test AUC: 0.9184
Std Test Accurancy: 0.0981
Std Test AUC: 0.0433
------------------------- time cost ------------------------- 86.76520848274231

-------------Round number: 23-------------

Evaluate heterogeneous models
Averaged Test Accuracy (Regular Model): 0.6539
Averaged Train Loss (Regular Model): 0.0263
Averaged Test AUC: 0.9180
Std Test Accurancy: 0.1029
Std Test AUC: 0.0441
------------------------- time cost ------------------------- 87.51338195800781

-------------Round number: 24-------------

Evaluate heterogeneous models
Averaged Test Accuracy (Regular Model): 0.6436
Averaged Train Loss (Regular Model): 0.0435
Averaged Test AUC: 0.9145
Std Test Accurancy: 0.1015
Std Test AUC: 0.0454
------------------------- time cost ------------------------- 89.0803484916687

-------------Round number: 25-------------

Evaluate heterogeneous models
Averaged Test Accuracy (Regular Model): 0.6521
Averaged Train Loss (Regular Model): 0.0309
Averaged Test AUC: 0.9171
Std Test Accurancy: 0.0957
Std Test AUC: 0.0424
------------------------- time cost ------------------------- 88.27144241333008

-------------Round number: 26-------------

Evaluate heterogeneous models
Averaged Test Accuracy (Regular Model): 0.6502
Averaged Train Loss (Regular Model): 0.0342
Averaged Test AUC: 0.9158
Std Test Accurancy: 0.1028
Std Test AUC: 0.0471
------------------------- time cost ------------------------- 87.40270590782166

-------------Round number: 27-------------

Evaluate heterogeneous models
Averaged Test Accuracy (Regular Model): 0.6529
Averaged Train Loss (Regular Model): 0.0263
Averaged Test AUC: 0.9182
Std Test Accurancy: 0.0959
Std Test AUC: 0.0420
------------------------- time cost ------------------------- 86.52001452445984

-------------Round number: 28-------------

Evaluate heterogeneous models
Averaged Test Accuracy (Regular Model): 0.6537
Averaged Train Loss (Regular Model): 0.0202
Averaged Test AUC: 0.9182
Std Test Accurancy: 0.0955
Std Test AUC: 0.0432
------------------------- time cost ------------------------- 86.89636206626892

-------------Round number: 29-------------

Evaluate heterogeneous models
Averaged Test Accuracy (Regular Model): 0.6582
Averaged Train Loss (Regular Model): 0.0223
Averaged Test AUC: 0.9202
Std Test Accurancy: 0.0923
Std Test AUC: 0.0422
------------------------- time cost ------------------------- 88.50957250595093

-------------Round number: 30-------------

Evaluate heterogeneous models
Averaged Test Accuracy (Regular Model): 0.6548
Averaged Train Loss (Regular Model): 0.0202
Averaged Test AUC: 0.9197
Std Test Accurancy: 0.0969
Std Test AUC: 0.0433
------------------------- time cost ------------------------- 88.1804883480072

-------------Round number: 31-------------

Evaluate heterogeneous models
Averaged Test Accuracy (Regular Model): 0.6537
Averaged Train Loss (Regular Model): 0.0242
Averaged Test AUC: 0.9180
Std Test Accurancy: 0.0980
Std Test AUC: 0.0460
------------------------- time cost ------------------------- 87.90361380577087

-------------Round number: 32-------------

Evaluate heterogeneous models
Averaged Test Accuracy (Regular Model): 0.6553
Averaged Train Loss (Regular Model): 0.0252
Averaged Test AUC: 0.9183
Std Test Accurancy: 0.1008
Std Test AUC: 0.0457
------------------------- time cost ------------------------- 88.30839586257935

-------------Round number: 33-------------

Evaluate heterogeneous models
Averaged Test Accuracy (Regular Model): 0.6518
Averaged Train Loss (Regular Model): 0.0207
Averaged Test AUC: 0.9178
Std Test Accurancy: 0.1052
Std Test AUC: 0.0439
------------------------- time cost ------------------------- 88.69871258735657

-------------Round number: 34-------------

Evaluate heterogeneous models
Averaged Test Accuracy (Regular Model): 0.6569
Averaged Train Loss (Regular Model): 0.0301
Averaged Test AUC: 0.9188
Std Test Accurancy: 0.0971
Std Test AUC: 0.0441
------------------------- time cost ------------------------- 87.57419085502625

-------------Round number: 35-------------

Evaluate heterogeneous models
Averaged Test Accuracy (Regular Model): 0.6571
Averaged Train Loss (Regular Model): 0.0249
Averaged Test AUC: 0.9193
Std Test Accurancy: 0.0964
Std Test AUC: 0.0443
------------------------- time cost ------------------------- 87.96662640571594

-------------Round number: 36-------------

Evaluate heterogeneous models
Averaged Test Accuracy (Regular Model): 0.6557
Averaged Train Loss (Regular Model): 0.0370
Averaged Test AUC: 0.9181
Std Test Accurancy: 0.0937
Std Test AUC: 0.0433
------------------------- time cost ------------------------- 86.79341697692871

-------------Round number: 37-------------

Evaluate heterogeneous models
Averaged Test Accuracy (Regular Model): 0.6591
Averaged Train Loss (Regular Model): 0.0205
Averaged Test AUC: 0.9203
Std Test Accurancy: 0.0952
Std Test AUC: 0.0426
------------------------- time cost ------------------------- 88.33468246459961

-------------Round number: 38-------------

Evaluate heterogeneous models
Averaged Test Accuracy (Regular Model): 0.6587
Averaged Train Loss (Regular Model): 0.0208
Averaged Test AUC: 0.9196
Std Test Accurancy: 0.0916
Std Test AUC: 0.0428
------------------------- time cost ------------------------- 87.17520356178284

-------------Round number: 39-------------

Evaluate heterogeneous models
Averaged Test Accuracy (Regular Model): 0.6549
Averaged Train Loss (Regular Model): 0.0177
Averaged Test AUC: 0.9200
Std Test Accurancy: 0.0955
Std Test AUC: 0.0433
------------------------- time cost ------------------------- 87.38181948661804

-------------Round number: 40-------------

Evaluate heterogeneous models
Averaged Test Accuracy (Regular Model): 0.6573
Averaged Train Loss (Regular Model): 0.0222
Averaged Test AUC: 0.9202
Std Test Accurancy: 0.0942
Std Test AUC: 0.0429
------------------------- time cost ------------------------- 87.12834978103638

-------------Round number: 41-------------

Evaluate heterogeneous models
Averaged Test Accuracy (Regular Model): 0.6559
Averaged Train Loss (Regular Model): 0.0247
Averaged Test AUC: 0.9202
Std Test Accurancy: 0.0954
Std Test AUC: 0.0430
------------------------- time cost ------------------------- 88.57514548301697

-------------Round number: 42-------------

Evaluate heterogeneous models
Averaged Test Accuracy (Regular Model): 0.6606
Averaged Train Loss (Regular Model): 0.0215
Averaged Test AUC: 0.9217
Std Test Accurancy: 0.0951
Std Test AUC: 0.0426
------------------------- time cost ------------------------- 87.68826079368591

-------------Round number: 43-------------

Evaluate heterogeneous models
Averaged Test Accuracy (Regular Model): 0.6595
Averaged Train Loss (Regular Model): 0.0291
Averaged Test AUC: 0.9200
Std Test Accurancy: 0.0940
Std Test AUC: 0.0428
------------------------- time cost ------------------------- 86.90489983558655

-------------Round number: 44-------------

Evaluate heterogeneous models
Averaged Test Accuracy (Regular Model): 0.6593
Averaged Train Loss (Regular Model): 0.0190
Averaged Test AUC: 0.9205
Std Test Accurancy: 0.0994
Std Test AUC: 0.0440
------------------------- time cost ------------------------- 87.5855360031128

-------------Round number: 45-------------

Evaluate heterogeneous models
Averaged Test Accuracy (Regular Model): 0.6566
Averaged Train Loss (Regular Model): 0.0175
Averaged Test AUC: 0.9205
Std Test Accurancy: 0.0976
Std Test AUC: 0.0427
------------------------- time cost ------------------------- 87.53204488754272

-------------Round number: 46-------------

Evaluate heterogeneous models
Averaged Test Accuracy (Regular Model): 0.6595
Averaged Train Loss (Regular Model): 0.0276
Averaged Test AUC: 0.9210
Std Test Accurancy: 0.0958
Std Test AUC: 0.0418
------------------------- time cost ------------------------- 88.36649489402771

-------------Round number: 47-------------

Evaluate heterogeneous models
Averaged Test Accuracy (Regular Model): 0.6579
Averaged Train Loss (Regular Model): 0.0216
Averaged Test AUC: 0.9220
Std Test Accurancy: 0.0960
Std Test AUC: 0.0412
------------------------- time cost ------------------------- 87.87236380577087

-------------Round number: 48-------------

Evaluate heterogeneous models
Averaged Test Accuracy (Regular Model): 0.6574
Averaged Train Loss (Regular Model): 0.0203
Averaged Test AUC: 0.9211
Std Test Accurancy: 0.0982
Std Test AUC: 0.0428
------------------------- time cost ------------------------- 87.96516132354736

-------------Round number: 49-------------

Evaluate heterogeneous models
Averaged Test Accuracy (Regular Model): 0.6628
Averaged Train Loss (Regular Model): 0.0088
Averaged Test AUC: 0.9226
Std Test Accurancy: 0.0959
Std Test AUC: 0.0423
------------------------- time cost ------------------------- 89.17576718330383

-------------Round number: 50-------------

Evaluate heterogeneous models
Averaged Test Accuracy (Regular Model): 0.6611
Averaged Train Loss (Regular Model): 0.0096
Averaged Test AUC: 0.9218
Std Test Accurancy: 0.0941
Std Test AUC: 0.0422
------------------------- time cost ------------------------- 89.7447578907013

-------------Round number: 51-------------

Evaluate heterogeneous models
Averaged Test Accuracy (Regular Model): 0.6604
Averaged Train Loss (Regular Model): 0.0173
Averaged Test AUC: 0.9208
Std Test Accurancy: 0.0946
Std Test AUC: 0.0423
------------------------- time cost ------------------------- 89.85785460472107

-------------Round number: 52-------------

Evaluate heterogeneous models
Averaged Test Accuracy (Regular Model): 0.6563
Averaged Train Loss (Regular Model): 0.0154
Averaged Test AUC: 0.9204
Std Test Accurancy: 0.0976
Std Test AUC: 0.0427
------------------------- time cost ------------------------- 89.90356588363647

-------------Round number: 53-------------

Evaluate heterogeneous models
Averaged Test Accuracy (Regular Model): 0.6601
Averaged Train Loss (Regular Model): 0.0169
Averaged Test AUC: 0.9217
Std Test Accurancy: 0.0960
Std Test AUC: 0.0415
------------------------- time cost ------------------------- 89.51341724395752

-------------Round number: 54-------------

Evaluate heterogeneous models
Averaged Test Accuracy (Regular Model): 0.6635
Averaged Train Loss (Regular Model): 0.0127
Averaged Test AUC: 0.9216
Std Test Accurancy: 0.0951
Std Test AUC: 0.0417
------------------------- time cost ------------------------- 90.02537894248962

-------------Round number: 55-------------

Evaluate heterogeneous models
Averaged Test Accuracy (Regular Model): 0.6521
Averaged Train Loss (Regular Model): 0.0237
Averaged Test AUC: 0.9197
Std Test Accurancy: 0.1001
Std Test AUC: 0.0422
------------------------- time cost ------------------------- 90.78424167633057

-------------Round number: 56-------------

Evaluate heterogeneous models
Averaged Test Accuracy (Regular Model): 0.6597
Averaged Train Loss (Regular Model): 0.0281
Averaged Test AUC: 0.9215
Std Test Accurancy: 0.0958
Std Test AUC: 0.0426
------------------------- time cost ------------------------- 90.53468680381775

-------------Round number: 57-------------

Evaluate heterogeneous models
Averaged Test Accuracy (Regular Model): 0.6610
Averaged Train Loss (Regular Model): 0.0281
Averaged Test AUC: 0.9207
Std Test Accurancy: 0.0964
Std Test AUC: 0.0422
------------------------- time cost ------------------------- 90.94381761550903

-------------Round number: 58-------------

Evaluate heterogeneous models
Averaged Test Accuracy (Regular Model): 0.6585
Averaged Train Loss (Regular Model): 0.0118
Averaged Test AUC: 0.9220
Std Test Accurancy: 0.0960
Std Test AUC: 0.0422
------------------------- time cost ------------------------- 90.36103653907776

-------------Round number: 59-------------

Evaluate heterogeneous models
Averaged Test Accuracy (Regular Model): 0.6597
Averaged Train Loss (Regular Model): 0.0099
Averaged Test AUC: 0.9226
Std Test Accurancy: 0.0933
Std Test AUC: 0.0416
------------------------- time cost ------------------------- 91.16171932220459

-------------Round number: 60-------------

Evaluate heterogeneous models
Averaged Test Accuracy (Regular Model): 0.6603
Averaged Train Loss (Regular Model): 0.0187
Averaged Test AUC: 0.9212
Std Test Accurancy: 0.0962
Std Test AUC: 0.0417
------------------------- time cost ------------------------- 90.02325820922852

-------------Round number: 61-------------

Evaluate heterogeneous models
Averaged Test Accuracy (Regular Model): 0.6601
Averaged Train Loss (Regular Model): 0.0166
Averaged Test AUC: 0.9218
Std Test Accurancy: 0.0967
Std Test AUC: 0.0419
------------------------- time cost ------------------------- 90.73608779907227

-------------Round number: 62-------------

Evaluate heterogeneous models
Averaged Test Accuracy (Regular Model): 0.6585
Averaged Train Loss (Regular Model): 0.0098
Averaged Test AUC: 0.9221
Std Test Accurancy: 0.0920
Std Test AUC: 0.0414
------------------------- time cost ------------------------- 89.41852068901062

-------------Round number: 63-------------

Evaluate heterogeneous models
Averaged Test Accuracy (Regular Model): 0.6603
Averaged Train Loss (Regular Model): 0.0143
Averaged Test AUC: 0.9220
Std Test Accurancy: 0.0947
Std Test AUC: 0.0430
------------------------- time cost ------------------------- 90.16102862358093

-------------Round number: 64-------------

Evaluate heterogeneous models
Averaged Test Accuracy (Regular Model): 0.6611
Averaged Train Loss (Regular Model): 0.0134
Averaged Test AUC: 0.9217
Std Test Accurancy: 0.0952
Std Test AUC: 0.0430
------------------------- time cost ------------------------- 90.98335099220276

-------------Round number: 65-------------

Evaluate heterogeneous models
Averaged Test Accuracy (Regular Model): 0.6595
Averaged Train Loss (Regular Model): 0.0099
Averaged Test AUC: 0.9216
Std Test Accurancy: 0.0964
Std Test AUC: 0.0431
------------------------- time cost ------------------------- 90.41091132164001

-------------Round number: 66-------------

Evaluate heterogeneous models
Averaged Test Accuracy (Regular Model): 0.6607
Averaged Train Loss (Regular Model): 0.0112
Averaged Test AUC: 0.9215
Std Test Accurancy: 0.0933
Std Test AUC: 0.0428
------------------------- time cost ------------------------- 89.86797642707825

-------------Round number: 67-------------

Evaluate heterogeneous models
Averaged Test Accuracy (Regular Model): 0.6566
Averaged Train Loss (Regular Model): 0.0181
Averaged Test AUC: 0.9214
Std Test Accurancy: 0.0950
Std Test AUC: 0.0422
------------------------- time cost ------------------------- 90.29084062576294

-------------Round number: 68-------------

Evaluate heterogeneous models
Averaged Test Accuracy (Regular Model): 0.6633
Averaged Train Loss (Regular Model): 0.0161
Averaged Test AUC: 0.9220
Std Test Accurancy: 0.0951
Std Test AUC: 0.0419
------------------------- time cost ------------------------- 91.24438762664795

-------------Round number: 69-------------

Evaluate heterogeneous models
Averaged Test Accuracy (Regular Model): 0.6625
Averaged Train Loss (Regular Model): 0.0069
Averaged Test AUC: 0.9223
Std Test Accurancy: 0.0992
Std Test AUC: 0.0420
------------------------- time cost ------------------------- 91.12059760093689

-------------Round number: 70-------------

Evaluate heterogeneous models
Averaged Test Accuracy (Regular Model): 0.6613
Averaged Train Loss (Regular Model): 0.0078
Averaged Test AUC: 0.9221
Std Test Accurancy: 0.1004
Std Test AUC: 0.0428
------------------------- time cost ------------------------- 90.51527690887451

-------------Round number: 71-------------

Evaluate heterogeneous models
Averaged Test Accuracy (Regular Model): 0.6617
Averaged Train Loss (Regular Model): 0.0087
Averaged Test AUC: 0.9220
Std Test Accurancy: 0.0951
Std Test AUC: 0.0426
------------------------- time cost ------------------------- 89.86390709877014

-------------Round number: 72-------------

Evaluate heterogeneous models
Averaged Test Accuracy (Regular Model): 0.6621
Averaged Train Loss (Regular Model): 0.0121
Averaged Test AUC: 0.9221
Std Test Accurancy: 0.0922
Std Test AUC: 0.0418
------------------------- time cost ------------------------- 90.16624617576599

-------------Round number: 73-------------

Evaluate heterogeneous models
Averaged Test Accuracy (Regular Model): 0.6622
Averaged Train Loss (Regular Model): 0.0103
Averaged Test AUC: 0.9219
Std Test Accurancy: 0.0949
Std Test AUC: 0.0418
------------------------- time cost ------------------------- 90.25068640708923

-------------Round number: 74-------------

Evaluate heterogeneous models
Averaged Test Accuracy (Regular Model): 0.6591
Averaged Train Loss (Regular Model): 0.0122
Averaged Test AUC: 0.9224
Std Test Accurancy: 0.0956
Std Test AUC: 0.0417
------------------------- time cost ------------------------- 90.96287894248962

-------------Round number: 75-------------

Evaluate heterogeneous models
Averaged Test Accuracy (Regular Model): 0.6613
Averaged Train Loss (Regular Model): 0.0068
Averaged Test AUC: 0.9225
Std Test Accurancy: 0.0948
Std Test AUC: 0.0415
------------------------- time cost ------------------------- 89.93478178977966

-------------Round number: 76-------------

Evaluate heterogeneous models
Averaged Test Accuracy (Regular Model): 0.6613
Averaged Train Loss (Regular Model): 0.0071
Averaged Test AUC: 0.9219
Std Test Accurancy: 0.0985
Std Test AUC: 0.0422
------------------------- time cost ------------------------- 90.326904296875

-------------Round number: 77-------------

Evaluate heterogeneous models
Averaged Test Accuracy (Regular Model): 0.6627
Averaged Train Loss (Regular Model): 0.0137
Averaged Test AUC: 0.9219
Std Test Accurancy: 0.0948
Std Test AUC: 0.0420
------------------------- time cost ------------------------- 89.4966778755188

-------------Round number: 78-------------

Evaluate heterogeneous models
Averaged Test Accuracy (Regular Model): 0.6607
Averaged Train Loss (Regular Model): 0.0181
Averaged Test AUC: 0.9223
Std Test Accurancy: 0.0962
Std Test AUC: 0.0414
------------------------- time cost ------------------------- 90.827303647995

-------------Round number: 79-------------

Evaluate heterogeneous models
Averaged Test Accuracy (Regular Model): 0.6591
Averaged Train Loss (Regular Model): 0.0147
Averaged Test AUC: 0.9211
Std Test Accurancy: 0.0998
Std Test AUC: 0.0426
------------------------- time cost ------------------------- 90.72067999839783

-------------Round number: 80-------------

Evaluate heterogeneous models
Averaged Test Accuracy (Regular Model): 0.6591
Averaged Train Loss (Regular Model): 0.0140
Averaged Test AUC: 0.9222
Std Test Accurancy: 0.1017
Std Test AUC: 0.0427
------------------------- time cost ------------------------- 90.13331317901611

-------------Round number: 81-------------

Evaluate heterogeneous models
Averaged Test Accuracy (Regular Model): 0.6581
Averaged Train Loss (Regular Model): 0.0092
Averaged Test AUC: 0.9219
Std Test Accurancy: 0.0971
Std Test AUC: 0.0423
------------------------- time cost ------------------------- 90.43441915512085

-------------Round number: 82-------------

Evaluate heterogeneous models
Averaged Test Accuracy (Regular Model): 0.6602
Averaged Train Loss (Regular Model): 0.0068
Averaged Test AUC: 0.9224
Std Test Accurancy: 0.0979
Std Test AUC: 0.0418
------------------------- time cost ------------------------- 90.7672975063324

-------------Round number: 83-------------

Evaluate heterogeneous models
Averaged Test Accuracy (Regular Model): 0.6595
Averaged Train Loss (Regular Model): 0.0100
Averaged Test AUC: 0.9222
Std Test Accurancy: 0.0989
Std Test AUC: 0.0416
------------------------- time cost ------------------------- 90.31691288948059

-------------Round number: 84-------------

Evaluate heterogeneous models
Averaged Test Accuracy (Regular Model): 0.6637
Averaged Train Loss (Regular Model): 0.0080
Averaged Test AUC: 0.9233
Std Test Accurancy: 0.0990
Std Test AUC: 0.0421
------------------------- time cost ------------------------- 90.21099734306335

-------------Round number: 85-------------

Evaluate heterogeneous models
Averaged Test Accuracy (Regular Model): 0.6616
Averaged Train Loss (Regular Model): 0.0118
Averaged Test AUC: 0.9232
Std Test Accurancy: 0.0972
Std Test AUC: 0.0422
------------------------- time cost ------------------------- 90.49919009208679

-------------Round number: 86-------------

Evaluate heterogeneous models
Averaged Test Accuracy (Regular Model): 0.6604
Averaged Train Loss (Regular Model): 0.0147
Averaged Test AUC: 0.9225
Std Test Accurancy: 0.0980
Std Test AUC: 0.0422
------------------------- time cost ------------------------- 89.56818056106567

-------------Round number: 87-------------

Evaluate heterogeneous models
Averaged Test Accuracy (Regular Model): 0.6647
Averaged Train Loss (Regular Model): 0.0077
Averaged Test AUC: 0.9228
Std Test Accurancy: 0.0965
Std Test AUC: 0.0424
------------------------- time cost ------------------------- 92.01351928710938

-------------Round number: 88-------------

Evaluate heterogeneous models
Averaged Test Accuracy (Regular Model): 0.6636
Averaged Train Loss (Regular Model): 0.0103
Averaged Test AUC: 0.9228
Std Test Accurancy: 0.0958
Std Test AUC: 0.0426
------------------------- time cost ------------------------- 90.32799863815308

-------------Round number: 89-------------

Evaluate heterogeneous models
Averaged Test Accuracy (Regular Model): 0.6625
Averaged Train Loss (Regular Model): 0.0080
Averaged Test AUC: 0.9220
Std Test Accurancy: 0.0962
Std Test AUC: 0.0425
------------------------- time cost ------------------------- 89.62047624588013

-------------Round number: 90-------------

Evaluate heterogeneous models
Averaged Test Accuracy (Regular Model): 0.6626
Averaged Train Loss (Regular Model): 0.0086
Averaged Test AUC: 0.9228
Std Test Accurancy: 0.0986
Std Test AUC: 0.0424
------------------------- time cost ------------------------- 90.69527769088745

-------------Round number: 91-------------

Evaluate heterogeneous models
Averaged Test Accuracy (Regular Model): 0.6610
Averaged Train Loss (Regular Model): 0.0147
Averaged Test AUC: 0.9222
Std Test Accurancy: 0.0971
Std Test AUC: 0.0419
------------------------- time cost ------------------------- 90.80962800979614

-------------Round number: 92-------------

Evaluate heterogeneous models
Averaged Test Accuracy (Regular Model): 0.6634
Averaged Train Loss (Regular Model): 0.0046
Averaged Test AUC: 0.9227
Std Test Accurancy: 0.0943
Std Test AUC: 0.0415
------------------------- time cost ------------------------- 91.35556244850159

-------------Round number: 93-------------

Evaluate heterogeneous models
Averaged Test Accuracy (Regular Model): 0.6623
Averaged Train Loss (Regular Model): 0.0082
Averaged Test AUC: 0.9226
Std Test Accurancy: 0.0995
Std Test AUC: 0.0429
------------------------- time cost ------------------------- 90.57134938240051

-------------Round number: 94-------------

Evaluate heterogeneous models
Averaged Test Accuracy (Regular Model): 0.6636
Averaged Train Loss (Regular Model): 0.0098
Averaged Test AUC: 0.9226
Std Test Accurancy: 0.0993
Std Test AUC: 0.0432
------------------------- time cost ------------------------- 90.17983531951904

-------------Round number: 95-------------

Evaluate heterogeneous models
Averaged Test Accuracy (Regular Model): 0.6631
Averaged Train Loss (Regular Model): 0.0093
Averaged Test AUC: 0.9231
Std Test Accurancy: 0.0983
Std Test AUC: 0.0423
------------------------- time cost ------------------------- 90.26906371116638

-------------Round number: 96-------------

Evaluate heterogeneous models
Averaged Test Accuracy (Regular Model): 0.6596
Averaged Train Loss (Regular Model): 0.0054
Averaged Test AUC: 0.9228
Std Test Accurancy: 0.0974
Std Test AUC: 0.0418
------------------------- time cost ------------------------- 89.52272295951843

-------------Round number: 97-------------

Evaluate heterogeneous models
Averaged Test Accuracy (Regular Model): 0.6643
Averaged Train Loss (Regular Model): 0.0032
Averaged Test AUC: 0.9234
Std Test Accurancy: 0.0977
Std Test AUC: 0.0420
------------------------- time cost ------------------------- 90.38287043571472

-------------Round number: 98-------------

Evaluate heterogeneous models
Averaged Test Accuracy (Regular Model): 0.6605
Averaged Train Loss (Regular Model): 0.0078
Averaged Test AUC: 0.9229
Std Test Accurancy: 0.1023
Std Test AUC: 0.0420
------------------------- time cost ------------------------- 89.99064993858337

-------------Round number: 99-------------

Evaluate heterogeneous models
Averaged Test Accuracy (Regular Model): 0.6611
Averaged Train Loss (Regular Model): 0.0132
Averaged Test AUC: 0.9223
Std Test Accurancy: 0.0983
Std Test AUC: 0.0419
------------------------- time cost ------------------------- 89.73562979698181

-------------Round number: 100-------------

Evaluate heterogeneous models
Averaged Test Accuracy (Regular Model): 0.6619
Averaged Train Loss (Regular Model): 0.0085
Averaged Test AUC: 0.9228
Std Test Accurancy: 0.1012
Std Test AUC: 0.0424
------------------------- time cost ------------------------- 89.66605877876282

-------------Round number: 101-------------

Evaluate heterogeneous models
Averaged Test Accuracy (Regular Model): 0.6624
Averaged Train Loss (Regular Model): 0.0090
Averaged Test AUC: 0.9223
Std Test Accurancy: 0.0997
Std Test AUC: 0.0427
------------------------- time cost ------------------------- 90.54702734947205

-------------Round number: 102-------------

Evaluate heterogeneous models
Averaged Test Accuracy (Regular Model): 0.6614
Averaged Train Loss (Regular Model): 0.0052
Averaged Test AUC: 0.9229
Std Test Accurancy: 0.0994
Std Test AUC: 0.0424
------------------------- time cost ------------------------- 90.88425588607788

-------------Round number: 103-------------

Evaluate heterogeneous models
Averaged Test Accuracy (Regular Model): 0.6601
Averaged Train Loss (Regular Model): 0.0074
Averaged Test AUC: 0.9225
Std Test Accurancy: 0.0994
Std Test AUC: 0.0424
------------------------- time cost ------------------------- 90.02984595298767

-------------Round number: 104-------------

Evaluate heterogeneous models
Averaged Test Accuracy (Regular Model): 0.6642
Averaged Train Loss (Regular Model): 0.0057
Averaged Test AUC: 0.9235
Std Test Accurancy: 0.1002
Std Test AUC: 0.0424
------------------------- time cost ------------------------- 91.86043095588684

-------------Round number: 105-------------

Evaluate heterogeneous models
Averaged Test Accuracy (Regular Model): 0.6618
Averaged Train Loss (Regular Model): 0.0033
Averaged Test AUC: 0.9229
Std Test Accurancy: 0.0995
Std Test AUC: 0.0426
------------------------- time cost ------------------------- 90.47818112373352

-------------Round number: 106-------------

Evaluate heterogeneous models
Averaged Test Accuracy (Regular Model): 0.6614
Averaged Train Loss (Regular Model): 0.0046
Averaged Test AUC: 0.9233
Std Test Accurancy: 0.0984
Std Test AUC: 0.0425
------------------------- time cost ------------------------- 90.1366913318634

-------------Round number: 107-------------

Evaluate heterogeneous models
Averaged Test Accuracy (Regular Model): 0.6642
Averaged Train Loss (Regular Model): 0.0034
Averaged Test AUC: 0.9234
Std Test Accurancy: 0.0988
Std Test AUC: 0.0423
------------------------- time cost ------------------------- 90.53054547309875

-------------Round number: 108-------------

Evaluate heterogeneous models
Averaged Test Accuracy (Regular Model): 0.6647
Averaged Train Loss (Regular Model): 0.0035
Averaged Test AUC: 0.9236
Std Test Accurancy: 0.0990
Std Test AUC: 0.0423
------------------------- time cost ------------------------- 89.6513729095459

-------------Round number: 109-------------

Evaluate heterogeneous models
Averaged Test Accuracy (Regular Model): 0.6630
Averaged Train Loss (Regular Model): 0.0132
Averaged Test AUC: 0.9224
Std Test Accurancy: 0.0979
Std Test AUC: 0.0420
------------------------- time cost ------------------------- 89.96288561820984

-------------Round number: 110-------------

Evaluate heterogeneous models
Averaged Test Accuracy (Regular Model): 0.6642
Averaged Train Loss (Regular Model): 0.0039
Averaged Test AUC: 0.9229
Std Test Accurancy: 0.1019
Std Test AUC: 0.0422
------------------------- time cost ------------------------- 90.03116631507874

-------------Round number: 111-------------

Evaluate heterogeneous models
Averaged Test Accuracy (Regular Model): 0.6613
Averaged Train Loss (Regular Model): 0.0108
Averaged Test AUC: 0.9227
Std Test Accurancy: 0.0994
Std Test AUC: 0.0423
------------------------- time cost ------------------------- 90.59829473495483

-------------Round number: 112-------------

Evaluate heterogeneous models
Averaged Test Accuracy (Regular Model): 0.6622
Averaged Train Loss (Regular Model): 0.0034
Averaged Test AUC: 0.9229
Std Test Accurancy: 0.1001
Std Test AUC: 0.0430
------------------------- time cost ------------------------- 91.3971779346466

-------------Round number: 113-------------

Evaluate heterogeneous models
Averaged Test Accuracy (Regular Model): 0.6643
Averaged Train Loss (Regular Model): 0.0083
Averaged Test AUC: 0.9226
Std Test Accurancy: 0.1005
Std Test AUC: 0.0428
------------------------- time cost ------------------------- 90.46993827819824

-------------Round number: 114-------------

Evaluate heterogeneous models
Averaged Test Accuracy (Regular Model): 0.6620
Averaged Train Loss (Regular Model): 0.0034
Averaged Test AUC: 0.9235
Std Test Accurancy: 0.1011
Std Test AUC: 0.0426
------------------------- time cost ------------------------- 89.82879114151001

-------------Round number: 115-------------

Evaluate heterogeneous models
Averaged Test Accuracy (Regular Model): 0.6633
Averaged Train Loss (Regular Model): 0.0030
Averaged Test AUC: 0.9238
Std Test Accurancy: 0.1011
Std Test AUC: 0.0427
------------------------- time cost ------------------------- 90.53126263618469

-------------Round number: 116-------------

Evaluate heterogeneous models
Averaged Test Accuracy (Regular Model): 0.6617
Averaged Train Loss (Regular Model): 0.0015
Averaged Test AUC: 0.9237
Std Test Accurancy: 0.1015
Std Test AUC: 0.0427
------------------------- time cost ------------------------- 91.24268174171448

-------------Round number: 117-------------

Evaluate heterogeneous models
Averaged Test Accuracy (Regular Model): 0.6630
Averaged Train Loss (Regular Model): 0.0081
Averaged Test AUC: 0.9232
Std Test Accurancy: 0.0999
Std Test AUC: 0.0423
------------------------- time cost ------------------------- 91.43410658836365

-------------Round number: 118-------------

Evaluate heterogeneous models
Averaged Test Accuracy (Regular Model): 0.6599
Averaged Train Loss (Regular Model): 0.0075
Averaged Test AUC: 0.9227
Std Test Accurancy: 0.0981
Std Test AUC: 0.0422
------------------------- time cost ------------------------- 90.67954468727112

-------------Round number: 119-------------

Evaluate heterogeneous models
Averaged Test Accuracy (Regular Model): 0.6599
Averaged Train Loss (Regular Model): 0.0055
Averaged Test AUC: 0.9223
Std Test Accurancy: 0.0973
Std Test AUC: 0.0424
------------------------- time cost ------------------------- 90.76061415672302

-------------Round number: 120-------------

Evaluate heterogeneous models
Averaged Test Accuracy (Regular Model): 0.6601
Averaged Train Loss (Regular Model): 0.0111
Averaged Test AUC: 0.9224
Std Test Accurancy: 0.1000
Std Test AUC: 0.0426
------------------------- time cost ------------------------- 89.96604180335999

-------------Round number: 121-------------

Evaluate heterogeneous models
Averaged Test Accuracy (Regular Model): 0.6632
Averaged Train Loss (Regular Model): 0.0082
Averaged Test AUC: 0.9230
Std Test Accurancy: 0.1017
Std Test AUC: 0.0425
------------------------- time cost ------------------------- 91.22824144363403

-------------Round number: 122-------------

Evaluate heterogeneous models
Averaged Test Accuracy (Regular Model): 0.6613
Averaged Train Loss (Regular Model): 0.0064
Averaged Test AUC: 0.9227
Std Test Accurancy: 0.1006
Std Test AUC: 0.0426
------------------------- time cost ------------------------- 90.22443699836731

-------------Round number: 123-------------

Evaluate heterogeneous models
Averaged Test Accuracy (Regular Model): 0.6624
Averaged Train Loss (Regular Model): 0.0098
Averaged Test AUC: 0.9231
Std Test Accurancy: 0.0990
Std Test AUC: 0.0420
------------------------- time cost ------------------------- 90.92104864120483

-------------Round number: 124-------------

Evaluate heterogeneous models
Averaged Test Accuracy (Regular Model): 0.6614
Averaged Train Loss (Regular Model): 0.0055
Averaged Test AUC: 0.9232
Std Test Accurancy: 0.1007
Std Test AUC: 0.0417
------------------------- time cost ------------------------- 91.34003496170044

-------------Round number: 125-------------

Evaluate heterogeneous models
Averaged Test Accuracy (Regular Model): 0.6643
Averaged Train Loss (Regular Model): 0.0030
Averaged Test AUC: 0.9233
Std Test Accurancy: 0.1004
Std Test AUC: 0.0423
------------------------- time cost ------------------------- 89.74923872947693

-------------Round number: 126-------------

Evaluate heterogeneous models
Averaged Test Accuracy (Regular Model): 0.6629
Averaged Train Loss (Regular Model): 0.0059
Averaged Test AUC: 0.9231
Std Test Accurancy: 0.1011
Std Test AUC: 0.0420
------------------------- time cost ------------------------- 90.24855947494507

-------------Round number: 127-------------

Evaluate heterogeneous models
Averaged Test Accuracy (Regular Model): 0.6627
Averaged Train Loss (Regular Model): 0.0040
Averaged Test AUC: 0.9231
Std Test Accurancy: 0.1007
Std Test AUC: 0.0423
------------------------- time cost ------------------------- 89.96147537231445

-------------Round number: 128-------------

Evaluate heterogeneous models
Averaged Test Accuracy (Regular Model): 0.6634
Averaged Train Loss (Regular Model): 0.0069
Averaged Test AUC: 0.9229
Std Test Accurancy: 0.1007
Std Test AUC: 0.0422
------------------------- time cost ------------------------- 89.00768375396729

-------------Round number: 129-------------

Evaluate heterogeneous models
Averaged Test Accuracy (Regular Model): 0.6620
Averaged Train Loss (Regular Model): 0.0038
Averaged Test AUC: 0.9238
Std Test Accurancy: 0.1000
Std Test AUC: 0.0422
------------------------- time cost ------------------------- 90.81221008300781

-------------Round number: 130-------------

Evaluate heterogeneous models
Averaged Test Accuracy (Regular Model): 0.6635
Averaged Train Loss (Regular Model): 0.0039
Averaged Test AUC: 0.9241
Std Test Accurancy: 0.1015
Std Test AUC: 0.0424
------------------------- time cost ------------------------- 89.35985660552979

-------------Round number: 131-------------

Evaluate heterogeneous models
Averaged Test Accuracy (Regular Model): 0.6636
Averaged Train Loss (Regular Model): 0.0079
Averaged Test AUC: 0.9236
Std Test Accurancy: 0.1007
Std Test AUC: 0.0423
------------------------- time cost ------------------------- 91.2918450832367

-------------Round number: 132-------------

Evaluate heterogeneous models
Averaged Test Accuracy (Regular Model): 0.6629
Averaged Train Loss (Regular Model): 0.0083
Averaged Test AUC: 0.9236
Std Test Accurancy: 0.1008
Std Test AUC: 0.0422
------------------------- time cost ------------------------- 90.22917199134827

-------------Round number: 133-------------

Evaluate heterogeneous models
Averaged Test Accuracy (Regular Model): 0.6623
Averaged Train Loss (Regular Model): 0.0035
Averaged Test AUC: 0.9240
Std Test Accurancy: 0.1021
Std Test AUC: 0.0425
------------------------- time cost ------------------------- 90.21863055229187

-------------Round number: 134-------------

Evaluate heterogeneous models
Averaged Test Accuracy (Regular Model): 0.6634
Averaged Train Loss (Regular Model): 0.0051
Averaged Test AUC: 0.9237
Std Test Accurancy: 0.1004
Std Test AUC: 0.0423
------------------------- time cost ------------------------- 89.59045004844666

-------------Round number: 135-------------

Evaluate heterogeneous models
Averaged Test Accuracy (Regular Model): 0.6617
Averaged Train Loss (Regular Model): 0.0052
Averaged Test AUC: 0.9225
Std Test Accurancy: 0.1048
Std Test AUC: 0.0446
------------------------- time cost ------------------------- 89.85813927650452

-------------Round number: 136-------------

Evaluate heterogeneous models
Averaged Test Accuracy (Regular Model): 0.6597
Averaged Train Loss (Regular Model): 0.0021
Averaged Test AUC: 0.9233
Std Test Accurancy: 0.1017
Std Test AUC: 0.0426
------------------------- time cost ------------------------- 89.28820419311523

-------------Round number: 137-------------

Evaluate heterogeneous models
Averaged Test Accuracy (Regular Model): 0.6603
Averaged Train Loss (Regular Model): 0.0117
Averaged Test AUC: 0.9228
Std Test Accurancy: 0.0999
Std Test AUC: 0.0429
------------------------- time cost ------------------------- 89.91672086715698

-------------Round number: 138-------------

Evaluate heterogeneous models
Averaged Test Accuracy (Regular Model): 0.6586
Averaged Train Loss (Regular Model): 0.0057
Averaged Test AUC: 0.9232
Std Test Accurancy: 0.1013
Std Test AUC: 0.0421
------------------------- time cost ------------------------- 89.79705142974854

-------------Round number: 139-------------

Evaluate heterogeneous models
Averaged Test Accuracy (Regular Model): 0.6625
Averaged Train Loss (Regular Model): 0.0042
Averaged Test AUC: 0.9237
Std Test Accurancy: 0.1006
Std Test AUC: 0.0418
------------------------- time cost ------------------------- 90.14791870117188

-------------Round number: 140-------------

Evaluate heterogeneous models
Averaged Test Accuracy (Regular Model): 0.6585
Averaged Train Loss (Regular Model): 0.0036
Averaged Test AUC: 0.9231
Std Test Accurancy: 0.1002
Std Test AUC: 0.0421
------------------------- time cost ------------------------- 89.55801582336426

-------------Round number: 141-------------

Evaluate heterogeneous models
Averaged Test Accuracy (Regular Model): 0.6601
Averaged Train Loss (Regular Model): 0.0072
Averaged Test AUC: 0.9231
Std Test Accurancy: 0.1013
Std Test AUC: 0.0421
------------------------- time cost ------------------------- 90.21170115470886

-------------Round number: 142-------------

Evaluate heterogeneous models
Averaged Test Accuracy (Regular Model): 0.6615
Averaged Train Loss (Regular Model): 0.0016
Averaged Test AUC: 0.9240
Std Test Accurancy: 0.0999
Std Test AUC: 0.0419
------------------------- time cost ------------------------- 90.47646641731262

-------------Round number: 143-------------

Evaluate heterogeneous models
Averaged Test Accuracy (Regular Model): 0.6607
Averaged Train Loss (Regular Model): 0.0032
Averaged Test AUC: 0.9230
Std Test Accurancy: 0.1005
Std Test AUC: 0.0422
------------------------- time cost ------------------------- 89.70171046257019

-------------Round number: 144-------------

Evaluate heterogeneous models
Averaged Test Accuracy (Regular Model): 0.6597
Averaged Train Loss (Regular Model): 0.0050
Averaged Test AUC: 0.9231
Std Test Accurancy: 0.1005
Std Test AUC: 0.0417
------------------------- time cost ------------------------- 89.9745352268219

-------------Round number: 145-------------

Evaluate heterogeneous models
Averaged Test Accuracy (Regular Model): 0.6574
Averaged Train Loss (Regular Model): 0.0124
Averaged Test AUC: 0.9229
Std Test Accurancy: 0.1003
Std Test AUC: 0.0415
------------------------- time cost ------------------------- 90.22063994407654

-------------Round number: 146-------------

Evaluate heterogeneous models
Averaged Test Accuracy (Regular Model): 0.6605
Averaged Train Loss (Regular Model): 0.0057
Averaged Test AUC: 0.9237
Std Test Accurancy: 0.1003
Std Test AUC: 0.0417
------------------------- time cost ------------------------- 91.35069751739502

-------------Round number: 147-------------

Evaluate heterogeneous models
Averaged Test Accuracy (Regular Model): 0.6573
Averaged Train Loss (Regular Model): 0.0068
Averaged Test AUC: 0.9230
Std Test Accurancy: 0.0983
Std Test AUC: 0.0419
------------------------- time cost ------------------------- 89.75595378875732

-------------Round number: 148-------------

Evaluate heterogeneous models
Averaged Test Accuracy (Regular Model): 0.6617
Averaged Train Loss (Regular Model): 0.0039
Averaged Test AUC: 0.9240
Std Test Accurancy: 0.0986
Std Test AUC: 0.0418
------------------------- time cost ------------------------- 90.44593667984009

-------------Round number: 149-------------

Evaluate heterogeneous models
Averaged Test Accuracy (Regular Model): 0.6623
Averaged Train Loss (Regular Model): 0.0053
Averaged Test AUC: 0.9233
Std Test Accurancy: 0.1007
Std Test AUC: 0.0420
------------------------- time cost ------------------------- 90.59631776809692

-------------Round number: 150-------------

Evaluate heterogeneous models
Averaged Test Accuracy (Regular Model): 0.6600
Averaged Train Loss (Regular Model): 0.0049
Averaged Test AUC: 0.9231
Std Test Accurancy: 0.1004
Std Test AUC: 0.0415
------------------------- time cost ------------------------- 88.07521057128906

-------------Round number: 151-------------

Evaluate heterogeneous models
Averaged Test Accuracy (Regular Model): 0.6615
Averaged Train Loss (Regular Model): 0.0095
Averaged Test AUC: 0.9230
Std Test Accurancy: 0.1017
Std Test AUC: 0.0419
------------------------- time cost ------------------------- 88.22922992706299

-------------Round number: 152-------------

Evaluate heterogeneous models
Averaged Test Accuracy (Regular Model): 0.6617
Averaged Train Loss (Regular Model): 0.0037
Averaged Test AUC: 0.9233
Std Test Accurancy: 0.1022
Std Test AUC: 0.0419
------------------------- time cost ------------------------- 87.13095283508301

-------------Round number: 153-------------

Evaluate heterogeneous models
Averaged Test Accuracy (Regular Model): 0.6611
Averaged Train Loss (Regular Model): 0.0036
Averaged Test AUC: 0.9236
Std Test Accurancy: 0.1037
Std Test AUC: 0.0418
------------------------- time cost ------------------------- 86.89316582679749

-------------Round number: 154-------------

Evaluate heterogeneous models
Averaged Test Accuracy (Regular Model): 0.6606
Averaged Train Loss (Regular Model): 0.0030
Averaged Test AUC: 0.9233
Std Test Accurancy: 0.1005
Std Test AUC: 0.0416
------------------------- time cost ------------------------- 88.77700448036194

-------------Round number: 155-------------

Evaluate heterogeneous models
Averaged Test Accuracy (Regular Model): 0.6620
Averaged Train Loss (Regular Model): 0.0015
Averaged Test AUC: 0.9237
Std Test Accurancy: 0.0999
Std Test AUC: 0.0418
------------------------- time cost ------------------------- 88.48839664459229

-------------Round number: 156-------------

Evaluate heterogeneous models
Averaged Test Accuracy (Regular Model): 0.6621
Averaged Train Loss (Regular Model): 0.0055
Averaged Test AUC: 0.9233
Std Test Accurancy: 0.1004
Std Test AUC: 0.0422
------------------------- time cost ------------------------- 88.55385828018188

-------------Round number: 157-------------

Evaluate heterogeneous models
Averaged Test Accuracy (Regular Model): 0.6608
Averaged Train Loss (Regular Model): 0.0029
Averaged Test AUC: 0.9231
Std Test Accurancy: 0.0991
Std Test AUC: 0.0423
------------------------- time cost ------------------------- 89.04941582679749

-------------Round number: 158-------------

Evaluate heterogeneous models
Averaged Test Accuracy (Regular Model): 0.6606
Averaged Train Loss (Regular Model): 0.0045
Averaged Test AUC: 0.9229
Std Test Accurancy: 0.0986
Std Test AUC: 0.0418
------------------------- time cost ------------------------- 89.13205051422119

-------------Round number: 159-------------

Evaluate heterogeneous models
Averaged Test Accuracy (Regular Model): 0.6597
Averaged Train Loss (Regular Model): 0.0105
Averaged Test AUC: 0.9236
Std Test Accurancy: 0.0972
Std Test AUC: 0.0414
------------------------- time cost ------------------------- 87.04430818557739

-------------Round number: 160-------------

Evaluate heterogeneous models
Averaged Test Accuracy (Regular Model): 0.6561
Averaged Train Loss (Regular Model): 0.0052
Averaged Test AUC: 0.9230
Std Test Accurancy: 0.0983
Std Test AUC: 0.0417
------------------------- time cost ------------------------- 88.00118088722229

-------------Round number: 161-------------

Evaluate heterogeneous models
Averaged Test Accuracy (Regular Model): 0.6601
Averaged Train Loss (Regular Model): 0.0090
Averaged Test AUC: 0.9228
Std Test Accurancy: 0.0989
Std Test AUC: 0.0422
