==================================================
goal = test
device = cuda
device_id = 0
dataset = Cifar10_dir_0.3_imbalance_40
num_classes = 10
model_family = HtFE8
batch_size = 256
local_learning_rate = 0.06
use_decay_scheduler = False
learning_rate_decay = False
learning_rate_decay_gamma = 0.99
global_rounds = 200
edge_epochs = 1
local_epochs = 5
algorithm = FedGen
join_ratio = 1.0
random_join_ratio = False
num_clients = 40
num_edges = 10
prev = 0
times = 1
eval_gap = 1
save_folder_name = temp
auto_break = False
feature_dim = 512
vocab_size = 98635
max_len = 200
client_drop_rate = 0.0
train_slow_rate = 0.0
send_slow_rate = 0.0
time_select = False
time_threthold = 10000
optimizer = SGD
lamda = 1
weight_decay = 0
trans_delay_simulate = False
momentum = 0.8
agg_type = 0
buffersize = 10
gl_use_clients = 1
test_useglclassifier = 1
gamma = 1
drawtsne = 1
drawround = 20
noise_dim = 512
generator_learning_rate = 0.0001
hidden_dim = 512
server_epochs = 100
alpha = 1.0
beta = 1.0
mentee_learning_rate = 0.005
T_start = 0.95
T_end = 0.98
server_learning_rate = 0.01
margin_threthold = 100.0
generator_path = stylegan/stylegan-xl-models/imagenet64.pkl
stable_diffusion_prompt = a cat
server_batch_size = 100
gen_batch_size = 4
mu = 50.0
==================================================
Random seed set as 42

============= Running time: 0th =============
Creating server and clients ...
FedAvgCNN(in_features=3, num_classes=args.num_classes, dim=1600)
torchvision.models.googlenet(pretrained=False, aux_logits=False, num_classes=args.num_classes)
mobilenet_v2(pretrained=False, num_classes=args.num_classes)
torchvision.models.resnet18(pretrained=False, num_classes=args.num_classes)
torchvision.models.resnet34(pretrained=False, num_classes=args.num_classes)
torchvision.models.resnet50(pretrained=False, num_classes=args.num_classes)
torchvision.models.resnet101(pretrained=False, num_classes=args.num_classes)
torchvision.models.resnet152(pretrained=False, num_classes=args.num_classes)
FedAvgCNN(in_features=3, num_classes=args.num_classes, dim=1600) model chosen!
id 0
label_counts: defaultdict(<class 'int'>, {6: 81, 7: 315, 3: 373, 1: 43, 4: 168, 8: 37, 2: 1, 5: 2, 9: 2, 0: 2})
torchvision.models.googlenet(pretrained=False, aux_logits=False, num_classes=args.num_classes) model chosen!
id 1
label_counts: defaultdict(<class 'int'>, {2: 742, 4: 275, 0: 5, 3: 2})
mobilenet_v2(pretrained=False, num_classes=args.num_classes) model chosen!
id 2
label_counts: defaultdict(<class 'int'>, {5: 94, 9: 40, 4: 121, 8: 106, 6: 31, 2: 66, 1: 8, 7: 29, 0: 16, 3: 1})
torchvision.models.resnet18(pretrained=False, num_classes=args.num_classes) model chosen!
id 3
label_counts: defaultdict(<class 'int'>, {9: 341, 4: 87, 5: 389, 8: 32, 7: 413, 2: 15, 0: 3})
torchvision.models.resnet34(pretrained=False, num_classes=args.num_classes) model chosen!
id 4
label_counts: defaultdict(<class 'int'>, {8: 153, 2: 525, 3: 75, 7: 25, 5: 209, 1: 3, 4: 17, 0: 17})
torchvision.models.resnet50(pretrained=False, num_classes=args.num_classes) model chosen!
id 5
label_counts: defaultdict(<class 'int'>, {0: 708, 5: 482, 1: 61, 3: 29})
torchvision.models.resnet101(pretrained=False, num_classes=args.num_classes) model chosen!
id 6
label_counts: defaultdict(<class 'int'>, {3: 350, 6: 147, 8: 128, 9: 38, 0: 87, 1: 14, 2: 1, 4: 2, 7: 1})
torchvision.models.resnet152(pretrained=False, num_classes=args.num_classes) model chosen!
id 7
label_counts: defaultdict(<class 'int'>, {9: 1383, 4: 314, 3: 104, 2: 72, 0: 72, 7: 73, 5: 24, 1: 6})
FedAvgCNN(in_features=3, num_classes=args.num_classes, dim=1600) model chosen!
id 8
label_counts: defaultdict(<class 'int'>, {4: 360, 1: 12, 3: 74, 8: 137, 0: 3, 2: 93, 7: 74, 9: 10, 6: 4, 5: 1})
torchvision.models.googlenet(pretrained=False, aux_logits=False, num_classes=args.num_classes) model chosen!
id 9
label_counts: defaultdict(<class 'int'>, {7: 250, 1: 59, 4: 83, 0: 7, 2: 69, 3: 12, 9: 26, 5: 6})
mobilenet_v2(pretrained=False, num_classes=args.num_classes) model chosen!
id 10
label_counts: defaultdict(<class 'int'>, {8: 852, 0: 790, 4: 102, 1: 16, 3: 11, 2: 10, 6: 6, 5: 5})
torchvision.models.resnet18(pretrained=False, num_classes=args.num_classes) model chosen!
id 11
label_counts: defaultdict(<class 'int'>, {8: 145, 7: 5, 1: 145, 2: 170, 3: 12, 9: 34, 5: 1})
torchvision.models.resnet34(pretrained=False, num_classes=args.num_classes) model chosen!
id 12
label_counts: defaultdict(<class 'int'>, {4: 321, 6: 610, 1: 39, 0: 48, 3: 4, 5: 1, 2: 1})
torchvision.models.resnet50(pretrained=False, num_classes=args.num_classes) model chosen!
id 13
label_counts: defaultdict(<class 'int'>, {0: 449, 6: 407, 3: 88, 2: 260, 1: 66, 4: 10})
torchvision.models.resnet101(pretrained=False, num_classes=args.num_classes) model chosen!
id 14
label_counts: defaultdict(<class 'int'>, {5: 682, 1: 468, 4: 89, 3: 14, 0: 26, 2: 1})
torchvision.models.resnet152(pretrained=False, num_classes=args.num_classes) model chosen!
id 15
label_counts: defaultdict(<class 'int'>, {4: 954, 2: 823, 1: 151, 0: 75, 3: 45})
FedAvgCNN(in_features=3, num_classes=args.num_classes, dim=1600) model chosen!
id 16
label_counts: defaultdict(<class 'int'>, {6: 102, 1: 1, 3: 357, 0: 7, 8: 56, 9: 156, 4: 29, 5: 60})
torchvision.models.googlenet(pretrained=False, aux_logits=False, num_classes=args.num_classes) model chosen!
id 17
label_counts: defaultdict(<class 'int'>, {7: 965, 0: 8, 6: 42, 3: 84, 2: 125, 5: 9, 4: 47})
mobilenet_v2(pretrained=False, num_classes=args.num_classes) model chosen!
id 18
label_counts: defaultdict(<class 'int'>, {0: 245, 5: 167, 1: 176, 4: 75, 3: 49, 7: 7, 8: 45, 6: 3, 2: 1})
torchvision.models.resnet18(pretrained=False, num_classes=args.num_classes) model chosen!
id 19
label_counts: defaultdict(<class 'int'>, {1: 419, 5: 54, 9: 81, 8: 134, 2: 44, 6: 19, 7: 10, 3: 7})
torchvision.models.resnet34(pretrained=False, num_classes=args.num_classes) model chosen!
id 20
label_counts: defaultdict(<class 'int'>, {3: 284, 0: 173, 4: 38, 8: 298, 7: 16, 6: 199, 2: 13, 5: 3})
torchvision.models.resnet50(pretrained=False, num_classes=args.num_classes) model chosen!
id 21
label_counts: defaultdict(<class 'int'>, {1: 259, 0: 409, 5: 39, 4: 123, 2: 70, 3: 89, 8: 31, 9: 2, 6: 2})
torchvision.models.resnet101(pretrained=False, num_classes=args.num_classes) model chosen!
id 22
label_counts: defaultdict(<class 'int'>, {3: 75, 6: 120, 8: 353, 9: 97, 5: 51, 1: 56, 7: 14, 4: 2})
torchvision.models.resnet152(pretrained=False, num_classes=args.num_classes) model chosen!
id 23
label_counts: defaultdict(<class 'int'>, {2: 413, 3: 303, 1: 171, 0: 137})
FedAvgCNN(in_features=3, num_classes=args.num_classes, dim=1600) model chosen!
id 24
label_counts: defaultdict(<class 'int'>, {4: 108, 7: 394, 6: 225, 2: 21, 1: 145, 8: 68, 3: 18, 9: 41, 0: 4})
torchvision.models.googlenet(pretrained=False, aux_logits=False, num_classes=args.num_classes) model chosen!
id 25
label_counts: defaultdict(<class 'int'>, {7: 313, 4: 90, 1: 317, 5: 186, 6: 75, 3: 25, 2: 11, 9: 2, 8: 3, 0: 2})
mobilenet_v2(pretrained=False, num_classes=args.num_classes) model chosen!
id 26
label_counts: defaultdict(<class 'int'>, {9: 803, 0: 249, 3: 104, 5: 51, 8: 52, 1: 16, 6: 2, 4: 3})
torchvision.models.resnet18(pretrained=False, num_classes=args.num_classes) model chosen!
id 27
label_counts: defaultdict(<class 'int'>, {6: 291, 5: 114, 1: 19, 3: 10, 4: 20, 9: 44, 2: 14})
torchvision.models.resnet34(pretrained=False, num_classes=args.num_classes) model chosen!
id 28
label_counts: defaultdict(<class 'int'>, {8: 25, 5: 431, 1: 132, 0: 74, 4: 65, 7: 27, 6: 11, 2: 2, 3: 1})
torchvision.models.resnet50(pretrained=False, num_classes=args.num_classes) model chosen!
id 29
label_counts: defaultdict(<class 'int'>, {5: 328, 7: 802, 1: 41, 6: 43, 4: 10, 3: 48, 2: 8})
torchvision.models.resnet101(pretrained=False, num_classes=args.num_classes) model chosen!
id 30
label_counts: defaultdict(<class 'int'>, {3: 614, 2: 14, 6: 483, 0: 84, 5: 79, 4: 6})
torchvision.models.resnet152(pretrained=False, num_classes=args.num_classes) model chosen!
id 31
label_counts: defaultdict(<class 'int'>, {6: 47, 0: 121, 9: 142, 1: 83, 7: 41, 3: 5, 4: 43, 2: 8, 5: 22})
FedAvgCNN(in_features=3, num_classes=args.num_classes, dim=1600) model chosen!
id 32
label_counts: defaultdict(<class 'int'>, {0: 27, 5: 290, 8: 72, 9: 47, 2: 55, 1: 8, 3: 3, 7: 1, 6: 9})
torchvision.models.googlenet(pretrained=False, aux_logits=False, num_classes=args.num_classes) model chosen!
id 33
label_counts: defaultdict(<class 'int'>, {6: 226, 1: 600, 8: 55, 4: 72, 5: 27, 7: 33, 0: 9, 2: 2})
mobilenet_v2(pretrained=False, num_classes=args.num_classes) model chosen!
id 34
label_counts: defaultdict(<class 'int'>, {8: 744, 6: 172, 4: 26, 1: 189, 3: 119, 7: 25, 2: 5})
torchvision.models.resnet18(pretrained=False, num_classes=args.num_classes) model chosen!
id 35
label_counts: defaultdict(<class 'int'>, {0: 51, 2: 209, 9: 284, 3: 52, 6: 18, 7: 131, 8: 11, 1: 6, 4: 6})
torchvision.models.resnet34(pretrained=False, num_classes=args.num_classes) model chosen!
id 36
label_counts: defaultdict(<class 'int'>, {5: 139, 8: 137, 1: 62, 9: 64, 4: 88, 2: 11, 7: 10, 0: 1})
torchvision.models.resnet50(pretrained=False, num_classes=args.num_classes) model chosen!
id 37
label_counts: defaultdict(<class 'int'>, {1: 133, 0: 86, 4: 65, 6: 405, 9: 17, 3: 38, 7: 7, 5: 11, 2: 6})
torchvision.models.resnet101(pretrained=False, num_classes=args.num_classes) model chosen!
id 38
label_counts: defaultdict(<class 'int'>, {2: 95, 7: 111, 6: 129, 5: 21, 8: 23, 3: 92, 1: 22, 9: 17, 0: 2})
torchvision.models.resnet152(pretrained=False, num_classes=args.num_classes) model chosen!
id 39
label_counts: defaultdict(<class 'int'>, {3: 326, 8: 199, 9: 290, 4: 197, 0: 2, 5: 4, 7: 4, 2: 1, 1: 1})

Join ratio / total clients: 1.0 / 40
Finished creating server and clients.
------------------------- time cost ------------------------- 131.63811349868774

-------------Round number: 0-------------

Evaluate heterogeneous models
Averaged Test Accurancy: 0.4892
Averaged Test AUC: 0.8527
Std Test Accurancy: 0.1544
Std Test AUC: 0.0669
------------------------- time cost ------------------------- 130.42047834396362

-------------Round number: 1-------------

Evaluate heterogeneous models
Averaged Test Accurancy: 0.5688
Averaged Test AUC: 0.8954
Std Test Accurancy: 0.1485
Std Test AUC: 0.0744
------------------------- time cost ------------------------- 129.48187065124512

-------------Round number: 2-------------

Evaluate heterogeneous models
Averaged Test Accurancy: 0.6023
Averaged Test AUC: 0.9082
Std Test Accurancy: 0.1336
Std Test AUC: 0.0603
------------------------- time cost ------------------------- 131.44577836990356

-------------Round number: 3-------------

Evaluate heterogeneous models
Averaged Test Accurancy: 0.6051
Averaged Test AUC: 0.9106
Std Test Accurancy: 0.1295
Std Test AUC: 0.0522
------------------------- time cost ------------------------- 129.92960739135742

-------------Round number: 4-------------

Evaluate heterogeneous models
Averaged Test Accurancy: 0.6121
Averaged Test AUC: 0.9044
Std Test Accurancy: 0.1252
Std Test AUC: 0.0549
------------------------- time cost ------------------------- 131.40441131591797

-------------Round number: 5-------------

Evaluate heterogeneous models
Averaged Test Accurancy: 0.6178
Averaged Test AUC: 0.9018
Std Test Accurancy: 0.1178
Std Test AUC: 0.0510
------------------------- time cost ------------------------- 130.46978664398193

-------------Round number: 6-------------

Evaluate heterogeneous models
Averaged Test Accurancy: 0.6279
Averaged Test AUC: 0.8935
Std Test Accurancy: 0.1111
Std Test AUC: 0.0473
------------------------- time cost ------------------------- 131.21227288246155

-------------Round number: 7-------------

Evaluate heterogeneous models
Averaged Test Accurancy: 0.6298
Averaged Test AUC: 0.8905
Std Test Accurancy: 0.0948
Std Test AUC: 0.0505
------------------------- time cost ------------------------- 131.00968503952026

-------------Round number: 8-------------

Evaluate heterogeneous models
Averaged Test Accurancy: 0.6314
Averaged Test AUC: 0.8886
Std Test Accurancy: 0.0935
Std Test AUC: 0.0484
------------------------- time cost ------------------------- 132.06511688232422

-------------Round number: 9-------------

Evaluate heterogeneous models
Averaged Test Accurancy: 0.6319
Averaged Test AUC: 0.8857
Std Test Accurancy: 0.0960
Std Test AUC: 0.0485
------------------------- time cost ------------------------- 131.31948041915894

-------------Round number: 10-------------

Evaluate heterogeneous models
Averaged Test Accurancy: 0.6360
Averaged Test AUC: 0.8820
Std Test Accurancy: 0.1060
Std Test AUC: 0.0518
------------------------- time cost ------------------------- 131.0482997894287

-------------Round number: 11-------------

Evaluate heterogeneous models
Averaged Test Accurancy: 0.6357
Averaged Test AUC: 0.8799
Std Test Accurancy: 0.1004
Std Test AUC: 0.0509
------------------------- time cost ------------------------- 132.0995635986328

-------------Round number: 12-------------

Evaluate heterogeneous models
Averaged Test Accurancy: 0.6398
Averaged Test AUC: 0.8784
Std Test Accurancy: 0.1043
Std Test AUC: 0.0458
------------------------- time cost ------------------------- 130.25667238235474

-------------Round number: 13-------------

Evaluate heterogeneous models
Averaged Test Accurancy: 0.6434
Averaged Test AUC: 0.8799
Std Test Accurancy: 0.0957
Std Test AUC: 0.0476
------------------------- time cost ------------------------- 131.10847520828247

-------------Round number: 14-------------

Evaluate heterogeneous models
Averaged Test Accurancy: 0.6414
Averaged Test AUC: 0.8769
Std Test Accurancy: 0.1023
Std Test AUC: 0.0490
------------------------- time cost ------------------------- 131.58676481246948

-------------Round number: 15-------------

Evaluate heterogeneous models
Averaged Test Accurancy: 0.6364
Averaged Test AUC: 0.8767
Std Test Accurancy: 0.1029
Std Test AUC: 0.0527
------------------------- time cost ------------------------- 132.78018999099731

-------------Round number: 16-------------

Evaluate heterogeneous models
Averaged Test Accurancy: 0.6416
Averaged Test AUC: 0.8800
Std Test Accurancy: 0.0973
Std Test AUC: 0.0484
------------------------- time cost ------------------------- 131.10135078430176

-------------Round number: 17-------------

Evaluate heterogeneous models
Averaged Test Accurancy: 0.6459
Averaged Test AUC: 0.8792
Std Test Accurancy: 0.0938
Std Test AUC: 0.0520
------------------------- time cost ------------------------- 132.73035764694214

-------------Round number: 18-------------

Evaluate heterogeneous models
Averaged Test Accurancy: 0.6413
Averaged Test AUC: 0.8786
Std Test Accurancy: 0.0926
Std Test AUC: 0.0481
------------------------- time cost ------------------------- 132.60873460769653

-------------Round number: 19-------------

Evaluate heterogeneous models
Averaged Test Accurancy: 0.6429
Averaged Test AUC: 0.8750
Std Test Accurancy: 0.0962
Std Test AUC: 0.0511
------------------------- time cost ------------------------- 131.44889187812805

-------------Round number: 20-------------

Evaluate heterogeneous models
Averaged Test Accurancy: 0.6458
Averaged Test AUC: 0.8761
Std Test Accurancy: 0.0979
Std Test AUC: 0.0521
------------------------- time cost ------------------------- 132.74371790885925

-------------Round number: 21-------------

Evaluate heterogeneous models
Averaged Test Accurancy: 0.6474
Averaged Test AUC: 0.8767
Std Test Accurancy: 0.0927
Std Test AUC: 0.0499
------------------------- time cost ------------------------- 132.9314203262329

-------------Round number: 22-------------

Evaluate heterogeneous models
Averaged Test Accurancy: 0.6479
Averaged Test AUC: 0.8772
Std Test Accurancy: 0.0941
Std Test AUC: 0.0521
------------------------- time cost ------------------------- 132.16525745391846

-------------Round number: 23-------------

Evaluate heterogeneous models
Averaged Test Accurancy: 0.6469
Averaged Test AUC: 0.8786
Std Test Accurancy: 0.0974
Std Test AUC: 0.0476
------------------------- time cost ------------------------- 132.1366937160492

-------------Round number: 24-------------

Evaluate heterogeneous models
Averaged Test Accurancy: 0.6500
Averaged Test AUC: 0.8759
Std Test Accurancy: 0.0951
Std Test AUC: 0.0499
------------------------- time cost ------------------------- 132.58235836029053

-------------Round number: 25-------------

Evaluate heterogeneous models
Averaged Test Accurancy: 0.6498
Averaged Test AUC: 0.8763
Std Test Accurancy: 0.0962
Std Test AUC: 0.0549
------------------------- time cost ------------------------- 131.10044527053833

-------------Round number: 26-------------

Evaluate heterogeneous models
Averaged Test Accurancy: 0.6485
Averaged Test AUC: 0.8772
Std Test Accurancy: 0.0977
Std Test AUC: 0.0519
------------------------- time cost ------------------------- 130.9112253189087

-------------Round number: 27-------------

Evaluate heterogeneous models
Averaged Test Accurancy: 0.6505
Averaged Test AUC: 0.8769
Std Test Accurancy: 0.0923
Std Test AUC: 0.0493
------------------------- time cost ------------------------- 132.7958266735077

-------------Round number: 28-------------

Evaluate heterogeneous models
Averaged Test Accurancy: 0.6490
Averaged Test AUC: 0.8762
Std Test Accurancy: 0.0934
Std Test AUC: 0.0460
------------------------- time cost ------------------------- 131.20757961273193

-------------Round number: 29-------------

Evaluate heterogeneous models
Averaged Test Accurancy: 0.6503
Averaged Test AUC: 0.8772
Std Test Accurancy: 0.0966
Std Test AUC: 0.0460
------------------------- time cost ------------------------- 132.43059968948364

-------------Round number: 30-------------

Evaluate heterogeneous models
Averaged Test Accurancy: 0.6506
Averaged Test AUC: 0.8767
Std Test Accurancy: 0.0922
Std Test AUC: 0.0458
------------------------- time cost ------------------------- 130.6400010585785

-------------Round number: 31-------------

Evaluate heterogeneous models
Averaged Test Accurancy: 0.6505
Averaged Test AUC: 0.8758
Std Test Accurancy: 0.0934
Std Test AUC: 0.0462
------------------------- time cost ------------------------- 133.66609835624695

-------------Round number: 32-------------

Evaluate heterogeneous models
Averaged Test Accurancy: 0.6488
Averaged Test AUC: 0.8782
Std Test Accurancy: 0.0946
Std Test AUC: 0.0484
------------------------- time cost ------------------------- 133.3296525478363

-------------Round number: 33-------------

Evaluate heterogeneous models
Averaged Test Accurancy: 0.6482
Averaged Test AUC: 0.8774
Std Test Accurancy: 0.0951
Std Test AUC: 0.0473
------------------------- time cost ------------------------- 134.33258843421936

-------------Round number: 34-------------

Evaluate heterogeneous models
Averaged Test Accurancy: 0.6488
Averaged Test AUC: 0.8776
Std Test Accurancy: 0.0982
Std Test AUC: 0.0482
------------------------- time cost ------------------------- 135.46258115768433

-------------Round number: 35-------------

Evaluate heterogeneous models
Averaged Test Accurancy: 0.6472
Averaged Test AUC: 0.8793
Std Test Accurancy: 0.0952
Std Test AUC: 0.0471
------------------------- time cost ------------------------- 131.53858852386475

-------------Round number: 36-------------

Evaluate heterogeneous models
Averaged Test Accurancy: 0.6504
Averaged Test AUC: 0.8773
Std Test Accurancy: 0.0958
Std Test AUC: 0.0481
------------------------- time cost ------------------------- 132.17144322395325

-------------Round number: 37-------------

Evaluate heterogeneous models
Averaged Test Accurancy: 0.6519
Averaged Test AUC: 0.8798
Std Test Accurancy: 0.0945
Std Test AUC: 0.0471
------------------------- time cost ------------------------- 131.03282380104065

-------------Round number: 38-------------

Evaluate heterogeneous models
Averaged Test Accurancy: 0.6528
Averaged Test AUC: 0.8796
Std Test Accurancy: 0.0961
Std Test AUC: 0.0492
------------------------- time cost ------------------------- 129.9303388595581

-------------Round number: 39-------------

Evaluate heterogeneous models
Averaged Test Accurancy: 0.6519
Averaged Test AUC: 0.8793
Std Test Accurancy: 0.0940
Std Test AUC: 0.0487
------------------------- time cost ------------------------- 130.2412850856781

-------------Round number: 40-------------

Evaluate heterogeneous models
Averaged Test Accurancy: 0.6505
Averaged Test AUC: 0.8784
Std Test Accurancy: 0.0937
Std Test AUC: 0.0481
------------------------- time cost ------------------------- 129.49173045158386

-------------Round number: 41-------------

Evaluate heterogeneous models
Averaged Test Accurancy: 0.6513
Averaged Test AUC: 0.8783
Std Test Accurancy: 0.0953
Std Test AUC: 0.0472
------------------------- time cost ------------------------- 129.33918976783752

-------------Round number: 42-------------

Evaluate heterogeneous models
Averaged Test Accurancy: 0.6541
Averaged Test AUC: 0.8802
Std Test Accurancy: 0.0958
Std Test AUC: 0.0481
------------------------- time cost ------------------------- 128.86002802848816

-------------Round number: 43-------------

Evaluate heterogeneous models
Averaged Test Accurancy: 0.6499
Averaged Test AUC: 0.8795
Std Test Accurancy: 0.0945
Std Test AUC: 0.0484
------------------------- time cost ------------------------- 130.98638558387756

-------------Round number: 44-------------

Evaluate heterogeneous models
Averaged Test Accurancy: 0.6518
Averaged Test AUC: 0.8801
Std Test Accurancy: 0.0951
Std Test AUC: 0.0485
------------------------- time cost ------------------------- 131.11672186851501

-------------Round number: 45-------------

Evaluate heterogeneous models
Averaged Test Accurancy: 0.6515
Averaged Test AUC: 0.8802
Std Test Accurancy: 0.0946
Std Test AUC: 0.0485
------------------------- time cost ------------------------- 130.9375205039978

-------------Round number: 46-------------

Evaluate heterogeneous models
Averaged Test Accurancy: 0.6535
Averaged Test AUC: 0.8799
Std Test Accurancy: 0.0957
Std Test AUC: 0.0490
------------------------- time cost ------------------------- 131.37392568588257

-------------Round number: 47-------------

Evaluate heterogeneous models
Averaged Test Accurancy: 0.6525
Averaged Test AUC: 0.8793
Std Test Accurancy: 0.0945
Std Test AUC: 0.0482
------------------------- time cost ------------------------- 130.064546585083

-------------Round number: 48-------------

Evaluate heterogeneous models
Averaged Test Accurancy: 0.6519
Averaged Test AUC: 0.8791
Std Test Accurancy: 0.0948
Std Test AUC: 0.0481
------------------------- time cost ------------------------- 130.70984292030334

-------------Round number: 49-------------

Evaluate heterogeneous models
Averaged Test Accurancy: 0.6509
Averaged Test AUC: 0.8781
Std Test Accurancy: 0.0958
Std Test AUC: 0.0481
------------------------- time cost ------------------------- 129.14457273483276

-------------Round number: 50-------------

Evaluate heterogeneous models
Averaged Test Accurancy: 0.6504
Averaged Test AUC: 0.8774
Std Test Accurancy: 0.0948
Std Test AUC: 0.0488
------------------------- time cost ------------------------- 130.07018494606018

-------------Round number: 51-------------

Evaluate heterogeneous models
Averaged Test Accurancy: 0.6516
Averaged Test AUC: 0.8789
Std Test Accurancy: 0.0949
Std Test AUC: 0.0483
------------------------- time cost ------------------------- 130.0363688468933

-------------Round number: 52-------------

Evaluate heterogeneous models
Averaged Test Accurancy: 0.6512
Averaged Test AUC: 0.8773
Std Test Accurancy: 0.0945
Std Test AUC: 0.0467
------------------------- time cost ------------------------- 132.19108295440674

-------------Round number: 53-------------

Evaluate heterogeneous models
Averaged Test Accurancy: 0.6515
Averaged Test AUC: 0.8785
Std Test Accurancy: 0.0964
Std Test AUC: 0.0487
------------------------- time cost ------------------------- 130.103661775589

-------------Round number: 54-------------

Evaluate heterogeneous models
Averaged Test Accurancy: 0.6518
Averaged Test AUC: 0.8780
Std Test Accurancy: 0.0958
Std Test AUC: 0.0510
------------------------- time cost ------------------------- 128.45222210884094

-------------Round number: 55-------------

Evaluate heterogeneous models
Averaged Test Accurancy: 0.6521
Averaged Test AUC: 0.8791
Std Test Accurancy: 0.0985
Std Test AUC: 0.0487
------------------------- time cost ------------------------- 132.74024152755737

-------------Round number: 56-------------

Evaluate heterogeneous models
Averaged Test Accurancy: 0.6533
Averaged Test AUC: 0.8792
Std Test Accurancy: 0.0978
Std Test AUC: 0.0484
------------------------- time cost ------------------------- 130.97225189208984

-------------Round number: 57-------------

Evaluate heterogeneous models
Averaged Test Accurancy: 0.6501
Averaged Test AUC: 0.8811
Std Test Accurancy: 0.0981
Std Test AUC: 0.0486
------------------------- time cost ------------------------- 131.1665198802948

-------------Round number: 58-------------

Evaluate heterogeneous models
Averaged Test Accurancy: 0.6520
Averaged Test AUC: 0.8818
Std Test Accurancy: 0.0977
Std Test AUC: 0.0499
------------------------- time cost ------------------------- 130.74078059196472

-------------Round number: 59-------------

Evaluate heterogeneous models
Averaged Test Accurancy: 0.6560
Averaged Test AUC: 0.8820
Std Test Accurancy: 0.0965
Std Test AUC: 0.0484
------------------------- time cost ------------------------- 130.38519310951233

-------------Round number: 60-------------

Evaluate heterogeneous models
Averaged Test Accurancy: 0.6538
Averaged Test AUC: 0.8820
Std Test Accurancy: 0.0956
Std Test AUC: 0.0490
------------------------- time cost ------------------------- 130.09893894195557

-------------Round number: 61-------------

Evaluate heterogeneous models
Averaged Test Accurancy: 0.6542
Averaged Test AUC: 0.8820
Std Test Accurancy: 0.0981
Std Test AUC: 0.0499
------------------------- time cost ------------------------- 128.8649742603302

-------------Round number: 62-------------

Evaluate heterogeneous models
Averaged Test Accurancy: 0.6530
Averaged Test AUC: 0.8806
Std Test Accurancy: 0.0953
Std Test AUC: 0.0489
------------------------- time cost ------------------------- 128.17996215820312

-------------Round number: 63-------------

Evaluate heterogeneous models
Averaged Test Accurancy: 0.6535
Averaged Test AUC: 0.8832
Std Test Accurancy: 0.0978
Std Test AUC: 0.0497
------------------------- time cost ------------------------- 129.45212316513062

-------------Round number: 64-------------

Evaluate heterogeneous models
Averaged Test Accurancy: 0.6528
Averaged Test AUC: 0.8826
Std Test Accurancy: 0.0963
Std Test AUC: 0.0479
------------------------- time cost ------------------------- 128.502272605896

-------------Round number: 65-------------

Evaluate heterogeneous models
Averaged Test Accurancy: 0.6516
Averaged Test AUC: 0.8815
Std Test Accurancy: 0.0973
Std Test AUC: 0.0492
------------------------- time cost ------------------------- 128.6723051071167

-------------Round number: 66-------------

Evaluate heterogeneous models
Averaged Test Accurancy: 0.6557
Averaged Test AUC: 0.8826
Std Test Accurancy: 0.0969
Std Test AUC: 0.0496
------------------------- time cost ------------------------- 129.51020050048828

-------------Round number: 67-------------

Evaluate heterogeneous models
Averaged Test Accurancy: 0.6531
Averaged Test AUC: 0.8825
Std Test Accurancy: 0.0953
Std Test AUC: 0.0492
------------------------- time cost ------------------------- 129.54812216758728

-------------Round number: 68-------------

Evaluate heterogeneous models
Averaged Test Accurancy: 0.6553
Averaged Test AUC: 0.8825
Std Test Accurancy: 0.0940
Std Test AUC: 0.0490
------------------------- time cost ------------------------- 128.59779262542725

-------------Round number: 69-------------

Evaluate heterogeneous models
Averaged Test Accurancy: 0.6563
Averaged Test AUC: 0.8824
Std Test Accurancy: 0.0946
Std Test AUC: 0.0487
------------------------- time cost ------------------------- 128.4378855228424

-------------Round number: 70-------------

Evaluate heterogeneous models
Averaged Test Accurancy: 0.6555
Averaged Test AUC: 0.8824
Std Test Accurancy: 0.0967
Std Test AUC: 0.0498
------------------------- time cost ------------------------- 128.91381120681763

-------------Round number: 71-------------

Evaluate heterogeneous models
Averaged Test Accurancy: 0.6577
Averaged Test AUC: 0.8818
Std Test Accurancy: 0.0965
Std Test AUC: 0.0505
------------------------- time cost ------------------------- 128.01017880439758

-------------Round number: 72-------------

Evaluate heterogeneous models
Averaged Test Accurancy: 0.6556
Averaged Test AUC: 0.8810
Std Test Accurancy: 0.0967
Std Test AUC: 0.0502
------------------------- time cost ------------------------- 128.3497714996338

-------------Round number: 73-------------

Evaluate heterogeneous models
Averaged Test Accurancy: 0.6554
Averaged Test AUC: 0.8801
Std Test Accurancy: 0.0943
Std Test AUC: 0.0491
------------------------- time cost ------------------------- 128.740154504776

-------------Round number: 74-------------

Evaluate heterogeneous models
Averaged Test Accurancy: 0.6572
Averaged Test AUC: 0.8805
Std Test Accurancy: 0.0943
Std Test AUC: 0.0501
------------------------- time cost ------------------------- 128.94318532943726

-------------Round number: 75-------------

Evaluate heterogeneous models
Averaged Test Accurancy: 0.6583
Averaged Test AUC: 0.8800
Std Test Accurancy: 0.0944
Std Test AUC: 0.0496
------------------------- time cost ------------------------- 129.1581289768219

-------------Round number: 76-------------

Evaluate heterogeneous models
Averaged Test Accurancy: 0.6561
Averaged Test AUC: 0.8798
Std Test Accurancy: 0.0944
Std Test AUC: 0.0498
------------------------- time cost ------------------------- 129.08854460716248

-------------Round number: 77-------------

Evaluate heterogeneous models
Averaged Test Accurancy: 0.6561
Averaged Test AUC: 0.8800
Std Test Accurancy: 0.0947
Std Test AUC: 0.0475
------------------------- time cost ------------------------- 129.4302875995636

-------------Round number: 78-------------

Evaluate heterogeneous models
Averaged Test Accurancy: 0.6554
Averaged Test AUC: 0.8802
Std Test Accurancy: 0.0932
Std Test AUC: 0.0482
------------------------- time cost ------------------------- 129.78298902511597

-------------Round number: 79-------------

Evaluate heterogeneous models
Averaged Test Accurancy: 0.6561
Averaged Test AUC: 0.8803
Std Test Accurancy: 0.0934
Std Test AUC: 0.0482
------------------------- time cost ------------------------- 129.35113382339478

-------------Round number: 80-------------

Evaluate heterogeneous models
Averaged Test Accurancy: 0.6553
Averaged Test AUC: 0.8800
Std Test Accurancy: 0.0930
Std Test AUC: 0.0480
------------------------- time cost ------------------------- 129.9349467754364

-------------Round number: 81-------------

Evaluate heterogeneous models
Averaged Test Accurancy: 0.6559
Averaged Test AUC: 0.8795
Std Test Accurancy: 0.0940
Std Test AUC: 0.0481
------------------------- time cost ------------------------- 130.15714812278748

-------------Round number: 82-------------

Evaluate heterogeneous models
Averaged Test Accurancy: 0.6544
Averaged Test AUC: 0.8797
Std Test Accurancy: 0.0937
Std Test AUC: 0.0486
------------------------- time cost ------------------------- 130.5185284614563

-------------Round number: 83-------------

Evaluate heterogeneous models
Averaged Test Accurancy: 0.6563
Averaged Test AUC: 0.8802
Std Test Accurancy: 0.0934
Std Test AUC: 0.0484
------------------------- time cost ------------------------- 131.48621892929077

-------------Round number: 84-------------

Evaluate heterogeneous models
Averaged Test Accurancy: 0.6554
Averaged Test AUC: 0.8794
Std Test Accurancy: 0.0945
Std Test AUC: 0.0492
------------------------- time cost ------------------------- 129.54594945907593

-------------Round number: 85-------------

Evaluate heterogeneous models
Averaged Test Accurancy: 0.6559
Averaged Test AUC: 0.8787
Std Test Accurancy: 0.0924
Std Test AUC: 0.0485
------------------------- time cost ------------------------- 129.40183639526367

-------------Round number: 86-------------

Evaluate heterogeneous models
Averaged Test Accurancy: 0.6557
Averaged Test AUC: 0.8791
Std Test Accurancy: 0.0931
Std Test AUC: 0.0484
------------------------- time cost ------------------------- 129.76514506340027

-------------Round number: 87-------------

Evaluate heterogeneous models
Averaged Test Accurancy: 0.6550
Averaged Test AUC: 0.8792
Std Test Accurancy: 0.0910
Std Test AUC: 0.0483
------------------------- time cost ------------------------- 129.23593497276306

-------------Round number: 88-------------

Evaluate heterogeneous models
Averaged Test Accurancy: 0.6553
Averaged Test AUC: 0.8795
Std Test Accurancy: 0.0915
Std Test AUC: 0.0482
------------------------- time cost ------------------------- 129.04919362068176

-------------Round number: 89-------------

Evaluate heterogeneous models
Averaged Test Accurancy: 0.6561
Averaged Test AUC: 0.8793
Std Test Accurancy: 0.0937
Std Test AUC: 0.0487
------------------------- time cost ------------------------- 129.56140160560608

-------------Round number: 90-------------

Evaluate heterogeneous models
Averaged Test Accurancy: 0.6557
Averaged Test AUC: 0.8792
Std Test Accurancy: 0.0927
Std Test AUC: 0.0487
------------------------- time cost ------------------------- 130.50478196144104

-------------Round number: 91-------------

Evaluate heterogeneous models
Averaged Test Accurancy: 0.6549
Averaged Test AUC: 0.8793
Std Test Accurancy: 0.0921
Std Test AUC: 0.0484
------------------------- time cost ------------------------- 129.26065158843994

-------------Round number: 92-------------

Evaluate heterogeneous models
Averaged Test Accurancy: 0.6555
Averaged Test AUC: 0.8793
Std Test Accurancy: 0.0924
Std Test AUC: 0.0484
------------------------- time cost ------------------------- 129.4601011276245

-------------Round number: 93-------------

Evaluate heterogeneous models
Averaged Test Accurancy: 0.6551
Averaged Test AUC: 0.8791
Std Test Accurancy: 0.0920
Std Test AUC: 0.0485
------------------------- time cost ------------------------- 129.42799711227417

-------------Round number: 94-------------

Evaluate heterogeneous models
Averaged Test Accurancy: 0.6557
Averaged Test AUC: 0.8794
Std Test Accurancy: 0.0917
Std Test AUC: 0.0482
------------------------- time cost ------------------------- 128.61348247528076

-------------Round number: 95-------------

Evaluate heterogeneous models
Averaged Test Accurancy: 0.6556
Averaged Test AUC: 0.8794
Std Test Accurancy: 0.0924
Std Test AUC: 0.0489
------------------------- time cost ------------------------- 128.89667320251465

-------------Round number: 96-------------

Evaluate heterogeneous models
Averaged Test Accurancy: 0.6559
Averaged Test AUC: 0.8793
Std Test Accurancy: 0.0926
Std Test AUC: 0.0486
------------------------- time cost ------------------------- 129.10890913009644

-------------Round number: 97-------------

Evaluate heterogeneous models
Averaged Test Accurancy: 0.6559
Averaged Test AUC: 0.8792
Std Test Accurancy: 0.0923
Std Test AUC: 0.0483
------------------------- time cost ------------------------- 128.20053958892822

-------------Round number: 98-------------

Evaluate heterogeneous models
Averaged Test Accurancy: 0.6550
Averaged Test AUC: 0.8791
Std Test Accurancy: 0.0933
Std Test AUC: 0.0484
------------------------- time cost ------------------------- 128.53956604003906

-------------Round number: 99-------------

Evaluate heterogeneous models
Averaged Test Accurancy: 0.6579
Averaged Test AUC: 0.8800
Std Test Accurancy: 0.0910
Std Test AUC: 0.0481
------------------------- time cost ------------------------- 128.3066644668579

-------------Round number: 100-------------

Evaluate heterogeneous models
Averaged Test Accurancy: 0.6559
Averaged Test AUC: 0.8799
Std Test Accurancy: 0.0906
Std Test AUC: 0.0481
------------------------- time cost ------------------------- 130.09065890312195

-------------Round number: 101-------------

Evaluate heterogeneous models
Averaged Test Accurancy: 0.6555
Averaged Test AUC: 0.8801
Std Test Accurancy: 0.0917
Std Test AUC: 0.0480
------------------------- time cost ------------------------- 129.5883753299713

-------------Round number: 102-------------

Evaluate heterogeneous models
Averaged Test Accurancy: 0.6559
Averaged Test AUC: 0.8795
Std Test Accurancy: 0.0899
Std Test AUC: 0.0483
------------------------- time cost ------------------------- 128.08982300758362

-------------Round number: 103-------------

Evaluate heterogeneous models
Averaged Test Accurancy: 0.6566
Averaged Test AUC: 0.8794
Std Test Accurancy: 0.0943
Std Test AUC: 0.0487
------------------------- time cost ------------------------- 128.6550977230072

-------------Round number: 104-------------

Evaluate heterogeneous models
Averaged Test Accurancy: 0.6547
Averaged Test AUC: 0.8791
Std Test Accurancy: 0.0931
Std Test AUC: 0.0482
------------------------- time cost ------------------------- 131.51827430725098

-------------Round number: 105-------------

Evaluate heterogeneous models
Averaged Test Accurancy: 0.6551
Averaged Test AUC: 0.8796
Std Test Accurancy: 0.0913
Std Test AUC: 0.0489
------------------------- time cost ------------------------- 129.31033563613892

-------------Round number: 106-------------

Evaluate heterogeneous models
Averaged Test Accurancy: 0.6543
Averaged Test AUC: 0.8795
Std Test Accurancy: 0.0921
Std Test AUC: 0.0489
------------------------- time cost ------------------------- 129.6724226474762

-------------Round number: 107-------------

Evaluate heterogeneous models
Averaged Test Accurancy: 0.6564
Averaged Test AUC: 0.8798
Std Test Accurancy: 0.0917
Std Test AUC: 0.0487
------------------------- time cost ------------------------- 129.809809923172

-------------Round number: 108-------------

Evaluate heterogeneous models
Averaged Test Accurancy: 0.6565
Averaged Test AUC: 0.8796
Std Test Accurancy: 0.0920
Std Test AUC: 0.0489
------------------------- time cost ------------------------- 130.17187356948853

-------------Round number: 109-------------

Evaluate heterogeneous models
Averaged Test Accurancy: 0.6582
Averaged Test AUC: 0.8799
Std Test Accurancy: 0.0920
Std Test AUC: 0.0486
------------------------- time cost ------------------------- 130.05299282073975

-------------Round number: 110-------------

Evaluate heterogeneous models
Averaged Test Accurancy: 0.6576
Averaged Test AUC: 0.8800
Std Test Accurancy: 0.0926
Std Test AUC: 0.0490
------------------------- time cost ------------------------- 130.3663833141327

-------------Round number: 111-------------

Evaluate heterogeneous models
Averaged Test Accurancy: 0.6565
Averaged Test AUC: 0.8796
Std Test Accurancy: 0.0920
Std Test AUC: 0.0491
------------------------- time cost ------------------------- 129.77820992469788

-------------Round number: 112-------------

Evaluate heterogeneous models
Averaged Test Accurancy: 0.6572
Averaged Test AUC: 0.8801
Std Test Accurancy: 0.0927
Std Test AUC: 0.0486
------------------------- time cost ------------------------- 129.47391200065613

-------------Round number: 113-------------

Evaluate heterogeneous models
Averaged Test Accurancy: 0.6577
Averaged Test AUC: 0.8802
Std Test Accurancy: 0.0910
Std Test AUC: 0.0481
------------------------- time cost ------------------------- 129.00730800628662

-------------Round number: 114-------------

Evaluate heterogeneous models
Averaged Test Accurancy: 0.6554
Averaged Test AUC: 0.8793
Std Test Accurancy: 0.0937
Std Test AUC: 0.0485
------------------------- time cost ------------------------- 130.64419102668762

-------------Round number: 115-------------

Evaluate heterogeneous models
Averaged Test Accurancy: 0.6557
Averaged Test AUC: 0.8797
Std Test Accurancy: 0.0928
Std Test AUC: 0.0479
------------------------- time cost ------------------------- 127.73110055923462

-------------Round number: 116-------------

Evaluate heterogeneous models
Averaged Test Accurancy: 0.6571
Averaged Test AUC: 0.8796
Std Test Accurancy: 0.0922
Std Test AUC: 0.0477
------------------------- time cost ------------------------- 128.27132987976074

-------------Round number: 117-------------

Evaluate heterogeneous models
Averaged Test Accurancy: 0.6563
Averaged Test AUC: 0.8796
Std Test Accurancy: 0.0934
Std Test AUC: 0.0495
------------------------- time cost ------------------------- 129.3729968070984

-------------Round number: 118-------------

Evaluate heterogeneous models
Averaged Test Accurancy: 0.6563
Averaged Test AUC: 0.8793
Std Test Accurancy: 0.0960
Std Test AUC: 0.0495
------------------------- time cost ------------------------- 128.653733253479

-------------Round number: 119-------------

Evaluate heterogeneous models
Averaged Test Accurancy: 0.6558
Averaged Test AUC: 0.8793
Std Test Accurancy: 0.0977
Std Test AUC: 0.0501
------------------------- time cost ------------------------- 130.61985397338867

-------------Round number: 120-------------

Evaluate heterogeneous models
Averaged Test Accurancy: 0.6562
Averaged Test AUC: 0.8784
Std Test Accurancy: 0.0962
Std Test AUC: 0.0516
------------------------- time cost ------------------------- 130.1938660144806

-------------Round number: 121-------------

Evaluate heterogeneous models
Averaged Test Accurancy: 0.6563
Averaged Test AUC: 0.8794
Std Test Accurancy: 0.0950
Std Test AUC: 0.0477
------------------------- time cost ------------------------- 128.8421676158905

-------------Round number: 122-------------

Evaluate heterogeneous models
Averaged Test Accurancy: 0.6564
Averaged Test AUC: 0.8791
Std Test Accurancy: 0.0954
Std Test AUC: 0.0484
------------------------- time cost ------------------------- 128.43540811538696

-------------Round number: 123-------------

Evaluate heterogeneous models
Averaged Test Accurancy: 0.6562
Averaged Test AUC: 0.8796
Std Test Accurancy: 0.0927
Std Test AUC: 0.0478
------------------------- time cost ------------------------- 127.42925262451172

-------------Round number: 124-------------

Evaluate heterogeneous models
Averaged Test Accurancy: 0.6555
Averaged Test AUC: 0.8795
Std Test Accurancy: 0.0938
Std Test AUC: 0.0477
------------------------- time cost ------------------------- 129.28598427772522

-------------Round number: 125-------------

Evaluate heterogeneous models
Averaged Test Accurancy: 0.6577
Averaged Test AUC: 0.8797
Std Test Accurancy: 0.0933
Std Test AUC: 0.0480
------------------------- time cost ------------------------- 128.86837077140808

-------------Round number: 126-------------

Evaluate heterogeneous models
Averaged Test Accurancy: 0.6560
Averaged Test AUC: 0.8793
Std Test Accurancy: 0.0957
Std Test AUC: 0.0480
------------------------- time cost ------------------------- 128.34732151031494

-------------Round number: 127-------------

Evaluate heterogeneous models
Averaged Test Accurancy: 0.6556
Averaged Test AUC: 0.8794
Std Test Accurancy: 0.0957
Std Test AUC: 0.0475
------------------------- time cost ------------------------- 128.47248482704163

-------------Round number: 128-------------

Evaluate heterogeneous models
Averaged Test Accurancy: 0.6553
Averaged Test AUC: 0.8795
Std Test Accurancy: 0.0951
Std Test AUC: 0.0478
------------------------- time cost ------------------------- 127.7541937828064

-------------Round number: 129-------------

Evaluate heterogeneous models
Averaged Test Accurancy: 0.6565
Averaged Test AUC: 0.8795
Std Test Accurancy: 0.0947
Std Test AUC: 0.0476
------------------------- time cost ------------------------- 128.28366589546204

-------------Round number: 130-------------

Evaluate heterogeneous models
Averaged Test Accurancy: 0.6562
Averaged Test AUC: 0.8799
Std Test Accurancy: 0.0945
Std Test AUC: 0.0478
------------------------- time cost ------------------------- 128.29819560050964

-------------Round number: 131-------------

Evaluate heterogeneous models
Averaged Test Accurancy: 0.6566
Averaged Test AUC: 0.8796
Std Test Accurancy: 0.0953
Std Test AUC: 0.0477
------------------------- time cost ------------------------- 129.831933259964

-------------Round number: 132-------------

Evaluate heterogeneous models
Averaged Test Accurancy: 0.6564
Averaged Test AUC: 0.8798
Std Test Accurancy: 0.0947
Std Test AUC: 0.0478
------------------------- time cost ------------------------- 129.25768733024597

-------------Round number: 133-------------

Evaluate heterogeneous models
Averaged Test Accurancy: 0.6553
Averaged Test AUC: 0.8796
Std Test Accurancy: 0.0950
Std Test AUC: 0.0477
------------------------- time cost ------------------------- 127.23978281021118

-------------Round number: 134-------------

Evaluate heterogeneous models
Averaged Test Accurancy: 0.6557
Averaged Test AUC: 0.8801
Std Test Accurancy: 0.0941
Std Test AUC: 0.0477
------------------------- time cost ------------------------- 128.96266078948975

-------------Round number: 135-------------

Evaluate heterogeneous models
Averaged Test Accurancy: 0.6563
Averaged Test AUC: 0.8796
Std Test Accurancy: 0.0943
Std Test AUC: 0.0478
------------------------- time cost ------------------------- 128.7735800743103

-------------Round number: 136-------------

Evaluate heterogeneous models
Averaged Test Accurancy: 0.6562
Averaged Test AUC: 0.8787
Std Test Accurancy: 0.0939
Std Test AUC: 0.0474
------------------------- time cost ------------------------- 127.53229403495789

-------------Round number: 137-------------

Evaluate heterogeneous models
Averaged Test Accurancy: 0.6574
Averaged Test AUC: 0.8789
Std Test Accurancy: 0.0969
Std Test AUC: 0.0479
------------------------- time cost ------------------------- 130.05797481536865

-------------Round number: 138-------------

Evaluate heterogeneous models
Averaged Test Accurancy: 0.6572
Averaged Test AUC: 0.8792
Std Test Accurancy: 0.0951
Std Test AUC: 0.0477
------------------------- time cost ------------------------- 129.82157111167908

-------------Round number: 139-------------

Evaluate heterogeneous models
Averaged Test Accurancy: 0.6569
Averaged Test AUC: 0.8790
Std Test Accurancy: 0.0934
Std Test AUC: 0.0474
------------------------- time cost ------------------------- 128.52660727500916

-------------Round number: 140-------------

Evaluate heterogeneous models
Averaged Test Accurancy: 0.6569
Averaged Test AUC: 0.8785
Std Test Accurancy: 0.0952
Std Test AUC: 0.0474
------------------------- time cost ------------------------- 128.38119792938232

-------------Round number: 141-------------

Evaluate heterogeneous models
Averaged Test Accurancy: 0.6556
Averaged Test AUC: 0.8786
Std Test Accurancy: 0.0953
Std Test AUC: 0.0473
------------------------- time cost ------------------------- 126.64684581756592

-------------Round number: 142-------------

Evaluate heterogeneous models
Averaged Test Accurancy: 0.6571
Averaged Test AUC: 0.8783
Std Test Accurancy: 0.0950
Std Test AUC: 0.0479
------------------------- time cost ------------------------- 128.61950874328613

-------------Round number: 143-------------

Evaluate heterogeneous models
Averaged Test Accurancy: 0.6561
Averaged Test AUC: 0.8793
Std Test Accurancy: 0.0943
Std Test AUC: 0.0473
------------------------- time cost ------------------------- 127.98486304283142

-------------Round number: 144-------------

Evaluate heterogeneous models
Averaged Test Accurancy: 0.6555
Averaged Test AUC: 0.8789
Std Test Accurancy: 0.0958
Std Test AUC: 0.0473
------------------------- time cost ------------------------- 128.0112841129303

-------------Round number: 145-------------

Evaluate heterogeneous models
Averaged Test Accurancy: 0.6545
Averaged Test AUC: 0.8781
Std Test Accurancy: 0.0962
Std Test AUC: 0.0468
------------------------- time cost ------------------------- 127.54476165771484

-------------Round number: 146-------------

Evaluate heterogeneous models
Averaged Test Accurancy: 0.6559
Averaged Test AUC: 0.8791
Std Test Accurancy: 0.0951
Std Test AUC: 0.0475
------------------------- time cost ------------------------- 128.13495445251465

-------------Round number: 147-------------

Evaluate heterogeneous models
Averaged Test Accurancy: 0.6581
Averaged Test AUC: 0.8791
Std Test Accurancy: 0.0945
Std Test AUC: 0.0471
------------------------- time cost ------------------------- 126.46683096885681

-------------Round number: 148-------------

Evaluate heterogeneous models
Averaged Test Accurancy: 0.6566
Averaged Test AUC: 0.8787
Std Test Accurancy: 0.0945
Std Test AUC: 0.0474
------------------------- time cost ------------------------- 128.77674221992493

-------------Round number: 149-------------

Evaluate heterogeneous models
Averaged Test Accurancy: 0.6553
Averaged Test AUC: 0.8783
Std Test Accurancy: 0.0953
Std Test AUC: 0.0476
------------------------- time cost ------------------------- 129.09236550331116

-------------Round number: 150-------------

Evaluate heterogeneous models
Averaged Test Accurancy: 0.6566
Averaged Test AUC: 0.8786
Std Test Accurancy: 0.0948
Std Test AUC: 0.0473
------------------------- time cost ------------------------- 130.72742438316345

-------------Round number: 151-------------

Evaluate heterogeneous models
Averaged Test Accurancy: 0.6565
Averaged Test AUC: 0.8791
Std Test Accurancy: 0.0943
Std Test AUC: 0.0474
------------------------- time cost ------------------------- 127.76283717155457

-------------Round number: 152-------------

Evaluate heterogeneous models
Averaged Test Accurancy: 0.6569
Averaged Test AUC: 0.8787
Std Test Accurancy: 0.0931
Std Test AUC: 0.0475
------------------------- time cost ------------------------- 128.23196005821228

-------------Round number: 153-------------

Evaluate heterogeneous models
Averaged Test Accurancy: 0.6569
Averaged Test AUC: 0.8782
Std Test Accurancy: 0.0961
Std Test AUC: 0.0481
------------------------- time cost ------------------------- 129.0395109653473

-------------Round number: 154-------------

Evaluate heterogeneous models
Averaged Test Accurancy: 0.6571
Averaged Test AUC: 0.8786
Std Test Accurancy: 0.0939
Std Test AUC: 0.0481
------------------------- time cost ------------------------- 128.2728443145752

-------------Round number: 155-------------

Evaluate heterogeneous models
Averaged Test Accurancy: 0.6572
Averaged Test AUC: 0.8789
Std Test Accurancy: 0.0933
Std Test AUC: 0.0478
------------------------- time cost ------------------------- 128.48265171051025

-------------Round number: 156-------------

Evaluate heterogeneous models
Averaged Test Accurancy: 0.6577
Averaged Test AUC: 0.8787
Std Test Accurancy: 0.0929
Std Test AUC: 0.0477
------------------------- time cost ------------------------- 129.48321270942688

-------------Round number: 157-------------

Evaluate heterogeneous models
Averaged Test Accurancy: 0.6575
Averaged Test AUC: 0.8785
Std Test Accurancy: 0.0939
Std Test AUC: 0.0481
------------------------- time cost ------------------------- 129.9437713623047

-------------Round number: 158-------------

Evaluate heterogeneous models
Averaged Test Accurancy: 0.6577
Averaged Test AUC: 0.8789
Std Test Accurancy: 0.0936
Std Test AUC: 0.0480
------------------------- time cost ------------------------- 129.97605752944946

-------------Round number: 159-------------

Evaluate heterogeneous models
Averaged Test Accurancy: 0.6569
Averaged Test AUC: 0.8788
Std Test Accurancy: 0.0931
Std Test AUC: 0.0479
------------------------- time cost ------------------------- 127.70056581497192

-------------Round number: 160-------------

Evaluate heterogeneous models
Averaged Test Accurancy: 0.6555
Averaged Test AUC: 0.8793
Std Test Accurancy: 0.0935
Std Test AUC: 0.0478
------------------------- time cost ------------------------- 128.30233454704285

-------------Round number: 161-------------

Evaluate heterogeneous models
Averaged Test Accurancy: 0.6577
Averaged Test AUC: 0.8790
Std Test Accurancy: 0.0940
Std Test AUC: 0.0478
------------------------- time cost ------------------------- 129.50594806671143

-------------Round number: 162-------------

Evaluate heterogeneous models
Averaged Test Accurancy: 0.6589
Averaged Test AUC: 0.8794
Std Test Accurancy: 0.0931
Std Test AUC: 0.0482
------------------------- time cost ------------------------- 129.721613407135

-------------Round number: 163-------------

Evaluate heterogeneous models
Averaged Test Accurancy: 0.6591
Averaged Test AUC: 0.8795
Std Test Accurancy: 0.0932
Std Test AUC: 0.0480
------------------------- time cost ------------------------- 130.62989735603333

-------------Round number: 164-------------

Evaluate heterogeneous models
Averaged Test Accurancy: 0.6589
Averaged Test AUC: 0.8793
Std Test Accurancy: 0.0939
Std Test AUC: 0.0481
------------------------- time cost ------------------------- 128.50063562393188

-------------Round number: 165-------------

Evaluate heterogeneous models
Averaged Test Accurancy: 0.6591
Averaged Test AUC: 0.8791
Std Test Accurancy: 0.0932
Std Test AUC: 0.0480
------------------------- time cost ------------------------- 129.47232127189636

-------------Round number: 166-------------

Evaluate heterogeneous models
Averaged Test Accurancy: 0.6587
Averaged Test AUC: 0.8793
Std Test Accurancy: 0.0926
Std Test AUC: 0.0479
------------------------- time cost ------------------------- 129.16565799713135

-------------Round number: 167-------------

Evaluate heterogeneous models
Averaged Test Accurancy: 0.6589
Averaged Test AUC: 0.8792
Std Test Accurancy: 0.0942
Std Test AUC: 0.0480
------------------------- time cost ------------------------- 130.05289888381958

-------------Round number: 168-------------

Evaluate heterogeneous models
Averaged Test Accurancy: 0.6573
Averaged Test AUC: 0.8788
Std Test Accurancy: 0.0939
Std Test AUC: 0.0477
------------------------- time cost ------------------------- 129.46664834022522

-------------Round number: 169-------------

Evaluate heterogeneous models
Averaged Test Accurancy: 0.6567
Averaged Test AUC: 0.8784
Std Test Accurancy: 0.0942
Std Test AUC: 0.0478
------------------------- time cost ------------------------- 129.17270255088806

-------------Round number: 170-------------

Evaluate heterogeneous models
Averaged Test Accurancy: 0.6590
Averaged Test AUC: 0.8792
Std Test Accurancy: 0.0930
Std Test AUC: 0.0481
------------------------- time cost ------------------------- 129.57378268241882

-------------Round number: 171-------------

Evaluate heterogeneous models
Averaged Test Accurancy: 0.6590
Averaged Test AUC: 0.8791
Std Test Accurancy: 0.0938
Std Test AUC: 0.0479
------------------------- time cost ------------------------- 128.17494201660156

-------------Round number: 172-------------

Evaluate heterogeneous models
Averaged Test Accurancy: 0.6582
Averaged Test AUC: 0.8791
Std Test Accurancy: 0.0937
Std Test AUC: 0.0479
------------------------- time cost ------------------------- 126.09183287620544

-------------Round number: 173-------------

Evaluate heterogeneous models
Averaged Test Accurancy: 0.6585
Averaged Test AUC: 0.8787
Std Test Accurancy: 0.0922
Std Test AUC: 0.0480
------------------------- time cost ------------------------- 129.0570638179779

-------------Round number: 174-------------

Evaluate heterogeneous models
Averaged Test Accurancy: 0.6574
Averaged Test AUC: 0.8789
Std Test Accurancy: 0.0963
Std Test AUC: 0.0489
------------------------- time cost ------------------------- 128.8394010066986

-------------Round number: 175-------------

Evaluate heterogeneous models
Averaged Test Accurancy: 0.6582
Averaged Test AUC: 0.8793
Std Test Accurancy: 0.0949
Std Test AUC: 0.0479
------------------------- time cost ------------------------- 128.69389963150024

-------------Round number: 176-------------

Evaluate heterogeneous models
Averaged Test Accurancy: 0.6570
Averaged Test AUC: 0.8794
Std Test Accurancy: 0.0944
Std Test AUC: 0.0482
------------------------- time cost ------------------------- 128.93608617782593

-------------Round number: 177-------------

Evaluate heterogeneous models
Averaged Test Accurancy: 0.6579
Averaged Test AUC: 0.8792
Std Test Accurancy: 0.0944
Std Test AUC: 0.0481
------------------------- time cost ------------------------- 128.74614834785461

-------------Round number: 178-------------

Evaluate heterogeneous models
Averaged Test Accurancy: 0.6584
Averaged Test AUC: 0.8792
Std Test Accurancy: 0.0950
Std Test AUC: 0.0481
------------------------- time cost ------------------------- 129.01860165596008

-------------Round number: 179-------------

Evaluate heterogeneous models
Averaged Test Accurancy: 0.6585
Averaged Test AUC: 0.8788
Std Test Accurancy: 0.0955
Std Test AUC: 0.0482
------------------------- time cost ------------------------- 128.7179729938507

-------------Round number: 180-------------

Evaluate heterogeneous models
Averaged Test Accurancy: 0.6583
Averaged Test AUC: 0.8786
Std Test Accurancy: 0.0957
Std Test AUC: 0.0484
------------------------- time cost ------------------------- 129.18421983718872

-------------Round number: 181-------------

Evaluate heterogeneous models
Averaged Test Accurancy: 0.6575
Averaged Test AUC: 0.8788
Std Test Accurancy: 0.0954
Std Test AUC: 0.0480
------------------------- time cost ------------------------- 129.9687466621399

-------------Round number: 182-------------

Evaluate heterogeneous models
Averaged Test Accurancy: 0.6575
Averaged Test AUC: 0.8787
Std Test Accurancy: 0.0947
Std Test AUC: 0.0478
------------------------- time cost ------------------------- 129.71375441551208

-------------Round number: 183-------------

Evaluate heterogeneous models
Averaged Test Accurancy: 0.6565
Averaged Test AUC: 0.8790
Std Test Accurancy: 0.0940
Std Test AUC: 0.0477
------------------------- time cost ------------------------- 128.73866033554077

-------------Round number: 184-------------

Evaluate heterogeneous models
Averaged Test Accurancy: 0.6581
Averaged Test AUC: 0.8790
Std Test Accurancy: 0.0937
Std Test AUC: 0.0474
------------------------- time cost ------------------------- 129.01201939582825

-------------Round number: 185-------------

Evaluate heterogeneous models
Averaged Test Accurancy: 0.6581
Averaged Test AUC: 0.8790
Std Test Accurancy: 0.0932
Std Test AUC: 0.0478
------------------------- time cost ------------------------- 129.9583728313446

-------------Round number: 186-------------

Evaluate heterogeneous models
Averaged Test Accurancy: 0.6585
Averaged Test AUC: 0.8783
Std Test Accurancy: 0.0953
Std Test AUC: 0.0480
------------------------- time cost ------------------------- 124.8158392906189

-------------Round number: 187-------------

Evaluate heterogeneous models
Averaged Test Accurancy: 0.6571
Averaged Test AUC: 0.8784
Std Test Accurancy: 0.0938
Std Test AUC: 0.0476
------------------------- time cost ------------------------- 129.51253533363342

-------------Round number: 188-------------

Evaluate heterogeneous models
Averaged Test Accurancy: 0.6583
Averaged Test AUC: 0.8780
Std Test Accurancy: 0.0937
Std Test AUC: 0.0475
------------------------- time cost ------------------------- 130.23448395729065

-------------Round number: 189-------------

Evaluate heterogeneous models
Averaged Test Accurancy: 0.6581
Averaged Test AUC: 0.8783
Std Test Accurancy: 0.0954
Std Test AUC: 0.0478
------------------------- time cost ------------------------- 129.83236479759216

-------------Round number: 190-------------

Evaluate heterogeneous models
Averaged Test Accurancy: 0.6587
Averaged Test AUC: 0.8781
Std Test Accurancy: 0.0929
Std Test AUC: 0.0477
------------------------- time cost ------------------------- 130.6749711036682

-------------Round number: 191-------------

Evaluate heterogeneous models
Averaged Test Accurancy: 0.6573
Averaged Test AUC: 0.8779
Std Test Accurancy: 0.0940
Std Test AUC: 0.0473
------------------------- time cost ------------------------- 130.7307469844818

-------------Round number: 192-------------

Evaluate heterogeneous models
Averaged Test Accurancy: 0.6565
Averaged Test AUC: 0.8780
Std Test Accurancy: 0.0938
Std Test AUC: 0.0472
------------------------- time cost ------------------------- 127.58471322059631

-------------Round number: 193-------------

Evaluate heterogeneous models
Averaged Test Accurancy: 0.6572
Averaged Test AUC: 0.8777
Std Test Accurancy: 0.0951
Std Test AUC: 0.0474
------------------------- time cost ------------------------- 129.08745861053467

-------------Round number: 194-------------

Evaluate heterogeneous models
Averaged Test Accurancy: 0.6579
Averaged Test AUC: 0.8776
Std Test Accurancy: 0.0949
Std Test AUC: 0.0476
------------------------- time cost ------------------------- 127.77908873558044

-------------Round number: 195-------------

Evaluate heterogeneous models
Averaged Test Accurancy: 0.6571
Averaged Test AUC: 0.8779
Std Test Accurancy: 0.0936
Std Test AUC: 0.0472
------------------------- time cost ------------------------- 127.82783484458923

-------------Round number: 196-------------

Evaluate heterogeneous models
Averaged Test Accurancy: 0.6570
Averaged Test AUC: 0.8778
Std Test Accurancy: 0.0940
Std Test AUC: 0.0476
------------------------- time cost ------------------------- 128.5246822834015

-------------Round number: 197-------------

Evaluate heterogeneous models
Averaged Test Accurancy: 0.6567
Averaged Test AUC: 0.8772
Std Test Accurancy: 0.0941
Std Test AUC: 0.0471
------------------------- time cost ------------------------- 129.3391890525818

-------------Round number: 198-------------

Evaluate heterogeneous models
Averaged Test Accurancy: 0.6574
Averaged Test AUC: 0.8776
Std Test Accurancy: 0.0929
Std Test AUC: 0.0472
------------------------- time cost ------------------------- 129.8042275905609

-------------Round number: 199-------------

Evaluate heterogeneous models
Averaged Test Accurancy: 0.6570
Averaged Test AUC: 0.8775
Std Test Accurancy: 0.0940
Std Test AUC: 0.0471
------------------------- time cost ------------------------- 133.5683307647705

-------------Round number: 200-------------

Evaluate heterogeneous models
Averaged Test Accurancy: 0.6561
Averaged Test AUC: 0.8775
Std Test Accurancy: 0.0940
Std Test AUC: 0.0473

Best accuracy.
0.6591408591408592

Average time cost per round.
129.7323811161518
File path: ../results/Cifar10_dir_0.3_imbalance_40_FedGen_test_0.h5

Average time cost: 27385.91s.
Length:  201
std for best accurancy: 0.0
mean for best accurancy: 0.6591408591408592
All done!

Storage on cpu
-------------------------------------------------------------------------------
Total Tensors: 5530 	Used Memory: 40.50K
-------------------------------------------------------------------------------

Storage on cuda:0
-------------------------------------------------------------------------------
Total Tensors: 410400 	Used Memory: 1.60M
The allocated memory on cuda:0: 1.60M
-------------------------------------------------------------------------------
