it is on jetson, train on CPU and no plots

==================================================
goal = test
device = cpu
device_id = 0
dataset = FashionMNIST_dir_0.3_imbalance_40
jetson = 1
num_classes = 10
model_family = HCNNs8
batch_size = 256
num_workers = 0
local_learning_rate = 0.06
use_decay_scheduler = False
learning_rate_decay = False
learning_rate_decay_gamma = 0.99
global_rounds = 100
edge_epochs = 1
local_epochs = 3
algorithm = FedProto_DVFS
join_ratio = 1.0
edge_join_ratio = 1.0
random_join_ratio = False
num_clients = 40
num_edges = 10
prev = 0
times = 1
eval_gap = 1
save_folder_name = temp
auto_break = False
feature_dim = 512
vocab_size = 98635
max_len = 200
client_drop_rate = 0.0
train_slow_rate = 0.0
send_slow_rate = 0.0
time_select = False
time_threthold = 10000
optimizer = SGD
lamda = 1.0
weight_decay = 0
trans_delay_simulate = False
momentum = 0.8
agg_type = 0
buffersize = 10
gl_use_clients = 1
test_useglclassifier = 1
gamma = 1
drawtsne = 0
drawround = 20
noise_dim = 512
generator_learning_rate = 0.0001
hidden_dim = 512
server_epochs = 100
alpha = 1.0
beta = 1.0
mentee_learning_rate = 0.005
T_start = 0.95
T_end = 0.98
server_learning_rate = 0.01
margin_threthold = 100.0
generator_path = stylegan/stylegan-xl-models/imagenet64.pkl
stable_diffusion_prompt = a cat
server_batch_size = 100
gen_batch_size = 4
mu = 50.0
buffer_size = 10
==================================================
Random seed set as 42

============= Running time: 0th =============
Creating server and clients ...
CNN(num_cov=1, hidden_dims=[], in_features=1, num_classes=args.num_classes)
CNN(num_cov=2, hidden_dims=[], in_features=1, num_classes=args.num_classes)
CNN(num_cov=1, hidden_dims=[512], in_features=1, num_classes=args.num_classes)
CNN(num_cov=2, hidden_dims=[512], in_features=1, num_classes=args.num_classes)
CNN(num_cov=1, hidden_dims=[1024], in_features=1, num_classes=args.num_classes)
CNN(num_cov=2, hidden_dims=[1024], in_features=1, num_classes=args.num_classes)
CNN(num_cov=1, hidden_dims=[1024, 512], in_features=1, num_classes=args.num_classes)
CNN(num_cov=2, hidden_dims=[1024, 512], in_features=1, num_classes=args.num_classes)
CNN(num_cov=1, hidden_dims=[], in_features=1, num_classes=args.num_classes) model chosen!
id 0
label_counts: defaultdict(<class 'int'>, {0: 287, 1: 338, 5: 106, 9: 545, 3: 26, 2: 98, 6: 3, 4: 1})
CNN(num_cov=2, hidden_dims=[], in_features=1, num_classes=args.num_classes) model chosen!
id 1
label_counts: defaultdict(<class 'int'>, {7: 199, 4: 630, 1: 507, 5: 47, 0: 18, 2: 18, 3: 3, 6: 2})
CNN(num_cov=1, hidden_dims=[512], in_features=1, num_classes=args.num_classes) model chosen!
id 2
label_counts: defaultdict(<class 'int'>, {9: 99, 0: 190, 7: 312, 5: 157, 6: 67, 4: 11, 3: 30, 8: 6, 2: 3})
CNN(num_cov=2, hidden_dims=[512], in_features=1, num_classes=args.num_classes) model chosen!
id 3
label_counts: defaultdict(<class 'int'>, {8: 190, 3: 171, 2: 395, 0: 3, 4: 51, 6: 100, 9: 19, 5: 4})
CNN(num_cov=1, hidden_dims=[1024], in_features=1, num_classes=args.num_classes) model chosen!
id 4
label_counts: defaultdict(<class 'int'>, {1: 428, 0: 327, 5: 553, 2: 202, 4: 5})
CNN(num_cov=2, hidden_dims=[1024], in_features=1, num_classes=args.num_classes) model chosen!
id 5
label_counts: defaultdict(<class 'int'>, {4: 421, 6: 633, 1: 100, 3: 41, 2: 58, 8: 45, 5: 13, 7: 11, 0: 1})
CNN(num_cov=1, hidden_dims=[1024, 512], in_features=1, num_classes=args.num_classes) model chosen!
id 6
label_counts: defaultdict(<class 'int'>, {4: 260, 8: 384, 9: 425, 3: 24, 6: 31, 2: 6, 1: 12, 7: 1})
CNN(num_cov=2, hidden_dims=[1024, 512], in_features=1, num_classes=args.num_classes) model chosen!
id 7
label_counts: defaultdict(<class 'int'>, {9: 477, 0: 36, 6: 335, 8: 645, 5: 13, 1: 11, 4: 53, 3: 38, 7: 16, 2: 7})
CNN(num_cov=1, hidden_dims=[], in_features=1, num_classes=args.num_classes) model chosen!
id 8
label_counts: defaultdict(<class 'int'>, {9: 102, 4: 502, 2: 81, 0: 124, 5: 17, 6: 63, 8: 26, 3: 9, 1: 3})
CNN(num_cov=2, hidden_dims=[], in_features=1, num_classes=args.num_classes) model chosen!
id 9
label_counts: defaultdict(<class 'int'>, {3: 943, 1: 139, 2: 177, 0: 75})
CNN(num_cov=1, hidden_dims=[512], in_features=1, num_classes=args.num_classes) model chosen!
id 10
label_counts: defaultdict(<class 'int'>, {4: 883, 8: 445, 2: 57, 3: 12, 5: 19, 0: 32, 7: 1, 1: 1, 6: 1})
CNN(num_cov=2, hidden_dims=[512], in_features=1, num_classes=args.num_classes) model chosen!
id 11
label_counts: defaultdict(<class 'int'>, {6: 147, 1: 58, 8: 220, 4: 230, 5: 54, 3: 44, 7: 8, 9: 88, 2: 13})
CNN(num_cov=1, hidden_dims=[1024], in_features=1, num_classes=args.num_classes) model chosen!
id 12
label_counts: defaultdict(<class 'int'>, {5: 101, 6: 248, 3: 165, 1: 263, 0: 206, 9: 14, 4: 1, 7: 1})
CNN(num_cov=2, hidden_dims=[1024], in_features=1, num_classes=args.num_classes) model chosen!
id 13
label_counts: defaultdict(<class 'int'>, {3: 402, 2: 795, 7: 197, 0: 11, 4: 7, 5: 3, 1: 7})
CNN(num_cov=1, hidden_dims=[1024, 512], in_features=1, num_classes=args.num_classes) model chosen!
id 14
label_counts: defaultdict(<class 'int'>, {3: 131, 0: 312, 5: 65, 1: 57, 9: 218, 2: 44, 4: 21, 8: 3})
CNN(num_cov=2, hidden_dims=[1024, 512], in_features=1, num_classes=args.num_classes) model chosen!
id 15
label_counts: defaultdict(<class 'int'>, {6: 980, 5: 215, 1: 39, 0: 83, 3: 12, 4: 2})
CNN(num_cov=1, hidden_dims=[], in_features=1, num_classes=args.num_classes) model chosen!
id 16
label_counts: defaultdict(<class 'int'>, {8: 280, 1: 860, 3: 83, 4: 58, 5: 68, 0: 140, 6: 18, 7: 1})
CNN(num_cov=2, hidden_dims=[], in_features=1, num_classes=args.num_classes) model chosen!
id 17
label_counts: defaultdict(<class 'int'>, {5: 490, 8: 642, 3: 30, 4: 28, 0: 104, 2: 16, 6: 21, 1: 2, 7: 1})
CNN(num_cov=1, hidden_dims=[512], in_features=1, num_classes=args.num_classes) model chosen!
id 18
label_counts: defaultdict(<class 'int'>, {5: 27, 7: 229, 4: 108, 8: 391, 1: 105, 3: 33, 6: 2, 0: 1, 2: 1})
CNN(num_cov=2, hidden_dims=[512], in_features=1, num_classes=args.num_classes) model chosen!
id 19
label_counts: defaultdict(<class 'int'>, {1: 364, 0: 1204})
CNN(num_cov=1, hidden_dims=[1024], in_features=1, num_classes=args.num_classes) model chosen!
id 20
label_counts: defaultdict(<class 'int'>, {9: 858, 2: 19, 7: 131, 1: 290, 6: 44, 4: 216, 0: 37, 5: 157, 8: 1, 3: 1})
CNN(num_cov=2, hidden_dims=[1024], in_features=1, num_classes=args.num_classes) model chosen!
id 21
label_counts: defaultdict(<class 'int'>, {7: 16, 1: 383, 4: 288, 6: 225, 0: 136, 3: 62, 8: 4, 9: 1, 5: 1})
CNN(num_cov=1, hidden_dims=[1024, 512], in_features=1, num_classes=args.num_classes) model chosen!
id 22
label_counts: defaultdict(<class 'int'>, {7: 387, 5: 243, 1: 102, 6: 68, 2: 9, 0: 12, 8: 15, 4: 1, 3: 1})
CNN(num_cov=2, hidden_dims=[1024, 512], in_features=1, num_classes=args.num_classes) model chosen!
id 23
label_counts: defaultdict(<class 'int'>, {9: 256, 0: 232, 8: 141, 1: 32, 5: 40, 3: 2, 7: 1, 6: 1})
CNN(num_cov=1, hidden_dims=[], in_features=1, num_classes=args.num_classes) model chosen!
id 24
label_counts: defaultdict(<class 'int'>, {4: 309, 3: 447, 5: 120, 9: 235, 0: 62, 8: 15, 1: 2})
CNN(num_cov=2, hidden_dims=[], in_features=1, num_classes=args.num_classes) model chosen!
id 25
label_counts: defaultdict(<class 'int'>, {3: 388, 5: 505, 1: 34, 0: 81, 7: 222, 2: 154, 4: 7})
CNN(num_cov=1, hidden_dims=[512], in_features=1, num_classes=args.num_classes) model chosen!
id 26
label_counts: defaultdict(<class 'int'>, {0: 443, 8: 568, 7: 172, 2: 116, 4: 139, 1: 10, 3: 26, 5: 5})
CNN(num_cov=2, hidden_dims=[512], in_features=1, num_classes=args.num_classes) model chosen!
id 27
label_counts: defaultdict(<class 'int'>, {2: 186, 5: 530, 6: 253, 3: 75, 0: 88, 4: 5, 7: 1})
CNN(num_cov=1, hidden_dims=[1024], in_features=1, num_classes=args.num_classes) model chosen!
id 28
label_counts: defaultdict(<class 'int'>, {0: 22, 1: 63, 9: 281, 3: 24, 7: 176, 2: 50, 8: 93, 4: 1, 5: 14, 6: 2})
CNN(num_cov=2, hidden_dims=[1024], in_features=1, num_classes=args.num_classes) model chosen!
id 29
label_counts: defaultdict(<class 'int'>, {5: 337, 8: 138, 6: 3, 7: 363, 1: 20, 9: 164, 3: 170, 2: 27, 4: 2})
CNN(num_cov=1, hidden_dims=[1024, 512], in_features=1, num_classes=args.num_classes) model chosen!
id 30
label_counts: defaultdict(<class 'int'>, {8: 229, 7: 302, 0: 243, 9: 43, 5: 24, 2: 1, 1: 2, 3: 2})
CNN(num_cov=2, hidden_dims=[1024, 512], in_features=1, num_classes=args.num_classes) model chosen!
id 31
label_counts: defaultdict(<class 'int'>, {2: 510, 1: 223, 4: 583, 0: 98})
CNN(num_cov=1, hidden_dims=[], in_features=1, num_classes=args.num_classes) model chosen!
id 32
label_counts: defaultdict(<class 'int'>, {9: 1142, 7: 49, 2: 276, 6: 75, 5: 146, 3: 51, 1: 20, 0: 31, 8: 12, 4: 1})
CNN(num_cov=2, hidden_dims=[], in_features=1, num_classes=args.num_classes) model chosen!
id 33
label_counts: defaultdict(<class 'int'>, {0: 151, 2: 405, 3: 276, 1: 76, 7: 122, 6: 254, 4: 83})
CNN(num_cov=1, hidden_dims=[512], in_features=1, num_classes=args.num_classes) model chosen!
id 34
label_counts: defaultdict(<class 'int'>, {6: 870, 2: 880, 1: 42, 0: 172, 3: 12, 4: 9})
CNN(num_cov=2, hidden_dims=[512], in_features=1, num_classes=args.num_classes) model chosen!
id 35
label_counts: defaultdict(<class 'int'>, {0: 300, 2: 90, 4: 312, 7: 36, 3: 121, 1: 25, 5: 70, 9: 70, 6: 18, 8: 1})
CNN(num_cov=1, hidden_dims=[1024], in_features=1, num_classes=args.num_classes) model chosen!
id 36
label_counts: defaultdict(<class 'int'>, {8: 221, 3: 364, 6: 412, 2: 127, 7: 124, 9: 158, 1: 41, 0: 3, 4: 5})
CNN(num_cov=2, hidden_dims=[1024], in_features=1, num_classes=args.num_classes) model chosen!
id 37
label_counts: defaultdict(<class 'int'>, {3: 1002, 7: 2178, 6: 142, 5: 11, 2: 20, 0: 1, 4: 3})
CNN(num_cov=1, hidden_dims=[1024, 512], in_features=1, num_classes=args.num_classes) model chosen!
id 38
label_counts: defaultdict(<class 'int'>, {5: 1124, 1: 545, 0: 14, 2: 23, 3: 21, 4: 1})
CNN(num_cov=2, hidden_dims=[1024, 512], in_features=1, num_classes=args.num_classes) model chosen!
id 39
label_counts: defaultdict(<class 'int'>, {8: 501, 2: 387, 6: 233, 1: 41, 5: 12, 7: 2, 0: 13, 3: 2, 4: 1, 9: 3})

Join ratio / total clients: 1.0 / 40
Finished creating server and clients.
tobetrained:
[9, 8, 7, 6, 5, 4, 3, 2, 1, 0]
Edge 9 begin training
Server global_protos Not Found
Server global_protos Not Found
Server global_protos Not Found
Server global_protos Not Found
Server global_protos Not Found
client 10 leave_frequency_set: [1113600, 1113600]
Server global_protos Not Found
Server global_protos Not Found
client 14 leave_frequency_set: [1113600, 1113600]
Server global_protos Not Found
client 27 leave_frequency_set: [1267200, 1420800]
Edge 8 begin training
Server global_protos Not Found
Server global_protos Not Found
Server global_protos Not Found
Server global_protos Not Found
Server global_protos Not Found
client 3 leave_frequency_set: [1113600, 1113600]
Server global_protos Not Found
Server global_protos Not Found
client 22 leave_frequency_set: [1113600, 1113600]
Server global_protos Not Found
client 21 leave_frequency_set: [1113600, 1113600]
Edge 7 begin training
Server global_protos Not Found
Server global_protos Not Found
Server global_protos Not Found
Server global_protos Not Found
Server global_protos Not Found
client 23 leave_frequency_set: [1113600, 1113600]
Server global_protos Not Found
Server global_protos Not Found
client 6 leave_frequency_set: [1113600, 1267200]
Server global_protos Not Found
client 30 leave_frequency_set: [1113600, 1113600]
Edge 6 begin training
Server global_protos Not Found
Server global_protos Not Found
Server global_protos Not Found
Server global_protos Not Found
Server global_protos Not Found
client 4 leave_frequency_set: [1267200, 1267200]
Server global_protos Not Found
client 39 leave_frequency_set: [1420800, 1574400]
Server global_protos Not Found
Server global_protos Not Found
client 8 leave_frequency_set: [1113600, 1113600]
Edge 5 begin training
Server global_protos Not Found
Server global_protos Not Found
Server global_protos Not Found
Server global_protos Not Found
Server global_protos Not Found
client 11 leave_frequency_set: [1113600, 1113600]
Server global_protos Not Found
client 32 leave_frequency_set: [1574400, 1728000]
Server global_protos Not Found
Server global_protos Not Found
client 0 leave_frequency_set: [1267200, 1267200]
Edge 4 begin training
Server global_protos Not Found
Server global_protos Not Found
Server global_protos Not Found
Server global_protos Not Found
Server global_protos Not Found
client 36 leave_frequency_set: [1113600, 1113600]
Server global_protos Not Found
Server global_protos Not Found
client 1 leave_frequency_set: [1267200, 1420800]
Server global_protos Not Found
client 28 leave_frequency_set: [1113600, 1113600]
Edge 3 begin training
Server global_protos Not Found
Server global_protos Not Found
Server global_protos Not Found
Server global_protos Not Found
Server global_protos Not Found
Server global_protos Not Found
client 13 leave_frequency_set: [1113600, 1113600]
Server global_protos Not Found
client 20 leave_frequency_set: [1113600, 1113600]
Server global_protos Not Found
client 18 leave_frequency_set: [1113600, 1113600]
Edge 2 begin training
Server global_protos Not Found
Server global_protos Not Found
Server global_protos Not Found
Server global_protos Not Found
Server global_protos Not Found
Server global_protos Not Found
client 25 leave_frequency_set: [1728000, 1881600]
Server global_protos Not Found
client 2 leave_frequency_set: [1113600, 1113600]
Server global_protos Not Found
client 38 leave_frequency_set: [1267200, 1728000]
Edge 1 begin training
Server global_protos Not Found
Server global_protos Not Found
Server global_protos Not Found
Server global_protos Not Found
Server global_protos Not Found
client 12 leave_frequency_set: [1113600, 1113600]
Server global_protos Not Found
client 17 leave_frequency_set: [1574400, 1881600]
Server global_protos Not Found
Server global_protos Not Found
client 24 leave_frequency_set: [1113600, 1113600]
Edge 0 begin training
Server global_protos Not Found
Server global_protos Not Found
Server global_protos Not Found
Server global_protos Not Found
Server global_protos Not Found
client 26 leave_frequency_set: [1113600, 1113600]
Server global_protos Not Found
client 15 leave_frequency_set: [1420800, 1574400]
Server global_protos Not Found
Server global_protos Not Found
client 16 leave_frequency_set: [1113600, 1113600]
readyList:
[7, 5, 9, 1, 6, 2, 8, 0, 4, 3]
aggregation_buffer:
[7, 5, 9, 1, 6, 2, 8, 0, 4, 3]
end Update
server_global_time: 62.77996206199987
only_train_time: 989.1552347830093

-------------Global Round number: 0-------------

Evaluate heterogeneous models
Averaged Test Accuracy (Regular Model): 0.7354
Averaged Test Accuracy (Prototype Model): 0.5399
Averaged Train Loss (Regular Model): 1.0021
Averaged Train Loss (Regular + Proto): 1.0021
All Energy: 1745.0995
Std Test Accuracy (Regular Model): 0.1972
Std Test Accuracy (Prototype Model): 0.2309
tobetrained:
[7, 5, 9, 1, 6, 2, 8, 0, 4, 3]
Edge 7 begin training
client 30 leave_frequency_set: [1113600, 1113600]
client 23 leave_frequency_set: [1113600, 1113600]
client 6 leave_frequency_set: [1113600, 1420800]
Edge 5 begin training
client 32 leave_frequency_set: [1574400, 1881600]
client 11 leave_frequency_set: [1113600, 1113600]
client 0 leave_frequency_set: [1113600, 1267200]
Edge 9 begin training
client 10 leave_frequency_set: [1113600, 1113600]
client 27 leave_frequency_set: [1267200, 1574400]
client 14 leave_frequency_set: [1113600, 1113600]
Edge 1 begin training
client 17 leave_frequency_set: [1574400, 1881600]
client 24 leave_frequency_set: [1113600, 1113600]
client 12 leave_frequency_set: [1113600, 1113600]
Edge 6 begin training
client 39 leave_frequency_set: [1420800, 1420800]
client 4 leave_frequency_set: [1267200, 1267200]
client 8 leave_frequency_set: [1113600, 1113600]
Edge 2 begin training
client 25 leave_frequency_set: [1728000, 1728000]
client 38 leave_frequency_set: [1574400, 1574400]
client 2 leave_frequency_set: [1113600, 1113600]
Edge 8 begin training
client 3 leave_frequency_set: [1113600, 1113600]
client 21 leave_frequency_set: [1267200, 1267200]
client 22 leave_frequency_set: [1113600, 1113600]
Edge 0 begin training
client 26 leave_frequency_set: [1113600, 1113600]
client 16 leave_frequency_set: [1113600, 1113600]
client 15 leave_frequency_set: [1574400, 1574400]
Edge 4 begin training
client 28 leave_frequency_set: [1113600, 1113600]
client 36 leave_frequency_set: [1113600, 1113600]
client 1 leave_frequency_set: [1113600, 1267200]
Edge 3 begin training
client 20 leave_frequency_set: [1113600, 1113600]
client 13 leave_frequency_set: [1113600, 1113600]
client 18 leave_frequency_set: [1113600, 1113600]
readyList:
[7, 5, 9, 1, 6, 2, 8, 0, 4, 3]
aggregation_buffer:
[7, 5, 9, 1, 6, 2, 8, 0, 4, 3]
end Update
server_global_time: 125.59634249699957
only_train_time: 1999.6039285580082

-------------Global Round number: 1-------------

Evaluate heterogeneous models
Averaged Test Accuracy (Regular Model): 0.8301
Averaged Test Accuracy (Prototype Model): 0.7248
Averaged Train Loss (Regular Model): 0.5683
Averaged Train Loss (Regular + Proto): 0.6444
All Energy: 3527.2597
Std Test Accuracy (Regular Model): 0.1325
Std Test Accuracy (Prototype Model): 0.1837
tobetrained:
[7, 5, 9, 1, 6, 2, 8, 0, 4, 3]
Edge 7 begin training
client 30 leave_frequency_set: [1113600, 1113600]
client 23 leave_frequency_set: [1113600, 1113600]
client 6 leave_frequency_set: [1113600, 1420800]
Edge 5 begin training
client 0 leave_frequency_set: [1267200, 1267200]
client 32 leave_frequency_set: [1574400, 1881600]
client 11 leave_frequency_set: [1113600, 1113600]
Edge 9 begin training
client 10 leave_frequency_set: [1113600, 1113600]
client 27 leave_frequency_set: [1267200, 1267200]
client 14 leave_frequency_set: [1113600, 1113600]
Edge 1 begin training
client 12 leave_frequency_set: [1113600, 1113600]
client 24 leave_frequency_set: [1113600, 1113600]
client 17 leave_frequency_set: [1574400, 1881600]
Edge 6 begin training
client 4 leave_frequency_set: [1267200, 1267200]
client 39 leave_frequency_set: [1420800, 1574400]
client 8 leave_frequency_set: [1113600, 1113600]
Edge 2 begin training
client 25 leave_frequency_set: [1420800, 1881600]
client 38 leave_frequency_set: [1574400, 1574400]
client 2 leave_frequency_set: [1113600, 1113600]
Edge 8 begin training
client 3 leave_frequency_set: [1113600, 1113600]
client 22 leave_frequency_set: [1113600, 1113600]
client 21 leave_frequency_set: [1113600, 1267200]
Edge 0 begin training
client 26 leave_frequency_set: [1113600, 1113600]
client 16 leave_frequency_set: [1113600, 1113600]
client 15 leave_frequency_set: [1420800, 1420800]
Edge 4 begin training
client 36 leave_frequency_set: [1113600, 1113600]
client 1 leave_frequency_set: [1267200, 1420800]
client 28 leave_frequency_set: [1113600, 1113600]
Edge 3 begin training
client 18 leave_frequency_set: [1113600, 1113600]
client 20 leave_frequency_set: [1113600, 1113600]
client 13 leave_frequency_set: [1113600, 1113600]
readyList:
[7, 5, 1, 6, 9, 2, 8, 0, 4, 3]
aggregation_buffer:
[7, 5, 1, 6, 9, 2, 8, 0, 4, 3]
end Update
server_global_time: 190.30368092999925
only_train_time: 3019.0527169430143

-------------Global Round number: 2-------------

Evaluate heterogeneous models
Averaged Test Accuracy (Regular Model): 0.8614
Averaged Test Accuracy (Prototype Model): 0.7668
Averaged Train Loss (Regular Model): 0.4316
Averaged Train Loss (Regular + Proto): 0.4899
All Energy: 5318.3377
Std Test Accuracy (Regular Model): 0.1051
Std Test Accuracy (Prototype Model): 0.1617
tobetrained:
[7, 5, 1, 6, 9, 2, 8, 0, 4, 3]
Edge 7 begin training
client 23 leave_frequency_set: [1113600, 1113600]
client 6 leave_frequency_set: [1113600, 1420800]
client 30 leave_frequency_set: [1113600, 1113600]
Edge 5 begin training
client 0 leave_frequency_set: [1113600, 1267200]
client 32 leave_frequency_set: [1728000, 1728000]
client 11 leave_frequency_set: [1113600, 1113600]
Edge 1 begin training
client 17 leave_frequency_set: [1574400, 1881600]
client 24 leave_frequency_set: [1113600, 1113600]
client 12 leave_frequency_set: [1113600, 1113600]
Edge 6 begin training
client 8 leave_frequency_set: [1113600, 1113600]
client 39 leave_frequency_set: [1420800, 1420800]
client 4 leave_frequency_set: [1113600, 1267200]
Edge 9 begin training
client 27 leave_frequency_set: [1267200, 1267200]
client 10 leave_frequency_set: [1113600, 1113600]
client 14 leave_frequency_set: [1113600, 1113600]
Edge 2 begin training
client 38 leave_frequency_set: [1574400, 1574400]
client 2 leave_frequency_set: [1113600, 1113600]
client 25 leave_frequency_set: [1420800, 1881600]
Edge 8 begin training
client 22 leave_frequency_set: [1113600, 1113600]
client 21 leave_frequency_set: [1113600, 1113600]
client 3 leave_frequency_set: [1113600, 1113600]
Edge 0 begin training
client 16 leave_frequency_set: [1113600, 1113600]
client 15 leave_frequency_set: [1420800, 1574400]
client 26 leave_frequency_set: [1113600, 1113600]
Edge 4 begin training
client 28 leave_frequency_set: [1113600, 1113600]
client 1 leave_frequency_set: [1113600, 1267200]
client 36 leave_frequency_set: [1113600, 1113600]
Edge 3 begin training
client 13 leave_frequency_set: [1113600, 1113600]
client 18 leave_frequency_set: [1113600, 1113600]
client 20 leave_frequency_set: [1113600, 1113600]
readyList:
[7, 5, 1, 2, 9, 6, 0, 8, 4, 3]
aggregation_buffer:
[7, 5, 1, 2, 9, 6, 0, 8, 4, 3]
end Update
server_global_time: 253.82814105099897
only_train_time: 4071.349392586014

-------------Global Round number: 3-------------

Evaluate heterogeneous models
Averaged Test Accuracy (Regular Model): 0.8748
Averaged Test Accuracy (Prototype Model): 0.8102
Averaged Train Loss (Regular Model): 0.3672
Averaged Train Loss (Regular + Proto): 0.4199
All Energy: 7128.4831
Std Test Accuracy (Regular Model): 0.0906
Std Test Accuracy (Prototype Model): 0.1403
tobetrained:
[7, 5, 1, 2, 9, 6, 0, 8, 4, 3]
Edge 7 begin training
client 6 leave_frequency_set: [1113600, 1267200]
client 30 leave_frequency_set: [1113600, 1113600]
client 23 leave_frequency_set: [1113600, 1113600]
Edge 5 begin training
client 29 leave_frequency_set: [1728000, 1728000]
client 0 leave_frequency_set: [1113600, 1267200]
client 11 leave_frequency_set: [1113600, 1113600]
Edge 1 begin training
client 17 leave_frequency_set: [1420800, 1881600]
client 12 leave_frequency_set: [1113600, 1113600]
client 24 leave_frequency_set: [1113600, 1113600]
Edge 2 begin training
client 2 leave_frequency_set: [1113600, 1113600]
client 38 leave_frequency_set: [1574400, 1574400]
client 25 leave_frequency_set: [1728000, 1728000]
Edge 9 begin training
client 10 leave_frequency_set: [1113600, 1113600]
client 27 leave_frequency_set: [1267200, 1267200]
client 14 leave_frequency_set: [1113600, 1113600]
Edge 6 begin training
client 39 leave_frequency_set: [1420800, 1420800]
client 8 leave_frequency_set: [1113600, 1113600]
client 4 leave_frequency_set: [1113600, 1267200]
Edge 0 begin training
client 15 leave_frequency_set: [1420800, 1420800]
client 26 leave_frequency_set: [1113600, 1113600]
client 16 leave_frequency_set: [1113600, 1113600]
Edge 8 begin training
client 31 leave_frequency_set: [1728000, 1728000]
client 3 leave_frequency_set: [1113600, 1113600]
client 22 leave_frequency_set: [1113600, 1113600]
Edge 4 begin training
client 36 leave_frequency_set: [1113600, 1113600]
client 1 leave_frequency_set: [1267200, 1420800]
client 28 leave_frequency_set: [1113600, 1113600]
Edge 3 begin training
client 13 leave_frequency_set: [1113600, 1113600]
client 18 leave_frequency_set: [1113600, 1113600]
client 20 leave_frequency_set: [1113600, 1113600]
readyList:
[7, 5, 1, 2, 9, 8, 6, 0, 4, 3]
aggregation_buffer:
[7, 5, 1, 2, 9, 8, 6, 0, 4, 3]
end Update
server_global_time: 317.9519939389975
only_train_time: 5133.30826786401

-------------Global Round number: 4-------------

Evaluate heterogeneous models
Averaged Test Accuracy (Regular Model): 0.8950
Averaged Test Accuracy (Prototype Model): 0.8359
Averaged Train Loss (Regular Model): 0.3235
Averaged Train Loss (Regular + Proto): 0.3718
All Energy: 8969.9236
Std Test Accuracy (Regular Model): 0.0697
Std Test Accuracy (Prototype Model): 0.1169
tobetrained:
[7, 5, 1, 2, 9, 8, 6, 0, 4, 3]
Edge 7 begin training
client 6 leave_frequency_set: [1267200, 1267200]
client 23 leave_frequency_set: [1113600, 1113600]
client 30 leave_frequency_set: [1113600, 1113600]
Edge 5 begin training
client 11 leave_frequency_set: [1113600, 1113600]
client 0 leave_frequency_set: [1113600, 1267200]
client 32 leave_frequency_set: [1728000, 1728000]
Edge 1 begin training
client 17 leave_frequency_set: [1420800, 1881600]
client 12 leave_frequency_set: [1113600, 1113600]
client 24 leave_frequency_set: [1113600, 1113600]
Edge 2 begin training
client 25 leave_frequency_set: [1574400, 1728000]
client 2 leave_frequency_set: [1113600, 1113600]
client 38 leave_frequency_set: [1420800, 1728000]
Edge 9 begin training
client 10 leave_frequency_set: [1113600, 1113600]
client 27 leave_frequency_set: [1420800, 1420800]
client 14 leave_frequency_set: [1113600, 1113600]
Edge 8 begin training
client 3 leave_frequency_set: [1113600, 1113600]
client 21 leave_frequency_set: [1113600, 1267200]
client 22 leave_frequency_set: [1113600, 1113600]
Edge 6 begin training
client 8 leave_frequency_set: [1113600, 1113600]
client 39 leave_frequency_set: [1420800, 1420800]
client 4 leave_frequency_set: [1113600, 1420800]
Edge 0 begin training
client 16 leave_frequency_set: [1113600, 1113600]
client 15 leave_frequency_set: [1420800, 1420800]
client 26 leave_frequency_set: [1113600, 1113600]
Edge 4 begin training
client 1 leave_frequency_set: [1267200, 1267200]
client 36 leave_frequency_set: [1113600, 1113600]
client 28 leave_frequency_set: [1113600, 1113600]
Edge 3 begin training
client 13 leave_frequency_set: [1113600, 1113600]
client 20 leave_frequency_set: [1113600, 1113600]
client 18 leave_frequency_set: [1113600, 1113600]
readyList:
[7, 5, 1, 2, 6, 9, 8, 0, 4, 3]
aggregation_buffer:
[7, 5, 1, 2, 6, 9, 8, 0, 4, 3]
end Update
server_global_time: 382.7339451609969
only_train_time: 6221.012316484003

-------------Global Round number: 5-------------

Evaluate heterogeneous models
Averaged Test Accuracy (Regular Model): 0.8973
Averaged Test Accuracy (Prototype Model): 0.8507
Averaged Train Loss (Regular Model): 0.2861
Averaged Train Loss (Regular + Proto): 0.3307
All Energy: 10854.4078
Std Test Accuracy (Regular Model): 0.0688
Std Test Accuracy (Prototype Model): 0.1123
tobetrained:
[7, 5, 1, 2, 6, 9, 8, 0, 4, 3]
Edge 7 begin training
client 30 leave_frequency_set: [1113600, 1113600]
client 6 leave_frequency_set: [1267200, 1420800]
client 23 leave_frequency_set: [1113600, 1113600]
Edge 5 begin training
client 11 leave_frequency_set: [1113600, 1267200]
client 0 leave_frequency_set: [1113600, 1267200]
client 32 leave_frequency_set: [1728000, 1728000]
Edge 1 begin training
client 17 leave_frequency_set: [1574400, 1728000]
client 24 leave_frequency_set: [1113600, 1113600]
client 12 leave_frequency_set: [1113600, 1113600]
Edge 2 begin training
client 5 leave_frequency_set: [1728000, 1728000]
client 2 leave_frequency_set: [1113600, 1113600]
client 38 leave_frequency_set: [1420800, 1881600]
Edge 6 begin training
client 39 leave_frequency_set: [1267200, 1420800]
client 4 leave_frequency_set: [1267200, 1267200]
client 8 leave_frequency_set: [1113600, 1113600]
Edge 9 begin training
client 10 leave_frequency_set: [1113600, 1113600]
client 14 leave_frequency_set: [1113600, 1113600]
client 27 leave_frequency_set: [1267200, 1420800]
Edge 8 begin training
client 21 leave_frequency_set: [1267200, 1267200]
client 3 leave_frequency_set: [1113600, 1113600]
client 22 leave_frequency_set: [1113600, 1113600]
Edge 0 begin training
client 16 leave_frequency_set: [1113600, 1113600]
client 15 leave_frequency_set: [1420800, 1574400]
client 26 leave_frequency_set: [1113600, 1113600]
Edge 4 begin training
client 28 leave_frequency_set: [1113600, 1113600]
client 1 leave_frequency_set: [1267200, 1267200]
client 36 leave_frequency_set: [1113600, 1113600]
Edge 3 begin training
client 18 leave_frequency_set: [1113600, 1113600]
client 13 leave_frequency_set: [1113600, 1113600]
client 20 leave_frequency_set: [1113600, 1113600]
readyList:
[7, 5, 1, 9, 6, 8, 2, 0, 4, 3]
aggregation_buffer:
[7, 5, 1, 9, 6, 8, 2, 0, 4, 3]
end Update
server_global_time: 449.6408058859979
only_train_time: 7330.006512799012

-------------Global Round number: 6-------------

Evaluate heterogeneous models
Averaged Test Accuracy (Regular Model): 0.9033
Averaged Test Accuracy (Prototype Model): 0.8553
Averaged Train Loss (Regular Model): 0.2606
Averaged Train Loss (Regular + Proto): 0.3022
All Energy: 12795.8365
Std Test Accuracy (Regular Model): 0.0642
Std Test Accuracy (Prototype Model): 0.1034
tobetrained:
[7, 5, 1, 9, 6, 8, 2, 0, 4, 3]
Edge 7 begin training
client 30 leave_frequency_set: [1113600, 1113600]
client 6 leave_frequency_set: [1267200, 1574400]
client 23 leave_frequency_set: [1113600, 1113600]
Edge 5 begin training
client 0 leave_frequency_set: [1113600, 1267200]
client 32 leave_frequency_set: [1728000, 1728000]
client 11 leave_frequency_set: [1113600, 1267200]
Edge 1 begin training
client 33 leave_frequency_set: [1113600, 1113600]
client 12 leave_frequency_set: [1113600, 1113600]
client 24 leave_frequency_set: [1113600, 1113600]
Edge 9 begin training
client 10 leave_frequency_set: [1113600, 1113600]
client 27 leave_frequency_set: [1267200, 1420800]
client 14 leave_frequency_set: [1113600, 1113600]
Edge 6 begin training
client 4 leave_frequency_set: [1113600, 1113600]
client 39 leave_frequency_set: [1267200, 1574400]
client 8 leave_frequency_set: [1420800, 1574400]
Edge 8 begin training
client 22 leave_frequency_set: [1113600, 1113600]
client 21 leave_frequency_set: [1113600, 1267200]
client 3 leave_frequency_set: [1113600, 1113600]
Edge 2 begin training
client 2 leave_frequency_set: [1113600, 1113600]
client 5 leave_frequency_set: [1574400, 2035200]
client 38 leave_frequency_set: [1574400, 1728000]
Edge 0 begin training
client 15 leave_frequency_set: [1574400, 1574400]
client 26 leave_frequency_set: [1113600, 1113600]
client 16 leave_frequency_set: [1113600, 1113600]
Edge 4 begin training
client 28 leave_frequency_set: [1113600, 1113600]
client 36 leave_frequency_set: [1113600, 1113600]
client 7 leave_frequency_set: [1267200, 1267200]
Edge 3 begin training
client 18 leave_frequency_set: [1113600, 1113600]
client 20 leave_frequency_set: [1113600, 1113600]
client 13 leave_frequency_set: [1113600, 1113600]
readyList:
[7, 5, 9, 2, 6, 8, 0, 1, 4, 3]
aggregation_buffer:
[7, 5, 9, 2, 6, 8, 0, 1, 4, 3]
end Update
server_global_time: 516.4067122129982
only_train_time: 8470.320704523998

-------------Global Round number: 7-------------

Evaluate heterogeneous models
Averaged Test Accuracy (Regular Model): 0.9070
Averaged Test Accuracy (Prototype Model): 0.8605
Averaged Train Loss (Regular Model): 0.2396
Averaged Train Loss (Regular + Proto): 0.2797
All Energy: 14776.6431
Std Test Accuracy (Regular Model): 0.0611
Std Test Accuracy (Prototype Model): 0.1105
tobetrained:
[7, 5, 9, 2, 6, 8, 0, 1, 4, 3]
Edge 7 begin training
client 23 leave_frequency_set: [1113600, 1113600]
client 6 leave_frequency_set: [1267200, 1267200]
client 30 leave_frequency_set: [1113600, 1113600]
Edge 5 begin training
client 32 leave_frequency_set: [1728000, 1728000]
client 0 leave_frequency_set: [1113600, 1113600]
client 11 leave_frequency_set: [1113600, 1113600]
Edge 9 begin training
client 27 leave_frequency_set: [1420800, 1574400]
client 14 leave_frequency_set: [1113600, 1113600]
client 10 leave_frequency_set: [1113600, 1113600]
Edge 2 begin training
client 38 leave_frequency_set: [1420800, 1728000]
client 25 leave_frequency_set: [1728000, 1728000]
client 2 leave_frequency_set: [1113600, 1113600]
Edge 6 begin training
client 8 leave_frequency_set: [1113600, 1113600]
client 4 leave_frequency_set: [1267200, 1267200]
client 39 leave_frequency_set: [1420800, 1574400]
Edge 8 begin training
client 21 leave_frequency_set: [1113600, 1267200]
client 22 leave_frequency_set: [1113600, 1113600]
client 3 leave_frequency_set: [1113600, 1113600]
Edge 0 begin training
client 19 leave_frequency_set: [1267200, 1420800]
client 15 leave_frequency_set: [1113600, 1113600]
client 16 leave_frequency_set: [1113600, 1113600]
Edge 1 begin training
client 12 leave_frequency_set: [1113600, 1113600]
client 33 leave_frequency_set: [1728000, 1728000]
client 24 leave_frequency_set: [1113600, 1113600]
Edge 4 begin training
client 7 leave_frequency_set: [1113600, 1113600]
client 28 leave_frequency_set: [1113600, 1113600]
client 36 leave_frequency_set: [1113600, 1113600]
Edge 3 begin training
client 20 leave_frequency_set: [1113600, 1113600]
client 13 leave_frequency_set: [1113600, 1113600]
client 18 leave_frequency_set: [1113600, 1113600]
readyList:
[7, 1, 2, 9, 6, 8, 5, 0, 4, 3]
aggregation_buffer:
[7, 1, 2, 9, 6, 8, 5, 0, 4, 3]
end Update
server_global_time: 582.7066260519987
only_train_time: 9646.609807886993

-------------Global Round number: 8-------------

Evaluate heterogeneous models
Averaged Test Accuracy (Regular Model): 0.9097
Averaged Test Accuracy (Prototype Model): 0.8722
Averaged Train Loss (Regular Model): 0.2124
Averaged Train Loss (Regular + Proto): 0.2509
All Energy: 16806.0884
Std Test Accuracy (Regular Model): 0.0611
Std Test Accuracy (Prototype Model): 0.0919
tobetrained:
[7, 1, 2, 9, 6, 8, 5, 0, 4, 3]
Edge 7 begin training
client 23 leave_frequency_set: [1113600, 1113600]
client 6 leave_frequency_set: [1267200, 1420800]
client 30 leave_frequency_set: [1113600, 1113600]
Edge 1 begin training
client 17 leave_frequency_set: [1728000, 1728000]
client 12 leave_frequency_set: [1113600, 1113600]
client 24 leave_frequency_set: [1113600, 1113600]
Edge 2 begin training
client 2 leave_frequency_set: [1113600, 1113600]
client 25 leave_frequency_set: [1728000, 1881600]
client 38 leave_frequency_set: [1574400, 1574400]
Edge 9 begin training
client 10 leave_frequency_set: [1113600, 1267200]
client 27 leave_frequency_set: [1420800, 1420800]
client 14 leave_frequency_set: [1113600, 1113600]
Edge 6 begin training
client 39 leave_frequency_set: [1113600, 1113600]
client 8 leave_frequency_set: [1113600, 1113600]
client 9 leave_frequency_set: [1113600, 1113600]
Edge 8 begin training
client 3 leave_frequency_set: [1113600, 1113600]
client 21 leave_frequency_set: [1113600, 1113600]
client 22 leave_frequency_set: [1113600, 1113600]
Edge 5 begin training
client 0 leave_frequency_set: [1113600, 1113600]
client 11 leave_frequency_set: [1113600, 1113600]
client 32 leave_frequency_set: [1420800, 1728000]
Edge 0 begin training
client 15 leave_frequency_set: [1574400, 1574400]
client 26 leave_frequency_set: [1113600, 1113600]
client 16 leave_frequency_set: [1113600, 1113600]
Edge 4 begin training
client 28 leave_frequency_set: [1113600, 1113600]
client 36 leave_frequency_set: [1113600, 1113600]
client 7 leave_frequency_set: [1113600, 1113600]
Edge 3 begin training
client 18 leave_frequency_set: [1113600, 1113600]
client 20 leave_frequency_set: [1113600, 1113600]
client 13 leave_frequency_set: [1113600, 1113600]
readyList:
[7, 9, 2, 0, 1, 8, 6, 5, 4, 3]
aggregation_buffer:
[7, 9, 2, 0, 1, 8, 6, 5, 4, 3]
end Update
server_global_time: 649.1397027669973
only_train_time: 10864.117312424996

-------------Global Round number: 9-------------

Evaluate heterogeneous models
Averaged Test Accuracy (Regular Model): 0.9040
Averaged Test Accuracy (Prototype Model): 0.8719
Averaged Train Loss (Regular Model): 0.2016
Averaged Train Loss (Regular + Proto): 0.2383
All Energy: 18882.7944
Std Test Accuracy (Regular Model): 0.0655
Std Test Accuracy (Prototype Model): 0.0965
tobetrained:
[7, 9, 2, 0, 1, 8, 6, 5, 4, 3]
Edge 7 begin training
client 23 leave_frequency_set: [1113600, 1113600]
client 6 leave_frequency_set: [1113600, 1113600]
client 30 leave_frequency_set: [1113600, 1113600]
Edge 9 begin training
client 14 leave_frequency_set: [1113600, 1113600]
client 27 leave_frequency_set: [1420800, 1420800]
client 10 leave_frequency_set: [1113600, 1113600]
Edge 2 begin training
client 2 leave_frequency_set: [1113600, 1113600]
client 5 leave_frequency_set: [1113600, 1113600]
client 38 leave_frequency_set: [1113600, 1113600]
Edge 0 begin training
client 15 leave_frequency_set: [1420800, 1574400]
client 26 leave_frequency_set: [1113600, 1113600]
client 16 leave_frequency_set: [1113600, 1113600]
Edge 1 begin training
client 24 leave_frequency_set: [1113600, 1113600]
client 12 leave_frequency_set: [1113600, 1113600]
client 17 leave_frequency_set: [1728000, 1728000]
Edge 8 begin training
client 3 leave_frequency_set: [1113600, 1113600]
client 22 leave_frequency_set: [1113600, 1113600]
client 21 leave_frequency_set: [1113600, 1113600]
Edge 6 begin training
client 8 leave_frequency_set: [1113600, 1113600]
client 9 leave_frequency_set: [1574400, 1728000]
client 39 leave_frequency_set: [1420800, 1574400]
Edge 5 begin training
client 11 leave_frequency_set: [1113600, 1113600]
client 32 leave_frequency_set: [1574400, 1881600]
client 0 leave_frequency_set: [1113600, 1113600]
Edge 4 begin training
client 28 leave_frequency_set: [1113600, 1113600]
client 36 leave_frequency_set: [1113600, 1113600]
client 1 leave_frequency_set: [1267200, 1267200]
Edge 3 begin training
client 13 leave_frequency_set: [1113600, 1113600]
client 18 leave_frequency_set: [1113600, 1113600]
client 20 leave_frequency_set: [1113600, 1113600]
readyList:
[7, 6, 9, 5, 0, 8, 1, 4, 2, 3]
aggregation_buffer:
[7, 6, 9, 5, 0, 8, 1, 4, 2, 3]
end Update
server_global_time: 735.2615483949976
only_train_time: 12099.648598824997

-------------Global Round number: 10-------------

Evaluate heterogeneous models
Averaged Test Accuracy (Regular Model): 0.9119
Averaged Test Accuracy (Prototype Model): 0.8802
Averaged Train Loss (Regular Model): 0.1801
Averaged Train Loss (Regular + Proto): 0.2158
All Energy: 21006.0145
Std Test Accuracy (Regular Model): 0.0606
Std Test Accuracy (Prototype Model): 0.0905
tobetrained:
[7, 6, 9, 5, 0, 8, 1, 4, 2, 3]
Edge 7 begin training
client 6 leave_frequency_set: [1113600, 1420800]
client 30 leave_frequency_set: [1113600, 1113600]
client 23 leave_frequency_set: [1113600, 1113600]
Edge 6 begin training
client 8 leave_frequency_set: [1113600, 1113600]
client 39 leave_frequency_set: [1420800, 1420800]
client 4 leave_frequency_set: [1113600, 1267200]
Edge 9 begin training
client 14 leave_frequency_set: [1113600, 1113600]
client 10 leave_frequency_set: [1113600, 1113600]
client 27 leave_frequency_set: [1267200, 1267200]
Edge 5 begin training
client 32 leave_frequency_set: [1420800, 1728000]
client 0 leave_frequency_set: [1113600, 1113600]
client 11 leave_frequency_set: [1113600, 1113600]
Edge 0 begin training
client 16 leave_frequency_set: [1113600, 1113600]
client 19 leave_frequency_set: [1113600, 1113600]
client 26 leave_frequency_set: [1113600, 1113600]
Edge 8 begin training
client 22 leave_frequency_set: [1113600, 1113600]
client 21 leave_frequency_set: [1267200, 1267200]
client 3 leave_frequency_set: [1113600, 1113600]
Edge 1 begin training
client 33 leave_frequency_set: [1574400, 1881600]
client 24 leave_frequency_set: [1113600, 1113600]
client 12 leave_frequency_set: [1113600, 1113600]
Edge 4 begin training
client 36 leave_frequency_set: [1113600, 1113600]
client 28 leave_frequency_set: [1113600, 1113600]
client 1 leave_frequency_set: [1267200, 1267200]
Edge 2 begin training
client 38 leave_frequency_set: [1267200, 1420800]
client 2 leave_frequency_set: [1113600, 1113600]
client 5 leave_frequency_set: [1728000, 1881600]
Edge 3 begin training
client 20 leave_frequency_set: [1113600, 1113600]
client 13 leave_frequency_set: [1113600, 1113600]
client 18 leave_frequency_set: [1113600, 1113600]
readyList:
[7, 5, 9, 8, 6, 2, 4, 1, 0, 3]
aggregation_buffer:
[7, 5, 9, 8, 6, 2, 4, 1, 0, 3]
end Update
server_global_time: 812.385050728999
only_train_time: 13371.57974050502

-------------Global Round number: 11-------------

Evaluate heterogeneous models
Averaged Test Accuracy (Regular Model): 0.9151
Averaged Test Accuracy (Prototype Model): 0.8850
Averaged Train Loss (Regular Model): 0.1610
Averaged Train Loss (Regular + Proto): 0.1953
All Energy: 23186.6661
Std Test Accuracy (Regular Model): 0.0570
Std Test Accuracy (Prototype Model): 0.0872
tobetrained:
[7, 5, 9, 8, 6, 2, 4, 1, 0, 3]
Edge 7 begin training
client 6 leave_frequency_set: [1113600, 1267200]
client 30 leave_frequency_set: [1113600, 1113600]
client 23 leave_frequency_set: [1113600, 1113600]
Edge 5 begin training
client 11 leave_frequency_set: [1113600, 1113600]
client 32 leave_frequency_set: [1574400, 1574400]
client 0 leave_frequency_set: [1113600, 1113600]
Edge 9 begin training
client 10 leave_frequency_set: [1113600, 1113600]
client 27 leave_frequency_set: [1267200, 1728000]
client 14 leave_frequency_set: [1113600, 1113600]
Edge 8 begin training
client 21 leave_frequency_set: [1267200, 1420800]
client 3 leave_frequency_set: [1113600, 1113600]
client 22 leave_frequency_set: [1113600, 1113600]
Edge 6 begin training
client 4 leave_frequency_set: [1113600, 1267200]
client 8 leave_frequency_set: [1113600, 1113600]
client 39 leave_frequency_set: [1574400, 1574400]
Edge 2 begin training
client 38 leave_frequency_set: [1574400, 1574400]
client 25 leave_frequency_set: [1728000, 1728000]
client 2 leave_frequency_set: [1113600, 1113600]
Edge 4 begin training
client 28 leave_frequency_set: [1113600, 1113600]
client 36 leave_frequency_set: [1113600, 1113600]
client 1 leave_frequency_set: [1728000, 1728000]
Edge 1 begin training
client 24 leave_frequency_set: [1113600, 1113600]
client 33 leave_frequency_set: [1728000, 1728000]
client 12 leave_frequency_set: [1113600, 1113600]
Edge 0 begin training
client 16 leave_frequency_set: [1113600, 1113600]
client 15 leave_frequency_set: [1420800, 1420800]
client 26 leave_frequency_set: [1113600, 1113600]
Edge 3 begin training
client 13 leave_frequency_set: [1113600, 1113600]
client 18 leave_frequency_set: [1113600, 1113600]
client 20 leave_frequency_set: [1113600, 1113600]
readyList:
[5, 9, 6, 8, 1, 4, 2, 7, 0, 3]
aggregation_buffer:
[5, 9, 6, 8, 1, 4, 2, 7, 0, 3]
end Update
server_global_time: 886.6874255460007
only_train_time: 14646.085745796014

-------------Global Round number: 12-------------

Evaluate heterogeneous models
Averaged Test Accuracy (Regular Model): 0.9164
Averaged Test Accuracy (Prototype Model): 0.8843
Averaged Train Loss (Regular Model): 0.1554
Averaged Train Loss (Regular + Proto): 0.1890
All Energy: 25377.3975
Std Test Accuracy (Regular Model): 0.0571
Std Test Accuracy (Prototype Model): 0.0846
tobetrained:
[5, 9, 6, 8, 1, 4, 2, 7, 0, 3]
Edge 5 begin training
client 32 leave_frequency_set: [1728000, 1881600]
client 0 leave_frequency_set: [1113600, 1113600]
client 11 leave_frequency_set: [1113600, 1113600]
Edge 9 begin training
client 10 leave_frequency_set: [1113600, 1113600]
client 27 leave_frequency_set: [1420800, 1420800]
client 14 leave_frequency_set: [1113600, 1113600]
Edge 6 begin training
client 8 leave_frequency_set: [1113600, 1113600]
client 39 leave_frequency_set: [1574400, 1574400]
client 4 leave_frequency_set: [1267200, 1420800]
Edge 8 begin training
client 3 leave_frequency_set: [1113600, 1113600]
client 21 leave_frequency_set: [1113600, 1113600]
client 22 leave_frequency_set: [1113600, 1113600]
Edge 1 begin training
client 12 leave_frequency_set: [1113600, 1113600]
client 24 leave_frequency_set: [1113600, 1113600]
client 17 leave_frequency_set: [1728000, 1728000]
Edge 4 begin training
client 1 leave_frequency_set: [1113600, 1113600]
client 36 leave_frequency_set: [1113600, 1113600]
client 28 leave_frequency_set: [1113600, 1113600]
Edge 2 begin training
client 25 leave_frequency_set: [1574400, 1728000]
client 38 leave_frequency_set: [1420800, 1420800]
client 2 leave_frequency_set: [1113600, 1113600]
Edge 7 begin training
client 30 leave_frequency_set: [1113600, 1113600]
client 23 leave_frequency_set: [1113600, 1113600]
client 6 leave_frequency_set: [1113600, 1267200]
Edge 0 begin training
client 19 leave_frequency_set: [1113600, 1113600]
client 16 leave_frequency_set: [1113600, 1113600]
client 15 leave_frequency_set: [1113600, 1113600]
Edge 3 begin training
client 20 leave_frequency_set: [1113600, 1113600]
client 13 leave_frequency_set: [1113600, 1113600]
client 18 leave_frequency_set: [1113600, 1113600]
readyList:
[7, 1, 9, 5, 2, 8, 6, 4, 3, 0]
aggregation_buffer:
[7, 1, 9, 5, 2, 8, 6, 4, 3, 0]
end Update
server_global_time: 962.4734800970018
only_train_time: 16029.434411491

-------------Global Round number: 13-------------

Evaluate heterogeneous models
Averaged Test Accuracy (Regular Model): 0.9177
Averaged Test Accuracy (Prototype Model): 0.8863
Averaged Train Loss (Regular Model): 0.1417
Averaged Train Loss (Regular + Proto): 0.1740
All Energy: 27673.8313
Std Test Accuracy (Regular Model): 0.0556
Std Test Accuracy (Prototype Model): 0.0883
tobetrained:
[7, 1, 9, 5, 2, 8, 6, 4, 3, 0]
Edge 7 begin training
client 6 leave_frequency_set: [1113600, 1113600]
client 30 leave_frequency_set: [1113600, 1113600]
client 23 leave_frequency_set: [1113600, 1113600]
Edge 1 begin training
client 17 leave_frequency_set: [1574400, 2035200]
client 12 leave_frequency_set: [1113600, 1113600]
client 24 leave_frequency_set: [1113600, 1113600]
Edge 9 begin training
client 34 leave_frequency_set: [1113600, 1113600]
client 27 leave_frequency_set: [1113600, 1113600]
client 14 leave_frequency_set: [1113600, 1113600]
Edge 5 begin training
client 32 leave_frequency_set: [1574400, 1728000]
client 0 leave_frequency_set: [1113600, 1113600]
client 11 leave_frequency_set: [1113600, 1113600]
Edge 2 begin training
client 38 leave_frequency_set: [1267200, 1420800]
client 2 leave_frequency_set: [1113600, 1113600]
client 25 leave_frequency_set: [1728000, 1728000]
Edge 8 begin training
client 3 leave_frequency_set: [1113600, 1113600]
client 21 leave_frequency_set: [1267200, 1267200]
client 22 leave_frequency_set: [1113600, 1113600]
Edge 6 begin training
client 8 leave_frequency_set: [1113600, 1113600]
client 4 leave_frequency_set: [1113600, 1267200]
client 39 leave_frequency_set: [1420800, 1420800]
Edge 4 begin training
client 36 leave_frequency_set: [1113600, 1113600]
client 28 leave_frequency_set: [1113600, 1113600]
client 1 leave_frequency_set: [1420800, 1420800]
Edge 3 begin training
client 13 leave_frequency_set: [1113600, 1113600]
client 20 leave_frequency_set: [1113600, 1113600]
client 18 leave_frequency_set: [1113600, 1113600]
Edge 0 begin training
client 16 leave_frequency_set: [1113600, 1113600]
client 15 leave_frequency_set: [1420800, 1574400]
client 26 leave_frequency_set: [1113600, 1113600]
readyList:
[1, 7, 5, 6, 8, 2, 9, 4, 0, 3]
aggregation_buffer:
[1, 7, 5, 6, 8, 2, 9, 4, 0, 3]
end Update
server_global_time: 1040.1090903060012
only_train_time: 17464.90382528299

-------------Global Round number: 14-------------

Evaluate heterogeneous models
Averaged Test Accuracy (Regular Model): 0.9174
Averaged Test Accuracy (Prototype Model): 0.8872
Averaged Train Loss (Regular Model): 0.1315
Averaged Train Loss (Regular + Proto): 0.1634
All Energy: 30084.6891
Std Test Accuracy (Regular Model): 0.0571
Std Test Accuracy (Prototype Model): 0.0834
tobetrained:
[1, 7, 5, 6, 8, 2, 9, 4, 0, 3]
Edge 1 begin training
client 17 leave_frequency_set: [1881600, 1881600]
client 12 leave_frequency_set: [1113600, 1113600]
client 24 leave_frequency_set: [1113600, 1113600]
Edge 7 begin training
client 23 leave_frequency_set: [1113600, 1113600]
client 30 leave_frequency_set: [1113600, 1113600]
client 6 leave_frequency_set: [1267200, 1267200]
Edge 5 begin training
client 0 leave_frequency_set: [1267200, 1267200]
client 11 leave_frequency_set: [1113600, 1267200]
client 29 leave_frequency_set: [1728000, 1881600]
Edge 6 begin training
client 8 leave_frequency_set: [1113600, 1113600]
client 4 leave_frequency_set: [1267200, 1267200]
client 39 leave_frequency_set: [1420800, 1728000]
Edge 8 begin training
client 21 leave_frequency_set: [1267200, 1420800]
client 3 leave_frequency_set: [1113600, 1113600]
client 22 leave_frequency_set: [1113600, 1113600]
Edge 2 begin training
client 2 leave_frequency_set: [1113600, 1113600]
client 38 leave_frequency_set: [1420800, 1574400]
client 25 leave_frequency_set: [1420800, 1728000]
Edge 9 begin training
client 27 leave_frequency_set: [1420800, 1574400]
client 10 leave_frequency_set: [1113600, 1113600]
client 14 leave_frequency_set: [1113600, 1113600]
Edge 4 begin training
client 1 leave_frequency_set: [1113600, 1113600]
client 36 leave_frequency_set: [1113600, 1113600]
client 28 leave_frequency_set: [1113600, 1113600]
Edge 0 begin training
client 15 leave_frequency_set: [1574400, 1574400]
client 16 leave_frequency_set: [1113600, 1113600]
client 26 leave_frequency_set: [1113600, 1113600]
Edge 3 begin training
client 13 leave_frequency_set: [1113600, 1113600]
client 18 leave_frequency_set: [1113600, 1113600]
client 20 leave_frequency_set: [1113600, 1113600]
readyList:
[7, 1, 5, 6, 9, 2, 0, 4, 8, 3]
aggregation_buffer:
[7, 1, 5, 6, 9, 2, 0, 4, 8, 3]
end Update
server_global_time: 1142.9315751269987
only_train_time: 18923.17726016099

-------------Global Round number: 15-------------

Evaluate heterogeneous models
Averaged Test Accuracy (Regular Model): 0.9207
Averaged Test Accuracy (Prototype Model): 0.8915
Averaged Train Loss (Regular Model): 0.1145
Averaged Train Loss (Regular + Proto): 0.1454
All Energy: 32551.7794
Std Test Accuracy (Regular Model): 0.0519
Std Test Accuracy (Prototype Model): 0.0814
tobetrained:
[7, 1, 5, 6, 9, 2, 0, 4, 8, 3]
Edge 7 begin training
client 30 leave_frequency_set: [1113600, 1113600]
client 23 leave_frequency_set: [1113600, 1113600]
client 6 leave_frequency_set: [1113600, 1267200]
Edge 1 begin training
client 12 leave_frequency_set: [1113600, 1113600]
client 24 leave_frequency_set: [1113600, 1113600]
client 33 leave_frequency_set: [1574400, 1881600]
Edge 5 begin training
client 11 leave_frequency_set: [1113600, 1113600]
client 0 leave_frequency_set: [1267200, 1267200]
client 32 leave_frequency_set: [1574400, 1728000]
Edge 6 begin training
client 4 leave_frequency_set: [1113600, 1113600]
client 39 leave_frequency_set: [1267200, 1420800]
client 8 leave_frequency_set: [1113600, 1113600]
Edge 9 begin training
client 10 leave_frequency_set: [1113600, 1113600]
client 14 leave_frequency_set: [1113600, 1113600]
client 27 leave_frequency_set: [1113600, 1113600]
Edge 2 begin training
client 38 leave_frequency_set: [1420800, 1881600]
client 25 leave_frequency_set: [1728000, 2035200]
client 2 leave_frequency_set: [1113600, 1113600]
Edge 0 begin training
client 15 leave_frequency_set: [1267200, 1420800]
client 16 leave_frequency_set: [1113600, 1113600]
client 26 leave_frequency_set: [1113600, 1113600]
Edge 4 begin training
client 1 leave_frequency_set: [1420800, 1420800]
client 36 leave_frequency_set: [1113600, 1113600]
client 28 leave_frequency_set: [1113600, 1113600]
Edge 8 begin training
client 3 leave_frequency_set: [1113600, 1113600]
client 21 leave_frequency_set: [1113600, 1267200]
client 22 leave_frequency_set: [1113600, 1113600]
Edge 3 begin training
client 20 leave_frequency_set: [1113600, 1113600]
client 13 leave_frequency_set: [1113600, 1113600]
client 18 leave_frequency_set: [1113600, 1113600]
readyList:
[7, 2, 5, 6, 4, 9, 1, 3, 0, 8]
aggregation_buffer:
[7, 2, 5, 6, 4, 9, 1, 3, 0, 8]
end Update
server_global_time: 1232.0373571340006
only_train_time: 20546.566388087987

-------------Global Round number: 16-------------

Evaluate heterogeneous models
Averaged Test Accuracy (Regular Model): 0.9199
Averaged Test Accuracy (Prototype Model): 0.8933
Averaged Train Loss (Regular Model): 0.1037
Averaged Train Loss (Regular + Proto): 0.1340
All Energy: 35165.4022
Std Test Accuracy (Regular Model): 0.0547
Std Test Accuracy (Prototype Model): 0.0782
tobetrained:
[7, 2, 5, 6, 4, 9, 1, 3, 0, 8]
Edge 7 begin training
client 6 leave_frequency_set: [1113600, 1113600]
client 30 leave_frequency_set: [1113600, 1113600]
client 23 leave_frequency_set: [1113600, 1113600]
Edge 2 begin training
client 2 leave_frequency_set: [1113600, 1113600]
client 38 leave_frequency_set: [1420800, 1574400]
client 5 leave_frequency_set: [1881600, 1881600]
Edge 5 begin training
client 32 leave_frequency_set: [1574400, 1574400]
client 0 leave_frequency_set: [1113600, 1113600]
client 11 leave_frequency_set: [1113600, 1113600]
Edge 6 begin training
client 8 leave_frequency_set: [1113600, 1113600]
client 39 leave_frequency_set: [1574400, 1728000]
client 4 leave_frequency_set: [1267200, 1267200]
Edge 4 begin training
client 28 leave_frequency_set: [1113600, 1113600]
client 36 leave_frequency_set: [1113600, 1113600]
client 1 leave_frequency_set: [1420800, 1420800]
Edge 9 begin training
client 14 leave_frequency_set: [1113600, 1113600]
client 27 leave_frequency_set: [1420800, 1420800]
client 10 leave_frequency_set: [1113600, 1113600]
Edge 1 begin training
client 33 leave_frequency_set: [1728000, 1881600]
client 24 leave_frequency_set: [1113600, 1113600]
client 12 leave_frequency_set: [1113600, 1113600]
Edge 3 begin training
client 20 leave_frequency_set: [1113600, 1113600]
client 18 leave_frequency_set: [1113600, 1113600]
client 13 leave_frequency_set: [1113600, 1113600]
Edge 0 begin training
client 26 leave_frequency_set: [1113600, 1113600]
client 16 leave_frequency_set: [1113600, 1113600]
client 15 leave_frequency_set: [1420800, 1574400]
Edge 8 begin training
client 21 leave_frequency_set: [1113600, 1267200]
client 3 leave_frequency_set: [1113600, 1113600]
client 22 leave_frequency_set: [1113600, 1113600]
readyList:
[1, 2, 5, 0, 4, 7, 9, 6, 8, 3]
aggregation_buffer:
[1, 2, 5, 0, 4, 7, 9, 6, 8, 3]
end Update
server_global_time: 1349.487855129004
only_train_time: 22344.810982097973

-------------Global Round number: 17-------------

Evaluate heterogeneous models
Averaged Test Accuracy (Regular Model): 0.9219
Averaged Test Accuracy (Prototype Model): 0.8939
Averaged Train Loss (Regular Model): 0.1014
Averaged Train Loss (Regular + Proto): 0.1310
All Energy: 37927.6636
Std Test Accuracy (Regular Model): 0.0523
Std Test Accuracy (Prototype Model): 0.0809
tobetrained:
[1, 2, 5, 0, 4, 7, 9, 6, 8, 3]
Edge 1 begin training
client 24 leave_frequency_set: [1113600, 1113600]
client 12 leave_frequency_set: [1113600, 1113600]
client 33 leave_frequency_set: [1728000, 1728000]
Edge 2 begin training
