DVFS is on, train on CPU and no plots

==================================================
goal = test
device = cpu
device_id = 0
dataset = FashionMNIST_dir_0.3_imbalance_40
DVFS = 1
num_classes = 10
model_family = HCNNs8
batch_size = 256
local_learning_rate = 0.06
use_decay_scheduler = False
learning_rate_decay = False
learning_rate_decay_gamma = 0.99
global_rounds = 200
edge_epochs = 1
local_epochs = 3
algorithm = FedProto
join_ratio = 1.0
edge_join_ratio = 1.0
random_join_ratio = False
num_clients = 40
num_edges = 10
prev = 0
times = 1
eval_gap = 1
save_folder_name = temp
auto_break = False
feature_dim = 512
vocab_size = 98635
max_len = 200
client_drop_rate = 0.0
train_slow_rate = 0.0
send_slow_rate = 0.0
time_select = False
time_threthold = 10000
optimizer = SGD
lamda = 1.0
weight_decay = 0
trans_delay_simulate = False
momentum = 0.8
agg_type = 0
buffersize = 10
gl_use_clients = 1
test_useglclassifier = 1
gamma = 1
drawtsne = 0
drawround = 20
noise_dim = 512
generator_learning_rate = 0.0001
hidden_dim = 512
server_epochs = 100
alpha = 1.0
beta = 1.0
mentee_learning_rate = 0.005
T_start = 0.95
T_end = 0.98
server_learning_rate = 0.01
margin_threthold = 100.0
generator_path = stylegan/stylegan-xl-models/imagenet64.pkl
stable_diffusion_prompt = a cat
server_batch_size = 100
gen_batch_size = 4
mu = 50.0
buffer_size = 10
==================================================
Random seed set as 42

============= Running time: 0th =============
Creating server and clients ...
CNN(num_cov=1, hidden_dims=[], in_features=1, num_classes=args.num_classes)
CNN(num_cov=2, hidden_dims=[], in_features=1, num_classes=args.num_classes)
CNN(num_cov=1, hidden_dims=[512], in_features=1, num_classes=args.num_classes)
CNN(num_cov=2, hidden_dims=[512], in_features=1, num_classes=args.num_classes)
CNN(num_cov=1, hidden_dims=[1024], in_features=1, num_classes=args.num_classes)
CNN(num_cov=2, hidden_dims=[1024], in_features=1, num_classes=args.num_classes)
CNN(num_cov=1, hidden_dims=[1024, 512], in_features=1, num_classes=args.num_classes)
CNN(num_cov=2, hidden_dims=[1024, 512], in_features=1, num_classes=args.num_classes)
CNN(num_cov=1, hidden_dims=[], in_features=1, num_classes=args.num_classes) model chosen!
id 0
label_counts: defaultdict(<class 'int'>, {0: 287, 1: 338, 5: 106, 9: 545, 3: 26, 2: 98, 6: 3, 4: 1})
CNN(num_cov=2, hidden_dims=[], in_features=1, num_classes=args.num_classes) model chosen!
id 1
label_counts: defaultdict(<class 'int'>, {7: 199, 4: 630, 1: 507, 5: 47, 0: 18, 2: 18, 3: 3, 6: 2})
CNN(num_cov=1, hidden_dims=[512], in_features=1, num_classes=args.num_classes) model chosen!
id 2
label_counts: defaultdict(<class 'int'>, {9: 99, 0: 190, 7: 312, 5: 157, 6: 67, 4: 11, 3: 30, 8: 6, 2: 3})
CNN(num_cov=2, hidden_dims=[512], in_features=1, num_classes=args.num_classes) model chosen!
id 3
label_counts: defaultdict(<class 'int'>, {8: 190, 3: 171, 2: 395, 0: 3, 4: 51, 6: 100, 9: 19, 5: 4})
CNN(num_cov=1, hidden_dims=[1024], in_features=1, num_classes=args.num_classes) model chosen!
id 4
label_counts: defaultdict(<class 'int'>, {1: 428, 0: 327, 5: 553, 2: 202, 4: 5})
CNN(num_cov=2, hidden_dims=[1024], in_features=1, num_classes=args.num_classes) model chosen!
id 5
label_counts: defaultdict(<class 'int'>, {4: 421, 6: 633, 1: 100, 3: 41, 2: 58, 8: 45, 5: 13, 7: 11, 0: 1})
CNN(num_cov=1, hidden_dims=[1024, 512], in_features=1, num_classes=args.num_classes) model chosen!
id 6
label_counts: defaultdict(<class 'int'>, {4: 260, 8: 384, 9: 425, 3: 24, 6: 31, 2: 6, 1: 12, 7: 1})
CNN(num_cov=2, hidden_dims=[1024, 512], in_features=1, num_classes=args.num_classes) model chosen!
id 7
label_counts: defaultdict(<class 'int'>, {9: 477, 0: 36, 6: 335, 8: 645, 5: 13, 1: 11, 4: 53, 3: 38, 7: 16, 2: 7})
CNN(num_cov=1, hidden_dims=[], in_features=1, num_classes=args.num_classes) model chosen!
id 8
label_counts: defaultdict(<class 'int'>, {9: 102, 4: 502, 2: 81, 0: 124, 5: 17, 6: 63, 8: 26, 3: 9, 1: 3})
CNN(num_cov=2, hidden_dims=[], in_features=1, num_classes=args.num_classes) model chosen!
id 9
label_counts: defaultdict(<class 'int'>, {3: 943, 1: 139, 2: 177, 0: 75})
CNN(num_cov=1, hidden_dims=[512], in_features=1, num_classes=args.num_classes) model chosen!
id 10
label_counts: defaultdict(<class 'int'>, {4: 883, 8: 445, 2: 57, 3: 12, 5: 19, 0: 32, 7: 1, 1: 1, 6: 1})
CNN(num_cov=2, hidden_dims=[512], in_features=1, num_classes=args.num_classes) model chosen!
id 11
label_counts: defaultdict(<class 'int'>, {6: 147, 1: 58, 8: 220, 4: 230, 5: 54, 3: 44, 7: 8, 9: 88, 2: 13})
CNN(num_cov=1, hidden_dims=[1024], in_features=1, num_classes=args.num_classes) model chosen!
id 12
label_counts: defaultdict(<class 'int'>, {5: 101, 6: 248, 3: 165, 1: 263, 0: 206, 9: 14, 4: 1, 7: 1})
CNN(num_cov=2, hidden_dims=[1024], in_features=1, num_classes=args.num_classes) model chosen!
id 13
label_counts: defaultdict(<class 'int'>, {3: 402, 2: 795, 7: 197, 0: 11, 4: 7, 5: 3, 1: 7})
CNN(num_cov=1, hidden_dims=[1024, 512], in_features=1, num_classes=args.num_classes) model chosen!
id 14
label_counts: defaultdict(<class 'int'>, {3: 131, 0: 312, 5: 65, 1: 57, 9: 218, 2: 44, 4: 21, 8: 3})
CNN(num_cov=2, hidden_dims=[1024, 512], in_features=1, num_classes=args.num_classes) model chosen!
id 15
label_counts: defaultdict(<class 'int'>, {6: 980, 5: 215, 1: 39, 0: 83, 3: 12, 4: 2})
CNN(num_cov=1, hidden_dims=[], in_features=1, num_classes=args.num_classes) model chosen!
id 16
label_counts: defaultdict(<class 'int'>, {8: 280, 1: 860, 3: 83, 4: 58, 5: 68, 0: 140, 6: 18, 7: 1})
CNN(num_cov=2, hidden_dims=[], in_features=1, num_classes=args.num_classes) model chosen!
id 17
label_counts: defaultdict(<class 'int'>, {5: 490, 8: 642, 3: 30, 4: 28, 0: 104, 2: 16, 6: 21, 1: 2, 7: 1})
CNN(num_cov=1, hidden_dims=[512], in_features=1, num_classes=args.num_classes) model chosen!
id 18
label_counts: defaultdict(<class 'int'>, {5: 27, 7: 229, 4: 108, 8: 391, 1: 105, 3: 33, 6: 2, 0: 1, 2: 1})
CNN(num_cov=2, hidden_dims=[512], in_features=1, num_classes=args.num_classes) model chosen!
id 19
label_counts: defaultdict(<class 'int'>, {1: 364, 0: 1204})
CNN(num_cov=1, hidden_dims=[1024], in_features=1, num_classes=args.num_classes) model chosen!
id 20
label_counts: defaultdict(<class 'int'>, {9: 858, 2: 19, 7: 131, 1: 290, 6: 44, 4: 216, 0: 37, 5: 157, 8: 1, 3: 1})
CNN(num_cov=2, hidden_dims=[1024], in_features=1, num_classes=args.num_classes) model chosen!
id 21
label_counts: defaultdict(<class 'int'>, {7: 16, 1: 383, 4: 288, 6: 225, 0: 136, 3: 62, 8: 4, 9: 1, 5: 1})
CNN(num_cov=1, hidden_dims=[1024, 512], in_features=1, num_classes=args.num_classes) model chosen!
id 22
label_counts: defaultdict(<class 'int'>, {7: 387, 5: 243, 1: 102, 6: 68, 2: 9, 0: 12, 8: 15, 4: 1, 3: 1})
CNN(num_cov=2, hidden_dims=[1024, 512], in_features=1, num_classes=args.num_classes) model chosen!
id 23
label_counts: defaultdict(<class 'int'>, {9: 256, 0: 232, 8: 141, 1: 32, 5: 40, 3: 2, 7: 1, 6: 1})
CNN(num_cov=1, hidden_dims=[], in_features=1, num_classes=args.num_classes) model chosen!
id 24
label_counts: defaultdict(<class 'int'>, {4: 309, 3: 447, 5: 120, 9: 235, 0: 62, 8: 15, 1: 2})
CNN(num_cov=2, hidden_dims=[], in_features=1, num_classes=args.num_classes) model chosen!
id 25
label_counts: defaultdict(<class 'int'>, {3: 388, 5: 505, 1: 34, 0: 81, 7: 222, 2: 154, 4: 7})
CNN(num_cov=1, hidden_dims=[512], in_features=1, num_classes=args.num_classes) model chosen!
id 26
label_counts: defaultdict(<class 'int'>, {0: 443, 8: 568, 7: 172, 2: 116, 4: 139, 1: 10, 3: 26, 5: 5})
CNN(num_cov=2, hidden_dims=[512], in_features=1, num_classes=args.num_classes) model chosen!
id 27
label_counts: defaultdict(<class 'int'>, {2: 186, 5: 530, 6: 253, 3: 75, 0: 88, 4: 5, 7: 1})
CNN(num_cov=1, hidden_dims=[1024], in_features=1, num_classes=args.num_classes) model chosen!
id 28
label_counts: defaultdict(<class 'int'>, {0: 22, 1: 63, 9: 281, 3: 24, 7: 176, 2: 50, 8: 93, 4: 1, 5: 14, 6: 2})
CNN(num_cov=2, hidden_dims=[1024], in_features=1, num_classes=args.num_classes) model chosen!
id 29
label_counts: defaultdict(<class 'int'>, {5: 337, 8: 138, 6: 3, 7: 363, 1: 20, 9: 164, 3: 170, 2: 27, 4: 2})
CNN(num_cov=1, hidden_dims=[1024, 512], in_features=1, num_classes=args.num_classes) model chosen!
id 30
label_counts: defaultdict(<class 'int'>, {8: 229, 7: 302, 0: 243, 9: 43, 5: 24, 2: 1, 1: 2, 3: 2})
CNN(num_cov=2, hidden_dims=[1024, 512], in_features=1, num_classes=args.num_classes) model chosen!
id 31
label_counts: defaultdict(<class 'int'>, {2: 510, 1: 223, 4: 583, 0: 98})
CNN(num_cov=1, hidden_dims=[], in_features=1, num_classes=args.num_classes) model chosen!
id 32
label_counts: defaultdict(<class 'int'>, {9: 1142, 7: 49, 2: 276, 6: 75, 5: 146, 3: 51, 1: 20, 0: 31, 8: 12, 4: 1})
CNN(num_cov=2, hidden_dims=[], in_features=1, num_classes=args.num_classes) model chosen!
id 33
label_counts: defaultdict(<class 'int'>, {0: 151, 2: 405, 3: 276, 1: 76, 7: 122, 6: 254, 4: 83})
CNN(num_cov=1, hidden_dims=[512], in_features=1, num_classes=args.num_classes) model chosen!
id 34
label_counts: defaultdict(<class 'int'>, {6: 870, 2: 880, 1: 42, 0: 172, 3: 12, 4: 9})
CNN(num_cov=2, hidden_dims=[512], in_features=1, num_classes=args.num_classes) model chosen!
id 35
label_counts: defaultdict(<class 'int'>, {0: 300, 2: 90, 4: 312, 7: 36, 3: 121, 1: 25, 5: 70, 9: 70, 6: 18, 8: 1})
CNN(num_cov=1, hidden_dims=[1024], in_features=1, num_classes=args.num_classes) model chosen!
id 36
label_counts: defaultdict(<class 'int'>, {8: 221, 3: 364, 6: 412, 2: 127, 7: 124, 9: 158, 1: 41, 0: 3, 4: 5})
CNN(num_cov=2, hidden_dims=[1024], in_features=1, num_classes=args.num_classes) model chosen!
id 37
label_counts: defaultdict(<class 'int'>, {3: 1002, 7: 2178, 6: 142, 5: 11, 2: 20, 0: 1, 4: 3})
CNN(num_cov=1, hidden_dims=[1024, 512], in_features=1, num_classes=args.num_classes) model chosen!
id 38
label_counts: defaultdict(<class 'int'>, {5: 1124, 1: 545, 0: 14, 2: 23, 3: 21, 4: 1})
CNN(num_cov=2, hidden_dims=[1024, 512], in_features=1, num_classes=args.num_classes) model chosen!
id 39
label_counts: defaultdict(<class 'int'>, {8: 501, 2: 387, 6: 233, 1: 41, 5: 12, 7: 2, 0: 13, 3: 2, 4: 1, 9: 3})

Join ratio / total clients: 1.0 / 40
Finished creating server and clients.
tobetrained:
[9, 8, 7, 6, 5, 4, 3, 2, 1, 0]
Edge 9 begin training
Server global_protos Not Found
Server global_protos Not Found
Server global_protos Not Found
Server global_protos Not Found
Edge 8 begin training
Server global_protos Not Found
Server global_protos Not Found
Server global_protos Not Found
Server global_protos Not Found
Edge 7 begin training
Server global_protos Not Found
Server global_protos Not Found
Server global_protos Not Found
Server global_protos Not Found
Edge 6 begin training
Server global_protos Not Found
Server global_protos Not Found
Server global_protos Not Found
Server global_protos Not Found
Edge 5 begin training
Server global_protos Not Found
Server global_protos Not Found
Server global_protos Not Found
Server global_protos Not Found
Edge 4 begin training
Server global_protos Not Found
Server global_protos Not Found
Server global_protos Not Found
Server global_protos Not Found
Edge 3 begin training
Server global_protos Not Found
Server global_protos Not Found
Server global_protos Not Found
Server global_protos Not Found
Edge 2 begin training
Server global_protos Not Found
Server global_protos Not Found
Server global_protos Not Found
Server global_protos Not Found
Edge 1 begin training
Server global_protos Not Found
Server global_protos Not Found
Server global_protos Not Found
Server global_protos Not Found
Edge 0 begin training
Server global_protos Not Found
Server global_protos Not Found
Server global_protos Not Found
Server global_protos Not Found
readyList:
[7, 5, 6, 1, 2, 8, 0, 4, 9, 3]
aggregation_buffer:
[7, 5, 6, 1, 2, 8, 0, 4, 9, 3]
end Update
server_global_time: 64.55907969499822
only_train_time: 907.7899670199913

-------------Global Round number: 0-------------

Evaluate heterogeneous models
Averaged Test Accuracy (Regular Model): 0.7334
Averaged Test Accuracy (Prototype Model): 0.5787
Averaged Train Loss (Regular Model): 0.9747
Averaged Train Loss (Regular + Proto): 0.9747
All Energy: 2155.3108
Std Test Accuracy (Regular Model): 0.1917
Std Test Accuracy (Prototype Model): 0.2272
tobetrained:
[7, 5, 6, 1, 2, 8, 0, 4, 9, 3]
Edge 7 begin training
Edge 5 begin training
Edge 6 begin training
Edge 1 begin training
Edge 2 begin training
Edge 8 begin training
Edge 0 begin training
Edge 4 begin training
Edge 9 begin training
Edge 3 begin training
readyList:
[5, 9, 1, 6, 2, 8, 4, 0, 7, 3]
aggregation_buffer:
[5, 9, 1, 6, 2, 8, 4, 0, 7, 3]
end Update
server_global_time: 128.97527657700266
only_train_time: 1912.5178575160026

-------------Global Round number: 1-------------

Evaluate heterogeneous models
Averaged Test Accuracy (Regular Model): 0.8422
Averaged Test Accuracy (Prototype Model): 0.7321
Averaged Train Loss (Regular Model): 0.5247
Averaged Train Loss (Regular + Proto): 0.5950
All Energy: 4561.0121
Std Test Accuracy (Regular Model): 0.1214
Std Test Accuracy (Prototype Model): 0.1855
tobetrained:
[5, 9, 1, 6, 2, 8, 4, 0, 7, 3]
Edge 5 begin training
Edge 9 begin training
Edge 1 begin training
Edge 6 begin training
Edge 2 begin training
Edge 8 begin training
Edge 4 begin training
Edge 0 begin training
Edge 7 begin training
Edge 3 begin training
readyList:
[7, 5, 9, 6, 1, 8, 0, 4, 3, 2]
aggregation_buffer:
[7, 5, 9, 6, 1, 8, 0, 4, 3, 2]
end Update
server_global_time: 240.5700750870019
only_train_time: 2899.550405887996

-------------Global Round number: 2-------------

Evaluate heterogeneous models
Averaged Test Accuracy (Regular Model): 0.8667
Averaged Test Accuracy (Prototype Model): 0.7813
Averaged Train Loss (Regular Model): 0.4033
Averaged Train Loss (Regular + Proto): 0.4571
All Energy: 6921.9035
Std Test Accuracy (Regular Model): 0.0936
Std Test Accuracy (Prototype Model): 0.1399
tobetrained:
[7, 5, 9, 6, 1, 8, 0, 4, 3, 2]
Edge 7 begin training
Edge 5 begin training
Edge 9 begin training
Edge 6 begin training
Edge 1 begin training
Edge 8 begin training
Edge 0 begin training
Edge 4 begin training
Edge 3 begin training
Edge 2 begin training
readyList:
[7, 9, 6, 1, 2, 8, 0, 4, 5, 3]
aggregation_buffer:
[7, 9, 6, 1, 2, 8, 0, 4, 5, 3]
end Update
server_global_time: 306.32351339900197
only_train_time: 3846.739351103999

-------------Global Round number: 3-------------

Evaluate heterogeneous models
Averaged Test Accuracy (Regular Model): 0.8856
Averaged Test Accuracy (Prototype Model): 0.8196
Averaged Train Loss (Regular Model): 0.3355
Averaged Train Loss (Regular + Proto): 0.3831
All Energy: 9182.1328
Std Test Accuracy (Regular Model): 0.0786
Std Test Accuracy (Prototype Model): 0.1261
tobetrained:
[7, 9, 6, 1, 2, 8, 0, 4, 5, 3]
Edge 7 begin training
Edge 9 begin training
Edge 6 begin training
Edge 1 begin training
Edge 2 begin training
Edge 8 begin training
Edge 0 begin training
Edge 4 begin training
Edge 5 begin training
Edge 3 begin training
readyList:
[7, 5, 9, 6, 1, 2, 8, 0, 4, 3]
aggregation_buffer:
[7, 5, 9, 6, 1, 2, 8, 0, 4, 3]
end Update
server_global_time: 397.5861662430034
only_train_time: 4779.385960264008

-------------Global Round number: 4-------------

Evaluate heterogeneous models
Averaged Test Accuracy (Regular Model): 0.8959
Averaged Test Accuracy (Prototype Model): 0.8414
Averaged Train Loss (Regular Model): 0.2860
Averaged Train Loss (Regular + Proto): 0.3294
All Energy: 11405.4263
Std Test Accuracy (Regular Model): 0.0656
Std Test Accuracy (Prototype Model): 0.1109
tobetrained:
[7, 5, 9, 6, 1, 2, 8, 0, 4, 3]
Edge 7 begin training
Edge 5 begin training
Edge 9 begin training
Edge 6 begin training
Edge 1 begin training
Edge 2 begin training
Edge 8 begin training
Edge 0 begin training
Edge 4 begin training
Edge 3 begin training
readyList:
[7, 5, 9, 6, 1, 2, 8, 0, 4, 3]
aggregation_buffer:
[7, 5, 9, 6, 1, 2, 8, 0, 4, 3]
end Update
server_global_time: 463.35620356399886
only_train_time: 5685.797779303022

-------------Global Round number: 5-------------

Evaluate heterogeneous models
Averaged Test Accuracy (Regular Model): 0.9032
Averaged Test Accuracy (Prototype Model): 0.8500
Averaged Train Loss (Regular Model): 0.2533
Averaged Train Loss (Regular + Proto): 0.2944
All Energy: 13566.0204
Std Test Accuracy (Regular Model): 0.0645
Std Test Accuracy (Prototype Model): 0.1079
tobetrained:
[7, 5, 9, 6, 1, 2, 8, 0, 4, 3]
Edge 7 begin training
Edge 5 begin training
Edge 9 begin training
Edge 6 begin training
Edge 1 begin training
Edge 2 begin training
Edge 8 begin training
Edge 0 begin training
Edge 4 begin training
Edge 3 begin training
readyList:
[7, 5, 6, 1, 2, 8, 0, 4, 9, 3]
aggregation_buffer:
[7, 5, 6, 1, 2, 8, 0, 4, 9, 3]
end Update
server_global_time: 528.9835909649992
only_train_time: 6617.589038340026

-------------Global Round number: 6-------------

Evaluate heterogeneous models
Averaged Test Accuracy (Regular Model): 0.9071
Averaged Test Accuracy (Prototype Model): 0.8646
Averaged Train Loss (Regular Model): 0.2378
Averaged Train Loss (Regular + Proto): 0.2757
All Energy: 15793.1688
Std Test Accuracy (Regular Model): 0.0634
Std Test Accuracy (Prototype Model): 0.0987
tobetrained:
[7, 5, 6, 1, 2, 8, 0, 4, 9, 3]
Edge 7 begin training
Edge 5 begin training
Edge 6 begin training
Edge 1 begin training
Edge 2 begin training
Edge 8 begin training
Edge 0 begin training
Edge 4 begin training
Edge 9 begin training
Edge 3 begin training
readyList:
[7, 5, 9, 6, 1, 2, 8, 0, 4, 3]
aggregation_buffer:
[7, 5, 9, 6, 1, 2, 8, 0, 4, 3]
end Update
server_global_time: 595.8888828700001
only_train_time: 7522.782208113043

-------------Global Round number: 7-------------

Evaluate heterogeneous models
Averaged Test Accuracy (Regular Model): 0.9094
Averaged Test Accuracy (Prototype Model): 0.8679
Averaged Train Loss (Regular Model): 0.2073
Averaged Train Loss (Regular + Proto): 0.2440
All Energy: 17958.4816
Std Test Accuracy (Regular Model): 0.0631
Std Test Accuracy (Prototype Model): 0.1026
tobetrained:
[7, 5, 9, 6, 1, 2, 8, 0, 4, 3]
Edge 7 begin training
Edge 5 begin training
Edge 9 begin training
Edge 6 begin training
Edge 1 begin training
Edge 2 begin training
Edge 8 begin training
Edge 0 begin training
Edge 4 begin training
Edge 3 begin training
readyList:
[5, 9, 6, 1, 2, 8, 0, 4, 3, 7]
aggregation_buffer:
[5, 9, 6, 1, 2, 8, 0, 4, 3, 7]
end Update
server_global_time: 678.2093919129984
only_train_time: 8547.587343220046

-------------Global Round number: 8-------------

Evaluate heterogeneous models
Averaged Test Accuracy (Regular Model): 0.9075
Averaged Test Accuracy (Prototype Model): 0.8747
Averaged Train Loss (Regular Model): 0.1895
Averaged Train Loss (Regular + Proto): 0.2244
All Energy: 20429.2617
Std Test Accuracy (Regular Model): 0.0603
Std Test Accuracy (Prototype Model): 0.0890
tobetrained:
[5, 9, 6, 1, 2, 8, 0, 4, 3, 7]
Edge 5 begin training
Edge 9 begin training
Edge 6 begin training
Edge 1 begin training
Edge 2 begin training
Edge 8 begin training
Edge 0 begin training
Edge 4 begin training
Edge 3 begin training
Edge 7 begin training
readyList:
[7, 5, 1, 9, 6, 2, 0, 4, 8, 3]
aggregation_buffer:
[7, 5, 1, 9, 6, 2, 0, 4, 8, 3]
end Update
server_global_time: 745.305974805
only_train_time: 9484.81760014705

-------------Global Round number: 9-------------

Evaluate heterogeneous models
Averaged Test Accuracy (Regular Model): 0.9113
Averaged Test Accuracy (Prototype Model): 0.8750
Averaged Train Loss (Regular Model): 0.1650
Averaged Train Loss (Regular + Proto): 0.1995
All Energy: 22671.5074
Std Test Accuracy (Regular Model): 0.0604
Std Test Accuracy (Prototype Model): 0.0910
tobetrained:
[7, 5, 1, 9, 6, 2, 0, 4, 8, 3]
Edge 7 begin training
Edge 5 begin training
Edge 1 begin training
Edge 9 begin training
Edge 6 begin training
Edge 2 begin training
Edge 0 begin training
Edge 4 begin training
Edge 8 begin training
Edge 3 begin training
readyList:
[7, 5, 6, 9, 1, 2, 8, 0, 4, 3]
aggregation_buffer:
[7, 5, 6, 9, 1, 2, 8, 0, 4, 3]
end Update
server_global_time: 812.2035151310047
only_train_time: 10394.833523456029

-------------Global Round number: 10-------------

Evaluate heterogeneous models
Averaged Test Accuracy (Regular Model): 0.9180
Averaged Test Accuracy (Prototype Model): 0.8852
Averaged Train Loss (Regular Model): 0.1486
Averaged Train Loss (Regular + Proto): 0.1814
All Energy: 24841.4624
Std Test Accuracy (Regular Model): 0.0541
Std Test Accuracy (Prototype Model): 0.0818
tobetrained:
[7, 5, 6, 9, 1, 2, 8, 0, 4, 3]
Edge 7 begin training
Edge 5 begin training
Edge 6 begin training
Edge 9 begin training
Edge 1 begin training
Edge 2 begin training
Edge 8 begin training
Edge 0 begin training
Edge 4 begin training
Edge 3 begin training
readyList:
[7, 5, 9, 1, 6, 2, 8, 0, 4, 3]
aggregation_buffer:
[7, 5, 9, 1, 6, 2, 8, 0, 4, 3]
end Update
server_global_time: 877.6953249490034
only_train_time: 11301.062845989029

-------------Global Round number: 11-------------

Evaluate heterogeneous models
Averaged Test Accuracy (Regular Model): 0.9189
Averaged Test Accuracy (Prototype Model): 0.8851
Averaged Train Loss (Regular Model): 0.1347
Averaged Train Loss (Regular + Proto): 0.1664
All Energy: 26999.7886
Std Test Accuracy (Regular Model): 0.0537
Std Test Accuracy (Prototype Model): 0.0845
tobetrained:
[7, 5, 9, 1, 6, 2, 8, 0, 4, 3]
Edge 7 begin training
Edge 5 begin training
Edge 9 begin training
Edge 1 begin training
Edge 6 begin training
Edge 2 begin training
Edge 8 begin training
Edge 0 begin training
Edge 4 begin training
Edge 3 begin training
readyList:
[7, 5, 9, 1, 6, 2, 8, 0, 4, 3]
aggregation_buffer:
[7, 5, 9, 1, 6, 2, 8, 0, 4, 3]
end Update
server_global_time: 946.1885972610035
only_train_time: 12215.10217498902

-------------Global Round number: 12-------------

Evaluate heterogeneous models
Averaged Test Accuracy (Regular Model): 0.9213
Averaged Test Accuracy (Prototype Model): 0.8883
Averaged Train Loss (Regular Model): 0.1177
Averaged Train Loss (Regular + Proto): 0.1490
All Energy: 29175.1911
Std Test Accuracy (Regular Model): 0.0524
Std Test Accuracy (Prototype Model): 0.0780
tobetrained:
[7, 5, 9, 1, 6, 2, 8, 0, 4, 3]
Edge 7 begin training
Edge 5 begin training
Edge 9 begin training
Edge 1 begin training
Edge 6 begin training
Edge 2 begin training
Edge 8 begin training
Edge 0 begin training
Edge 4 begin training
Edge 3 begin training
readyList:
[7, 5, 9, 6, 2, 1, 8, 0, 4, 3]
aggregation_buffer:
[7, 5, 9, 6, 2, 1, 8, 0, 4, 3]
end Update
server_global_time: 1013.9458646130006
only_train_time: 13124.204193740035

-------------Global Round number: 13-------------

Evaluate heterogeneous models
Averaged Test Accuracy (Regular Model): 0.9164
Averaged Test Accuracy (Prototype Model): 0.8899
Averaged Train Loss (Regular Model): 0.1108
Averaged Train Loss (Regular + Proto): 0.1406
All Energy: 31341.1337
Std Test Accuracy (Regular Model): 0.0588
Std Test Accuracy (Prototype Model): 0.0759
tobetrained:
[7, 5, 9, 6, 2, 1, 8, 0, 4, 3]
Edge 7 begin training
Edge 5 begin training
Edge 9 begin training
Edge 6 begin training
Edge 2 begin training
Edge 1 begin training
Edge 8 begin training
Edge 0 begin training
Edge 4 begin training
Edge 3 begin training
readyList:
[7, 5, 9, 1, 6, 2, 8, 0, 4, 3]
aggregation_buffer:
[7, 5, 9, 1, 6, 2, 8, 0, 4, 3]
end Update
server_global_time: 1078.9393681250003
only_train_time: 14034.522241773033

-------------Global Round number: 14-------------

Evaluate heterogeneous models
Averaged Test Accuracy (Regular Model): 0.9168
Averaged Test Accuracy (Prototype Model): 0.8906
Averaged Train Loss (Regular Model): 0.1045
Averaged Train Loss (Regular + Proto): 0.1336
All Energy: 33512.7885
Std Test Accuracy (Regular Model): 0.0568
Std Test Accuracy (Prototype Model): 0.0783
tobetrained:
[7, 5, 9, 1, 6, 2, 8, 0, 4, 3]
Edge 7 begin training
Edge 5 begin training
Edge 9 begin training
Edge 1 begin training
Edge 6 begin training
Edge 2 begin training
Edge 8 begin training
Edge 0 begin training
Edge 4 begin training
Edge 3 begin training
readyList:
[7, 5, 6, 9, 1, 2, 8, 0, 4, 3]
aggregation_buffer:
[7, 5, 6, 9, 1, 2, 8, 0, 4, 3]
end Update
server_global_time: 1144.7882817369973
only_train_time: 14941.349774995055

-------------Global Round number: 15-------------

Evaluate heterogeneous models
Averaged Test Accuracy (Regular Model): 0.9257
Averaged Test Accuracy (Prototype Model): 0.8978
Averaged Train Loss (Regular Model): 0.0849
Averaged Train Loss (Regular + Proto): 0.1133
All Energy: 35681.3615
Std Test Accuracy (Regular Model): 0.0480
Std Test Accuracy (Prototype Model): 0.0710
tobetrained:
[7, 5, 6, 9, 1, 2, 8, 0, 4, 3]
Edge 7 begin training
Edge 5 begin training
Edge 6 begin training
Edge 9 begin training
Edge 1 begin training
Edge 2 begin training
Edge 8 begin training
Edge 0 begin training
Edge 4 begin training
Edge 3 begin training
readyList:
[7, 5, 9, 6, 1, 2, 8, 0, 4, 3]
aggregation_buffer:
[7, 5, 9, 6, 1, 2, 8, 0, 4, 3]
end Update
server_global_time: 1211.1659271949975
only_train_time: 15848.677160685074

-------------Global Round number: 16-------------

Evaluate heterogeneous models
Averaged Test Accuracy (Regular Model): 0.9250
Averaged Test Accuracy (Prototype Model): 0.8991
Averaged Train Loss (Regular Model): 0.0818
Averaged Train Loss (Regular + Proto): 0.1095
All Energy: 37854.8137
Std Test Accuracy (Regular Model): 0.0493
Std Test Accuracy (Prototype Model): 0.0726
tobetrained:
[7, 5, 9, 6, 1, 2, 8, 0, 4, 3]
Edge 7 begin training
Edge 5 begin training
Edge 9 begin training
Edge 6 begin training
Edge 1 begin training
Edge 2 begin training
Edge 8 begin training
Edge 0 begin training
Edge 4 begin training
Edge 3 begin training
readyList:
[7, 5, 9, 6, 1, 2, 8, 0, 4, 3]
aggregation_buffer:
[7, 5, 9, 6, 1, 2, 8, 0, 4, 3]
end Update
server_global_time: 1277.4767543729977
only_train_time: 16777.30911968909

-------------Global Round number: 17-------------

Evaluate heterogeneous models
Averaged Test Accuracy (Regular Model): 0.9243
Averaged Test Accuracy (Prototype Model): 0.8993
Averaged Train Loss (Regular Model): 0.0675
Averaged Train Loss (Regular + Proto): 0.0950
All Energy: 40079.7184
Std Test Accuracy (Regular Model): 0.0488
Std Test Accuracy (Prototype Model): 0.0692
tobetrained:
[7, 5, 9, 6, 1, 2, 8, 0, 4, 3]
Edge 7 begin training
Edge 5 begin training
Edge 9 begin training
Edge 6 begin training
Edge 1 begin training
Edge 2 begin training
Edge 8 begin training
Edge 0 begin training
Edge 4 begin training
Edge 3 begin training
readyList:
[7, 5, 9, 6, 1, 2, 8, 0, 4, 3]
aggregation_buffer:
[7, 5, 9, 6, 1, 2, 8, 0, 4, 3]
end Update
server_global_time: 1345.9321756349964
only_train_time: 17686.438787435072

-------------Global Round number: 18-------------

Evaluate heterogeneous models
Averaged Test Accuracy (Regular Model): 0.9253
Averaged Test Accuracy (Prototype Model): 0.9016
Averaged Train Loss (Regular Model): 0.0618
Averaged Train Loss (Regular + Proto): 0.0885
All Energy: 42255.2009
Std Test Accuracy (Regular Model): 0.0476
Std Test Accuracy (Prototype Model): 0.0723
tobetrained:
[7, 5, 9, 6, 1, 2, 8, 0, 4, 3]
Edge 7 begin training
Edge 5 begin training
Edge 9 begin training
Edge 6 begin training
Edge 1 begin training
Edge 2 begin training
Edge 8 begin training
Edge 0 begin training
Edge 4 begin training
Edge 3 begin training
readyList:
[7, 5, 9, 6, 1, 2, 8, 0, 4, 3]
aggregation_buffer:
[7, 5, 9, 6, 1, 2, 8, 0, 4, 3]
end Update
server_global_time: 1412.211940358
only_train_time: 18593.90743095408

-------------Global Round number: 19-------------

Evaluate heterogeneous models
Averaged Test Accuracy (Regular Model): 0.9250
Averaged Test Accuracy (Prototype Model): 0.9039
Averaged Train Loss (Regular Model): 0.0521
Averaged Train Loss (Regular + Proto): 0.0780
All Energy: 44438.7369
Std Test Accuracy (Regular Model): 0.0470
Std Test Accuracy (Prototype Model): 0.0671
tobetrained:
[7, 5, 9, 6, 1, 2, 8, 0, 4, 3]
Edge 7 begin training
Edge 5 begin training
Edge 9 begin training
Edge 6 begin training
Edge 1 begin training
Edge 2 begin training
Edge 8 begin training
Edge 0 begin training
Edge 4 begin training
Edge 3 begin training
readyList:
[7, 5, 6, 9, 2, 1, 8, 0, 4, 3]
aggregation_buffer:
[7, 5, 6, 9, 2, 1, 8, 0, 4, 3]
end Update
server_global_time: 1478.5206077080074
only_train_time: 19498.829852773073

-------------Global Round number: 20-------------

Evaluate heterogeneous models
Averaged Test Accuracy (Regular Model): 0.9269
Averaged Test Accuracy (Prototype Model): 0.9046
Averaged Train Loss (Regular Model): 0.0506
Averaged Train Loss (Regular + Proto): 0.0761
All Energy: 46616.0397
Std Test Accuracy (Regular Model): 0.0497
Std Test Accuracy (Prototype Model): 0.0688
tobetrained:
[7, 5, 6, 9, 2, 1, 8, 0, 4, 3]
Edge 7 begin training
Edge 5 begin training
Edge 6 begin training
Edge 9 begin training
Edge 2 begin training
Edge 1 begin training
Edge 8 begin training
Edge 0 begin training
Edge 4 begin training
Edge 3 begin training
readyList:
[7, 5, 9, 6, 2, 1, 8, 0, 4, 3]
aggregation_buffer:
[7, 5, 9, 6, 2, 1, 8, 0, 4, 3]
end Update
server_global_time: 1619.6167055319966
only_train_time: 20535.566262274013

-------------Global Round number: 21-------------

Evaluate heterogeneous models
Averaged Test Accuracy (Regular Model): 0.9253
Averaged Test Accuracy (Prototype Model): 0.9058
Averaged Train Loss (Regular Model): 0.0437
Averaged Train Loss (Regular + Proto): 0.0688
All Energy: 49137.2967
Std Test Accuracy (Regular Model): 0.0472
Std Test Accuracy (Prototype Model): 0.0672
tobetrained:
[7, 5, 9, 6, 2, 1, 8, 0, 4, 3]
Edge 7 begin training
Edge 5 begin training
Edge 9 begin training
Edge 6 begin training
Edge 2 begin training
Edge 1 begin training
Edge 8 begin training
Edge 0 begin training
Edge 4 begin training
Edge 3 begin training
readyList:
[9, 1, 8, 2, 6, 0, 4, 7, 5, 3]
aggregation_buffer:
[9, 1, 8, 2, 6, 0, 4, 7, 5, 3]
end Update
server_global_time: 1688.0971155610023
only_train_time: 21550.895141132954

-------------Global Round number: 22-------------

Evaluate heterogeneous models
Averaged Test Accuracy (Regular Model): 0.9262
Averaged Test Accuracy (Prototype Model): 0.9068
Averaged Train Loss (Regular Model): 0.0370
Averaged Train Loss (Regular + Proto): 0.0615
All Energy: 51614.3204
Std Test Accuracy (Regular Model): 0.0454
Std Test Accuracy (Prototype Model): 0.0652
tobetrained:
[9, 1, 8, 2, 6, 0, 4, 7, 5, 3]
Edge 9 begin training
Edge 1 begin training
Edge 8 begin training
Edge 2 begin training
Edge 6 begin training
Edge 0 begin training
Edge 4 begin training
Edge 7 begin training
Edge 5 begin training
Edge 3 begin training
readyList:
[9, 6, 1, 2, 8, 0, 4, 7, 5, 3]
aggregation_buffer:
[9, 6, 1, 2, 8, 0, 4, 7, 5, 3]
end Update
server_global_time: 1910.332860169001
only_train_time: 22778.90334815892

-------------Global Round number: 23-------------

Evaluate heterogeneous models
Averaged Test Accuracy (Regular Model): 0.9278
Averaged Test Accuracy (Prototype Model): 0.9070
Averaged Train Loss (Regular Model): 0.0404
Averaged Train Loss (Regular + Proto): 0.0642
All Energy: 54645.4057
Std Test Accuracy (Regular Model): 0.0468
Std Test Accuracy (Prototype Model): 0.0656
tobetrained:
[9, 6, 1, 2, 8, 0, 4, 7, 5, 3]
Edge 9 begin training
Edge 6 begin training
Edge 1 begin training
Edge 2 begin training
Edge 8 begin training
Edge 0 begin training
Edge 4 begin training
Edge 7 begin training
Edge 5 begin training
Edge 3 begin training
readyList:
[7, 5, 9, 6, 1, 2, 8, 0, 4, 3]
aggregation_buffer:
[7, 5, 9, 6, 1, 2, 8, 0, 4, 3]
end Update
server_global_time: 1975.0456443349976
only_train_time: 23677.452780802916

-------------Global Round number: 24-------------

Evaluate heterogeneous models
Averaged Test Accuracy (Regular Model): 0.9287
Averaged Test Accuracy (Prototype Model): 0.9081
Averaged Train Loss (Regular Model): 0.0333
Averaged Train Loss (Regular + Proto): 0.0565
All Energy: 56823.5500
Std Test Accuracy (Regular Model): 0.0445
Std Test Accuracy (Prototype Model): 0.0650
tobetrained:
[7, 5, 9, 6, 1, 2, 8, 0, 4, 3]
Edge 7 begin training
Edge 5 begin training
Edge 9 begin training
Edge 6 begin training
Edge 1 begin training
Edge 2 begin training
Edge 8 begin training
Edge 0 begin training
Edge 4 begin training
Edge 3 begin training
readyList:
[7, 5, 1, 9, 6, 2, 8, 4, 0, 3]
aggregation_buffer:
[7, 5, 1, 9, 6, 2, 8, 4, 0, 3]
end Update
server_global_time: 2040.6286286359973
only_train_time: 24580.92844013297

-------------Global Round number: 25-------------

Evaluate heterogeneous models
Averaged Test Accuracy (Regular Model): 0.9279
Averaged Test Accuracy (Prototype Model): 0.9088
Averaged Train Loss (Regular Model): 0.0291
Averaged Train Loss (Regular + Proto): 0.0518
All Energy: 59021.1012
Std Test Accuracy (Regular Model): 0.0460
Std Test Accuracy (Prototype Model): 0.0642
tobetrained:
[7, 5, 1, 9, 6, 2, 8, 4, 0, 3]
Edge 7 begin training
Edge 5 begin training
Edge 1 begin training
Edge 9 begin training
Edge 6 begin training
Edge 2 begin training
Edge 8 begin training
Edge 4 begin training
Edge 0 begin training
Edge 3 begin training
readyList:
[7, 5, 9, 2, 6, 1, 8, 0, 4, 3]
aggregation_buffer:
[7, 5, 9, 2, 6, 1, 8, 0, 4, 3]
end Update
server_global_time: 2106.5359965479875
only_train_time: 25490.076991976945

-------------Global Round number: 26-------------

Evaluate heterogeneous models
Averaged Test Accuracy (Regular Model): 0.9280
Averaged Test Accuracy (Prototype Model): 0.9094
Averaged Train Loss (Regular Model): 0.0260
Averaged Train Loss (Regular + Proto): 0.0482
All Energy: 61216.0140
Std Test Accuracy (Regular Model): 0.0452
Std Test Accuracy (Prototype Model): 0.0640
tobetrained:
[7, 5, 9, 2, 6, 1, 8, 0, 4, 3]
Edge 7 begin training
Edge 5 begin training
Edge 9 begin training
Edge 2 begin training
Edge 6 begin training
Edge 1 begin training
Edge 8 begin training
Edge 0 begin training
Edge 4 begin training
Edge 3 begin training
readyList:
[7, 5, 9, 1, 8, 0, 4, 3, 6, 2]
aggregation_buffer:
[7, 5, 9, 1, 8, 0, 4, 3, 6, 2]
end Update
server_global_time: 2230.1602150859835
only_train_time: 26668.03243954994

-------------Global Round number: 27-------------

Evaluate heterogeneous models
Averaged Test Accuracy (Regular Model): 0.9278
Averaged Test Accuracy (Prototype Model): 0.9086
Averaged Train Loss (Regular Model): 0.0244
Averaged Train Loss (Regular + Proto): 0.0461
All Energy: 64134.0921
Std Test Accuracy (Regular Model): 0.0464
Std Test Accuracy (Prototype Model): 0.0637
tobetrained:
[7, 5, 9, 1, 8, 0, 4, 3, 6, 2]
Edge 7 begin training
Edge 5 begin training
Edge 9 begin training
Edge 1 begin training
Edge 8 begin training
Edge 0 begin training
Edge 4 begin training
Edge 3 begin training
Edge 6 begin training
Edge 2 begin training
readyList:
[7, 5, 9, 6, 1, 2, 8, 0, 4, 3]
aggregation_buffer:
[7, 5, 9, 6, 1, 2, 8, 0, 4, 3]
end Update
server_global_time: 2296.8316277399863
only_train_time: 27576.681177530954

-------------Global Round number: 28-------------

Evaluate heterogeneous models
Averaged Test Accuracy (Regular Model): 0.9291
Averaged Test Accuracy (Prototype Model): 0.9101
Averaged Train Loss (Regular Model): 0.0216
Averaged Train Loss (Regular + Proto): 0.0430
All Energy: 66339.8789
Std Test Accuracy (Regular Model): 0.0448
Std Test Accuracy (Prototype Model): 0.0628
tobetrained:
[7, 5, 9, 6, 1, 2, 8, 0, 4, 3]
Edge 7 begin training
Edge 5 begin training
Edge 9 begin training
Edge 6 begin training
Edge 1 begin training
Edge 2 begin training
Edge 8 begin training
Edge 0 begin training
Edge 4 begin training
Edge 3 begin training
readyList:
[7, 5, 9, 6, 1, 2, 8, 0, 4, 3]
aggregation_buffer:
[7, 5, 9, 6, 1, 2, 8, 0, 4, 3]
end Update
server_global_time: 2363.041729658973
only_train_time: 28479.887157440964

-------------Global Round number: 29-------------

Evaluate heterogeneous models
Averaged Test Accuracy (Regular Model): 0.9299
Averaged Test Accuracy (Prototype Model): 0.9112
Averaged Train Loss (Regular Model): 0.0191
Averaged Train Loss (Regular + Proto): 0.0400
All Energy: 68523.5113
Std Test Accuracy (Regular Model): 0.0444
Std Test Accuracy (Prototype Model): 0.0616
tobetrained:
[7, 5, 9, 6, 1, 2, 8, 0, 4, 3]
Edge 7 begin training
Edge 5 begin training
Edge 9 begin training
Edge 6 begin training
Edge 1 begin training
Edge 2 begin training
Edge 8 begin training
Edge 0 begin training
Edge 4 begin training
Edge 3 begin training
readyList:
[7, 5, 9, 1, 6, 2, 8, 0, 4, 3]
aggregation_buffer:
[7, 5, 9, 1, 6, 2, 8, 0, 4, 3]
end Update
server_global_time: 2428.722628912961
only_train_time: 29389.657127263934

-------------Global Round number: 30-------------

Evaluate heterogeneous models
Averaged Test Accuracy (Regular Model): 0.9299
Averaged Test Accuracy (Prototype Model): 0.9111
Averaged Train Loss (Regular Model): 0.0178
Averaged Train Loss (Regular + Proto): 0.0382
All Energy: 70718.2524
Std Test Accuracy (Regular Model): 0.0446
Std Test Accuracy (Prototype Model): 0.0631
tobetrained:
[7, 5, 9, 1, 6, 2, 8, 0, 4, 3]
Edge 7 begin training
Edge 5 begin training
Edge 9 begin training
Edge 1 begin training
Edge 6 begin training
Edge 2 begin training
Edge 8 begin training
Edge 0 begin training
Edge 4 begin training
Edge 3 begin training
readyList:
[7, 5, 9, 6, 2, 1, 8, 0, 4, 3]
aggregation_buffer:
[7, 5, 9, 6, 2, 1, 8, 0, 4, 3]
end Update
server_global_time: 2495.0300779539684
only_train_time: 30297.64039012095

-------------Global Round number: 31-------------

Evaluate heterogeneous models
Averaged Test Accuracy (Regular Model): 0.9282
Averaged Test Accuracy (Prototype Model): 0.9120
Averaged Train Loss (Regular Model): 0.0181
Averaged Train Loss (Regular + Proto): 0.0382
All Energy: 72904.4243
Std Test Accuracy (Regular Model): 0.0447
Std Test Accuracy (Prototype Model): 0.0622
tobetrained:
[7, 5, 9, 6, 2, 1, 8, 0, 4, 3]
Edge 7 begin training
Edge 5 begin training
Edge 9 begin training
Edge 6 begin training
Edge 2 begin training
Edge 1 begin training
Edge 8 begin training
Edge 0 begin training
Edge 4 begin training
Edge 3 begin training
readyList:
[7, 5, 9, 1, 6, 2, 8, 0, 4, 3]
aggregation_buffer:
[7, 5, 9, 1, 6, 2, 8, 0, 4, 3]
end Update
server_global_time: 2559.27491319798
only_train_time: 31208.034720017014

-------------Global Round number: 32-------------

Evaluate heterogeneous models
Averaged Test Accuracy (Regular Model): 0.9298
Averaged Test Accuracy (Prototype Model): 0.9113
Averaged Train Loss (Regular Model): 0.0152
Averaged Train Loss (Regular + Proto): 0.0350
All Energy: 75094.9131
Std Test Accuracy (Regular Model): 0.0452
Std Test Accuracy (Prototype Model): 0.0620
tobetrained:
[7, 5, 9, 1, 6, 2, 8, 0, 4, 3]
Edge 7 begin training
Edge 5 begin training
Edge 9 begin training
Edge 1 begin training
Edge 6 begin training
Edge 2 begin training
Edge 8 begin training
