==================================================
goal = test
device = cuda
device_id = 0
dataset = MNIST_dir_0.3_imbalance_40
num_classes = 10
model_family = HCNNs8
batch_size = 256
local_learning_rate = 0.06
use_decay_scheduler = False
learning_rate_decay = False
learning_rate_decay_gamma = 0.99
global_rounds = 200
edge_epochs = 1
local_epochs = 5
algorithm = FedGen
join_ratio = 1.0
random_join_ratio = False
num_clients = 40
num_edges = 10
prev = 0
times = 1
eval_gap = 1
save_folder_name = temp
auto_break = False
feature_dim = 512
vocab_size = 98635
max_len = 200
client_drop_rate = 0.0
train_slow_rate = 0.0
send_slow_rate = 0.0
time_select = False
time_threthold = 10000
optimizer = SGD
lamda = 1
weight_decay = 0
trans_delay_simulate = False
momentum = 0.8
agg_type = 0
buffersize = 10
mixclassifier = 0
gl_use_clients = 1
test_useglclassifier = 1
tgpaddmse = 0
addmse = 0
gamma = 1
addTGP = 0
SAEbeta = 0
drawtsne = 1
drawround = 20
noise_dim = 512
generator_learning_rate = 0.005
hidden_dim = 512
server_epochs = 100
alpha = 1.0
beta = 1.0
mentee_learning_rate = 0.005
T_start = 0.95
T_end = 0.98
server_learning_rate = 0.01
margin_threthold = 100.0
generator_path = stylegan/stylegan-xl-models/imagenet64.pkl
stable_diffusion_prompt = a cat
server_batch_size = 100
gen_batch_size = 4
mu = 50.0
==================================================
Random seed set as 42

============= Running time: 0th =============
Creating server and clients ...
CNN(num_cov=1, hidden_dims=[], in_features=1, num_classes=args.num_classes)
CNN(num_cov=2, hidden_dims=[], in_features=1, num_classes=args.num_classes)
CNN(num_cov=1, hidden_dims=[512], in_features=1, num_classes=args.num_classes)
CNN(num_cov=2, hidden_dims=[512], in_features=1, num_classes=args.num_classes)
CNN(num_cov=1, hidden_dims=[1024], in_features=1, num_classes=args.num_classes)
CNN(num_cov=2, hidden_dims=[1024], in_features=1, num_classes=args.num_classes)
CNN(num_cov=1, hidden_dims=[1024, 512], in_features=1, num_classes=args.num_classes)
CNN(num_cov=2, hidden_dims=[1024, 512], in_features=1, num_classes=args.num_classes)
CNN(num_cov=1, hidden_dims=[], in_features=1, num_classes=args.num_classes) model chosen!
id 0
label_counts: defaultdict(<class 'int'>, {7: 487, 6: 197, 8: 413, 1: 35, 4: 113, 0: 3, 5: 8, 2: 24})
CNN(num_cov=2, hidden_dims=[], in_features=1, num_classes=args.num_classes) model chosen!
id 1
label_counts: defaultdict(<class 'int'>, {1: 314, 8: 346, 7: 243, 0: 210, 3: 103, 4: 45, 2: 9, 5: 6, 6: 4})
CNN(num_cov=1, hidden_dims=[512], in_features=1, num_classes=args.num_classes) model chosen!
id 2
label_counts: defaultdict(<class 'int'>, {9: 543, 4: 422, 2: 135, 0: 70, 6: 48, 3: 24, 8: 31, 5: 3, 1: 4})
CNN(num_cov=2, hidden_dims=[512], in_features=1, num_classes=args.num_classes) model chosen!
id 3
label_counts: defaultdict(<class 'int'>, {1: 485, 0: 152, 8: 245, 3: 110, 2: 22, 7: 2, 6: 7, 9: 1})
CNN(num_cov=1, hidden_dims=[1024], in_features=1, num_classes=args.num_classes) model chosen!
id 4
label_counts: defaultdict(<class 'int'>, {6: 53, 7: 164, 8: 230, 3: 236, 0: 43, 1: 24, 5: 5, 9: 13})
CNN(num_cov=2, hidden_dims=[1024], in_features=1, num_classes=args.num_classes) model chosen!
id 5
label_counts: defaultdict(<class 'int'>, {5: 257, 3: 425, 2: 36, 8: 33, 7: 5, 0: 9, 4: 1, 9: 2})
CNN(num_cov=1, hidden_dims=[1024, 512], in_features=1, num_classes=args.num_classes) model chosen!
id 6
label_counts: defaultdict(<class 'int'>, {3: 471, 5: 64, 6: 76, 7: 35, 1: 22, 2: 44, 9: 41, 8: 14, 0: 1})
CNN(num_cov=2, hidden_dims=[1024, 512], in_features=1, num_classes=args.num_classes) model chosen!
id 7
label_counts: defaultdict(<class 'int'>, {8: 469, 7: 49, 2: 50, 3: 890, 4: 16, 6: 62})
CNN(num_cov=1, hidden_dims=[], in_features=1, num_classes=args.num_classes) model chosen!
id 8
label_counts: defaultdict(<class 'int'>, {2: 136, 7: 267, 9: 101, 4: 69, 5: 237, 8: 112, 6: 72, 3: 7, 0: 18, 1: 5})
CNN(num_cov=2, hidden_dims=[], in_features=1, num_classes=args.num_classes) model chosen!
id 9
label_counts: defaultdict(<class 'int'>, {0: 161, 7: 383, 2: 164, 4: 108, 3: 76, 8: 31, 5: 93, 1: 4, 9: 4})
CNN(num_cov=1, hidden_dims=[512], in_features=1, num_classes=args.num_classes) model chosen!
id 10
label_counts: defaultdict(<class 'int'>, {2: 924, 6: 181, 7: 897, 3: 36, 0: 3, 5: 7})
CNN(num_cov=2, hidden_dims=[512], in_features=1, num_classes=args.num_classes) model chosen!
id 11
label_counts: defaultdict(<class 'int'>, {5: 572, 4: 98, 0: 797, 2: 58, 1: 11})
CNN(num_cov=1, hidden_dims=[1024], in_features=1, num_classes=args.num_classes) model chosen!
id 12
label_counts: defaultdict(<class 'int'>, {9: 1764, 3: 362, 6: 302, 4: 231, 5: 101, 0: 44, 2: 2, 8: 10})
CNN(num_cov=2, hidden_dims=[1024], in_features=1, num_classes=args.num_classes) model chosen!
id 13
label_counts: defaultdict(<class 'int'>, {6: 579, 4: 103, 2: 53, 0: 20, 5: 7, 3: 172, 7: 346})
CNN(num_cov=1, hidden_dims=[1024, 512], in_features=1, num_classes=args.num_classes) model chosen!
id 14
label_counts: defaultdict(<class 'int'>, {3: 332, 7: 524, 4: 328, 6: 47, 1: 47, 0: 2})
CNN(num_cov=2, hidden_dims=[1024, 512], in_features=1, num_classes=args.num_classes) model chosen!
id 15
label_counts: defaultdict(<class 'int'>, {9: 233, 7: 156, 1: 215, 8: 88, 4: 49, 6: 15, 3: 4, 2: 4, 0: 4})
CNN(num_cov=1, hidden_dims=[], in_features=1, num_classes=args.num_classes) model chosen!
id 16
label_counts: defaultdict(<class 'int'>, {9: 190, 8: 72, 2: 563, 6: 243, 1: 61, 0: 75, 4: 2, 5: 22, 3: 36, 7: 16})
CNN(num_cov=2, hidden_dims=[], in_features=1, num_classes=args.num_classes) model chosen!
id 17
label_counts: defaultdict(<class 'int'>, {6: 102, 1: 376, 0: 255, 3: 14, 2: 14, 5: 4, 9: 3})
CNN(num_cov=1, hidden_dims=[512], in_features=1, num_classes=args.num_classes) model chosen!
id 18
label_counts: defaultdict(<class 'int'>, {4: 679, 3: 362, 5: 233, 2: 6})
CNN(num_cov=2, hidden_dims=[512], in_features=1, num_classes=args.num_classes) model chosen!
id 19
label_counts: defaultdict(<class 'int'>, {6: 80, 5: 72, 4: 89, 0: 154, 1: 59, 3: 3, 2: 52, 9: 2, 7: 1})
CNN(num_cov=1, hidden_dims=[1024], in_features=1, num_classes=args.num_classes) model chosen!
id 20
label_counts: defaultdict(<class 'int'>, {4: 381, 5: 1209, 1: 460, 3: 233, 2: 21})
CNN(num_cov=2, hidden_dims=[1024], in_features=1, num_classes=args.num_classes) model chosen!
id 21
label_counts: defaultdict(<class 'int'>, {2: 380, 8: 90, 9: 122, 6: 368, 1: 45, 3: 3, 5: 10, 7: 5, 0: 1})
CNN(num_cov=1, hidden_dims=[1024, 512], in_features=1, num_classes=args.num_classes) model chosen!
id 22
label_counts: defaultdict(<class 'int'>, {1: 790, 0: 220, 2: 270})
CNN(num_cov=2, hidden_dims=[1024, 512], in_features=1, num_classes=args.num_classes) model chosen!
id 23
label_counts: defaultdict(<class 'int'>, {6: 312, 2: 136, 0: 163, 3: 36, 9: 26, 1: 82, 4: 11, 5: 1, 7: 1})
CNN(num_cov=1, hidden_dims=[], in_features=1, num_classes=args.num_classes) model chosen!
id 24
label_counts: defaultdict(<class 'int'>, {7: 320, 6: 60, 4: 62, 1: 50, 9: 10, 3: 6, 8: 2, 5: 2})
CNN(num_cov=2, hidden_dims=[], in_features=1, num_classes=args.num_classes) model chosen!
id 25
label_counts: defaultdict(<class 'int'>, {2: 148, 1: 723, 4: 375, 3: 4, 7: 9, 5: 21})
CNN(num_cov=1, hidden_dims=[512], in_features=1, num_classes=args.num_classes) model chosen!
id 26
label_counts: defaultdict(<class 'int'>, {0: 379, 6: 65, 2: 222, 3: 205, 1: 62, 7: 34, 9: 41, 5: 4, 8: 10, 4: 2})
CNN(num_cov=2, hidden_dims=[512], in_features=1, num_classes=args.num_classes) model chosen!
id 27
label_counts: defaultdict(<class 'int'>, {5: 398, 9: 368, 7: 252, 4: 199, 0: 42, 1: 17, 2: 3, 6: 1})
CNN(num_cov=1, hidden_dims=[1024], in_features=1, num_classes=args.num_classes) model chosen!
id 28
label_counts: defaultdict(<class 'int'>, {0: 514, 3: 395, 2: 371})
CNN(num_cov=2, hidden_dims=[1024], in_features=1, num_classes=args.num_classes) model chosen!
id 29
label_counts: defaultdict(<class 'int'>, {8: 699, 0: 155, 2: 125, 4: 780, 1: 25, 3: 4, 6: 3, 5: 1})
CNN(num_cov=1, hidden_dims=[1024, 512], in_features=1, num_classes=args.num_classes) model chosen!
id 30
label_counts: defaultdict(<class 'int'>, {2: 378, 5: 453, 1: 140, 0: 260, 4: 37, 3: 12})
CNN(num_cov=2, hidden_dims=[1024, 512], in_features=1, num_classes=args.num_classes) model chosen!
id 31
label_counts: defaultdict(<class 'int'>, {9: 234, 1: 392, 6: 9, 4: 99, 8: 23, 0: 8, 7: 1, 3: 2})
CNN(num_cov=1, hidden_dims=[], in_features=1, num_classes=args.num_classes) model chosen!
id 32
label_counts: defaultdict(<class 'int'>, {0: 67, 9: 603, 5: 241, 2: 68, 3: 27, 7: 8, 6: 3, 8: 6, 1: 1})
CNN(num_cov=2, hidden_dims=[], in_features=1, num_classes=args.num_classes) model chosen!
id 33
label_counts: defaultdict(<class 'int'>, {6: 877, 2: 252, 0: 237, 1: 72, 4: 42, 3: 55, 5: 1})
CNN(num_cov=1, hidden_dims=[512], in_features=1, num_classes=args.num_classes) model chosen!
id 34
label_counts: defaultdict(<class 'int'>, {0: 547, 4: 196, 1: 62, 9: 105, 6: 51, 2: 40, 7: 6, 5: 16, 3: 1})
CNN(num_cov=2, hidden_dims=[512], in_features=1, num_classes=args.num_classes) model chosen!
id 35
label_counts: defaultdict(<class 'int'>, {6: 292, 8: 88, 2: 42, 7: 49, 9: 38, 5: 2, 3: 1})
CNN(num_cov=1, hidden_dims=[1024], in_features=1, num_classes=args.num_classes) model chosen!
id 36
label_counts: defaultdict(<class 'int'>, {6: 459, 9: 44, 4: 63, 1: 205, 3: 17, 2: 77, 8: 23, 7: 124, 0: 12})
CNN(num_cov=2, hidden_dims=[1024], in_features=1, num_classes=args.num_classes) model chosen!
id 37
label_counts: defaultdict(<class 'int'>, {8: 1303, 5: 58, 6: 75, 7: 71, 2: 8, 3: 13, 0: 6, 1: 2})
CNN(num_cov=1, hidden_dims=[1024, 512], in_features=1, num_classes=args.num_classes) model chosen!
id 38
label_counts: defaultdict(<class 'int'>, {1: 631, 7: 208, 8: 83, 3: 38, 5: 25, 9: 6, 6: 26, 4: 7})
CNN(num_cov=2, hidden_dims=[1024, 512], in_features=1, num_classes=args.num_classes) model chosen!
id 39
label_counts: defaultdict(<class 'int'>, {5: 141, 9: 267, 8: 28, 0: 64, 4: 4, 1: 6, 6: 1, 3: 1})

Join ratio / total clients: 1.0 / 40
Finished creating server and clients.
------------------------- time cost ------------------------- 16.53480863571167

-------------Round number: 0-------------

Evaluate heterogeneous models
Averaged Test Accurancy: 0.8216
Averaged Test AUC: 0.9589
Std Test Accurancy: 0.1923
Std Test AUC: 0.0407
------------------------- time cost ------------------------- 15.407788038253784

-------------Round number: 1-------------

Evaluate heterogeneous models
Averaged Test Accurancy: 0.9226
Averaged Test AUC: 0.9823
Std Test Accurancy: 0.1027
Std Test AUC: 0.0264
------------------------- time cost ------------------------- 15.391750812530518

-------------Round number: 2-------------

Evaluate heterogeneous models
Averaged Test Accurancy: 0.9551
Averaged Test AUC: 0.9921
Std Test Accurancy: 0.0408
Std Test AUC: 0.0116
------------------------- time cost ------------------------- 15.34235167503357

-------------Round number: 3-------------

Evaluate heterogeneous models
Averaged Test Accurancy: 0.9636
Averaged Test AUC: 0.9945
Std Test Accurancy: 0.0322
Std Test AUC: 0.0069
------------------------- time cost ------------------------- 15.383998394012451

-------------Round number: 4-------------

Evaluate heterogeneous models
Averaged Test Accurancy: 0.9675
Averaged Test AUC: 0.9956
Std Test Accurancy: 0.0188
Std Test AUC: 0.0035
------------------------- time cost ------------------------- 17.379596948623657

-------------Round number: 5-------------

Evaluate heterogeneous models
Averaged Test Accurancy: 0.9706
Averaged Test AUC: 0.9959
Std Test Accurancy: 0.0157
Std Test AUC: 0.0031
------------------------- time cost ------------------------- 16.26959776878357

-------------Round number: 6-------------

Evaluate heterogeneous models
Averaged Test Accurancy: 0.9707
Averaged Test AUC: 0.9961
Std Test Accurancy: 0.0158
Std Test AUC: 0.0030
------------------------- time cost ------------------------- 15.035309076309204

-------------Round number: 7-------------

Evaluate heterogeneous models
Averaged Test Accurancy: 0.9697
Averaged Test AUC: 0.9961
Std Test Accurancy: 0.0210
Std Test AUC: 0.0033
------------------------- time cost ------------------------- 14.863816499710083

-------------Round number: 8-------------

Evaluate heterogeneous models
Averaged Test Accurancy: 0.9720
Averaged Test AUC: 0.9963
Std Test Accurancy: 0.0148
Std Test AUC: 0.0029
------------------------- time cost ------------------------- 14.800245523452759

-------------Round number: 9-------------

Evaluate heterogeneous models
Averaged Test Accurancy: 0.9721
Averaged Test AUC: 0.9963
Std Test Accurancy: 0.0147
Std Test AUC: 0.0029
------------------------- time cost ------------------------- 15.154471635818481

-------------Round number: 10-------------

Evaluate heterogeneous models
Averaged Test Accurancy: 0.9721
Averaged Test AUC: 0.9963
Std Test Accurancy: 0.0145
Std Test AUC: 0.0030
------------------------- time cost ------------------------- 14.952467679977417

-------------Round number: 11-------------

Evaluate heterogeneous models
Averaged Test Accurancy: 0.9724
Averaged Test AUC: 0.9963
Std Test Accurancy: 0.0144
Std Test AUC: 0.0030
------------------------- time cost ------------------------- 15.087494850158691

-------------Round number: 12-------------

Evaluate heterogeneous models
Averaged Test Accurancy: 0.9722
Averaged Test AUC: 0.9963
Std Test Accurancy: 0.0145
Std Test AUC: 0.0029
------------------------- time cost ------------------------- 15.227020025253296

-------------Round number: 13-------------

Evaluate heterogeneous models
Averaged Test Accurancy: 0.9722
Averaged Test AUC: 0.9964
Std Test Accurancy: 0.0141
Std Test AUC: 0.0029
------------------------- time cost ------------------------- 15.096259832382202

-------------Round number: 14-------------

Evaluate heterogeneous models
Averaged Test Accurancy: 0.9721
Averaged Test AUC: 0.9964
Std Test Accurancy: 0.0142
Std Test AUC: 0.0029
------------------------- time cost ------------------------- 15.33194899559021

-------------Round number: 15-------------

Evaluate heterogeneous models
Averaged Test Accurancy: 0.9722
Averaged Test AUC: 0.9964
Std Test Accurancy: 0.0147
Std Test AUC: 0.0029
------------------------- time cost ------------------------- 15.240563154220581

-------------Round number: 16-------------

Evaluate heterogeneous models
Averaged Test Accurancy: 0.9722
Averaged Test AUC: 0.9964
Std Test Accurancy: 0.0142
Std Test AUC: 0.0029
------------------------- time cost ------------------------- 15.011825561523438

-------------Round number: 17-------------

Evaluate heterogeneous models
Averaged Test Accurancy: 0.9722
Averaged Test AUC: 0.9964
Std Test Accurancy: 0.0142
Std Test AUC: 0.0029
------------------------- time cost ------------------------- 15.234561204910278

-------------Round number: 18-------------

Evaluate heterogeneous models
Averaged Test Accurancy: 0.9721
Averaged Test AUC: 0.9964
Std Test Accurancy: 0.0144
Std Test AUC: 0.0029
------------------------- time cost ------------------------- 15.083492279052734

-------------Round number: 19-------------

Evaluate heterogeneous models
Averaged Test Accurancy: 0.9723
Averaged Test AUC: 0.9964
Std Test Accurancy: 0.0139
Std Test AUC: 0.0029
------------------------- time cost ------------------------- 15.168923377990723

-------------Round number: 20-------------

Evaluate heterogeneous models
Averaged Test Accurancy: 0.9721
Averaged Test AUC: 0.9964
Std Test Accurancy: 0.0142
Std Test AUC: 0.0029
------------------------- time cost ------------------------- 15.02628755569458

-------------Round number: 21-------------

Evaluate heterogeneous models
Averaged Test Accurancy: 0.9724
Averaged Test AUC: 0.9964
Std Test Accurancy: 0.0143
Std Test AUC: 0.0029
------------------------- time cost ------------------------- 15.109386682510376

-------------Round number: 22-------------

Evaluate heterogeneous models
Averaged Test Accurancy: 0.9721
Averaged Test AUC: 0.9964
Std Test Accurancy: 0.0143
Std Test AUC: 0.0029
------------------------- time cost ------------------------- 15.288272619247437

-------------Round number: 23-------------

Evaluate heterogeneous models
Averaged Test Accurancy: 0.9721
Averaged Test AUC: 0.9963
Std Test Accurancy: 0.0139
Std Test AUC: 0.0029
------------------------- time cost ------------------------- 14.961932182312012

-------------Round number: 24-------------

Evaluate heterogeneous models
Averaged Test Accurancy: 0.9722
Averaged Test AUC: 0.9964
Std Test Accurancy: 0.0142
Std Test AUC: 0.0029
------------------------- time cost ------------------------- 15.098623037338257

-------------Round number: 25-------------

Evaluate heterogeneous models
Averaged Test Accurancy: 0.9723
Averaged Test AUC: 0.9963
Std Test Accurancy: 0.0139
Std Test AUC: 0.0029
------------------------- time cost ------------------------- 14.850284099578857

-------------Round number: 26-------------

Evaluate heterogeneous models
Averaged Test Accurancy: 0.9722
Averaged Test AUC: 0.9963
Std Test Accurancy: 0.0141
Std Test AUC: 0.0029
------------------------- time cost ------------------------- 15.349700927734375

-------------Round number: 27-------------

Evaluate heterogeneous models
Averaged Test Accurancy: 0.9725
Averaged Test AUC: 0.9963
Std Test Accurancy: 0.0140
Std Test AUC: 0.0029
------------------------- time cost ------------------------- 15.204556226730347

-------------Round number: 28-------------

Evaluate heterogeneous models
Averaged Test Accurancy: 0.9721
Averaged Test AUC: 0.9964
Std Test Accurancy: 0.0139
Std Test AUC: 0.0029
------------------------- time cost ------------------------- 15.432131290435791

-------------Round number: 29-------------

Evaluate heterogeneous models
Averaged Test Accurancy: 0.9721
Averaged Test AUC: 0.9963
Std Test Accurancy: 0.0140
Std Test AUC: 0.0029
------------------------- time cost ------------------------- 15.646548748016357

-------------Round number: 30-------------

Evaluate heterogeneous models
Averaged Test Accurancy: 0.9724
Averaged Test AUC: 0.9963
Std Test Accurancy: 0.0139
Std Test AUC: 0.0029
------------------------- time cost ------------------------- 15.607320785522461

-------------Round number: 31-------------

Evaluate heterogeneous models
Averaged Test Accurancy: 0.9724
Averaged Test AUC: 0.9963
Std Test Accurancy: 0.0139
Std Test AUC: 0.0029
------------------------- time cost ------------------------- 15.687606573104858

-------------Round number: 32-------------

Evaluate heterogeneous models
Averaged Test Accurancy: 0.9725
Averaged Test AUC: 0.9963
Std Test Accurancy: 0.0139
Std Test AUC: 0.0029
------------------------- time cost ------------------------- 15.735157012939453

-------------Round number: 33-------------

Evaluate heterogeneous models
Averaged Test Accurancy: 0.9722
Averaged Test AUC: 0.9963
Std Test Accurancy: 0.0139
Std Test AUC: 0.0029
------------------------- time cost ------------------------- 15.711877822875977

-------------Round number: 34-------------

Evaluate heterogeneous models
Averaged Test Accurancy: 0.9722
Averaged Test AUC: 0.9963
Std Test Accurancy: 0.0138
Std Test AUC: 0.0029
------------------------- time cost ------------------------- 15.621814966201782

-------------Round number: 35-------------

Evaluate heterogeneous models
Averaged Test Accurancy: 0.9724
Averaged Test AUC: 0.9963
Std Test Accurancy: 0.0139
Std Test AUC: 0.0029
------------------------- time cost ------------------------- 15.006088256835938

-------------Round number: 36-------------

Evaluate heterogeneous models
Averaged Test Accurancy: 0.9725
Averaged Test AUC: 0.9963
Std Test Accurancy: 0.0139
Std Test AUC: 0.0029
------------------------- time cost ------------------------- 15.71258807182312

-------------Round number: 37-------------

Evaluate heterogeneous models
Averaged Test Accurancy: 0.9725
Averaged Test AUC: 0.9963
Std Test Accurancy: 0.0140
Std Test AUC: 0.0029
------------------------- time cost ------------------------- 15.678443670272827

-------------Round number: 38-------------

Evaluate heterogeneous models
Averaged Test Accurancy: 0.9725
Averaged Test AUC: 0.9963
Std Test Accurancy: 0.0141
Std Test AUC: 0.0029
------------------------- time cost ------------------------- 15.77894115447998

-------------Round number: 39-------------

Evaluate heterogeneous models
Averaged Test Accurancy: 0.9726
Averaged Test AUC: 0.9963
Std Test Accurancy: 0.0140
Std Test AUC: 0.0029
------------------------- time cost ------------------------- 15.9618558883667

-------------Round number: 40-------------

Evaluate heterogeneous models
Averaged Test Accurancy: 0.9725
Averaged Test AUC: 0.9963
Std Test Accurancy: 0.0139
Std Test AUC: 0.0029
------------------------- time cost ------------------------- 15.853384017944336

-------------Round number: 41-------------

Evaluate heterogeneous models
Averaged Test Accurancy: 0.9726
Averaged Test AUC: 0.9963
Std Test Accurancy: 0.0139
Std Test AUC: 0.0029
------------------------- time cost ------------------------- 16.0151309967041

-------------Round number: 42-------------

Evaluate heterogeneous models
Averaged Test Accurancy: 0.9725
Averaged Test AUC: 0.9963
Std Test Accurancy: 0.0139
Std Test AUC: 0.0029
------------------------- time cost ------------------------- 15.93505334854126

-------------Round number: 43-------------

Evaluate heterogeneous models
Averaged Test Accurancy: 0.9726
Averaged Test AUC: 0.9963
Std Test Accurancy: 0.0139
Std Test AUC: 0.0029
------------------------- time cost ------------------------- 16.06998300552368

-------------Round number: 44-------------

Evaluate heterogeneous models
Averaged Test Accurancy: 0.9726
Averaged Test AUC: 0.9963
Std Test Accurancy: 0.0140
Std Test AUC: 0.0029
------------------------- time cost ------------------------- 15.978278875350952

-------------Round number: 45-------------

Evaluate heterogeneous models
Averaged Test Accurancy: 0.9725
Averaged Test AUC: 0.9963
Std Test Accurancy: 0.0139
Std Test AUC: 0.0029
------------------------- time cost ------------------------- 15.781776905059814

-------------Round number: 46-------------

Evaluate heterogeneous models
Averaged Test Accurancy: 0.9725
Averaged Test AUC: 0.9963
Std Test Accurancy: 0.0140
Std Test AUC: 0.0029
------------------------- time cost ------------------------- 15.783352851867676

-------------Round number: 47-------------

Evaluate heterogeneous models
Averaged Test Accurancy: 0.9724
Averaged Test AUC: 0.9963
Std Test Accurancy: 0.0140
Std Test AUC: 0.0029
------------------------- time cost ------------------------- 15.891963958740234

-------------Round number: 48-------------

Evaluate heterogeneous models
Averaged Test Accurancy: 0.9726
Averaged Test AUC: 0.9963
Std Test Accurancy: 0.0140
Std Test AUC: 0.0029
------------------------- time cost ------------------------- 16.058247327804565

-------------Round number: 49-------------

Evaluate heterogeneous models
Averaged Test Accurancy: 0.9726
Averaged Test AUC: 0.9963
Std Test Accurancy: 0.0140
Std Test AUC: 0.0029
------------------------- time cost ------------------------- 16.026114225387573

-------------Round number: 50-------------

Evaluate heterogeneous models
Averaged Test Accurancy: 0.9725
Averaged Test AUC: 0.9963
Std Test Accurancy: 0.0139
Std Test AUC: 0.0029
------------------------- time cost ------------------------- 15.98208212852478

-------------Round number: 51-------------

Evaluate heterogeneous models
Averaged Test Accurancy: 0.9725
Averaged Test AUC: 0.9963
Std Test Accurancy: 0.0140
Std Test AUC: 0.0029
------------------------- time cost ------------------------- 15.815123796463013

-------------Round number: 52-------------

Evaluate heterogeneous models
Averaged Test Accurancy: 0.9727
Averaged Test AUC: 0.9963
Std Test Accurancy: 0.0139
Std Test AUC: 0.0029
------------------------- time cost ------------------------- 16.00563645362854

-------------Round number: 53-------------

Evaluate heterogeneous models
Averaged Test Accurancy: 0.9728
Averaged Test AUC: 0.9963
Std Test Accurancy: 0.0139
Std Test AUC: 0.0029
------------------------- time cost ------------------------- 15.939111709594727

-------------Round number: 54-------------

Evaluate heterogeneous models
Averaged Test Accurancy: 0.9724
Averaged Test AUC: 0.9963
Std Test Accurancy: 0.0143
Std Test AUC: 0.0029
------------------------- time cost ------------------------- 16.04638934135437

-------------Round number: 55-------------

Evaluate heterogeneous models
Averaged Test Accurancy: 0.9726
Averaged Test AUC: 0.9963
Std Test Accurancy: 0.0141
Std Test AUC: 0.0029
------------------------- time cost ------------------------- 15.85546350479126

-------------Round number: 56-------------

Evaluate heterogeneous models
Averaged Test Accurancy: 0.9726
Averaged Test AUC: 0.9963
Std Test Accurancy: 0.0141
Std Test AUC: 0.0029
------------------------- time cost ------------------------- 15.781266212463379

-------------Round number: 57-------------

Evaluate heterogeneous models
Averaged Test Accurancy: 0.9725
Averaged Test AUC: 0.9962
Std Test Accurancy: 0.0141
Std Test AUC: 0.0029
------------------------- time cost ------------------------- 15.928922891616821

-------------Round number: 58-------------

Evaluate heterogeneous models
Averaged Test Accurancy: 0.9727
Averaged Test AUC: 0.9962
Std Test Accurancy: 0.0141
Std Test AUC: 0.0029
------------------------- time cost ------------------------- 15.918996095657349

-------------Round number: 59-------------

Evaluate heterogeneous models
Averaged Test Accurancy: 0.9726
Averaged Test AUC: 0.9962
Std Test Accurancy: 0.0140
Std Test AUC: 0.0029
------------------------- time cost ------------------------- 15.947509050369263

-------------Round number: 60-------------

Evaluate heterogeneous models
Averaged Test Accurancy: 0.9725
Averaged Test AUC: 0.9962
Std Test Accurancy: 0.0141
Std Test AUC: 0.0029
------------------------- time cost ------------------------- 16.092313528060913

-------------Round number: 61-------------

Evaluate heterogeneous models
Averaged Test Accurancy: 0.9726
Averaged Test AUC: 0.9962
Std Test Accurancy: 0.0140
Std Test AUC: 0.0029
------------------------- time cost ------------------------- 15.76291298866272

-------------Round number: 62-------------

Evaluate heterogeneous models
Averaged Test Accurancy: 0.9725
Averaged Test AUC: 0.9962
Std Test Accurancy: 0.0140
Std Test AUC: 0.0029
------------------------- time cost ------------------------- 16.057515621185303

-------------Round number: 63-------------

Evaluate heterogeneous models
Averaged Test Accurancy: 0.9725
Averaged Test AUC: 0.9962
Std Test Accurancy: 0.0141
Std Test AUC: 0.0029
------------------------- time cost ------------------------- 16.277252197265625

-------------Round number: 64-------------

Evaluate heterogeneous models
Averaged Test Accurancy: 0.9725
Averaged Test AUC: 0.9962
Std Test Accurancy: 0.0141
Std Test AUC: 0.0029
------------------------- time cost ------------------------- 16.215856313705444

-------------Round number: 65-------------

Evaluate heterogeneous models
Averaged Test Accurancy: 0.9725
Averaged Test AUC: 0.9962
Std Test Accurancy: 0.0141
Std Test AUC: 0.0029
------------------------- time cost ------------------------- 16.270233869552612

-------------Round number: 66-------------

Evaluate heterogeneous models
Averaged Test Accurancy: 0.9725
Averaged Test AUC: 0.9962
Std Test Accurancy: 0.0141
Std Test AUC: 0.0029
------------------------- time cost ------------------------- 16.20128631591797

-------------Round number: 67-------------

Evaluate heterogeneous models
Averaged Test Accurancy: 0.9726
Averaged Test AUC: 0.9962
Std Test Accurancy: 0.0139
Std Test AUC: 0.0029
------------------------- time cost ------------------------- 15.857452154159546

-------------Round number: 68-------------

Evaluate heterogeneous models
Averaged Test Accurancy: 0.9725
Averaged Test AUC: 0.9962
Std Test Accurancy: 0.0139
Std Test AUC: 0.0029
------------------------- time cost ------------------------- 15.969181299209595

-------------Round number: 69-------------

Evaluate heterogeneous models
Averaged Test Accurancy: 0.9725
Averaged Test AUC: 0.9962
Std Test Accurancy: 0.0141
Std Test AUC: 0.0029
------------------------- time cost ------------------------- 16.071783542633057

-------------Round number: 70-------------

Evaluate heterogeneous models
Averaged Test Accurancy: 0.9725
Averaged Test AUC: 0.9962
Std Test Accurancy: 0.0142
Std Test AUC: 0.0029
------------------------- time cost ------------------------- 16.03289771080017

-------------Round number: 71-------------

Evaluate heterogeneous models
Averaged Test Accurancy: 0.9725
Averaged Test AUC: 0.9962
Std Test Accurancy: 0.0141
Std Test AUC: 0.0029
------------------------- time cost ------------------------- 16.047444820404053

-------------Round number: 72-------------

Evaluate heterogeneous models
Averaged Test Accurancy: 0.9726
Averaged Test AUC: 0.9962
Std Test Accurancy: 0.0141
Std Test AUC: 0.0029
------------------------- time cost ------------------------- 15.95745325088501

-------------Round number: 73-------------

Evaluate heterogeneous models
Averaged Test Accurancy: 0.9725
Averaged Test AUC: 0.9962
Std Test Accurancy: 0.0140
Std Test AUC: 0.0029
------------------------- time cost ------------------------- 16.086350679397583

-------------Round number: 74-------------

Evaluate heterogeneous models
Averaged Test Accurancy: 0.9724
Averaged Test AUC: 0.9962
Std Test Accurancy: 0.0141
Std Test AUC: 0.0029
------------------------- time cost ------------------------- 15.468834638595581

-------------Round number: 75-------------

Evaluate heterogeneous models
Averaged Test Accurancy: 0.9725
Averaged Test AUC: 0.9962
Std Test Accurancy: 0.0141
Std Test AUC: 0.0029
------------------------- time cost ------------------------- 15.364677906036377

-------------Round number: 76-------------

Evaluate heterogeneous models
Averaged Test Accurancy: 0.9726
Averaged Test AUC: 0.9962
Std Test Accurancy: 0.0142
Std Test AUC: 0.0029
------------------------- time cost ------------------------- 16.1960289478302

-------------Round number: 77-------------

Evaluate heterogeneous models
Averaged Test Accurancy: 0.9724
Averaged Test AUC: 0.9962
Std Test Accurancy: 0.0141
Std Test AUC: 0.0029
------------------------- time cost ------------------------- 17.356536626815796

-------------Round number: 78-------------

Evaluate heterogeneous models
Averaged Test Accurancy: 0.9725
Averaged Test AUC: 0.9962
Std Test Accurancy: 0.0140
Std Test AUC: 0.0029
------------------------- time cost ------------------------- 18.081218242645264

-------------Round number: 79-------------

Evaluate heterogeneous models
Averaged Test Accurancy: 0.9725
Averaged Test AUC: 0.9962
Std Test Accurancy: 0.0142
Std Test AUC: 0.0029
------------------------- time cost ------------------------- 17.694761753082275

-------------Round number: 80-------------

Evaluate heterogeneous models
Averaged Test Accurancy: 0.9725
Averaged Test AUC: 0.9962
Std Test Accurancy: 0.0142
Std Test AUC: 0.0029
------------------------- time cost ------------------------- 18.231996297836304

-------------Round number: 81-------------

Evaluate heterogeneous models
Averaged Test Accurancy: 0.9725
Averaged Test AUC: 0.9962
Std Test Accurancy: 0.0141
Std Test AUC: 0.0029
------------------------- time cost ------------------------- 17.935330390930176

-------------Round number: 82-------------

Evaluate heterogeneous models
Averaged Test Accurancy: 0.9724
Averaged Test AUC: 0.9962
Std Test Accurancy: 0.0141
Std Test AUC: 0.0029
------------------------- time cost ------------------------- 17.897460460662842

-------------Round number: 83-------------

Evaluate heterogeneous models
Averaged Test Accurancy: 0.9724
Averaged Test AUC: 0.9962
Std Test Accurancy: 0.0140
Std Test AUC: 0.0029
------------------------- time cost ------------------------- 16.237312078475952

-------------Round number: 84-------------

Evaluate heterogeneous models
Averaged Test Accurancy: 0.9725
Averaged Test AUC: 0.9962
Std Test Accurancy: 0.0140
Std Test AUC: 0.0029
------------------------- time cost ------------------------- 17.486939191818237

-------------Round number: 85-------------

Evaluate heterogeneous models
Averaged Test Accurancy: 0.9725
Averaged Test AUC: 0.9962
Std Test Accurancy: 0.0142
Std Test AUC: 0.0029
------------------------- time cost ------------------------- 15.672250032424927

-------------Round number: 86-------------

Evaluate heterogeneous models
Averaged Test Accurancy: 0.9725
Averaged Test AUC: 0.9962
Std Test Accurancy: 0.0140
Std Test AUC: 0.0029
------------------------- time cost ------------------------- 15.707952737808228

-------------Round number: 87-------------

Evaluate heterogeneous models
Averaged Test Accurancy: 0.9725
Averaged Test AUC: 0.9962
Std Test Accurancy: 0.0141
Std Test AUC: 0.0029
------------------------- time cost ------------------------- 15.739585638046265

-------------Round number: 88-------------

Evaluate heterogeneous models
Averaged Test Accurancy: 0.9723
Averaged Test AUC: 0.9962
Std Test Accurancy: 0.0142
Std Test AUC: 0.0029
------------------------- time cost ------------------------- 15.734179735183716

-------------Round number: 89-------------

Evaluate heterogeneous models
Averaged Test Accurancy: 0.9725
Averaged Test AUC: 0.9962
Std Test Accurancy: 0.0141
Std Test AUC: 0.0029
------------------------- time cost ------------------------- 15.739635705947876

-------------Round number: 90-------------

Evaluate heterogeneous models
Averaged Test Accurancy: 0.9724
Averaged Test AUC: 0.9962
Std Test Accurancy: 0.0142
Std Test AUC: 0.0029
------------------------- time cost ------------------------- 15.693846464157104

-------------Round number: 91-------------

Evaluate heterogeneous models
Averaged Test Accurancy: 0.9726
Averaged Test AUC: 0.9962
Std Test Accurancy: 0.0140
Std Test AUC: 0.0029
------------------------- time cost ------------------------- 15.7547025680542

-------------Round number: 92-------------

Evaluate heterogeneous models
Averaged Test Accurancy: 0.9725
Averaged Test AUC: 0.9962
Std Test Accurancy: 0.0140
Std Test AUC: 0.0029
------------------------- time cost ------------------------- 15.919791221618652

-------------Round number: 93-------------

Evaluate heterogeneous models
Averaged Test Accurancy: 0.9722
Averaged Test AUC: 0.9962
Std Test Accurancy: 0.0142
Std Test AUC: 0.0029
------------------------- time cost ------------------------- 15.857380151748657

-------------Round number: 94-------------

Evaluate heterogeneous models
Averaged Test Accurancy: 0.9724
Averaged Test AUC: 0.9962
Std Test Accurancy: 0.0141
Std Test AUC: 0.0029
------------------------- time cost ------------------------- 15.706478118896484

-------------Round number: 95-------------

Evaluate heterogeneous models
Averaged Test Accurancy: 0.9724
Averaged Test AUC: 0.9962
Std Test Accurancy: 0.0143
Std Test AUC: 0.0029
------------------------- time cost ------------------------- 15.894118309020996

-------------Round number: 96-------------

Evaluate heterogeneous models
Averaged Test Accurancy: 0.9724
Averaged Test AUC: 0.9962
Std Test Accurancy: 0.0143
Std Test AUC: 0.0029
------------------------- time cost ------------------------- 15.83730673789978

-------------Round number: 97-------------

Evaluate heterogeneous models
Averaged Test Accurancy: 0.9722
Averaged Test AUC: 0.9962
Std Test Accurancy: 0.0140
Std Test AUC: 0.0029
------------------------- time cost ------------------------- 16.07479238510132

-------------Round number: 98-------------

Evaluate heterogeneous models
Averaged Test Accurancy: 0.9724
Averaged Test AUC: 0.9961
Std Test Accurancy: 0.0141
Std Test AUC: 0.0029
------------------------- time cost ------------------------- 16.0945942401886

-------------Round number: 99-------------

Evaluate heterogeneous models
Averaged Test Accurancy: 0.9723
Averaged Test AUC: 0.9961
Std Test Accurancy: 0.0141
Std Test AUC: 0.0030
------------------------- time cost ------------------------- 15.906893730163574

-------------Round number: 100-------------

Evaluate heterogeneous models
Averaged Test Accurancy: 0.9724
Averaged Test AUC: 0.9961
Std Test Accurancy: 0.0140
Std Test AUC: 0.0030
------------------------- time cost ------------------------- 15.75439453125

-------------Round number: 101-------------

Evaluate heterogeneous models
Averaged Test Accurancy: 0.9724
Averaged Test AUC: 0.9961
Std Test Accurancy: 0.0141
Std Test AUC: 0.0029
------------------------- time cost ------------------------- 16.017043828964233

-------------Round number: 102-------------

Evaluate heterogeneous models
Averaged Test Accurancy: 0.9723
Averaged Test AUC: 0.9961
Std Test Accurancy: 0.0142
Std Test AUC: 0.0030
------------------------- time cost ------------------------- 15.921427965164185

-------------Round number: 103-------------

Evaluate heterogeneous models
Averaged Test Accurancy: 0.9725
Averaged Test AUC: 0.9961
Std Test Accurancy: 0.0140
Std Test AUC: 0.0030
------------------------- time cost ------------------------- 16.530386209487915

-------------Round number: 104-------------

Evaluate heterogeneous models
Averaged Test Accurancy: 0.9724
Averaged Test AUC: 0.9961
Std Test Accurancy: 0.0141
Std Test AUC: 0.0029
------------------------- time cost ------------------------- 16.505355834960938

-------------Round number: 105-------------

Evaluate heterogeneous models
Averaged Test Accurancy: 0.9724
Averaged Test AUC: 0.9961
Std Test Accurancy: 0.0140
Std Test AUC: 0.0029
------------------------- time cost ------------------------- 16.375970363616943

-------------Round number: 106-------------

Evaluate heterogeneous models
Averaged Test Accurancy: 0.9724
Averaged Test AUC: 0.9961
Std Test Accurancy: 0.0140
Std Test AUC: 0.0030
------------------------- time cost ------------------------- 16.33599352836609

-------------Round number: 107-------------

Evaluate heterogeneous models
Averaged Test Accurancy: 0.9724
Averaged Test AUC: 0.9961
Std Test Accurancy: 0.0140
Std Test AUC: 0.0030
------------------------- time cost ------------------------- 16.10305428504944

-------------Round number: 108-------------

Evaluate heterogeneous models
Averaged Test Accurancy: 0.9723
Averaged Test AUC: 0.9961
Std Test Accurancy: 0.0144
Std Test AUC: 0.0029
------------------------- time cost ------------------------- 16.243797063827515

-------------Round number: 109-------------

Evaluate heterogeneous models
Averaged Test Accurancy: 0.9724
Averaged Test AUC: 0.9961
Std Test Accurancy: 0.0142
Std Test AUC: 0.0030
------------------------- time cost ------------------------- 16.32424521446228

-------------Round number: 110-------------

Evaluate heterogeneous models
Averaged Test Accurancy: 0.9724
Averaged Test AUC: 0.9961
Std Test Accurancy: 0.0140
Std Test AUC: 0.0029
------------------------- time cost ------------------------- 16.525189638137817

-------------Round number: 111-------------

Evaluate heterogeneous models
Averaged Test Accurancy: 0.9724
Averaged Test AUC: 0.9961
Std Test Accurancy: 0.0142
Std Test AUC: 0.0030
------------------------- time cost ------------------------- 16.646416664123535

-------------Round number: 112-------------

Evaluate heterogeneous models
Averaged Test Accurancy: 0.9724
Averaged Test AUC: 0.9961
Std Test Accurancy: 0.0142
Std Test AUC: 0.0030
------------------------- time cost ------------------------- 16.59574818611145

-------------Round number: 113-------------

Evaluate heterogeneous models
Averaged Test Accurancy: 0.9723
Averaged Test AUC: 0.9961
Std Test Accurancy: 0.0142
Std Test AUC: 0.0030
------------------------- time cost ------------------------- 16.445366621017456

-------------Round number: 114-------------

Evaluate heterogeneous models
Averaged Test Accurancy: 0.9725
Averaged Test AUC: 0.9961
Std Test Accurancy: 0.0140
Std Test AUC: 0.0030
------------------------- time cost ------------------------- 16.688604593276978

-------------Round number: 115-------------

Evaluate heterogeneous models
Averaged Test Accurancy: 0.9723
Averaged Test AUC: 0.9961
Std Test Accurancy: 0.0142
Std Test AUC: 0.0030
------------------------- time cost ------------------------- 16.75235414505005

-------------Round number: 116-------------

Evaluate heterogeneous models
Averaged Test Accurancy: 0.9725
Averaged Test AUC: 0.9961
Std Test Accurancy: 0.0142
Std Test AUC: 0.0030
------------------------- time cost ------------------------- 16.773967742919922

-------------Round number: 117-------------

Evaluate heterogeneous models
Averaged Test Accurancy: 0.9724
Averaged Test AUC: 0.9961
Std Test Accurancy: 0.0142
Std Test AUC: 0.0030
------------------------- time cost ------------------------- 16.71561622619629

-------------Round number: 118-------------

Evaluate heterogeneous models
Averaged Test Accurancy: 0.9722
Averaged Test AUC: 0.9961
Std Test Accurancy: 0.0142
Std Test AUC: 0.0030
------------------------- time cost ------------------------- 16.468364238739014

-------------Round number: 119-------------

Evaluate heterogeneous models
Averaged Test Accurancy: 0.9721
Averaged Test AUC: 0.9961
Std Test Accurancy: 0.0144
Std Test AUC: 0.0030
------------------------- time cost ------------------------- 16.765368700027466

-------------Round number: 120-------------

Evaluate heterogeneous models
Averaged Test Accurancy: 0.9722
Averaged Test AUC: 0.9961
Std Test Accurancy: 0.0143
Std Test AUC: 0.0030
------------------------- time cost ------------------------- 18.473011016845703

-------------Round number: 121-------------

Evaluate heterogeneous models
Averaged Test Accurancy: 0.9722
Averaged Test AUC: 0.9961
Std Test Accurancy: 0.0143
Std Test AUC: 0.0030
------------------------- time cost ------------------------- 18.005613327026367

-------------Round number: 122-------------

Evaluate heterogeneous models
Averaged Test Accurancy: 0.9724
Averaged Test AUC: 0.9961
Std Test Accurancy: 0.0142
Std Test AUC: 0.0030
------------------------- time cost ------------------------- 16.19874668121338

-------------Round number: 123-------------

Evaluate heterogeneous models
Averaged Test Accurancy: 0.9722
Averaged Test AUC: 0.9961
Std Test Accurancy: 0.0142
Std Test AUC: 0.0030
------------------------- time cost ------------------------- 16.37248396873474

-------------Round number: 124-------------

Evaluate heterogeneous models
Averaged Test Accurancy: 0.9722
Averaged Test AUC: 0.9961
Std Test Accurancy: 0.0141
Std Test AUC: 0.0030
------------------------- time cost ------------------------- 16.44792103767395

-------------Round number: 125-------------

Evaluate heterogeneous models
Averaged Test Accurancy: 0.9723
Averaged Test AUC: 0.9961
Std Test Accurancy: 0.0143
Std Test AUC: 0.0030
------------------------- time cost ------------------------- 16.371179342269897

-------------Round number: 126-------------

Evaluate heterogeneous models
Averaged Test Accurancy: 0.9722
Averaged Test AUC: 0.9961
Std Test Accurancy: 0.0142
Std Test AUC: 0.0030
------------------------- time cost ------------------------- 16.550068140029907

-------------Round number: 127-------------

Evaluate heterogeneous models
Averaged Test Accurancy: 0.9723
Averaged Test AUC: 0.9961
Std Test Accurancy: 0.0141
Std Test AUC: 0.0030
------------------------- time cost ------------------------- 16.57081413269043

-------------Round number: 128-------------

Evaluate heterogeneous models
Averaged Test Accurancy: 0.9722
Averaged Test AUC: 0.9961
Std Test Accurancy: 0.0142
Std Test AUC: 0.0030
------------------------- time cost ------------------------- 16.559587955474854

-------------Round number: 129-------------

Evaluate heterogeneous models
Averaged Test Accurancy: 0.9722
Averaged Test AUC: 0.9961
Std Test Accurancy: 0.0143
Std Test AUC: 0.0030
------------------------- time cost ------------------------- 16.50523614883423

-------------Round number: 130-------------

Evaluate heterogeneous models
Averaged Test Accurancy: 0.9721
Averaged Test AUC: 0.9961
Std Test Accurancy: 0.0144
Std Test AUC: 0.0030
------------------------- time cost ------------------------- 16.649957180023193

-------------Round number: 131-------------

Evaluate heterogeneous models
Averaged Test Accurancy: 0.9722
Averaged Test AUC: 0.9961
Std Test Accurancy: 0.0141
Std Test AUC: 0.0030
------------------------- time cost ------------------------- 16.61841917037964

-------------Round number: 132-------------

Evaluate heterogeneous models
Averaged Test Accurancy: 0.9722
Averaged Test AUC: 0.9961
Std Test Accurancy: 0.0144
Std Test AUC: 0.0030
------------------------- time cost ------------------------- 16.610899686813354

-------------Round number: 133-------------

Evaluate heterogeneous models
Averaged Test Accurancy: 0.9720
Averaged Test AUC: 0.9961
Std Test Accurancy: 0.0144
Std Test AUC: 0.0030
------------------------- time cost ------------------------- 16.62228274345398

-------------Round number: 134-------------

Evaluate heterogeneous models
Averaged Test Accurancy: 0.9722
Averaged Test AUC: 0.9961
Std Test Accurancy: 0.0142
Std Test AUC: 0.0030
------------------------- time cost ------------------------- 16.830244302749634

-------------Round number: 135-------------

Evaluate heterogeneous models
Averaged Test Accurancy: 0.9720
Averaged Test AUC: 0.9961
Std Test Accurancy: 0.0143
Std Test AUC: 0.0030
------------------------- time cost ------------------------- 16.76402449607849

-------------Round number: 136-------------

Evaluate heterogeneous models
Averaged Test Accurancy: 0.9722
Averaged Test AUC: 0.9961
Std Test Accurancy: 0.0141
Std Test AUC: 0.0030
------------------------- time cost ------------------------- 16.817481517791748

-------------Round number: 137-------------

Evaluate heterogeneous models
Averaged Test Accurancy: 0.9722
Averaged Test AUC: 0.9961
Std Test Accurancy: 0.0143
Std Test AUC: 0.0030
------------------------- time cost ------------------------- 16.879508018493652

-------------Round number: 138-------------

Evaluate heterogeneous models
Averaged Test Accurancy: 0.9721
Averaged Test AUC: 0.9961
Std Test Accurancy: 0.0143
Std Test AUC: 0.0030
------------------------- time cost ------------------------- 16.61757779121399

-------------Round number: 139-------------

Evaluate heterogeneous models
Averaged Test Accurancy: 0.9721
Averaged Test AUC: 0.9961
Std Test Accurancy: 0.0143
Std Test AUC: 0.0030
------------------------- time cost ------------------------- 16.66671395301819

-------------Round number: 140-------------

Evaluate heterogeneous models
Averaged Test Accurancy: 0.9722
Averaged Test AUC: 0.9961
Std Test Accurancy: 0.0142
Std Test AUC: 0.0030
------------------------- time cost ------------------------- 16.54806637763977

-------------Round number: 141-------------

Evaluate heterogeneous models
Averaged Test Accurancy: 0.9721
Averaged Test AUC: 0.9961
Std Test Accurancy: 0.0142
Std Test AUC: 0.0030
------------------------- time cost ------------------------- 18.201645612716675

-------------Round number: 142-------------

Evaluate heterogeneous models
Averaged Test Accurancy: 0.9721
Averaged Test AUC: 0.9961
Std Test Accurancy: 0.0143
Std Test AUC: 0.0030
------------------------- time cost ------------------------- 18.43010139465332

-------------Round number: 143-------------

Evaluate heterogeneous models
Averaged Test Accurancy: 0.9720
Averaged Test AUC: 0.9961
Std Test Accurancy: 0.0143
Std Test AUC: 0.0030
------------------------- time cost ------------------------- 17.147562980651855

-------------Round number: 144-------------

Evaluate heterogeneous models
Averaged Test Accurancy: 0.9721
Averaged Test AUC: 0.9961
Std Test Accurancy: 0.0144
Std Test AUC: 0.0030
------------------------- time cost ------------------------- 16.482163190841675

-------------Round number: 145-------------

Evaluate heterogeneous models
Averaged Test Accurancy: 0.9722
Averaged Test AUC: 0.9961
Std Test Accurancy: 0.0143
Std Test AUC: 0.0030
------------------------- time cost ------------------------- 17.07711410522461

-------------Round number: 146-------------

Evaluate heterogeneous models
Averaged Test Accurancy: 0.9721
Averaged Test AUC: 0.9961
Std Test Accurancy: 0.0142
Std Test AUC: 0.0030
------------------------- time cost ------------------------- 16.847140550613403

-------------Round number: 147-------------

Evaluate heterogeneous models
Averaged Test Accurancy: 0.9722
Averaged Test AUC: 0.9960
Std Test Accurancy: 0.0142
Std Test AUC: 0.0030
------------------------- time cost ------------------------- 16.559364795684814

-------------Round number: 148-------------

Evaluate heterogeneous models
Averaged Test Accurancy: 0.9721
Averaged Test AUC: 0.9960
Std Test Accurancy: 0.0143
Std Test AUC: 0.0030
------------------------- time cost ------------------------- 16.801728010177612

-------------Round number: 149-------------

Evaluate heterogeneous models
Averaged Test Accurancy: 0.9721
Averaged Test AUC: 0.9961
Std Test Accurancy: 0.0143
Std Test AUC: 0.0030
------------------------- time cost ------------------------- 16.985628604888916

-------------Round number: 150-------------

Evaluate heterogeneous models
Averaged Test Accurancy: 0.9721
Averaged Test AUC: 0.9960
Std Test Accurancy: 0.0143
Std Test AUC: 0.0030
------------------------- time cost ------------------------- 16.863365173339844

-------------Round number: 151-------------

Evaluate heterogeneous models
Averaged Test Accurancy: 0.9720
Averaged Test AUC: 0.9960
Std Test Accurancy: 0.0143
Std Test AUC: 0.0030
------------------------- time cost ------------------------- 16.700899600982666

-------------Round number: 152-------------

Evaluate heterogeneous models
Averaged Test Accurancy: 0.9720
Averaged Test AUC: 0.9960
Std Test Accurancy: 0.0143
Std Test AUC: 0.0030
------------------------- time cost ------------------------- 16.167513847351074

-------------Round number: 153-------------

Evaluate heterogeneous models
Averaged Test Accurancy: 0.9721
Averaged Test AUC: 0.9960
Std Test Accurancy: 0.0142
Std Test AUC: 0.0030
------------------------- time cost ------------------------- 16.984855890274048

-------------Round number: 154-------------

Evaluate heterogeneous models
Averaged Test Accurancy: 0.9721
Averaged Test AUC: 0.9961
Std Test Accurancy: 0.0142
Std Test AUC: 0.0030
------------------------- time cost ------------------------- 16.916886568069458

-------------Round number: 155-------------

Evaluate heterogeneous models
Averaged Test Accurancy: 0.9721
Averaged Test AUC: 0.9960
Std Test Accurancy: 0.0142
Std Test AUC: 0.0030
------------------------- time cost ------------------------- 16.96834707260132

-------------Round number: 156-------------

Evaluate heterogeneous models
Averaged Test Accurancy: 0.9721
Averaged Test AUC: 0.9960
Std Test Accurancy: 0.0143
Std Test AUC: 0.0030
------------------------- time cost ------------------------- 16.248234748840332

-------------Round number: 157-------------

Evaluate heterogeneous models
Averaged Test Accurancy: 0.9721
Averaged Test AUC: 0.9960
Std Test Accurancy: 0.0141
Std Test AUC: 0.0030
------------------------- time cost ------------------------- 16.338787317276

-------------Round number: 158-------------

Evaluate heterogeneous models
Averaged Test Accurancy: 0.9721
Averaged Test AUC: 0.9960
Std Test Accurancy: 0.0143
Std Test AUC: 0.0030
------------------------- time cost ------------------------- 15.57245922088623

-------------Round number: 159-------------

Evaluate heterogeneous models
Averaged Test Accurancy: 0.9720
Averaged Test AUC: 0.9960
Std Test Accurancy: 0.0143
Std Test AUC: 0.0030
------------------------- time cost ------------------------- 15.396934747695923

-------------Round number: 160-------------

Evaluate heterogeneous models
Averaged Test Accurancy: 0.9721
Averaged Test AUC: 0.9960
Std Test Accurancy: 0.0142
Std Test AUC: 0.0030
------------------------- time cost ------------------------- 16.024427890777588

-------------Round number: 161-------------

Evaluate heterogeneous models
Averaged Test Accurancy: 0.9721
Averaged Test AUC: 0.9960
Std Test Accurancy: 0.0144
Std Test AUC: 0.0030
------------------------- time cost ------------------------- 15.94371509552002

-------------Round number: 162-------------

Evaluate heterogeneous models
Averaged Test Accurancy: 0.9721
Averaged Test AUC: 0.9960
Std Test Accurancy: 0.0143
Std Test AUC: 0.0030
------------------------- time cost ------------------------- 16.073867321014404

-------------Round number: 163-------------

Evaluate heterogeneous models
Averaged Test Accurancy: 0.9720
Averaged Test AUC: 0.9960
Std Test Accurancy: 0.0142
Std Test AUC: 0.0030
------------------------- time cost ------------------------- 16.13355565071106

-------------Round number: 164-------------

Evaluate heterogeneous models
Averaged Test Accurancy: 0.9721
Averaged Test AUC: 0.9960
Std Test Accurancy: 0.0144
Std Test AUC: 0.0030
------------------------- time cost ------------------------- 16.245744705200195

-------------Round number: 165-------------

Evaluate heterogeneous models
Averaged Test Accurancy: 0.9721
Averaged Test AUC: 0.9960
Std Test Accurancy: 0.0143
Std Test AUC: 0.0030
------------------------- time cost ------------------------- 15.92057466506958

-------------Round number: 166-------------

Evaluate heterogeneous models
Averaged Test Accurancy: 0.9721
Averaged Test AUC: 0.9960
Std Test Accurancy: 0.0145
Std Test AUC: 0.0030
------------------------- time cost ------------------------- 16.380017518997192

-------------Round number: 167-------------

Evaluate heterogeneous models
Averaged Test Accurancy: 0.9721
Averaged Test AUC: 0.9960
Std Test Accurancy: 0.0143
Std Test AUC: 0.0030
------------------------- time cost ------------------------- 16.43470811843872

-------------Round number: 168-------------

Evaluate heterogeneous models
Averaged Test Accurancy: 0.9720
Averaged Test AUC: 0.9960
Std Test Accurancy: 0.0142
Std Test AUC: 0.0030
------------------------- time cost ------------------------- 17.99684238433838

-------------Round number: 169-------------

Evaluate heterogeneous models
Averaged Test Accurancy: 0.9721
Averaged Test AUC: 0.9960
Std Test Accurancy: 0.0143
Std Test AUC: 0.0030
------------------------- time cost ------------------------- 16.27743148803711

-------------Round number: 170-------------

Evaluate heterogeneous models
Averaged Test Accurancy: 0.9720
Averaged Test AUC: 0.9960
Std Test Accurancy: 0.0143
Std Test AUC: 0.0030
------------------------- time cost ------------------------- 16.109440088272095

-------------Round number: 171-------------

Evaluate heterogeneous models
Averaged Test Accurancy: 0.9721
Averaged Test AUC: 0.9960
Std Test Accurancy: 0.0143
Std Test AUC: 0.0030
------------------------- time cost ------------------------- 16.408363342285156

-------------Round number: 172-------------

Evaluate heterogeneous models
Averaged Test Accurancy: 0.9722
Averaged Test AUC: 0.9960
Std Test Accurancy: 0.0143
Std Test AUC: 0.0030
------------------------- time cost ------------------------- 16.33565592765808

-------------Round number: 173-------------

Evaluate heterogeneous models
Averaged Test Accurancy: 0.9720
Averaged Test AUC: 0.9960
Std Test Accurancy: 0.0144
Std Test AUC: 0.0030
------------------------- time cost ------------------------- 16.18023443222046

-------------Round number: 174-------------

Evaluate heterogeneous models
Averaged Test Accurancy: 0.9720
Averaged Test AUC: 0.9960
Std Test Accurancy: 0.0142
Std Test AUC: 0.0030
------------------------- time cost ------------------------- 16.43083620071411

-------------Round number: 175-------------

Evaluate heterogeneous models
Averaged Test Accurancy: 0.9721
Averaged Test AUC: 0.9960
Std Test Accurancy: 0.0144
Std Test AUC: 0.0030
------------------------- time cost ------------------------- 16.224706411361694

-------------Round number: 176-------------

Evaluate heterogeneous models
Averaged Test Accurancy: 0.9721
Averaged Test AUC: 0.9960
Std Test Accurancy: 0.0143
Std Test AUC: 0.0030
------------------------- time cost ------------------------- 16.407222986221313

-------------Round number: 177-------------

Evaluate heterogeneous models
Averaged Test Accurancy: 0.9719
Averaged Test AUC: 0.9960
Std Test Accurancy: 0.0144
Std Test AUC: 0.0030
------------------------- time cost ------------------------- 16.37876844406128

-------------Round number: 178-------------

Evaluate heterogeneous models
Averaged Test Accurancy: 0.9720
Averaged Test AUC: 0.9960
Std Test Accurancy: 0.0144
Std Test AUC: 0.0030
------------------------- time cost ------------------------- 16.57601499557495

-------------Round number: 179-------------

Evaluate heterogeneous models
Averaged Test Accurancy: 0.9718
Averaged Test AUC: 0.9960
Std Test Accurancy: 0.0143
Std Test AUC: 0.0030
------------------------- time cost ------------------------- 16.67046070098877

-------------Round number: 180-------------

Evaluate heterogeneous models
Averaged Test Accurancy: 0.9721
Averaged Test AUC: 0.9960
Std Test Accurancy: 0.0144
Std Test AUC: 0.0030
------------------------- time cost ------------------------- 16.58446502685547

-------------Round number: 181-------------

Evaluate heterogeneous models
Averaged Test Accurancy: 0.9720
Averaged Test AUC: 0.9960
Std Test Accurancy: 0.0143
Std Test AUC: 0.0030
------------------------- time cost ------------------------- 16.466134071350098

-------------Round number: 182-------------

Evaluate heterogeneous models
Averaged Test Accurancy: 0.9719
Averaged Test AUC: 0.9960
Std Test Accurancy: 0.0144
Std Test AUC: 0.0030
------------------------- time cost ------------------------- 16.54874587059021

-------------Round number: 183-------------

Evaluate heterogeneous models
Averaged Test Accurancy: 0.9720
Averaged Test AUC: 0.9960
Std Test Accurancy: 0.0144
Std Test AUC: 0.0030
------------------------- time cost ------------------------- 16.48282551765442

-------------Round number: 184-------------

Evaluate heterogeneous models
Averaged Test Accurancy: 0.9720
Averaged Test AUC: 0.9960
Std Test Accurancy: 0.0143
Std Test AUC: 0.0030
------------------------- time cost ------------------------- 16.74154305458069

-------------Round number: 185-------------

Evaluate heterogeneous models
Averaged Test Accurancy: 0.9721
Averaged Test AUC: 0.9960
Std Test Accurancy: 0.0145
Std Test AUC: 0.0030
------------------------- time cost ------------------------- 16.56411051750183

-------------Round number: 186-------------

Evaluate heterogeneous models
Averaged Test Accurancy: 0.9720
Averaged Test AUC: 0.9960
Std Test Accurancy: 0.0142
Std Test AUC: 0.0030
------------------------- time cost ------------------------- 16.788129806518555

-------------Round number: 187-------------

Evaluate heterogeneous models
Averaged Test Accurancy: 0.9721
Averaged Test AUC: 0.9960
Std Test Accurancy: 0.0144
Std Test AUC: 0.0030
------------------------- time cost ------------------------- 16.88995671272278

-------------Round number: 188-------------

Evaluate heterogeneous models
Averaged Test Accurancy: 0.9718
Averaged Test AUC: 0.9960
Std Test Accurancy: 0.0144
Std Test AUC: 0.0030
------------------------- time cost ------------------------- 16.951755046844482

-------------Round number: 189-------------

Evaluate heterogeneous models
Averaged Test Accurancy: 0.9720
Averaged Test AUC: 0.9960
Std Test Accurancy: 0.0142
Std Test AUC: 0.0030
------------------------- time cost ------------------------- 16.797980308532715

-------------Round number: 190-------------

Evaluate heterogeneous models
Averaged Test Accurancy: 0.9718
Averaged Test AUC: 0.9960
Std Test Accurancy: 0.0143
Std Test AUC: 0.0030
------------------------- time cost ------------------------- 16.961888790130615

-------------Round number: 191-------------

Evaluate heterogeneous models
Averaged Test Accurancy: 0.9719
Averaged Test AUC: 0.9960
Std Test Accurancy: 0.0144
Std Test AUC: 0.0030
------------------------- time cost ------------------------- 16.753917455673218

-------------Round number: 192-------------

Evaluate heterogeneous models
Averaged Test Accurancy: 0.9721
Averaged Test AUC: 0.9960
Std Test Accurancy: 0.0142
Std Test AUC: 0.0030
------------------------- time cost ------------------------- 17.568162202835083

-------------Round number: 193-------------

Evaluate heterogeneous models
Averaged Test Accurancy: 0.9720
Averaged Test AUC: 0.9960
Std Test Accurancy: 0.0142
Std Test AUC: 0.0030
------------------------- time cost ------------------------- 17.568886280059814

-------------Round number: 194-------------

Evaluate heterogeneous models
Averaged Test Accurancy: 0.9720
Averaged Test AUC: 0.9960
Std Test Accurancy: 0.0143
Std Test AUC: 0.0030
------------------------- time cost ------------------------- 16.565391302108765

-------------Round number: 195-------------

Evaluate heterogeneous models
Averaged Test Accurancy: 0.9720
Averaged Test AUC: 0.9960
Std Test Accurancy: 0.0143
Std Test AUC: 0.0030
------------------------- time cost ------------------------- 16.47612452507019

-------------Round number: 196-------------

Evaluate heterogeneous models
Averaged Test Accurancy: 0.9720
Averaged Test AUC: 0.9960
Std Test Accurancy: 0.0144
Std Test AUC: 0.0030
------------------------- time cost ------------------------- 16.552846670150757

-------------Round number: 197-------------

Evaluate heterogeneous models
Averaged Test Accurancy: 0.9720
Averaged Test AUC: 0.9960
Std Test Accurancy: 0.0143
Std Test AUC: 0.0030
------------------------- time cost ------------------------- 16.69170069694519

-------------Round number: 198-------------

Evaluate heterogeneous models
Averaged Test Accurancy: 0.9720
Averaged Test AUC: 0.9960
Std Test Accurancy: 0.0143
Std Test AUC: 0.0030
------------------------- time cost ------------------------- 16.576555728912354

-------------Round number: 199-------------

Evaluate heterogeneous models
Averaged Test Accurancy: 0.9720
Averaged Test AUC: 0.9960
Std Test Accurancy: 0.0142
Std Test AUC: 0.0030
------------------------- time cost ------------------------- 16.537773370742798

-------------Round number: 200-------------

Evaluate heterogeneous models
Averaged Test Accurancy: 0.9720
Averaged Test AUC: 0.9960
Std Test Accurancy: 0.0142
Std Test AUC: 0.0030

Best accuracy.
0.9727630902757951

Average time cost per round.
16.22405971765518
File path: ../results/MNIST_dir_0.3_imbalance_40_FedGen_test_0.h5

Average time cost: 3417.12s.
Length:  201
std for best accurancy: 0.0
mean for best accurancy: 0.9727630902757951
All done!

Storage on cpu
-------------------------------------------------------------------------------
Total Tensors: 5530 	Used Memory: 40.50K
-------------------------------------------------------------------------------

Storage on cuda:0
-------------------------------------------------------------------------------
Total Tensors: 410400 	Used Memory: 1.60M
The allocated memory on cuda:0: 1.60M
-------------------------------------------------------------------------------
