==================================================
goal = test
device = cuda
device_id = 0
dataset = Cifar10_dir_0.3_imbalance_40
num_classes = 10
model_family = HtFE8
batch_size = 256
local_learning_rate = 0.06
use_decay_scheduler = False
learning_rate_decay = False
learning_rate_decay_gamma = 0.99
global_rounds = 200
edge_epochs = 1
local_epochs = 5
algorithm = FedGen
join_ratio = 1.0
random_join_ratio = False
num_clients = 40
num_edges = 10
prev = 0
times = 1
eval_gap = 1
save_folder_name = temp
auto_break = False
feature_dim = 512
vocab_size = 98635
max_len = 200
client_drop_rate = 0.0
train_slow_rate = 0.0
send_slow_rate = 0.0
time_select = False
time_threthold = 10000
optimizer = SGD
lamda = 1.0
weight_decay = 0
trans_delay_simulate = False
momentum = 0.8
agg_type = 0
buffersize = 10
gl_use_clients = 1
test_useglclassifier = 1
gamma = 1
drawtsne = 1
drawround = 20
noise_dim = 512
generator_learning_rate = 0.0001
hidden_dim = 512
server_epochs = 100
alpha = 1.0
beta = 1.0
mentee_learning_rate = 0.005
T_start = 0.95
T_end = 0.98
server_learning_rate = 0.01
margin_threthold = 100.0
generator_path = stylegan/stylegan-xl-models/imagenet64.pkl
stable_diffusion_prompt = a cat
server_batch_size = 100
gen_batch_size = 4
mu = 50.0
==================================================
Random seed set as 42

============= Running time: 0th =============
Creating server and clients ...
FedAvgCNN(in_features=3, num_classes=args.num_classes, dim=1600)
torchvision.models.googlenet(pretrained=False, aux_logits=False, num_classes=args.num_classes)
mobilenet_v2(pretrained=False, num_classes=args.num_classes)
torchvision.models.resnet18(pretrained=False, num_classes=args.num_classes)
torchvision.models.resnet34(pretrained=False, num_classes=args.num_classes)
torchvision.models.resnet50(pretrained=False, num_classes=args.num_classes)
torchvision.models.resnet101(pretrained=False, num_classes=args.num_classes)
torchvision.models.resnet152(pretrained=False, num_classes=args.num_classes)
FedAvgCNN(in_features=3, num_classes=args.num_classes, dim=1600) model chosen!
id 0
label_counts: defaultdict(<class 'int'>, {6: 87, 7: 347, 3: 400, 1: 47, 4: 179, 8: 41, 2: 1, 5: 2, 9: 2, 0: 2})
torchvision.models.googlenet(pretrained=False, aux_logits=False, num_classes=args.num_classes) model chosen!
id 1
label_counts: defaultdict(<class 'int'>, {2: 855, 4: 327, 0: 5, 3: 3})
mobilenet_v2(pretrained=False, num_classes=args.num_classes) model chosen!
id 2
label_counts: defaultdict(<class 'int'>, {5: 141, 9: 71, 4: 177, 8: 162, 6: 36, 2: 95, 1: 9, 7: 49, 0: 23, 3: 2})
torchvision.models.resnet18(pretrained=False, num_classes=args.num_classes) model chosen!
id 3
label_counts: defaultdict(<class 'int'>, {9: 347, 4: 88, 5: 394, 8: 32, 7: 415, 2: 15, 0: 3})
torchvision.models.resnet34(pretrained=False, num_classes=args.num_classes) model chosen!
id 4
label_counts: defaultdict(<class 'int'>, {8: 172, 2: 591, 3: 83, 7: 30, 5: 234, 1: 3, 4: 18, 0: 18})
torchvision.models.resnet50(pretrained=False, num_classes=args.num_classes) model chosen!
id 5
label_counts: defaultdict(<class 'int'>, {0: 841, 5: 565, 1: 70, 3: 35})
torchvision.models.resnet101(pretrained=False, num_classes=args.num_classes) model chosen!
id 6
label_counts: defaultdict(<class 'int'>, {3: 381, 6: 154, 8: 143, 9: 43, 0: 93, 1: 15, 2: 1, 4: 2, 7: 1})
torchvision.models.resnet152(pretrained=False, num_classes=args.num_classes) model chosen!
id 7
label_counts: defaultdict(<class 'int'>, {9: 1519, 4: 349, 3: 115, 2: 76, 0: 78, 7: 79, 5: 29, 1: 6, 6: 1})
FedAvgCNN(in_features=3, num_classes=args.num_classes, dim=1600) model chosen!
id 8
label_counts: defaultdict(<class 'int'>, {4: 425, 1: 15, 3: 83, 8: 161, 0: 4, 2: 115, 7: 92, 9: 10, 6: 5, 5: 2})
torchvision.models.googlenet(pretrained=False, aux_logits=False, num_classes=args.num_classes) model chosen!
id 9
label_counts: defaultdict(<class 'int'>, {7: 286, 1: 64, 4: 95, 0: 7, 2: 80, 3: 14, 9: 28, 5: 7})
mobilenet_v2(pretrained=False, num_classes=args.num_classes) model chosen!
id 10
label_counts: defaultdict(<class 'int'>, {8: 906, 0: 830, 4: 108, 1: 17, 3: 11, 2: 10, 6: 6, 5: 5})
torchvision.models.resnet18(pretrained=False, num_classes=args.num_classes) model chosen!
id 11
label_counts: defaultdict(<class 'int'>, {8: 208, 7: 8, 1: 227, 2: 238, 3: 16, 9: 48, 5: 2, 6: 2, 4: 1})
torchvision.models.resnet34(pretrained=False, num_classes=args.num_classes) model chosen!
id 12
label_counts: defaultdict(<class 'int'>, {4: 354, 6: 681, 1: 47, 0: 50, 3: 4, 5: 1, 2: 2})
torchvision.models.resnet50(pretrained=False, num_classes=args.num_classes) model chosen!
id 13
label_counts: defaultdict(<class 'int'>, {0: 464, 6: 426, 3: 90, 2: 271, 1: 67, 4: 10})
torchvision.models.resnet101(pretrained=False, num_classes=args.num_classes) model chosen!
id 14
label_counts: defaultdict(<class 'int'>, {5: 746, 1: 509, 4: 104, 3: 17, 0: 30, 2: 1})
torchvision.models.resnet152(pretrained=False, num_classes=args.num_classes) model chosen!
id 15
label_counts: defaultdict(<class 'int'>, {4: 973, 2: 843, 1: 155, 0: 75, 3: 45})
FedAvgCNN(in_features=3, num_classes=args.num_classes, dim=1600) model chosen!
id 16
label_counts: defaultdict(<class 'int'>, {6: 120, 1: 2, 3: 448, 0: 8, 8: 77, 9: 202, 4: 43, 5: 71})
torchvision.models.googlenet(pretrained=False, aux_logits=False, num_classes=args.num_classes) model chosen!
id 17
label_counts: defaultdict(<class 'int'>, {7: 978, 0: 8, 6: 42, 3: 84, 2: 130, 5: 9, 4: 48})
mobilenet_v2(pretrained=False, num_classes=args.num_classes) model chosen!
id 18
label_counts: defaultdict(<class 'int'>, {0: 260, 5: 179, 1: 196, 4: 82, 3: 53, 7: 8, 8: 51, 6: 3, 2: 2})
torchvision.models.resnet18(pretrained=False, num_classes=args.num_classes) model chosen!
id 19
label_counts: defaultdict(<class 'int'>, {1: 456, 5: 56, 9: 86, 8: 150, 2: 46, 6: 20, 7: 10, 3: 7})
torchvision.models.resnet34(pretrained=False, num_classes=args.num_classes) model chosen!
id 20
label_counts: defaultdict(<class 'int'>, {3: 362, 0: 218, 4: 48, 8: 358, 7: 24, 6: 242, 2: 17, 5: 6})
torchvision.models.resnet50(pretrained=False, num_classes=args.num_classes) model chosen!
id 21
label_counts: defaultdict(<class 'int'>, {1: 276, 0: 436, 5: 44, 4: 131, 2: 72, 3: 93, 8: 33, 9: 2, 6: 2})
torchvision.models.resnet101(pretrained=False, num_classes=args.num_classes) model chosen!
id 22
label_counts: defaultdict(<class 'int'>, {3: 97, 6: 159, 8: 459, 9: 131, 5: 64, 1: 82, 7: 22, 4: 2, 2: 1})
torchvision.models.resnet152(pretrained=False, num_classes=args.num_classes) model chosen!
id 23
label_counts: defaultdict(<class 'int'>, {2: 510, 3: 373, 1: 205, 0: 170})
FedAvgCNN(in_features=3, num_classes=args.num_classes, dim=1600) model chosen!
id 24
label_counts: defaultdict(<class 'int'>, {4: 111, 7: 407, 6: 231, 2: 21, 1: 151, 8: 68, 3: 19, 9: 44, 0: 4})
torchvision.models.googlenet(pretrained=False, aux_logits=False, num_classes=args.num_classes) model chosen!
id 25
label_counts: defaultdict(<class 'int'>, {7: 336, 4: 100, 1: 353, 5: 197, 6: 83, 3: 29, 2: 11, 9: 2, 8: 3, 0: 2})
mobilenet_v2(pretrained=False, num_classes=args.num_classes) model chosen!
id 26
label_counts: defaultdict(<class 'int'>, {9: 885, 0: 276, 3: 116, 5: 59, 8: 57, 1: 18, 6: 2, 4: 3})
torchvision.models.resnet18(pretrained=False, num_classes=args.num_classes) model chosen!
id 27
label_counts: defaultdict(<class 'int'>, {6: 360, 5: 140, 1: 24, 3: 12, 4: 28, 9: 54, 2: 15})
torchvision.models.resnet34(pretrained=False, num_classes=args.num_classes) model chosen!
id 28
label_counts: defaultdict(<class 'int'>, {8: 31, 5: 486, 1: 148, 0: 87, 4: 71, 7: 29, 6: 12, 2: 2, 3: 1})
torchvision.models.resnet50(pretrained=False, num_classes=args.num_classes) model chosen!
id 29
label_counts: defaultdict(<class 'int'>, {5: 380, 7: 932, 1: 46, 6: 48, 4: 10, 3: 54, 2: 10})
torchvision.models.resnet101(pretrained=False, num_classes=args.num_classes) model chosen!
id 30
label_counts: defaultdict(<class 'int'>, {3: 724, 2: 19, 6: 555, 0: 95, 5: 89, 4: 8, 1: 1})
torchvision.models.resnet152(pretrained=False, num_classes=args.num_classes) model chosen!
id 31
label_counts: defaultdict(<class 'int'>, {6: 65, 0: 185, 9: 201, 1: 130, 7: 52, 3: 7, 4: 61, 2: 12, 5: 41})
FedAvgCNN(in_features=3, num_classes=args.num_classes, dim=1600) model chosen!
id 32
label_counts: defaultdict(<class 'int'>, {0: 33, 5: 339, 8: 81, 9: 53, 2: 65, 1: 9, 3: 3, 7: 1, 6: 11})
torchvision.models.googlenet(pretrained=False, aux_logits=False, num_classes=args.num_classes) model chosen!
id 33
label_counts: defaultdict(<class 'int'>, {6: 249, 1: 688, 8: 63, 4: 82, 5: 32, 7: 39, 0: 10, 2: 2})
mobilenet_v2(pretrained=False, num_classes=args.num_classes) model chosen!
id 34
label_counts: defaultdict(<class 'int'>, {8: 782, 6: 180, 4: 26, 1: 196, 3: 124, 7: 25, 2: 5})
torchvision.models.resnet18(pretrained=False, num_classes=args.num_classes) model chosen!
id 35
label_counts: defaultdict(<class 'int'>, {0: 69, 2: 255, 9: 362, 3: 64, 6: 20, 7: 151, 8: 12, 1: 7, 4: 8})
torchvision.models.resnet34(pretrained=False, num_classes=args.num_classes) model chosen!
id 36
label_counts: defaultdict(<class 'int'>, {5: 152, 8: 159, 1: 70, 9: 83, 4: 109, 2: 15, 7: 10, 0: 1})
torchvision.models.resnet50(pretrained=False, num_classes=args.num_classes) model chosen!
id 37
label_counts: defaultdict(<class 'int'>, {1: 171, 0: 116, 4: 82, 6: 519, 9: 20, 3: 58, 7: 10, 5: 16, 2: 10})
torchvision.models.resnet101(pretrained=False, num_classes=args.num_classes) model chosen!
id 38
label_counts: defaultdict(<class 'int'>, {2: 125, 7: 141, 6: 156, 5: 29, 8: 27, 3: 111, 1: 29, 9: 20, 0: 6})
torchvision.models.resnet152(pretrained=False, num_classes=args.num_classes) model chosen!
id 39
label_counts: defaultdict(<class 'int'>, {3: 345, 8: 216, 9: 312, 4: 217, 0: 3, 5: 5, 7: 4, 2: 1, 1: 1})

Join ratio / total clients: 1.0 / 40
Finished creating server and clients.
------------------------- time cost ------------------------- 106.49535202980042

-------------Round number: 0-------------

Evaluate heterogeneous models
Averaged Test Accuracy (Regular Model): 0.5002
Averaged Train Loss (Regular Model): 1.3662
Averaged Test AUC: 0.8556
Std Test Accurancy: 0.1456
Std Test AUC: 0.0727
------------------------- time cost ------------------------- 108.81168866157532

-------------Round number: 1-------------

Evaluate heterogeneous models
Averaged Test Accuracy (Regular Model): 0.5668
Averaged Train Loss (Regular Model): 1.0567
Averaged Test AUC: 0.8996
Std Test Accurancy: 0.1580
Std Test AUC: 0.0571
------------------------- time cost ------------------------- 103.0730926990509

-------------Round number: 2-------------

Evaluate heterogeneous models
Averaged Test Accuracy (Regular Model): 0.5874
Averaged Train Loss (Regular Model): 0.8410
Averaged Test AUC: 0.9062
Std Test Accurancy: 0.1455
Std Test AUC: 0.0562
------------------------- time cost ------------------------- 100.80839896202087

-------------Round number: 3-------------

Evaluate heterogeneous models
Averaged Test Accuracy (Regular Model): 0.6095
Averaged Train Loss (Regular Model): 0.6381
Averaged Test AUC: 0.9099
Std Test Accurancy: 0.1168
Std Test AUC: 0.0483
------------------------- time cost ------------------------- 99.68394207954407

-------------Round number: 4-------------

Evaluate heterogeneous models
Averaged Test Accuracy (Regular Model): 0.6154
Averaged Train Loss (Regular Model): 0.5056
Averaged Test AUC: 0.9056
Std Test Accurancy: 0.1121
Std Test AUC: 0.0445
------------------------- time cost ------------------------- 97.44292187690735

-------------Round number: 5-------------

Evaluate heterogeneous models
Averaged Test Accuracy (Regular Model): 0.6156
Averaged Train Loss (Regular Model): 0.4167
Averaged Test AUC: 0.8991
Std Test Accurancy: 0.1066
Std Test AUC: 0.0572
------------------------- time cost ------------------------- 100.49757790565491

-------------Round number: 6-------------

Evaluate heterogeneous models
Averaged Test Accuracy (Regular Model): 0.6245
Averaged Train Loss (Regular Model): 0.3343
Averaged Test AUC: 0.8972
Std Test Accurancy: 0.1109
Std Test AUC: 0.0524
------------------------- time cost ------------------------- 104.35992431640625

-------------Round number: 7-------------

Evaluate heterogeneous models
Averaged Test Accuracy (Regular Model): 0.6271
Averaged Train Loss (Regular Model): 0.2910
Averaged Test AUC: 0.8946
Std Test Accurancy: 0.1056
Std Test AUC: 0.0460
------------------------- time cost ------------------------- 100.1598756313324

-------------Round number: 8-------------

Evaluate heterogeneous models
Averaged Test Accuracy (Regular Model): 0.6292
Averaged Train Loss (Regular Model): 0.2071
Averaged Test AUC: 0.8937
Std Test Accurancy: 0.1042
Std Test AUC: 0.0498
------------------------- time cost ------------------------- 102.09716391563416

-------------Round number: 9-------------

Evaluate heterogeneous models
Averaged Test Accuracy (Regular Model): 0.6394
Averaged Train Loss (Regular Model): 0.1783
Averaged Test AUC: 0.8918
Std Test Accurancy: 0.1002
Std Test AUC: 0.0488
------------------------- time cost ------------------------- 99.68055319786072

-------------Round number: 10-------------

Evaluate heterogeneous models
Averaged Test Accuracy (Regular Model): 0.6430
Averaged Train Loss (Regular Model): 0.1473
Averaged Test AUC: 0.8935
Std Test Accurancy: 0.0981
Std Test AUC: 0.0469
------------------------- time cost ------------------------- 98.78067660331726

-------------Round number: 11-------------

Evaluate heterogeneous models
Averaged Test Accuracy (Regular Model): 0.6449
Averaged Train Loss (Regular Model): 0.1161
Averaged Test AUC: 0.8912
Std Test Accurancy: 0.0936
Std Test AUC: 0.0471
------------------------- time cost ------------------------- 100.2301378250122

-------------Round number: 12-------------

Evaluate heterogeneous models
Averaged Test Accuracy (Regular Model): 0.6392
Averaged Train Loss (Regular Model): 0.1242
Averaged Test AUC: 0.8923
Std Test Accurancy: 0.0917
Std Test AUC: 0.0493
------------------------- time cost ------------------------- 102.5223126411438

-------------Round number: 13-------------

Evaluate heterogeneous models
Averaged Test Accuracy (Regular Model): 0.6359
Averaged Train Loss (Regular Model): 0.0986
Averaged Test AUC: 0.8917
Std Test Accurancy: 0.0941
Std Test AUC: 0.0466
------------------------- time cost ------------------------- 106.73271322250366

-------------Round number: 14-------------

Evaluate heterogeneous models
Averaged Test Accuracy (Regular Model): 0.6420
Averaged Train Loss (Regular Model): 0.0960
Averaged Test AUC: 0.8907
Std Test Accurancy: 0.0883
Std Test AUC: 0.0443
------------------------- time cost ------------------------- 104.09454154968262

-------------Round number: 15-------------

Evaluate heterogeneous models
Averaged Test Accuracy (Regular Model): 0.6428
Averaged Train Loss (Regular Model): 0.1108
Averaged Test AUC: 0.8911
Std Test Accurancy: 0.0981
Std Test AUC: 0.0462
------------------------- time cost ------------------------- 103.928382396698

-------------Round number: 16-------------

Evaluate heterogeneous models
Averaged Test Accuracy (Regular Model): 0.6488
Averaged Train Loss (Regular Model): 0.0782
Averaged Test AUC: 0.8937
Std Test Accurancy: 0.0982
Std Test AUC: 0.0501
------------------------- time cost ------------------------- 100.2277262210846

-------------Round number: 17-------------

Evaluate heterogeneous models
Averaged Test Accuracy (Regular Model): 0.6502
Averaged Train Loss (Regular Model): 0.0675
Averaged Test AUC: 0.8922
Std Test Accurancy: 0.1031
Std Test AUC: 0.0547
------------------------- time cost ------------------------- 107.53937864303589

-------------Round number: 18-------------

Evaluate heterogeneous models
Averaged Test Accuracy (Regular Model): 0.6418
Averaged Train Loss (Regular Model): 0.0787
Averaged Test AUC: 0.8932
Std Test Accurancy: 0.0959
Std Test AUC: 0.0480
------------------------- time cost ------------------------- 104.87578630447388

-------------Round number: 19-------------

Evaluate heterogeneous models
Averaged Test Accuracy (Regular Model): 0.6536
Averaged Train Loss (Regular Model): 0.0586
Averaged Test AUC: 0.8933
Std Test Accurancy: 0.0931
Std Test AUC: 0.0496
------------------------- time cost ------------------------- 106.29705023765564

-------------Round number: 20-------------

Evaluate heterogeneous models
Averaged Test Accuracy (Regular Model): 0.6463
Averaged Train Loss (Regular Model): 0.0655
Averaged Test AUC: 0.8909
Std Test Accurancy: 0.0934
Std Test AUC: 0.0503
------------------------- time cost ------------------------- 104.95761942863464

-------------Round number: 21-------------

Evaluate heterogeneous models
Averaged Test Accuracy (Regular Model): 0.6569
Averaged Train Loss (Regular Model): 0.0502
Averaged Test AUC: 0.8953
Std Test Accurancy: 0.0918
Std Test AUC: 0.0498
------------------------- time cost ------------------------- 104.0876157283783

-------------Round number: 22-------------

Evaluate heterogeneous models
Averaged Test Accuracy (Regular Model): 0.6547
Averaged Train Loss (Regular Model): 0.0557
Averaged Test AUC: 0.8920
Std Test Accurancy: 0.1007
Std Test AUC: 0.0526
------------------------- time cost ------------------------- 107.03883624076843

-------------Round number: 23-------------

Evaluate heterogeneous models
Averaged Test Accuracy (Regular Model): 0.6514
Averaged Train Loss (Regular Model): 0.0626
Averaged Test AUC: 0.8908
Std Test Accurancy: 0.0956
Std Test AUC: 0.0502
------------------------- time cost ------------------------- 100.96243476867676

-------------Round number: 24-------------

Evaluate heterogeneous models
Averaged Test Accuracy (Regular Model): 0.6518
Averaged Train Loss (Regular Model): 0.0494
Averaged Test AUC: 0.8916
Std Test Accurancy: 0.0949
Std Test AUC: 0.0487
------------------------- time cost ------------------------- 101.02335619926453

-------------Round number: 25-------------

Evaluate heterogeneous models
Averaged Test Accuracy (Regular Model): 0.6517
Averaged Train Loss (Regular Model): 0.0509
Averaged Test AUC: 0.8936
Std Test Accurancy: 0.0916
Std Test AUC: 0.0468
------------------------- time cost ------------------------- 101.32457184791565

-------------Round number: 26-------------

Evaluate heterogeneous models
Averaged Test Accuracy (Regular Model): 0.6513
Averaged Train Loss (Regular Model): 0.0479
Averaged Test AUC: 0.8935
Std Test Accurancy: 0.0920
Std Test AUC: 0.0483
------------------------- time cost ------------------------- 101.1014552116394

-------------Round number: 27-------------

Evaluate heterogeneous models
Averaged Test Accuracy (Regular Model): 0.6513
Averaged Train Loss (Regular Model): 0.0477
Averaged Test AUC: 0.8945
Std Test Accurancy: 0.0932
Std Test AUC: 0.0486
------------------------- time cost ------------------------- 101.23547387123108

-------------Round number: 28-------------

Evaluate heterogeneous models
Averaged Test Accuracy (Regular Model): 0.6477
Averaged Train Loss (Regular Model): 0.0468
Averaged Test AUC: 0.8921
Std Test Accurancy: 0.0897
Std Test AUC: 0.0468
------------------------- time cost ------------------------- 98.78282403945923

-------------Round number: 29-------------

Evaluate heterogeneous models
Averaged Test Accuracy (Regular Model): 0.6508
Averaged Train Loss (Regular Model): 0.0399
Averaged Test AUC: 0.8926
Std Test Accurancy: 0.0922
Std Test AUC: 0.0468
------------------------- time cost ------------------------- 99.24480485916138

-------------Round number: 30-------------

Evaluate heterogeneous models
Averaged Test Accuracy (Regular Model): 0.6573
Averaged Train Loss (Regular Model): 0.0368
Averaged Test AUC: 0.8945
Std Test Accurancy: 0.0897
Std Test AUC: 0.0471
------------------------- time cost ------------------------- 99.64199256896973

-------------Round number: 31-------------

Evaluate heterogeneous models
Averaged Test Accuracy (Regular Model): 0.6542
Averaged Train Loss (Regular Model): 0.0324
Averaged Test AUC: 0.8940
Std Test Accurancy: 0.0882
Std Test AUC: 0.0465
------------------------- time cost ------------------------- 97.84519338607788

-------------Round number: 32-------------

Evaluate heterogeneous models
Averaged Test Accuracy (Regular Model): 0.6567
Averaged Train Loss (Regular Model): 0.0335
Averaged Test AUC: 0.8942
Std Test Accurancy: 0.0887
Std Test AUC: 0.0459
------------------------- time cost ------------------------- 101.47161841392517

-------------Round number: 33-------------

Evaluate heterogeneous models
Averaged Test Accuracy (Regular Model): 0.6501
Averaged Train Loss (Regular Model): 0.0469
Averaged Test AUC: 0.8935
Std Test Accurancy: 0.0925
Std Test AUC: 0.0486
------------------------- time cost ------------------------- 99.85717988014221

-------------Round number: 34-------------

Evaluate heterogeneous models
Averaged Test Accuracy (Regular Model): 0.6498
Averaged Train Loss (Regular Model): 0.0452
Averaged Test AUC: 0.8897
Std Test Accurancy: 0.0930
Std Test AUC: 0.0467
------------------------- time cost ------------------------- 98.09009718894958

-------------Round number: 35-------------

Evaluate heterogeneous models
Averaged Test Accuracy (Regular Model): 0.6532
Averaged Train Loss (Regular Model): 0.0481
Averaged Test AUC: 0.8943
Std Test Accurancy: 0.0980
Std Test AUC: 0.0519
------------------------- time cost ------------------------- 98.3152277469635

-------------Round number: 36-------------

Evaluate heterogeneous models
Averaged Test Accuracy (Regular Model): 0.6551
Averaged Train Loss (Regular Model): 0.0382
Averaged Test AUC: 0.8966
Std Test Accurancy: 0.0928
Std Test AUC: 0.0475
------------------------- time cost ------------------------- 99.10165119171143

-------------Round number: 37-------------

Evaluate heterogeneous models
Averaged Test Accuracy (Regular Model): 0.6555
Averaged Train Loss (Regular Model): 0.0279
Averaged Test AUC: 0.8944
Std Test Accurancy: 0.0927
Std Test AUC: 0.0466
------------------------- time cost ------------------------- 90.23963069915771

-------------Round number: 38-------------

Evaluate heterogeneous models
Averaged Test Accuracy (Regular Model): 0.6581
Averaged Train Loss (Regular Model): 0.0342
Averaged Test AUC: 0.8949
Std Test Accurancy: 0.0925
Std Test AUC: 0.0449
------------------------- time cost ------------------------- 92.59108567237854

-------------Round number: 39-------------

Evaluate heterogeneous models
Averaged Test Accuracy (Regular Model): 0.6581
Averaged Train Loss (Regular Model): 0.0286
Averaged Test AUC: 0.8963
Std Test Accurancy: 0.0950
Std Test AUC: 0.0460
------------------------- time cost ------------------------- 92.64080905914307

-------------Round number: 40-------------

Evaluate heterogeneous models
Averaged Test Accuracy (Regular Model): 0.6531
Averaged Train Loss (Regular Model): 0.0376
Averaged Test AUC: 0.8950
Std Test Accurancy: 0.0959
Std Test AUC: 0.0468
------------------------- time cost ------------------------- 93.12202548980713

-------------Round number: 41-------------

Evaluate heterogeneous models
Averaged Test Accuracy (Regular Model): 0.6577
Averaged Train Loss (Regular Model): 0.0240
Averaged Test AUC: 0.8949
Std Test Accurancy: 0.0931
Std Test AUC: 0.0453
------------------------- time cost ------------------------- 94.75059652328491

-------------Round number: 42-------------

Evaluate heterogeneous models
Averaged Test Accuracy (Regular Model): 0.6567
Averaged Train Loss (Regular Model): 0.0330
Averaged Test AUC: 0.8960
Std Test Accurancy: 0.0957
Std Test AUC: 0.0467
------------------------- time cost ------------------------- 91.79637718200684

-------------Round number: 43-------------

Evaluate heterogeneous models
Averaged Test Accuracy (Regular Model): 0.6342
Averaged Train Loss (Regular Model): 0.0356
Averaged Test AUC: 0.8720
Std Test Accurancy: 0.1309
Std Test AUC: 0.0827
------------------------- time cost ------------------------- 94.89730191230774

-------------Round number: 44-------------

Evaluate heterogeneous models
Averaged Test Accuracy (Regular Model): 0.6563
Averaged Train Loss (Regular Model): 0.0375
Averaged Test AUC: 0.8953
Std Test Accurancy: 0.0913
Std Test AUC: 0.0451
------------------------- time cost ------------------------- 93.27814245223999

-------------Round number: 45-------------

Evaluate heterogeneous models
Averaged Test Accuracy (Regular Model): 0.6577
Averaged Train Loss (Regular Model): 0.0293
Averaged Test AUC: 0.8955
Std Test Accurancy: 0.0938
Std Test AUC: 0.0456
------------------------- time cost ------------------------- 90.58980894088745

-------------Round number: 46-------------

Evaluate heterogeneous models
Averaged Test Accuracy (Regular Model): 0.6555
Averaged Train Loss (Regular Model): 0.0356
Averaged Test AUC: 0.8933
Std Test Accurancy: 0.0935
Std Test AUC: 0.0520
------------------------- time cost ------------------------- 94.61208772659302

-------------Round number: 47-------------

Evaluate heterogeneous models
Averaged Test Accuracy (Regular Model): 0.6579
Averaged Train Loss (Regular Model): 0.0448
Averaged Test AUC: 0.8958
Std Test Accurancy: 0.0954
Std Test AUC: 0.0479
------------------------- time cost ------------------------- 96.15247225761414

-------------Round number: 48-------------

Evaluate heterogeneous models
Averaged Test Accuracy (Regular Model): 0.6596
Averaged Train Loss (Regular Model): 0.0392
Averaged Test AUC: 0.8965
Std Test Accurancy: 0.0923
Std Test AUC: 0.0490
------------------------- time cost ------------------------- 93.10777163505554

-------------Round number: 49-------------

Evaluate heterogeneous models
Averaged Test Accuracy (Regular Model): 0.6599
Averaged Train Loss (Regular Model): 0.0231
Averaged Test AUC: 0.8971
Std Test Accurancy: 0.0929
Std Test AUC: 0.0481
------------------------- time cost ------------------------- 92.42944097518921

-------------Round number: 50-------------

Evaluate heterogeneous models
Averaged Test Accuracy (Regular Model): 0.6595
Averaged Train Loss (Regular Model): 0.0226
Averaged Test AUC: 0.8959
Std Test Accurancy: 0.0954
Std Test AUC: 0.0475
------------------------- time cost ------------------------- 93.83500695228577

-------------Round number: 51-------------

Evaluate heterogeneous models
Averaged Test Accuracy (Regular Model): 0.6567
Averaged Train Loss (Regular Model): 0.0257
Averaged Test AUC: 0.8960
Std Test Accurancy: 0.0944
Std Test AUC: 0.0487
------------------------- time cost ------------------------- 93.12526869773865

-------------Round number: 52-------------

Evaluate heterogeneous models
Averaged Test Accuracy (Regular Model): 0.6579
Averaged Train Loss (Regular Model): 0.0254
Averaged Test AUC: 0.8972
Std Test Accurancy: 0.0942
Std Test AUC: 0.0473
------------------------- time cost ------------------------- 97.02430200576782

-------------Round number: 53-------------

Evaluate heterogeneous models
Averaged Test Accuracy (Regular Model): 0.6598
Averaged Train Loss (Regular Model): 0.0345
Averaged Test AUC: 0.8953
Std Test Accurancy: 0.0937
Std Test AUC: 0.0465
------------------------- time cost ------------------------- 95.97104811668396

-------------Round number: 54-------------

Evaluate heterogeneous models
Averaged Test Accuracy (Regular Model): 0.6605
Averaged Train Loss (Regular Model): 0.0150
Averaged Test AUC: 0.8954
Std Test Accurancy: 0.0943
Std Test AUC: 0.0475
------------------------- time cost ------------------------- 96.50007510185242

-------------Round number: 55-------------

Evaluate heterogeneous models
Averaged Test Accuracy (Regular Model): 0.6606
Averaged Train Loss (Regular Model): 0.0227
Averaged Test AUC: 0.8952
Std Test Accurancy: 0.0971
Std Test AUC: 0.0484
------------------------- time cost ------------------------- 96.8518636226654

-------------Round number: 56-------------

Evaluate heterogeneous models
Averaged Test Accuracy (Regular Model): 0.6625
Averaged Train Loss (Regular Model): 0.0278
Averaged Test AUC: 0.8968
Std Test Accurancy: 0.0965
Std Test AUC: 0.0474
------------------------- time cost ------------------------- 98.17711472511292

-------------Round number: 57-------------

Evaluate heterogeneous models
Averaged Test Accuracy (Regular Model): 0.6635
Averaged Train Loss (Regular Model): 0.0199
Averaged Test AUC: 0.8960
Std Test Accurancy: 0.0957
Std Test AUC: 0.0474
------------------------- time cost ------------------------- 96.16681027412415

-------------Round number: 58-------------

Evaluate heterogeneous models
Averaged Test Accuracy (Regular Model): 0.6633
Averaged Train Loss (Regular Model): 0.0159
Averaged Test AUC: 0.8970
Std Test Accurancy: 0.0950
Std Test AUC: 0.0473
------------------------- time cost ------------------------- 94.4184319972992

-------------Round number: 59-------------

Evaluate heterogeneous models
Averaged Test Accuracy (Regular Model): 0.6593
Averaged Train Loss (Regular Model): 0.0178
Averaged Test AUC: 0.8951
Std Test Accurancy: 0.0927
Std Test AUC: 0.0478
------------------------- time cost ------------------------- 91.93597435951233

-------------Round number: 60-------------

Evaluate heterogeneous models
Averaged Test Accuracy (Regular Model): 0.6613
Averaged Train Loss (Regular Model): 0.0242
Averaged Test AUC: 0.8970
Std Test Accurancy: 0.0954
Std Test AUC: 0.0468
------------------------- time cost ------------------------- 95.62539172172546

-------------Round number: 61-------------

Evaluate heterogeneous models
Averaged Test Accuracy (Regular Model): 0.6587
Averaged Train Loss (Regular Model): 0.0236
Averaged Test AUC: 0.8940
Std Test Accurancy: 0.0938
Std Test AUC: 0.0493
------------------------- time cost ------------------------- 93.5710780620575

-------------Round number: 62-------------

Evaluate heterogeneous models
Averaged Test Accuracy (Regular Model): 0.6596
Averaged Train Loss (Regular Model): 0.0183
Averaged Test AUC: 0.8957
Std Test Accurancy: 0.0952
Std Test AUC: 0.0480
------------------------- time cost ------------------------- 92.5874605178833

-------------Round number: 63-------------

Evaluate heterogeneous models
Averaged Test Accuracy (Regular Model): 0.6613
Averaged Train Loss (Regular Model): 0.0177
Averaged Test AUC: 0.8966
Std Test Accurancy: 0.0943
Std Test AUC: 0.0478
------------------------- time cost ------------------------- 93.20806527137756

-------------Round number: 64-------------

Evaluate heterogeneous models
Averaged Test Accuracy (Regular Model): 0.6642
Averaged Train Loss (Regular Model): 0.0123
Averaged Test AUC: 0.8981
Std Test Accurancy: 0.0958
Std Test AUC: 0.0489
------------------------- time cost ------------------------- 92.343829870224

-------------Round number: 65-------------

Evaluate heterogeneous models
Averaged Test Accuracy (Regular Model): 0.6599
Averaged Train Loss (Regular Model): 0.0219
Averaged Test AUC: 0.8959
Std Test Accurancy: 0.0998
Std Test AUC: 0.0487
------------------------- time cost ------------------------- 93.07073998451233

-------------Round number: 66-------------

Evaluate heterogeneous models
Averaged Test Accuracy (Regular Model): 0.6575
Averaged Train Loss (Regular Model): 0.0224
Averaged Test AUC: 0.8956
Std Test Accurancy: 0.0951
Std Test AUC: 0.0480
------------------------- time cost ------------------------- 92.56601238250732

-------------Round number: 67-------------

Evaluate heterogeneous models
Averaged Test Accuracy (Regular Model): 0.6619
Averaged Train Loss (Regular Model): 0.0091
Averaged Test AUC: 0.8964
Std Test Accurancy: 0.0975
Std Test AUC: 0.0496
------------------------- time cost ------------------------- 96.17464518547058

-------------Round number: 68-------------

Evaluate heterogeneous models
Averaged Test Accuracy (Regular Model): 0.6600
Averaged Train Loss (Regular Model): 0.0164
Averaged Test AUC: 0.8960
Std Test Accurancy: 0.0971
Std Test AUC: 0.0486
------------------------- time cost ------------------------- 101.2791690826416

-------------Round number: 69-------------

Evaluate heterogeneous models
Averaged Test Accuracy (Regular Model): 0.6550
Averaged Train Loss (Regular Model): 0.0156
Averaged Test AUC: 0.8946
Std Test Accurancy: 0.0963
Std Test AUC: 0.0497
------------------------- time cost ------------------------- 95.3545982837677

-------------Round number: 70-------------

Evaluate heterogeneous models
Averaged Test Accuracy (Regular Model): 0.6617
Averaged Train Loss (Regular Model): 0.0213
Averaged Test AUC: 0.8961
Std Test Accurancy: 0.0970
Std Test AUC: 0.0485
------------------------- time cost ------------------------- 93.93490839004517

-------------Round number: 71-------------

Evaluate heterogeneous models
Averaged Test Accuracy (Regular Model): 0.6599
Averaged Train Loss (Regular Model): 0.0165
Averaged Test AUC: 0.8966
Std Test Accurancy: 0.0965
Std Test AUC: 0.0486
------------------------- time cost ------------------------- 90.44508695602417

-------------Round number: 72-------------

Evaluate heterogeneous models
Averaged Test Accuracy (Regular Model): 0.6605
Averaged Train Loss (Regular Model): 0.0100
Averaged Test AUC: 0.8952
Std Test Accurancy: 0.0978
Std Test AUC: 0.0491
------------------------- time cost ------------------------- 101.5319664478302

-------------Round number: 73-------------

Evaluate heterogeneous models
Averaged Test Accuracy (Regular Model): 0.6605
Averaged Train Loss (Regular Model): 0.0120
Averaged Test AUC: 0.8968
Std Test Accurancy: 0.0960
Std Test AUC: 0.0483
------------------------- time cost ------------------------- 99.23417496681213

-------------Round number: 74-------------

Evaluate heterogeneous models
Averaged Test Accuracy (Regular Model): 0.6587
Averaged Train Loss (Regular Model): 0.0115
Averaged Test AUC: 0.8958
Std Test Accurancy: 0.0948
Std Test AUC: 0.0489
------------------------- time cost ------------------------- 97.89967942237854

-------------Round number: 75-------------

Evaluate heterogeneous models
Averaged Test Accuracy (Regular Model): 0.6591
Averaged Train Loss (Regular Model): 0.0110
Averaged Test AUC: 0.8973
Std Test Accurancy: 0.0952
Std Test AUC: 0.0489
------------------------- time cost ------------------------- 90.26636266708374

-------------Round number: 76-------------

Evaluate heterogeneous models
Averaged Test Accuracy (Regular Model): 0.6591
Averaged Train Loss (Regular Model): 0.0067
Averaged Test AUC: 0.8975
Std Test Accurancy: 0.0941
Std Test AUC: 0.0488
------------------------- time cost ------------------------- 96.37713980674744

-------------Round number: 77-------------

Evaluate heterogeneous models
Averaged Test Accuracy (Regular Model): 0.6591
Averaged Train Loss (Regular Model): 0.0162
Averaged Test AUC: 0.8963
Std Test Accurancy: 0.0943
Std Test AUC: 0.0474
------------------------- time cost ------------------------- 92.15141892433167

-------------Round number: 78-------------

Evaluate heterogeneous models
Averaged Test Accuracy (Regular Model): 0.6599
Averaged Train Loss (Regular Model): 0.0054
Averaged Test AUC: 0.8969
Std Test Accurancy: 0.0930
Std Test AUC: 0.0478
------------------------- time cost ------------------------- 104.0323441028595

-------------Round number: 79-------------

Evaluate heterogeneous models
Averaged Test Accuracy (Regular Model): 0.6622
Averaged Train Loss (Regular Model): 0.0156
Averaged Test AUC: 0.8972
Std Test Accurancy: 0.0921
Std Test AUC: 0.0481
------------------------- time cost ------------------------- 102.03975319862366

-------------Round number: 80-------------

Evaluate heterogeneous models
Averaged Test Accuracy (Regular Model): 0.6607
Averaged Train Loss (Regular Model): 0.0058
Averaged Test AUC: 0.8968
Std Test Accurancy: 0.0895
Std Test AUC: 0.0468
------------------------- time cost ------------------------- 97.19128632545471

-------------Round number: 81-------------

Evaluate heterogeneous models
Averaged Test Accuracy (Regular Model): 0.6622
Averaged Train Loss (Regular Model): 0.0105
Averaged Test AUC: 0.8972
Std Test Accurancy: 0.0884
Std Test AUC: 0.0475
------------------------- time cost ------------------------- 92.51373982429504

-------------Round number: 82-------------

Evaluate heterogeneous models
Averaged Test Accuracy (Regular Model): 0.6593
Averaged Train Loss (Regular Model): 0.0144
Averaged Test AUC: 0.8964
Std Test Accurancy: 0.0913
Std Test AUC: 0.0487
------------------------- time cost ------------------------- 97.8690619468689

-------------Round number: 83-------------

Evaluate heterogeneous models
Averaged Test Accuracy (Regular Model): 0.6593
Averaged Train Loss (Regular Model): 0.0097
Averaged Test AUC: 0.8974
Std Test Accurancy: 0.0894
Std Test AUC: 0.0473
------------------------- time cost ------------------------- 97.99286890029907

-------------Round number: 84-------------

Evaluate heterogeneous models
Averaged Test Accuracy (Regular Model): 0.6601
Averaged Train Loss (Regular Model): 0.0081
Averaged Test AUC: 0.8973
Std Test Accurancy: 0.0908
Std Test AUC: 0.0480
------------------------- time cost ------------------------- 95.15071249008179

-------------Round number: 85-------------

Evaluate heterogeneous models
Averaged Test Accuracy (Regular Model): 0.6596
Averaged Train Loss (Regular Model): 0.0077
Averaged Test AUC: 0.8978
Std Test Accurancy: 0.0916
Std Test AUC: 0.0498
------------------------- time cost ------------------------- 101.74275732040405

-------------Round number: 86-------------

Evaluate heterogeneous models
Averaged Test Accuracy (Regular Model): 0.6613
Averaged Train Loss (Regular Model): 0.0075
Averaged Test AUC: 0.8976
Std Test Accurancy: 0.0919
Std Test AUC: 0.0476
------------------------- time cost ------------------------- 106.46115565299988

-------------Round number: 87-------------

Evaluate heterogeneous models
Averaged Test Accuracy (Regular Model): 0.6577
Averaged Train Loss (Regular Model): 0.0119
Averaged Test AUC: 0.8966
Std Test Accurancy: 0.0916
Std Test AUC: 0.0480
------------------------- time cost ------------------------- 96.96531271934509

-------------Round number: 88-------------

Evaluate heterogeneous models
Averaged Test Accuracy (Regular Model): 0.6618
Averaged Train Loss (Regular Model): 0.0044
Averaged Test AUC: 0.8968
Std Test Accurancy: 0.0908
Std Test AUC: 0.0474
------------------------- time cost ------------------------- 91.86842727661133

-------------Round number: 89-------------

Evaluate heterogeneous models
Averaged Test Accuracy (Regular Model): 0.6583
Averaged Train Loss (Regular Model): 0.0142
Averaged Test AUC: 0.8961
Std Test Accurancy: 0.0953
Std Test AUC: 0.0492
------------------------- time cost ------------------------- 96.49146938323975

-------------Round number: 90-------------

Evaluate heterogeneous models
Averaged Test Accuracy (Regular Model): 0.6607
Averaged Train Loss (Regular Model): 0.0124
Averaged Test AUC: 0.8970
Std Test Accurancy: 0.0948
Std Test AUC: 0.0492
------------------------- time cost ------------------------- 97.76643395423889

-------------Round number: 91-------------

Evaluate heterogeneous models
Averaged Test Accuracy (Regular Model): 0.6597
Averaged Train Loss (Regular Model): 0.0093
Averaged Test AUC: 0.8969
Std Test Accurancy: 0.0942
Std Test AUC: 0.0487
------------------------- time cost ------------------------- 101.06016039848328

-------------Round number: 92-------------

Evaluate heterogeneous models
Averaged Test Accuracy (Regular Model): 0.6593
Averaged Train Loss (Regular Model): 0.0092
Averaged Test AUC: 0.8968
Std Test Accurancy: 0.0913
Std Test AUC: 0.0472
------------------------- time cost ------------------------- 102.8477053642273

-------------Round number: 93-------------

Evaluate heterogeneous models
Averaged Test Accuracy (Regular Model): 0.6556
Averaged Train Loss (Regular Model): 0.0198
Averaged Test AUC: 0.8940
Std Test Accurancy: 0.0994
Std Test AUC: 0.0487
------------------------- time cost ------------------------- 103.10437655448914

-------------Round number: 94-------------

Evaluate heterogeneous models
Averaged Test Accuracy (Regular Model): 0.6586
Averaged Train Loss (Regular Model): 0.0141
Averaged Test AUC: 0.8974
Std Test Accurancy: 0.0922
Std Test AUC: 0.0474
------------------------- time cost ------------------------- 98.97445440292358

-------------Round number: 95-------------

Evaluate heterogeneous models
Averaged Test Accuracy (Regular Model): 0.6589
Averaged Train Loss (Regular Model): 0.0090
Averaged Test AUC: 0.8970
Std Test Accurancy: 0.0973
Std Test AUC: 0.0478
------------------------- time cost ------------------------- 98.60683178901672

-------------Round number: 96-------------

Evaluate heterogeneous models
Averaged Test Accuracy (Regular Model): 0.6587
Averaged Train Loss (Regular Model): 0.0044
Averaged Test AUC: 0.8964
Std Test Accurancy: 0.0953
Std Test AUC: 0.0478
------------------------- time cost ------------------------- 101.21769094467163

-------------Round number: 97-------------

Evaluate heterogeneous models
Averaged Test Accuracy (Regular Model): 0.6582
Averaged Train Loss (Regular Model): 0.0090
Averaged Test AUC: 0.8947
Std Test Accurancy: 0.0945
Std Test AUC: 0.0473
------------------------- time cost ------------------------- 100.19170665740967

-------------Round number: 98-------------

Evaluate heterogeneous models
Averaged Test Accuracy (Regular Model): 0.6569
Averaged Train Loss (Regular Model): 0.0079
Averaged Test AUC: 0.8963
Std Test Accurancy: 0.0921
Std Test AUC: 0.0461
------------------------- time cost ------------------------- 102.75400114059448

-------------Round number: 99-------------

Evaluate heterogeneous models
Averaged Test Accuracy (Regular Model): 0.6600
Averaged Train Loss (Regular Model): 0.0058
Averaged Test AUC: 0.8979
Std Test Accurancy: 0.0922
Std Test AUC: 0.0480
------------------------- time cost ------------------------- 100.77803349494934

-------------Round number: 100-------------

Evaluate heterogeneous models
Averaged Test Accuracy (Regular Model): 0.6592
Averaged Train Loss (Regular Model): 0.0057
Averaged Test AUC: 0.8968
Std Test Accurancy: 0.0962
Std Test AUC: 0.0479
------------------------- time cost ------------------------- 100.56752634048462

-------------Round number: 101-------------

Evaluate heterogeneous models
Averaged Test Accuracy (Regular Model): 0.6575
Averaged Train Loss (Regular Model): 0.0094
Averaged Test AUC: 0.8966
Std Test Accurancy: 0.0953
Std Test AUC: 0.0479
------------------------- time cost ------------------------- 98.328458070755

-------------Round number: 102-------------

Evaluate heterogeneous models
Averaged Test Accuracy (Regular Model): 0.6614
Averaged Train Loss (Regular Model): 0.0126
Averaged Test AUC: 0.8981
Std Test Accurancy: 0.0922
Std Test AUC: 0.0468
------------------------- time cost ------------------------- 98.92116665840149

-------------Round number: 103-------------

Evaluate heterogeneous models
Averaged Test Accuracy (Regular Model): 0.6603
Averaged Train Loss (Regular Model): 0.0143
Averaged Test AUC: 0.8952
Std Test Accurancy: 0.0928
Std Test AUC: 0.0474
------------------------- time cost ------------------------- 94.56126928329468

-------------Round number: 104-------------

Evaluate heterogeneous models
Averaged Test Accuracy (Regular Model): 0.6597
Averaged Train Loss (Regular Model): 0.0087
Averaged Test AUC: 0.8968
Std Test Accurancy: 0.0904
Std Test AUC: 0.0456
------------------------- time cost ------------------------- 92.51597046852112

-------------Round number: 105-------------

Evaluate heterogeneous models
Averaged Test Accuracy (Regular Model): 0.6586
Averaged Train Loss (Regular Model): 0.0062
Averaged Test AUC: 0.8961
Std Test Accurancy: 0.0914
Std Test AUC: 0.0466
------------------------- time cost ------------------------- 90.23768997192383

-------------Round number: 106-------------

Evaluate heterogeneous models
Averaged Test Accuracy (Regular Model): 0.6611
Averaged Train Loss (Regular Model): 0.0084
Averaged Test AUC: 0.8970
Std Test Accurancy: 0.0923
Std Test AUC: 0.0468
------------------------- time cost ------------------------- 97.98142457008362

-------------Round number: 107-------------

Evaluate heterogeneous models
Averaged Test Accuracy (Regular Model): 0.6632
Averaged Train Loss (Regular Model): 0.0030
Averaged Test AUC: 0.8965
Std Test Accurancy: 0.0919
Std Test AUC: 0.0456
------------------------- time cost ------------------------- 92.50041151046753

-------------Round number: 108-------------

Evaluate heterogeneous models
Averaged Test Accuracy (Regular Model): 0.6612
Averaged Train Loss (Regular Model): 0.0064
Averaged Test AUC: 0.8976
Std Test Accurancy: 0.0922
Std Test AUC: 0.0455
------------------------- time cost ------------------------- 95.34842920303345

-------------Round number: 109-------------

Evaluate heterogeneous models
Averaged Test Accuracy (Regular Model): 0.6584
Averaged Train Loss (Regular Model): 0.0100
Averaged Test AUC: 0.8959
Std Test Accurancy: 0.0929
Std Test AUC: 0.0450
------------------------- time cost ------------------------- 92.11463928222656

-------------Round number: 110-------------

Evaluate heterogeneous models
Averaged Test Accuracy (Regular Model): 0.6611
Averaged Train Loss (Regular Model): 0.0091
Averaged Test AUC: 0.8967
Std Test Accurancy: 0.0918
Std Test AUC: 0.0473
------------------------- time cost ------------------------- 93.43523216247559

-------------Round number: 111-------------

Evaluate heterogeneous models
Averaged Test Accuracy (Regular Model): 0.6603
Averaged Train Loss (Regular Model): 0.0053
Averaged Test AUC: 0.8972
Std Test Accurancy: 0.0917
Std Test AUC: 0.0467
------------------------- time cost ------------------------- 88.38685989379883

-------------Round number: 112-------------

Evaluate heterogeneous models
Averaged Test Accuracy (Regular Model): 0.6615
Averaged Train Loss (Regular Model): 0.0081
Averaged Test AUC: 0.8973
Std Test Accurancy: 0.0942
Std Test AUC: 0.0466
------------------------- time cost ------------------------- 90.27660965919495

-------------Round number: 113-------------

Evaluate heterogeneous models
Averaged Test Accuracy (Regular Model): 0.6608
Averaged Train Loss (Regular Model): 0.0093
Averaged Test AUC: 0.8967
Std Test Accurancy: 0.0921
Std Test AUC: 0.0457
------------------------- time cost ------------------------- 90.20200848579407

-------------Round number: 114-------------

Evaluate heterogeneous models
Averaged Test Accuracy (Regular Model): 0.6621
Averaged Train Loss (Regular Model): 0.0057
Averaged Test AUC: 0.8972
Std Test Accurancy: 0.0943
Std Test AUC: 0.0457
------------------------- time cost ------------------------- 100.53178882598877

-------------Round number: 115-------------

Evaluate heterogeneous models
Averaged Test Accuracy (Regular Model): 0.6629
Averaged Train Loss (Regular Model): 0.0046
Averaged Test AUC: 0.8970
Std Test Accurancy: 0.0950
Std Test AUC: 0.0466
------------------------- time cost ------------------------- 93.37780427932739

-------------Round number: 116-------------

Evaluate heterogeneous models
Averaged Test Accuracy (Regular Model): 0.6612
Averaged Train Loss (Regular Model): 0.0040
Averaged Test AUC: 0.8967
Std Test Accurancy: 0.0921
Std Test AUC: 0.0463
------------------------- time cost ------------------------- 92.15361213684082

-------------Round number: 117-------------

Evaluate heterogeneous models
Averaged Test Accuracy (Regular Model): 0.6617
Averaged Train Loss (Regular Model): 0.0048
Averaged Test AUC: 0.8966
Std Test Accurancy: 0.0912
Std Test AUC: 0.0466
------------------------- time cost ------------------------- 89.24628472328186

-------------Round number: 118-------------

Evaluate heterogeneous models
Averaged Test Accuracy (Regular Model): 0.6607
Averaged Train Loss (Regular Model): 0.0112
Averaged Test AUC: 0.8977
Std Test Accurancy: 0.0935
Std Test AUC: 0.0457
------------------------- time cost ------------------------- 87.29061961174011

-------------Round number: 119-------------

Evaluate heterogeneous models
Averaged Test Accuracy (Regular Model): 0.6574
Averaged Train Loss (Regular Model): 0.0107
Averaged Test AUC: 0.8961
Std Test Accurancy: 0.0958
Std Test AUC: 0.0463
------------------------- time cost ------------------------- 90.51841282844543

-------------Round number: 120-------------

Evaluate heterogeneous models
Averaged Test Accuracy (Regular Model): 0.6603
Averaged Train Loss (Regular Model): 0.0123
Averaged Test AUC: 0.8989
Std Test Accurancy: 0.0918
Std Test AUC: 0.0449
------------------------- time cost ------------------------- 96.16515755653381

-------------Round number: 121-------------

Evaluate heterogeneous models
Averaged Test Accuracy (Regular Model): 0.6609
Averaged Train Loss (Regular Model): 0.0111
Averaged Test AUC: 0.8981
Std Test Accurancy: 0.0931
Std Test AUC: 0.0449
------------------------- time cost ------------------------- 92.64214086532593

-------------Round number: 122-------------

Evaluate heterogeneous models
Averaged Test Accuracy (Regular Model): 0.6598
Averaged Train Loss (Regular Model): 0.0089
Averaged Test AUC: 0.8980
Std Test Accurancy: 0.0926
Std Test AUC: 0.0454
------------------------- time cost ------------------------- 94.39426898956299

-------------Round number: 123-------------

Evaluate heterogeneous models
Averaged Test Accuracy (Regular Model): 0.6642
Averaged Train Loss (Regular Model): 0.0042
Averaged Test AUC: 0.8991
Std Test Accurancy: 0.0936
Std Test AUC: 0.0466
------------------------- time cost ------------------------- 88.72377800941467

-------------Round number: 124-------------

Evaluate heterogeneous models
Averaged Test Accuracy (Regular Model): 0.6646
Averaged Train Loss (Regular Model): 0.0111
Averaged Test AUC: 0.8990
Std Test Accurancy: 0.0939
Std Test AUC: 0.0469
------------------------- time cost ------------------------- 89.19553971290588

-------------Round number: 125-------------

Evaluate heterogeneous models
Averaged Test Accuracy (Regular Model): 0.6654
Averaged Train Loss (Regular Model): 0.0047
Averaged Test AUC: 0.8988
Std Test Accurancy: 0.0915
Std Test AUC: 0.0474
------------------------- time cost ------------------------- 93.40152716636658

-------------Round number: 126-------------

Evaluate heterogeneous models
Averaged Test Accuracy (Regular Model): 0.6649
Averaged Train Loss (Regular Model): 0.0046
Averaged Test AUC: 0.8990
Std Test Accurancy: 0.0927
Std Test AUC: 0.0467
------------------------- time cost ------------------------- 93.92547631263733

-------------Round number: 127-------------

Evaluate heterogeneous models
Averaged Test Accuracy (Regular Model): 0.6661
Averaged Train Loss (Regular Model): 0.0038
Averaged Test AUC: 0.8987
Std Test Accurancy: 0.0931
Std Test AUC: 0.0466
------------------------- time cost ------------------------- 90.56633424758911

-------------Round number: 128-------------

Evaluate heterogeneous models
Averaged Test Accuracy (Regular Model): 0.6622
Averaged Train Loss (Regular Model): 0.0121
Averaged Test AUC: 0.8975
Std Test Accurancy: 0.0938
Std Test AUC: 0.0471
------------------------- time cost ------------------------- 99.61963248252869

-------------Round number: 129-------------

Evaluate heterogeneous models
Averaged Test Accuracy (Regular Model): 0.6630
Averaged Train Loss (Regular Model): 0.0080
Averaged Test AUC: 0.8987
Std Test Accurancy: 0.0924
Std Test AUC: 0.0463
------------------------- time cost ------------------------- 89.09114980697632

-------------Round number: 130-------------

Evaluate heterogeneous models
Averaged Test Accuracy (Regular Model): 0.6635
Averaged Train Loss (Regular Model): 0.0044
Averaged Test AUC: 0.8987
Std Test Accurancy: 0.0937
Std Test AUC: 0.0458
------------------------- time cost ------------------------- 93.33579182624817

-------------Round number: 131-------------

Evaluate heterogeneous models
Averaged Test Accuracy (Regular Model): 0.6625
Averaged Train Loss (Regular Model): 0.0075
Averaged Test AUC: 0.8996
Std Test Accurancy: 0.0932
Std Test AUC: 0.0461
------------------------- time cost ------------------------- 90.6519148349762

-------------Round number: 132-------------

Evaluate heterogeneous models
Averaged Test Accuracy (Regular Model): 0.6611
Averaged Train Loss (Regular Model): 0.0058
Averaged Test AUC: 0.8991
Std Test Accurancy: 0.0938
Std Test AUC: 0.0467
------------------------- time cost ------------------------- 92.25059342384338

-------------Round number: 133-------------

Evaluate heterogeneous models
Averaged Test Accuracy (Regular Model): 0.6635
Averaged Train Loss (Regular Model): 0.0025
Averaged Test AUC: 0.8993
Std Test Accurancy: 0.0931
Std Test AUC: 0.0471
------------------------- time cost ------------------------- 100.39903974533081

-------------Round number: 134-------------

Evaluate heterogeneous models
Averaged Test Accuracy (Regular Model): 0.6641
Averaged Train Loss (Regular Model): 0.0031
Averaged Test AUC: 0.8982
Std Test Accurancy: 0.0940
Std Test AUC: 0.0460
------------------------- time cost ------------------------- 97.02450442314148

-------------Round number: 135-------------

Evaluate heterogeneous models
Averaged Test Accuracy (Regular Model): 0.6623
Averaged Train Loss (Regular Model): 0.0020
Averaged Test AUC: 0.8985
Std Test Accurancy: 0.0941
Std Test AUC: 0.0460
------------------------- time cost ------------------------- 95.28081202507019

-------------Round number: 136-------------

Evaluate heterogeneous models
Averaged Test Accuracy (Regular Model): 0.6615
Averaged Train Loss (Regular Model): 0.0028
Averaged Test AUC: 0.8983
Std Test Accurancy: 0.0921
Std Test AUC: 0.0464
------------------------- time cost ------------------------- 90.97432923316956

-------------Round number: 137-------------

Evaluate heterogeneous models
Averaged Test Accuracy (Regular Model): 0.6612
Averaged Train Loss (Regular Model): 0.0067
Averaged Test AUC: 0.8978
Std Test Accurancy: 0.0925
Std Test AUC: 0.0464
------------------------- time cost ------------------------- 96.46120190620422

-------------Round number: 138-------------

Evaluate heterogeneous models
Averaged Test Accuracy (Regular Model): 0.6625
Averaged Train Loss (Regular Model): 0.0133
Averaged Test AUC: 0.8988
Std Test Accurancy: 0.0937
Std Test AUC: 0.0465
------------------------- time cost ------------------------- 91.85506868362427

-------------Round number: 139-------------

Evaluate heterogeneous models
Averaged Test Accuracy (Regular Model): 0.6622
Averaged Train Loss (Regular Model): 0.0049
Averaged Test AUC: 0.8988
Std Test Accurancy: 0.0930
Std Test AUC: 0.0460
------------------------- time cost ------------------------- 91.9930772781372

-------------Round number: 140-------------

Evaluate heterogeneous models
Averaged Test Accuracy (Regular Model): 0.6651
Averaged Train Loss (Regular Model): 0.0080
Averaged Test AUC: 0.8990
Std Test Accurancy: 0.0937
Std Test AUC: 0.0463
------------------------- time cost ------------------------- 97.299884557724

-------------Round number: 141-------------

Evaluate heterogeneous models
Averaged Test Accuracy (Regular Model): 0.6648
Averaged Train Loss (Regular Model): 0.0053
Averaged Test AUC: 0.8982
Std Test Accurancy: 0.0923
Std Test AUC: 0.0465
------------------------- time cost ------------------------- 99.1479766368866

-------------Round number: 142-------------

Evaluate heterogeneous models
Averaged Test Accuracy (Regular Model): 0.6639
Averaged Train Loss (Regular Model): 0.0024
Averaged Test AUC: 0.8990
Std Test Accurancy: 0.0943
Std Test AUC: 0.0466
------------------------- time cost ------------------------- 97.23992729187012

-------------Round number: 143-------------

Evaluate heterogeneous models
Averaged Test Accuracy (Regular Model): 0.6627
Averaged Train Loss (Regular Model): 0.0044
Averaged Test AUC: 0.8986
Std Test Accurancy: 0.0939
Std Test AUC: 0.0472
------------------------- time cost ------------------------- 96.0539186000824

-------------Round number: 144-------------

Evaluate heterogeneous models
Averaged Test Accuracy (Regular Model): 0.6643
Averaged Train Loss (Regular Model): 0.0056
Averaged Test AUC: 0.8989
Std Test Accurancy: 0.0934
Std Test AUC: 0.0476
------------------------- time cost ------------------------- 93.93737983703613

-------------Round number: 145-------------

Evaluate heterogeneous models
Averaged Test Accuracy (Regular Model): 0.6636
Averaged Train Loss (Regular Model): 0.0066
Averaged Test AUC: 0.8986
Std Test Accurancy: 0.0918
Std Test AUC: 0.0463
------------------------- time cost ------------------------- 98.06021213531494

-------------Round number: 146-------------

Evaluate heterogeneous models
Averaged Test Accuracy (Regular Model): 0.6639
Averaged Train Loss (Regular Model): 0.0136
Averaged Test AUC: 0.8982
Std Test Accurancy: 0.0925
Std Test AUC: 0.0459
------------------------- time cost ------------------------- 93.5868272781372

-------------Round number: 147-------------

Evaluate heterogeneous models
Averaged Test Accuracy (Regular Model): 0.6631
Averaged Train Loss (Regular Model): 0.0038
Averaged Test AUC: 0.8979
Std Test Accurancy: 0.0919
Std Test AUC: 0.0451
------------------------- time cost ------------------------- 90.33875322341919

-------------Round number: 148-------------

Evaluate heterogeneous models
Averaged Test Accuracy (Regular Model): 0.6644
Averaged Train Loss (Regular Model): 0.0015
Averaged Test AUC: 0.8988
Std Test Accurancy: 0.0917
Std Test AUC: 0.0454
------------------------- time cost ------------------------- 95.58316898345947

-------------Round number: 149-------------

Evaluate heterogeneous models
Averaged Test Accuracy (Regular Model): 0.6651
Averaged Train Loss (Regular Model): 0.0046
Averaged Test AUC: 0.8980
Std Test Accurancy: 0.0929
Std Test AUC: 0.0453
------------------------- time cost ------------------------- 94.28552842140198

-------------Round number: 150-------------

Evaluate heterogeneous models
Averaged Test Accuracy (Regular Model): 0.6609
Averaged Train Loss (Regular Model): 0.0039
Averaged Test AUC: 0.8971
Std Test Accurancy: 0.0924
Std Test AUC: 0.0455
------------------------- time cost ------------------------- 87.702401638031

-------------Round number: 151-------------

Evaluate heterogeneous models
Averaged Test Accuracy (Regular Model): 0.6640
Averaged Train Loss (Regular Model): 0.0080
Averaged Test AUC: 0.8983
Std Test Accurancy: 0.0922
Std Test AUC: 0.0461
------------------------- time cost ------------------------- 90.75357174873352

-------------Round number: 152-------------

Evaluate heterogeneous models
Averaged Test Accuracy (Regular Model): 0.6628
Averaged Train Loss (Regular Model): 0.0054
Averaged Test AUC: 0.8979
Std Test Accurancy: 0.0942
Std Test AUC: 0.0459
------------------------- time cost ------------------------- 91.40920376777649

-------------Round number: 153-------------

Evaluate heterogeneous models
Averaged Test Accuracy (Regular Model): 0.6653
Averaged Train Loss (Regular Model): 0.0053
Averaged Test AUC: 0.8981
Std Test Accurancy: 0.0933
Std Test AUC: 0.0458
------------------------- time cost ------------------------- 92.81892395019531

-------------Round number: 154-------------

Evaluate heterogeneous models
Averaged Test Accuracy (Regular Model): 0.6631
Averaged Train Loss (Regular Model): 0.0023
Averaged Test AUC: 0.8964
Std Test Accurancy: 0.0921
Std Test AUC: 0.0453
------------------------- time cost ------------------------- 93.3397889137268

-------------Round number: 155-------------

Evaluate heterogeneous models
Averaged Test Accuracy (Regular Model): 0.6605
Averaged Train Loss (Regular Model): 0.0062
Averaged Test AUC: 0.8960
Std Test Accurancy: 0.0933
Std Test AUC: 0.0455
------------------------- time cost ------------------------- 92.27327418327332

-------------Round number: 156-------------

Evaluate heterogeneous models
Averaged Test Accuracy (Regular Model): 0.6598
Averaged Train Loss (Regular Model): 0.0086
Averaged Test AUC: 0.8980
Std Test Accurancy: 0.0918
Std Test AUC: 0.0449
------------------------- time cost ------------------------- 91.36271953582764

-------------Round number: 157-------------

Evaluate heterogeneous models
Averaged Test Accuracy (Regular Model): 0.6631
Averaged Train Loss (Regular Model): 0.0039
Averaged Test AUC: 0.8981
Std Test Accurancy: 0.0925
Std Test AUC: 0.0449
------------------------- time cost ------------------------- 103.83256578445435

-------------Round number: 158-------------

Evaluate heterogeneous models
Averaged Test Accuracy (Regular Model): 0.6637
Averaged Train Loss (Regular Model): 0.0043
Averaged Test AUC: 0.8978
Std Test Accurancy: 0.0927
Std Test AUC: 0.0451
------------------------- time cost ------------------------- 94.04329228401184

-------------Round number: 159-------------

Evaluate heterogeneous models
Averaged Test Accuracy (Regular Model): 0.6611
Averaged Train Loss (Regular Model): 0.0031
Averaged Test AUC: 0.8972
Std Test Accurancy: 0.0923
Std Test AUC: 0.0454
------------------------- time cost ------------------------- 91.47500371932983

-------------Round number: 160-------------

Evaluate heterogeneous models
Averaged Test Accuracy (Regular Model): 0.6631
Averaged Train Loss (Regular Model): 0.0031
Averaged Test AUC: 0.8974
Std Test Accurancy: 0.0916
Std Test AUC: 0.0449
------------------------- time cost ------------------------- 94.71886777877808

-------------Round number: 161-------------

Evaluate heterogeneous models
Averaged Test Accuracy (Regular Model): 0.6644
Averaged Train Loss (Regular Model): 0.0039
Averaged Test AUC: 0.8970
Std Test Accurancy: 0.0920
Std Test AUC: 0.0455
------------------------- time cost ------------------------- 91.8843891620636

-------------Round number: 162-------------

Evaluate heterogeneous models
Averaged Test Accuracy (Regular Model): 0.6647
Averaged Train Loss (Regular Model): 0.0016
Averaged Test AUC: 0.8975
Std Test Accurancy: 0.0926
Std Test AUC: 0.0456
------------------------- time cost ------------------------- 95.6009533405304

-------------Round number: 163-------------

Evaluate heterogeneous models
Averaged Test Accuracy (Regular Model): 0.6643
Averaged Train Loss (Regular Model): 0.0043
Averaged Test AUC: 0.8977
Std Test Accurancy: 0.0921
Std Test AUC: 0.0455
------------------------- time cost ------------------------- 89.7521641254425

-------------Round number: 164-------------

Evaluate heterogeneous models
Averaged Test Accuracy (Regular Model): 0.6642
Averaged Train Loss (Regular Model): 0.0022
Averaged Test AUC: 0.8968
Std Test Accurancy: 0.0922
Std Test AUC: 0.0454
------------------------- time cost ------------------------- 95.36880254745483

-------------Round number: 165-------------

Evaluate heterogeneous models
Averaged Test Accuracy (Regular Model): 0.6624
Averaged Train Loss (Regular Model): 0.0016
Averaged Test AUC: 0.8976
Std Test Accurancy: 0.0904
Std Test AUC: 0.0458
------------------------- time cost ------------------------- 92.97198057174683

-------------Round number: 166-------------

Evaluate heterogeneous models
Averaged Test Accuracy (Regular Model): 0.6596
Averaged Train Loss (Regular Model): 0.0033
Averaged Test AUC: 0.8967
Std Test Accurancy: 0.0895
Std Test AUC: 0.0454
------------------------- time cost ------------------------- 94.0176157951355

-------------Round number: 167-------------

Evaluate heterogeneous models
Averaged Test Accuracy (Regular Model): 0.6616
Averaged Train Loss (Regular Model): 0.0021
Averaged Test AUC: 0.8967
Std Test Accurancy: 0.0893
Std Test AUC: 0.0455
------------------------- time cost ------------------------- 93.2562518119812

-------------Round number: 168-------------

Evaluate heterogeneous models
Averaged Test Accuracy (Regular Model): 0.6635
Averaged Train Loss (Regular Model): 0.0018
Averaged Test AUC: 0.8966
Std Test Accurancy: 0.0904
Std Test AUC: 0.0449
------------------------- time cost ------------------------- 91.47690844535828

-------------Round number: 169-------------

Evaluate heterogeneous models
Averaged Test Accuracy (Regular Model): 0.6619
Averaged Train Loss (Regular Model): 0.0038
Averaged Test AUC: 0.8970
Std Test Accurancy: 0.0905
Std Test AUC: 0.0446
------------------------- time cost ------------------------- 96.75106287002563

-------------Round number: 170-------------

Evaluate heterogeneous models
Averaged Test Accuracy (Regular Model): 0.6621
Averaged Train Loss (Regular Model): 0.0022
Averaged Test AUC: 0.8961
Std Test Accurancy: 0.0909
Std Test AUC: 0.0454
------------------------- time cost ------------------------- 94.30386328697205

-------------Round number: 171-------------

Evaluate heterogeneous models
Averaged Test Accuracy (Regular Model): 0.6629
Averaged Train Loss (Regular Model): 0.0048
Averaged Test AUC: 0.8952
Std Test Accurancy: 0.0900
Std Test AUC: 0.0445
------------------------- time cost ------------------------- 96.24328231811523

-------------Round number: 172-------------

Evaluate heterogeneous models
Averaged Test Accuracy (Regular Model): 0.6590
Averaged Train Loss (Regular Model): 0.0049
Averaged Test AUC: 0.8949
Std Test Accurancy: 0.0900
Std Test AUC: 0.0447
------------------------- time cost ------------------------- 91.1178822517395

-------------Round number: 173-------------

Evaluate heterogeneous models
Averaged Test Accuracy (Regular Model): 0.6618
Averaged Train Loss (Regular Model): 0.0013
Averaged Test AUC: 0.8973
Std Test Accurancy: 0.0923
Std Test AUC: 0.0444
------------------------- time cost ------------------------- 94.31541872024536

-------------Round number: 174-------------

Evaluate heterogeneous models
Averaged Test Accuracy (Regular Model): 0.6634
Averaged Train Loss (Regular Model): 0.0036
Averaged Test AUC: 0.8973
Std Test Accurancy: 0.0917
Std Test AUC: 0.0442
------------------------- time cost ------------------------- 88.66236352920532

-------------Round number: 175-------------

Evaluate heterogeneous models
Averaged Test Accuracy (Regular Model): 0.6637
Averaged Train Loss (Regular Model): 0.0065
Averaged Test AUC: 0.8957
Std Test Accurancy: 0.0906
Std Test AUC: 0.0442
------------------------- time cost ------------------------- 89.11967444419861

-------------Round number: 176-------------

Evaluate heterogeneous models
Averaged Test Accuracy (Regular Model): 0.6642
Averaged Train Loss (Regular Model): 0.0033
Averaged Test AUC: 0.8973
Std Test Accurancy: 0.0919
Std Test AUC: 0.0444
------------------------- time cost ------------------------- 91.11496353149414

-------------Round number: 177-------------

Evaluate heterogeneous models
Averaged Test Accuracy (Regular Model): 0.6648
Averaged Train Loss (Regular Model): 0.0018
Averaged Test AUC: 0.8973
Std Test Accurancy: 0.0901
Std Test AUC: 0.0451
------------------------- time cost ------------------------- 91.14033198356628

-------------Round number: 178-------------

Evaluate heterogeneous models
Averaged Test Accuracy (Regular Model): 0.6664
Averaged Train Loss (Regular Model): 0.0022
Averaged Test AUC: 0.8975
Std Test Accurancy: 0.0894
Std Test AUC: 0.0445
------------------------- time cost ------------------------- 87.85841536521912

-------------Round number: 179-------------

Evaluate heterogeneous models
Averaged Test Accuracy (Regular Model): 0.6657
Averaged Train Loss (Regular Model): 0.0027
Averaged Test AUC: 0.8976
Std Test Accurancy: 0.0912
Std Test AUC: 0.0454
------------------------- time cost ------------------------- 90.94807434082031

-------------Round number: 180-------------

Evaluate heterogeneous models
Averaged Test Accuracy (Regular Model): 0.6640
Averaged Train Loss (Regular Model): 0.0032
Averaged Test AUC: 0.8978
Std Test Accurancy: 0.0898
Std Test AUC: 0.0444
------------------------- time cost ------------------------- 90.72992086410522

-------------Round number: 181-------------

Evaluate heterogeneous models
Averaged Test Accuracy (Regular Model): 0.6625
Averaged Train Loss (Regular Model): 0.0021
Averaged Test AUC: 0.8964
Std Test Accurancy: 0.0907
Std Test AUC: 0.0445
------------------------- time cost ------------------------- 92.90436935424805

-------------Round number: 182-------------

Evaluate heterogeneous models
Averaged Test Accuracy (Regular Model): 0.6629
Averaged Train Loss (Regular Model): 0.0108
Averaged Test AUC: 0.8976
Std Test Accurancy: 0.0928
Std Test AUC: 0.0439
------------------------- time cost ------------------------- 90.97524738311768

-------------Round number: 183-------------

Evaluate heterogeneous models
Averaged Test Accuracy (Regular Model): 0.6653
Averaged Train Loss (Regular Model): 0.0028
Averaged Test AUC: 0.8974
Std Test Accurancy: 0.0903
Std Test AUC: 0.0437
------------------------- time cost ------------------------- 88.44295001029968

-------------Round number: 184-------------

Evaluate heterogeneous models
Averaged Test Accuracy (Regular Model): 0.6629
Averaged Train Loss (Regular Model): 0.0024
Averaged Test AUC: 0.8981
Std Test Accurancy: 0.0907
Std Test AUC: 0.0444
------------------------- time cost ------------------------- 89.93170261383057

-------------Round number: 185-------------

Evaluate heterogeneous models
Averaged Test Accuracy (Regular Model): 0.6608
Averaged Train Loss (Regular Model): 0.0036
Averaged Test AUC: 0.8978
Std Test Accurancy: 0.0902
Std Test AUC: 0.0443
------------------------- time cost ------------------------- 92.9453353881836

-------------Round number: 186-------------

Evaluate heterogeneous models
Averaged Test Accuracy (Regular Model): 0.6626
Averaged Train Loss (Regular Model): 0.0053
Averaged Test AUC: 0.8975
Std Test Accurancy: 0.0909
Std Test AUC: 0.0447
------------------------- time cost ------------------------- 97.41850423812866

-------------Round number: 187-------------

Evaluate heterogeneous models
Averaged Test Accuracy (Regular Model): 0.6627
Averaged Train Loss (Regular Model): 0.0044
Averaged Test AUC: 0.8968
Std Test Accurancy: 0.0939
Std Test AUC: 0.0455
------------------------- time cost ------------------------- 103.52746200561523

-------------Round number: 188-------------

Evaluate heterogeneous models
Averaged Test Accuracy (Regular Model): 0.6592
Averaged Train Loss (Regular Model): 0.0031
Averaged Test AUC: 0.8961
Std Test Accurancy: 0.0920
Std Test AUC: 0.0434
------------------------- time cost ------------------------- 99.4073657989502

-------------Round number: 189-------------

Evaluate heterogeneous models
Averaged Test Accuracy (Regular Model): 0.6647
Averaged Train Loss (Regular Model): 0.0048
Averaged Test AUC: 0.8965
Std Test Accurancy: 0.0942
Std Test AUC: 0.0458
------------------------- time cost ------------------------- 98.77626299858093

-------------Round number: 190-------------

Evaluate heterogeneous models
Averaged Test Accuracy (Regular Model): 0.6639
Averaged Train Loss (Regular Model): 0.0034
Averaged Test AUC: 0.8977
Std Test Accurancy: 0.0914
Std Test AUC: 0.0453
------------------------- time cost ------------------------- 97.04031944274902

-------------Round number: 191-------------

Evaluate heterogeneous models
Averaged Test Accuracy (Regular Model): 0.6657
Averaged Train Loss (Regular Model): 0.0100
Averaged Test AUC: 0.8978
Std Test Accurancy: 0.0900
Std Test AUC: 0.0440
------------------------- time cost ------------------------- 98.11239767074585

-------------Round number: 192-------------

Evaluate heterogeneous models
Averaged Test Accuracy (Regular Model): 0.6633
Averaged Train Loss (Regular Model): 0.0092
Averaged Test AUC: 0.8969
Std Test Accurancy: 0.0920
Std Test AUC: 0.0449
------------------------- time cost ------------------------- 100.46532154083252

-------------Round number: 193-------------

Evaluate heterogeneous models
Averaged Test Accuracy (Regular Model): 0.6630
Averaged Train Loss (Regular Model): 0.0043
Averaged Test AUC: 0.8971
Std Test Accurancy: 0.0917
Std Test AUC: 0.0442
------------------------- time cost ------------------------- 98.54728984832764

-------------Round number: 194-------------

Evaluate heterogeneous models
Averaged Test Accuracy (Regular Model): 0.6637
Averaged Train Loss (Regular Model): 0.0011
Averaged Test AUC: 0.8964
Std Test Accurancy: 0.0923
Std Test AUC: 0.0447
------------------------- time cost ------------------------- 105.50528693199158

-------------Round number: 195-------------

Evaluate heterogeneous models
Averaged Test Accuracy (Regular Model): 0.6627
Averaged Train Loss (Regular Model): 0.0045
Averaged Test AUC: 0.8961
Std Test Accurancy: 0.0925
Std Test AUC: 0.0440
------------------------- time cost ------------------------- 96.83869051933289

-------------Round number: 196-------------

Evaluate heterogeneous models
Averaged Test Accuracy (Regular Model): 0.6660
Averaged Train Loss (Regular Model): 0.0090
Averaged Test AUC: 0.8969
Std Test Accurancy: 0.0923
Std Test AUC: 0.0445
------------------------- time cost ------------------------- 100.79512882232666

-------------Round number: 197-------------

Evaluate heterogeneous models
Averaged Test Accuracy (Regular Model): 0.6646
Averaged Train Loss (Regular Model): 0.0020
Averaged Test AUC: 0.8969
Std Test Accurancy: 0.0904
Std Test AUC: 0.0445
------------------------- time cost ------------------------- 95.5422739982605

-------------Round number: 198-------------

Evaluate heterogeneous models
Averaged Test Accuracy (Regular Model): 0.6659
Averaged Train Loss (Regular Model): 0.0025
Averaged Test AUC: 0.8969
Std Test Accurancy: 0.0921
Std Test AUC: 0.0442
------------------------- time cost ------------------------- 94.8381016254425

-------------Round number: 199-------------

Evaluate heterogeneous models
Averaged Test Accuracy (Regular Model): 0.6605
Averaged Train Loss (Regular Model): 0.0119
Averaged Test AUC: 0.8960
Std Test Accurancy: 0.0904
Std Test AUC: 0.0443
------------------------- time cost ------------------------- 105.25203371047974

-------------Round number: 200-------------

Evaluate heterogeneous models
Averaged Test Accuracy (Regular Model): 0.6636
Averaged Train Loss (Regular Model): 0.0080
Averaged Test AUC: 0.8962
Std Test Accurancy: 0.0925
Std Test AUC: 0.0458

Best accuracy.
0.6664002664002664

Average time cost per round.
96.1749618279934
File path: ../results/Cifar10_dir_0.3_imbalance_40_FedGen_test_0.h5

Average time cost: 20366.32s.
Length:  201
std for best accurancy: 0.0
mean for best accurancy: 0.6664002664002664
All done!

Storage on cpu
-------------------------------------------------------------------------------
Total Tensors: 5530 	Used Memory: 40.50K
-------------------------------------------------------------------------------

Storage on cuda:0
-------------------------------------------------------------------------------
Total Tensors: 410400 	Used Memory: 1.60M
The allocated memory on cuda:0: 1.60M
-------------------------------------------------------------------------------
