==================================================
goal = test
device = cuda
device_id = 0
dataset = Cifar10_dir_0.3_imbalance_40
num_classes = 10
model_family = HtFE8
batch_size = 256
num_workers = 0
local_learning_rate = 0.06
use_decay_scheduler = False
learning_rate_decay = False
learning_rate_decay_gamma = 0.99
global_rounds = 200
edge_epochs = 1
local_epochs = 5
algorithm = Local
join_ratio = 1.0
random_join_ratio = False
num_clients = 40
num_edges = 10
prev = 0
times = 1
eval_gap = 1
save_folder_name = temp
auto_break = False
feature_dim = 1024
vocab_size = 98635
max_len = 200
client_drop_rate = 0.0
train_slow_rate = 0.0
send_slow_rate = 0.0
time_select = False
time_threthold = 10000
optimizer = SGD
lamda = 1.0
weight_decay = 0
trans_delay_simulate = False
momentum = 0.8
agg_type = 0
buffersize = 10
gl_use_clients = 1
test_useglclassifier = 1
gamma = 1
drawtsne = 1
drawround = 20
noise_dim = 512
generator_learning_rate = 0.0001
hidden_dim = 512
server_epochs = 100
alpha = 1.0
beta = 1.0
mentee_learning_rate = 0.005
T_start = 0.95
T_end = 0.98
server_learning_rate = 0.01
margin_threthold = 100.0
generator_path = stylegan/stylegan-xl-models/imagenet64.pkl
stable_diffusion_prompt = a cat
server_batch_size = 100
gen_batch_size = 4
mu = 50.0
==================================================
Random seed set as 42

============= Running time: 0th =============
Creating server and clients ...
FedAvgCNN(in_features=3, num_classes=args.num_classes, dim=1600)
torchvision.models.googlenet(pretrained=False, aux_logits=False, num_classes=args.num_classes)
mobilenet_v2(pretrained=False, num_classes=args.num_classes)
torchvision.models.resnet18(pretrained=False, num_classes=args.num_classes)
torchvision.models.resnet34(pretrained=False, num_classes=args.num_classes)
torchvision.models.resnet50(pretrained=False, num_classes=args.num_classes)
torchvision.models.resnet101(pretrained=False, num_classes=args.num_classes)
torchvision.models.resnet152(pretrained=False, num_classes=args.num_classes)
FedAvgCNN(in_features=3, num_classes=args.num_classes, dim=1600) model chosen!
id 0
label_counts: defaultdict(<class 'int'>, {3: 400, 7: 347, 4: 179, 6: 87, 1: 47, 2: 1, 8: 41, 0: 2, 5: 2, 9: 2})
torchvision.models.googlenet(pretrained=False, aux_logits=False, num_classes=args.num_classes) model chosen!
id 1
label_counts: defaultdict(<class 'int'>, {2: 855, 4: 327, 3: 3, 0: 5})
mobilenet_v2(pretrained=False, num_classes=args.num_classes) model chosen!
id 2
label_counts: defaultdict(<class 'int'>, {2: 95, 8: 162, 0: 23, 4: 177, 5: 141, 7: 49, 9: 71, 6: 36, 1: 9, 3: 2})
torchvision.models.resnet18(pretrained=False, num_classes=args.num_classes) model chosen!
id 3
label_counts: defaultdict(<class 'int'>, {7: 415, 5: 394, 9: 347, 4: 88, 8: 32, 2: 15, 0: 3})
torchvision.models.resnet34(pretrained=False, num_classes=args.num_classes) model chosen!
id 4
label_counts: defaultdict(<class 'int'>, {2: 591, 1: 3, 8: 172, 5: 234, 4: 18, 0: 18, 3: 83, 7: 30})
torchvision.models.resnet50(pretrained=False, num_classes=args.num_classes) model chosen!
id 5
label_counts: defaultdict(<class 'int'>, {5: 565, 0: 841, 1: 70, 3: 35})
torchvision.models.resnet101(pretrained=False, num_classes=args.num_classes) model chosen!
id 6
label_counts: defaultdict(<class 'int'>, {9: 43, 8: 143, 3: 381, 0: 93, 6: 154, 1: 15, 7: 1, 4: 2, 2: 1})
torchvision.models.resnet152(pretrained=False, num_classes=args.num_classes) model chosen!
id 7
label_counts: defaultdict(<class 'int'>, {0: 78, 9: 1519, 2: 76, 3: 115, 7: 79, 4: 349, 5: 29, 1: 6, 6: 1})
FedAvgCNN(in_features=3, num_classes=args.num_classes, dim=1600) model chosen!
id 8
label_counts: defaultdict(<class 'int'>, {4: 425, 3: 83, 8: 161, 7: 92, 2: 115, 1: 15, 6: 5, 9: 10, 0: 4, 5: 2})
torchvision.models.googlenet(pretrained=False, aux_logits=False, num_classes=args.num_classes) model chosen!
id 9
label_counts: defaultdict(<class 'int'>, {2: 80, 7: 286, 4: 95, 5: 7, 1: 64, 9: 28, 3: 14, 0: 7})
mobilenet_v2(pretrained=False, num_classes=args.num_classes) model chosen!
id 10
label_counts: defaultdict(<class 'int'>, {0: 830, 8: 906, 4: 108, 1: 17, 2: 10, 5: 5, 3: 11, 6: 6})
torchvision.models.resnet18(pretrained=False, num_classes=args.num_classes) model chosen!
id 11
label_counts: defaultdict(<class 'int'>, {8: 208, 2: 238, 1: 227, 3: 16, 9: 48, 7: 8, 6: 2, 4: 1, 5: 2})
torchvision.models.resnet34(pretrained=False, num_classes=args.num_classes) model chosen!
id 12
label_counts: defaultdict(<class 'int'>, {3: 4, 6: 681, 1: 47, 4: 354, 0: 50, 5: 1, 2: 2})
torchvision.models.resnet50(pretrained=False, num_classes=args.num_classes) model chosen!
id 13
label_counts: defaultdict(<class 'int'>, {6: 426, 0: 464, 2: 271, 1: 67, 3: 90, 4: 10})
torchvision.models.resnet101(pretrained=False, num_classes=args.num_classes) model chosen!
id 14
label_counts: defaultdict(<class 'int'>, {4: 104, 1: 509, 5: 746, 0: 30, 3: 17, 2: 1})
torchvision.models.resnet152(pretrained=False, num_classes=args.num_classes) model chosen!
id 15
label_counts: defaultdict(<class 'int'>, {4: 973, 2: 843, 3: 45, 0: 75, 1: 155})
FedAvgCNN(in_features=3, num_classes=args.num_classes, dim=1600) model chosen!
id 16
label_counts: defaultdict(<class 'int'>, {9: 202, 8: 77, 6: 120, 3: 448, 5: 71, 4: 43, 0: 8, 1: 2})
torchvision.models.googlenet(pretrained=False, aux_logits=False, num_classes=args.num_classes) model chosen!
id 17
label_counts: defaultdict(<class 'int'>, {2: 130, 7: 978, 4: 48, 3: 84, 5: 9, 6: 42, 0: 8})
mobilenet_v2(pretrained=False, num_classes=args.num_classes) model chosen!
id 18
label_counts: defaultdict(<class 'int'>, {0: 260, 4: 82, 1: 196, 7: 8, 8: 51, 3: 53, 5: 179, 2: 2, 6: 3})
torchvision.models.resnet18(pretrained=False, num_classes=args.num_classes) model chosen!
id 19
label_counts: defaultdict(<class 'int'>, {1: 456, 8: 150, 9: 86, 2: 46, 5: 56, 3: 7, 6: 20, 7: 10})
torchvision.models.resnet34(pretrained=False, num_classes=args.num_classes) model chosen!
id 20
label_counts: defaultdict(<class 'int'>, {3: 362, 6: 242, 8: 358, 7: 24, 0: 218, 2: 17, 4: 48, 5: 6})
torchvision.models.resnet50(pretrained=False, num_classes=args.num_classes) model chosen!
id 21
label_counts: defaultdict(<class 'int'>, {4: 131, 1: 276, 0: 436, 3: 93, 2: 72, 8: 33, 5: 44, 6: 2, 9: 2})
torchvision.models.resnet101(pretrained=False, num_classes=args.num_classes) model chosen!
id 22
label_counts: defaultdict(<class 'int'>, {5: 64, 8: 459, 9: 131, 1: 82, 6: 159, 7: 22, 3: 97, 2: 1, 4: 2})
torchvision.models.resnet152(pretrained=False, num_classes=args.num_classes) model chosen!
id 23
label_counts: defaultdict(<class 'int'>, {3: 373, 1: 205, 0: 170, 2: 510})
FedAvgCNN(in_features=3, num_classes=args.num_classes, dim=1600) model chosen!
id 24
label_counts: defaultdict(<class 'int'>, {4: 111, 7: 407, 6: 231, 1: 151, 9: 44, 3: 19, 8: 68, 2: 21, 0: 4})
torchvision.models.googlenet(pretrained=False, aux_logits=False, num_classes=args.num_classes) model chosen!
id 25
label_counts: defaultdict(<class 'int'>, {5: 197, 1: 353, 7: 336, 4: 100, 6: 83, 3: 29, 2: 11, 9: 2, 0: 2, 8: 3})
mobilenet_v2(pretrained=False, num_classes=args.num_classes) model chosen!
id 26
label_counts: defaultdict(<class 'int'>, {9: 885, 8: 57, 0: 276, 5: 59, 3: 116, 1: 18, 6: 2, 4: 3})
torchvision.models.resnet18(pretrained=False, num_classes=args.num_classes) model chosen!
id 27
label_counts: defaultdict(<class 'int'>, {5: 140, 6: 360, 2: 15, 9: 54, 1: 24, 4: 28, 3: 12})
torchvision.models.resnet34(pretrained=False, num_classes=args.num_classes) model chosen!
id 28
label_counts: defaultdict(<class 'int'>, {4: 71, 6: 12, 5: 486, 0: 87, 1: 148, 7: 29, 8: 31, 2: 2, 3: 1})
torchvision.models.resnet50(pretrained=False, num_classes=args.num_classes) model chosen!
id 29
label_counts: defaultdict(<class 'int'>, {7: 932, 5: 380, 1: 46, 4: 10, 3: 54, 6: 48, 2: 10})
torchvision.models.resnet101(pretrained=False, num_classes=args.num_classes) model chosen!
id 30
label_counts: defaultdict(<class 'int'>, {6: 555, 3: 724, 2: 19, 5: 89, 0: 95, 4: 8, 1: 1})
torchvision.models.resnet152(pretrained=False, num_classes=args.num_classes) model chosen!
id 31
label_counts: defaultdict(<class 'int'>, {0: 185, 5: 41, 1: 130, 9: 201, 7: 52, 6: 65, 2: 12, 4: 61, 3: 7})
FedAvgCNN(in_features=3, num_classes=args.num_classes, dim=1600) model chosen!
id 32
label_counts: defaultdict(<class 'int'>, {5: 339, 3: 3, 8: 81, 2: 65, 0: 33, 9: 53, 6: 11, 1: 9, 7: 1})
torchvision.models.googlenet(pretrained=False, aux_logits=False, num_classes=args.num_classes) model chosen!
id 33
label_counts: defaultdict(<class 'int'>, {1: 688, 4: 82, 8: 63, 6: 249, 7: 39, 5: 32, 0: 10, 2: 2})
mobilenet_v2(pretrained=False, num_classes=args.num_classes) model chosen!
id 34
label_counts: defaultdict(<class 'int'>, {1: 196, 8: 782, 6: 180, 3: 124, 4: 26, 7: 25, 2: 5})
torchvision.models.resnet18(pretrained=False, num_classes=args.num_classes) model chosen!
id 35
label_counts: defaultdict(<class 'int'>, {2: 255, 7: 151, 9: 362, 8: 12, 0: 69, 3: 64, 1: 7, 6: 20, 4: 8})
torchvision.models.resnet34(pretrained=False, num_classes=args.num_classes) model chosen!
id 36
label_counts: defaultdict(<class 'int'>, {5: 152, 8: 159, 4: 109, 1: 70, 9: 83, 2: 15, 7: 10, 0: 1})
torchvision.models.resnet50(pretrained=False, num_classes=args.num_classes) model chosen!
id 37
label_counts: defaultdict(<class 'int'>, {1: 171, 6: 519, 3: 58, 4: 82, 0: 116, 5: 16, 9: 20, 2: 10, 7: 10})
torchvision.models.resnet101(pretrained=False, num_classes=args.num_classes) model chosen!
id 38
label_counts: defaultdict(<class 'int'>, {8: 27, 2: 125, 5: 29, 3: 111, 1: 29, 7: 141, 6: 156, 9: 20, 0: 6})
torchvision.models.resnet152(pretrained=False, num_classes=args.num_classes) model chosen!
id 39
label_counts: defaultdict(<class 'int'>, {4: 217, 9: 312, 3: 345, 8: 216, 5: 5, 2: 1, 0: 3, 7: 4, 1: 1})

Join ratio / total clients: 1.0 / 40
Finished creating server and clients.
------------------------- time cost ------------------------- 87.4270966053009

-------------Round number: 0-------------

Evaluate heterogeneous models
Averaged Test Accuracy (Regular Model): 0.4625
Averaged Train Loss (Regular Model): 1.8549
Averaged Test AUC: 0.8388
Std Test Accurancy: 0.1707
Std Test AUC: 0.0818
------------------------- time cost ------------------------- 86.40659713745117

-------------Round number: 1-------------

Evaluate heterogeneous models
Averaged Test Accuracy (Regular Model): 0.5328
Averaged Train Loss (Regular Model): 1.3195
Averaged Test AUC: 0.8796
Std Test Accurancy: 0.1325
Std Test AUC: 0.0720
------------------------- time cost ------------------------- 85.65709662437439

-------------Round number: 2-------------

Evaluate heterogeneous models
Averaged Test Accuracy (Regular Model): 0.5607
Averaged Train Loss (Regular Model): 1.2246
Averaged Test AUC: 0.8865
Std Test Accurancy: 0.1373
Std Test AUC: 0.0705
------------------------- time cost ------------------------- 85.99133014678955

-------------Round number: 3-------------

Evaluate heterogeneous models
Averaged Test Accuracy (Regular Model): 0.5796
Averaged Train Loss (Regular Model): 0.9434
Averaged Test AUC: 0.8959
Std Test Accurancy: 0.1475
Std Test AUC: 0.0579
------------------------- time cost ------------------------- 85.59768009185791

-------------Round number: 4-------------

Evaluate heterogeneous models
Averaged Test Accuracy (Regular Model): 0.6005
Averaged Train Loss (Regular Model): 0.8259
Averaged Test AUC: 0.8992
Std Test Accurancy: 0.1290
Std Test AUC: 0.0478
------------------------- time cost ------------------------- 86.0755615234375

-------------Round number: 5-------------

Evaluate heterogeneous models
Averaged Test Accuracy (Regular Model): 0.5933
Averaged Train Loss (Regular Model): 0.9193
Averaged Test AUC: 0.8919
Std Test Accurancy: 0.1440
Std Test AUC: 0.0569
------------------------- time cost ------------------------- 85.6895968914032

-------------Round number: 6-------------

Evaluate heterogeneous models
Averaged Test Accuracy (Regular Model): 0.5990
Averaged Train Loss (Regular Model): 0.6861
Averaged Test AUC: 0.8978
Std Test Accurancy: 0.1385
Std Test AUC: 0.0462
------------------------- time cost ------------------------- 86.22219014167786

-------------Round number: 7-------------

Evaluate heterogeneous models
Averaged Test Accuracy (Regular Model): 0.6091
Averaged Train Loss (Regular Model): 0.5995
Averaged Test AUC: 0.8990
Std Test Accurancy: 0.1340
Std Test AUC: 0.0471
------------------------- time cost ------------------------- 85.59560751914978

-------------Round number: 8-------------

Evaluate heterogeneous models
Averaged Test Accuracy (Regular Model): 0.6087
Averaged Train Loss (Regular Model): 0.5243
Averaged Test AUC: 0.8999
Std Test Accurancy: 0.1218
Std Test AUC: 0.0443
------------------------- time cost ------------------------- 85.85442900657654

-------------Round number: 9-------------

Evaluate heterogeneous models
Averaged Test Accuracy (Regular Model): 0.6069
Averaged Train Loss (Regular Model): 0.5002
Averaged Test AUC: 0.8981
Std Test Accurancy: 0.1226
Std Test AUC: 0.0425
------------------------- time cost ------------------------- 85.6532838344574

-------------Round number: 10-------------

Evaluate heterogeneous models
Averaged Test Accuracy (Regular Model): 0.6107
Averaged Train Loss (Regular Model): 0.4334
Averaged Test AUC: 0.8986
Std Test Accurancy: 0.1249
Std Test AUC: 0.0450
------------------------- time cost ------------------------- 84.64718174934387

-------------Round number: 11-------------

Evaluate heterogeneous models
Averaged Test Accuracy (Regular Model): 0.6107
Averaged Train Loss (Regular Model): 0.4232
Averaged Test AUC: 0.8971
Std Test Accurancy: 0.1122
Std Test AUC: 0.0434
------------------------- time cost ------------------------- 84.87146329879761

-------------Round number: 12-------------

Evaluate heterogeneous models
Averaged Test Accuracy (Regular Model): 0.6170
Averaged Train Loss (Regular Model): 0.3875
Averaged Test AUC: 0.8995
Std Test Accurancy: 0.1145
Std Test AUC: 0.0472
------------------------- time cost ------------------------- 85.40246725082397

-------------Round number: 13-------------

Evaluate heterogeneous models
Averaged Test Accuracy (Regular Model): 0.6084
Averaged Train Loss (Regular Model): 0.3832
Averaged Test AUC: 0.9014
Std Test Accurancy: 0.1191
Std Test AUC: 0.0455
------------------------- time cost ------------------------- 88.47134804725647

-------------Round number: 14-------------

Evaluate heterogeneous models
Averaged Test Accuracy (Regular Model): 0.6158
Averaged Train Loss (Regular Model): 0.3562
Averaged Test AUC: 0.9024
Std Test Accurancy: 0.1112
Std Test AUC: 0.0437
------------------------- time cost ------------------------- 86.83471918106079

-------------Round number: 15-------------

Evaluate heterogeneous models
Averaged Test Accuracy (Regular Model): 0.6153
Averaged Train Loss (Regular Model): 0.3865
Averaged Test AUC: 0.9000
Std Test Accurancy: 0.1158
Std Test AUC: 0.0491
------------------------- time cost ------------------------- 86.8227014541626

-------------Round number: 16-------------

Evaluate heterogeneous models
Averaged Test Accuracy (Regular Model): 0.6147
Averaged Train Loss (Regular Model): 0.3728
Averaged Test AUC: 0.9005
Std Test Accurancy: 0.1178
Std Test AUC: 0.0494
------------------------- time cost ------------------------- 86.0168604850769

-------------Round number: 17-------------

Evaluate heterogeneous models
Averaged Test Accuracy (Regular Model): 0.6079
Averaged Train Loss (Regular Model): 0.3072
Averaged Test AUC: 0.8973
Std Test Accurancy: 0.1282
Std Test AUC: 0.0530
------------------------- time cost ------------------------- 84.85648798942566

-------------Round number: 18-------------

Evaluate heterogeneous models
Averaged Test Accuracy (Regular Model): 0.6220
Averaged Train Loss (Regular Model): 0.2754
Averaged Test AUC: 0.9018
Std Test Accurancy: 0.1071
Std Test AUC: 0.0524
------------------------- time cost ------------------------- 84.92542505264282

-------------Round number: 19-------------

Evaluate heterogeneous models
Averaged Test Accuracy (Regular Model): 0.6248
Averaged Train Loss (Regular Model): 0.2404
Averaged Test AUC: 0.9021
Std Test Accurancy: 0.1099
Std Test AUC: 0.0596
------------------------- time cost ------------------------- 85.18127799034119

-------------Round number: 20-------------

Evaluate heterogeneous models
Averaged Test Accuracy (Regular Model): 0.6206
Averaged Train Loss (Regular Model): 0.2636
Averaged Test AUC: 0.9009
Std Test Accurancy: 0.1085
Std Test AUC: 0.0532
------------------------- time cost ------------------------- 86.16415095329285

-------------Round number: 21-------------

Evaluate heterogeneous models
Averaged Test Accuracy (Regular Model): 0.6267
Averaged Train Loss (Regular Model): 0.2134
Averaged Test AUC: 0.9034
Std Test Accurancy: 0.1070
Std Test AUC: 0.0544
------------------------- time cost ------------------------- 89.28645920753479

-------------Round number: 22-------------

Evaluate heterogeneous models
Averaged Test Accuracy (Regular Model): 0.6276
Averaged Train Loss (Regular Model): 0.1671
Averaged Test AUC: 0.9034
Std Test Accurancy: 0.1021
Std Test AUC: 0.0542
------------------------- time cost ------------------------- 86.1423225402832

-------------Round number: 23-------------

Evaluate heterogeneous models
Averaged Test Accuracy (Regular Model): 0.6275
Averaged Train Loss (Regular Model): 0.1517
Averaged Test AUC: 0.9025
Std Test Accurancy: 0.1057
Std Test AUC: 0.0586
------------------------- time cost ------------------------- 86.2914080619812

-------------Round number: 24-------------

Evaluate heterogeneous models
Averaged Test Accuracy (Regular Model): 0.6274
Averaged Train Loss (Regular Model): 0.1424
Averaged Test AUC: 0.9019
Std Test Accurancy: 0.1069
Std Test AUC: 0.0596
------------------------- time cost ------------------------- 85.68755722045898

-------------Round number: 25-------------

Evaluate heterogeneous models
Averaged Test Accuracy (Regular Model): 0.6332
Averaged Train Loss (Regular Model): 0.1212
Averaged Test AUC: 0.9032
Std Test Accurancy: 0.1059
Std Test AUC: 0.0564
------------------------- time cost ------------------------- 86.29255104064941

-------------Round number: 26-------------

Evaluate heterogeneous models
Averaged Test Accuracy (Regular Model): 0.6298
Averaged Train Loss (Regular Model): 0.1600
Averaged Test AUC: 0.9042
Std Test Accurancy: 0.1062
Std Test AUC: 0.0550
------------------------- time cost ------------------------- 85.50017952919006

-------------Round number: 27-------------

Evaluate heterogeneous models
Averaged Test Accuracy (Regular Model): 0.6255
Averaged Train Loss (Regular Model): 0.1516
Averaged Test AUC: 0.9026
Std Test Accurancy: 0.1057
Std Test AUC: 0.0548
------------------------- time cost ------------------------- 86.01184225082397

-------------Round number: 28-------------

Evaluate heterogeneous models
Averaged Test Accuracy (Regular Model): 0.6344
Averaged Train Loss (Regular Model): 0.1112
Averaged Test AUC: 0.9039
Std Test Accurancy: 0.0983
Std Test AUC: 0.0511
------------------------- time cost ------------------------- 86.424809217453

-------------Round number: 29-------------

Evaluate heterogeneous models
Averaged Test Accuracy (Regular Model): 0.6380
Averaged Train Loss (Regular Model): 0.1383
Averaged Test AUC: 0.9040
Std Test Accurancy: 0.1017
Std Test AUC: 0.0556
------------------------- time cost ------------------------- 86.1267638206482

-------------Round number: 30-------------

Evaluate heterogeneous models
Averaged Test Accuracy (Regular Model): 0.6363
Averaged Train Loss (Regular Model): 0.1006
Averaged Test AUC: 0.9041
Std Test Accurancy: 0.1059
Std Test AUC: 0.0534
------------------------- time cost ------------------------- 86.07906413078308

-------------Round number: 31-------------

Evaluate heterogeneous models
Averaged Test Accuracy (Regular Model): 0.6353
Averaged Train Loss (Regular Model): 0.1306
Averaged Test AUC: 0.9038
Std Test Accurancy: 0.1075
Std Test AUC: 0.0527
------------------------- time cost ------------------------- 85.25573348999023

-------------Round number: 32-------------

Evaluate heterogeneous models
Averaged Test Accuracy (Regular Model): 0.6359
Averaged Train Loss (Regular Model): 0.1015
Averaged Test AUC: 0.9041
Std Test Accurancy: 0.1012
Std Test AUC: 0.0517
------------------------- time cost ------------------------- 87.19747543334961

-------------Round number: 33-------------

Evaluate heterogeneous models
Averaged Test Accuracy (Regular Model): 0.6332
Averaged Train Loss (Regular Model): 0.0919
Averaged Test AUC: 0.9045
Std Test Accurancy: 0.1097
Std Test AUC: 0.0523
------------------------- time cost ------------------------- 86.42507100105286

-------------Round number: 34-------------

Evaluate heterogeneous models
Averaged Test Accuracy (Regular Model): 0.6321
Averaged Train Loss (Regular Model): 0.1085
Averaged Test AUC: 0.9040
Std Test Accurancy: 0.1077
Std Test AUC: 0.0525
------------------------- time cost ------------------------- 86.44904470443726

-------------Round number: 35-------------

Evaluate heterogeneous models
Averaged Test Accuracy (Regular Model): 0.6334
Averaged Train Loss (Regular Model): 0.0845
Averaged Test AUC: 0.9038
Std Test Accurancy: 0.1084
Std Test AUC: 0.0524
------------------------- time cost ------------------------- 87.54925632476807

-------------Round number: 36-------------

Evaluate heterogeneous models
Averaged Test Accuracy (Regular Model): 0.6346
Averaged Train Loss (Regular Model): 0.0826
Averaged Test AUC: 0.9047
Std Test Accurancy: 0.1066
Std Test AUC: 0.0522
------------------------- time cost ------------------------- 86.30165600776672

-------------Round number: 37-------------

Evaluate heterogeneous models
Averaged Test Accuracy (Regular Model): 0.6317
Averaged Train Loss (Regular Model): 0.0997
Averaged Test AUC: 0.9053
Std Test Accurancy: 0.1095
Std Test AUC: 0.0489
------------------------- time cost ------------------------- 86.6613245010376

-------------Round number: 38-------------

Evaluate heterogeneous models
Averaged Test Accuracy (Regular Model): 0.6334
Averaged Train Loss (Regular Model): 0.1445
Averaged Test AUC: 0.9031
Std Test Accurancy: 0.1099
Std Test AUC: 0.0536
------------------------- time cost ------------------------- 86.4450433254242

-------------Round number: 39-------------

Evaluate heterogeneous models
Averaged Test Accuracy (Regular Model): 0.6394
Averaged Train Loss (Regular Model): 0.0933
Averaged Test AUC: 0.9055
Std Test Accurancy: 0.1045
Std Test AUC: 0.0504
------------------------- time cost ------------------------- 86.29555034637451

-------------Round number: 40-------------

Evaluate heterogeneous models
Averaged Test Accuracy (Regular Model): 0.6356
Averaged Train Loss (Regular Model): 0.1402
Averaged Test AUC: 0.9044
Std Test Accurancy: 0.1140
Std Test AUC: 0.0567
------------------------- time cost ------------------------- 87.31829810142517

-------------Round number: 41-------------

Evaluate heterogeneous models
Averaged Test Accuracy (Regular Model): 0.6323
Averaged Train Loss (Regular Model): 0.1474
Averaged Test AUC: 0.9015
Std Test Accurancy: 0.1180
Std Test AUC: 0.0551
------------------------- time cost ------------------------- 86.65462923049927

-------------Round number: 42-------------

Evaluate heterogeneous models
Averaged Test Accuracy (Regular Model): 0.6354
Averaged Train Loss (Regular Model): 0.0624
Averaged Test AUC: 0.9050
Std Test Accurancy: 0.0994
Std Test AUC: 0.0484
------------------------- time cost ------------------------- 88.61760377883911

-------------Round number: 43-------------

Evaluate heterogeneous models
Averaged Test Accuracy (Regular Model): 0.6372
Averaged Train Loss (Regular Model): 0.0836
Averaged Test AUC: 0.9038
Std Test Accurancy: 0.1035
Std Test AUC: 0.0488
------------------------- time cost ------------------------- 87.40382480621338

-------------Round number: 44-------------

Evaluate heterogeneous models
Averaged Test Accuracy (Regular Model): 0.6376
Averaged Train Loss (Regular Model): 0.0838
Averaged Test AUC: 0.9055
Std Test Accurancy: 0.1045
Std Test AUC: 0.0491
------------------------- time cost ------------------------- 87.48660373687744

-------------Round number: 45-------------

Evaluate heterogeneous models
Averaged Test Accuracy (Regular Model): 0.6398
Averaged Train Loss (Regular Model): 0.0796
Averaged Test AUC: 0.9061
Std Test Accurancy: 0.1018
Std Test AUC: 0.0496
------------------------- time cost ------------------------- 86.79921960830688

-------------Round number: 46-------------

Evaluate heterogeneous models
Averaged Test Accuracy (Regular Model): 0.6352
Averaged Train Loss (Regular Model): 0.0788
Averaged Test AUC: 0.9038
Std Test Accurancy: 0.1043
Std Test AUC: 0.0531
------------------------- time cost ------------------------- 88.81047534942627

-------------Round number: 47-------------

Evaluate heterogeneous models
Averaged Test Accuracy (Regular Model): 0.6356
Averaged Train Loss (Regular Model): 0.0935
Averaged Test AUC: 0.9049
Std Test Accurancy: 0.1009
Std Test AUC: 0.0501
------------------------- time cost ------------------------- 86.16884922981262

-------------Round number: 48-------------

Evaluate heterogeneous models
Averaged Test Accuracy (Regular Model): 0.6389
Averaged Train Loss (Regular Model): 0.1132
Averaged Test AUC: 0.9055
Std Test Accurancy: 0.1049
Std Test AUC: 0.0500
------------------------- time cost ------------------------- 86.22940683364868

-------------Round number: 49-------------

Evaluate heterogeneous models
Averaged Test Accuracy (Regular Model): 0.6344
Averaged Train Loss (Regular Model): 0.0676
Averaged Test AUC: 0.9052
Std Test Accurancy: 0.1037
Std Test AUC: 0.0517
------------------------- time cost ------------------------- 85.93265175819397

-------------Round number: 50-------------

Evaluate heterogeneous models
Averaged Test Accuracy (Regular Model): 0.6370
Averaged Train Loss (Regular Model): 0.0749
Averaged Test AUC: 0.9056
Std Test Accurancy: 0.1094
Std Test AUC: 0.0493
------------------------- time cost ------------------------- 85.28020215034485

-------------Round number: 51-------------

Evaluate heterogeneous models
Averaged Test Accuracy (Regular Model): 0.6372
Averaged Train Loss (Regular Model): 0.0843
Averaged Test AUC: 0.9056
Std Test Accurancy: 0.1028
Std Test AUC: 0.0513
------------------------- time cost ------------------------- 86.55915069580078

-------------Round number: 52-------------

Evaluate heterogeneous models
Averaged Test Accuracy (Regular Model): 0.6424
Averaged Train Loss (Regular Model): 0.0482
Averaged Test AUC: 0.9062
Std Test Accurancy: 0.1042
Std Test AUC: 0.0528
------------------------- time cost ------------------------- 85.31413722038269

-------------Round number: 53-------------

Evaluate heterogeneous models
Averaged Test Accuracy (Regular Model): 0.6313
Averaged Train Loss (Regular Model): 0.1110
Averaged Test AUC: 0.9006
Std Test Accurancy: 0.1119
Std Test AUC: 0.0536
------------------------- time cost ------------------------- 86.26613783836365

-------------Round number: 54-------------

Evaluate heterogeneous models
Averaged Test Accuracy (Regular Model): 0.6380
Averaged Train Loss (Regular Model): 0.1069
Averaged Test AUC: 0.9055
Std Test Accurancy: 0.1005
Std Test AUC: 0.0500
------------------------- time cost ------------------------- 85.79988980293274

-------------Round number: 55-------------

Evaluate heterogeneous models
Averaged Test Accuracy (Regular Model): 0.6356
Averaged Train Loss (Regular Model): 0.0559
Averaged Test AUC: 0.9060
Std Test Accurancy: 0.0999
Std Test AUC: 0.0481
------------------------- time cost ------------------------- 85.54181218147278

-------------Round number: 56-------------

Evaluate heterogeneous models
Averaged Test Accuracy (Regular Model): 0.6392
Averaged Train Loss (Regular Model): 0.0760
Averaged Test AUC: 0.9058
Std Test Accurancy: 0.1001
Std Test AUC: 0.0481
------------------------- time cost ------------------------- 86.10558295249939

-------------Round number: 57-------------

Evaluate heterogeneous models
Averaged Test Accuracy (Regular Model): 0.6377
Averaged Train Loss (Regular Model): 0.0589
Averaged Test AUC: 0.9058
Std Test Accurancy: 0.0978
Std Test AUC: 0.0473
------------------------- time cost ------------------------- 85.0832872390747

-------------Round number: 58-------------

Evaluate heterogeneous models
Averaged Test Accuracy (Regular Model): 0.6388
Averaged Train Loss (Regular Model): 0.0460
Averaged Test AUC: 0.9044
Std Test Accurancy: 0.1033
Std Test AUC: 0.0493
------------------------- time cost ------------------------- 88.00464105606079

-------------Round number: 59-------------

Evaluate heterogeneous models
Averaged Test Accuracy (Regular Model): 0.6402
Averaged Train Loss (Regular Model): 0.0400
Averaged Test AUC: 0.9068
Std Test Accurancy: 0.0954
Std Test AUC: 0.0481
------------------------- time cost ------------------------- 87.12642741203308

-------------Round number: 60-------------

Evaluate heterogeneous models
Averaged Test Accuracy (Regular Model): 0.6400
Averaged Train Loss (Regular Model): 0.0391
Averaged Test AUC: 0.9043
Std Test Accurancy: 0.0980
Std Test AUC: 0.0473
------------------------- time cost ------------------------- 86.27550601959229

-------------Round number: 61-------------

Evaluate heterogeneous models
Averaged Test Accuracy (Regular Model): 0.6420
Averaged Train Loss (Regular Model): 0.0555
Averaged Test AUC: 0.9056
Std Test Accurancy: 0.0945
Std Test AUC: 0.0470
------------------------- time cost ------------------------- 86.10505151748657

-------------Round number: 62-------------

Evaluate heterogeneous models
Averaged Test Accuracy (Regular Model): 0.6432
Averaged Train Loss (Regular Model): 0.0376
Averaged Test AUC: 0.9058
Std Test Accurancy: 0.0957
Std Test AUC: 0.0477
------------------------- time cost ------------------------- 87.41662168502808

-------------Round number: 63-------------

Evaluate heterogeneous models
Averaged Test Accuracy (Regular Model): 0.6420
Averaged Train Loss (Regular Model): 0.0401
Averaged Test AUC: 0.9053
Std Test Accurancy: 0.0932
Std Test AUC: 0.0465
------------------------- time cost ------------------------- 86.13364481925964

-------------Round number: 64-------------

Evaluate heterogeneous models
Averaged Test Accuracy (Regular Model): 0.6418
Averaged Train Loss (Regular Model): 0.0368
Averaged Test AUC: 0.9063
Std Test Accurancy: 0.0997
Std Test AUC: 0.0468
------------------------- time cost ------------------------- 87.66590166091919

-------------Round number: 65-------------

Evaluate heterogeneous models
Averaged Test Accuracy (Regular Model): 0.6432
Averaged Train Loss (Regular Model): 0.0321
Averaged Test AUC: 0.9066
Std Test Accurancy: 0.0968
Std Test AUC: 0.0472
------------------------- time cost ------------------------- 85.67837762832642

-------------Round number: 66-------------

Evaluate heterogeneous models
Averaged Test Accuracy (Regular Model): 0.6427
Averaged Train Loss (Regular Model): 0.0372
Averaged Test AUC: 0.9051
Std Test Accurancy: 0.0990
Std Test AUC: 0.0477
------------------------- time cost ------------------------- 85.89733457565308

-------------Round number: 67-------------

Evaluate heterogeneous models
Averaged Test Accuracy (Regular Model): 0.6457
Averaged Train Loss (Regular Model): 0.0268
Averaged Test AUC: 0.9075
Std Test Accurancy: 0.0980
Std Test AUC: 0.0461
------------------------- time cost ------------------------- 86.05194926261902

-------------Round number: 68-------------

Evaluate heterogeneous models
Averaged Test Accuracy (Regular Model): 0.6446
Averaged Train Loss (Regular Model): 0.0231
Averaged Test AUC: 0.9069
Std Test Accurancy: 0.0997
Std Test AUC: 0.0469
------------------------- time cost ------------------------- 86.1662974357605

-------------Round number: 69-------------

Evaluate heterogeneous models
Averaged Test Accuracy (Regular Model): 0.6456
Averaged Train Loss (Regular Model): 0.0228
Averaged Test AUC: 0.9069
Std Test Accurancy: 0.0955
Std Test AUC: 0.0465
------------------------- time cost ------------------------- 87.79153442382812

-------------Round number: 70-------------

Evaluate heterogeneous models
Averaged Test Accuracy (Regular Model): 0.6412
Averaged Train Loss (Regular Model): 0.0247
Averaged Test AUC: 0.9064
Std Test Accurancy: 0.0985
Std Test AUC: 0.0464
------------------------- time cost ------------------------- 86.2736701965332

-------------Round number: 71-------------

Evaluate heterogeneous models
Averaged Test Accuracy (Regular Model): 0.6455
Averaged Train Loss (Regular Model): 0.0222
Averaged Test AUC: 0.9067
Std Test Accurancy: 0.1004
Std Test AUC: 0.0468
------------------------- time cost ------------------------- 85.98151659965515

-------------Round number: 72-------------

Evaluate heterogeneous models
Averaged Test Accuracy (Regular Model): 0.6422
Averaged Train Loss (Regular Model): 0.0409
Averaged Test AUC: 0.9060
Std Test Accurancy: 0.0996
Std Test AUC: 0.0464
------------------------- time cost ------------------------- 86.56031370162964

-------------Round number: 73-------------

Evaluate heterogeneous models
Averaged Test Accuracy (Regular Model): 0.6410
Averaged Train Loss (Regular Model): 0.0200
Averaged Test AUC: 0.9053
Std Test Accurancy: 0.1008
Std Test AUC: 0.0467
------------------------- time cost ------------------------- 85.77052927017212

-------------Round number: 74-------------

Evaluate heterogeneous models
Averaged Test Accuracy (Regular Model): 0.6442
Averaged Train Loss (Regular Model): 0.0203
Averaged Test AUC: 0.9059
Std Test Accurancy: 0.1002
Std Test AUC: 0.0458
------------------------- time cost ------------------------- 86.84037566184998

-------------Round number: 75-------------

Evaluate heterogeneous models
Averaged Test Accuracy (Regular Model): 0.6427
Averaged Train Loss (Regular Model): 0.0302
Averaged Test AUC: 0.9061
Std Test Accurancy: 0.0957
Std Test AUC: 0.0465
------------------------- time cost ------------------------- 86.77044034004211

-------------Round number: 76-------------

Evaluate heterogeneous models
Averaged Test Accuracy (Regular Model): 0.6387
Averaged Train Loss (Regular Model): 0.0672
Averaged Test AUC: 0.9026
Std Test Accurancy: 0.1004
Std Test AUC: 0.0502
------------------------- time cost ------------------------- 87.41975402832031

-------------Round number: 77-------------

Evaluate heterogeneous models
Averaged Test Accuracy (Regular Model): 0.6453
Averaged Train Loss (Regular Model): 0.0613
Averaged Test AUC: 0.9075
Std Test Accurancy: 0.0974
Std Test AUC: 0.0452
------------------------- time cost ------------------------- 86.73235869407654

-------------Round number: 78-------------

Evaluate heterogeneous models
Averaged Test Accuracy (Regular Model): 0.6434
Averaged Train Loss (Regular Model): 0.0685
Averaged Test AUC: 0.9051
Std Test Accurancy: 0.1024
Std Test AUC: 0.0478
------------------------- time cost ------------------------- 84.87971997261047

-------------Round number: 79-------------

Evaluate heterogeneous models
Averaged Test Accuracy (Regular Model): 0.6372
Averaged Train Loss (Regular Model): 0.1409
Averaged Test AUC: 0.9053
Std Test Accurancy: 0.1092
Std Test AUC: 0.0477
------------------------- time cost ------------------------- 86.91033267974854

-------------Round number: 80-------------

Evaluate heterogeneous models
Averaged Test Accuracy (Regular Model): 0.6364
Averaged Train Loss (Regular Model): 0.0948
Averaged Test AUC: 0.9049
Std Test Accurancy: 0.1052
Std Test AUC: 0.0483
------------------------- time cost ------------------------- 86.12416505813599

-------------Round number: 81-------------

Evaluate heterogeneous models
Averaged Test Accuracy (Regular Model): 0.6330
Averaged Train Loss (Regular Model): 0.0871
Averaged Test AUC: 0.9049
Std Test Accurancy: 0.1018
Std Test AUC: 0.0463
------------------------- time cost ------------------------- 85.66654872894287

-------------Round number: 82-------------

Evaluate heterogeneous models
Averaged Test Accuracy (Regular Model): 0.6423
Averaged Train Loss (Regular Model): 0.0771
Averaged Test AUC: 0.9069
Std Test Accurancy: 0.1029
Std Test AUC: 0.0459
------------------------- time cost ------------------------- 85.6952133178711

-------------Round number: 83-------------

Evaluate heterogeneous models
Averaged Test Accuracy (Regular Model): 0.6371
Averaged Train Loss (Regular Model): 0.0507
Averaged Test AUC: 0.9067
Std Test Accurancy: 0.1038
Std Test AUC: 0.0462
------------------------- time cost ------------------------- 86.11443066596985

-------------Round number: 84-------------

Evaluate heterogeneous models
Averaged Test Accuracy (Regular Model): 0.6424
Averaged Train Loss (Regular Model): 0.0565
Averaged Test AUC: 0.9076
Std Test Accurancy: 0.1035
Std Test AUC: 0.0462
------------------------- time cost ------------------------- 85.46535444259644

-------------Round number: 85-------------

Evaluate heterogeneous models
Averaged Test Accuracy (Regular Model): 0.6458
Averaged Train Loss (Regular Model): 0.0482
Averaged Test AUC: 0.9077
Std Test Accurancy: 0.0993
Std Test AUC: 0.0463
------------------------- time cost ------------------------- 85.73518538475037

-------------Round number: 86-------------

Evaluate heterogeneous models
Averaged Test Accuracy (Regular Model): 0.6432
Averaged Train Loss (Regular Model): 0.0434
Averaged Test AUC: 0.9076
Std Test Accurancy: 0.1018
Std Test AUC: 0.0461
------------------------- time cost ------------------------- 86.07647347450256

-------------Round number: 87-------------

Evaluate heterogeneous models
Averaged Test Accuracy (Regular Model): 0.6446
Averaged Train Loss (Regular Model): 0.0386
Averaged Test AUC: 0.9073
Std Test Accurancy: 0.0959
Std Test AUC: 0.0475
------------------------- time cost ------------------------- 85.4074182510376

-------------Round number: 88-------------

Evaluate heterogeneous models
Averaged Test Accuracy (Regular Model): 0.6445
Averaged Train Loss (Regular Model): 0.0536
Averaged Test AUC: 0.9071
Std Test Accurancy: 0.0938
Std Test AUC: 0.0461
------------------------- time cost ------------------------- 84.41313481330872

-------------Round number: 89-------------

Evaluate heterogeneous models
Averaged Test Accuracy (Regular Model): 0.6404
Averaged Train Loss (Regular Model): 0.0667
Averaged Test AUC: 0.9052
Std Test Accurancy: 0.1077
Std Test AUC: 0.0486
------------------------- time cost ------------------------- 87.81303453445435

-------------Round number: 90-------------

Evaluate heterogeneous models
Averaged Test Accuracy (Regular Model): 0.6437
Averaged Train Loss (Regular Model): 0.0439
Averaged Test AUC: 0.9073
Std Test Accurancy: 0.1001
Std Test AUC: 0.0472
------------------------- time cost ------------------------- 87.66609120368958

-------------Round number: 91-------------

Evaluate heterogeneous models
Averaged Test Accuracy (Regular Model): 0.6428
Averaged Train Loss (Regular Model): 0.0391
Averaged Test AUC: 0.9064
Std Test Accurancy: 0.1051
Std Test AUC: 0.0477
------------------------- time cost ------------------------- 86.32133316993713

-------------Round number: 92-------------

Evaluate heterogeneous models
Averaged Test Accuracy (Regular Model): 0.6448
Averaged Train Loss (Regular Model): 0.0392
Averaged Test AUC: 0.9067
Std Test Accurancy: 0.1005
Std Test AUC: 0.0471
------------------------- time cost ------------------------- 86.31770873069763

-------------Round number: 93-------------

Evaluate heterogeneous models
Averaged Test Accuracy (Regular Model): 0.6396
Averaged Train Loss (Regular Model): 0.0375
Averaged Test AUC: 0.9057
Std Test Accurancy: 0.1127
Std Test AUC: 0.0472
------------------------- time cost ------------------------- 85.76135230064392

-------------Round number: 94-------------

Evaluate heterogeneous models
Averaged Test Accuracy (Regular Model): 0.6435
Averaged Train Loss (Regular Model): 0.0353
Averaged Test AUC: 0.9065
Std Test Accurancy: 0.1025
Std Test AUC: 0.0461
------------------------- time cost ------------------------- 84.87054991722107

-------------Round number: 95-------------

Evaluate heterogeneous models
Averaged Test Accuracy (Regular Model): 0.6437
Averaged Train Loss (Regular Model): 0.0350
Averaged Test AUC: 0.9064
Std Test Accurancy: 0.0968
Std Test AUC: 0.0470
------------------------- time cost ------------------------- 85.4826078414917

-------------Round number: 96-------------

Evaluate heterogeneous models
Averaged Test Accuracy (Regular Model): 0.6445
Averaged Train Loss (Regular Model): 0.0313
Averaged Test AUC: 0.9060
Std Test Accurancy: 0.0990
Std Test AUC: 0.0484
------------------------- time cost ------------------------- 85.47685027122498

-------------Round number: 97-------------

Evaluate heterogeneous models
Averaged Test Accuracy (Regular Model): 0.6450
Averaged Train Loss (Regular Model): 0.0310
Averaged Test AUC: 0.9063
Std Test Accurancy: 0.1038
Std Test AUC: 0.0470
------------------------- time cost ------------------------- 86.33606576919556

-------------Round number: 98-------------

Evaluate heterogeneous models
Averaged Test Accuracy (Regular Model): 0.6476
Averaged Train Loss (Regular Model): 0.0684
Averaged Test AUC: 0.9075
Std Test Accurancy: 0.0991
Std Test AUC: 0.0451
------------------------- time cost ------------------------- 86.08465838432312

-------------Round number: 99-------------

Evaluate heterogeneous models
Averaged Test Accuracy (Regular Model): 0.6492
Averaged Train Loss (Regular Model): 0.0247
Averaged Test AUC: 0.9080
Std Test Accurancy: 0.0966
Std Test AUC: 0.0447
------------------------- time cost ------------------------- 85.58875060081482

-------------Round number: 100-------------

Evaluate heterogeneous models
Averaged Test Accuracy (Regular Model): 0.6490
Averaged Train Loss (Regular Model): 0.0218
Averaged Test AUC: 0.9084
Std Test Accurancy: 0.0972
Std Test AUC: 0.0443
------------------------- time cost ------------------------- 85.29907298088074

-------------Round number: 101-------------

Evaluate heterogeneous models
Averaged Test Accuracy (Regular Model): 0.6428
Averaged Train Loss (Regular Model): 0.0406
Averaged Test AUC: 0.9065
Std Test Accurancy: 0.0951
Std Test AUC: 0.0434
------------------------- time cost ------------------------- 85.72438287734985

-------------Round number: 102-------------

Evaluate heterogeneous models
Averaged Test Accuracy (Regular Model): 0.6482
Averaged Train Loss (Regular Model): 0.0243
Averaged Test AUC: 0.9060
Std Test Accurancy: 0.0929
Std Test AUC: 0.0444
------------------------- time cost ------------------------- 85.04917359352112

-------------Round number: 103-------------

Evaluate heterogeneous models
Averaged Test Accuracy (Regular Model): 0.6437
Averaged Train Loss (Regular Model): 0.0386
Averaged Test AUC: 0.9039
Std Test Accurancy: 0.1022
Std Test AUC: 0.0495
------------------------- time cost ------------------------- 85.98787713050842

-------------Round number: 104-------------

Evaluate heterogeneous models
Averaged Test Accuracy (Regular Model): 0.6494
Averaged Train Loss (Regular Model): 0.0253
Averaged Test AUC: 0.9078
Std Test Accurancy: 0.0917
Std Test AUC: 0.0442
------------------------- time cost ------------------------- 86.64528560638428

-------------Round number: 105-------------

Evaluate heterogeneous models
Averaged Test Accuracy (Regular Model): 0.6454
Averaged Train Loss (Regular Model): 0.0274
Averaged Test AUC: 0.9060
Std Test Accurancy: 0.0967
Std Test AUC: 0.0452
------------------------- time cost ------------------------- 87.33814191818237

-------------Round number: 106-------------

Evaluate heterogeneous models
Averaged Test Accuracy (Regular Model): 0.6452
Averaged Train Loss (Regular Model): 0.0281
Averaged Test AUC: 0.9075
Std Test Accurancy: 0.0950
Std Test AUC: 0.0448
------------------------- time cost ------------------------- 86.98366689682007

-------------Round number: 107-------------

Evaluate heterogeneous models
Averaged Test Accuracy (Regular Model): 0.6488
Averaged Train Loss (Regular Model): 0.0192
Averaged Test AUC: 0.9080
Std Test Accurancy: 0.0920
Std Test AUC: 0.0447
------------------------- time cost ------------------------- 85.83459115028381

-------------Round number: 108-------------

Evaluate heterogeneous models
Averaged Test Accuracy (Regular Model): 0.6467
Averaged Train Loss (Regular Model): 0.0189
Averaged Test AUC: 0.9063
Std Test Accurancy: 0.0952
Std Test AUC: 0.0459
------------------------- time cost ------------------------- 85.72838115692139

-------------Round number: 109-------------

Evaluate heterogeneous models
Averaged Test Accuracy (Regular Model): 0.6500
Averaged Train Loss (Regular Model): 0.0343
Averaged Test AUC: 0.9076
Std Test Accurancy: 0.0943
Std Test AUC: 0.0457
------------------------- time cost ------------------------- 86.74180316925049

-------------Round number: 110-------------

Evaluate heterogeneous models
Averaged Test Accuracy (Regular Model): 0.6490
Averaged Train Loss (Regular Model): 0.0162
Averaged Test AUC: 0.9078
Std Test Accurancy: 0.0952
Std Test AUC: 0.0449
------------------------- time cost ------------------------- 85.56483483314514

-------------Round number: 111-------------

Evaluate heterogeneous models
Averaged Test Accuracy (Regular Model): 0.6440
Averaged Train Loss (Regular Model): 0.0194
Averaged Test AUC: 0.9077
Std Test Accurancy: 0.0963
Std Test AUC: 0.0439
------------------------- time cost ------------------------- 86.6413905620575

-------------Round number: 112-------------

Evaluate heterogeneous models
Averaged Test Accuracy (Regular Model): 0.6494
Averaged Train Loss (Regular Model): 0.0459
Averaged Test AUC: 0.9077
Std Test Accurancy: 0.0941
Std Test AUC: 0.0442
------------------------- time cost ------------------------- 86.8755156993866

-------------Round number: 113-------------

Evaluate heterogeneous models
Averaged Test Accuracy (Regular Model): 0.6457
Averaged Train Loss (Regular Model): 0.0301
Averaged Test AUC: 0.9073
Std Test Accurancy: 0.0963
Std Test AUC: 0.0442
------------------------- time cost ------------------------- 86.48730397224426

-------------Round number: 114-------------

Evaluate heterogeneous models
Averaged Test Accuracy (Regular Model): 0.6495
Averaged Train Loss (Regular Model): 0.0155
Averaged Test AUC: 0.9082
Std Test Accurancy: 0.0950
Std Test AUC: 0.0449
------------------------- time cost ------------------------- 87.67290592193604

-------------Round number: 115-------------

Evaluate heterogeneous models
Averaged Test Accuracy (Regular Model): 0.6494
Averaged Train Loss (Regular Model): 0.0176
Averaged Test AUC: 0.9088
Std Test Accurancy: 0.0975
Std Test AUC: 0.0444
------------------------- time cost ------------------------- 86.21085715293884

-------------Round number: 116-------------

Evaluate heterogeneous models
Averaged Test Accuracy (Regular Model): 0.6488
Averaged Train Loss (Regular Model): 0.0169
Averaged Test AUC: 0.9072
Std Test Accurancy: 0.0951
Std Test AUC: 0.0449
------------------------- time cost ------------------------- 87.61798214912415

-------------Round number: 117-------------

Evaluate heterogeneous models
Averaged Test Accuracy (Regular Model): 0.6482
Averaged Train Loss (Regular Model): 0.0158
Averaged Test AUC: 0.9084
Std Test Accurancy: 0.0953
Std Test AUC: 0.0443
------------------------- time cost ------------------------- 85.40856051445007

-------------Round number: 118-------------

Evaluate heterogeneous models
Averaged Test Accuracy (Regular Model): 0.6492
Averaged Train Loss (Regular Model): 0.0112
Averaged Test AUC: 0.9086
Std Test Accurancy: 0.0933
Std Test AUC: 0.0449
------------------------- time cost ------------------------- 85.8953447341919

-------------Round number: 119-------------

Evaluate heterogeneous models
Averaged Test Accuracy (Regular Model): 0.6476
Averaged Train Loss (Regular Model): 0.0184
Averaged Test AUC: 0.9083
Std Test Accurancy: 0.0926
Std Test AUC: 0.0445
------------------------- time cost ------------------------- 85.59426951408386

-------------Round number: 120-------------

Evaluate heterogeneous models
Averaged Test Accuracy (Regular Model): 0.6483
Averaged Train Loss (Regular Model): 0.0141
Averaged Test AUC: 0.9081
Std Test Accurancy: 0.0957
Std Test AUC: 0.0446
------------------------- time cost ------------------------- 86.17334794998169

-------------Round number: 121-------------

Evaluate heterogeneous models
Averaged Test Accuracy (Regular Model): 0.6496
Averaged Train Loss (Regular Model): 0.0124
Averaged Test AUC: 0.9087
Std Test Accurancy: 0.0938
Std Test AUC: 0.0446
------------------------- time cost ------------------------- 87.23363757133484

-------------Round number: 122-------------

Evaluate heterogeneous models
Averaged Test Accuracy (Regular Model): 0.6482
Averaged Train Loss (Regular Model): 0.0120
Averaged Test AUC: 0.9088
Std Test Accurancy: 0.0948
Std Test AUC: 0.0445
------------------------- time cost ------------------------- 86.66218280792236

-------------Round number: 123-------------

Evaluate heterogeneous models
Averaged Test Accuracy (Regular Model): 0.6481
Averaged Train Loss (Regular Model): 0.0205
Averaged Test AUC: 0.9075
Std Test Accurancy: 0.0920
Std Test AUC: 0.0443
------------------------- time cost ------------------------- 91.98098158836365

-------------Round number: 124-------------

Evaluate heterogeneous models
Averaged Test Accuracy (Regular Model): 0.6501
Averaged Train Loss (Regular Model): 0.0227
Averaged Test AUC: 0.9086
Std Test Accurancy: 0.0936
Std Test AUC: 0.0445
------------------------- time cost ------------------------- 89.89327311515808

-------------Round number: 125-------------

Evaluate heterogeneous models
Averaged Test Accuracy (Regular Model): 0.6458
Averaged Train Loss (Regular Model): 0.0195
Averaged Test AUC: 0.9066
Std Test Accurancy: 0.0937
Std Test AUC: 0.0455
------------------------- time cost ------------------------- 88.22879552841187

-------------Round number: 126-------------

Evaluate heterogeneous models
Averaged Test Accuracy (Regular Model): 0.6499
Averaged Train Loss (Regular Model): 0.0147
Averaged Test AUC: 0.9088
Std Test Accurancy: 0.0927
Std Test AUC: 0.0442
------------------------- time cost ------------------------- 87.43492317199707

-------------Round number: 127-------------

Evaluate heterogeneous models
Averaged Test Accuracy (Regular Model): 0.6452
Averaged Train Loss (Regular Model): 0.0151
Averaged Test AUC: 0.9084
Std Test Accurancy: 0.0918
Std Test AUC: 0.0447
------------------------- time cost ------------------------- 86.91190695762634

-------------Round number: 128-------------

Evaluate heterogeneous models
Averaged Test Accuracy (Regular Model): 0.6398
Averaged Train Loss (Regular Model): 0.0342
Averaged Test AUC: 0.9055
Std Test Accurancy: 0.1048
Std Test AUC: 0.0450
------------------------- time cost ------------------------- 87.50898361206055

-------------Round number: 129-------------

Evaluate heterogeneous models
Averaged Test Accuracy (Regular Model): 0.6480
Averaged Train Loss (Regular Model): 0.0144
Averaged Test AUC: 0.9083
Std Test Accurancy: 0.0944
Std Test AUC: 0.0438
------------------------- time cost ------------------------- 87.35490322113037

-------------Round number: 130-------------

Evaluate heterogeneous models
Averaged Test Accuracy (Regular Model): 0.6491
Averaged Train Loss (Regular Model): 0.0089
Averaged Test AUC: 0.9084
Std Test Accurancy: 0.0968
Std Test AUC: 0.0452
------------------------- time cost ------------------------- 89.78738260269165

-------------Round number: 131-------------

Evaluate heterogeneous models
Averaged Test Accuracy (Regular Model): 0.6485
Averaged Train Loss (Regular Model): 0.0145
Averaged Test AUC: 0.9088
Std Test Accurancy: 0.0979
Std Test AUC: 0.0456
------------------------- time cost ------------------------- 88.01762390136719

-------------Round number: 132-------------

Evaluate heterogeneous models
Averaged Test Accuracy (Regular Model): 0.6444
Averaged Train Loss (Regular Model): 0.0181
Averaged Test AUC: 0.9079
Std Test Accurancy: 0.0996
Std Test AUC: 0.0452
------------------------- time cost ------------------------- 87.72769856452942

-------------Round number: 133-------------

Evaluate heterogeneous models
Averaged Test Accuracy (Regular Model): 0.6466
Averaged Train Loss (Regular Model): 0.0167
Averaged Test AUC: 0.9087
Std Test Accurancy: 0.0973
Std Test AUC: 0.0442
------------------------- time cost ------------------------- 87.49327278137207

-------------Round number: 134-------------

Evaluate heterogeneous models
Averaged Test Accuracy (Regular Model): 0.6484
Averaged Train Loss (Regular Model): 0.0178
Averaged Test AUC: 0.9078
Std Test Accurancy: 0.0941
Std Test AUC: 0.0435
------------------------- time cost ------------------------- 88.02083230018616

-------------Round number: 135-------------

Evaluate heterogeneous models
Averaged Test Accuracy (Regular Model): 0.6505
Averaged Train Loss (Regular Model): 0.0096
Averaged Test AUC: 0.9086
Std Test Accurancy: 0.0911
Std Test AUC: 0.0427
------------------------- time cost ------------------------- 89.80393838882446

-------------Round number: 136-------------

Evaluate heterogeneous models
Averaged Test Accuracy (Regular Model): 0.6512
Averaged Train Loss (Regular Model): 0.0125
Averaged Test AUC: 0.9090
Std Test Accurancy: 0.0941
Std Test AUC: 0.0435
------------------------- time cost ------------------------- 89.60814642906189

-------------Round number: 137-------------

Evaluate heterogeneous models
Averaged Test Accuracy (Regular Model): 0.6478
Averaged Train Loss (Regular Model): 0.0136
Averaged Test AUC: 0.9079
Std Test Accurancy: 0.0999
Std Test AUC: 0.0453
------------------------- time cost ------------------------- 87.53996443748474

-------------Round number: 138-------------

Evaluate heterogeneous models
Averaged Test Accuracy (Regular Model): 0.6478
Averaged Train Loss (Regular Model): 0.0170
Averaged Test AUC: 0.9080
Std Test Accurancy: 0.0960
Std Test AUC: 0.0441
------------------------- time cost ------------------------- 87.50038003921509

-------------Round number: 139-------------

Evaluate heterogeneous models
Averaged Test Accuracy (Regular Model): 0.6473
Averaged Train Loss (Regular Model): 0.0112
Averaged Test AUC: 0.9085
Std Test Accurancy: 0.0939
Std Test AUC: 0.0431
------------------------- time cost ------------------------- 87.46181988716125

-------------Round number: 140-------------

Evaluate heterogeneous models
Averaged Test Accuracy (Regular Model): 0.6480
Averaged Train Loss (Regular Model): 0.0281
Averaged Test AUC: 0.9070
Std Test Accurancy: 0.0956
Std Test AUC: 0.0443
------------------------- time cost ------------------------- 88.17677021026611

-------------Round number: 141-------------

Evaluate heterogeneous models
Averaged Test Accuracy (Regular Model): 0.6484
Averaged Train Loss (Regular Model): 0.0158
Averaged Test AUC: 0.9088
Std Test Accurancy: 0.0945
Std Test AUC: 0.0435
------------------------- time cost ------------------------- 87.13962483406067

-------------Round number: 142-------------

Evaluate heterogeneous models
Averaged Test Accuracy (Regular Model): 0.6484
Averaged Train Loss (Regular Model): 0.0116
Averaged Test AUC: 0.9083
Std Test Accurancy: 0.0921
Std Test AUC: 0.0437
------------------------- time cost ------------------------- 86.4192430973053

-------------Round number: 143-------------

Evaluate heterogeneous models
Averaged Test Accuracy (Regular Model): 0.6480
Averaged Train Loss (Regular Model): 0.0175
Averaged Test AUC: 0.9083
Std Test Accurancy: 0.0927
Std Test AUC: 0.0437
------------------------- time cost ------------------------- 86.36163759231567

-------------Round number: 144-------------

Evaluate heterogeneous models
Averaged Test Accuracy (Regular Model): 0.6503
Averaged Train Loss (Regular Model): 0.0149
Averaged Test AUC: 0.9088
Std Test Accurancy: 0.0928
Std Test AUC: 0.0438
------------------------- time cost ------------------------- 87.26674723625183

-------------Round number: 145-------------

Evaluate heterogeneous models
Averaged Test Accuracy (Regular Model): 0.6442
Averaged Train Loss (Regular Model): 0.0452
Averaged Test AUC: 0.9068
Std Test Accurancy: 0.1115
Std Test AUC: 0.0485
------------------------- time cost ------------------------- 85.80368614196777

-------------Round number: 146-------------

Evaluate heterogeneous models
Averaged Test Accuracy (Regular Model): 0.6481
Averaged Train Loss (Regular Model): 0.0222
Averaged Test AUC: 0.9092
Std Test Accurancy: 0.0935
Std Test AUC: 0.0438
------------------------- time cost ------------------------- 86.17472052574158

-------------Round number: 147-------------

Evaluate heterogeneous models
Averaged Test Accuracy (Regular Model): 0.6472
Averaged Train Loss (Regular Model): 0.0322
Averaged Test AUC: 0.9083
Std Test Accurancy: 0.0962
Std Test AUC: 0.0439
------------------------- time cost ------------------------- 86.6973831653595

-------------Round number: 148-------------

Evaluate heterogeneous models
Averaged Test Accuracy (Regular Model): 0.6451
Averaged Train Loss (Regular Model): 0.0313
Averaged Test AUC: 0.9082
Std Test Accurancy: 0.0933
Std Test AUC: 0.0432
------------------------- time cost ------------------------- 86.16249489784241

-------------Round number: 149-------------

Evaluate heterogeneous models
Averaged Test Accuracy (Regular Model): 0.6422
Averaged Train Loss (Regular Model): 0.0454
Averaged Test AUC: 0.9066
Std Test Accurancy: 0.1062
Std Test AUC: 0.0454
------------------------- time cost ------------------------- 86.85304164886475

-------------Round number: 150-------------

Evaluate heterogeneous models
Averaged Test Accuracy (Regular Model): 0.6496
Averaged Train Loss (Regular Model): 0.0201
Averaged Test AUC: 0.9081
Std Test Accurancy: 0.0961
Std Test AUC: 0.0435
------------------------- time cost ------------------------- 86.95066905021667

-------------Round number: 151-------------

Evaluate heterogeneous models
Averaged Test Accuracy (Regular Model): 0.6499
Averaged Train Loss (Regular Model): 0.0182
Averaged Test AUC: 0.9081
Std Test Accurancy: 0.0952
Std Test AUC: 0.0441
------------------------- time cost ------------------------- 86.96542358398438

-------------Round number: 152-------------

Evaluate heterogeneous models
Averaged Test Accuracy (Regular Model): 0.6500
Averaged Train Loss (Regular Model): 0.0189
Averaged Test AUC: 0.9076
Std Test Accurancy: 0.0966
Std Test AUC: 0.0439
------------------------- time cost ------------------------- 87.50781416893005

-------------Round number: 153-------------

Evaluate heterogeneous models
Averaged Test Accuracy (Regular Model): 0.6497
Averaged Train Loss (Regular Model): 0.0227
Averaged Test AUC: 0.9083
Std Test Accurancy: 0.0971
Std Test AUC: 0.0439
------------------------- time cost ------------------------- 86.36763834953308

-------------Round number: 154-------------

Evaluate heterogeneous models
Averaged Test Accuracy (Regular Model): 0.6525
Averaged Train Loss (Regular Model): 0.0149
Averaged Test AUC: 0.9089
Std Test Accurancy: 0.0964
Std Test AUC: 0.0445
------------------------- time cost ------------------------- 85.53302669525146

-------------Round number: 155-------------

Evaluate heterogeneous models
Averaged Test Accuracy (Regular Model): 0.6513
Averaged Train Loss (Regular Model): 0.0142
Averaged Test AUC: 0.9093
Std Test Accurancy: 0.0957
Std Test AUC: 0.0437
------------------------- time cost ------------------------- 86.09336566925049

-------------Round number: 156-------------

Evaluate heterogeneous models
Averaged Test Accuracy (Regular Model): 0.6500
Averaged Train Loss (Regular Model): 0.0141
Averaged Test AUC: 0.9090
Std Test Accurancy: 0.0970
Std Test AUC: 0.0437
------------------------- time cost ------------------------- 86.47061800956726

-------------Round number: 157-------------

Evaluate heterogeneous models
Averaged Test Accuracy (Regular Model): 0.6505
Averaged Train Loss (Regular Model): 0.0148
Averaged Test AUC: 0.9098
Std Test Accurancy: 0.0956
Std Test AUC: 0.0439
------------------------- time cost ------------------------- 85.93201541900635

-------------Round number: 158-------------

Evaluate heterogeneous models
Averaged Test Accuracy (Regular Model): 0.6489
Averaged Train Loss (Regular Model): 0.0138
Averaged Test AUC: 0.9080
Std Test Accurancy: 0.0936
Std Test AUC: 0.0437
------------------------- time cost ------------------------- 87.94007539749146

-------------Round number: 159-------------

Evaluate heterogeneous models
Averaged Test Accuracy (Regular Model): 0.6491
Averaged Train Loss (Regular Model): 0.0183
Averaged Test AUC: 0.9089
Std Test Accurancy: 0.0963
Std Test AUC: 0.0437
------------------------- time cost ------------------------- 86.84739136695862

-------------Round number: 160-------------

Evaluate heterogeneous models
Averaged Test Accuracy (Regular Model): 0.6500
Averaged Train Loss (Regular Model): 0.0136
Averaged Test AUC: 0.9089
Std Test Accurancy: 0.0934
Std Test AUC: 0.0438
------------------------- time cost ------------------------- 86.91051483154297

-------------Round number: 161-------------

Evaluate heterogeneous models
Averaged Test Accuracy (Regular Model): 0.6489
Averaged Train Loss (Regular Model): 0.0095
Averaged Test AUC: 0.9090
Std Test Accurancy: 0.0950
Std Test AUC: 0.0436
------------------------- time cost ------------------------- 86.19921040534973

-------------Round number: 162-------------

Evaluate heterogeneous models
Averaged Test Accuracy (Regular Model): 0.6490
Averaged Train Loss (Regular Model): 0.0084
Averaged Test AUC: 0.9097
Std Test Accurancy: 0.0975
Std Test AUC: 0.0438
------------------------- time cost ------------------------- 87.1895763874054

-------------Round number: 163-------------

Evaluate heterogeneous models
Averaged Test Accuracy (Regular Model): 0.6517
Averaged Train Loss (Regular Model): 0.0134
Averaged Test AUC: 0.9095
Std Test Accurancy: 0.0948
Std Test AUC: 0.0437
------------------------- time cost ------------------------- 87.42044425010681

-------------Round number: 164-------------

Evaluate heterogeneous models
Averaged Test Accuracy (Regular Model): 0.6488
Averaged Train Loss (Regular Model): 0.0103
Averaged Test AUC: 0.9089
Std Test Accurancy: 0.0988
Std Test AUC: 0.0441
------------------------- time cost ------------------------- 87.062819480896

-------------Round number: 165-------------

Evaluate heterogeneous models
Averaged Test Accuracy (Regular Model): 0.6490
Averaged Train Loss (Regular Model): 0.0154
Averaged Test AUC: 0.9093
Std Test Accurancy: 0.0980
Std Test AUC: 0.0438
------------------------- time cost ------------------------- 86.70716404914856

-------------Round number: 166-------------

Evaluate heterogeneous models
Averaged Test Accuracy (Regular Model): 0.6510
Averaged Train Loss (Regular Model): 0.0091
Averaged Test AUC: 0.9100
Std Test Accurancy: 0.0972
Std Test AUC: 0.0437
------------------------- time cost ------------------------- 87.26542091369629

-------------Round number: 167-------------

Evaluate heterogeneous models
Averaged Test Accuracy (Regular Model): 0.6505
Averaged Train Loss (Regular Model): 0.0156
Averaged Test AUC: 0.9095
Std Test Accurancy: 0.0973
Std Test AUC: 0.0444
------------------------- time cost ------------------------- 86.21597909927368

-------------Round number: 168-------------

Evaluate heterogeneous models
Averaged Test Accuracy (Regular Model): 0.6523
Averaged Train Loss (Regular Model): 0.0149
Averaged Test AUC: 0.9100
Std Test Accurancy: 0.0982
Std Test AUC: 0.0440
------------------------- time cost ------------------------- 86.68334770202637

-------------Round number: 169-------------

Evaluate heterogeneous models
Averaged Test Accuracy (Regular Model): 0.6505
Averaged Train Loss (Regular Model): 0.0193
Averaged Test AUC: 0.9089
Std Test Accurancy: 0.0991
Std Test AUC: 0.0438
------------------------- time cost ------------------------- 87.6224992275238

-------------Round number: 170-------------

Evaluate heterogeneous models
Averaged Test Accuracy (Regular Model): 0.6519
Averaged Train Loss (Regular Model): 0.0125
Averaged Test AUC: 0.9080
Std Test Accurancy: 0.0988
Std Test AUC: 0.0447
------------------------- time cost ------------------------- 86.63133311271667

-------------Round number: 171-------------

Evaluate heterogeneous models
Averaged Test Accuracy (Regular Model): 0.6510
Averaged Train Loss (Regular Model): 0.0151
Averaged Test AUC: 0.9090
Std Test Accurancy: 0.0982
Std Test AUC: 0.0440
------------------------- time cost ------------------------- 85.94712257385254

-------------Round number: 172-------------

Evaluate heterogeneous models
Averaged Test Accuracy (Regular Model): 0.6521
Averaged Train Loss (Regular Model): 0.0062
Averaged Test AUC: 0.9090
Std Test Accurancy: 0.0982
Std Test AUC: 0.0438
------------------------- time cost ------------------------- 87.16786623001099

-------------Round number: 173-------------

Evaluate heterogeneous models
Averaged Test Accuracy (Regular Model): 0.6528
Averaged Train Loss (Regular Model): 0.0179
Averaged Test AUC: 0.9080
Std Test Accurancy: 0.1002
Std Test AUC: 0.0456
------------------------- time cost ------------------------- 87.14260196685791

-------------Round number: 174-------------

Evaluate heterogeneous models
Averaged Test Accuracy (Regular Model): 0.6529
Averaged Train Loss (Regular Model): 0.0076
Averaged Test AUC: 0.9091
Std Test Accurancy: 0.0993
Std Test AUC: 0.0444
------------------------- time cost ------------------------- 86.54613924026489

-------------Round number: 175-------------

Evaluate heterogeneous models
Averaged Test Accuracy (Regular Model): 0.6515
Averaged Train Loss (Regular Model): 0.0094
Averaged Test AUC: 0.9090
Std Test Accurancy: 0.0972
Std Test AUC: 0.0441
------------------------- time cost ------------------------- 88.33838367462158

-------------Round number: 176-------------

Evaluate heterogeneous models
Averaged Test Accuracy (Regular Model): 0.6531
Averaged Train Loss (Regular Model): 0.0118
Averaged Test AUC: 0.9089
Std Test Accurancy: 0.0979
Std Test AUC: 0.0441
------------------------- time cost ------------------------- 86.92736625671387

-------------Round number: 177-------------

Evaluate heterogeneous models
Averaged Test Accuracy (Regular Model): 0.6527
Averaged Train Loss (Regular Model): 0.0113
Averaged Test AUC: 0.9092
Std Test Accurancy: 0.0957
Std Test AUC: 0.0438
------------------------- time cost ------------------------- 86.57744669914246

-------------Round number: 178-------------

Evaluate heterogeneous models
Averaged Test Accuracy (Regular Model): 0.6519
Averaged Train Loss (Regular Model): 0.0094
Averaged Test AUC: 0.9096
Std Test Accurancy: 0.0942
Std Test AUC: 0.0435
------------------------- time cost ------------------------- 85.4260790348053

-------------Round number: 179-------------

Evaluate heterogeneous models
Averaged Test Accuracy (Regular Model): 0.6496
Averaged Train Loss (Regular Model): 0.0074
Averaged Test AUC: 0.9087
Std Test Accurancy: 0.0945
Std Test AUC: 0.0436
------------------------- time cost ------------------------- 86.72990655899048

-------------Round number: 180-------------

Evaluate heterogeneous models
Averaged Test Accuracy (Regular Model): 0.6509
Averaged Train Loss (Regular Model): 0.0095
Averaged Test AUC: 0.9100
Std Test Accurancy: 0.0970
Std Test AUC: 0.0439
------------------------- time cost ------------------------- 88.82237315177917

-------------Round number: 181-------------

Evaluate heterogeneous models
Averaged Test Accuracy (Regular Model): 0.6537
Averaged Train Loss (Regular Model): 0.0107
Averaged Test AUC: 0.9093
Std Test Accurancy: 0.0969
Std Test AUC: 0.0442
------------------------- time cost ------------------------- 90.30151987075806

-------------Round number: 182-------------

Evaluate heterogeneous models
Averaged Test Accuracy (Regular Model): 0.6529
Averaged Train Loss (Regular Model): 0.0101
Averaged Test AUC: 0.9095
Std Test Accurancy: 0.0964
Std Test AUC: 0.0436
------------------------- time cost ------------------------- 91.48730516433716

-------------Round number: 183-------------

Evaluate heterogeneous models
Averaged Test Accuracy (Regular Model): 0.6519
Averaged Train Loss (Regular Model): 0.0077
Averaged Test AUC: 0.9096
Std Test Accurancy: 0.0952
Std Test AUC: 0.0432
------------------------- time cost ------------------------- 93.71737766265869

-------------Round number: 184-------------

Evaluate heterogeneous models
Averaged Test Accuracy (Regular Model): 0.6517
Averaged Train Loss (Regular Model): 0.0097
Averaged Test AUC: 0.9093
Std Test Accurancy: 0.0962
Std Test AUC: 0.0438
------------------------- time cost ------------------------- 92.39445495605469

-------------Round number: 185-------------

Evaluate heterogeneous models
Averaged Test Accuracy (Regular Model): 0.6521
Averaged Train Loss (Regular Model): 0.0040
Averaged Test AUC: 0.9100
Std Test Accurancy: 0.0948
Std Test AUC: 0.0437
------------------------- time cost ------------------------- 90.82382893562317

-------------Round number: 186-------------

Evaluate heterogeneous models
Averaged Test Accuracy (Regular Model): 0.6525
Averaged Train Loss (Regular Model): 0.0055
Averaged Test AUC: 0.9095
Std Test Accurancy: 0.0945
Std Test AUC: 0.0434
------------------------- time cost ------------------------- 90.33227276802063

-------------Round number: 187-------------

Evaluate heterogeneous models
Averaged Test Accuracy (Regular Model): 0.6530
Averaged Train Loss (Regular Model): 0.0108
Averaged Test AUC: 0.9095
Std Test Accurancy: 0.0942
Std Test AUC: 0.0434
------------------------- time cost ------------------------- 89.91022253036499

-------------Round number: 188-------------

Evaluate heterogeneous models
Averaged Test Accuracy (Regular Model): 0.6529
Averaged Train Loss (Regular Model): 0.0050
Averaged Test AUC: 0.9099
Std Test Accurancy: 0.0941
Std Test AUC: 0.0436
------------------------- time cost ------------------------- 88.54635453224182

-------------Round number: 189-------------

Evaluate heterogeneous models
Averaged Test Accuracy (Regular Model): 0.6538
Averaged Train Loss (Regular Model): 0.0104
Averaged Test AUC: 0.9099
Std Test Accurancy: 0.0946
Std Test AUC: 0.0436
------------------------- time cost ------------------------- 88.93411898612976

-------------Round number: 190-------------

Evaluate heterogeneous models
Averaged Test Accuracy (Regular Model): 0.6541
Averaged Train Loss (Regular Model): 0.0078
Averaged Test AUC: 0.9100
Std Test Accurancy: 0.0946
Std Test AUC: 0.0439
------------------------- time cost ------------------------- 87.78253197669983

-------------Round number: 191-------------

Evaluate heterogeneous models
Averaged Test Accuracy (Regular Model): 0.6504
Averaged Train Loss (Regular Model): 0.0205
Averaged Test AUC: 0.9097
Std Test Accurancy: 0.0940
Std Test AUC: 0.0440
------------------------- time cost ------------------------- 89.4844765663147

-------------Round number: 192-------------

Evaluate heterogeneous models
Averaged Test Accuracy (Regular Model): 0.6509
Averaged Train Loss (Regular Model): 0.0064
Averaged Test AUC: 0.9098
Std Test Accurancy: 0.0956
Std Test AUC: 0.0442
------------------------- time cost ------------------------- 90.1237301826477

-------------Round number: 193-------------

Evaluate heterogeneous models
Averaged Test Accuracy (Regular Model): 0.6524
Averaged Train Loss (Regular Model): 0.0045
Averaged Test AUC: 0.9109
Std Test Accurancy: 0.0967
Std Test AUC: 0.0443
------------------------- time cost ------------------------- 89.18221282958984

-------------Round number: 194-------------

Evaluate heterogeneous models
Averaged Test Accuracy (Regular Model): 0.6529
Averaged Train Loss (Regular Model): 0.0065
Averaged Test AUC: 0.9104
Std Test Accurancy: 0.0951
Std Test AUC: 0.0445
------------------------- time cost ------------------------- 88.5230643749237

-------------Round number: 195-------------

Evaluate heterogeneous models
Averaged Test Accuracy (Regular Model): 0.6527
Averaged Train Loss (Regular Model): 0.0113
Averaged Test AUC: 0.9093
Std Test Accurancy: 0.0966
Std Test AUC: 0.0442
------------------------- time cost ------------------------- 89.70963048934937

-------------Round number: 196-------------

Evaluate heterogeneous models
Averaged Test Accuracy (Regular Model): 0.6514
Averaged Train Loss (Regular Model): 0.0074
Averaged Test AUC: 0.9097
Std Test Accurancy: 0.0973
Std Test AUC: 0.0441
------------------------- time cost ------------------------- 89.72270607948303

-------------Round number: 197-------------

Evaluate heterogeneous models
Averaged Test Accuracy (Regular Model): 0.6497
Averaged Train Loss (Regular Model): 0.0054
Averaged Test AUC: 0.9096
Std Test Accurancy: 0.0962
Std Test AUC: 0.0438
------------------------- time cost ------------------------- 88.65296649932861

-------------Round number: 198-------------

Evaluate heterogeneous models
Averaged Test Accuracy (Regular Model): 0.6513
Averaged Train Loss (Regular Model): 0.0030
Averaged Test AUC: 0.9099
Std Test Accurancy: 0.0950
Std Test AUC: 0.0438
------------------------- time cost ------------------------- 88.91554403305054

-------------Round number: 199-------------

Evaluate heterogeneous models
Averaged Test Accuracy (Regular Model): 0.6531
Averaged Train Loss (Regular Model): 0.0041
Averaged Test AUC: 0.9101
Std Test Accurancy: 0.0943
Std Test AUC: 0.0433
------------------------- time cost ------------------------- 89.38925743103027

-------------Round number: 200-------------

Evaluate heterogeneous models
Averaged Test Accuracy (Regular Model): 0.6508
Averaged Train Loss (Regular Model): 0.0078
Averaged Test AUC: 0.9096
Std Test Accurancy: 0.0942
Std Test AUC: 0.0433

Best accuracy.
0.654079254079254

Average time cost per round.
86.90188725352287
File path: ../results/Cifar10_dir_0.3_imbalance_40_Local_test_0.h5

Average time cost: 18654.96s.
Length:  201
std for best accurancy: 0.0
mean for best accurancy: 0.654079254079254
All done!

Storage on cpu
-------------------------------------------------------------------------------
Total Tensors: 10250 	Used Memory: 40.50K
-------------------------------------------------------------------------------
