==================================================
goal = test
device = cuda
device_id = 0
dataset = Cifar100_dir_0.3_imbalance_40
jetson = 0
DVFS = 0
drawGMM = 0
num_classes = 100
model_family = HtFE8
batch_size = 256
num_workers = 0
local_learning_rate = 0.06
use_decay_scheduler = False
learning_rate_decay = False
learning_rate_decay_gamma = 0.99
global_rounds = 200
edge_epochs = 1
local_epochs = 5
algorithm = FedGen
join_ratio = 1.0
edge_join_ratio = 1.0
random_join_ratio = False
num_clients = 40
num_edges = 10
prev = 0
times = 1
eval_gap = 1
save_folder_name = temp
auto_break = False
feature_dim = 512
vocab_size = 98635
max_len = 200
client_drop_rate = 0.0
train_slow_rate = 0.0
send_slow_rate = 0.0
time_select = False
time_threthold = 10000
optimizer = SGD
lamda = 1.0
weight_decay = 0
trans_delay_simulate = False
momentum = 0.8
agg_type = 0
buffersize = 10
gl_use_clients = 1
test_useglclassifier = 1
gamma = 1
extra_loss = 0
delta = 1
drawtsne = 1
drawround = 20
noise_dim = 512
generator_learning_rate = 0.0001
hidden_dim = 512
server_epochs = 100
alpha = 1.0
beta = 1.0
mentee_learning_rate = 0.005
T_start = 0.95
T_end = 0.98
server_learning_rate = 0.01
margin_threthold = 100.0
generator_path = stylegan/stylegan-xl-models/imagenet64.pkl
stable_diffusion_prompt = a cat
server_batch_size = 100
gen_batch_size = 4
mu = 50.0
buffer_size = 10
==================================================
Random seed set as 42

============= Running time: 0th =============
Creating server and clients ...
FedAvgCNN(in_features=3, num_classes=args.num_classes, dim=1600)
torchvision.models.googlenet(pretrained=False, aux_logits=False, num_classes=args.num_classes)
mobilenet_v2(pretrained=False, num_classes=args.num_classes)
torchvision.models.resnet18(pretrained=False, num_classes=args.num_classes)
torchvision.models.resnet34(pretrained=False, num_classes=args.num_classes)
torchvision.models.resnet50(pretrained=False, num_classes=args.num_classes)
torchvision.models.resnet101(pretrained=False, num_classes=args.num_classes)
torchvision.models.resnet152(pretrained=False, num_classes=args.num_classes)
temp/Cifar100_dir_0.3_imbalance_40/NE_10/featuredim_512/FedGen/SGD/lr_0.06/wd_0/momentum_0.8/lbs_256/lamda_1.0/localepoch_5/buffer_10/gamma_1_usegltest_1/1739276545.9144576
FedAvgCNN(in_features=3, num_classes=args.num_classes, dim=1600) model chosen!
id 0
label_counts: defaultdict(<class 'int'>, {46: 79, 99: 17, 84: 74, 16: 10, 5: 78, 91: 12, 23: 24, 90: 65, 71: 22, 3: 15, 6: 1, 17: 19, 2: 72, 14: 9, 74: 12, 85: 46, 88: 104, 66: 18, 78: 9, 0: 15, 64: 19, 41: 10, 11: 6, 69: 2, 31: 1, 37: 4, 1: 27, 38: 25, 43: 4, 32: 8, 10: 22, 12: 30, 39: 1, 95: 19, 19: 4, 20: 8, 8: 21, 79: 9, 35: 7, 96: 20, 40: 9, 50: 11, 54: 3, 76: 1, 53: 12, 30: 10, 44: 1, 87: 7, 56: 2, 22: 3, 52: 1, 47: 2, 77: 2, 26: 6, 21: 3, 93: 3, 81: 3, 51: 2, 92: 3, 75: 1, 55: 4, 86: 1})
trans_simu_time 15.04
torchvision.models.googlenet(pretrained=False, aux_logits=False, num_classes=args.num_classes) model chosen!
id 1
label_counts: defaultdict(<class 'int'>, {27: 59, 31: 5, 46: 76, 43: 16, 6: 11, 11: 46, 99: 80, 13: 42, 90: 23, 78: 39, 87: 78, 22: 45, 70: 26, 84: 54, 98: 77, 36: 26, 49: 44, 51: 27, 34: 5, 95: 13, 38: 14, 15: 22, 74: 8, 63: 6, 92: 10, 39: 19, 32: 10, 24: 54, 29: 5, 23: 30, 0: 40, 75: 14, 71: 5, 73: 10, 10: 7, 26: 9, 59: 1, 42: 21, 47: 32, 33: 5, 85: 3, 44: 3, 67: 4, 8: 12, 91: 8, 12: 3, 52: 5, 81: 9, 48: 3, 28: 4, 77: 3, 25: 6, 50: 5, 86: 1, 19: 5, 14: 2, 94: 1, 1: 6, 88: 1, 37: 1, 2: 1, 93: 1, 4: 1, 7: 1, 62: 1})
trans_simu_time 15.04
mobilenet_v2(pretrained=False, num_classes=args.num_classes) model chosen!
id 2
label_counts: defaultdict(<class 'int'>, {86: 10, 76: 17, 80: 61, 31: 11, 84: 53, 51: 13, 5: 52, 66: 84, 71: 20, 61: 55, 35: 12, 32: 68, 47: 23, 33: 13, 77: 66, 39: 2, 24: 52, 48: 32, 9: 15, 68: 4, 79: 7, 18: 6, 82: 20, 25: 31, 56: 9, 60: 10, 42: 17, 14: 17, 8: 9, 20: 16, 49: 3, 54: 19, 59: 32, 73: 17, 10: 11, 30: 4, 85: 26, 3: 1, 46: 13, 28: 1, 27: 12, 87: 3, 81: 18, 43: 10, 26: 6, 17: 12, 0: 3, 29: 1, 13: 32, 55: 10, 6: 8, 19: 22, 72: 3, 52: 7, 2: 3, 41: 7, 16: 5, 44: 2, 34: 3, 78: 4, 12: 4, 58: 1, 62: 4, 15: 6, 7: 4, 23: 1, 64: 1, 75: 1})
trans_simu_time 15.04
torchvision.models.resnet18(pretrained=False, num_classes=args.num_classes) model chosen!
id 3
label_counts: defaultdict(<class 'int'>, {74: 107, 59: 103, 4: 54, 38: 38, 63: 37, 86: 16, 60: 2, 7: 16, 34: 23, 82: 38, 32: 5, 80: 1, 35: 30, 83: 31, 67: 40, 8: 40, 85: 26, 3: 50, 0: 3, 2: 13, 66: 19, 48: 7, 30: 2, 13: 72, 88: 41, 46: 10, 57: 40, 87: 40, 43: 16, 42: 3, 39: 8, 14: 2, 44: 4, 70: 23, 62: 5, 31: 16, 27: 7, 79: 2, 21: 2, 37: 13, 64: 12, 75: 3, 29: 22, 54: 4, 61: 1, 28: 1, 65: 18, 71: 2, 51: 1, 69: 3, 11: 22, 20: 3, 81: 4, 6: 3, 19: 3, 17: 8, 22: 1, 72: 2, 77: 2, 1: 2, 68: 1, 12: 1, 56: 3, 40: 1, 36: 1, 52: 1, 58: 1})
trans_simu_time 15.04
torchvision.models.resnet34(pretrained=False, num_classes=args.num_classes) model chosen!
id 4
label_counts: defaultdict(<class 'int'>, {21: 56, 62: 59, 73: 95, 78: 30, 10: 22, 49: 147, 76: 85, 23: 10, 9: 18, 38: 14, 4: 17, 51: 114, 20: 3, 39: 47, 41: 39, 80: 11, 57: 34, 66: 8, 71: 8, 6: 24, 48: 24, 19: 6, 43: 10, 59: 1, 15: 76, 77: 1, 33: 7, 34: 5, 63: 5, 7: 5, 70: 10, 35: 19, 69: 16, 32: 8, 67: 12, 58: 2, 55: 7, 26: 10, 50: 4, 68: 2, 40: 5, 36: 7, 53: 6, 74: 1, 2: 10, 37: 3, 5: 5, 79: 13, 65: 1, 75: 4, 64: 3, 22: 1, 3: 1, 27: 2, 60: 1})
trans_simu_time 15.04
torchvision.models.resnet50(pretrained=False, num_classes=args.num_classes) model chosen!
id 5
label_counts: defaultdict(<class 'int'>, {49: 27, 52: 67, 36: 12, 58: 44, 30: 106, 79: 71, 78: 29, 29: 113, 20: 52, 74: 39, 19: 125, 56: 46, 27: 37, 37: 4, 42: 52, 70: 13, 7: 58, 17: 34, 14: 34, 65: 2, 60: 10, 61: 8, 71: 9, 66: 17, 72: 7, 53: 17, 67: 6, 23: 15, 31: 10, 21: 13, 57: 21, 75: 3, 2: 10, 6: 3, 3: 4, 47: 1, 46: 9, 50: 14, 44: 6, 62: 5, 11: 2, 63: 2, 38: 2, 10: 11, 18: 3, 25: 1, 9: 1, 34: 3, 12: 2, 48: 7, 5: 1, 64: 1, 28: 4, 4: 1})
trans_simu_time 15.04
torchvision.models.resnet101(pretrained=False, num_classes=args.num_classes) model chosen!
id 6
label_counts: defaultdict(<class 'int'>, {77: 37, 2: 8, 36: 125, 53: 31, 0: 38, 72: 16, 41: 19, 50: 117, 70: 58, 76: 49, 11: 54, 35: 63, 42: 33, 40: 56, 15: 14, 25: 28, 7: 14, 57: 11, 60: 34, 24: 65, 80: 45, 20: 5, 29: 17, 38: 11, 71: 10, 74: 6, 65: 28, 64: 8, 78: 3, 28: 1, 27: 9, 68: 1, 8: 12, 47: 3, 19: 2, 31: 1, 14: 7, 26: 3, 51: 6, 5: 9, 79: 3, 56: 21, 21: 11, 69: 3, 10: 6, 13: 2, 63: 3, 58: 6, 23: 1, 18: 5, 6: 4, 39: 1, 16: 1, 48: 2, 37: 1, 1: 1})
trans_simu_time 15.04
torchvision.models.resnet152(pretrained=False, num_classes=args.num_classes) model chosen!
id 7
label_counts: defaultdict(<class 'int'>, {41: 25, 48: 40, 74: 7, 65: 6, 52: 58, 63: 21, 54: 12, 43: 56, 96: 92, 92: 38, 21: 72, 18: 7, 0: 1, 7: 101, 95: 73, 17: 22, 5: 5, 33: 18, 13: 7, 57: 45, 61: 1, 93: 14, 97: 62, 53: 6, 60: 8, 47: 41, 34: 9, 62: 3, 20: 11, 28: 8, 59: 14, 24: 32, 2: 9, 88: 20, 49: 6, 79: 26, 15: 5, 64: 11, 39: 8, 26: 40, 73: 3, 70: 10, 91: 5, 36: 2, 81: 5, 69: 10, 38: 3, 25: 1, 90: 15, 31: 1, 29: 1, 78: 3, 11: 1, 56: 7, 45: 1, 87: 2, 89: 3, 9: 3, 66: 3, 37: 2, 19: 3, 6: 2, 23: 1, 8: 2, 32: 2, 50: 1, 46: 1, 80: 1, 77: 1, 94: 1})
trans_simu_time 15.04
FedAvgCNN(in_features=3, num_classes=args.num_classes, dim=1600) model chosen!
id 8
label_counts: defaultdict(<class 'int'>, {80: 24, 36: 13, 37: 11, 3: 45, 40: 11, 42: 50, 89: 20, 90: 15, 97: 33, 22: 30, 65: 53, 99: 56, 60: 8, 96: 21, 68: 7, 1: 10, 91: 38, 27: 10, 12: 27, 81: 17, 21: 24, 75: 23, 17: 26, 47: 13, 41: 4, 30: 5, 79: 18, 18: 13, 39: 26, 61: 3, 85: 12, 29: 11, 44: 35, 10: 53, 25: 14, 0: 10, 23: 3, 46: 4, 6: 43, 53: 2, 77: 3, 67: 9, 72: 3, 13: 10, 66: 24, 74: 25, 55: 7, 82: 6, 45: 2, 50: 8, 54: 5, 32: 5, 49: 4, 51: 2, 52: 5, 88: 3, 62: 7, 20: 1, 16: 2, 58: 1, 83: 1, 56: 1, 4: 5, 95: 3, 64: 3, 38: 1, 86: 4, 84: 3, 94: 1, 70: 3, 76: 2})
trans_simu_time 15.04
torchvision.models.googlenet(pretrained=False, aux_logits=False, num_classes=args.num_classes) model chosen!
id 9
label_counts: defaultdict(<class 'int'>, {97: 123, 28: 77, 65: 87, 73: 7, 95: 10, 68: 39, 52: 27, 13: 22, 71: 24, 18: 27, 1: 6, 86: 44, 16: 16, 90: 24, 9: 14, 47: 21, 84: 12, 17: 3, 60: 43, 89: 28, 83: 13, 33: 33, 45: 10, 35: 12, 70: 55, 87: 2, 44: 5, 5: 24, 82: 4, 15: 16, 8: 22, 79: 3, 0: 15, 78: 12, 93: 6, 20: 6, 67: 5, 96: 23, 26: 3, 51: 1, 92: 7, 53: 10, 38: 3, 42: 4, 29: 4, 43: 2, 72: 3, 27: 4, 75: 2, 59: 2, 14: 4, 64: 2, 37: 3, 19: 5, 3: 6, 2: 1, 4: 4, 91: 5, 34: 2, 81: 2, 31: 2, 12: 1, 88: 2, 39: 1, 63: 2})
trans_simu_time 15.04
mobilenet_v2(pretrained=False, num_classes=args.num_classes) model chosen!
id 10
label_counts: defaultdict(<class 'int'>, {14: 9, 39: 14, 8: 75, 6: 23, 23: 47, 57: 1, 45: 16, 26: 39, 33: 19, 55: 53, 59: 9, 68: 32, 71: 87, 53: 51, 80: 35, 28: 24, 48: 88, 75: 12, 70: 8, 64: 10, 87: 23, 63: 22, 86: 113, 38: 27, 90: 48, 1: 9, 77: 1, 2: 22, 82: 40, 27: 22, 43: 2, 65: 5, 67: 21, 29: 13, 50: 6, 24: 15, 88: 5, 69: 3, 7: 13, 44: 20, 22: 1, 52: 5, 35: 12, 62: 6, 12: 2, 72: 3, 18: 1, 66: 6, 85: 1, 37: 4, 89: 2, 30: 1, 32: 3, 40: 1, 34: 2, 47: 2, 10: 2, 3: 2, 81: 2, 25: 2, 54: 1, 0: 2, 83: 1})
trans_simu_time 15.04
torchvision.models.resnet18(pretrained=False, num_classes=args.num_classes) model chosen!
id 11
label_counts: defaultdict(<class 'int'>, {51: 12, 47: 31, 55: 44, 50: 41, 41: 32, 11: 18, 63: 38, 35: 5, 43: 17, 16: 17, 81: 61, 69: 47, 54: 4, 37: 33, 75: 17, 64: 37, 34: 7, 31: 30, 6: 21, 73: 22, 38: 8, 98: 11, 77: 7, 87: 19, 68: 44, 25: 38, 36: 72, 89: 5, 72: 29, 5: 49, 76: 16, 9: 20, 83: 35, 91: 5, 40: 11, 4: 32, 66: 21, 82: 2, 65: 4, 27: 14, 8: 3, 12: 9, 44: 2, 61: 24, 93: 12, 74: 6, 39: 1, 49: 4, 20: 1, 95: 2, 79: 3, 78: 7, 2: 8, 48: 3, 94: 16, 90: 5, 86: 1, 42: 1, 30: 3, 14: 1, 58: 1, 99: 2, 33: 1, 29: 1, 56: 3, 32: 1, 60: 1})
trans_simu_time 15.04
torchvision.models.resnet34(pretrained=False, num_classes=args.num_classes) model chosen!
id 12
label_counts: defaultdict(<class 'int'>, {32: 4, 25: 43, 89: 78, 37: 35, 2: 43, 70: 92, 92: 60, 81: 51, 3: 104, 50: 2, 21: 18, 24: 9, 5: 23, 86: 9, 31: 44, 30: 13, 94: 51, 38: 61, 41: 37, 73: 2, 75: 22, 60: 21, 18: 19, 91: 37, 14: 12, 77: 46, 8: 12, 36: 3, 67: 5, 7: 1, 61: 8, 83: 19, 79: 8, 43: 10, 63: 4, 57: 17, 90: 4, 34: 27, 40: 1, 64: 6, 48: 18, 33: 2, 13: 6, 51: 1, 0: 3, 47: 8, 82: 7, 69: 11, 52: 2, 58: 2, 1: 3, 22: 5, 72: 3, 17: 3, 11: 2, 27: 4, 84: 1, 6: 2, 45: 1, 54: 2, 15: 1, 68: 1, 44: 1, 10: 1, 93: 1, 16: 1})
trans_simu_time 15.04
torchvision.models.resnet50(pretrained=False, num_classes=args.num_classes) model chosen!
id 13
label_counts: defaultdict(<class 'int'>, {71: 3, 51: 44, 61: 6, 49: 11, 65: 10, 43: 152, 54: 105, 12: 93, 72: 12, 10: 9, 67: 56, 32: 33, 68: 8, 37: 104, 35: 12, 26: 13, 58: 60, 9: 43, 78: 52, 25: 42, 63: 14, 40: 17, 0: 2, 52: 8, 41: 2, 31: 3, 33: 20, 57: 4, 22: 24, 59: 17, 2: 31, 75: 2, 60: 7, 17: 13, 7: 5, 20: 7, 62: 5, 74: 5, 70: 10, 5: 7, 29: 13, 21: 5, 46: 2, 42: 3, 19: 6, 6: 5, 15: 4, 50: 4, 64: 4, 53: 6, 73: 2, 3: 2, 44: 2, 36: 1, 38: 1})
trans_simu_time 15.04
torchvision.models.resnet101(pretrained=False, num_classes=args.num_classes) model chosen!
id 14
label_counts: defaultdict(<class 'int'>, {21: 41, 85: 29, 89: 70, 82: 51, 94: 62, 32: 90, 74: 31, 30: 111, 52: 8, 33: 39, 80: 30, 77: 46, 17: 17, 55: 103, 45: 13, 88: 21, 87: 1, 84: 4, 10: 15, 79: 1, 63: 10, 24: 11, 9: 21, 23: 29, 50: 17, 91: 18, 76: 2, 0: 18, 3: 14, 13: 29, 25: 19, 92: 12, 72: 1, 49: 7, 18: 13, 78: 22, 93: 8, 56: 4, 54: 3, 53: 1, 22: 2, 38: 3, 5: 10, 69: 14, 57: 4, 44: 16, 6: 4, 31: 5, 81: 3, 64: 11, 90: 8, 28: 3, 8: 1, 34: 1, 71: 4, 26: 1, 39: 5, 48: 3, 58: 1, 43: 3, 59: 2, 67: 1, 29: 2, 68: 1, 41: 1, 86: 1, 11: 1, 66: 1})
trans_simu_time 15.04
torchvision.models.resnet152(pretrained=False, num_classes=args.num_classes) model chosen!
id 15
label_counts: defaultdict(<class 'int'>, {81: 32, 76: 45, 9: 65, 95: 88, 78: 15, 32: 89, 93: 48, 80: 26, 92: 51, 52: 35, 46: 25, 79: 47, 91: 39, 43: 29, 86: 27, 6: 13, 7: 32, 68: 28, 94: 1, 4: 27, 83: 47, 59: 8, 84: 12, 29: 26, 20: 7, 70: 13, 58: 41, 49: 15, 71: 1, 73: 6, 57: 8, 2: 1, 12: 38, 47: 35, 31: 1, 0: 36, 19: 18, 65: 5, 55: 17, 63: 10, 24: 7, 36: 2, 8: 1, 42: 2, 41: 10, 1: 11, 88: 7, 48: 6, 67: 8, 90: 3, 61: 10, 35: 7, 53: 2, 10: 3, 22: 3, 26: 5, 11: 2, 82: 2, 56: 1, 74: 1, 62: 1, 34: 1, 15: 1, 3: 1, 25: 1, 45: 1, 38: 1, 27: 1})
trans_simu_time 15.04
FedAvgCNN(in_features=3, num_classes=args.num_classes, dim=1600) model chosen!
id 16
label_counts: defaultdict(<class 'int'>, {6: 46, 64: 3, 81: 13, 92: 65, 77: 2, 65: 34, 20: 64, 78: 70, 98: 47, 85: 25, 88: 58, 63: 24, 56: 39, 38: 18, 67: 1, 24: 31, 11: 39, 27: 12, 62: 4, 29: 16, 50: 65, 53: 7, 9: 65, 99: 55, 33: 15, 60: 17, 37: 9, 89: 5, 69: 21, 15: 21, 95: 5, 82: 13, 96: 14, 94: 31, 1: 9, 84: 22, 54: 9, 68: 29, 22: 14, 35: 9, 57: 9, 91: 17, 16: 3, 7: 1, 73: 11, 18: 2, 34: 10, 52: 2, 0: 2, 70: 1, 59: 8, 41: 15, 28: 2, 55: 6, 97: 3, 2: 2, 23: 1, 4: 1, 75: 1, 19: 1, 40: 5, 10: 1, 32: 1, 76: 3, 36: 1, 48: 1, 72: 1, 90: 2, 47: 1})
trans_simu_time 15.04
torchvision.models.googlenet(pretrained=False, aux_logits=False, num_classes=args.num_classes) model chosen!
id 17
label_counts: defaultdict(<class 'int'>, {33: 124, 53: 12, 27: 42, 60: 1, 28: 45, 31: 74, 36: 10, 8: 36, 5: 64, 44: 30, 25: 59, 16: 48, 15: 23, 46: 9, 38: 1, 87: 115, 86: 11, 48: 15, 98: 2, 2: 20, 35: 8, 97: 1, 19: 16, 89: 2, 30: 27, 10: 7, 41: 13, 21: 4, 18: 10, 91: 23, 88: 2, 71: 10, 26: 2, 80: 28, 79: 1, 3: 3, 84: 12, 37: 11, 51: 1, 62: 2, 23: 10, 77: 1, 24: 12, 17: 13, 67: 12, 57: 2, 52: 18, 78: 8, 39: 4, 47: 1, 73: 21, 29: 1, 58: 1, 14: 1, 50: 1, 85: 1, 72: 3, 56: 2, 12: 2, 1: 1, 9: 2, 75: 1, 96: 3, 49: 1, 22: 1, 70: 1, 68: 1, 54: 1, 59: 1})
trans_simu_time 15.04
mobilenet_v2(pretrained=False, num_classes=args.num_classes) model chosen!
id 18
label_counts: defaultdict(<class 'int'>, {4: 5, 61: 85, 31: 6, 41: 55, 5: 21, 21: 42, 62: 32, 17: 24, 47: 14, 60: 15, 94: 23, 73: 9, 28: 25, 29: 37, 57: 19, 23: 40, 10: 49, 37: 41, 11: 21, 97: 58, 69: 7, 87: 32, 81: 21, 76: 19, 1: 16, 78: 2, 8: 16, 65: 10, 3: 8, 67: 14, 88: 3, 83: 2, 80: 15, 92: 7, 50: 16, 45: 43, 6: 6, 0: 3, 13: 13, 55: 5, 79: 1, 74: 3, 64: 6, 2: 5, 82: 20, 66: 10, 12: 6, 44: 2, 99: 3, 40: 4, 90: 3, 53: 3, 85: 3, 18: 3, 42: 1, 20: 2, 16: 3, 22: 3, 36: 4, 32: 9, 54: 3, 95: 5, 51: 2, 7: 1, 49: 1, 43: 1, 27: 3, 35: 2, 38: 2, 68: 2, 48: 1, 39: 2, 72: 4, 98: 1, 71: 1, 19: 1})
trans_simu_time 15.04
torchvision.models.resnet18(pretrained=False, num_classes=args.num_classes) model chosen!
id 19
label_counts: defaultdict(<class 'int'>, {84: 8, 74: 56, 5: 7, 35: 42, 98: 58, 99: 10, 65: 7, 9: 11, 52: 3, 57: 41, 72: 10, 51: 9, 60: 40, 75: 19, 77: 45, 76: 56, 97: 46, 93: 30, 94: 21, 13: 1, 56: 30, 47: 5, 91: 42, 88: 11, 45: 8, 54: 24, 8: 35, 86: 57, 14: 46, 62: 1, 31: 10, 81: 18, 32: 1, 10: 43, 66: 3, 95: 15, 43: 10, 19: 45, 49: 3, 20: 31, 38: 12, 11: 6, 73: 10, 59: 1, 16: 23, 46: 11, 89: 4, 40: 1, 90: 2, 41: 3, 58: 12, 0: 1, 85: 7, 80: 1, 26: 1, 87: 3, 71: 9, 69: 4, 55: 7, 4: 2, 67: 2, 82: 1, 37: 1, 25: 1, 28: 1, 36: 3, 34: 2, 50: 2, 2: 1})
trans_simu_time 15.04
torchvision.models.resnet34(pretrained=False, num_classes=args.num_classes) model chosen!
id 20
label_counts: defaultdict(<class 'int'>, {89: 23, 43: 35, 40: 49, 17: 7, 79: 76, 58: 41, 71: 87, 16: 22, 9: 60, 67: 34, 97: 15, 42: 4, 85: 30, 87: 50, 86: 11, 49: 11, 93: 11, 33: 16, 39: 34, 22: 18, 19: 12, 55: 2, 0: 74, 32: 17, 98: 47, 31: 18, 73: 1, 81: 30, 50: 4, 11: 31, 30: 2, 54: 62, 23: 16, 92: 1, 96: 33, 51: 6, 7: 41, 95: 45, 12: 2, 10: 10, 28: 3, 75: 1, 26: 3, 29: 4, 56: 1, 6: 3, 62: 1, 84: 4, 65: 14, 47: 2, 82: 2, 83: 1, 27: 6, 70: 1, 34: 1, 1: 1, 8: 1, 94: 1, 46: 1, 48: 1, 77: 1, 88: 1, 53: 1, 37: 1})
trans_simu_time 15.04
torchvision.models.resnet50(pretrained=False, num_classes=args.num_classes) model chosen!
id 21
label_counts: defaultdict(<class 'int'>, {3: 24, 35: 35, 9: 21, 78: 69, 1: 37, 62: 5, 61: 5, 44: 88, 13: 3, 53: 96, 7: 10, 12: 9, 39: 68, 6: 7, 40: 27, 23: 50, 77: 30, 49: 6, 26: 60, 18: 64, 73: 15, 37: 14, 27: 42, 41: 55, 34: 30, 54: 11, 31: 8, 24: 2, 65: 26, 16: 21, 47: 27, 50: 18, 55: 35, 72: 16, 52: 15, 45: 1, 32: 7, 19: 9, 56: 5, 2: 12, 33: 4, 71: 2, 74: 2, 4: 3, 17: 4, 46: 3, 59: 1, 5: 2, 29: 9, 66: 4, 43: 9, 51: 1, 30: 3, 38: 2, 28: 2, 57: 2, 76: 1})
trans_simu_time 15.04
torchvision.models.resnet101(pretrained=False, num_classes=args.num_classes) model chosen!
id 22
label_counts: defaultdict(<class 'int'>, {23: 5, 1: 70, 84: 115, 90: 157, 63: 37, 35: 9, 18: 9, 74: 9, 56: 60, 75: 31, 44: 95, 19: 2, 40: 50, 46: 8, 45: 98, 61: 15, 11: 10, 64: 28, 83: 55, 28: 1, 37: 30, 65: 5, 15: 22, 68: 16, 87: 2, 5: 13, 25: 30, 58: 17, 20: 4, 17: 36, 30: 6, 22: 6, 16: 2, 59: 7, 48: 31, 62: 9, 10: 2, 12: 2, 55: 5, 42: 6, 53: 3, 14: 3, 60: 2, 13: 1, 41: 1, 69: 1, 3: 5, 77: 4, 21: 2, 38: 2, 88: 2, 31: 6, 47: 4, 54: 3, 52: 1, 51: 2, 82: 2, 32: 1, 76: 3, 8: 1, 70: 1})
trans_simu_time 15.04
torchvision.models.resnet152(pretrained=False, num_classes=args.num_classes) model chosen!
id 23
label_counts: defaultdict(<class 'int'>, {85: 10, 91: 100, 95: 42, 52: 55, 53: 77, 73: 42, 89: 69, 72: 7, 67: 15, 18: 92, 57: 16, 69: 25, 3: 38, 16: 7, 94: 14, 21: 43, 38: 41, 54: 58, 79: 66, 44: 25, 11: 17, 24: 12, 61: 20, 56: 21, 15: 11, 17: 3, 13: 2, 84: 13, 87: 9, 4: 28, 80: 2, 10: 10, 62: 1, 14: 8, 22: 2, 5: 2, 70: 21, 25: 21, 81: 12, 28: 9, 51: 7, 58: 9, 60: 15, 23: 4, 7: 2, 34: 1, 40: 1, 83: 1, 49: 2, 47: 4, 9: 1, 46: 2, 75: 2, 36: 1, 31: 2, 71: 2, 78: 1, 68: 3, 30: 1, 55: 2, 20: 2, 0: 1, 27: 1, 33: 1, 42: 1})
trans_simu_time 15.04
FedAvgCNN(in_features=3, num_classes=args.num_classes, dim=1600) model chosen!
id 24
label_counts: defaultdict(<class 'int'>, {82: 43, 2: 14, 17: 56, 42: 7, 83: 131, 27: 1, 39: 128, 58: 84, 46: 30, 35: 64, 19: 68, 4: 19, 75: 46, 60: 3, 37: 12, 81: 36, 52: 17, 14: 92, 33: 9, 23: 41, 53: 13, 67: 17, 57: 4, 64: 36, 1: 28, 59: 30, 9: 12, 38: 10, 63: 7, 36: 2, 72: 42, 49: 2, 13: 1, 43: 1, 22: 15, 24: 4, 76: 8, 54: 4, 5: 3, 15: 13, 28: 5, 31: 3, 68: 5, 73: 4, 45: 1, 29: 17, 0: 2, 41: 3, 61: 1, 7: 2, 51: 2, 62: 3, 55: 1, 79: 2, 50: 1, 66: 3, 69: 1, 20: 1, 44: 3, 78: 2, 12: 1, 18: 1, 21: 1})
trans_simu_time 15.04
torchvision.models.googlenet(pretrained=False, aux_logits=False, num_classes=args.num_classes) model chosen!
id 25
label_counts: defaultdict(<class 'int'>, {42: 76, 88: 33, 46: 49, 16: 39, 55: 42, 0: 63, 19: 1, 26: 27, 48: 10, 93: 41, 69: 43, 13: 15, 15: 14, 90: 6, 2: 16, 65: 40, 44: 12, 25: 28, 80: 21, 12: 61, 49: 1, 32: 6, 53: 29, 33: 1, 61: 6, 20: 67, 39: 2, 70: 12, 74: 33, 28: 8, 57: 26, 62: 11, 92: 53, 67: 8, 41: 27, 77: 24, 43: 1, 1: 18, 24: 20, 85: 16, 14: 8, 45: 12, 3: 2, 31: 10, 9: 2, 84: 7, 52: 2, 82: 12, 21: 8, 66: 12, 50: 2, 4: 8, 83: 4, 87: 1, 30: 10, 56: 1, 75: 1, 6: 1, 60: 2, 34: 2, 8: 3, 63: 1, 37: 1, 18: 4, 17: 1, 64: 2, 89: 2, 36: 3, 29: 2, 71: 1, 76: 1})
trans_simu_time 15.04
mobilenet_v2(pretrained=False, num_classes=args.num_classes) model chosen!
id 26
label_counts: defaultdict(<class 'int'>, {18: 45, 96: 107, 6: 49, 75: 99, 82: 44, 73: 15, 77: 12, 48: 25, 33: 28, 4: 4, 15: 52, 98: 22, 92: 3, 57: 30, 99: 69, 95: 77, 20: 44, 72: 47, 52: 15, 50: 30, 1: 11, 91: 5, 62: 24, 46: 13, 8: 37, 2: 5, 63: 6, 38: 20, 81: 35, 27: 3, 32: 3, 70: 1, 93: 7, 9: 2, 94: 1, 45: 8, 55: 2, 5: 7, 34: 4, 85: 2, 90: 13, 22: 15, 54: 7, 31: 19, 86: 1, 58: 4, 26: 2, 89: 6, 35: 4, 24: 10, 30: 2, 84: 1, 67: 3, 80: 1, 28: 2, 49: 4, 21: 1, 29: 1, 66: 4, 60: 3, 43: 2, 39: 4, 14: 2, 69: 1, 79: 1})
trans_simu_time 15.04
torchvision.models.resnet18(pretrained=False, num_classes=args.num_classes) model chosen!
id 27
label_counts: defaultdict(<class 'int'>, {22: 13, 6: 42, 28: 57, 59: 63, 53: 26, 26: 11, 61: 55, 50: 20, 55: 27, 29: 67, 33: 56, 63: 69, 16: 46, 18: 8, 34: 28, 14: 19, 39: 10, 24: 26, 64: 115, 17: 9, 56: 32, 45: 79, 32: 2, 57: 60, 3: 28, 41: 2, 51: 5, 49: 9, 10: 19, 62: 5, 36: 37, 31: 20, 12: 1, 19: 10, 25: 9, 40: 8, 43: 9, 54: 5, 38: 8, 46: 5, 23: 1, 27: 1, 11: 4, 7: 7, 58: 7, 30: 7, 8: 3, 60: 2, 48: 1, 4: 1, 15: 1})
trans_simu_time 15.04
torchvision.models.resnet34(pretrained=False, num_classes=args.num_classes) model chosen!
id 28
label_counts: defaultdict(<class 'int'>, {46: 60, 64: 37, 69: 88, 26: 158, 66: 40, 15: 16, 52: 12, 29: 21, 38: 54, 4: 43, 53: 6, 51: 41, 67: 60, 31: 97, 79: 36, 61: 14, 57: 13, 39: 3, 47: 6, 6: 13, 16: 20, 44: 10, 35: 5, 34: 32, 7: 26, 8: 21, 81: 22, 14: 44, 27: 5, 2: 3, 12: 47, 11: 9, 32: 11, 70: 2, 68: 2, 59: 7, 42: 7, 24: 7, 75: 2, 13: 3, 58: 2, 23: 11, 43: 1, 48: 3, 3: 4, 17: 3, 78: 1, 62: 4, 50: 3, 45: 2, 65: 1, 55: 2, 49: 1})
trans_simu_time 15.04
torchvision.models.resnet50(pretrained=False, num_classes=args.num_classes) model chosen!
id 29
label_counts: defaultdict(<class 'int'>, {50: 36, 78: 47, 96: 65, 88: 76, 9: 15, 2: 38, 74: 58, 8: 41, 30: 25, 93: 48, 23: 19, 58: 1, 13: 68, 69: 9, 44: 9, 16: 60, 5: 23, 6: 4, 43: 1, 77: 20, 66: 9, 75: 18, 56: 6, 34: 1, 99: 6, 18: 60, 53: 2, 76: 35, 72: 45, 19: 8, 59: 17, 61: 14, 33: 5, 28: 48, 91: 9, 21: 7, 45: 22, 97: 4, 95: 10, 54: 5, 24: 4, 47: 20, 67: 8, 1: 10, 57: 2, 3: 9, 37: 3, 68: 6, 98: 4, 63: 9, 0: 2, 86: 6, 38: 1, 85: 4, 87: 5, 80: 4, 32: 9, 65: 2, 52: 2, 25: 1, 11: 1, 10: 1, 14: 1, 73: 1, 46: 1, 4: 2, 7: 1, 90: 1, 42: 1, 40: 1, 36: 1})
trans_simu_time 15.04
torchvision.models.resnet101(pretrained=False, num_classes=args.num_classes) model chosen!
id 30
label_counts: defaultdict(<class 'int'>, {20: 41, 19: 37, 27: 34, 46: 35, 33: 9, 22: 40, 11: 22, 58: 46, 48: 57, 92: 37, 70: 51, 15: 83, 40: 55, 82: 29, 77: 47, 91: 33, 72: 79, 93: 115, 78: 3, 66: 8, 85: 15, 83: 31, 76: 15, 55: 15, 4: 28, 30: 13, 39: 42, 45: 5, 49: 8, 74: 12, 56: 16, 31: 4, 88: 11, 86: 6, 52: 2, 47: 5, 84: 7, 41: 4, 16: 5, 7: 15, 64: 2, 57: 5, 69: 13, 36: 16, 43: 6, 60: 6, 79: 16, 32: 2, 73: 2, 9: 8, 67: 5, 26: 1, 80: 2, 6: 3, 14: 1, 61: 2, 12: 2, 24: 2, 37: 1, 71: 1, 34: 1, 21: 1})
trans_simu_time 15.04
torchvision.models.resnet152(pretrained=False, num_classes=args.num_classes) model chosen!
id 31
label_counts: defaultdict(<class 'int'>, {11: 103, 2: 33, 56: 3, 37: 38, 12: 4, 75: 98, 6: 49, 34: 133, 42: 42, 48: 12, 47: 18, 45: 24, 9: 11, 85: 129, 36: 17, 1: 43, 27: 51, 51: 77, 93: 5, 59: 12, 3: 19, 14: 3, 44: 14, 21: 7, 87: 12, 81: 13, 39: 4, 73: 3, 64: 10, 84: 9, 70: 4, 4: 10, 25: 3, 58: 3, 26: 26, 68: 3, 10: 21, 63: 1, 82: 1, 83: 7, 41: 2, 77: 3, 55: 6, 32: 4, 31: 2, 24: 7, 67: 2, 23: 4, 80: 6, 15: 1, 72: 1, 57: 1, 61: 1, 69: 3, 29: 1, 49: 1, 54: 1, 86: 1, 33: 2, 0: 1})
trans_simu_time 15.04
FedAvgCNN(in_features=3, num_classes=args.num_classes, dim=1600) model chosen!
id 32
label_counts: defaultdict(<class 'int'>, {22: 48, 15: 22, 14: 46, 97: 14, 73: 65, 81: 17, 56: 52, 96: 66, 61: 30, 99: 131, 68: 8, 66: 32, 6: 8, 32: 1, 57: 15, 31: 30, 55: 2, 60: 17, 93: 37, 40: 16, 98: 17, 59: 46, 28: 8, 51: 17, 70: 20, 48: 10, 27: 8, 2: 2, 20: 15, 16: 2, 95: 23, 80: 8, 21: 5, 69: 1, 33: 1, 77: 15, 34: 36, 42: 35, 86: 2, 4: 2, 10: 7, 71: 6, 1: 9, 75: 6, 72: 18, 8: 13, 92: 2, 94: 18, 26: 1, 58: 2, 64: 7, 11: 3, 39: 1, 25: 1, 45: 6, 82: 1, 7: 9, 52: 1, 41: 2, 43: 1, 91: 1, 85: 1, 78: 3, 17: 1, 74: 1, 83: 1, 46: 1})
trans_simu_time 15.04
torchvision.models.googlenet(pretrained=False, aux_logits=False, num_classes=args.num_classes) model chosen!
id 33
label_counts: defaultdict(<class 'int'>, {90: 35, 86: 25, 82: 36, 1: 44, 67: 43, 56: 10, 69: 63, 22: 66, 60: 31, 49: 5, 55: 17, 26: 4, 62: 7, 18: 10, 34: 15, 50: 3, 30: 41, 45: 50, 91: 40, 65: 74, 64: 17, 68: 20, 38: 28, 10: 11, 95: 12, 70: 10, 77: 15, 80: 17, 75: 6, 32: 19, 99: 7, 7: 20, 89: 11, 25: 11, 40: 10, 37: 6, 83: 5, 42: 3, 51: 4, 81: 9, 12: 3, 36: 7, 31: 2, 58: 17, 79: 1, 94: 5, 29: 1, 6: 8, 33: 2, 88: 2, 71: 1, 9: 4, 53: 3, 17: 6, 28: 2, 13: 2, 98: 3, 39: 1, 16: 1, 14: 3, 5: 1, 20: 1, 85: 1, 84: 2, 8: 1, 35: 1, 63: 1, 24: 1})
trans_simu_time 15.04
mobilenet_v2(pretrained=False, num_classes=args.num_classes) model chosen!
id 34
label_counts: defaultdict(<class 'int'>, {35: 15, 98: 161, 72: 74, 54: 79, 1: 56, 60: 5, 62: 55, 40: 57, 94: 145, 82: 28, 14: 16, 52: 6, 47: 7, 11: 8, 93: 45, 83: 13, 71: 16, 86: 1, 37: 15, 76: 55, 68: 13, 26: 14, 24: 1, 49: 14, 42: 17, 20: 27, 18: 22, 10: 9, 77: 11, 34: 6, 75: 12, 38: 8, 87: 25, 97: 14, 44: 7, 91: 10, 48: 17, 67: 10, 30: 1, 7: 43, 23: 14, 64: 23, 12: 2, 65: 3, 51: 1, 21: 1, 63: 10, 69: 9, 85: 20, 55: 1, 27: 1, 5: 6, 84: 2, 28: 3, 4: 12, 43: 1, 73: 2, 95: 8, 17: 3, 2: 3, 66: 1, 9: 2, 36: 1, 8: 2})
trans_simu_time 15.04
torchvision.models.resnet18(pretrained=False, num_classes=args.num_classes) model chosen!
id 35
label_counts: defaultdict(<class 'int'>, {68: 69, 77: 1, 14: 52, 23: 50, 60: 106, 80: 86, 12: 45, 25: 35, 34: 19, 21: 17, 19: 14, 47: 51, 44: 25, 17: 48, 39: 9, 49: 48, 57: 5, 35: 36, 86: 46, 88: 44, 72: 4, 1: 23, 83: 16, 78: 6, 27: 15, 48: 12, 37: 25, 43: 5, 56: 29, 4: 34, 2: 29, 61: 4, 75: 14, 7: 17, 63: 11, 67: 7, 3: 13, 66: 12, 24: 8, 29: 1, 26: 3, 36: 1, 11: 5, 54: 3, 71: 4, 41: 5, 59: 3, 8: 5, 79: 3, 69: 3, 40: 1, 20: 1, 30: 2, 51: 1, 73: 2, 28: 1, 38: 1, 74: 1, 65: 1})
trans_simu_time 15.04
torchvision.models.resnet34(pretrained=False, num_classes=args.num_classes) model chosen!
id 36
label_counts: defaultdict(<class 'int'>, {20: 25, 62: 35, 21: 59, 66: 72, 69: 16, 41: 58, 16: 57, 10: 45, 33: 33, 48: 6, 49: 15, 40: 9, 64: 1, 51: 39, 12: 33, 83: 17, 18: 11, 28: 90, 9: 40, 46: 11, 29: 23, 56: 44, 39: 6, 63: 107, 76: 7, 45: 50, 73: 17, 85: 40, 5: 14, 25: 7, 67: 3, 35: 17, 61: 17, 42: 14, 2: 8, 26: 1, 84: 2, 53: 4, 37: 4, 17: 6, 30: 2, 57: 3, 24: 4, 58: 9, 11: 5, 4: 3, 72: 2, 15: 14, 14: 4, 6: 3, 75: 2, 50: 1, 74: 4, 32: 1, 0: 2, 44: 3, 47: 4, 1: 1, 81: 1, 65: 2, 52: 1, 54: 1, 3: 1, 34: 1, 59: 1})
trans_simu_time 15.04
torchvision.models.resnet50(pretrained=False, num_classes=args.num_classes) model chosen!
id 37
label_counts: defaultdict(<class 'int'>, {52: 66, 57: 16, 22: 50, 17: 62, 44: 26, 40: 29, 4: 47, 50: 20, 66: 31, 43: 26, 32: 19, 35: 19, 10: 23, 65: 21, 76: 34, 73: 6, 68: 98, 61: 34, 86: 2, 58: 13, 42: 14, 23: 15, 13: 28, 49: 17, 21: 3, 0: 69, 64: 5, 85: 17, 62: 46, 83: 21, 55: 26, 81: 7, 5: 18, 69: 30, 3: 36, 70: 3, 24: 12, 84: 6, 8: 7, 89: 2, 48: 14, 14: 4, 79: 4, 12: 8, 53: 16, 45: 1, 90: 22, 80: 1, 27: 9, 9: 7, 30: 1, 31: 1, 7: 2, 38: 3, 56: 2, 60: 11, 51: 5, 15: 1, 77: 1, 25: 1, 71: 1, 28: 1})
trans_simu_time 15.04
torchvision.models.resnet101(pretrained=False, num_classes=args.num_classes) model chosen!
id 38
label_counts: defaultdict(<class 'int'>, {94: 35, 87: 24, 62: 101, 60: 2, 2: 6, 36: 79, 24: 34, 71: 105, 78: 26, 79: 36, 52: 8, 80: 1, 92: 60, 13: 106, 67: 12, 98: 17, 8: 26, 48: 10, 16: 2, 37: 7, 82: 44, 97: 50, 64: 14, 9: 2, 54: 16, 23: 8, 35: 16, 14: 14, 66: 3, 30: 8, 73: 1, 32: 5, 72: 1, 91: 7, 59: 9, 41: 14, 58: 9, 40: 2, 0: 45, 5: 2, 22: 14, 21: 4, 19: 8, 74: 12, 61: 2, 86: 2, 27: 5, 51: 9, 46: 7, 17: 1, 15: 2, 25: 4, 57: 3, 33: 1, 85: 1, 42: 2, 83: 1, 38: 3, 7: 11, 70: 2, 44: 2, 47: 2, 96: 1, 56: 2, 26: 1, 88: 1})
trans_simu_time 15.04
torchvision.models.resnet152(pretrained=False, num_classes=args.num_classes) model chosen!
id 39
label_counts: defaultdict(<class 'int'>, {89: 103, 23: 16, 39: 2, 27: 35, 47: 72, 16: 34, 49: 25, 71: 7, 94: 5, 60: 51, 61: 29, 32: 6, 84: 33, 9: 3, 42: 33, 81: 4, 53: 19, 30: 20, 38: 29, 59: 24, 67: 35, 6: 39, 11: 6, 4: 31, 93: 1, 86: 38, 2: 28, 96: 13, 73: 57, 62: 9, 22: 23, 34: 48, 74: 18, 80: 13, 97: 7, 54: 11, 43: 7, 92: 29, 8: 11, 68: 8, 87: 4, 21: 1, 70: 18, 29: 26, 31: 5, 24: 5, 63: 1, 56: 4, 15: 2, 5: 6, 19: 3, 77: 1, 65: 1, 10: 10, 55: 1, 7: 1, 75: 1, 51: 6, 18: 2, 28: 2, 72: 4, 66: 1, 82: 3, 33: 1, 40: 1, 85: 1, 14: 6, 25: 1, 99: 1, 45: 1, 41: 1, 17: 3, 64: 1, 12: 1, 98: 1, 58: 1, 50: 1, 88: 1, 13: 1, 69: 2, 83: 1, 46: 1, 37: 1, 91: 1, 20: 1, 35: 1, 79: 1, 78: 1, 95: 1})
trans_simu_time 15.04

Join ratio / total clients: 1.0 / 40
Finished creating server and clients.
------------------------- time cost ------------------------- 92.08062982559204

-------------Round number: 0-------------

Evaluate heterogeneous models
Averaged Test Accuracy (Regular Model): 0.1121
Averaged Train Loss (Regular Model): 3.1459
Averaged Test AUC: 0.8374
Std Test Accurancy: 0.0481
Std Test AUC: 0.0367
------------------------- time cost ------------------------- 92.242751121521

-------------Round number: 1-------------

Evaluate heterogeneous models
Averaged Test Accuracy (Regular Model): 0.1627
Averaged Train Loss (Regular Model): 2.4444
Averaged Test AUC: 0.8701
Std Test Accurancy: 0.0701
Std Test AUC: 0.0245
------------------------- time cost ------------------------- 91.98286485671997

-------------Round number: 2-------------

Evaluate heterogeneous models
Averaged Test Accuracy (Regular Model): 0.1856
Averaged Train Loss (Regular Model): 2.0642
Averaged Test AUC: 0.8690
Std Test Accurancy: 0.0611
Std Test AUC: 0.0249
------------------------- time cost ------------------------- 92.01766324043274

-------------Round number: 3-------------

Evaluate heterogeneous models
Averaged Test Accuracy (Regular Model): 0.2002
Averaged Train Loss (Regular Model): 1.6857
Averaged Test AUC: 0.8526
Std Test Accurancy: 0.0582
Std Test AUC: 0.0355
------------------------- time cost ------------------------- 90.48295283317566

-------------Round number: 4-------------

Evaluate heterogeneous models
Averaged Test Accuracy (Regular Model): 0.2013
Averaged Train Loss (Regular Model): 1.3980
Averaged Test AUC: 0.8360
Std Test Accurancy: 0.0545
Std Test AUC: 0.0434
------------------------- time cost ------------------------- 91.3589129447937

-------------Round number: 5-------------

Evaluate heterogeneous models
Averaged Test Accuracy (Regular Model): 0.2118
Averaged Train Loss (Regular Model): 1.1210
Averaged Test AUC: 0.8186
Std Test Accurancy: 0.0510
Std Test AUC: 0.0460
------------------------- time cost ------------------------- 91.33151340484619

-------------Round number: 6-------------

Evaluate heterogeneous models
Averaged Test Accuracy (Regular Model): 0.2125
Averaged Train Loss (Regular Model): 0.9042
Averaged Test AUC: 0.8083
Std Test Accurancy: 0.0552
Std Test AUC: 0.0447
------------------------- time cost ------------------------- 93.53046894073486

-------------Round number: 7-------------

Evaluate heterogeneous models
Averaged Test Accuracy (Regular Model): 0.2194
Averaged Train Loss (Regular Model): 0.6849
Averaged Test AUC: 0.7983
Std Test Accurancy: 0.0539
Std Test AUC: 0.0421
------------------------- time cost ------------------------- 93.08467984199524

-------------Round number: 8-------------

Evaluate heterogeneous models
Averaged Test Accuracy (Regular Model): 0.2143
Averaged Train Loss (Regular Model): 0.6069
Averaged Test AUC: 0.7867
Std Test Accurancy: 0.0494
Std Test AUC: 0.0412
------------------------- time cost ------------------------- 98.53325462341309

-------------Round number: 9-------------

Evaluate heterogeneous models
Averaged Test Accuracy (Regular Model): 0.2234
Averaged Train Loss (Regular Model): 0.4595
Averaged Test AUC: 0.7851
Std Test Accurancy: 0.0557
Std Test AUC: 0.0433
------------------------- time cost ------------------------- 103.52094030380249

-------------Round number: 10-------------

Evaluate heterogeneous models
Averaged Test Accuracy (Regular Model): 0.2238
Averaged Train Loss (Regular Model): 0.4029
Averaged Test AUC: 0.7812
Std Test Accurancy: 0.0566
Std Test AUC: 0.0416
------------------------- time cost ------------------------- 104.53303122520447

-------------Round number: 11-------------

Evaluate heterogeneous models
Averaged Test Accuracy (Regular Model): 0.2273
Averaged Train Loss (Regular Model): 0.3543
Averaged Test AUC: 0.7785
Std Test Accurancy: 0.0573
Std Test AUC: 0.0446
------------------------- time cost ------------------------- 106.4100604057312

-------------Round number: 12-------------

Evaluate heterogeneous models
Averaged Test Accuracy (Regular Model): 0.2297
Averaged Train Loss (Regular Model): 0.2733
Averaged Test AUC: 0.7752
Std Test Accurancy: 0.0556
Std Test AUC: 0.0455
------------------------- time cost ------------------------- 101.49012231826782

-------------Round number: 13-------------

Evaluate heterogeneous models
Averaged Test Accuracy (Regular Model): 0.2277
Averaged Train Loss (Regular Model): 0.2350
Averaged Test AUC: 0.7750
Std Test Accurancy: 0.0542
Std Test AUC: 0.0462
------------------------- time cost ------------------------- 95.09360432624817

-------------Round number: 14-------------

Evaluate heterogeneous models
Averaged Test Accuracy (Regular Model): 0.2300
Averaged Train Loss (Regular Model): 0.2052
Averaged Test AUC: 0.7721
Std Test Accurancy: 0.0548
Std Test AUC: 0.0470
------------------------- time cost ------------------------- 97.25758600234985

-------------Round number: 15-------------

Evaluate heterogeneous models
Averaged Test Accuracy (Regular Model): 0.2329
Averaged Train Loss (Regular Model): 0.1757
Averaged Test AUC: 0.7738
Std Test Accurancy: 0.0555
Std Test AUC: 0.0451
------------------------- time cost ------------------------- 102.61677980422974

-------------Round number: 16-------------

Evaluate heterogeneous models
Averaged Test Accuracy (Regular Model): 0.2333
Averaged Train Loss (Regular Model): 0.1533
Averaged Test AUC: 0.7751
Std Test Accurancy: 0.0547
Std Test AUC: 0.0461
------------------------- time cost ------------------------- 102.47536325454712

-------------Round number: 17-------------

Evaluate heterogeneous models
Averaged Test Accuracy (Regular Model): 0.2320
Averaged Train Loss (Regular Model): 0.1481
Averaged Test AUC: 0.7707
Std Test Accurancy: 0.0547
Std Test AUC: 0.0465
------------------------- time cost ------------------------- 102.04217886924744

-------------Round number: 18-------------

Evaluate heterogeneous models
Averaged Test Accuracy (Regular Model): 0.2337
Averaged Train Loss (Regular Model): 0.1218
Averaged Test AUC: 0.7734
Std Test Accurancy: 0.0533
Std Test AUC: 0.0482
------------------------- time cost ------------------------- 101.8669445514679

-------------Round number: 19-------------

Evaluate heterogeneous models
Averaged Test Accuracy (Regular Model): 0.2351
Averaged Train Loss (Regular Model): 0.0984
Averaged Test AUC: 0.7722
Std Test Accurancy: 0.0517
Std Test AUC: 0.0468
------------------------- time cost ------------------------- 103.81747221946716

-------------Round number: 20-------------

Evaluate heterogeneous models
Averaged Test Accuracy (Regular Model): 0.2387
Averaged Train Loss (Regular Model): 0.1010
Averaged Test AUC: 0.7709
Std Test Accurancy: 0.0562
Std Test AUC: 0.0470
------------------------- time cost ------------------------- 105.17556023597717

-------------Round number: 21-------------

Evaluate heterogeneous models
Averaged Test Accuracy (Regular Model): 0.2335
Averaged Train Loss (Regular Model): 0.1044
Averaged Test AUC: 0.7693
Std Test Accurancy: 0.0548
Std Test AUC: 0.0462
------------------------- time cost ------------------------- 98.410879611969

-------------Round number: 22-------------

Evaluate heterogeneous models
Averaged Test Accuracy (Regular Model): 0.2387
Averaged Train Loss (Regular Model): 0.0737
Averaged Test AUC: 0.7698
Std Test Accurancy: 0.0532
Std Test AUC: 0.0479
------------------------- time cost ------------------------- 98.06350016593933

-------------Round number: 23-------------

Evaluate heterogeneous models
Averaged Test Accuracy (Regular Model): 0.2358
Averaged Train Loss (Regular Model): 0.0732
Averaged Test AUC: 0.7675
Std Test Accurancy: 0.0539
Std Test AUC: 0.0481
------------------------- time cost ------------------------- 102.3981544971466

-------------Round number: 24-------------

Evaluate heterogeneous models
Averaged Test Accuracy (Regular Model): 0.2330
Averaged Train Loss (Regular Model): 0.0824
Averaged Test AUC: 0.7698
Std Test Accurancy: 0.0557
Std Test AUC: 0.0475
------------------------- time cost ------------------------- 104.48702764511108

-------------Round number: 25-------------

Evaluate heterogeneous models
Averaged Test Accuracy (Regular Model): 0.2364
Averaged Train Loss (Regular Model): 0.0686
Averaged Test AUC: 0.7694
Std Test Accurancy: 0.0517
Std Test AUC: 0.0493
------------------------- time cost ------------------------- 104.97532200813293

-------------Round number: 26-------------

Evaluate heterogeneous models
Averaged Test Accuracy (Regular Model): 0.2409
Averaged Train Loss (Regular Model): 0.0663
Averaged Test AUC: 0.7685
Std Test Accurancy: 0.0556
Std Test AUC: 0.0497
------------------------- time cost ------------------------- 106.05625891685486

-------------Round number: 27-------------

Evaluate heterogeneous models
Averaged Test Accuracy (Regular Model): 0.2394
Averaged Train Loss (Regular Model): 0.0681
Averaged Test AUC: 0.7686
Std Test Accurancy: 0.0545
Std Test AUC: 0.0482
------------------------- time cost ------------------------- 103.35833835601807

-------------Round number: 28-------------

Evaluate heterogeneous models
Averaged Test Accuracy (Regular Model): 0.2445
Averaged Train Loss (Regular Model): 0.0542
Averaged Test AUC: 0.7678
Std Test Accurancy: 0.0538
Std Test AUC: 0.0506
------------------------- time cost ------------------------- 102.46168851852417

-------------Round number: 29-------------

Evaluate heterogeneous models
Averaged Test Accuracy (Regular Model): 0.2417
Averaged Train Loss (Regular Model): 0.0390
Averaged Test AUC: 0.7678
Std Test Accurancy: 0.0554
Std Test AUC: 0.0485
------------------------- time cost ------------------------- 90.60054922103882

-------------Round number: 30-------------

Evaluate heterogeneous models
Averaged Test Accuracy (Regular Model): 0.2421
Averaged Train Loss (Regular Model): 0.0566
Averaged Test AUC: 0.7674
Std Test Accurancy: 0.0552
Std Test AUC: 0.0483
------------------------- time cost ------------------------- 91.80797505378723

-------------Round number: 31-------------

Evaluate heterogeneous models
Averaged Test Accuracy (Regular Model): 0.2417
Averaged Train Loss (Regular Model): 0.0540
Averaged Test AUC: 0.7688
Std Test Accurancy: 0.0564
Std Test AUC: 0.0488
------------------------- time cost ------------------------- 92.73459553718567

-------------Round number: 32-------------

Evaluate heterogeneous models
Averaged Test Accuracy (Regular Model): 0.2414
Averaged Train Loss (Regular Model): 0.0571
Averaged Test AUC: 0.7680
Std Test Accurancy: 0.0539
Std Test AUC: 0.0488
------------------------- time cost ------------------------- 93.64492607116699

-------------Round number: 33-------------

Evaluate heterogeneous models
Averaged Test Accuracy (Regular Model): 0.2397
Averaged Train Loss (Regular Model): 0.0528
Averaged Test AUC: 0.7678
Std Test Accurancy: 0.0562
Std Test AUC: 0.0495
------------------------- time cost ------------------------- 98.41440606117249

-------------Round number: 34-------------

Evaluate heterogeneous models
Averaged Test Accuracy (Regular Model): 0.2393
Averaged Train Loss (Regular Model): 0.0590
Averaged Test AUC: 0.7675
Std Test Accurancy: 0.0562
Std Test AUC: 0.0501
------------------------- time cost ------------------------- 98.987144947052

-------------Round number: 35-------------

Evaluate heterogeneous models
Averaged Test Accuracy (Regular Model): 0.2421
Averaged Train Loss (Regular Model): 0.0373
Averaged Test AUC: 0.7689
Std Test Accurancy: 0.0548
Std Test AUC: 0.0490
------------------------- time cost ------------------------- 97.60330891609192

-------------Round number: 36-------------

Evaluate heterogeneous models
Averaged Test Accuracy (Regular Model): 0.2419
Averaged Train Loss (Regular Model): 0.0412
Averaged Test AUC: 0.7683
Std Test Accurancy: 0.0546
Std Test AUC: 0.0491
------------------------- time cost ------------------------- 96.14043307304382

-------------Round number: 37-------------

Evaluate heterogeneous models
Averaged Test Accuracy (Regular Model): 0.2395
Averaged Train Loss (Regular Model): 0.0515
Averaged Test AUC: 0.7694
Std Test Accurancy: 0.0530
Std Test AUC: 0.0472
------------------------- time cost ------------------------- 98.39481568336487

-------------Round number: 38-------------

Evaluate heterogeneous models
Averaged Test Accuracy (Regular Model): 0.2422
Averaged Train Loss (Regular Model): 0.0384
Averaged Test AUC: 0.7691
Std Test Accurancy: 0.0552
Std Test AUC: 0.0499
------------------------- time cost ------------------------- 100.93955278396606

-------------Round number: 39-------------

Evaluate heterogeneous models
Averaged Test Accuracy (Regular Model): 0.2394
Averaged Train Loss (Regular Model): 0.0544
Averaged Test AUC: 0.7686
Std Test Accurancy: 0.0568
Std Test AUC: 0.0492
------------------------- time cost ------------------------- 98.60940027236938

-------------Round number: 40-------------

Evaluate heterogeneous models
Averaged Test Accuracy (Regular Model): 0.2388
Averaged Train Loss (Regular Model): 0.0296
Averaged Test AUC: 0.7692
Std Test Accurancy: 0.0548
Std Test AUC: 0.0494
------------------------- time cost ------------------------- 102.2275002002716

-------------Round number: 41-------------

Evaluate heterogeneous models
Averaged Test Accuracy (Regular Model): 0.2421
Averaged Train Loss (Regular Model): 0.0302
Averaged Test AUC: 0.7707
Std Test Accurancy: 0.0560
Std Test AUC: 0.0483
------------------------- time cost ------------------------- 93.92959022521973

-------------Round number: 42-------------

Evaluate heterogeneous models
Averaged Test Accuracy (Regular Model): 0.2408
Averaged Train Loss (Regular Model): 0.0378
Averaged Test AUC: 0.7675
Std Test Accurancy: 0.0564
Std Test AUC: 0.0493
------------------------- time cost ------------------------- 97.35311222076416

-------------Round number: 43-------------

Evaluate heterogeneous models
Averaged Test Accuracy (Regular Model): 0.2446
Averaged Train Loss (Regular Model): 0.0357
Averaged Test AUC: 0.7684
Std Test Accurancy: 0.0553
Std Test AUC: 0.0505
------------------------- time cost ------------------------- 100.40916967391968

-------------Round number: 44-------------

Evaluate heterogeneous models
Averaged Test Accuracy (Regular Model): 0.2420
Averaged Train Loss (Regular Model): 0.0308
Averaged Test AUC: 0.7676
Std Test Accurancy: 0.0542
Std Test AUC: 0.0493
------------------------- time cost ------------------------- 101.90896892547607

-------------Round number: 45-------------

Evaluate heterogeneous models
Averaged Test Accuracy (Regular Model): 0.2437
Averaged Train Loss (Regular Model): 0.0247
Averaged Test AUC: 0.7687
Std Test Accurancy: 0.0534
Std Test AUC: 0.0490
------------------------- time cost ------------------------- 100.36245083808899

-------------Round number: 46-------------

Evaluate heterogeneous models
Averaged Test Accuracy (Regular Model): 0.2395
Averaged Train Loss (Regular Model): 0.0405
Averaged Test AUC: 0.7672
Std Test Accurancy: 0.0560
Std Test AUC: 0.0494
------------------------- time cost ------------------------- 101.34765100479126

-------------Round number: 47-------------

Evaluate heterogeneous models
Averaged Test Accuracy (Regular Model): 0.2420
Averaged Train Loss (Regular Model): 0.0333
Averaged Test AUC: 0.7689
Std Test Accurancy: 0.0548
Std Test AUC: 0.0488
------------------------- time cost ------------------------- 101.66490530967712

-------------Round number: 48-------------

Evaluate heterogeneous models
Averaged Test Accuracy (Regular Model): 0.2447
Averaged Train Loss (Regular Model): 0.0273
Averaged Test AUC: 0.7694
Std Test Accurancy: 0.0536
Std Test AUC: 0.0494
------------------------- time cost ------------------------- 100.54962515830994

-------------Round number: 49-------------

Evaluate heterogeneous models
Averaged Test Accuracy (Regular Model): 0.2412
Averaged Train Loss (Regular Model): 0.0294
Averaged Test AUC: 0.7687
Std Test Accurancy: 0.0542
Std Test AUC: 0.0492
------------------------- time cost ------------------------- 99.44523668289185

-------------Round number: 50-------------

Evaluate heterogeneous models
Averaged Test Accuracy (Regular Model): 0.2419
Averaged Train Loss (Regular Model): 0.0305
Averaged Test AUC: 0.7694
Std Test Accurancy: 0.0549
Std Test AUC: 0.0500
------------------------- time cost ------------------------- 103.47148418426514

-------------Round number: 51-------------

Evaluate heterogeneous models
Averaged Test Accuracy (Regular Model): 0.2429
Averaged Train Loss (Regular Model): 0.0361
Averaged Test AUC: 0.7695
Std Test Accurancy: 0.0563
Std Test AUC: 0.0499
------------------------- time cost ------------------------- 102.1825520992279

-------------Round number: 52-------------

Evaluate heterogeneous models
Averaged Test Accuracy (Regular Model): 0.2443
Averaged Train Loss (Regular Model): 0.0368
Averaged Test AUC: 0.7682
Std Test Accurancy: 0.0549
Std Test AUC: 0.0491
------------------------- time cost ------------------------- 93.79190182685852

-------------Round number: 53-------------

Evaluate heterogeneous models
Averaged Test Accuracy (Regular Model): 0.2439
Averaged Train Loss (Regular Model): 0.0224
Averaged Test AUC: 0.7684
Std Test Accurancy: 0.0544
Std Test AUC: 0.0496
------------------------- time cost ------------------------- 94.7202422618866

-------------Round number: 54-------------

Evaluate heterogeneous models
Averaged Test Accuracy (Regular Model): 0.2439
Averaged Train Loss (Regular Model): 0.0248
Averaged Test AUC: 0.7691
Std Test Accurancy: 0.0568
Std Test AUC: 0.0506
------------------------- time cost ------------------------- 93.84877133369446

-------------Round number: 55-------------

Evaluate heterogeneous models
Averaged Test Accuracy (Regular Model): 0.2451
Averaged Train Loss (Regular Model): 0.0196
Averaged Test AUC: 0.7693
Std Test Accurancy: 0.0566
Std Test AUC: 0.0502
------------------------- time cost ------------------------- 94.24827265739441

-------------Round number: 56-------------

Evaluate heterogeneous models
Averaged Test Accuracy (Regular Model): 0.2451
Averaged Train Loss (Regular Model): 0.0288
Averaged Test AUC: 0.7683
Std Test Accurancy: 0.0540
Std Test AUC: 0.0490
------------------------- time cost ------------------------- 93.87856960296631

-------------Round number: 57-------------

Evaluate heterogeneous models
Averaged Test Accuracy (Regular Model): 0.2469
Averaged Train Loss (Regular Model): 0.0311
Averaged Test AUC: 0.7711
Std Test Accurancy: 0.0536
Std Test AUC: 0.0501
------------------------- time cost ------------------------- 94.87040996551514

-------------Round number: 58-------------

Evaluate heterogeneous models
Averaged Test Accuracy (Regular Model): 0.2440
Averaged Train Loss (Regular Model): 0.0290
Averaged Test AUC: 0.7702
Std Test Accurancy: 0.0555
Std Test AUC: 0.0503
------------------------- time cost ------------------------- 95.08807134628296

-------------Round number: 59-------------

Evaluate heterogeneous models
Averaged Test Accuracy (Regular Model): 0.2457
Averaged Train Loss (Regular Model): 0.0288
Averaged Test AUC: 0.7699
Std Test Accurancy: 0.0543
Std Test AUC: 0.0510
------------------------- time cost ------------------------- 94.23388957977295

-------------Round number: 60-------------

Evaluate heterogeneous models
Averaged Test Accuracy (Regular Model): 0.2452
Averaged Train Loss (Regular Model): 0.0185
Averaged Test AUC: 0.7699
Std Test Accurancy: 0.0522
Std Test AUC: 0.0492
------------------------- time cost ------------------------- 95.38885116577148

-------------Round number: 61-------------

Evaluate heterogeneous models
Averaged Test Accuracy (Regular Model): 0.2439
Averaged Train Loss (Regular Model): 0.0386
Averaged Test AUC: 0.7720
Std Test Accurancy: 0.0546
Std Test AUC: 0.0502
------------------------- time cost ------------------------- 93.11552333831787

-------------Round number: 62-------------

Evaluate heterogeneous models
Averaged Test Accuracy (Regular Model): 0.2453
Averaged Train Loss (Regular Model): 0.0161
Averaged Test AUC: 0.7723
Std Test Accurancy: 0.0547
Std Test AUC: 0.0502
------------------------- time cost ------------------------- 96.15692782402039

-------------Round number: 63-------------

Evaluate heterogeneous models
Averaged Test Accuracy (Regular Model): 0.2439
Averaged Train Loss (Regular Model): 0.0205
Averaged Test AUC: 0.7708
Std Test Accurancy: 0.0533
Std Test AUC: 0.0500
------------------------- time cost ------------------------- 96.27874040603638

-------------Round number: 64-------------

Evaluate heterogeneous models
Averaged Test Accuracy (Regular Model): 0.2433
Averaged Train Loss (Regular Model): 0.0281
Averaged Test AUC: 0.7713
Std Test Accurancy: 0.0518
Std Test AUC: 0.0503
------------------------- time cost ------------------------- 94.12119340896606

-------------Round number: 65-------------

Evaluate heterogeneous models
Averaged Test Accuracy (Regular Model): 0.2418
Averaged Train Loss (Regular Model): 0.0321
Averaged Test AUC: 0.7710
Std Test Accurancy: 0.0525
Std Test AUC: 0.0498
------------------------- time cost ------------------------- 96.97377467155457

-------------Round number: 66-------------

Evaluate heterogeneous models
Averaged Test Accuracy (Regular Model): 0.2437
Averaged Train Loss (Regular Model): 0.0194
Averaged Test AUC: 0.7720
Std Test Accurancy: 0.0531
Std Test AUC: 0.0497
------------------------- time cost ------------------------- 92.47091293334961

-------------Round number: 67-------------

Evaluate heterogeneous models
Averaged Test Accuracy (Regular Model): 0.2451
Averaged Train Loss (Regular Model): 0.0204
Averaged Test AUC: 0.7706
Std Test Accurancy: 0.0540
Std Test AUC: 0.0497
------------------------- time cost ------------------------- 93.69201564788818

-------------Round number: 68-------------

Evaluate heterogeneous models
Averaged Test Accuracy (Regular Model): 0.2440
Averaged Train Loss (Regular Model): 0.0145
Averaged Test AUC: 0.7707
Std Test Accurancy: 0.0530
Std Test AUC: 0.0485
------------------------- time cost ------------------------- 92.07419872283936

-------------Round number: 69-------------

Evaluate heterogeneous models
Averaged Test Accuracy (Regular Model): 0.2468
Averaged Train Loss (Regular Model): 0.0179
Averaged Test AUC: 0.7716
Std Test Accurancy: 0.0530
Std Test AUC: 0.0488
------------------------- time cost ------------------------- 93.90310764312744

-------------Round number: 70-------------

Evaluate heterogeneous models
Averaged Test Accuracy (Regular Model): 0.2469
Averaged Train Loss (Regular Model): 0.0154
Averaged Test AUC: 0.7703
Std Test Accurancy: 0.0548
Std Test AUC: 0.0493
------------------------- time cost ------------------------- 96.28832221031189

-------------Round number: 71-------------

Evaluate heterogeneous models
Averaged Test Accuracy (Regular Model): 0.2454
Averaged Train Loss (Regular Model): 0.0170
Averaged Test AUC: 0.7704
Std Test Accurancy: 0.0548
Std Test AUC: 0.0479
------------------------- time cost ------------------------- 94.29784059524536

-------------Round number: 72-------------

Evaluate heterogeneous models
Averaged Test Accuracy (Regular Model): 0.2470
Averaged Train Loss (Regular Model): 0.0167
Averaged Test AUC: 0.7697
Std Test Accurancy: 0.0535
Std Test AUC: 0.0493
------------------------- time cost ------------------------- 96.07344245910645

-------------Round number: 73-------------

Evaluate heterogeneous models
Averaged Test Accuracy (Regular Model): 0.2439
Averaged Train Loss (Regular Model): 0.0082
Averaged Test AUC: 0.7692
Std Test Accurancy: 0.0531
Std Test AUC: 0.0496
------------------------- time cost ------------------------- 91.79437947273254

-------------Round number: 74-------------

Evaluate heterogeneous models
Averaged Test Accuracy (Regular Model): 0.2467
Averaged Train Loss (Regular Model): 0.0123
Averaged Test AUC: 0.7699
Std Test Accurancy: 0.0529
Std Test AUC: 0.0496
------------------------- time cost ------------------------- 94.08972024917603

-------------Round number: 75-------------

Evaluate heterogeneous models
Averaged Test Accuracy (Regular Model): 0.2467
Averaged Train Loss (Regular Model): 0.0190
Averaged Test AUC: 0.7688
Std Test Accurancy: 0.0532
Std Test AUC: 0.0501
------------------------- time cost ------------------------- 95.7987961769104

-------------Round number: 76-------------

Evaluate heterogeneous models
Averaged Test Accuracy (Regular Model): 0.2443
Averaged Train Loss (Regular Model): 0.0194
Averaged Test AUC: 0.7708
Std Test Accurancy: 0.0565
Std Test AUC: 0.0504
------------------------- time cost ------------------------- 94.35337972640991

-------------Round number: 77-------------

Evaluate heterogeneous models
Averaged Test Accuracy (Regular Model): 0.2449
Averaged Train Loss (Regular Model): 0.0162
Averaged Test AUC: 0.7712
Std Test Accurancy: 0.0523
Std Test AUC: 0.0490
------------------------- time cost ------------------------- 94.27423667907715

-------------Round number: 78-------------

Evaluate heterogeneous models
Averaged Test Accuracy (Regular Model): 0.2469
Averaged Train Loss (Regular Model): 0.0170
Averaged Test AUC: 0.7706
Std Test Accurancy: 0.0531
Std Test AUC: 0.0486
------------------------- time cost ------------------------- 94.65402221679688

-------------Round number: 79-------------

Evaluate heterogeneous models
Averaged Test Accuracy (Regular Model): 0.2476
Averaged Train Loss (Regular Model): 0.0156
Averaged Test AUC: 0.7704
Std Test Accurancy: 0.0541
Std Test AUC: 0.0506
------------------------- time cost ------------------------- 94.31772685050964

-------------Round number: 80-------------

Evaluate heterogeneous models
Averaged Test Accuracy (Regular Model): 0.2469
Averaged Train Loss (Regular Model): 0.0109
Averaged Test AUC: 0.7710
Std Test Accurancy: 0.0536
Std Test AUC: 0.0500
------------------------- time cost ------------------------- 94.6237440109253

-------------Round number: 81-------------

Evaluate heterogeneous models
Averaged Test Accuracy (Regular Model): 0.2460
Averaged Train Loss (Regular Model): 0.0112
Averaged Test AUC: 0.7716
Std Test Accurancy: 0.0532
Std Test AUC: 0.0508
------------------------- time cost ------------------------- 92.68824672698975

-------------Round number: 82-------------

Evaluate heterogeneous models
Averaged Test Accuracy (Regular Model): 0.2467
Averaged Train Loss (Regular Model): 0.0175
Averaged Test AUC: 0.7711
Std Test Accurancy: 0.0533
Std Test AUC: 0.0499
------------------------- time cost ------------------------- 93.89770770072937

-------------Round number: 83-------------

Evaluate heterogeneous models
Averaged Test Accuracy (Regular Model): 0.2461
Averaged Train Loss (Regular Model): 0.0140
Averaged Test AUC: 0.7713
Std Test Accurancy: 0.0540
Std Test AUC: 0.0503
------------------------- time cost ------------------------- 95.64513754844666

-------------Round number: 84-------------

Evaluate heterogeneous models
Averaged Test Accuracy (Regular Model): 0.2449
Averaged Train Loss (Regular Model): 0.0085
Averaged Test AUC: 0.7709
Std Test Accurancy: 0.0543
Std Test AUC: 0.0505
------------------------- time cost ------------------------- 100.11539006233215

-------------Round number: 85-------------

Evaluate heterogeneous models
Averaged Test Accuracy (Regular Model): 0.2449
Averaged Train Loss (Regular Model): 0.0132
Averaged Test AUC: 0.7690
Std Test Accurancy: 0.0530
Std Test AUC: 0.0496
------------------------- time cost ------------------------- 96.5764570236206

-------------Round number: 86-------------

Evaluate heterogeneous models
Averaged Test Accuracy (Regular Model): 0.2457
Averaged Train Loss (Regular Model): 0.0107
Averaged Test AUC: 0.7708
Std Test Accurancy: 0.0547
Std Test AUC: 0.0494
------------------------- time cost ------------------------- 94.60044741630554

-------------Round number: 87-------------

Evaluate heterogeneous models
Averaged Test Accuracy (Regular Model): 0.2454
Averaged Train Loss (Regular Model): 0.0109
Averaged Test AUC: 0.7699
Std Test Accurancy: 0.0520
Std Test AUC: 0.0499
------------------------- time cost ------------------------- 92.79806065559387

-------------Round number: 88-------------

Evaluate heterogeneous models
Averaged Test Accuracy (Regular Model): 0.2456
Averaged Train Loss (Regular Model): 0.0098
Averaged Test AUC: 0.7695
Std Test Accurancy: 0.0513
Std Test AUC: 0.0496
------------------------- time cost ------------------------- 93.60001826286316

-------------Round number: 89-------------

Evaluate heterogeneous models
Averaged Test Accuracy (Regular Model): 0.2446
Averaged Train Loss (Regular Model): 0.0172
Averaged Test AUC: 0.7700
Std Test Accurancy: 0.0515
Std Test AUC: 0.0492
------------------------- time cost ------------------------- 95.54665875434875

-------------Round number: 90-------------

Evaluate heterogeneous models
Averaged Test Accuracy (Regular Model): 0.2465
Averaged Train Loss (Regular Model): 0.0092
Averaged Test AUC: 0.7699
Std Test Accurancy: 0.0507
Std Test AUC: 0.0504
------------------------- time cost ------------------------- 95.72272872924805

-------------Round number: 91-------------

Evaluate heterogeneous models
Averaged Test Accuracy (Regular Model): 0.2449
Averaged Train Loss (Regular Model): 0.0129
Averaged Test AUC: 0.7702
Std Test Accurancy: 0.0514
Std Test AUC: 0.0496
------------------------- time cost ------------------------- 94.0692937374115

-------------Round number: 92-------------

Evaluate heterogeneous models
Averaged Test Accuracy (Regular Model): 0.2450
Averaged Train Loss (Regular Model): 0.0238
Averaged Test AUC: 0.7701
Std Test Accurancy: 0.0538
Std Test AUC: 0.0518
------------------------- time cost ------------------------- 92.75641250610352

-------------Round number: 93-------------

Evaluate heterogeneous models
Averaged Test Accuracy (Regular Model): 0.2436
Averaged Train Loss (Regular Model): 0.0279
Averaged Test AUC: 0.7695
Std Test Accurancy: 0.0550
Std Test AUC: 0.0520
------------------------- time cost ------------------------- 93.03247141838074

-------------Round number: 94-------------

Evaluate heterogeneous models
Averaged Test Accuracy (Regular Model): 0.2457
Averaged Train Loss (Regular Model): 0.0150
Averaged Test AUC: 0.7695
Std Test Accurancy: 0.0529
Std Test AUC: 0.0508
------------------------- time cost ------------------------- 95.44511294364929

-------------Round number: 95-------------

Evaluate heterogeneous models
Averaged Test Accuracy (Regular Model): 0.2453
Averaged Train Loss (Regular Model): 0.0092
Averaged Test AUC: 0.7699
Std Test Accurancy: 0.0517
Std Test AUC: 0.0499
------------------------- time cost ------------------------- 98.22676301002502

-------------Round number: 96-------------

Evaluate heterogeneous models
Averaged Test Accuracy (Regular Model): 0.2478
Averaged Train Loss (Regular Model): 0.0157
Averaged Test AUC: 0.7682
Std Test Accurancy: 0.0519
Std Test AUC: 0.0510
------------------------- time cost ------------------------- 95.4375388622284

-------------Round number: 97-------------

Evaluate heterogeneous models
Averaged Test Accuracy (Regular Model): 0.2479
Averaged Train Loss (Regular Model): 0.0170
Averaged Test AUC: 0.7691
Std Test Accurancy: 0.0527
Std Test AUC: 0.0503
------------------------- time cost ------------------------- 96.8835437297821

-------------Round number: 98-------------

Evaluate heterogeneous models
Averaged Test Accuracy (Regular Model): 0.2448
Averaged Train Loss (Regular Model): 0.0220
Averaged Test AUC: 0.7690
Std Test Accurancy: 0.0534
Std Test AUC: 0.0504
------------------------- time cost ------------------------- 96.3192458152771

-------------Round number: 99-------------

Evaluate heterogeneous models
Averaged Test Accuracy (Regular Model): 0.2463
Averaged Train Loss (Regular Model): 0.0214
Averaged Test AUC: 0.7693
Std Test Accurancy: 0.0523
Std Test AUC: 0.0497
------------------------- time cost ------------------------- 97.03716492652893

-------------Round number: 100-------------

Evaluate heterogeneous models
Averaged Test Accuracy (Regular Model): 0.2479
Averaged Train Loss (Regular Model): 0.0165
Averaged Test AUC: 0.7689
Std Test Accurancy: 0.0519
Std Test AUC: 0.0508
------------------------- time cost ------------------------- 95.50054240226746

-------------Round number: 101-------------

Evaluate heterogeneous models
Averaged Test Accuracy (Regular Model): 0.2484
Averaged Train Loss (Regular Model): 0.0138
Averaged Test AUC: 0.7704
Std Test Accurancy: 0.0535
Std Test AUC: 0.0502
------------------------- time cost ------------------------- 93.05509543418884

-------------Round number: 102-------------

Evaluate heterogeneous models
Averaged Test Accuracy (Regular Model): 0.2467
Averaged Train Loss (Regular Model): 0.0207
Averaged Test AUC: 0.7705
Std Test Accurancy: 0.0536
Std Test AUC: 0.0495
------------------------- time cost ------------------------- 94.10151481628418

-------------Round number: 103-------------

Evaluate heterogeneous models
Averaged Test Accuracy (Regular Model): 0.2492
Averaged Train Loss (Regular Model): 0.0123
Averaged Test AUC: 0.7704
Std Test Accurancy: 0.0526
Std Test AUC: 0.0492
------------------------- time cost ------------------------- 93.74952340126038

-------------Round number: 104-------------

Evaluate heterogeneous models
Averaged Test Accuracy (Regular Model): 0.2475
Averaged Train Loss (Regular Model): 0.0093
Averaged Test AUC: 0.7717
Std Test Accurancy: 0.0557
Std Test AUC: 0.0494
------------------------- time cost ------------------------- 97.67002010345459

-------------Round number: 105-------------

Evaluate heterogeneous models
Averaged Test Accuracy (Regular Model): 0.2471
Averaged Train Loss (Regular Model): 0.0070
Averaged Test AUC: 0.7713
Std Test Accurancy: 0.0536
Std Test AUC: 0.0502
------------------------- time cost ------------------------- 95.22735548019409

-------------Round number: 106-------------

Evaluate heterogeneous models
Averaged Test Accuracy (Regular Model): 0.2479
Averaged Train Loss (Regular Model): 0.0111
Averaged Test AUC: 0.7705
Std Test Accurancy: 0.0542
Std Test AUC: 0.0498
------------------------- time cost ------------------------- 94.72802019119263

-------------Round number: 107-------------

Evaluate heterogeneous models
Averaged Test Accuracy (Regular Model): 0.2481
Averaged Train Loss (Regular Model): 0.0097
Averaged Test AUC: 0.7696
Std Test Accurancy: 0.0534
Std Test AUC: 0.0506
------------------------- time cost ------------------------- 93.58239197731018

-------------Round number: 108-------------

Evaluate heterogeneous models
Averaged Test Accuracy (Regular Model): 0.2489
Averaged Train Loss (Regular Model): 0.0070
Averaged Test AUC: 0.7701
Std Test Accurancy: 0.0552
Std Test AUC: 0.0512
------------------------- time cost ------------------------- 93.50921535491943

-------------Round number: 109-------------

Evaluate heterogeneous models
Averaged Test Accuracy (Regular Model): 0.2492
Averaged Train Loss (Regular Model): 0.0084
Averaged Test AUC: 0.7705
Std Test Accurancy: 0.0547
Std Test AUC: 0.0501
------------------------- time cost ------------------------- 94.32694959640503

-------------Round number: 110-------------

Evaluate heterogeneous models
Averaged Test Accuracy (Regular Model): 0.2490
Averaged Train Loss (Regular Model): 0.0139
Averaged Test AUC: 0.7712
Std Test Accurancy: 0.0553
Std Test AUC: 0.0501
------------------------- time cost ------------------------- 93.92252254486084

-------------Round number: 111-------------

Evaluate heterogeneous models
Averaged Test Accuracy (Regular Model): 0.2490
Averaged Train Loss (Regular Model): 0.0153
Averaged Test AUC: 0.7709
Std Test Accurancy: 0.0546
Std Test AUC: 0.0504
------------------------- time cost ------------------------- 94.57671213150024

-------------Round number: 112-------------

Evaluate heterogeneous models
Averaged Test Accuracy (Regular Model): 0.2475
Averaged Train Loss (Regular Model): 0.0083
Averaged Test AUC: 0.7702
Std Test Accurancy: 0.0551
Std Test AUC: 0.0520
------------------------- time cost ------------------------- 92.66748714447021

-------------Round number: 113-------------

Evaluate heterogeneous models
Averaged Test Accuracy (Regular Model): 0.2488
Averaged Train Loss (Regular Model): 0.0075
Averaged Test AUC: 0.7704
Std Test Accurancy: 0.0536
Std Test AUC: 0.0516
------------------------- time cost ------------------------- 92.61791110038757

-------------Round number: 114-------------

Evaluate heterogeneous models
Averaged Test Accuracy (Regular Model): 0.2473
Averaged Train Loss (Regular Model): 0.0103
Averaged Test AUC: 0.7703
Std Test Accurancy: 0.0552
Std Test AUC: 0.0503
------------------------- time cost ------------------------- 93.61275053024292

-------------Round number: 115-------------

Evaluate heterogeneous models
Averaged Test Accuracy (Regular Model): 0.2481
Averaged Train Loss (Regular Model): 0.0116
Averaged Test AUC: 0.7710
Std Test Accurancy: 0.0540
Std Test AUC: 0.0510
------------------------- time cost ------------------------- 94.18848657608032

-------------Round number: 116-------------

Evaluate heterogeneous models
Averaged Test Accuracy (Regular Model): 0.2479
Averaged Train Loss (Regular Model): 0.0092
Averaged Test AUC: 0.7714
Std Test Accurancy: 0.0519
Std Test AUC: 0.0517
------------------------- time cost ------------------------- 94.22150444984436

-------------Round number: 117-------------

Evaluate heterogeneous models
Averaged Test Accuracy (Regular Model): 0.2463
Averaged Train Loss (Regular Model): 0.0121
Averaged Test AUC: 0.7715
Std Test Accurancy: 0.0527
Std Test AUC: 0.0515
------------------------- time cost ------------------------- 94.93038392066956

-------------Round number: 118-------------

Evaluate heterogeneous models
Averaged Test Accuracy (Regular Model): 0.2485
Averaged Train Loss (Regular Model): 0.0078
Averaged Test AUC: 0.7717
Std Test Accurancy: 0.0524
Std Test AUC: 0.0518
------------------------- time cost ------------------------- 90.80910229682922

-------------Round number: 119-------------

Evaluate heterogeneous models
Averaged Test Accuracy (Regular Model): 0.2477
Averaged Train Loss (Regular Model): 0.0188
Averaged Test AUC: 0.7710
Std Test Accurancy: 0.0517
Std Test AUC: 0.0519
------------------------- time cost ------------------------- 94.88568258285522

-------------Round number: 120-------------

Evaluate heterogeneous models
Averaged Test Accuracy (Regular Model): 0.2479
Averaged Train Loss (Regular Model): 0.0102
Averaged Test AUC: 0.7725
Std Test Accurancy: 0.0518
Std Test AUC: 0.0499
------------------------- time cost ------------------------- 95.01635098457336

-------------Round number: 121-------------

Evaluate heterogeneous models
Averaged Test Accuracy (Regular Model): 0.2470
Averaged Train Loss (Regular Model): 0.0077
Averaged Test AUC: 0.7711
Std Test Accurancy: 0.0525
Std Test AUC: 0.0510
------------------------- time cost ------------------------- 95.62484073638916

-------------Round number: 122-------------

Evaluate heterogeneous models
Averaged Test Accuracy (Regular Model): 0.2465
Averaged Train Loss (Regular Model): 0.0052
Averaged Test AUC: 0.7727
Std Test Accurancy: 0.0508
Std Test AUC: 0.0497
------------------------- time cost ------------------------- 93.56127429008484

-------------Round number: 123-------------

Evaluate heterogeneous models
Averaged Test Accuracy (Regular Model): 0.2492
Averaged Train Loss (Regular Model): 0.0061
Averaged Test AUC: 0.7723
Std Test Accurancy: 0.0517
Std Test AUC: 0.0501
------------------------- time cost ------------------------- 96.09027051925659

-------------Round number: 124-------------

Evaluate heterogeneous models
Averaged Test Accuracy (Regular Model): 0.2481
Averaged Train Loss (Regular Model): 0.0044
Averaged Test AUC: 0.7721
Std Test Accurancy: 0.0505
Std Test AUC: 0.0502
------------------------- time cost ------------------------- 92.89601635932922

-------------Round number: 125-------------

Evaluate heterogeneous models
Averaged Test Accuracy (Regular Model): 0.2459
Averaged Train Loss (Regular Model): 0.0078
Averaged Test AUC: 0.7709
Std Test Accurancy: 0.0491
Std Test AUC: 0.0494
------------------------- time cost ------------------------- 94.48893880844116

-------------Round number: 126-------------

Evaluate heterogeneous models
Averaged Test Accuracy (Regular Model): 0.2477
Averaged Train Loss (Regular Model): 0.0088
Averaged Test AUC: 0.7713
Std Test Accurancy: 0.0515
Std Test AUC: 0.0506
------------------------- time cost ------------------------- 94.42932200431824

-------------Round number: 127-------------

Evaluate heterogeneous models
Averaged Test Accuracy (Regular Model): 0.2464
Averaged Train Loss (Regular Model): 0.0061
Averaged Test AUC: 0.7713
Std Test Accurancy: 0.0505
Std Test AUC: 0.0507
------------------------- time cost ------------------------- 95.57651853561401

-------------Round number: 128-------------

Evaluate heterogeneous models
Averaged Test Accuracy (Regular Model): 0.2468
Averaged Train Loss (Regular Model): 0.0051
Averaged Test AUC: 0.7713
Std Test Accurancy: 0.0528
Std Test AUC: 0.0509
------------------------- time cost ------------------------- 93.65351986885071

-------------Round number: 129-------------

Evaluate heterogeneous models
Averaged Test Accuracy (Regular Model): 0.2453
Averaged Train Loss (Regular Model): 0.0110
Averaged Test AUC: 0.7701
Std Test Accurancy: 0.0511
Std Test AUC: 0.0508
------------------------- time cost ------------------------- 95.34550404548645

-------------Round number: 130-------------

Evaluate heterogeneous models
Averaged Test Accuracy (Regular Model): 0.2484
Averaged Train Loss (Regular Model): 0.0117
Averaged Test AUC: 0.7704
Std Test Accurancy: 0.0490
Std Test AUC: 0.0514
------------------------- time cost ------------------------- 92.52705597877502

-------------Round number: 131-------------

Evaluate heterogeneous models
Averaged Test Accuracy (Regular Model): 0.2482
Averaged Train Loss (Regular Model): 0.0099
Averaged Test AUC: 0.7720
Std Test Accurancy: 0.0502
Std Test AUC: 0.0520
------------------------- time cost ------------------------- 94.96914148330688

-------------Round number: 132-------------

Evaluate heterogeneous models
Averaged Test Accuracy (Regular Model): 0.2473
Averaged Train Loss (Regular Model): 0.0118
Averaged Test AUC: 0.7704
Std Test Accurancy: 0.0511
Std Test AUC: 0.0499
------------------------- time cost ------------------------- 94.14640951156616

-------------Round number: 133-------------

Evaluate heterogeneous models
Averaged Test Accuracy (Regular Model): 0.2481
Averaged Train Loss (Regular Model): 0.0148
Averaged Test AUC: 0.7717
Std Test Accurancy: 0.0497
Std Test AUC: 0.0519
------------------------- time cost ------------------------- 92.21949672698975

-------------Round number: 134-------------

Evaluate heterogeneous models
Averaged Test Accuracy (Regular Model): 0.2466
Averaged Train Loss (Regular Model): 0.0082
Averaged Test AUC: 0.7704
Std Test Accurancy: 0.0513
Std Test AUC: 0.0504
------------------------- time cost ------------------------- 92.26802468299866

-------------Round number: 135-------------

Evaluate heterogeneous models
Averaged Test Accuracy (Regular Model): 0.2484
Averaged Train Loss (Regular Model): 0.0065
Averaged Test AUC: 0.7694
Std Test Accurancy: 0.0489
Std Test AUC: 0.0525
------------------------- time cost ------------------------- 93.5873920917511

-------------Round number: 136-------------

Evaluate heterogeneous models
Averaged Test Accuracy (Regular Model): 0.2452
Averaged Train Loss (Regular Model): 0.0089
Averaged Test AUC: 0.7694
Std Test Accurancy: 0.0506
Std Test AUC: 0.0519
------------------------- time cost ------------------------- 93.24173474311829

-------------Round number: 137-------------

Evaluate heterogeneous models
Averaged Test Accuracy (Regular Model): 0.2460
Averaged Train Loss (Regular Model): 0.0130
Averaged Test AUC: 0.7694
Std Test Accurancy: 0.0518
Std Test AUC: 0.0515
------------------------- time cost ------------------------- 93.13654851913452

-------------Round number: 138-------------

Evaluate heterogeneous models
Averaged Test Accuracy (Regular Model): 0.2470
Averaged Train Loss (Regular Model): 0.0080
Averaged Test AUC: 0.7709
Std Test Accurancy: 0.0502
Std Test AUC: 0.0500
------------------------- time cost ------------------------- 94.05363464355469

-------------Round number: 139-------------

Evaluate heterogeneous models
Averaged Test Accuracy (Regular Model): 0.2468
Averaged Train Loss (Regular Model): 0.0037
Averaged Test AUC: 0.7701
Std Test Accurancy: 0.0499
Std Test AUC: 0.0494
------------------------- time cost ------------------------- 93.02419543266296

-------------Round number: 140-------------

Evaluate heterogeneous models
Averaged Test Accuracy (Regular Model): 0.2458
Averaged Train Loss (Regular Model): 0.0072
Averaged Test AUC: 0.7705
Std Test Accurancy: 0.0485
Std Test AUC: 0.0501
------------------------- time cost ------------------------- 91.21706461906433

-------------Round number: 141-------------

Evaluate heterogeneous models
Averaged Test Accuracy (Regular Model): 0.2471
Averaged Train Loss (Regular Model): 0.0059
Averaged Test AUC: 0.7705
Std Test Accurancy: 0.0518
Std Test AUC: 0.0510
------------------------- time cost ------------------------- 93.39903521537781

-------------Round number: 142-------------

Evaluate heterogeneous models
Averaged Test Accuracy (Regular Model): 0.2484
Averaged Train Loss (Regular Model): 0.0074
Averaged Test AUC: 0.7706
Std Test Accurancy: 0.0514
Std Test AUC: 0.0501
------------------------- time cost ------------------------- 91.6957688331604

-------------Round number: 143-------------

Evaluate heterogeneous models
Averaged Test Accuracy (Regular Model): 0.2477
Averaged Train Loss (Regular Model): 0.0124
Averaged Test AUC: 0.7711
Std Test Accurancy: 0.0535
Std Test AUC: 0.0499
------------------------- time cost ------------------------- 94.46090912818909

-------------Round number: 144-------------

Evaluate heterogeneous models
Averaged Test Accuracy (Regular Model): 0.2485
Averaged Train Loss (Regular Model): 0.0035
Averaged Test AUC: 0.7705
Std Test Accurancy: 0.0530
Std Test AUC: 0.0493
------------------------- time cost ------------------------- 93.78851556777954

-------------Round number: 145-------------

Evaluate heterogeneous models
Averaged Test Accuracy (Regular Model): 0.2467
Averaged Train Loss (Regular Model): 0.0094
Averaged Test AUC: 0.7706
Std Test Accurancy: 0.0519
Std Test AUC: 0.0496
------------------------- time cost ------------------------- 93.52728652954102

-------------Round number: 146-------------

Evaluate heterogeneous models
Averaged Test Accuracy (Regular Model): 0.2473
Averaged Train Loss (Regular Model): 0.0154
Averaged Test AUC: 0.7702
Std Test Accurancy: 0.0498
Std Test AUC: 0.0497
------------------------- time cost ------------------------- 92.20177912712097

-------------Round number: 147-------------

Evaluate heterogeneous models
Averaged Test Accuracy (Regular Model): 0.2451
Averaged Train Loss (Regular Model): 0.0039
Averaged Test AUC: 0.7718
Std Test Accurancy: 0.0521
Std Test AUC: 0.0511
------------------------- time cost ------------------------- 94.82339930534363

-------------Round number: 148-------------

Evaluate heterogeneous models
Averaged Test Accuracy (Regular Model): 0.2456
Averaged Train Loss (Regular Model): 0.0097
Averaged Test AUC: 0.7701
Std Test Accurancy: 0.0519
Std Test AUC: 0.0503
------------------------- time cost ------------------------- 91.96118402481079

-------------Round number: 149-------------

Evaluate heterogeneous models
Averaged Test Accuracy (Regular Model): 0.2461
Averaged Train Loss (Regular Model): 0.0103
Averaged Test AUC: 0.7704
Std Test Accurancy: 0.0532
Std Test AUC: 0.0492
------------------------- time cost ------------------------- 93.26437258720398

-------------Round number: 150-------------

Evaluate heterogeneous models
Averaged Test Accuracy (Regular Model): 0.2453
Averaged Train Loss (Regular Model): 0.0070
Averaged Test AUC: 0.7693
Std Test Accurancy: 0.0523
Std Test AUC: 0.0508
------------------------- time cost ------------------------- 93.45747232437134

-------------Round number: 151-------------

Evaluate heterogeneous models
Averaged Test Accuracy (Regular Model): 0.2474
Averaged Train Loss (Regular Model): 0.0097
Averaged Test AUC: 0.7698
Std Test Accurancy: 0.0530
Std Test AUC: 0.0506
------------------------- time cost ------------------------- 94.98826813697815

-------------Round number: 152-------------

Evaluate heterogeneous models
Averaged Test Accuracy (Regular Model): 0.2449
Averaged Train Loss (Regular Model): 0.0095
Averaged Test AUC: 0.7694
Std Test Accurancy: 0.0526
Std Test AUC: 0.0523
------------------------- time cost ------------------------- 92.6646625995636

-------------Round number: 153-------------

Evaluate heterogeneous models
Averaged Test Accuracy (Regular Model): 0.2453
Averaged Train Loss (Regular Model): 0.0101
Averaged Test AUC: 0.7704
Std Test Accurancy: 0.0537
Std Test AUC: 0.0512
------------------------- time cost ------------------------- 91.66073846817017

-------------Round number: 154-------------

Evaluate heterogeneous models
Averaged Test Accuracy (Regular Model): 0.2468
Averaged Train Loss (Regular Model): 0.0051
Averaged Test AUC: 0.7707
Std Test Accurancy: 0.0519
Std Test AUC: 0.0519
------------------------- time cost ------------------------- 92.13251233100891

-------------Round number: 155-------------

Evaluate heterogeneous models
Averaged Test Accuracy (Regular Model): 0.2449
Averaged Train Loss (Regular Model): 0.0157
Averaged Test AUC: 0.7714
Std Test Accurancy: 0.0556
Std Test AUC: 0.0507
------------------------- time cost ------------------------- 94.83830285072327

-------------Round number: 156-------------

Evaluate heterogeneous models
Averaged Test Accuracy (Regular Model): 0.2457
Averaged Train Loss (Regular Model): 0.0054
Averaged Test AUC: 0.7715
Std Test Accurancy: 0.0516
Std Test AUC: 0.0510
------------------------- time cost ------------------------- 90.57055687904358

-------------Round number: 157-------------

Evaluate heterogeneous models
Averaged Test Accuracy (Regular Model): 0.2449
Averaged Train Loss (Regular Model): 0.0125
Averaged Test AUC: 0.7706
Std Test Accurancy: 0.0503
Std Test AUC: 0.0510
------------------------- time cost ------------------------- 93.11995244026184

-------------Round number: 158-------------

Evaluate heterogeneous models
Averaged Test Accuracy (Regular Model): 0.2459
Averaged Train Loss (Regular Model): 0.0034
Averaged Test AUC: 0.7725
Std Test Accurancy: 0.0514
Std Test AUC: 0.0497
------------------------- time cost ------------------------- 91.90380954742432

-------------Round number: 159-------------

Evaluate heterogeneous models
Averaged Test Accuracy (Regular Model): 0.2428
Averaged Train Loss (Regular Model): 0.0059
Averaged Test AUC: 0.7717
Std Test Accurancy: 0.0540
Std Test AUC: 0.0507
------------------------- time cost ------------------------- 93.00332450866699

-------------Round number: 160-------------

Evaluate heterogeneous models
Averaged Test Accuracy (Regular Model): 0.2452
Averaged Train Loss (Regular Model): 0.0054
Averaged Test AUC: 0.7723
Std Test Accurancy: 0.0512
Std Test AUC: 0.0498
------------------------- time cost ------------------------- 91.76754379272461

-------------Round number: 161-------------

Evaluate heterogeneous models
Averaged Test Accuracy (Regular Model): 0.2455
Averaged Train Loss (Regular Model): 0.0042
Averaged Test AUC: 0.7724
Std Test Accurancy: 0.0504
Std Test AUC: 0.0505
------------------------- time cost ------------------------- 93.2035059928894

-------------Round number: 162-------------

Evaluate heterogeneous models
Averaged Test Accuracy (Regular Model): 0.2458
Averaged Train Loss (Regular Model): 0.0031
Averaged Test AUC: 0.7721
Std Test Accurancy: 0.0524
Std Test AUC: 0.0500
------------------------- time cost ------------------------- 92.03502488136292

-------------Round number: 163-------------

Evaluate heterogeneous models
Averaged Test Accuracy (Regular Model): 0.2455
Averaged Train Loss (Regular Model): 0.0046
Averaged Test AUC: 0.7715
Std Test Accurancy: 0.0512
Std Test AUC: 0.0501
------------------------- time cost ------------------------- 92.42580533027649

-------------Round number: 164-------------

Evaluate heterogeneous models
Averaged Test Accuracy (Regular Model): 0.2444
Averaged Train Loss (Regular Model): 0.0077
Averaged Test AUC: 0.7708
Std Test Accurancy: 0.0509
Std Test AUC: 0.0501
------------------------- time cost ------------------------- 94.72094345092773

-------------Round number: 165-------------

Evaluate heterogeneous models
Averaged Test Accuracy (Regular Model): 0.2449
Averaged Train Loss (Regular Model): 0.0045
Averaged Test AUC: 0.7712
Std Test Accurancy: 0.0510
Std Test AUC: 0.0505
------------------------- time cost ------------------------- 92.04699802398682

-------------Round number: 166-------------

Evaluate heterogeneous models
Averaged Test Accuracy (Regular Model): 0.2459
Averaged Train Loss (Regular Model): 0.0083
Averaged Test AUC: 0.7713
Std Test Accurancy: 0.0511
Std Test AUC: 0.0505
------------------------- time cost ------------------------- 93.38691687583923

-------------Round number: 167-------------

Evaluate heterogeneous models
Averaged Test Accuracy (Regular Model): 0.2448
Averaged Train Loss (Regular Model): 0.0091
Averaged Test AUC: 0.7715
Std Test Accurancy: 0.0507
Std Test AUC: 0.0513
------------------------- time cost ------------------------- 92.5026445388794

-------------Round number: 168-------------

Evaluate heterogeneous models
Averaged Test Accuracy (Regular Model): 0.2443
Averaged Train Loss (Regular Model): 0.0142
Averaged Test AUC: 0.7718
Std Test Accurancy: 0.0511
Std Test AUC: 0.0496
------------------------- time cost ------------------------- 94.02367949485779

-------------Round number: 169-------------

Evaluate heterogeneous models
Averaged Test Accuracy (Regular Model): 0.2471
Averaged Train Loss (Regular Model): 0.0082
Averaged Test AUC: 0.7718
Std Test Accurancy: 0.0516
Std Test AUC: 0.0511
------------------------- time cost ------------------------- 92.26103448867798

-------------Round number: 170-------------

Evaluate heterogeneous models
Averaged Test Accuracy (Regular Model): 0.2461
Averaged Train Loss (Regular Model): 0.0085
Averaged Test AUC: 0.7723
Std Test Accurancy: 0.0518
Std Test AUC: 0.0499
------------------------- time cost ------------------------- 93.39825510978699

-------------Round number: 171-------------

Evaluate heterogeneous models
Averaged Test Accuracy (Regular Model): 0.2461
Averaged Train Loss (Regular Model): 0.0142
Averaged Test AUC: 0.7715
Std Test Accurancy: 0.0490
Std Test AUC: 0.0487
------------------------- time cost ------------------------- 92.53904247283936

-------------Round number: 172-------------

Evaluate heterogeneous models
Averaged Test Accuracy (Regular Model): 0.2490
Averaged Train Loss (Regular Model): 0.0095
Averaged Test AUC: 0.7725
Std Test Accurancy: 0.0513
Std Test AUC: 0.0494
------------------------- time cost ------------------------- 93.5950698852539

-------------Round number: 173-------------

Evaluate heterogeneous models
Averaged Test Accuracy (Regular Model): 0.2482
Averaged Train Loss (Regular Model): 0.0143
Averaged Test AUC: 0.7722
Std Test Accurancy: 0.0504
Std Test AUC: 0.0496
------------------------- time cost ------------------------- 95.74333810806274

-------------Round number: 174-------------

Evaluate heterogeneous models
Averaged Test Accuracy (Regular Model): 0.2482
Averaged Train Loss (Regular Model): 0.0073
Averaged Test AUC: 0.7730
Std Test Accurancy: 0.0534
Std Test AUC: 0.0497
------------------------- time cost ------------------------- 96.95846819877625

-------------Round number: 175-------------

Evaluate heterogeneous models
Averaged Test Accuracy (Regular Model): 0.2477
Averaged Train Loss (Regular Model): 0.0097
Averaged Test AUC: 0.7737
Std Test Accurancy: 0.0518
Std Test AUC: 0.0500
------------------------- time cost ------------------------- 95.60119462013245

-------------Round number: 176-------------

Evaluate heterogeneous models
Averaged Test Accuracy (Regular Model): 0.2485
Averaged Train Loss (Regular Model): 0.0055
Averaged Test AUC: 0.7733
Std Test Accurancy: 0.0530
Std Test AUC: 0.0491
------------------------- time cost ------------------------- 96.6246087551117

-------------Round number: 177-------------

Evaluate heterogeneous models
Averaged Test Accuracy (Regular Model): 0.2471
Averaged Train Loss (Regular Model): 0.0082
Averaged Test AUC: 0.7740
Std Test Accurancy: 0.0514
Std Test AUC: 0.0496
------------------------- time cost ------------------------- 95.23380875587463

-------------Round number: 178-------------

Evaluate heterogeneous models
Averaged Test Accuracy (Regular Model): 0.2461
Averaged Train Loss (Regular Model): 0.0063
Averaged Test AUC: 0.7725
Std Test Accurancy: 0.0523
Std Test AUC: 0.0477
------------------------- time cost ------------------------- 96.59137105941772

-------------Round number: 179-------------

Evaluate heterogeneous models
Averaged Test Accuracy (Regular Model): 0.2496
Averaged Train Loss (Regular Model): 0.0040
Averaged Test AUC: 0.7742
Std Test Accurancy: 0.0492
Std Test AUC: 0.0491
------------------------- time cost ------------------------- 94.21591210365295

-------------Round number: 180-------------

Evaluate heterogeneous models
Averaged Test Accuracy (Regular Model): 0.2479
Averaged Train Loss (Regular Model): 0.0043
Averaged Test AUC: 0.7725
Std Test Accurancy: 0.0505
Std Test AUC: 0.0489
------------------------- time cost ------------------------- 96.09339237213135

-------------Round number: 181-------------

Evaluate heterogeneous models
Averaged Test Accuracy (Regular Model): 0.2478
Averaged Train Loss (Regular Model): 0.0095
Averaged Test AUC: 0.7725
Std Test Accurancy: 0.0504
Std Test AUC: 0.0484
------------------------- time cost ------------------------- 99.80009722709656

-------------Round number: 182-------------

Evaluate heterogeneous models
Averaged Test Accuracy (Regular Model): 0.2481
Averaged Train Loss (Regular Model): 0.0066
Averaged Test AUC: 0.7724
Std Test Accurancy: 0.0500
Std Test AUC: 0.0484
------------------------- time cost ------------------------- 97.97548007965088

-------------Round number: 183-------------

Evaluate heterogeneous models
Averaged Test Accuracy (Regular Model): 0.2460
Averaged Train Loss (Regular Model): 0.0043
Averaged Test AUC: 0.7725
Std Test Accurancy: 0.0513
Std Test AUC: 0.0492
------------------------- time cost ------------------------- 97.9257185459137

-------------Round number: 184-------------

Evaluate heterogeneous models
Averaged Test Accuracy (Regular Model): 0.2465
Averaged Train Loss (Regular Model): 0.0100
Averaged Test AUC: 0.7724
Std Test Accurancy: 0.0535
Std Test AUC: 0.0495
------------------------- time cost ------------------------- 97.89701867103577

-------------Round number: 185-------------

Evaluate heterogeneous models
Averaged Test Accuracy (Regular Model): 0.2456
Averaged Train Loss (Regular Model): 0.0096
Averaged Test AUC: 0.7732
Std Test Accurancy: 0.0525
Std Test AUC: 0.0493
------------------------- time cost ------------------------- 95.73601245880127

-------------Round number: 186-------------

Evaluate heterogeneous models
Averaged Test Accuracy (Regular Model): 0.2473
Averaged Train Loss (Regular Model): 0.0054
Averaged Test AUC: 0.7730
Std Test Accurancy: 0.0507
Std Test AUC: 0.0487
------------------------- time cost ------------------------- 95.89374732971191

-------------Round number: 187-------------

Evaluate heterogeneous models
Averaged Test Accuracy (Regular Model): 0.2482
Averaged Train Loss (Regular Model): 0.0067
Averaged Test AUC: 0.7740
Std Test Accurancy: 0.0510
Std Test AUC: 0.0488
------------------------- time cost ------------------------- 98.21690535545349

-------------Round number: 188-------------

Evaluate heterogeneous models
Averaged Test Accuracy (Regular Model): 0.2476
Averaged Train Loss (Regular Model): 0.0040
Averaged Test AUC: 0.7729
Std Test Accurancy: 0.0510
Std Test AUC: 0.0501
------------------------- time cost ------------------------- 95.10926222801208

-------------Round number: 189-------------

Evaluate heterogeneous models
Averaged Test Accuracy (Regular Model): 0.2467
Averaged Train Loss (Regular Model): 0.0073
Averaged Test AUC: 0.7731
Std Test Accurancy: 0.0503
Std Test AUC: 0.0493
------------------------- time cost ------------------------- 95.53059267997742

-------------Round number: 190-------------

Evaluate heterogeneous models
Averaged Test Accuracy (Regular Model): 0.2486
Averaged Train Loss (Regular Model): 0.0093
Averaged Test AUC: 0.7742
Std Test Accurancy: 0.0510
Std Test AUC: 0.0490
------------------------- time cost ------------------------- 94.73743653297424

-------------Round number: 191-------------

Evaluate heterogeneous models
Averaged Test Accuracy (Regular Model): 0.2473
Averaged Train Loss (Regular Model): 0.0103
Averaged Test AUC: 0.7716
Std Test Accurancy: 0.0498
Std Test AUC: 0.0489
------------------------- time cost ------------------------- 98.41447424888611

-------------Round number: 192-------------

Evaluate heterogeneous models
Averaged Test Accuracy (Regular Model): 0.2465
Averaged Train Loss (Regular Model): 0.0052
Averaged Test AUC: 0.7729
Std Test Accurancy: 0.0510
Std Test AUC: 0.0486
------------------------- time cost ------------------------- 99.49038004875183

-------------Round number: 193-------------

Evaluate heterogeneous models
Averaged Test Accuracy (Regular Model): 0.2475
Averaged Train Loss (Regular Model): 0.0079
Averaged Test AUC: 0.7729
Std Test Accurancy: 0.0506
Std Test AUC: 0.0491
------------------------- time cost ------------------------- 100.16852593421936

-------------Round number: 194-------------

Evaluate heterogeneous models
Averaged Test Accuracy (Regular Model): 0.2475
Averaged Train Loss (Regular Model): 0.0076
Averaged Test AUC: 0.7730
Std Test Accurancy: 0.0502
Std Test AUC: 0.0495
------------------------- time cost ------------------------- 99.85279893875122

-------------Round number: 195-------------

Evaluate heterogeneous models
Averaged Test Accuracy (Regular Model): 0.2471
Averaged Train Loss (Regular Model): 0.0045
Averaged Test AUC: 0.7733
Std Test Accurancy: 0.0509
Std Test AUC: 0.0490
------------------------- time cost ------------------------- 96.26565480232239

-------------Round number: 196-------------

Evaluate heterogeneous models
Averaged Test Accuracy (Regular Model): 0.2459
Averaged Train Loss (Regular Model): 0.0051
Averaged Test AUC: 0.7729
Std Test Accurancy: 0.0505
Std Test AUC: 0.0479
------------------------- time cost ------------------------- 98.66046953201294

-------------Round number: 197-------------

Evaluate heterogeneous models
Averaged Test Accuracy (Regular Model): 0.2478
Averaged Train Loss (Regular Model): 0.0086
Averaged Test AUC: 0.7730
Std Test Accurancy: 0.0509
Std Test AUC: 0.0481
------------------------- time cost ------------------------- 99.82340431213379

-------------Round number: 198-------------

Evaluate heterogeneous models
Averaged Test Accuracy (Regular Model): 0.2470
Averaged Train Loss (Regular Model): 0.0062
Averaged Test AUC: 0.7731
Std Test Accurancy: 0.0509
Std Test AUC: 0.0483
------------------------- time cost ------------------------- 100.51399183273315

-------------Round number: 199-------------

Evaluate heterogeneous models
Averaged Test Accuracy (Regular Model): 0.2470
Averaged Train Loss (Regular Model): 0.0093
Averaged Test AUC: 0.7732
Std Test Accurancy: 0.0516
Std Test AUC: 0.0488
------------------------- time cost ------------------------- 99.62451124191284

-------------Round number: 200-------------

Evaluate heterogeneous models
Averaged Test Accuracy (Regular Model): 0.2481
Averaged Train Loss (Regular Model): 0.0034
Averaged Test AUC: 0.7732
Std Test Accurancy: 0.0513
Std Test AUC: 0.0490

Best accuracy.
0.24960042621204048

Average time cost per round.
95.75323965668679
File path: ../results/Cifar100_dir_0.3_imbalance_40_FedGen_test_0.h5

Average time cost: 20389.6s.
Length:  201
std for best accurancy: 0.0
mean for best accurancy: 0.24960042621204048
All done!

Storage on cpu
-------------------------------------------------------------------------------
Total Tensors: 55300 	Used Memory: 220.50K
-------------------------------------------------------------------------------

Storage on cuda:0
-------------------------------------------------------------------------------
Total Tensors: 4104000 	Used Memory: 15.66M
The allocated memory on cuda:0: 15.66M
-------------------------------------------------------------------------------
