==================================================
goal = test
device = cuda
device_id = 0
dataset = Cifar10_dir_0.3_imbalance_40
jetson = 0
DVFS = 0
drawGMM = 0
num_classes = 10
model_family = HtFE8
batch_size = 256
num_workers = 0
local_learning_rate = 0.06
use_decay_scheduler = False
learning_rate_decay = False
learning_rate_decay_gamma = 0.99
global_rounds = 200
edge_epochs = 1
local_epochs = 5
algorithm = FedGen
join_ratio = 1.0
edge_join_ratio = 1.0
random_join_ratio = False
num_clients = 40
num_edges = 10
prev = 0
times = 1
eval_gap = 1
save_folder_name = temp
auto_break = False
feature_dim = 1024
vocab_size = 98635
max_len = 200
client_drop_rate = 0.0
train_slow_rate = 0.0
send_slow_rate = 0.0
time_select = False
time_threthold = 10000
optimizer = SGD
lamda = 1.0
weight_decay = 0
trans_delay_simulate = False
momentum = 0.8
agg_type = 0
buffersize = 10
gl_use_clients = 1
test_useglclassifier = 1
gamma = 1
extra_loss = 0
delta = 1
drawtsne = 1
drawround = 20
noise_dim = 32
generator_learning_rate = 0.0001
hidden_dim = 1024
server_epochs = 100
alpha = 1.0
beta = 1.0
mentee_learning_rate = 0.005
T_start = 0.95
T_end = 0.98
server_learning_rate = 0.01
margin_threthold = 100.0
generator_path = stylegan/stylegan-xl-models/imagenet64.pkl
stable_diffusion_prompt = a cat
server_batch_size = 100
gen_batch_size = 4
mu = 50.0
buffer_size = 10
==================================================
Random seed set as 42

============= Running time: 0th =============
Creating server and clients ...
FedAvgCNN(in_features=3, num_classes=args.num_classes, dim=1600)
torchvision.models.googlenet(pretrained=False, aux_logits=False, num_classes=args.num_classes)
mobilenet_v2(pretrained=False, num_classes=args.num_classes)
torchvision.models.resnet18(pretrained=False, num_classes=args.num_classes)
torchvision.models.resnet34(pretrained=False, num_classes=args.num_classes)
torchvision.models.resnet50(pretrained=False, num_classes=args.num_classes)
torchvision.models.resnet101(pretrained=False, num_classes=args.num_classes)
torchvision.models.resnet152(pretrained=False, num_classes=args.num_classes)
temp/Cifar10_dir_0.3_imbalance_40/NE_10/featuredim_1024/FedGen/SGD/lr_0.06/wd_0/momentum_0.8/lbs_256/lamda_1.0/localepoch_5/buffer_10/gamma_1_usegltest_1/1736814538.8270743
FedAvgCNN(in_features=3, num_classes=args.num_classes, dim=1600) model chosen!
id 0
label_counts: defaultdict(<class 'int'>, {3: 400, 7: 347, 4: 179, 6: 87, 1: 47, 2: 1, 8: 41, 0: 2, 5: 2, 9: 2})
torchvision.models.googlenet(pretrained=False, aux_logits=False, num_classes=args.num_classes) model chosen!
id 1
label_counts: defaultdict(<class 'int'>, {2: 855, 4: 327, 3: 3, 0: 5})
mobilenet_v2(pretrained=False, num_classes=args.num_classes) model chosen!
id 2
label_counts: defaultdict(<class 'int'>, {2: 95, 8: 162, 0: 23, 4: 177, 5: 141, 7: 49, 9: 71, 6: 36, 1: 9, 3: 2})
torchvision.models.resnet18(pretrained=False, num_classes=args.num_classes) model chosen!
id 3
label_counts: defaultdict(<class 'int'>, {7: 415, 5: 394, 9: 347, 4: 88, 8: 32, 2: 15, 0: 3})
torchvision.models.resnet34(pretrained=False, num_classes=args.num_classes) model chosen!
id 4
label_counts: defaultdict(<class 'int'>, {2: 591, 1: 3, 8: 172, 5: 234, 4: 18, 0: 18, 3: 83, 7: 30})
torchvision.models.resnet50(pretrained=False, num_classes=args.num_classes) model chosen!
id 5
label_counts: defaultdict(<class 'int'>, {5: 565, 0: 841, 1: 70, 3: 35})
torchvision.models.resnet101(pretrained=False, num_classes=args.num_classes) model chosen!
id 6
label_counts: defaultdict(<class 'int'>, {9: 43, 8: 143, 3: 381, 0: 93, 6: 154, 1: 15, 7: 1, 4: 2, 2: 1})
torchvision.models.resnet152(pretrained=False, num_classes=args.num_classes) model chosen!
id 7
label_counts: defaultdict(<class 'int'>, {0: 78, 9: 1519, 2: 76, 3: 115, 7: 79, 4: 349, 5: 29, 1: 6, 6: 1})
FedAvgCNN(in_features=3, num_classes=args.num_classes, dim=1600) model chosen!
id 8
label_counts: defaultdict(<class 'int'>, {4: 425, 3: 83, 8: 161, 7: 92, 2: 115, 1: 15, 6: 5, 9: 10, 0: 4, 5: 2})
torchvision.models.googlenet(pretrained=False, aux_logits=False, num_classes=args.num_classes) model chosen!
id 9
label_counts: defaultdict(<class 'int'>, {2: 80, 7: 286, 4: 95, 5: 7, 1: 64, 9: 28, 3: 14, 0: 7})
mobilenet_v2(pretrained=False, num_classes=args.num_classes) model chosen!
id 10
label_counts: defaultdict(<class 'int'>, {0: 830, 8: 906, 4: 108, 1: 17, 2: 10, 5: 5, 3: 11, 6: 6})
torchvision.models.resnet18(pretrained=False, num_classes=args.num_classes) model chosen!
id 11
label_counts: defaultdict(<class 'int'>, {8: 208, 2: 238, 1: 227, 3: 16, 9: 48, 7: 8, 6: 2, 4: 1, 5: 2})
torchvision.models.resnet34(pretrained=False, num_classes=args.num_classes) model chosen!
id 12
label_counts: defaultdict(<class 'int'>, {3: 4, 6: 681, 1: 47, 4: 354, 0: 50, 5: 1, 2: 2})
torchvision.models.resnet50(pretrained=False, num_classes=args.num_classes) model chosen!
id 13
label_counts: defaultdict(<class 'int'>, {6: 426, 0: 464, 2: 271, 1: 67, 3: 90, 4: 10})
torchvision.models.resnet101(pretrained=False, num_classes=args.num_classes) model chosen!
id 14
label_counts: defaultdict(<class 'int'>, {4: 104, 1: 509, 5: 746, 0: 30, 3: 17, 2: 1})
torchvision.models.resnet152(pretrained=False, num_classes=args.num_classes) model chosen!
id 15
label_counts: defaultdict(<class 'int'>, {4: 973, 2: 843, 3: 45, 0: 75, 1: 155})
FedAvgCNN(in_features=3, num_classes=args.num_classes, dim=1600) model chosen!
id 16
label_counts: defaultdict(<class 'int'>, {9: 202, 8: 77, 6: 120, 3: 448, 5: 71, 4: 43, 0: 8, 1: 2})
torchvision.models.googlenet(pretrained=False, aux_logits=False, num_classes=args.num_classes) model chosen!
id 17
label_counts: defaultdict(<class 'int'>, {2: 130, 7: 978, 4: 48, 3: 84, 5: 9, 6: 42, 0: 8})
mobilenet_v2(pretrained=False, num_classes=args.num_classes) model chosen!
id 18
label_counts: defaultdict(<class 'int'>, {0: 260, 4: 82, 1: 196, 7: 8, 8: 51, 3: 53, 5: 179, 2: 2, 6: 3})
torchvision.models.resnet18(pretrained=False, num_classes=args.num_classes) model chosen!
id 19
label_counts: defaultdict(<class 'int'>, {1: 456, 8: 150, 9: 86, 2: 46, 5: 56, 3: 7, 6: 20, 7: 10})
torchvision.models.resnet34(pretrained=False, num_classes=args.num_classes) model chosen!
id 20
label_counts: defaultdict(<class 'int'>, {3: 362, 6: 242, 8: 358, 7: 24, 0: 218, 2: 17, 4: 48, 5: 6})
torchvision.models.resnet50(pretrained=False, num_classes=args.num_classes) model chosen!
id 21
label_counts: defaultdict(<class 'int'>, {4: 131, 1: 276, 0: 436, 3: 93, 2: 72, 8: 33, 5: 44, 6: 2, 9: 2})
torchvision.models.resnet101(pretrained=False, num_classes=args.num_classes) model chosen!
id 22
label_counts: defaultdict(<class 'int'>, {5: 64, 8: 459, 9: 131, 1: 82, 6: 159, 7: 22, 3: 97, 2: 1, 4: 2})
torchvision.models.resnet152(pretrained=False, num_classes=args.num_classes) model chosen!
id 23
label_counts: defaultdict(<class 'int'>, {3: 373, 1: 205, 0: 170, 2: 510})
FedAvgCNN(in_features=3, num_classes=args.num_classes, dim=1600) model chosen!
id 24
label_counts: defaultdict(<class 'int'>, {4: 111, 7: 407, 6: 231, 1: 151, 9: 44, 3: 19, 8: 68, 2: 21, 0: 4})
torchvision.models.googlenet(pretrained=False, aux_logits=False, num_classes=args.num_classes) model chosen!
id 25
label_counts: defaultdict(<class 'int'>, {5: 197, 1: 353, 7: 336, 4: 100, 6: 83, 3: 29, 2: 11, 9: 2, 0: 2, 8: 3})
mobilenet_v2(pretrained=False, num_classes=args.num_classes) model chosen!
id 26
label_counts: defaultdict(<class 'int'>, {9: 885, 8: 57, 0: 276, 5: 59, 3: 116, 1: 18, 6: 2, 4: 3})
torchvision.models.resnet18(pretrained=False, num_classes=args.num_classes) model chosen!
id 27
label_counts: defaultdict(<class 'int'>, {5: 140, 6: 360, 2: 15, 9: 54, 1: 24, 4: 28, 3: 12})
torchvision.models.resnet34(pretrained=False, num_classes=args.num_classes) model chosen!
id 28
label_counts: defaultdict(<class 'int'>, {4: 71, 6: 12, 5: 486, 0: 87, 1: 148, 7: 29, 8: 31, 2: 2, 3: 1})
torchvision.models.resnet50(pretrained=False, num_classes=args.num_classes) model chosen!
id 29
label_counts: defaultdict(<class 'int'>, {7: 932, 5: 380, 1: 46, 4: 10, 3: 54, 6: 48, 2: 10})
torchvision.models.resnet101(pretrained=False, num_classes=args.num_classes) model chosen!
id 30
label_counts: defaultdict(<class 'int'>, {6: 555, 3: 724, 2: 19, 5: 89, 0: 95, 4: 8, 1: 1})
torchvision.models.resnet152(pretrained=False, num_classes=args.num_classes) model chosen!
id 31
label_counts: defaultdict(<class 'int'>, {0: 185, 5: 41, 1: 130, 9: 201, 7: 52, 6: 65, 2: 12, 4: 61, 3: 7})
FedAvgCNN(in_features=3, num_classes=args.num_classes, dim=1600) model chosen!
id 32
label_counts: defaultdict(<class 'int'>, {5: 339, 3: 3, 8: 81, 2: 65, 0: 33, 9: 53, 6: 11, 1: 9, 7: 1})
torchvision.models.googlenet(pretrained=False, aux_logits=False, num_classes=args.num_classes) model chosen!
id 33
label_counts: defaultdict(<class 'int'>, {1: 688, 4: 82, 8: 63, 6: 249, 7: 39, 5: 32, 0: 10, 2: 2})
mobilenet_v2(pretrained=False, num_classes=args.num_classes) model chosen!
id 34
label_counts: defaultdict(<class 'int'>, {1: 196, 8: 782, 6: 180, 3: 124, 4: 26, 7: 25, 2: 5})
torchvision.models.resnet18(pretrained=False, num_classes=args.num_classes) model chosen!
id 35
label_counts: defaultdict(<class 'int'>, {2: 255, 7: 151, 9: 362, 8: 12, 0: 69, 3: 64, 1: 7, 6: 20, 4: 8})
torchvision.models.resnet34(pretrained=False, num_classes=args.num_classes) model chosen!
id 36
label_counts: defaultdict(<class 'int'>, {5: 152, 8: 159, 4: 109, 1: 70, 9: 83, 2: 15, 7: 10, 0: 1})
torchvision.models.resnet50(pretrained=False, num_classes=args.num_classes) model chosen!
id 37
label_counts: defaultdict(<class 'int'>, {1: 171, 6: 519, 3: 58, 4: 82, 0: 116, 5: 16, 9: 20, 2: 10, 7: 10})
torchvision.models.resnet101(pretrained=False, num_classes=args.num_classes) model chosen!
id 38
label_counts: defaultdict(<class 'int'>, {8: 27, 2: 125, 5: 29, 3: 111, 1: 29, 7: 141, 6: 156, 9: 20, 0: 6})
torchvision.models.resnet152(pretrained=False, num_classes=args.num_classes) model chosen!
id 39
label_counts: defaultdict(<class 'int'>, {4: 217, 9: 312, 3: 345, 8: 216, 5: 5, 2: 1, 0: 3, 7: 4, 1: 1})

Join ratio / total clients: 1.0 / 40
Finished creating server and clients.
------------------------- time cost ------------------------- 97.14610147476196

-------------Round number: 0-------------

Evaluate heterogeneous models
Averaged Test Accuracy (Regular Model): 0.4767
Averaged Train Loss (Regular Model): 1.9017
Averaged Test AUC: 0.8378
Std Test Accurancy: 0.1512
Std Test AUC: 0.0850
------------------------- time cost ------------------------- 97.6865816116333

-------------Round number: 1-------------

Evaluate heterogeneous models
Averaged Test Accuracy (Regular Model): 0.5304
Averaged Train Loss (Regular Model): 1.4703
Averaged Test AUC: 0.8904
Std Test Accurancy: 0.1495
Std Test AUC: 0.0619
------------------------- time cost ------------------------- 96.38033485412598

-------------Round number: 2-------------

Evaluate heterogeneous models
Averaged Test Accuracy (Regular Model): 0.5576
Averaged Train Loss (Regular Model): 1.2422
Averaged Test AUC: 0.8897
Std Test Accurancy: 0.1437
Std Test AUC: 0.0763
------------------------- time cost ------------------------- 97.46851754188538

-------------Round number: 3-------------

Evaluate heterogeneous models
Averaged Test Accuracy (Regular Model): 0.5848
Averaged Train Loss (Regular Model): 1.0200
Averaged Test AUC: 0.9065
Std Test Accurancy: 0.1416
Std Test AUC: 0.0584
------------------------- time cost ------------------------- 100.55505037307739

-------------Round number: 4-------------

Evaluate heterogeneous models
Averaged Test Accuracy (Regular Model): 0.5850
Averaged Train Loss (Regular Model): 0.9557
Averaged Test AUC: 0.9036
Std Test Accurancy: 0.1348
Std Test AUC: 0.0494
------------------------- time cost ------------------------- 99.34356713294983

-------------Round number: 5-------------

Evaluate heterogeneous models
Averaged Test Accuracy (Regular Model): 0.5867
Averaged Train Loss (Regular Model): 0.7912
Averaged Test AUC: 0.9031
Std Test Accurancy: 0.1476
Std Test AUC: 0.0484
------------------------- time cost ------------------------- 100.3511815071106

-------------Round number: 6-------------

Evaluate heterogeneous models
Averaged Test Accuracy (Regular Model): 0.5929
Averaged Train Loss (Regular Model): 0.7378
Averaged Test AUC: 0.9004
Std Test Accurancy: 0.1282
Std Test AUC: 0.0467
------------------------- time cost ------------------------- 99.76019811630249

-------------Round number: 7-------------

Evaluate heterogeneous models
Averaged Test Accuracy (Regular Model): 0.6067
Averaged Train Loss (Regular Model): 0.6160
Averaged Test AUC: 0.9047
Std Test Accurancy: 0.1296
Std Test AUC: 0.0411
------------------------- time cost ------------------------- 96.67209553718567

-------------Round number: 8-------------

Evaluate heterogeneous models
Averaged Test Accuracy (Regular Model): 0.5961
Averaged Train Loss (Regular Model): 0.5487
Averaged Test AUC: 0.8969
Std Test Accurancy: 0.1302
Std Test AUC: 0.0455
------------------------- time cost ------------------------- 98.16828393936157

-------------Round number: 9-------------

Evaluate heterogeneous models
Averaged Test Accuracy (Regular Model): 0.6068
Averaged Train Loss (Regular Model): 0.4898
Averaged Test AUC: 0.9010
Std Test Accurancy: 0.1253
Std Test AUC: 0.0442
------------------------- time cost ------------------------- 101.1394031047821

-------------Round number: 10-------------

Evaluate heterogeneous models
Averaged Test Accuracy (Regular Model): 0.6093
Averaged Train Loss (Regular Model): 0.4499
Averaged Test AUC: 0.9003
Std Test Accurancy: 0.1212
Std Test AUC: 0.0419
------------------------- time cost ------------------------- 98.93805766105652

-------------Round number: 11-------------

Evaluate heterogeneous models
Averaged Test Accuracy (Regular Model): 0.6127
Averaged Train Loss (Regular Model): 0.4400
Averaged Test AUC: 0.8941
Std Test Accurancy: 0.1213
Std Test AUC: 0.0441
------------------------- time cost ------------------------- 99.67845726013184

-------------Round number: 12-------------

Evaluate heterogeneous models
Averaged Test Accuracy (Regular Model): 0.6167
Averaged Train Loss (Regular Model): 0.3542
Averaged Test AUC: 0.8996
Std Test Accurancy: 0.1196
Std Test AUC: 0.0483
------------------------- time cost ------------------------- 97.35214018821716

-------------Round number: 13-------------

Evaluate heterogeneous models
Averaged Test Accuracy (Regular Model): 0.6185
Averaged Train Loss (Regular Model): 0.3422
Averaged Test AUC: 0.8961
Std Test Accurancy: 0.1161
Std Test AUC: 0.0480
------------------------- time cost ------------------------- 97.48250532150269

-------------Round number: 14-------------

Evaluate heterogeneous models
Averaged Test Accuracy (Regular Model): 0.6199
Averaged Train Loss (Regular Model): 0.3628
Averaged Test AUC: 0.8940
Std Test Accurancy: 0.1230
Std Test AUC: 0.0577
------------------------- time cost ------------------------- 100.85034441947937

-------------Round number: 15-------------

Evaluate heterogeneous models
Averaged Test Accuracy (Regular Model): 0.6240
Averaged Train Loss (Regular Model): 0.3266
Averaged Test AUC: 0.8959
Std Test Accurancy: 0.1123
Std Test AUC: 0.0467
------------------------- time cost ------------------------- 99.06153631210327

-------------Round number: 16-------------

Evaluate heterogeneous models
Averaged Test Accuracy (Regular Model): 0.6239
Averaged Train Loss (Regular Model): 0.2522
Averaged Test AUC: 0.8945
Std Test Accurancy: 0.1161
Std Test AUC: 0.0492
------------------------- time cost ------------------------- 99.63142085075378

-------------Round number: 17-------------

Evaluate heterogeneous models
Averaged Test Accuracy (Regular Model): 0.6123
Averaged Train Loss (Regular Model): 0.2732
Averaged Test AUC: 0.8893
Std Test Accurancy: 0.1156
Std Test AUC: 0.0552
------------------------- time cost ------------------------- 100.85123491287231

-------------Round number: 18-------------

Evaluate heterogeneous models
Averaged Test Accuracy (Regular Model): 0.6223
Averaged Train Loss (Regular Model): 0.2262
Averaged Test AUC: 0.8943
Std Test Accurancy: 0.1142
Std Test AUC: 0.0518
------------------------- time cost ------------------------- 102.04814267158508

-------------Round number: 19-------------

Evaluate heterogeneous models
Averaged Test Accuracy (Regular Model): 0.6238
Averaged Train Loss (Regular Model): 0.2039
Averaged Test AUC: 0.8941
Std Test Accurancy: 0.1092
Std Test AUC: 0.0521
------------------------- time cost ------------------------- 100.15601110458374

-------------Round number: 20-------------

Evaluate heterogeneous models
Averaged Test Accuracy (Regular Model): 0.6223
Averaged Train Loss (Regular Model): 0.2253
Averaged Test AUC: 0.8882
Std Test Accurancy: 0.1063
Std Test AUC: 0.0514
------------------------- time cost ------------------------- 99.92432975769043

-------------Round number: 21-------------

Evaluate heterogeneous models
Averaged Test Accuracy (Regular Model): 0.6248
Averaged Train Loss (Regular Model): 0.1903
Averaged Test AUC: 0.8953
Std Test Accurancy: 0.1089
Std Test AUC: 0.0524
------------------------- time cost ------------------------- 98.93290877342224

-------------Round number: 22-------------

Evaluate heterogeneous models
Averaged Test Accuracy (Regular Model): 0.6281
Averaged Train Loss (Regular Model): 0.1745
Averaged Test AUC: 0.8912
Std Test Accurancy: 0.1088
Std Test AUC: 0.0516
------------------------- time cost ------------------------- 99.54182267189026

-------------Round number: 23-------------

Evaluate heterogeneous models
Averaged Test Accuracy (Regular Model): 0.6280
Averaged Train Loss (Regular Model): 0.1738
Averaged Test AUC: 0.8944
Std Test Accurancy: 0.1044
Std Test AUC: 0.0515
------------------------- time cost ------------------------- 99.62085556983948

-------------Round number: 24-------------

Evaluate heterogeneous models
Averaged Test Accuracy (Regular Model): 0.6274
Averaged Train Loss (Regular Model): 0.1499
Averaged Test AUC: 0.8861
Std Test Accurancy: 0.1180
Std Test AUC: 0.0724
------------------------- time cost ------------------------- 99.12382483482361

-------------Round number: 25-------------

Evaluate heterogeneous models
Averaged Test Accuracy (Regular Model): 0.6333
Averaged Train Loss (Regular Model): 0.1880
Averaged Test AUC: 0.8941
Std Test Accurancy: 0.1108
Std Test AUC: 0.0581
------------------------- time cost ------------------------- 100.66713333129883

-------------Round number: 26-------------

Evaluate heterogeneous models
Averaged Test Accuracy (Regular Model): 0.6348
Averaged Train Loss (Regular Model): 0.1402
Averaged Test AUC: 0.8945
Std Test Accurancy: 0.1072
Std Test AUC: 0.0531
------------------------- time cost ------------------------- 100.03595876693726

-------------Round number: 27-------------

Evaluate heterogeneous models
Averaged Test Accuracy (Regular Model): 0.6360
Averaged Train Loss (Regular Model): 0.1097
Averaged Test AUC: 0.8940
Std Test Accurancy: 0.1067
Std Test AUC: 0.0536
------------------------- time cost ------------------------- 101.96403479576111

-------------Round number: 28-------------

Evaluate heterogeneous models
Averaged Test Accuracy (Regular Model): 0.6215
Averaged Train Loss (Regular Model): 0.1290
Averaged Test AUC: 0.8905
Std Test Accurancy: 0.1179
Std Test AUC: 0.0474
------------------------- time cost ------------------------- 99.35527324676514

-------------Round number: 29-------------

Evaluate heterogeneous models
Averaged Test Accuracy (Regular Model): 0.6391
Averaged Train Loss (Regular Model): 0.1180
Averaged Test AUC: 0.8959
Std Test Accurancy: 0.0938
Std Test AUC: 0.0462
------------------------- time cost ------------------------- 99.64670777320862

-------------Round number: 30-------------

Evaluate heterogeneous models
Averaged Test Accuracy (Regular Model): 0.6364
Averaged Train Loss (Regular Model): 0.1123
Averaged Test AUC: 0.8961
Std Test Accurancy: 0.1020
Std Test AUC: 0.0494
------------------------- time cost ------------------------- 98.16671586036682

-------------Round number: 31-------------

Evaluate heterogeneous models
Averaged Test Accuracy (Regular Model): 0.6360
Averaged Train Loss (Regular Model): 0.0966
Averaged Test AUC: 0.8968
Std Test Accurancy: 0.1007
Std Test AUC: 0.0445
------------------------- time cost ------------------------- 98.6626124382019

-------------Round number: 32-------------

Evaluate heterogeneous models
Averaged Test Accuracy (Regular Model): 0.6329
Averaged Train Loss (Regular Model): 0.1137
Averaged Test AUC: 0.8938
Std Test Accurancy: 0.0956
Std Test AUC: 0.0456
------------------------- time cost ------------------------- 99.88690090179443

-------------Round number: 33-------------

Evaluate heterogeneous models
Averaged Test Accuracy (Regular Model): 0.6379
Averaged Train Loss (Regular Model): 0.1081
Averaged Test AUC: 0.8971
Std Test Accurancy: 0.0975
Std Test AUC: 0.0451
------------------------- time cost ------------------------- 98.02093029022217

-------------Round number: 34-------------

Evaluate heterogeneous models
Averaged Test Accuracy (Regular Model): 0.6395
Averaged Train Loss (Regular Model): 0.1224
Averaged Test AUC: 0.8953
Std Test Accurancy: 0.0977
Std Test AUC: 0.0489
------------------------- time cost ------------------------- 97.39408802986145

-------------Round number: 35-------------

Evaluate heterogeneous models
Averaged Test Accuracy (Regular Model): 0.6403
Averaged Train Loss (Regular Model): 0.0753
Averaged Test AUC: 0.8970
Std Test Accurancy: 0.0962
Std Test AUC: 0.0457
------------------------- time cost ------------------------- 97.85592365264893

-------------Round number: 36-------------

Evaluate heterogeneous models
Averaged Test Accuracy (Regular Model): 0.6388
Averaged Train Loss (Regular Model): 0.0724
Averaged Test AUC: 0.8943
Std Test Accurancy: 0.1028
Std Test AUC: 0.0453
------------------------- time cost ------------------------- 98.10210466384888

-------------Round number: 37-------------

Evaluate heterogeneous models
Averaged Test Accuracy (Regular Model): 0.6418
Averaged Train Loss (Regular Model): 0.1049
Averaged Test AUC: 0.8976
Std Test Accurancy: 0.0990
Std Test AUC: 0.0481
------------------------- time cost ------------------------- 100.36481380462646

-------------Round number: 38-------------

Evaluate heterogeneous models
Averaged Test Accuracy (Regular Model): 0.6403
Averaged Train Loss (Regular Model): 0.0697
Averaged Test AUC: 0.8974
Std Test Accurancy: 0.0982
Std Test AUC: 0.0470
------------------------- time cost ------------------------- 99.09804606437683

-------------Round number: 39-------------

Evaluate heterogeneous models
Averaged Test Accuracy (Regular Model): 0.6426
Averaged Train Loss (Regular Model): 0.0669
Averaged Test AUC: 0.8975
Std Test Accurancy: 0.0972
Std Test AUC: 0.0450
------------------------- time cost ------------------------- 98.47498059272766

-------------Round number: 40-------------

Evaluate heterogeneous models
Averaged Test Accuracy (Regular Model): 0.6417
Averaged Train Loss (Regular Model): 0.0718
Averaged Test AUC: 0.8976
Std Test Accurancy: 0.0989
Std Test AUC: 0.0431
------------------------- time cost ------------------------- 98.35359239578247

-------------Round number: 41-------------

Evaluate heterogeneous models
Averaged Test Accuracy (Regular Model): 0.6450
Averaged Train Loss (Regular Model): 0.0657
Averaged Test AUC: 0.8985
Std Test Accurancy: 0.0983
Std Test AUC: 0.0456
------------------------- time cost ------------------------- 99.47780323028564

-------------Round number: 42-------------

Evaluate heterogeneous models
Averaged Test Accuracy (Regular Model): 0.6393
Averaged Train Loss (Regular Model): 0.0620
Averaged Test AUC: 0.8984
Std Test Accurancy: 0.0923
Std Test AUC: 0.0408
------------------------- time cost ------------------------- 97.63394474983215

-------------Round number: 43-------------

Evaluate heterogeneous models
Averaged Test Accuracy (Regular Model): 0.6453
Averaged Train Loss (Regular Model): 0.0417
Averaged Test AUC: 0.8998
Std Test Accurancy: 0.0924
Std Test AUC: 0.0445
------------------------- time cost ------------------------- 99.71314191818237

-------------Round number: 44-------------

Evaluate heterogeneous models
Averaged Test Accuracy (Regular Model): 0.6428
Averaged Train Loss (Regular Model): 0.0626
Averaged Test AUC: 0.8986
Std Test Accurancy: 0.1017
Std Test AUC: 0.0440
------------------------- time cost ------------------------- 100.19032740592957

-------------Round number: 45-------------

Evaluate heterogeneous models
Averaged Test Accuracy (Regular Model): 0.6410
Averaged Train Loss (Regular Model): 0.0482
Averaged Test AUC: 0.8984
Std Test Accurancy: 0.0986
Std Test AUC: 0.0416
------------------------- time cost ------------------------- 99.6050934791565

-------------Round number: 46-------------

Evaluate heterogeneous models
Averaged Test Accuracy (Regular Model): 0.6471
Averaged Train Loss (Regular Model): 0.0648
Averaged Test AUC: 0.8991
Std Test Accurancy: 0.0978
Std Test AUC: 0.0419
------------------------- time cost ------------------------- 99.65571784973145

-------------Round number: 47-------------

Evaluate heterogeneous models
Averaged Test Accuracy (Regular Model): 0.6503
Averaged Train Loss (Regular Model): 0.0488
Averaged Test AUC: 0.9011
Std Test Accurancy: 0.0964
Std Test AUC: 0.0417
------------------------- time cost ------------------------- 101.7291989326477

-------------Round number: 48-------------

Evaluate heterogeneous models
Averaged Test Accuracy (Regular Model): 0.6455
Averaged Train Loss (Regular Model): 0.0471
Averaged Test AUC: 0.8993
Std Test Accurancy: 0.0955
Std Test AUC: 0.0417
------------------------- time cost ------------------------- 100.64441156387329

-------------Round number: 49-------------

Evaluate heterogeneous models
Averaged Test Accuracy (Regular Model): 0.6468
Averaged Train Loss (Regular Model): 0.0527
Averaged Test AUC: 0.8986
Std Test Accurancy: 0.0996
Std Test AUC: 0.0428
------------------------- time cost ------------------------- 100.18540000915527

-------------Round number: 50-------------

Evaluate heterogeneous models
Averaged Test Accuracy (Regular Model): 0.6448
Averaged Train Loss (Regular Model): 0.0771
Averaged Test AUC: 0.9002
Std Test Accurancy: 0.1029
Std Test AUC: 0.0413
------------------------- time cost ------------------------- 97.83864688873291

-------------Round number: 51-------------

Evaluate heterogeneous models
Averaged Test Accuracy (Regular Model): 0.6426
Averaged Train Loss (Regular Model): 0.0757
Averaged Test AUC: 0.8993
Std Test Accurancy: 0.1034
Std Test AUC: 0.0415
------------------------- time cost ------------------------- 100.9505500793457

-------------Round number: 52-------------

Evaluate heterogeneous models
Averaged Test Accuracy (Regular Model): 0.6448
Averaged Train Loss (Regular Model): 0.0604
Averaged Test AUC: 0.8994
Std Test Accurancy: 0.1017
Std Test AUC: 0.0445
------------------------- time cost ------------------------- 100.9935200214386

-------------Round number: 53-------------

Evaluate heterogeneous models
Averaged Test Accuracy (Regular Model): 0.6434
Averaged Train Loss (Regular Model): 0.0615
Averaged Test AUC: 0.8998
Std Test Accurancy: 0.1018
Std Test AUC: 0.0416
------------------------- time cost ------------------------- 103.43319725990295

-------------Round number: 54-------------

Evaluate heterogeneous models
Averaged Test Accuracy (Regular Model): 0.6462
Averaged Train Loss (Regular Model): 0.0525
Averaged Test AUC: 0.8997
Std Test Accurancy: 0.0938
Std Test AUC: 0.0414
------------------------- time cost ------------------------- 101.74914479255676

-------------Round number: 55-------------

Evaluate heterogeneous models
Averaged Test Accuracy (Regular Model): 0.6392
Averaged Train Loss (Regular Model): 0.0538
Averaged Test AUC: 0.8977
Std Test Accurancy: 0.0974
Std Test AUC: 0.0443
------------------------- time cost ------------------------- 102.10288262367249

-------------Round number: 56-------------

Evaluate heterogeneous models
Averaged Test Accuracy (Regular Model): 0.6454
Averaged Train Loss (Regular Model): 0.0394
Averaged Test AUC: 0.8996
Std Test Accurancy: 0.0971
Std Test AUC: 0.0400
------------------------- time cost ------------------------- 101.65271663665771

-------------Round number: 57-------------

Evaluate heterogeneous models
Averaged Test Accuracy (Regular Model): 0.6513
Averaged Train Loss (Regular Model): 0.0320
Averaged Test AUC: 0.9004
Std Test Accurancy: 0.0938
Std Test AUC: 0.0404
------------------------- time cost ------------------------- 100.02504897117615

-------------Round number: 58-------------

Evaluate heterogeneous models
Averaged Test Accuracy (Regular Model): 0.6514
Averaged Train Loss (Regular Model): 0.0459
Averaged Test AUC: 0.9013
Std Test Accurancy: 0.0933
Std Test AUC: 0.0405
------------------------- time cost ------------------------- 102.74305868148804

-------------Round number: 59-------------

Evaluate heterogeneous models
Averaged Test Accuracy (Regular Model): 0.6474
Averaged Train Loss (Regular Model): 0.0306
Averaged Test AUC: 0.8999
Std Test Accurancy: 0.0980
Std Test AUC: 0.0417
------------------------- time cost ------------------------- 101.61165356636047

-------------Round number: 60-------------

Evaluate heterogeneous models
Averaged Test Accuracy (Regular Model): 0.6467
Averaged Train Loss (Regular Model): 0.0544
Averaged Test AUC: 0.9000
Std Test Accurancy: 0.0941
Std Test AUC: 0.0406
------------------------- time cost ------------------------- 102.74875044822693

-------------Round number: 61-------------

Evaluate heterogeneous models
Averaged Test Accuracy (Regular Model): 0.6475
Averaged Train Loss (Regular Model): 0.0436
Averaged Test AUC: 0.8990
Std Test Accurancy: 0.0970
Std Test AUC: 0.0428
------------------------- time cost ------------------------- 101.82783436775208

-------------Round number: 62-------------

Evaluate heterogeneous models
Averaged Test Accuracy (Regular Model): 0.6482
Averaged Train Loss (Regular Model): 0.0327
Averaged Test AUC: 0.9006
Std Test Accurancy: 0.0941
Std Test AUC: 0.0414
------------------------- time cost ------------------------- 101.5969967842102

-------------Round number: 63-------------

Evaluate heterogeneous models
Averaged Test Accuracy (Regular Model): 0.6472
Averaged Train Loss (Regular Model): 0.0475
Averaged Test AUC: 0.8990
Std Test Accurancy: 0.0941
Std Test AUC: 0.0438
------------------------- time cost ------------------------- 105.44132447242737

-------------Round number: 64-------------

Evaluate heterogeneous models
Averaged Test Accuracy (Regular Model): 0.6462
Averaged Train Loss (Regular Model): 0.0264
Averaged Test AUC: 0.8992
Std Test Accurancy: 0.0920
Std Test AUC: 0.0403
------------------------- time cost ------------------------- 104.97121500968933

-------------Round number: 65-------------

Evaluate heterogeneous models
Averaged Test Accuracy (Regular Model): 0.6490
Averaged Train Loss (Regular Model): 0.0336
Averaged Test AUC: 0.9003
Std Test Accurancy: 0.0937
Std Test AUC: 0.0425
------------------------- time cost ------------------------- 102.48576712608337

-------------Round number: 66-------------

Evaluate heterogeneous models
Averaged Test Accuracy (Regular Model): 0.6481
Averaged Train Loss (Regular Model): 0.0322
Averaged Test AUC: 0.9001
Std Test Accurancy: 0.0943
Std Test AUC: 0.0431
------------------------- time cost ------------------------- 103.15224432945251

-------------Round number: 67-------------

Evaluate heterogeneous models
Averaged Test Accuracy (Regular Model): 0.6500
Averaged Train Loss (Regular Model): 0.0274
Averaged Test AUC: 0.9007
Std Test Accurancy: 0.0928
Std Test AUC: 0.0414
------------------------- time cost ------------------------- 99.30446791648865

-------------Round number: 68-------------

Evaluate heterogeneous models
Averaged Test Accuracy (Regular Model): 0.6478
Averaged Train Loss (Regular Model): 0.0376
Averaged Test AUC: 0.8992
Std Test Accurancy: 0.0922
Std Test AUC: 0.0407
------------------------- time cost ------------------------- 103.05443811416626

-------------Round number: 69-------------

Evaluate heterogeneous models
Averaged Test Accuracy (Regular Model): 0.6439
Averaged Train Loss (Regular Model): 0.0582
Averaged Test AUC: 0.8971
Std Test Accurancy: 0.0988
Std Test AUC: 0.0423
------------------------- time cost ------------------------- 103.66067814826965

-------------Round number: 70-------------

Evaluate heterogeneous models
Averaged Test Accuracy (Regular Model): 0.6490
Averaged Train Loss (Regular Model): 0.0289
Averaged Test AUC: 0.8999
Std Test Accurancy: 0.0917
Std Test AUC: 0.0412
------------------------- time cost ------------------------- 104.02434945106506

-------------Round number: 71-------------

Evaluate heterogeneous models
Averaged Test Accuracy (Regular Model): 0.6455
Averaged Train Loss (Regular Model): 0.0404
Averaged Test AUC: 0.8987
Std Test Accurancy: 0.0973
Std Test AUC: 0.0442
------------------------- time cost ------------------------- 100.21168327331543

-------------Round number: 72-------------

Evaluate heterogeneous models
Averaged Test Accuracy (Regular Model): 0.6478
Averaged Train Loss (Regular Model): 0.0195
Averaged Test AUC: 0.8999
Std Test Accurancy: 0.0947
Std Test AUC: 0.0403
------------------------- time cost ------------------------- 101.222740650177

-------------Round number: 73-------------

Evaluate heterogeneous models
Averaged Test Accuracy (Regular Model): 0.6484
Averaged Train Loss (Regular Model): 0.0262
Averaged Test AUC: 0.8995
Std Test Accurancy: 0.0900
Std Test AUC: 0.0401
------------------------- time cost ------------------------- 99.44871377944946

-------------Round number: 74-------------

Evaluate heterogeneous models
Averaged Test Accuracy (Regular Model): 0.6486
Averaged Train Loss (Regular Model): 0.0322
Averaged Test AUC: 0.8990
Std Test Accurancy: 0.0950
Std Test AUC: 0.0408
------------------------- time cost ------------------------- 103.8904938697815

-------------Round number: 75-------------

Evaluate heterogeneous models
Averaged Test Accuracy (Regular Model): 0.6487
Averaged Train Loss (Regular Model): 0.0173
Averaged Test AUC: 0.8972
Std Test Accurancy: 0.0957
Std Test AUC: 0.0418
------------------------- time cost ------------------------- 103.07229804992676

-------------Round number: 76-------------

Evaluate heterogeneous models
Averaged Test Accuracy (Regular Model): 0.6460
Averaged Train Loss (Regular Model): 0.0448
Averaged Test AUC: 0.8985
Std Test Accurancy: 0.0947
Std Test AUC: 0.0427
------------------------- time cost ------------------------- 99.2801239490509

-------------Round number: 77-------------

Evaluate heterogeneous models
Averaged Test Accuracy (Regular Model): 0.6500
Averaged Train Loss (Regular Model): 0.0387
Averaged Test AUC: 0.9004
Std Test Accurancy: 0.0955
Std Test AUC: 0.0424
------------------------- time cost ------------------------- 99.92809319496155

-------------Round number: 78-------------

Evaluate heterogeneous models
Averaged Test Accuracy (Regular Model): 0.6463
Averaged Train Loss (Regular Model): 0.0355
Averaged Test AUC: 0.8993
Std Test Accurancy: 0.0957
Std Test AUC: 0.0400
------------------------- time cost ------------------------- 98.57261753082275

-------------Round number: 79-------------

Evaluate heterogeneous models
Averaged Test Accuracy (Regular Model): 0.6420
Averaged Train Loss (Regular Model): 0.0840
Averaged Test AUC: 0.8907
Std Test Accurancy: 0.1051
Std Test AUC: 0.0599
------------------------- time cost ------------------------- 100.9721519947052

-------------Round number: 80-------------

Evaluate heterogeneous models
Averaged Test Accuracy (Regular Model): 0.6454
Averaged Train Loss (Regular Model): 0.0715
Averaged Test AUC: 0.9000
Std Test Accurancy: 0.0970
Std Test AUC: 0.0401
------------------------- time cost ------------------------- 100.29719829559326

-------------Round number: 81-------------

Evaluate heterogeneous models
Averaged Test Accuracy (Regular Model): 0.6441
Averaged Train Loss (Regular Model): 0.0959
Averaged Test AUC: 0.9000
Std Test Accurancy: 0.0958
Std Test AUC: 0.0449
------------------------- time cost ------------------------- 104.62869596481323

-------------Round number: 82-------------

Evaluate heterogeneous models
Averaged Test Accuracy (Regular Model): 0.6421
Averaged Train Loss (Regular Model): 0.0716
Averaged Test AUC: 0.8979
Std Test Accurancy: 0.1029
Std Test AUC: 0.0446
------------------------- time cost ------------------------- 102.51089429855347

-------------Round number: 83-------------

Evaluate heterogeneous models
Averaged Test Accuracy (Regular Model): 0.6422
Averaged Train Loss (Regular Model): 0.0896
Averaged Test AUC: 0.9002
Std Test Accurancy: 0.0974
Std Test AUC: 0.0399
------------------------- time cost ------------------------- 101.22988557815552

-------------Round number: 84-------------

Evaluate heterogeneous models
Averaged Test Accuracy (Regular Model): 0.6458
Averaged Train Loss (Regular Model): 0.0490
Averaged Test AUC: 0.9008
Std Test Accurancy: 0.0971
Std Test AUC: 0.0411
------------------------- time cost ------------------------- 104.69395208358765

-------------Round number: 85-------------

Evaluate heterogeneous models
Averaged Test Accuracy (Regular Model): 0.6463
Averaged Train Loss (Regular Model): 0.0585
Averaged Test AUC: 0.9015
Std Test Accurancy: 0.0926
Std Test AUC: 0.0416
------------------------- time cost ------------------------- 100.54879260063171

-------------Round number: 86-------------

Evaluate heterogeneous models
Averaged Test Accuracy (Regular Model): 0.6422
Averaged Train Loss (Regular Model): 0.0499
Averaged Test AUC: 0.9002
Std Test Accurancy: 0.0942
Std Test AUC: 0.0400
------------------------- time cost ------------------------- 101.95104002952576

-------------Round number: 87-------------

Evaluate heterogeneous models
Averaged Test Accuracy (Regular Model): 0.6416
Averaged Train Loss (Regular Model): 0.0609
Averaged Test AUC: 0.9004
Std Test Accurancy: 0.0977
Std Test AUC: 0.0405
------------------------- time cost ------------------------- 106.48173260688782

-------------Round number: 88-------------

Evaluate heterogeneous models
Averaged Test Accuracy (Regular Model): 0.6470
Averaged Train Loss (Regular Model): 0.0844
Averaged Test AUC: 0.9021
Std Test Accurancy: 0.0929
Std Test AUC: 0.0398
------------------------- time cost ------------------------- 104.28770971298218

-------------Round number: 89-------------

Evaluate heterogeneous models
Averaged Test Accuracy (Regular Model): 0.6416
Averaged Train Loss (Regular Model): 0.0519
Averaged Test AUC: 0.8987
Std Test Accurancy: 0.0944
Std Test AUC: 0.0400
------------------------- time cost ------------------------- 102.69940733909607

-------------Round number: 90-------------

Evaluate heterogeneous models
Averaged Test Accuracy (Regular Model): 0.6444
Averaged Train Loss (Regular Model): 0.0343
Averaged Test AUC: 0.9008
Std Test Accurancy: 0.0960
Std Test AUC: 0.0399
------------------------- time cost ------------------------- 100.51917719841003

-------------Round number: 91-------------

Evaluate heterogeneous models
Averaged Test Accuracy (Regular Model): 0.6491
Averaged Train Loss (Regular Model): 0.0760
Averaged Test AUC: 0.9018
Std Test Accurancy: 0.0944
Std Test AUC: 0.0412
------------------------- time cost ------------------------- 100.51425504684448

-------------Round number: 92-------------

Evaluate heterogeneous models
Averaged Test Accuracy (Regular Model): 0.6492
Averaged Train Loss (Regular Model): 0.0248
Averaged Test AUC: 0.9025
Std Test Accurancy: 0.0936
Std Test AUC: 0.0409
------------------------- time cost ------------------------- 109.57348656654358

-------------Round number: 93-------------

Evaluate heterogeneous models
Averaged Test Accuracy (Regular Model): 0.6459
Averaged Train Loss (Regular Model): 0.0483
Averaged Test AUC: 0.9009
Std Test Accurancy: 0.0956
Std Test AUC: 0.0417
------------------------- time cost ------------------------- 106.09910655021667

-------------Round number: 94-------------

Evaluate heterogeneous models
Averaged Test Accuracy (Regular Model): 0.6507
Averaged Train Loss (Regular Model): 0.0225
Averaged Test AUC: 0.9017
Std Test Accurancy: 0.0940
Std Test AUC: 0.0415
------------------------- time cost ------------------------- 105.31744313240051

-------------Round number: 95-------------

Evaluate heterogeneous models
Averaged Test Accuracy (Regular Model): 0.6458
Averaged Train Loss (Regular Model): 0.0237
Averaged Test AUC: 0.9002
Std Test Accurancy: 0.0940
Std Test AUC: 0.0413
------------------------- time cost ------------------------- 105.90465974807739

-------------Round number: 96-------------

Evaluate heterogeneous models
Averaged Test Accuracy (Regular Model): 0.6464
Averaged Train Loss (Regular Model): 0.0571
Averaged Test AUC: 0.9012
Std Test Accurancy: 0.0991
Std Test AUC: 0.0402
------------------------- time cost ------------------------- 104.41973114013672

-------------Round number: 97-------------

Evaluate heterogeneous models
Averaged Test Accuracy (Regular Model): 0.6478
Averaged Train Loss (Regular Model): 0.0239
Averaged Test AUC: 0.9018
Std Test Accurancy: 0.0925
Std Test AUC: 0.0407
------------------------- time cost ------------------------- 105.10981583595276

-------------Round number: 98-------------

Evaluate heterogeneous models
Averaged Test Accuracy (Regular Model): 0.6439
Averaged Train Loss (Regular Model): 0.0282
Averaged Test AUC: 0.9005
Std Test Accurancy: 0.0953
Std Test AUC: 0.0396
------------------------- time cost ------------------------- 107.79668378829956

-------------Round number: 99-------------

Evaluate heterogeneous models
Averaged Test Accuracy (Regular Model): 0.6499
Averaged Train Loss (Regular Model): 0.0244
Averaged Test AUC: 0.9018
Std Test Accurancy: 0.0938
Std Test AUC: 0.0413
------------------------- time cost ------------------------- 104.40256357192993

-------------Round number: 100-------------

Evaluate heterogeneous models
Averaged Test Accuracy (Regular Model): 0.6492
Averaged Train Loss (Regular Model): 0.0161
Averaged Test AUC: 0.9028
Std Test Accurancy: 0.0922
Std Test AUC: 0.0396
------------------------- time cost ------------------------- 104.73628330230713

-------------Round number: 101-------------

Evaluate heterogeneous models
Averaged Test Accuracy (Regular Model): 0.6470
Averaged Train Loss (Regular Model): 0.0163
Averaged Test AUC: 0.9014
Std Test Accurancy: 0.0928
Std Test AUC: 0.0406
------------------------- time cost ------------------------- 104.54627442359924

-------------Round number: 102-------------

Evaluate heterogeneous models
Averaged Test Accuracy (Regular Model): 0.6491
Averaged Train Loss (Regular Model): 0.0388
Averaged Test AUC: 0.9019
Std Test Accurancy: 0.0923
Std Test AUC: 0.0410
------------------------- time cost ------------------------- 102.67736315727234

-------------Round number: 103-------------

Evaluate heterogeneous models
Averaged Test Accuracy (Regular Model): 0.6466
Averaged Train Loss (Regular Model): 0.0406
Averaged Test AUC: 0.8999
Std Test Accurancy: 0.0932
Std Test AUC: 0.0417
------------------------- time cost ------------------------- 101.16481304168701

-------------Round number: 104-------------

Evaluate heterogeneous models
Averaged Test Accuracy (Regular Model): 0.6476
Averaged Train Loss (Regular Model): 0.0303
Averaged Test AUC: 0.9008
Std Test Accurancy: 0.0921
Std Test AUC: 0.0407
------------------------- time cost ------------------------- 95.9302544593811

-------------Round number: 105-------------

Evaluate heterogeneous models
Averaged Test Accuracy (Regular Model): 0.6454
Averaged Train Loss (Regular Model): 0.0273
Averaged Test AUC: 0.9017
Std Test Accurancy: 0.0891
Std Test AUC: 0.0390
------------------------- time cost ------------------------- 97.87850189208984

-------------Round number: 106-------------

Evaluate heterogeneous models
Averaged Test Accuracy (Regular Model): 0.6475
Averaged Train Loss (Regular Model): 0.0240
Averaged Test AUC: 0.9022
Std Test Accurancy: 0.0919
Std Test AUC: 0.0401
------------------------- time cost ------------------------- 98.01185202598572

-------------Round number: 107-------------

Evaluate heterogeneous models
Averaged Test Accuracy (Regular Model): 0.6491
Averaged Train Loss (Regular Model): 0.0145
Averaged Test AUC: 0.9021
Std Test Accurancy: 0.0922
Std Test AUC: 0.0408
------------------------- time cost ------------------------- 101.44781017303467

-------------Round number: 108-------------

Evaluate heterogeneous models
Averaged Test Accuracy (Regular Model): 0.6490
Averaged Train Loss (Regular Model): 0.0194
Averaged Test AUC: 0.9004
Std Test Accurancy: 0.0900
Std Test AUC: 0.0397
------------------------- time cost ------------------------- 99.5379478931427

-------------Round number: 109-------------

Evaluate heterogeneous models
Averaged Test Accuracy (Regular Model): 0.6519
Averaged Train Loss (Regular Model): 0.0114
Averaged Test AUC: 0.9009
Std Test Accurancy: 0.0889
Std Test AUC: 0.0392
------------------------- time cost ------------------------- 98.2195725440979

-------------Round number: 110-------------

Evaluate heterogeneous models
Averaged Test Accuracy (Regular Model): 0.6530
Averaged Train Loss (Regular Model): 0.0159
Averaged Test AUC: 0.9025
Std Test Accurancy: 0.0886
Std Test AUC: 0.0404
------------------------- time cost ------------------------- 99.55691266059875

-------------Round number: 111-------------

Evaluate heterogeneous models
Averaged Test Accuracy (Regular Model): 0.6504
Averaged Train Loss (Regular Model): 0.0128
Averaged Test AUC: 0.9027
Std Test Accurancy: 0.0863
Std Test AUC: 0.0399
------------------------- time cost ------------------------- 97.61752605438232

-------------Round number: 112-------------

Evaluate heterogeneous models
Averaged Test Accuracy (Regular Model): 0.6519
Averaged Train Loss (Regular Model): 0.0212
Averaged Test AUC: 0.9018
Std Test Accurancy: 0.0895
Std Test AUC: 0.0402
------------------------- time cost ------------------------- 98.4019455909729

-------------Round number: 113-------------

Evaluate heterogeneous models
Averaged Test Accuracy (Regular Model): 0.6547
Averaged Train Loss (Regular Model): 0.0151
Averaged Test AUC: 0.9028
Std Test Accurancy: 0.0895
Std Test AUC: 0.0403
------------------------- time cost ------------------------- 98.49201560020447

-------------Round number: 114-------------

Evaluate heterogeneous models
Averaged Test Accuracy (Regular Model): 0.6487
Averaged Train Loss (Regular Model): 0.0128
Averaged Test AUC: 0.9018
Std Test Accurancy: 0.0875
Std Test AUC: 0.0393
------------------------- time cost ------------------------- 99.27505469322205

-------------Round number: 115-------------

Evaluate heterogeneous models
Averaged Test Accuracy (Regular Model): 0.6480
Averaged Train Loss (Regular Model): 0.0167
Averaged Test AUC: 0.9019
Std Test Accurancy: 0.0897
Std Test AUC: 0.0398
------------------------- time cost ------------------------- 96.44690942764282

-------------Round number: 116-------------

Evaluate heterogeneous models
Averaged Test Accuracy (Regular Model): 0.6526
Averaged Train Loss (Regular Model): 0.0113
Averaged Test AUC: 0.9020
Std Test Accurancy: 0.0872
Std Test AUC: 0.0391
------------------------- time cost ------------------------- 99.51793384552002

-------------Round number: 117-------------

Evaluate heterogeneous models
Averaged Test Accuracy (Regular Model): 0.6496
Averaged Train Loss (Regular Model): 0.0265
Averaged Test AUC: 0.9016
Std Test Accurancy: 0.0881
Std Test AUC: 0.0392
------------------------- time cost ------------------------- 98.18431615829468

-------------Round number: 118-------------

Evaluate heterogeneous models
Averaged Test Accuracy (Regular Model): 0.6539
Averaged Train Loss (Regular Model): 0.0204
Averaged Test AUC: 0.9027
Std Test Accurancy: 0.0883
Std Test AUC: 0.0391
------------------------- time cost ------------------------- 96.94936919212341

-------------Round number: 119-------------

Evaluate heterogeneous models
Averaged Test Accuracy (Regular Model): 0.6535
Averaged Train Loss (Regular Model): 0.0126
Averaged Test AUC: 0.9028
Std Test Accurancy: 0.0881
Std Test AUC: 0.0402
------------------------- time cost ------------------------- 98.3186309337616

-------------Round number: 120-------------

Evaluate heterogeneous models
Averaged Test Accuracy (Regular Model): 0.6519
Averaged Train Loss (Regular Model): 0.0430
Averaged Test AUC: 0.9034
Std Test Accurancy: 0.0906
Std Test AUC: 0.0403
------------------------- time cost ------------------------- 98.00784492492676

-------------Round number: 121-------------

Evaluate heterogeneous models
Averaged Test Accuracy (Regular Model): 0.6506
Averaged Train Loss (Regular Model): 0.0239
Averaged Test AUC: 0.9034
Std Test Accurancy: 0.0896
Std Test AUC: 0.0406
------------------------- time cost ------------------------- 99.02049040794373

-------------Round number: 122-------------

Evaluate heterogeneous models
Averaged Test Accuracy (Regular Model): 0.6536
Averaged Train Loss (Regular Model): 0.0114
Averaged Test AUC: 0.9038
Std Test Accurancy: 0.0884
Std Test AUC: 0.0409
------------------------- time cost ------------------------- 98.41229724884033

-------------Round number: 123-------------

Evaluate heterogeneous models
Averaged Test Accuracy (Regular Model): 0.6541
Averaged Train Loss (Regular Model): 0.0544
Averaged Test AUC: 0.9034
Std Test Accurancy: 0.0919
Std Test AUC: 0.0400
------------------------- time cost ------------------------- 98.39585733413696

-------------Round number: 124-------------

Evaluate heterogeneous models
Averaged Test Accuracy (Regular Model): 0.6528
Averaged Train Loss (Regular Model): 0.0253
Averaged Test AUC: 0.9041
Std Test Accurancy: 0.0910
Std Test AUC: 0.0415
------------------------- time cost ------------------------- 95.78298878669739

-------------Round number: 125-------------

Evaluate heterogeneous models
Averaged Test Accuracy (Regular Model): 0.6521
Averaged Train Loss (Regular Model): 0.0240
Averaged Test AUC: 0.9037
Std Test Accurancy: 0.0889
Std Test AUC: 0.0392
------------------------- time cost ------------------------- 98.5372850894928

-------------Round number: 126-------------

Evaluate heterogeneous models
Averaged Test Accuracy (Regular Model): 0.6529
Averaged Train Loss (Regular Model): 0.0221
Averaged Test AUC: 0.9025
Std Test Accurancy: 0.0886
Std Test AUC: 0.0384
------------------------- time cost ------------------------- 99.93352675437927

-------------Round number: 127-------------

Evaluate heterogeneous models
Averaged Test Accuracy (Regular Model): 0.6516
Averaged Train Loss (Regular Model): 0.0233
Averaged Test AUC: 0.9039
Std Test Accurancy: 0.0923
Std Test AUC: 0.0396
------------------------- time cost ------------------------- 96.97356748580933

-------------Round number: 128-------------

Evaluate heterogeneous models
Averaged Test Accuracy (Regular Model): 0.6509
Averaged Train Loss (Regular Model): 0.0479
Averaged Test AUC: 0.9030
Std Test Accurancy: 0.0916
Std Test AUC: 0.0385
------------------------- time cost ------------------------- 101.8223967552185

-------------Round number: 129-------------

Evaluate heterogeneous models
Averaged Test Accuracy (Regular Model): 0.6492
Averaged Train Loss (Regular Model): 0.0181
Averaged Test AUC: 0.9034
Std Test Accurancy: 0.0920
Std Test AUC: 0.0390
------------------------- time cost ------------------------- 98.96583604812622

-------------Round number: 130-------------

Evaluate heterogeneous models
Averaged Test Accuracy (Regular Model): 0.6516
Averaged Train Loss (Regular Model): 0.0273
Averaged Test AUC: 0.9039
Std Test Accurancy: 0.0935
Std Test AUC: 0.0386
------------------------- time cost ------------------------- 98.82799935340881

-------------Round number: 131-------------

Evaluate heterogeneous models
Averaged Test Accuracy (Regular Model): 0.6534
Averaged Train Loss (Regular Model): 0.0088
Averaged Test AUC: 0.9034
Std Test Accurancy: 0.0894
Std Test AUC: 0.0384
------------------------- time cost ------------------------- 99.13127875328064

-------------Round number: 132-------------

Evaluate heterogeneous models
Averaged Test Accuracy (Regular Model): 0.6533
Averaged Train Loss (Regular Model): 0.0215
Averaged Test AUC: 0.9040
Std Test Accurancy: 0.0920
Std Test AUC: 0.0391
------------------------- time cost ------------------------- 98.82272481918335

-------------Round number: 133-------------

Evaluate heterogeneous models
Averaged Test Accuracy (Regular Model): 0.6532
Averaged Train Loss (Regular Model): 0.0165
Averaged Test AUC: 0.9040
Std Test Accurancy: 0.0894
Std Test AUC: 0.0387
------------------------- time cost ------------------------- 102.12882399559021

-------------Round number: 134-------------

Evaluate heterogeneous models
Averaged Test Accuracy (Regular Model): 0.6529
Averaged Train Loss (Regular Model): 0.0242
Averaged Test AUC: 0.9036
Std Test Accurancy: 0.0920
Std Test AUC: 0.0397
------------------------- time cost ------------------------- 98.06060552597046

-------------Round number: 135-------------

Evaluate heterogeneous models
Averaged Test Accuracy (Regular Model): 0.6515
Averaged Train Loss (Regular Model): 0.0109
Averaged Test AUC: 0.9034
Std Test Accurancy: 0.0898
Std Test AUC: 0.0390
------------------------- time cost ------------------------- 98.91716814041138

-------------Round number: 136-------------

Evaluate heterogeneous models
Averaged Test Accuracy (Regular Model): 0.6503
Averaged Train Loss (Regular Model): 0.0268
Averaged Test AUC: 0.9028
Std Test Accurancy: 0.0922
Std Test AUC: 0.0398
------------------------- time cost ------------------------- 99.29222297668457

-------------Round number: 137-------------

Evaluate heterogeneous models
Averaged Test Accuracy (Regular Model): 0.6546
Averaged Train Loss (Regular Model): 0.0070
Averaged Test AUC: 0.9046
Std Test Accurancy: 0.0892
Std Test AUC: 0.0391
------------------------- time cost ------------------------- 100.96183514595032

-------------Round number: 138-------------

Evaluate heterogeneous models
Averaged Test Accuracy (Regular Model): 0.6545
Averaged Train Loss (Regular Model): 0.0098
Averaged Test AUC: 0.9041
Std Test Accurancy: 0.0898
Std Test AUC: 0.0387
------------------------- time cost ------------------------- 101.07633185386658

-------------Round number: 139-------------

Evaluate heterogeneous models
Averaged Test Accuracy (Regular Model): 0.6541
Averaged Train Loss (Regular Model): 0.0183
Averaged Test AUC: 0.9044
Std Test Accurancy: 0.0909
Std Test AUC: 0.0395
------------------------- time cost ------------------------- 100.64892888069153

-------------Round number: 140-------------

Evaluate heterogeneous models
Averaged Test Accuracy (Regular Model): 0.6530
Averaged Train Loss (Regular Model): 0.0137
Averaged Test AUC: 0.9037
Std Test Accurancy: 0.0913
Std Test AUC: 0.0415
------------------------- time cost ------------------------- 99.84521460533142

-------------Round number: 141-------------

Evaluate heterogeneous models
Averaged Test Accuracy (Regular Model): 0.6534
Averaged Train Loss (Regular Model): 0.0139
Averaged Test AUC: 0.9039
Std Test Accurancy: 0.0888
Std Test AUC: 0.0394
------------------------- time cost ------------------------- 100.01934170722961

-------------Round number: 142-------------

Evaluate heterogeneous models
Averaged Test Accuracy (Regular Model): 0.6559
Averaged Train Loss (Regular Model): 0.0147
Averaged Test AUC: 0.9049
Std Test Accurancy: 0.0889
Std Test AUC: 0.0389
------------------------- time cost ------------------------- 100.30834698677063

-------------Round number: 143-------------

Evaluate heterogeneous models
Averaged Test Accuracy (Regular Model): 0.6565
Averaged Train Loss (Regular Model): 0.0066
Averaged Test AUC: 0.9036
Std Test Accurancy: 0.0898
Std Test AUC: 0.0399
------------------------- time cost ------------------------- 101.84146165847778

-------------Round number: 144-------------

Evaluate heterogeneous models
Averaged Test Accuracy (Regular Model): 0.6563
Averaged Train Loss (Regular Model): 0.0069
Averaged Test AUC: 0.9029
Std Test Accurancy: 0.0930
Std Test AUC: 0.0420
------------------------- time cost ------------------------- 98.3380241394043

-------------Round number: 145-------------

Evaluate heterogeneous models
Averaged Test Accuracy (Regular Model): 0.6550
Averaged Train Loss (Regular Model): 0.0158
Averaged Test AUC: 0.9037
Std Test Accurancy: 0.0890
Std Test AUC: 0.0408
------------------------- time cost ------------------------- 100.39676284790039

-------------Round number: 146-------------

Evaluate heterogeneous models
Averaged Test Accuracy (Regular Model): 0.6558
Averaged Train Loss (Regular Model): 0.0085
Averaged Test AUC: 0.9027
Std Test Accurancy: 0.0965
Std Test AUC: 0.0426
------------------------- time cost ------------------------- 100.82296204566956

-------------Round number: 147-------------

Evaluate heterogeneous models
Averaged Test Accuracy (Regular Model): 0.6530
Averaged Train Loss (Regular Model): 0.0135
Averaged Test AUC: 0.9027
Std Test Accurancy: 0.0928
Std Test AUC: 0.0415
------------------------- time cost ------------------------- 99.98069190979004

-------------Round number: 148-------------

Evaluate heterogeneous models
Averaged Test Accuracy (Regular Model): 0.6514
Averaged Train Loss (Regular Model): 0.0078
Averaged Test AUC: 0.9042
Std Test Accurancy: 0.0924
Std Test AUC: 0.0390
------------------------- time cost ------------------------- 98.41305780410767

-------------Round number: 149-------------

Evaluate heterogeneous models
Averaged Test Accuracy (Regular Model): 0.6534
Averaged Train Loss (Regular Model): 0.0084
Averaged Test AUC: 0.9047
Std Test Accurancy: 0.0930
Std Test AUC: 0.0400
------------------------- time cost ------------------------- 96.83539295196533

-------------Round number: 150-------------

Evaluate heterogeneous models
Averaged Test Accuracy (Regular Model): 0.6533
Averaged Train Loss (Regular Model): 0.0132
Averaged Test AUC: 0.9032
Std Test Accurancy: 0.0934
Std Test AUC: 0.0407
------------------------- time cost ------------------------- 100.34307551383972

-------------Round number: 151-------------

Evaluate heterogeneous models
Averaged Test Accuracy (Regular Model): 0.6529
Averaged Train Loss (Regular Model): 0.0100
Averaged Test AUC: 0.9047
Std Test Accurancy: 0.0937
Std Test AUC: 0.0405
------------------------- time cost ------------------------- 97.10299634933472

-------------Round number: 152-------------

Evaluate heterogeneous models
Averaged Test Accuracy (Regular Model): 0.6525
Averaged Train Loss (Regular Model): 0.0092
Averaged Test AUC: 0.9038
Std Test Accurancy: 0.0922
Std Test AUC: 0.0391
------------------------- time cost ------------------------- 98.91232299804688

-------------Round number: 153-------------

Evaluate heterogeneous models
Averaged Test Accuracy (Regular Model): 0.6514
Averaged Train Loss (Regular Model): 0.0046
Averaged Test AUC: 0.9040
Std Test Accurancy: 0.0958
Std Test AUC: 0.0406
------------------------- time cost ------------------------- 97.02485990524292

-------------Round number: 154-------------

Evaluate heterogeneous models
Averaged Test Accuracy (Regular Model): 0.6515
Averaged Train Loss (Regular Model): 0.0025
Averaged Test AUC: 0.9035
Std Test Accurancy: 0.0918
Std Test AUC: 0.0391
------------------------- time cost ------------------------- 96.49005055427551

-------------Round number: 155-------------

Evaluate heterogeneous models
Averaged Test Accuracy (Regular Model): 0.6524
Averaged Train Loss (Regular Model): 0.0080
Averaged Test AUC: 0.9037
Std Test Accurancy: 0.0936
Std Test AUC: 0.0398
------------------------- time cost ------------------------- 99.3295910358429

-------------Round number: 156-------------

Evaluate heterogeneous models
Averaged Test Accuracy (Regular Model): 0.6536
Averaged Train Loss (Regular Model): 0.0068
Averaged Test AUC: 0.9045
Std Test Accurancy: 0.0918
Std Test AUC: 0.0394
------------------------- time cost ------------------------- 96.29649686813354

-------------Round number: 157-------------

Evaluate heterogeneous models
Averaged Test Accuracy (Regular Model): 0.6514
Averaged Train Loss (Regular Model): 0.0184
Averaged Test AUC: 0.9042
Std Test Accurancy: 0.0920
Std Test AUC: 0.0391
------------------------- time cost ------------------------- 97.29960703849792

-------------Round number: 158-------------

Evaluate heterogeneous models
Averaged Test Accuracy (Regular Model): 0.6538
Averaged Train Loss (Regular Model): 0.0070
Averaged Test AUC: 0.9050
Std Test Accurancy: 0.0949
Std Test AUC: 0.0401
------------------------- time cost ------------------------- 96.13540267944336

-------------Round number: 159-------------

Evaluate heterogeneous models
Averaged Test Accuracy (Regular Model): 0.6530
Averaged Train Loss (Regular Model): 0.0066
Averaged Test AUC: 0.9055
Std Test Accurancy: 0.0950
Std Test AUC: 0.0394
------------------------- time cost ------------------------- 98.47627639770508

-------------Round number: 160-------------

Evaluate heterogeneous models
Averaged Test Accuracy (Regular Model): 0.6546
Averaged Train Loss (Regular Model): 0.0063
Averaged Test AUC: 0.9049
Std Test Accurancy: 0.0938
Std Test AUC: 0.0391
------------------------- time cost ------------------------- 99.01329398155212

-------------Round number: 161-------------

Evaluate heterogeneous models
Averaged Test Accuracy (Regular Model): 0.6560
Averaged Train Loss (Regular Model): 0.0048
Averaged Test AUC: 0.9053
Std Test Accurancy: 0.0930
Std Test AUC: 0.0392
------------------------- time cost ------------------------- 100.86099338531494

-------------Round number: 162-------------

Evaluate heterogeneous models
Averaged Test Accuracy (Regular Model): 0.6552
Averaged Train Loss (Regular Model): 0.0051
Averaged Test AUC: 0.9056
Std Test Accurancy: 0.0933
Std Test AUC: 0.0396
------------------------- time cost ------------------------- 99.29986119270325

-------------Round number: 163-------------

Evaluate heterogeneous models
Averaged Test Accuracy (Regular Model): 0.6539
Averaged Train Loss (Regular Model): 0.0046
Averaged Test AUC: 0.9058
Std Test Accurancy: 0.0929
Std Test AUC: 0.0395
------------------------- time cost ------------------------- 97.29193353652954

-------------Round number: 164-------------

Evaluate heterogeneous models
Averaged Test Accuracy (Regular Model): 0.6510
Averaged Train Loss (Regular Model): 0.0497
Averaged Test AUC: 0.8997
Std Test Accurancy: 0.0952
Std Test AUC: 0.0405
------------------------- time cost ------------------------- 97.15546751022339

-------------Round number: 165-------------

Evaluate heterogeneous models
Averaged Test Accuracy (Regular Model): 0.6494
Averaged Train Loss (Regular Model): 0.0337
Averaged Test AUC: 0.9054
Std Test Accurancy: 0.0935
Std Test AUC: 0.0378
------------------------- time cost ------------------------- 96.6324028968811

-------------Round number: 166-------------

Evaluate heterogeneous models
Averaged Test Accuracy (Regular Model): 0.6533
Averaged Train Loss (Regular Model): 0.0255
Averaged Test AUC: 0.9058
Std Test Accurancy: 0.0924
Std Test AUC: 0.0381
------------------------- time cost ------------------------- 100.21835494041443

-------------Round number: 167-------------

Evaluate heterogeneous models
Averaged Test Accuracy (Regular Model): 0.6519
Averaged Train Loss (Regular Model): 0.0358
Averaged Test AUC: 0.9047
Std Test Accurancy: 0.0933
Std Test AUC: 0.0382
------------------------- time cost ------------------------- 100.73981046676636

-------------Round number: 168-------------

Evaluate heterogeneous models
Averaged Test Accuracy (Regular Model): 0.6523
Averaged Train Loss (Regular Model): 0.0439
Averaged Test AUC: 0.9043
Std Test Accurancy: 0.0987
Std Test AUC: 0.0394
------------------------- time cost ------------------------- 99.88495421409607

-------------Round number: 169-------------

Evaluate heterogeneous models
Averaged Test Accuracy (Regular Model): 0.6545
Averaged Train Loss (Regular Model): 0.0278
Averaged Test AUC: 0.9042
Std Test Accurancy: 0.0956
Std Test AUC: 0.0401
------------------------- time cost ------------------------- 99.52126455307007

-------------Round number: 170-------------

Evaluate heterogeneous models
Averaged Test Accuracy (Regular Model): 0.6539
Averaged Train Loss (Regular Model): 0.0137
Averaged Test AUC: 0.9041
Std Test Accurancy: 0.0929
Std Test AUC: 0.0382
------------------------- time cost ------------------------- 98.0399215221405

-------------Round number: 171-------------

Evaluate heterogeneous models
Averaged Test Accuracy (Regular Model): 0.6529
Averaged Train Loss (Regular Model): 0.0196
Averaged Test AUC: 0.9031
Std Test Accurancy: 0.0907
Std Test AUC: 0.0380
------------------------- time cost ------------------------- 99.05649423599243

-------------Round number: 172-------------

Evaluate heterogeneous models
Averaged Test Accuracy (Regular Model): 0.6538
Averaged Train Loss (Regular Model): 0.0359
Averaged Test AUC: 0.9028
Std Test Accurancy: 0.0915
Std Test AUC: 0.0382
------------------------- time cost ------------------------- 99.50750541687012

-------------Round number: 173-------------

Evaluate heterogeneous models
Averaged Test Accuracy (Regular Model): 0.6543
Averaged Train Loss (Regular Model): 0.0173
Averaged Test AUC: 0.9038
Std Test Accurancy: 0.0943
Std Test AUC: 0.0389
------------------------- time cost ------------------------- 99.14436340332031

-------------Round number: 174-------------

Evaluate heterogeneous models
Averaged Test Accuracy (Regular Model): 0.6538
Averaged Train Loss (Regular Model): 0.0238
Averaged Test AUC: 0.9048
Std Test Accurancy: 0.0908
Std Test AUC: 0.0381
------------------------- time cost ------------------------- 99.67725348472595

-------------Round number: 175-------------

Evaluate heterogeneous models
Averaged Test Accuracy (Regular Model): 0.6538
Averaged Train Loss (Regular Model): 0.0178
Averaged Test AUC: 0.9037
Std Test Accurancy: 0.0899
Std Test AUC: 0.0389
------------------------- time cost ------------------------- 97.87431693077087

-------------Round number: 176-------------

Evaluate heterogeneous models
Averaged Test Accuracy (Regular Model): 0.6550
Averaged Train Loss (Regular Model): 0.0131
Averaged Test AUC: 0.9046
Std Test Accurancy: 0.0920
Std Test AUC: 0.0385
------------------------- time cost ------------------------- 99.74373006820679

-------------Round number: 177-------------

Evaluate heterogeneous models
Averaged Test Accuracy (Regular Model): 0.6533
Averaged Train Loss (Regular Model): 0.0144
Averaged Test AUC: 0.9039
Std Test Accurancy: 0.0905
Std Test AUC: 0.0383
------------------------- time cost ------------------------- 99.96535325050354

-------------Round number: 178-------------

Evaluate heterogeneous models
Averaged Test Accuracy (Regular Model): 0.6535
Averaged Train Loss (Regular Model): 0.0124
Averaged Test AUC: 0.9053
Std Test Accurancy: 0.0903
Std Test AUC: 0.0387
------------------------- time cost ------------------------- 98.60637617111206

-------------Round number: 179-------------

Evaluate heterogeneous models
Averaged Test Accuracy (Regular Model): 0.6543
Averaged Train Loss (Regular Model): 0.0196
Averaged Test AUC: 0.9050
Std Test Accurancy: 0.0928
Std Test AUC: 0.0380
------------------------- time cost ------------------------- 101.45801043510437

-------------Round number: 180-------------

Evaluate heterogeneous models
Averaged Test Accuracy (Regular Model): 0.6541
Averaged Train Loss (Regular Model): 0.0146
Averaged Test AUC: 0.9050
Std Test Accurancy: 0.0923
Std Test AUC: 0.0393
------------------------- time cost ------------------------- 98.12045335769653

-------------Round number: 181-------------

Evaluate heterogeneous models
Averaged Test Accuracy (Regular Model): 0.6563
Averaged Train Loss (Regular Model): 0.0118
Averaged Test AUC: 0.9047
Std Test Accurancy: 0.0933
Std Test AUC: 0.0391
------------------------- time cost ------------------------- 99.591801404953

-------------Round number: 182-------------

Evaluate heterogeneous models
Averaged Test Accuracy (Regular Model): 0.6531
Averaged Train Loss (Regular Model): 0.0109
Averaged Test AUC: 0.9049
Std Test Accurancy: 0.0948
Std Test AUC: 0.0391
------------------------- time cost ------------------------- 124.59416675567627

-------------Round number: 183-------------

Evaluate heterogeneous models
Averaged Test Accuracy (Regular Model): 0.6535
Averaged Train Loss (Regular Model): 0.0157
Averaged Test AUC: 0.9047
Std Test Accurancy: 0.0946
Std Test AUC: 0.0396
------------------------- time cost ------------------------- 126.6242163181305

-------------Round number: 184-------------

Evaluate heterogeneous models
Averaged Test Accuracy (Regular Model): 0.6466
Averaged Train Loss (Regular Model): 0.0155
Averaged Test AUC: 0.8987
Std Test Accurancy: 0.1041
Std Test AUC: 0.0501
------------------------- time cost ------------------------- 127.42996191978455

-------------Round number: 185-------------

Evaluate heterogeneous models
Averaged Test Accuracy (Regular Model): 0.6554
Averaged Train Loss (Regular Model): 0.0122
Averaged Test AUC: 0.9061
Std Test Accurancy: 0.0969
Std Test AUC: 0.0409
------------------------- time cost ------------------------- 126.60499143600464

-------------Round number: 186-------------

Evaluate heterogeneous models
Averaged Test Accuracy (Regular Model): 0.6532
Averaged Train Loss (Regular Model): 0.0138
Averaged Test AUC: 0.9064
Std Test Accurancy: 0.0936
Std Test AUC: 0.0398
------------------------- time cost ------------------------- 130.28865599632263

-------------Round number: 187-------------

Evaluate heterogeneous models
Averaged Test Accuracy (Regular Model): 0.6547
Averaged Train Loss (Regular Model): 0.0131
Averaged Test AUC: 0.9066
Std Test Accurancy: 0.0957
Std Test AUC: 0.0392
------------------------- time cost ------------------------- 125.78182888031006

-------------Round number: 188-------------

Evaluate heterogeneous models
Averaged Test Accuracy (Regular Model): 0.6527
Averaged Train Loss (Regular Model): 0.0055
Averaged Test AUC: 0.9063
Std Test Accurancy: 0.0957
Std Test AUC: 0.0395
------------------------- time cost ------------------------- 129.9894757270813

-------------Round number: 189-------------

Evaluate heterogeneous models
Averaged Test Accuracy (Regular Model): 0.6528
Averaged Train Loss (Regular Model): 0.0102
Averaged Test AUC: 0.9061
Std Test Accurancy: 0.0984
Std Test AUC: 0.0400
------------------------- time cost ------------------------- 128.7278130054474

-------------Round number: 190-------------

Evaluate heterogeneous models
Averaged Test Accuracy (Regular Model): 0.6535
Averaged Train Loss (Regular Model): 0.0055
Averaged Test AUC: 0.9054
Std Test Accurancy: 0.0958
Std Test AUC: 0.0404
------------------------- time cost ------------------------- 118.88725590705872

-------------Round number: 191-------------

Evaluate heterogeneous models
Averaged Test Accuracy (Regular Model): 0.6539
Averaged Train Loss (Regular Model): 0.0123
Averaged Test AUC: 0.9049
Std Test Accurancy: 0.0994
Std Test AUC: 0.0428
------------------------- time cost ------------------------- 127.26069045066833

-------------Round number: 192-------------

Evaluate heterogeneous models
Averaged Test Accuracy (Regular Model): 0.6525
Averaged Train Loss (Regular Model): 0.0079
Averaged Test AUC: 0.9053
Std Test Accurancy: 0.0948
Std Test AUC: 0.0407
------------------------- time cost ------------------------- 124.59419846534729

-------------Round number: 193-------------

Evaluate heterogeneous models
Averaged Test Accuracy (Regular Model): 0.6563
Averaged Train Loss (Regular Model): 0.0112
Averaged Test AUC: 0.9054
Std Test Accurancy: 0.0961
Std Test AUC: 0.0411
------------------------- time cost ------------------------- 125.63523197174072

-------------Round number: 194-------------

Evaluate heterogeneous models
Averaged Test Accuracy (Regular Model): 0.6550
Averaged Train Loss (Regular Model): 0.0072
Averaged Test AUC: 0.9061
Std Test Accurancy: 0.0936
Std Test AUC: 0.0401
------------------------- time cost ------------------------- 126.59681344032288

-------------Round number: 195-------------

Evaluate heterogeneous models
Averaged Test Accuracy (Regular Model): 0.6573
Averaged Train Loss (Regular Model): 0.0062
Averaged Test AUC: 0.9067
Std Test Accurancy: 0.0943
Std Test AUC: 0.0400
------------------------- time cost ------------------------- 123.48810863494873

-------------Round number: 196-------------

Evaluate heterogeneous models
Averaged Test Accuracy (Regular Model): 0.6526
Averaged Train Loss (Regular Model): 0.0053
Averaged Test AUC: 0.9054
Std Test Accurancy: 0.0970
Std Test AUC: 0.0399
------------------------- time cost ------------------------- 122.93563556671143

-------------Round number: 197-------------

Evaluate heterogeneous models
Averaged Test Accuracy (Regular Model): 0.6544
Averaged Train Loss (Regular Model): 0.0043
Averaged Test AUC: 0.9058
Std Test Accurancy: 0.0924
Std Test AUC: 0.0395
------------------------- time cost ------------------------- 124.10292029380798

-------------Round number: 198-------------

Evaluate heterogeneous models
Averaged Test Accuracy (Regular Model): 0.6543
Averaged Train Loss (Regular Model): 0.0121
Averaged Test AUC: 0.9060
Std Test Accurancy: 0.0910
Std Test AUC: 0.0391
------------------------- time cost ------------------------- 127.88875842094421

-------------Round number: 199-------------

Evaluate heterogeneous models
Averaged Test Accuracy (Regular Model): 0.6535
Averaged Train Loss (Regular Model): 0.0099
Averaged Test AUC: 0.9059
Std Test Accurancy: 0.0924
Std Test AUC: 0.0390
------------------------- time cost ------------------------- 125.54867196083069

-------------Round number: 200-------------

Evaluate heterogeneous models
Averaged Test Accuracy (Regular Model): 0.6555
Averaged Train Loss (Regular Model): 0.0150
Averaged Test AUC: 0.9058
Std Test Accurancy: 0.0911
Std Test AUC: 0.0392

Best accuracy.
0.6572760572760573

Average time cost per round.
102.44891919851302
File path: ../results/Cifar10_dir_0.3_imbalance_40_FedGen_test_0.h5

Average time cost: 21719.89s.
Length:  201
std for best accurancy: 0.0
mean for best accurancy: 0.6572760572760573
All done!

Storage on cpu
-------------------------------------------------------------------------------
Total Tensors: 10650 	Used Memory: 60.50K
-------------------------------------------------------------------------------

Storage on cuda:0
-------------------------------------------------------------------------------
Total Tensors: 820000 	Used Memory: 3.16M
The allocated memory on cuda:0: 3.16M
-------------------------------------------------------------------------------
