==================================================
goal = test
device = cuda
device_id = 0
dataset = Cifar10_dir_0.3_imbalance_40
num_classes = 10
model_family = HtFE8
batch_size = 256
local_learning_rate = 0.08
use_decay_scheduler = False
learning_rate_decay = False
learning_rate_decay_gamma = 0.99
global_rounds = 200
edge_epochs = 1
local_epochs = 10
algorithm = FedSAE
join_ratio = 1.0
random_join_ratio = False
num_clients = 40
num_edges = 10
prev = 0
times = 1
eval_gap = 1
save_folder_name = temp
auto_break = False
feature_dim = 512
vocab_size = 98635
max_len = 200
client_drop_rate = 0.0
train_slow_rate = 0.0
send_slow_rate = 0.0
time_select = False
time_threthold = 10000
lamda = 1.0
trans_delay_simulate = False
momentum = 0.5
agg_type = 0
buffersize = 10
mixclassifier = 0
gl_use_clients = 1
test_useglclassifier = 1
tgpaddmse = 0
addmse = 0
gamma = 1
addTGP = 0
SAEbeta = 0
drawtsne = 1
drawround = 10
noise_dim = 512
generator_learning_rate = 0.005
hidden_dim = 512
server_epochs = 100
alpha = 1.0
beta = 1.0
mentee_learning_rate = 0.005
T_start = 0.95
T_end = 0.98
server_learning_rate = 0.01
margin_threthold = 100.0
generator_path = stylegan/stylegan-xl-models/imagenet64.pkl
stable_diffusion_prompt = a cat
server_batch_size = 100
gen_batch_size = 4
mu = 50.0
==================================================
Random seed set as 42

============= Running time: 0th =============
Creating server and clients ...
FedAvgCNN(in_features=3, num_classes=args.num_classes, dim=1600)
torchvision.models.googlenet(pretrained=False, aux_logits=False, num_classes=args.num_classes)
mobilenet_v2(pretrained=False, num_classes=args.num_classes)
torchvision.models.resnet18(pretrained=False, num_classes=args.num_classes)
torchvision.models.resnet34(pretrained=False, num_classes=args.num_classes)
torchvision.models.resnet50(pretrained=False, num_classes=args.num_classes)
torchvision.models.resnet101(pretrained=False, num_classes=args.num_classes)
torchvision.models.resnet152(pretrained=False, num_classes=args.num_classes)
FedAvgCNN(in_features=3, num_classes=args.num_classes, dim=1600) model chosen!
id 0
label_counts: defaultdict(<class 'int'>, {6: 87, 7: 347, 3: 400, 1: 47, 4: 179, 8: 41, 2: 1, 5: 2, 9: 2, 0: 2})
torchvision.models.googlenet(pretrained=False, aux_logits=False, num_classes=args.num_classes) model chosen!
id 1
label_counts: defaultdict(<class 'int'>, {2: 855, 4: 327, 0: 5, 3: 3})
mobilenet_v2(pretrained=False, num_classes=args.num_classes) model chosen!
id 2
label_counts: defaultdict(<class 'int'>, {5: 141, 9: 71, 4: 177, 8: 162, 6: 36, 2: 95, 1: 9, 7: 49, 0: 23, 3: 2})
torchvision.models.resnet18(pretrained=False, num_classes=args.num_classes) model chosen!
id 3
label_counts: defaultdict(<class 'int'>, {9: 347, 4: 88, 5: 394, 8: 32, 7: 415, 2: 15, 0: 3})
torchvision.models.resnet34(pretrained=False, num_classes=args.num_classes) model chosen!
id 4
label_counts: defaultdict(<class 'int'>, {8: 172, 2: 591, 3: 83, 7: 30, 5: 234, 1: 3, 4: 18, 0: 18})
torchvision.models.resnet50(pretrained=False, num_classes=args.num_classes) model chosen!
id 5
label_counts: defaultdict(<class 'int'>, {0: 841, 5: 565, 1: 70, 3: 35})
torchvision.models.resnet101(pretrained=False, num_classes=args.num_classes) model chosen!
id 6
label_counts: defaultdict(<class 'int'>, {3: 381, 6: 154, 8: 143, 9: 43, 0: 93, 1: 15, 2: 1, 4: 2, 7: 1})
torchvision.models.resnet152(pretrained=False, num_classes=args.num_classes) model chosen!
id 7
label_counts: defaultdict(<class 'int'>, {9: 1519, 4: 349, 3: 115, 2: 76, 0: 78, 7: 79, 5: 29, 1: 6, 6: 1})
FedAvgCNN(in_features=3, num_classes=args.num_classes, dim=1600) model chosen!
id 8
label_counts: defaultdict(<class 'int'>, {4: 425, 1: 15, 3: 83, 8: 161, 0: 4, 2: 115, 7: 92, 9: 10, 6: 5, 5: 2})
torchvision.models.googlenet(pretrained=False, aux_logits=False, num_classes=args.num_classes) model chosen!
id 9
label_counts: defaultdict(<class 'int'>, {7: 286, 1: 64, 4: 95, 0: 7, 2: 80, 3: 14, 9: 28, 5: 7})
mobilenet_v2(pretrained=False, num_classes=args.num_classes) model chosen!
id 10
label_counts: defaultdict(<class 'int'>, {8: 906, 0: 830, 4: 108, 1: 17, 3: 11, 2: 10, 6: 6, 5: 5})
torchvision.models.resnet18(pretrained=False, num_classes=args.num_classes) model chosen!
id 11
label_counts: defaultdict(<class 'int'>, {8: 208, 7: 8, 1: 227, 2: 238, 3: 16, 9: 48, 5: 2, 6: 2, 4: 1})
torchvision.models.resnet34(pretrained=False, num_classes=args.num_classes) model chosen!
id 12
label_counts: defaultdict(<class 'int'>, {4: 354, 6: 681, 1: 47, 0: 50, 3: 4, 5: 1, 2: 2})
torchvision.models.resnet50(pretrained=False, num_classes=args.num_classes) model chosen!
id 13
label_counts: defaultdict(<class 'int'>, {0: 464, 6: 426, 3: 90, 2: 271, 1: 67, 4: 10})
torchvision.models.resnet101(pretrained=False, num_classes=args.num_classes) model chosen!
id 14
label_counts: defaultdict(<class 'int'>, {5: 746, 1: 509, 4: 104, 3: 17, 0: 30, 2: 1})
torchvision.models.resnet152(pretrained=False, num_classes=args.num_classes) model chosen!
id 15
label_counts: defaultdict(<class 'int'>, {4: 973, 2: 843, 1: 155, 0: 75, 3: 45})
FedAvgCNN(in_features=3, num_classes=args.num_classes, dim=1600) model chosen!
id 16
label_counts: defaultdict(<class 'int'>, {6: 120, 1: 2, 3: 448, 0: 8, 8: 77, 9: 202, 4: 43, 5: 71})
torchvision.models.googlenet(pretrained=False, aux_logits=False, num_classes=args.num_classes) model chosen!
id 17
label_counts: defaultdict(<class 'int'>, {7: 978, 0: 8, 6: 42, 3: 84, 2: 130, 5: 9, 4: 48})
mobilenet_v2(pretrained=False, num_classes=args.num_classes) model chosen!
id 18
label_counts: defaultdict(<class 'int'>, {0: 260, 5: 179, 1: 196, 4: 82, 3: 53, 7: 8, 8: 51, 6: 3, 2: 2})
torchvision.models.resnet18(pretrained=False, num_classes=args.num_classes) model chosen!
id 19
label_counts: defaultdict(<class 'int'>, {1: 456, 5: 56, 9: 86, 8: 150, 2: 46, 6: 20, 7: 10, 3: 7})
torchvision.models.resnet34(pretrained=False, num_classes=args.num_classes) model chosen!
id 20
label_counts: defaultdict(<class 'int'>, {3: 362, 0: 218, 4: 48, 8: 358, 7: 24, 6: 242, 2: 17, 5: 6})
torchvision.models.resnet50(pretrained=False, num_classes=args.num_classes) model chosen!
id 21
label_counts: defaultdict(<class 'int'>, {1: 276, 0: 436, 5: 44, 4: 131, 2: 72, 3: 93, 8: 33, 9: 2, 6: 2})
torchvision.models.resnet101(pretrained=False, num_classes=args.num_classes) model chosen!
id 22
label_counts: defaultdict(<class 'int'>, {3: 97, 6: 159, 8: 459, 9: 131, 5: 64, 1: 82, 7: 22, 4: 2, 2: 1})
torchvision.models.resnet152(pretrained=False, num_classes=args.num_classes) model chosen!
id 23
label_counts: defaultdict(<class 'int'>, {2: 510, 3: 373, 1: 205, 0: 170})
FedAvgCNN(in_features=3, num_classes=args.num_classes, dim=1600) model chosen!
id 24
label_counts: defaultdict(<class 'int'>, {4: 111, 7: 407, 6: 231, 2: 21, 1: 151, 8: 68, 3: 19, 9: 44, 0: 4})
torchvision.models.googlenet(pretrained=False, aux_logits=False, num_classes=args.num_classes) model chosen!
id 25
label_counts: defaultdict(<class 'int'>, {7: 336, 4: 100, 1: 353, 5: 197, 6: 83, 3: 29, 2: 11, 9: 2, 8: 3, 0: 2})
mobilenet_v2(pretrained=False, num_classes=args.num_classes) model chosen!
id 26
label_counts: defaultdict(<class 'int'>, {9: 885, 0: 276, 3: 116, 5: 59, 8: 57, 1: 18, 6: 2, 4: 3})
torchvision.models.resnet18(pretrained=False, num_classes=args.num_classes) model chosen!
id 27
label_counts: defaultdict(<class 'int'>, {6: 360, 5: 140, 1: 24, 3: 12, 4: 28, 9: 54, 2: 15})
torchvision.models.resnet34(pretrained=False, num_classes=args.num_classes) model chosen!
id 28
label_counts: defaultdict(<class 'int'>, {8: 31, 5: 486, 1: 148, 0: 87, 4: 71, 7: 29, 6: 12, 2: 2, 3: 1})
torchvision.models.resnet50(pretrained=False, num_classes=args.num_classes) model chosen!
id 29
label_counts: defaultdict(<class 'int'>, {5: 380, 7: 932, 1: 46, 6: 48, 4: 10, 3: 54, 2: 10})
torchvision.models.resnet101(pretrained=False, num_classes=args.num_classes) model chosen!
id 30
label_counts: defaultdict(<class 'int'>, {3: 724, 2: 19, 6: 555, 0: 95, 5: 89, 4: 8, 1: 1})
torchvision.models.resnet152(pretrained=False, num_classes=args.num_classes) model chosen!
id 31
label_counts: defaultdict(<class 'int'>, {6: 65, 0: 185, 9: 201, 1: 130, 7: 52, 3: 7, 4: 61, 2: 12, 5: 41})
FedAvgCNN(in_features=3, num_classes=args.num_classes, dim=1600) model chosen!
id 32
label_counts: defaultdict(<class 'int'>, {0: 33, 5: 339, 8: 81, 9: 53, 2: 65, 1: 9, 3: 3, 7: 1, 6: 11})
torchvision.models.googlenet(pretrained=False, aux_logits=False, num_classes=args.num_classes) model chosen!
id 33
label_counts: defaultdict(<class 'int'>, {6: 249, 1: 688, 8: 63, 4: 82, 5: 32, 7: 39, 0: 10, 2: 2})
mobilenet_v2(pretrained=False, num_classes=args.num_classes) model chosen!
id 34
label_counts: defaultdict(<class 'int'>, {8: 782, 6: 180, 4: 26, 1: 196, 3: 124, 7: 25, 2: 5})
torchvision.models.resnet18(pretrained=False, num_classes=args.num_classes) model chosen!
id 35
label_counts: defaultdict(<class 'int'>, {0: 69, 2: 255, 9: 362, 3: 64, 6: 20, 7: 151, 8: 12, 1: 7, 4: 8})
torchvision.models.resnet34(pretrained=False, num_classes=args.num_classes) model chosen!
id 36
label_counts: defaultdict(<class 'int'>, {5: 152, 8: 159, 1: 70, 9: 83, 4: 109, 2: 15, 7: 10, 0: 1})
torchvision.models.resnet50(pretrained=False, num_classes=args.num_classes) model chosen!
id 37
label_counts: defaultdict(<class 'int'>, {1: 171, 0: 116, 4: 82, 6: 519, 9: 20, 3: 58, 7: 10, 5: 16, 2: 10})
torchvision.models.resnet101(pretrained=False, num_classes=args.num_classes) model chosen!
id 38
label_counts: defaultdict(<class 'int'>, {2: 125, 7: 141, 6: 156, 5: 29, 8: 27, 3: 111, 1: 29, 9: 20, 0: 6})
torchvision.models.resnet152(pretrained=False, num_classes=args.num_classes) model chosen!
id 39
label_counts: defaultdict(<class 'int'>, {3: 345, 8: 216, 9: 312, 4: 217, 0: 3, 5: 5, 7: 4, 2: 1, 1: 1})

Join ratio / total clients: 1.0 / 40
Finished creating server and clients.
Trainable_prototypes(
  (embedings): Embedding(10, 512)
  (middle): Sequential(
    (0): Sequential(
      (0): Linear(in_features=512, out_features=512, bias=True)
      (1): ReLU()
    )
  )
  (fc): Linear(in_features=512, out_features=512, bias=True)
)
tobetrained:
[9, 8, 7, 6, 5, 4, 3, 2, 1, 0]
Edge 9 begin training
Server global_protos Not Found
Server glclassifier Not Found
Client_5 protos Not Found
Server global_protos Not Found
Server glclassifier Not Found
Client_31 protos Not Found
Server global_protos Not Found
Server glclassifier Not Found
Client_13 protos Not Found
Server global_protos Not Found
Server glclassifier Not Found
Client_0 protos Not Found
Edge 8 begin training
Server global_protos Not Found
Server glclassifier Not Found
Client_16 protos Not Found
Server global_protos Not Found
Server glclassifier Not Found
Client_1 protos Not Found
Server global_protos Not Found
Server glclassifier Not Found
Client_26 protos Not Found
Server global_protos Not Found
Server glclassifier Not Found
Client_36 protos Not Found
Edge 7 begin training
Server global_protos Not Found
Server glclassifier Not Found
Client_24 protos Not Found
Server global_protos Not Found
Server glclassifier Not Found
Client_7 protos Not Found
Server global_protos Not Found
Server glclassifier Not Found
Client_27 protos Not Found
Server global_protos Not Found
Server glclassifier Not Found
Client_2 protos Not Found
Edge 6 begin training
Server global_protos Not Found
Server glclassifier Not Found
Client_32 protos Not Found
Server global_protos Not Found
Server glclassifier Not Found
Client_38 protos Not Found
Server global_protos Not Found
Server glclassifier Not Found
Client_8 protos Not Found
Server global_protos Not Found
Server glclassifier Not Found
Client_23 protos Not Found
Edge 5 begin training
Server global_protos Not Found
Server glclassifier Not Found
Client_9 protos Not Found
Server global_protos Not Found
Server glclassifier Not Found
Client_33 protos Not Found
Server global_protos Not Found
Server glclassifier Not Found
Client_29 protos Not Found
Server global_protos Not Found
Server glclassifier Not Found
Client_6 protos Not Found
Edge 4 begin training
Server global_protos Not Found
Server glclassifier Not Found
Client_30 protos Not Found
Server global_protos Not Found
Server glclassifier Not Found
Client_10 protos Not Found
Server global_protos Not Found
Server glclassifier Not Found
Client_18 protos Not Found
Server global_protos Not Found
Server glclassifier Not Found
Client_17 protos Not Found
Edge 3 begin training
Server global_protos Not Found
Server glclassifier Not Found
Client_14 protos Not Found
Server global_protos Not Found
Server glclassifier Not Found
Client_15 protos Not Found
Server global_protos Not Found
Server glclassifier Not Found
Client_39 protos Not Found
Server global_protos Not Found
Server glclassifier Not Found
Client_35 protos Not Found
Edge 2 begin training
Server global_protos Not Found
Server glclassifier Not Found
Client_21 protos Not Found
Server global_protos Not Found
Server glclassifier Not Found
Client_3 protos Not Found
Server global_protos Not Found
Server glclassifier Not Found
Client_19 protos Not Found
Server global_protos Not Found
Server glclassifier Not Found
Client_11 protos Not Found
Edge 1 begin training
Server global_protos Not Found
Server glclassifier Not Found
Client_12 protos Not Found
Server global_protos Not Found
Server glclassifier Not Found
Client_20 protos Not Found
Server global_protos Not Found
Server glclassifier Not Found
Client_22 protos Not Found
Server global_protos Not Found
Server glclassifier Not Found
Client_25 protos Not Found
Edge 0 begin training
Server global_protos Not Found
Server glclassifier Not Found
Client_37 protos Not Found
Server global_protos Not Found
Server glclassifier Not Found
Client_34 protos Not Found
Server global_protos Not Found
Server glclassifier Not Found
Client_28 protos Not Found
Server global_protos Not Found
Server glclassifier Not Found
Client_4 protos Not Found
readyList:
[0, 8, 2, 5, 1, 9, 4, 6, 7, 3]
aggregation_buffer:
[0, 8, 2, 5, 1, 9, 4, 6, 7, 3]
train global classifier
train glclassifier time: 4.738682851195335
global classifier accuracy in train virtual: 67.7825
Number of samples: 326
end Update
server_global_time: 16.53504879772663
only_train_time: 160.33635316044092

-------------Global Round number: 0-------------

Evaluate heterogeneous models
Averaged Test Accuracy (Regular Model): 0.5051
Averaged Test Accuracy (Prototype Model): 0.2105
Averaged Train Loss (Regular Model): 0.9002
Averaged Train Loss (Regular + Proto): 0.9002
Std Test Accuracy (Regular Model): 0.1688
Std Test Accuracy (Prototype Model): 0.1715
tobetrained:
[0, 8, 2, 5, 1, 9, 4, 6, 7, 3]
Edge 0 begin training
Edge 8 begin training
Edge 2 begin training
Edge 5 begin training
Edge 1 begin training
Edge 9 begin training
Edge 4 begin training
Edge 6 begin training
Edge 7 begin training
Edge 3 begin training
readyList:
[0, 8, 2, 1, 5, 9, 4, 6, 3, 7]
aggregation_buffer:
[0, 8, 2, 1, 5, 9, 4, 6, 3, 7]
train global classifier
train glclassifier time: 4.703146480023861
global classifier accuracy in train virtual: 92.0225
end Update
server_global_time: 33.977695532143116
only_train_time: 334.11846846342087

-------------Global Round number: 1-------------

Evaluate heterogeneous models
Averaged Test Accuracy (Regular Model): 0.6079
Averaged Test Accuracy (Prototype Model): 0.5503
Averaged Train Loss (Regular Model): 0.4668
Averaged Train Loss (Regular + Proto): 0.6994
Std Test Accuracy (Regular Model): 0.1287
Std Test Accuracy (Prototype Model): 0.1597
tobetrained:
[0, 8, 2, 1, 5, 9, 4, 6, 3, 7]
Edge 0 begin training
Edge 8 begin training
Edge 2 begin training
Edge 1 begin training
Edge 5 begin training
Edge 9 begin training
Edge 4 begin training
Edge 6 begin training
Edge 3 begin training
Edge 7 begin training
readyList:
[0, 8, 2, 5, 1, 9, 4, 6, 3, 7]
aggregation_buffer:
[0, 8, 2, 5, 1, 9, 4, 6, 3, 7]
train global classifier
train glclassifier time: 5.191280245780945
global classifier accuracy in train virtual: 96.505
end Update
server_global_time: 51.26429022103548
only_train_time: 505.5377236455679

-------------Global Round number: 2-------------

Evaluate heterogeneous models
Averaged Test Accuracy (Regular Model): 0.6274
Averaged Test Accuracy (Prototype Model): 0.5933
Averaged Train Loss (Regular Model): 0.2844
Averaged Train Loss (Regular + Proto): 0.4322
Std Test Accuracy (Regular Model): 0.1013
Std Test Accuracy (Prototype Model): 0.1157
tobetrained:
[0, 8, 2, 5, 1, 9, 4, 6, 3, 7]
Edge 0 begin training
Edge 8 begin training
Edge 2 begin training
Edge 5 begin training
Edge 1 begin training
Edge 9 begin training
Edge 4 begin training
Edge 6 begin training
Edge 3 begin training
Edge 7 begin training
readyList:
[0, 2, 8, 5, 1, 9, 4, 6, 3, 7]
aggregation_buffer:
[0, 2, 8, 5, 1, 9, 4, 6, 3, 7]
train global classifier
train glclassifier time: 5.370616905391216
global classifier accuracy in train virtual: 98.41
end Update
server_global_time: 69.44165037572384
only_train_time: 677.4968377798796

-------------Global Round number: 3-------------

Evaluate heterogeneous models
Averaged Test Accuracy (Regular Model): 0.6309
Averaged Test Accuracy (Prototype Model): 0.6127
Averaged Train Loss (Regular Model): 0.1894
Averaged Train Loss (Regular + Proto): 0.3016
Std Test Accuracy (Regular Model): 0.1020
Std Test Accuracy (Prototype Model): 0.1073
tobetrained:
[0, 2, 8, 5, 1, 9, 4, 6, 3, 7]
Edge 0 begin training
Edge 2 begin training
Edge 8 begin training
Edge 5 begin training
Edge 1 begin training
Edge 9 begin training
Edge 4 begin training
Edge 6 begin training
Edge 3 begin training
Edge 7 begin training
readyList:
[0, 8, 2, 5, 1, 9, 4, 6, 3, 7]
aggregation_buffer:
[0, 8, 2, 5, 1, 9, 4, 6, 3, 7]
train global classifier
train glclassifier time: 4.765405587852001
global classifier accuracy in train virtual: 98.8725
end Update
server_global_time: 87.17879758030176
only_train_time: 847.7372529283166

-------------Global Round number: 4-------------

Evaluate heterogeneous models
Averaged Test Accuracy (Regular Model): 0.6415
Averaged Test Accuracy (Prototype Model): 0.6278
Averaged Train Loss (Regular Model): 0.1154
Averaged Train Loss (Regular + Proto): 0.2061
Std Test Accuracy (Regular Model): 0.0996
Std Test Accuracy (Prototype Model): 0.1005
tobetrained:
[0, 8, 2, 5, 1, 9, 4, 6, 3, 7]
Edge 0 begin training
Edge 8 begin training
Edge 2 begin training
Edge 5 begin training
Edge 1 begin training
Edge 9 begin training
Edge 4 begin training
Edge 6 begin training
Edge 3 begin training
Edge 7 begin training
readyList:
[0, 8, 2, 5, 1, 9, 4, 6, 7, 3]
aggregation_buffer:
[0, 8, 2, 5, 1, 9, 4, 6, 7, 3]
train global classifier
train glclassifier time: 4.604774631559849
global classifier accuracy in train virtual: 99.61
end Update
server_global_time: 104.72470210492611
only_train_time: 1017.8922410607338

-------------Global Round number: 5-------------

Evaluate heterogeneous models
Averaged Test Accuracy (Regular Model): 0.6447
Averaged Test Accuracy (Prototype Model): 0.6348
Averaged Train Loss (Regular Model): 0.0995
Averaged Train Loss (Regular + Proto): 0.1766
Std Test Accuracy (Regular Model): 0.1028
Std Test Accuracy (Prototype Model): 0.1060
tobetrained:
[0, 8, 2, 5, 1, 9, 4, 6, 7, 3]
Edge 0 begin training
Edge 8 begin training
Edge 2 begin training
Edge 5 begin training
Edge 1 begin training
Edge 9 begin training
Edge 4 begin training
Edge 6 begin training
Edge 7 begin training
Edge 3 begin training
readyList:
[0, 2, 8, 5, 1, 9, 4, 6, 3, 7]
aggregation_buffer:
[0, 2, 8, 5, 1, 9, 4, 6, 3, 7]
train global classifier
train glclassifier time: 4.456759676337242
global classifier accuracy in train virtual: 99.895
end Update
server_global_time: 121.89639086276293
only_train_time: 1187.0132561326027

-------------Global Round number: 6-------------

Evaluate heterogeneous models
Averaged Test Accuracy (Regular Model): 0.6441
Averaged Test Accuracy (Prototype Model): 0.6379
Averaged Train Loss (Regular Model): 0.0639
Averaged Train Loss (Regular + Proto): 0.1292
Std Test Accuracy (Regular Model): 0.0948
Std Test Accuracy (Prototype Model): 0.0946
tobetrained:
[0, 2, 8, 5, 1, 9, 4, 6, 3, 7]
Edge 0 begin training
Edge 2 begin training
Edge 8 begin training
Edge 5 begin training
Edge 1 begin training
Edge 9 begin training
Edge 4 begin training
Edge 6 begin training
Edge 3 begin training
Edge 7 begin training
readyList:
[0, 8, 2, 5, 9, 1, 4, 6, 3, 7]
aggregation_buffer:
[0, 8, 2, 5, 9, 1, 4, 6, 3, 7]
train global classifier
train glclassifier time: 4.415650732815266
global classifier accuracy in train virtual: 99.95
end Update
server_global_time: 139.1220699325204
only_train_time: 1360.1847399324179

-------------Global Round number: 7-------------

Evaluate heterogeneous models
Averaged Test Accuracy (Regular Model): 0.6535
Averaged Test Accuracy (Prototype Model): 0.6453
Averaged Train Loss (Regular Model): 0.0493
Averaged Train Loss (Regular + Proto): 0.1067
Std Test Accuracy (Regular Model): 0.0961
Std Test Accuracy (Prototype Model): 0.0987
tobetrained:
[0, 8, 2, 5, 9, 1, 4, 6, 3, 7]
Edge 0 begin training
Edge 8 begin training
Edge 2 begin training
Edge 5 begin training
Edge 9 begin training
Edge 1 begin training
Edge 4 begin training
Edge 6 begin training
Edge 3 begin training
Edge 7 begin training
readyList:
[0, 8, 2, 5, 9, 1, 4, 6, 3, 7]
aggregation_buffer:
[0, 8, 2, 5, 9, 1, 4, 6, 3, 7]
train global classifier
train glclassifier time: 4.752591215074062
global classifier accuracy in train virtual: 99.795
end Update
server_global_time: 156.70184661448002
only_train_time: 1535.9893643185496

-------------Global Round number: 8-------------

Evaluate heterogeneous models
Averaged Test Accuracy (Regular Model): 0.6507
Averaged Test Accuracy (Prototype Model): 0.6446
Averaged Train Loss (Regular Model): 0.0694
Averaged Train Loss (Regular + Proto): 0.1231
Std Test Accuracy (Regular Model): 0.1007
Std Test Accuracy (Prototype Model): 0.1027
tobetrained:
[0, 8, 2, 5, 9, 1, 4, 6, 3, 7]
Edge 0 begin training
Edge 8 begin training
Edge 2 begin training
Edge 5 begin training
Edge 9 begin training
Edge 1 begin training
Edge 4 begin training
Edge 6 begin training
Edge 3 begin training
Edge 7 begin training
readyList:
[0, 8, 2, 9, 1, 5, 4, 6, 3, 7]
aggregation_buffer:
[0, 8, 2, 9, 1, 5, 4, 6, 3, 7]
train global classifier
train glclassifier time: 4.707145236432552
global classifier accuracy in train virtual: 99.9775
end Update
server_global_time: 174.26339846104383
only_train_time: 1708.5301483273506

-------------Global Round number: 9-------------

Evaluate heterogeneous models
Averaged Test Accuracy (Regular Model): 0.6489
Averaged Test Accuracy (Prototype Model): 0.6464
Averaged Train Loss (Regular Model): 0.0375
Averaged Train Loss (Regular + Proto): 0.0849
Std Test Accuracy (Regular Model): 0.0954
Std Test Accuracy (Prototype Model): 0.0968
tobetrained:
[0, 8, 2, 9, 1, 5, 4, 6, 3, 7]
Edge 0 begin training
Edge 8 begin training
Edge 2 begin training
Edge 9 begin training
Edge 1 begin training
Edge 5 begin training
Edge 4 begin training
Edge 6 begin training
Edge 3 begin training
Edge 7 begin training
readyList:
[0, 8, 2, 5, 1, 9, 4, 6, 7, 3]
aggregation_buffer:
[0, 8, 2, 5, 1, 9, 4, 6, 7, 3]
train global classifier
train glclassifier time: 4.624233305454254
global classifier accuracy in train virtual: 99.985
Number of samples: 326
end Update
server_global_time: 192.06235487759113
only_train_time: 1883.6942106708884

-------------Global Round number: 10-------------

Evaluate heterogeneous models
Averaged Test Accuracy (Regular Model): 0.6525
Averaged Test Accuracy (Prototype Model): 0.6502
Averaged Train Loss (Regular Model): 0.0415
Averaged Train Loss (Regular + Proto): 0.0858
Std Test Accuracy (Regular Model): 0.0989
Std Test Accuracy (Prototype Model): 0.1002
tobetrained:
[0, 8, 2, 5, 1, 9, 4, 6, 7, 3]
Edge 0 begin training
Edge 8 begin training
Edge 2 begin training
Edge 5 begin training
Edge 1 begin training
Edge 9 begin training
Edge 4 begin training
Edge 6 begin training
Edge 7 begin training
Edge 3 begin training
readyList:
[0, 8, 2, 5, 1, 9, 4, 6, 3, 7]
aggregation_buffer:
[0, 8, 2, 5, 1, 9, 4, 6, 3, 7]
train global classifier
train glclassifier time: 4.72712416946888
global classifier accuracy in train virtual: 99.98
end Update
server_global_time: 210.06418897211552
only_train_time: 2055.7712221592665

-------------Global Round number: 11-------------

Evaluate heterogeneous models
Averaged Test Accuracy (Regular Model): 0.6575
Averaged Test Accuracy (Prototype Model): 0.6551
Averaged Train Loss (Regular Model): 0.0428
Averaged Train Loss (Regular + Proto): 0.0837
Std Test Accuracy (Regular Model): 0.0928
Std Test Accuracy (Prototype Model): 0.0932
tobetrained:
[0, 8, 2, 5, 1, 9, 4, 6, 3, 7]
Edge 0 begin training
Edge 8 begin training
Edge 2 begin training
Edge 5 begin training
Edge 1 begin training
Edge 9 begin training
Edge 4 begin training
Edge 6 begin training
Edge 3 begin training
Edge 7 begin training
readyList:
[0, 8, 2, 1, 5, 9, 4, 6, 7, 3]
aggregation_buffer:
[0, 8, 2, 1, 5, 9, 4, 6, 7, 3]
train global classifier
train glclassifier time: 4.259357333183289
global classifier accuracy in train virtual: 99.9075
end Update
server_global_time: 228.2643178999424
only_train_time: 2231.446914114058

-------------Global Round number: 12-------------

Evaluate heterogeneous models
Averaged Test Accuracy (Regular Model): 0.6544
Averaged Test Accuracy (Prototype Model): 0.6519
Averaged Train Loss (Regular Model): 0.0588
Averaged Train Loss (Regular + Proto): 0.0978
Std Test Accuracy (Regular Model): 0.0918
Std Test Accuracy (Prototype Model): 0.0934
tobetrained:
[0, 8, 2, 1, 5, 9, 4, 6, 7, 3]
Edge 0 begin training
Edge 8 begin training
Edge 2 begin training
Edge 1 begin training
Edge 5 begin training
Edge 9 begin training
Edge 4 begin training
Edge 6 begin training
Edge 7 begin training
Edge 3 begin training
readyList:
[0, 8, 2, 5, 1, 9, 4, 6, 3, 7]
aggregation_buffer:
[0, 8, 2, 5, 1, 9, 4, 6, 3, 7]
train global classifier
train glclassifier time: 4.172368668019772
global classifier accuracy in train virtual: 99.995
end Update
server_global_time: 245.87324262410402
only_train_time: 2403.5036376044154

-------------Global Round number: 13-------------

Evaluate heterogeneous models
Averaged Test Accuracy (Regular Model): 0.6521
Averaged Test Accuracy (Prototype Model): 0.6507
Averaged Train Loss (Regular Model): 0.0363
Averaged Train Loss (Regular + Proto): 0.0717
Std Test Accuracy (Regular Model): 0.0936
Std Test Accuracy (Prototype Model): 0.0956
tobetrained:
[0, 8, 2, 5, 1, 9, 4, 6, 3, 7]
Edge 0 begin training
Edge 8 begin training
Edge 2 begin training
Edge 5 begin training
Edge 1 begin training
Edge 9 begin training
Edge 4 begin training
Edge 6 begin training
Edge 3 begin training
Edge 7 begin training
readyList:
[8, 0, 2, 5, 1, 9, 4, 6, 3, 7]
aggregation_buffer:
[8, 0, 2, 5, 1, 9, 4, 6, 3, 7]
train global classifier
train glclassifier time: 4.3215315490961075
global classifier accuracy in train virtual: 99.99
end Update
server_global_time: 263.706439755857
only_train_time: 2577.6213646009564

-------------Global Round number: 14-------------

Evaluate heterogeneous models
Averaged Test Accuracy (Regular Model): 0.6597
Averaged Test Accuracy (Prototype Model): 0.6569
Averaged Train Loss (Regular Model): 0.0289
Averaged Train Loss (Regular + Proto): 0.0622
Std Test Accuracy (Regular Model): 0.0943
Std Test Accuracy (Prototype Model): 0.0950
tobetrained:
[8, 0, 2, 5, 1, 9, 4, 6, 3, 7]
Edge 8 begin training
Edge 0 begin training
Edge 2 begin training
Edge 5 begin training
Edge 1 begin training
Edge 9 begin training
Edge 4 begin training
Edge 6 begin training
Edge 3 begin training
Edge 7 begin training
readyList:
[0, 8, 2, 5, 1, 9, 4, 6, 3, 7]
aggregation_buffer:
[0, 8, 2, 5, 1, 9, 4, 6, 3, 7]
train global classifier
train glclassifier time: 4.140616022050381
global classifier accuracy in train virtual: 99.995
end Update
server_global_time: 281.21677052229643
only_train_time: 2750.342494599521

-------------Global Round number: 15-------------

Evaluate heterogeneous models
Averaged Test Accuracy (Regular Model): 0.6543
Averaged Test Accuracy (Prototype Model): 0.6533
Averaged Train Loss (Regular Model): 0.0306
Averaged Train Loss (Regular + Proto): 0.0625
Std Test Accuracy (Regular Model): 0.0937
Std Test Accuracy (Prototype Model): 0.0966
tobetrained:
[0, 8, 2, 5, 1, 9, 4, 6, 3, 7]
Edge 0 begin training
Edge 8 begin training
Edge 2 begin training
Edge 5 begin training
Edge 1 begin training
Edge 9 begin training
Edge 4 begin training
Edge 6 begin training
Edge 3 begin training
Edge 7 begin training
readyList:
[0, 8, 2, 1, 5, 9, 4, 6, 3, 7]
aggregation_buffer:
[0, 8, 2, 1, 5, 9, 4, 6, 3, 7]
train global classifier
train glclassifier time: 3.9914726465940475
global classifier accuracy in train virtual: 99.9975
end Update
server_global_time: 298.3408677056432
only_train_time: 2918.7629404738545

-------------Global Round number: 16-------------

Evaluate heterogeneous models
Averaged Test Accuracy (Regular Model): 0.6575
Averaged Test Accuracy (Prototype Model): 0.6583
Averaged Train Loss (Regular Model): 0.0294
Averaged Train Loss (Regular + Proto): 0.0601
Std Test Accuracy (Regular Model): 0.0964
Std Test Accuracy (Prototype Model): 0.0971
tobetrained:
[0, 8, 2, 1, 5, 9, 4, 6, 3, 7]
Edge 0 begin training
Edge 8 begin training
Edge 2 begin training
Edge 1 begin training
Edge 5 begin training
Edge 9 begin training
Edge 4 begin training
Edge 6 begin training
Edge 3 begin training
Edge 7 begin training
readyList:
[2, 0, 8, 5, 1, 9, 4, 6, 3, 7]
aggregation_buffer:
[2, 0, 8, 5, 1, 9, 4, 6, 3, 7]
train global classifier
train glclassifier time: 4.509899593889713
global classifier accuracy in train virtual: 100.0
end Update
server_global_time: 316.01780677586794
only_train_time: 3084.576551809907

-------------Global Round number: 17-------------

Evaluate heterogeneous models
Averaged Test Accuracy (Regular Model): 0.6524
Averaged Test Accuracy (Prototype Model): 0.6539
Averaged Train Loss (Regular Model): 0.0282
Averaged Train Loss (Regular + Proto): 0.0577
Std Test Accuracy (Regular Model): 0.0948
Std Test Accuracy (Prototype Model): 0.0984
tobetrained:
[2, 0, 8, 5, 1, 9, 4, 6, 3, 7]
Edge 2 begin training
Edge 0 begin training
Edge 8 begin training
Edge 5 begin training
Edge 1 begin training
Edge 9 begin training
Edge 4 begin training
Edge 6 begin training
Edge 3 begin training
Edge 7 begin training
readyList:
[0, 8, 2, 1, 5, 9, 4, 6, 3, 7]
aggregation_buffer:
[0, 8, 2, 1, 5, 9, 4, 6, 3, 7]
train global classifier
train glclassifier time: 3.956497795879841
global classifier accuracy in train virtual: 100.0
end Update
server_global_time: 333.315386377275
only_train_time: 3250.8282754197717

-------------Global Round number: 18-------------

Evaluate heterogeneous models
Averaged Test Accuracy (Regular Model): 0.6577
Averaged Test Accuracy (Prototype Model): 0.6576
Averaged Train Loss (Regular Model): 0.0191
Averaged Train Loss (Regular + Proto): 0.0476
Std Test Accuracy (Regular Model): 0.0948
Std Test Accuracy (Prototype Model): 0.0963
tobetrained:
[0, 8, 2, 1, 5, 9, 4, 6, 3, 7]
Edge 0 begin training
Edge 8 begin training
Edge 2 begin training
Edge 1 begin training
Edge 5 begin training
Edge 9 begin training
Edge 4 begin training
Edge 6 begin training
Edge 3 begin training
Edge 7 begin training
readyList:
[0, 2, 8, 5, 1, 9, 4, 6, 3, 7]
aggregation_buffer:
[0, 2, 8, 5, 1, 9, 4, 6, 3, 7]
train global classifier
train glclassifier time: 4.007104575634003
global classifier accuracy in train virtual: 100.0
end Update
server_global_time: 350.22375532984734
only_train_time: 3414.5113095343113

-------------Global Round number: 19-------------

Evaluate heterogeneous models
Averaged Test Accuracy (Regular Model): 0.6533
Averaged Test Accuracy (Prototype Model): 0.6510
Averaged Train Loss (Regular Model): 0.0295
Averaged Train Loss (Regular + Proto): 0.0569
Std Test Accuracy (Regular Model): 0.0905
Std Test Accuracy (Prototype Model): 0.0948
tobetrained:
[0, 2, 8, 5, 1, 9, 4, 6, 3, 7]
Edge 0 begin training
Edge 2 begin training
Edge 8 begin training
Edge 5 begin training
Edge 1 begin training
Edge 9 begin training
Edge 4 begin training
Edge 6 begin training
Edge 3 begin training
Edge 7 begin training
readyList:
[0, 2, 8, 5, 1, 9, 4, 6, 3, 7]
aggregation_buffer:
[0, 2, 8, 5, 1, 9, 4, 6, 3, 7]
train global classifier
train glclassifier time: 4.04426059871912
global classifier accuracy in train virtual: 100.0
Number of samples: 326
end Update
server_global_time: 366.7860854193568
only_train_time: 3579.377274774015

-------------Global Round number: 20-------------

Evaluate heterogeneous models
Averaged Test Accuracy (Regular Model): 0.6543
Averaged Test Accuracy (Prototype Model): 0.6541
Averaged Train Loss (Regular Model): 0.0269
Averaged Train Loss (Regular + Proto): 0.0529
Std Test Accuracy (Regular Model): 0.0944
Std Test Accuracy (Prototype Model): 0.0946
tobetrained:
[0, 2, 8, 5, 1, 9, 4, 6, 3, 7]
Edge 0 begin training
Edge 2 begin training
Edge 8 begin training
Edge 5 begin training
Edge 1 begin training
Edge 9 begin training
Edge 4 begin training
Edge 6 begin training
Edge 3 begin training
Edge 7 begin training
readyList:
[0, 2, 8, 5, 1, 9, 4, 6, 3, 7]
aggregation_buffer:
[0, 2, 8, 5, 1, 9, 4, 6, 3, 7]
train global classifier
train glclassifier time: 4.478786319494247
global classifier accuracy in train virtual: 100.0
end Update
server_global_time: 383.52644258737564
only_train_time: 3743.475500792265

-------------Global Round number: 21-------------

Evaluate heterogeneous models
Averaged Test Accuracy (Regular Model): 0.6605
Averaged Test Accuracy (Prototype Model): 0.6604
Averaged Train Loss (Regular Model): 0.0195
Averaged Train Loss (Regular + Proto): 0.0446
Std Test Accuracy (Regular Model): 0.0940
Std Test Accuracy (Prototype Model): 0.0947
tobetrained:
[0, 2, 8, 5, 1, 9, 4, 6, 3, 7]
Edge 0 begin training
Edge 2 begin training
Edge 8 begin training
Edge 5 begin training
Edge 1 begin training
Edge 9 begin training
Edge 4 begin training
Edge 6 begin training
Edge 3 begin training
Edge 7 begin training
readyList:
[0, 8, 2, 9, 1, 5, 4, 6, 7, 3]
aggregation_buffer:
[0, 8, 2, 9, 1, 5, 4, 6, 7, 3]
train global classifier
train glclassifier time: 3.9463229551911354
global classifier accuracy in train virtual: 100.0
end Update
server_global_time: 400.11088609695435
only_train_time: 3904.9006262123585

-------------Global Round number: 22-------------

Evaluate heterogeneous models
Averaged Test Accuracy (Regular Model): 0.6573
Averaged Test Accuracy (Prototype Model): 0.6566
Averaged Train Loss (Regular Model): 0.0200
Averaged Train Loss (Regular + Proto): 0.0445
Std Test Accuracy (Regular Model): 0.0915
Std Test Accuracy (Prototype Model): 0.0924
tobetrained:
[0, 8, 2, 9, 1, 5, 4, 6, 7, 3]
Edge 0 begin training
Edge 8 begin training
Edge 2 begin training
Edge 9 begin training
Edge 1 begin training
Edge 5 begin training
Edge 4 begin training
Edge 6 begin training
Edge 7 begin training
Edge 3 begin training
readyList:
[0, 2, 8, 5, 1, 9, 4, 6, 3, 7]
aggregation_buffer:
[0, 2, 8, 5, 1, 9, 4, 6, 3, 7]
train global classifier
train glclassifier time: 4.088085882365704
global classifier accuracy in train virtual: 100.0
end Update
server_global_time: 416.5797968059778
only_train_time: 4067.1975173279643

-------------Global Round number: 23-------------

Evaluate heterogeneous models
Averaged Test Accuracy (Regular Model): 0.6486
Averaged Test Accuracy (Prototype Model): 0.6487
Averaged Train Loss (Regular Model): 0.0190
Averaged Train Loss (Regular + Proto): 0.0435
Std Test Accuracy (Regular Model): 0.1005
Std Test Accuracy (Prototype Model): 0.0995
tobetrained:
[0, 2, 8, 5, 1, 9, 4, 6, 3, 7]
Edge 0 begin training
Edge 2 begin training
Edge 8 begin training
Edge 5 begin training
Edge 1 begin training
Edge 9 begin training
Edge 4 begin training
Edge 6 begin training
Edge 3 begin training
Edge 7 begin training
readyList:
[0, 2, 8, 1, 5, 9, 4, 6, 3, 7]
aggregation_buffer:
[0, 2, 8, 1, 5, 9, 4, 6, 3, 7]
train global classifier
train glclassifier time: 3.918639063835144
global classifier accuracy in train virtual: 100.0
end Update
server_global_time: 434.53942918777466
only_train_time: 4226.966828510165

-------------Global Round number: 24-------------

Evaluate heterogeneous models
Averaged Test Accuracy (Regular Model): 0.6560
Averaged Test Accuracy (Prototype Model): 0.6548
Averaged Train Loss (Regular Model): 0.0276
Averaged Train Loss (Regular + Proto): 0.0505
Std Test Accuracy (Regular Model): 0.0922
Std Test Accuracy (Prototype Model): 0.0938
tobetrained:
[0, 2, 8, 1, 5, 9, 4, 6, 3, 7]
Edge 0 begin training
Edge 2 begin training
Edge 8 begin training
Edge 1 begin training
Edge 5 begin training
Edge 9 begin training
Edge 4 begin training
Edge 6 begin training
Edge 3 begin training
Edge 7 begin training
readyList:
[0, 8, 2, 5, 1, 9, 4, 6, 3, 7]
aggregation_buffer:
[0, 8, 2, 5, 1, 9, 4, 6, 3, 7]
train global classifier
train glclassifier time: 3.8408563509583473
global classifier accuracy in train virtual: 100.0
end Update
server_global_time: 450.9704256951809
only_train_time: 4385.930706255138

-------------Global Round number: 25-------------

Evaluate heterogeneous models
Averaged Test Accuracy (Regular Model): 0.6591
Averaged Test Accuracy (Prototype Model): 0.6597
Averaged Train Loss (Regular Model): 0.0120
Averaged Train Loss (Regular + Proto): 0.0343
Std Test Accuracy (Regular Model): 0.0942
Std Test Accuracy (Prototype Model): 0.0950
tobetrained:
[0, 8, 2, 5, 1, 9, 4, 6, 3, 7]
Edge 0 begin training
Edge 8 begin training
Edge 2 begin training
Edge 5 begin training
Edge 1 begin training
Edge 9 begin training
Edge 4 begin training
Edge 6 begin training
Edge 3 begin training
Edge 7 begin training
readyList:
[0, 2, 8, 5, 1, 9, 4, 6, 3, 7]
aggregation_buffer:
[0, 2, 8, 5, 1, 9, 4, 6, 3, 7]
train global classifier
train glclassifier time: 4.287652753293514
global classifier accuracy in train virtual: 100.0
end Update
server_global_time: 468.11491560190916
only_train_time: 4547.936555802822

-------------Global Round number: 26-------------

Evaluate heterogeneous models
Averaged Test Accuracy (Regular Model): 0.6604
Averaged Test Accuracy (Prototype Model): 0.6600
Averaged Train Loss (Regular Model): 0.0113
Averaged Train Loss (Regular + Proto): 0.0334
Std Test Accuracy (Regular Model): 0.0934
Std Test Accuracy (Prototype Model): 0.0936
tobetrained:
[0, 2, 8, 5, 1, 9, 4, 6, 3, 7]
Edge 0 begin training
Edge 2 begin training
Edge 8 begin training
Edge 5 begin training
Edge 1 begin training
Edge 9 begin training
Edge 4 begin training
Edge 6 begin training
Edge 3 begin training
Edge 7 begin training
readyList:
[0, 8, 2, 5, 1, 9, 4, 6, 3, 7]
aggregation_buffer:
[0, 8, 2, 5, 1, 9, 4, 6, 3, 7]
train global classifier
train glclassifier time: 3.77042093873024
global classifier accuracy in train virtual: 100.0
end Update
server_global_time: 484.2804997265339
only_train_time: 4708.9709045141935

-------------Global Round number: 27-------------

Evaluate heterogeneous models
Averaged Test Accuracy (Regular Model): 0.6579
Averaged Test Accuracy (Prototype Model): 0.6575
Averaged Train Loss (Regular Model): 0.0281
Averaged Train Loss (Regular + Proto): 0.0500
Std Test Accuracy (Regular Model): 0.0951
Std Test Accuracy (Prototype Model): 0.0961
tobetrained:
[0, 8, 2, 5, 1, 9, 4, 6, 3, 7]
Edge 0 begin training
Edge 8 begin training
Edge 2 begin training
Edge 5 begin training
Edge 1 begin training
Edge 9 begin training
Edge 4 begin training
Edge 6 begin training
Edge 3 begin training
Edge 7 begin training
readyList:
[0, 8, 2, 1, 5, 9, 4, 6, 3, 7]
aggregation_buffer:
[0, 8, 2, 1, 5, 9, 4, 6, 3, 7]
train global classifier
train glclassifier time: 4.993994750082493
global classifier accuracy in train virtual: 100.0
end Update
server_global_time: 500.4559258148074
only_train_time: 4870.0248112306

-------------Global Round number: 28-------------

Evaluate heterogeneous models
Averaged Test Accuracy (Regular Model): 0.6587
Averaged Test Accuracy (Prototype Model): 0.6589
Averaged Train Loss (Regular Model): 0.0249
Averaged Train Loss (Regular + Proto): 0.0470
Std Test Accuracy (Regular Model): 0.0940
Std Test Accuracy (Prototype Model): 0.0932
tobetrained:
[0, 8, 2, 1, 5, 9, 4, 6, 3, 7]
Edge 0 begin training
Edge 8 begin training
Edge 2 begin training
Edge 1 begin training
Edge 5 begin training
Edge 9 begin training
Edge 4 begin training
Edge 6 begin training
Edge 3 begin training
Edge 7 begin training
readyList:
[0, 2, 8, 5, 1, 9, 4, 6, 3, 7]
aggregation_buffer:
[0, 2, 8, 5, 1, 9, 4, 6, 3, 7]
train global classifier
train glclassifier time: 3.812973164021969
global classifier accuracy in train virtual: 100.0
end Update
server_global_time: 517.3013026639819
only_train_time: 5031.1817630678415

-------------Global Round number: 29-------------

Evaluate heterogeneous models
Averaged Test Accuracy (Regular Model): 0.6506
Averaged Test Accuracy (Prototype Model): 0.6541
Averaged Train Loss (Regular Model): 0.0199
Averaged Train Loss (Regular + Proto): 0.0411
Std Test Accuracy (Regular Model): 0.0971
Std Test Accuracy (Prototype Model): 0.0942
tobetrained:
[0, 2, 8, 5, 1, 9, 4, 6, 3, 7]
Edge 0 begin training
Edge 2 begin training
Edge 8 begin training
Edge 5 begin training
Edge 1 begin training
Edge 9 begin training
Edge 4 begin training
Edge 6 begin training
Edge 3 begin training
Edge 7 begin training
readyList:
[0, 2, 8, 5, 1, 9, 4, 6, 3, 7]
aggregation_buffer:
[0, 2, 8, 5, 1, 9, 4, 6, 3, 7]
train global classifier
train glclassifier time: 3.864280581474304
global classifier accuracy in train virtual: 100.0
Number of samples: 326
end Update
server_global_time: 533.9809515327215
only_train_time: 5192.597371198237

-------------Global Round number: 30-------------

Evaluate heterogeneous models
Averaged Test Accuracy (Regular Model): 0.6612
Averaged Test Accuracy (Prototype Model): 0.6618
Averaged Train Loss (Regular Model): 0.0114
Averaged Train Loss (Regular + Proto): 0.0314
Std Test Accuracy (Regular Model): 0.0939
Std Test Accuracy (Prototype Model): 0.0946
tobetrained:
[0, 2, 8, 5, 1, 9, 4, 6, 3, 7]
Edge 0 begin training
Edge 2 begin training
Edge 8 begin training
Edge 5 begin training
Edge 1 begin training
Edge 9 begin training
Edge 4 begin training
Edge 6 begin training
Edge 3 begin training
Edge 7 begin training
readyList:
[0, 2, 8, 5, 1, 9, 4, 6, 7, 3]
aggregation_buffer:
[0, 2, 8, 5, 1, 9, 4, 6, 7, 3]
train global classifier
train glclassifier time: 3.822365567088127
global classifier accuracy in train virtual: 100.0
end Update
server_global_time: 551.4248230457306
only_train_time: 5355.641454949975

-------------Global Round number: 31-------------

Evaluate heterogeneous models
Averaged Test Accuracy (Regular Model): 0.6591
Averaged Test Accuracy (Prototype Model): 0.6595
Averaged Train Loss (Regular Model): 0.0112
Averaged Train Loss (Regular + Proto): 0.0307
Std Test Accuracy (Regular Model): 0.0952
Std Test Accuracy (Prototype Model): 0.0968
tobetrained:
[0, 2, 8, 5, 1, 9, 4, 6, 7, 3]
Edge 0 begin training
Edge 2 begin training
Edge 8 begin training
Edge 5 begin training
