==================================================
goal = test
device = cuda
device_id = 0
dataset = MNIST_dir_0.1_imbalance_40
num_classes = 10
model_family = HCNNs8
batch_size = 256
num_workers = 0
local_learning_rate = 0.06
use_decay_scheduler = False
learning_rate_decay = False
learning_rate_decay_gamma = 0.99
global_rounds = 200
edge_epochs = 1
local_epochs = 5
algorithm = FedGH
join_ratio = 1.0
random_join_ratio = False
num_clients = 40
num_edges = 10
prev = 0
times = 1
eval_gap = 1
save_folder_name = temp
auto_break = False
feature_dim = 512
vocab_size = 98635
max_len = 200
client_drop_rate = 0.0
train_slow_rate = 0.0
send_slow_rate = 0.0
time_select = False
time_threthold = 10000
optimizer = SGD
lamda = 1.0
weight_decay = 0
trans_delay_simulate = False
momentum = 0.8
agg_type = 0
buffersize = 10
gl_use_clients = 1
test_useglclassifier = 1
gamma = 1
drawtsne = 1
drawround = 20
noise_dim = 512
generator_learning_rate = 0.0001
hidden_dim = 512
server_epochs = 100
alpha = 1.0
beta = 1.0
mentee_learning_rate = 0.005
T_start = 0.95
T_end = 0.98
server_learning_rate = 0.01
margin_threthold = 100.0
generator_path = stylegan/stylegan-xl-models/imagenet64.pkl
stable_diffusion_prompt = a cat
server_batch_size = 100
gen_batch_size = 4
mu = 50.0
==================================================
Random seed set as 42

============= Running time: 0th =============
Creating server and clients ...
CNN(num_cov=1, hidden_dims=[], in_features=1, num_classes=args.num_classes)
CNN(num_cov=2, hidden_dims=[], in_features=1, num_classes=args.num_classes)
CNN(num_cov=1, hidden_dims=[512], in_features=1, num_classes=args.num_classes)
CNN(num_cov=2, hidden_dims=[512], in_features=1, num_classes=args.num_classes)
CNN(num_cov=1, hidden_dims=[1024], in_features=1, num_classes=args.num_classes)
CNN(num_cov=2, hidden_dims=[1024], in_features=1, num_classes=args.num_classes)
CNN(num_cov=1, hidden_dims=[1024, 512], in_features=1, num_classes=args.num_classes)
CNN(num_cov=2, hidden_dims=[1024, 512], in_features=1, num_classes=args.num_classes)
CNN(num_cov=1, hidden_dims=[], in_features=1, num_classes=args.num_classes) model chosen!
id 0
label_counts: defaultdict(<class 'int'>, {4: 158, 9: 289, 2: 4, 6: 121})
CNN(num_cov=2, hidden_dims=[], in_features=1, num_classes=args.num_classes) model chosen!
id 1
label_counts: defaultdict(<class 'int'>, {1: 271, 6: 1134, 5: 758, 0: 9})
CNN(num_cov=1, hidden_dims=[512], in_features=1, num_classes=args.num_classes) model chosen!
id 2
label_counts: defaultdict(<class 'int'>, {7: 2296, 1: 923, 5: 49})
CNN(num_cov=2, hidden_dims=[512], in_features=1, num_classes=args.num_classes) model chosen!
id 3
label_counts: defaultdict(<class 'int'>, {5: 654, 2: 451, 6: 52, 8: 57, 4: 16, 1: 1, 3: 1, 0: 2})
CNN(num_cov=1, hidden_dims=[1024], in_features=1, num_classes=args.num_classes) model chosen!
id 4
label_counts: defaultdict(<class 'int'>, {2: 718, 9: 865, 6: 391, 0: 93})
CNN(num_cov=2, hidden_dims=[1024], in_features=1, num_classes=args.num_classes) model chosen!
id 5
label_counts: defaultdict(<class 'int'>, {8: 1280, 7: 364, 0: 34})
CNN(num_cov=1, hidden_dims=[1024, 512], in_features=1, num_classes=args.num_classes) model chosen!
id 6
label_counts: defaultdict(<class 'int'>, {4: 1193, 0: 369, 2: 14, 1: 10})
CNN(num_cov=2, hidden_dims=[1024, 512], in_features=1, num_classes=args.num_classes) model chosen!
id 7
label_counts: defaultdict(<class 'int'>, {9: 1087, 5: 33, 6: 17, 8: 34, 7: 5})
CNN(num_cov=1, hidden_dims=[], in_features=1, num_classes=args.num_classes) model chosen!
id 8
label_counts: defaultdict(<class 'int'>, {2: 1474, 1: 320})
CNN(num_cov=2, hidden_dims=[], in_features=1, num_classes=args.num_classes) model chosen!
id 9
label_counts: defaultdict(<class 'int'>, {5: 434, 4: 506, 1: 50, 7: 1})
CNN(num_cov=1, hidden_dims=[512], in_features=1, num_classes=args.num_classes) model chosen!
id 10
label_counts: defaultdict(<class 'int'>, {6: 696, 5: 114, 7: 3, 3: 14})
CNN(num_cov=2, hidden_dims=[512], in_features=1, num_classes=args.num_classes) model chosen!
id 11
label_counts: defaultdict(<class 'int'>, {3: 1008, 6: 296, 5: 70, 0: 29})
CNN(num_cov=1, hidden_dims=[1024], in_features=1, num_classes=args.num_classes) model chosen!
id 12
label_counts: defaultdict(<class 'int'>, {3: 1642, 0: 32})
CNN(num_cov=2, hidden_dims=[1024], in_features=1, num_classes=args.num_classes) model chosen!
id 13
label_counts: defaultdict(<class 'int'>, {3: 1120, 4: 192})
CNN(num_cov=1, hidden_dims=[1024, 512], in_features=1, num_classes=args.num_classes) model chosen!
id 14
label_counts: defaultdict(<class 'int'>, {2: 309, 1: 352, 3: 6, 6: 5})
CNN(num_cov=2, hidden_dims=[1024, 512], in_features=1, num_classes=args.num_classes) model chosen!
id 15
label_counts: defaultdict(<class 'int'>, {3: 70, 7: 49, 8: 235, 1: 72, 2: 21, 5: 1})
CNN(num_cov=1, hidden_dims=[], in_features=1, num_classes=args.num_classes) model chosen!
id 16
label_counts: defaultdict(<class 'int'>, {6: 262, 9: 284, 8: 66, 1: 38, 0: 8})
CNN(num_cov=2, hidden_dims=[], in_features=1, num_classes=args.num_classes) model chosen!
id 17
label_counts: defaultdict(<class 'int'>, {4: 2317, 1: 196})
CNN(num_cov=1, hidden_dims=[512], in_features=1, num_classes=args.num_classes) model chosen!
id 18
label_counts: defaultdict(<class 'int'>, {7: 1087, 3: 608, 5: 157, 4: 21, 1: 16, 0: 1})
CNN(num_cov=2, hidden_dims=[512], in_features=1, num_classes=args.num_classes) model chosen!
id 19
label_counts: defaultdict(<class 'int'>, {2: 260, 8: 119, 7: 7, 9: 1})
CNN(num_cov=1, hidden_dims=[1024], in_features=1, num_classes=args.num_classes) model chosen!
id 20
label_counts: defaultdict(<class 'int'>, {3: 436, 1: 248, 7: 320, 9: 69, 4: 1, 8: 1})
CNN(num_cov=2, hidden_dims=[1024], in_features=1, num_classes=args.num_classes) model chosen!
id 21
label_counts: defaultdict(<class 'int'>, {5: 897, 6: 230, 1: 50, 7: 3, 9: 7, 3: 1})
CNN(num_cov=1, hidden_dims=[1024, 512], in_features=1, num_classes=args.num_classes) model chosen!
id 22
label_counts: defaultdict(<class 'int'>, {9: 769, 5: 33, 0: 3})
CNN(num_cov=2, hidden_dims=[1024, 512], in_features=1, num_classes=args.num_classes) model chosen!
id 23
label_counts: defaultdict(<class 'int'>, {2: 859, 8: 1046, 5: 2, 0: 3})
CNN(num_cov=1, hidden_dims=[], in_features=1, num_classes=args.num_classes) model chosen!
id 24
label_counts: defaultdict(<class 'int'>, {0: 778, 8: 3, 6: 33, 5: 1, 9: 1})
CNN(num_cov=2, hidden_dims=[], in_features=1, num_classes=args.num_classes) model chosen!
id 25
label_counts: defaultdict(<class 'int'>, {0: 1463})
CNN(num_cov=1, hidden_dims=[512], in_features=1, num_classes=args.num_classes) model chosen!
id 26
label_counts: defaultdict(<class 'int'>, {1: 543, 6: 465, 0: 390, 2: 3})
CNN(num_cov=2, hidden_dims=[512], in_features=1, num_classes=args.num_classes) model chosen!
id 27
label_counts: defaultdict(<class 'int'>, {6: 696, 0: 1152, 5: 27})
CNN(num_cov=1, hidden_dims=[1024], in_features=1, num_classes=args.num_classes) model chosen!
id 28
label_counts: defaultdict(<class 'int'>, {0: 644, 5: 3, 8: 35, 6: 13, 2: 4, 9: 1})
CNN(num_cov=2, hidden_dims=[1024], in_features=1, num_classes=args.num_classes) model chosen!
id 29
label_counts: defaultdict(<class 'int'>, {9: 1793, 0: 69, 3: 14, 8: 265, 4: 16})
CNN(num_cov=1, hidden_dims=[1024, 512], in_features=1, num_classes=args.num_classes) model chosen!
id 30
label_counts: defaultdict(<class 'int'>, {1: 368, 0: 78, 2: 1, 6: 1, 4: 1, 7: 2})
CNN(num_cov=2, hidden_dims=[1024, 512], in_features=1, num_classes=args.num_classes) model chosen!
id 31
label_counts: defaultdict(<class 'int'>, {5: 1461, 2: 1094, 1: 4, 4: 190, 3: 1})
CNN(num_cov=1, hidden_dims=[], in_features=1, num_classes=args.num_classes) model chosen!
id 32
label_counts: defaultdict(<class 'int'>, {8: 843, 5: 1, 1: 99, 7: 54, 9: 16, 4: 6, 3: 1})
CNN(num_cov=2, hidden_dims=[], in_features=1, num_classes=args.num_classes) model chosen!
id 33
label_counts: defaultdict(<class 'int'>, {4: 486, 6: 445, 9: 30, 5: 1, 0: 2})
CNN(num_cov=1, hidden_dims=[512], in_features=1, num_classes=args.num_classes) model chosen!
id 34
label_counts: defaultdict(<class 'int'>, {1: 1866})
CNN(num_cov=2, hidden_dims=[512], in_features=1, num_classes=args.num_classes) model chosen!
id 35
label_counts: defaultdict(<class 'int'>, {1: 71, 8: 578, 3: 141, 2: 23, 9: 12, 4: 1})
CNN(num_cov=1, hidden_dims=[1024], in_features=1, num_classes=args.num_classes) model chosen!
id 36
label_counts: defaultdict(<class 'int'>, {1: 254, 5: 70, 8: 42, 2: 7, 7: 11, 6: 1})
CNN(num_cov=2, hidden_dims=[1024], in_features=1, num_classes=args.num_classes) model chosen!
id 37
label_counts: defaultdict(<class 'int'>, {7: 1286, 6: 162, 1: 10, 3: 95, 0: 8})
CNN(num_cov=1, hidden_dims=[1024, 512], in_features=1, num_classes=args.num_classes) model chosen!
id 38
label_counts: defaultdict(<class 'int'>, {3: 191, 1: 122, 0: 11, 6: 27})
CNN(num_cov=2, hidden_dims=[1024, 512], in_features=1, num_classes=args.num_classes) model chosen!
id 39
label_counts: defaultdict(<class 'int'>, {8: 484, 6: 107, 1: 1, 3: 1, 2: 1, 4: 1, 7: 1, 9: 1})

Join ratio / total clients: 1.0 / 40
Finished creating server and clients.
-------------------------------------------------- 10.84749460220337

-------------Round number: 0-------------

Evaluate heterogeneous models
Averaged Test Accuracy (Regular Model): 0.9400
Averaged Train Loss (Regular Model): 0.4399
Averaged Test AUC: 0.9847
Std Test Accurancy: 0.1208
Std Test AUC: 0.0251
-------------------------------------------------- 10.696694612503052

-------------Round number: 1-------------

Evaluate heterogeneous models
Averaged Test Accuracy (Regular Model): 0.9692
Averaged Train Loss (Regular Model): 0.1784
Averaged Test AUC: 0.9930
Std Test Accurancy: 0.0894
Std Test AUC: 0.0220
-------------------------------------------------- 10.898871421813965

-------------Round number: 2-------------

Evaluate heterogeneous models
Averaged Test Accuracy (Regular Model): 0.9786
Averaged Train Loss (Regular Model): 0.0958
Averaged Test AUC: 0.9961
Std Test Accurancy: 0.0723
Std Test AUC: 0.0158
-------------------------------------------------- 14.43639063835144

-------------Round number: 3-------------

Evaluate heterogeneous models
Averaged Test Accuracy (Regular Model): 0.9838
Averaged Train Loss (Regular Model): 0.0577
Averaged Test AUC: 0.9974
Std Test Accurancy: 0.0363
Std Test AUC: 0.0093
-------------------------------------------------- 12.783304214477539

-------------Round number: 4-------------

Evaluate heterogeneous models
Averaged Test Accuracy (Regular Model): 0.9856
Averaged Train Loss (Regular Model): 0.0426
Averaged Test AUC: 0.9979
Std Test Accurancy: 0.0272
Std Test AUC: 0.0091
-------------------------------------------------- 12.26950478553772

-------------Round number: 5-------------

Evaluate heterogeneous models
Averaged Test Accuracy (Regular Model): 0.9873
Averaged Train Loss (Regular Model): 0.0241
Averaged Test AUC: 0.9981
Std Test Accurancy: 0.0254
Std Test AUC: 0.0062
-------------------------------------------------- 12.3448805809021

-------------Round number: 6-------------

Evaluate heterogeneous models
Averaged Test Accuracy (Regular Model): 0.9879
Averaged Train Loss (Regular Model): 0.0159
Averaged Test AUC: 0.9979
Std Test Accurancy: 0.0151
Std Test AUC: 0.0053
-------------------------------------------------- 12.284665822982788

-------------Round number: 7-------------

Evaluate heterogeneous models
Averaged Test Accuracy (Regular Model): 0.9887
Averaged Train Loss (Regular Model): 0.0108
Averaged Test AUC: 0.9979
Std Test Accurancy: 0.0122
Std Test AUC: 0.0040
-------------------------------------------------- 12.33599305152893

-------------Round number: 8-------------

Evaluate heterogeneous models
Averaged Test Accuracy (Regular Model): 0.9892
Averaged Train Loss (Regular Model): 0.0078
Averaged Test AUC: 0.9979
Std Test Accurancy: 0.0119
Std Test AUC: 0.0034
-------------------------------------------------- 12.32589340209961

-------------Round number: 9-------------

Evaluate heterogeneous models
Averaged Test Accuracy (Regular Model): 0.9894
Averaged Train Loss (Regular Model): 0.0059
Averaged Test AUC: 0.9977
Std Test Accurancy: 0.0106
Std Test AUC: 0.0041
-------------------------------------------------- 13.65844202041626

-------------Round number: 10-------------

Evaluate heterogeneous models
Averaged Test Accuracy (Regular Model): 0.9890
Averaged Train Loss (Regular Model): 0.0048
Averaged Test AUC: 0.9975
Std Test Accurancy: 0.0102
Std Test AUC: 0.0038
-------------------------------------------------- 13.990571737289429

-------------Round number: 11-------------

Evaluate heterogeneous models
Averaged Test Accuracy (Regular Model): 0.9895
Averaged Train Loss (Regular Model): 0.0038
Averaged Test AUC: 0.9975
Std Test Accurancy: 0.0103
Std Test AUC: 0.0038
-------------------------------------------------- 10.40338659286499

-------------Round number: 12-------------

Evaluate heterogeneous models
Averaged Test Accuracy (Regular Model): 0.9896
Averaged Train Loss (Regular Model): 0.0027
Averaged Test AUC: 0.9973
Std Test Accurancy: 0.0097
Std Test AUC: 0.0043
-------------------------------------------------- 10.241189002990723

-------------Round number: 13-------------

Evaluate heterogeneous models
Averaged Test Accuracy (Regular Model): 0.9897
Averaged Train Loss (Regular Model): 0.0026
Averaged Test AUC: 0.9973
Std Test Accurancy: 0.0100
Std Test AUC: 0.0039
-------------------------------------------------- 10.031221628189087

-------------Round number: 14-------------

Evaluate heterogeneous models
Averaged Test Accuracy (Regular Model): 0.9897
Averaged Train Loss (Regular Model): 0.0019
Averaged Test AUC: 0.9971
Std Test Accurancy: 0.0101
Std Test AUC: 0.0042
-------------------------------------------------- 10.564045190811157

-------------Round number: 15-------------

Evaluate heterogeneous models
Averaged Test Accuracy (Regular Model): 0.9898
Averaged Train Loss (Regular Model): 0.0016
Averaged Test AUC: 0.9970
Std Test Accurancy: 0.0101
Std Test AUC: 0.0043
-------------------------------------------------- 9.975334882736206

-------------Round number: 16-------------

Evaluate heterogeneous models
Averaged Test Accuracy (Regular Model): 0.9897
Averaged Train Loss (Regular Model): 0.0015
Averaged Test AUC: 0.9970
Std Test Accurancy: 0.0106
Std Test AUC: 0.0045
-------------------------------------------------- 10.366416692733765

-------------Round number: 17-------------

Evaluate heterogeneous models
Averaged Test Accuracy (Regular Model): 0.9897
Averaged Train Loss (Regular Model): 0.0012
Averaged Test AUC: 0.9969
Std Test Accurancy: 0.0105
Std Test AUC: 0.0046
-------------------------------------------------- 10.449068307876587

-------------Round number: 18-------------

Evaluate heterogeneous models
Averaged Test Accuracy (Regular Model): 0.9898
Averaged Train Loss (Regular Model): 0.0009
Averaged Test AUC: 0.9968
Std Test Accurancy: 0.0103
Std Test AUC: 0.0047
-------------------------------------------------- 12.353496551513672

-------------Round number: 19-------------

Evaluate heterogeneous models
Averaged Test Accuracy (Regular Model): 0.9898
Averaged Train Loss (Regular Model): 0.0008
Averaged Test AUC: 0.9968
Std Test Accurancy: 0.0102
Std Test AUC: 0.0048
-------------------------------------------------- 15.346018314361572

-------------Round number: 20-------------

Evaluate heterogeneous models
Averaged Test Accuracy (Regular Model): 0.9897
Averaged Train Loss (Regular Model): 0.0007
Averaged Test AUC: 0.9967
Std Test Accurancy: 0.0106
Std Test AUC: 0.0048
-------------------------------------------------- 14.723268747329712

-------------Round number: 21-------------

Evaluate heterogeneous models
Averaged Test Accuracy (Regular Model): 0.9897
Averaged Train Loss (Regular Model): 0.0007
Averaged Test AUC: 0.9966
Std Test Accurancy: 0.0106
Std Test AUC: 0.0049
-------------------------------------------------- 9.93759822845459

-------------Round number: 22-------------

Evaluate heterogeneous models
Averaged Test Accuracy (Regular Model): 0.9897
Averaged Train Loss (Regular Model): 0.0006
Averaged Test AUC: 0.9966
Std Test Accurancy: 0.0107
Std Test AUC: 0.0050
-------------------------------------------------- 10.457693099975586

-------------Round number: 23-------------

Evaluate heterogeneous models
Averaged Test Accuracy (Regular Model): 0.9896
Averaged Train Loss (Regular Model): 0.0005
Averaged Test AUC: 0.9965
Std Test Accurancy: 0.0106
Std Test AUC: 0.0051
-------------------------------------------------- 10.350374698638916

-------------Round number: 24-------------

Evaluate heterogeneous models
Averaged Test Accuracy (Regular Model): 0.9897
Averaged Train Loss (Regular Model): 0.0005
Averaged Test AUC: 0.9964
Std Test Accurancy: 0.0103
Std Test AUC: 0.0052
-------------------------------------------------- 10.521031379699707

-------------Round number: 25-------------

Evaluate heterogeneous models
Averaged Test Accuracy (Regular Model): 0.9896
Averaged Train Loss (Regular Model): 0.0004
Averaged Test AUC: 0.9964
Std Test Accurancy: 0.0106
Std Test AUC: 0.0053
-------------------------------------------------- 10.333801984786987

-------------Round number: 26-------------

Evaluate heterogeneous models
Averaged Test Accuracy (Regular Model): 0.9897
Averaged Train Loss (Regular Model): 0.0004
Averaged Test AUC: 0.9963
Std Test Accurancy: 0.0103
Std Test AUC: 0.0054
-------------------------------------------------- 10.333893537521362

-------------Round number: 27-------------

Evaluate heterogeneous models
Averaged Test Accuracy (Regular Model): 0.9897
Averaged Train Loss (Regular Model): 0.0004
Averaged Test AUC: 0.9963
Std Test Accurancy: 0.0104
Std Test AUC: 0.0055
-------------------------------------------------- 10.36352825164795

-------------Round number: 28-------------

Evaluate heterogeneous models
Averaged Test Accuracy (Regular Model): 0.9896
Averaged Train Loss (Regular Model): 0.0004
Averaged Test AUC: 0.9962
Std Test Accurancy: 0.0103
Std Test AUC: 0.0056
-------------------------------------------------- 10.252706527709961

-------------Round number: 29-------------

Evaluate heterogeneous models
Averaged Test Accuracy (Regular Model): 0.9896
Averaged Train Loss (Regular Model): 0.0003
Averaged Test AUC: 0.9962
Std Test Accurancy: 0.0103
Std Test AUC: 0.0056
-------------------------------------------------- 12.205893516540527

-------------Round number: 30-------------

Evaluate heterogeneous models
Averaged Test Accuracy (Regular Model): 0.9896
Averaged Train Loss (Regular Model): 0.0003
Averaged Test AUC: 0.9962
Std Test Accurancy: 0.0105
Std Test AUC: 0.0057
-------------------------------------------------- 14.77288556098938

-------------Round number: 31-------------

Evaluate heterogeneous models
Averaged Test Accuracy (Regular Model): 0.9896
Averaged Train Loss (Regular Model): 0.0003
Averaged Test AUC: 0.9961
Std Test Accurancy: 0.0105
Std Test AUC: 0.0057
-------------------------------------------------- 15.6979238986969

-------------Round number: 32-------------

Evaluate heterogeneous models
Averaged Test Accuracy (Regular Model): 0.9896
Averaged Train Loss (Regular Model): 0.0003
Averaged Test AUC: 0.9961
Std Test Accurancy: 0.0107
Std Test AUC: 0.0059
-------------------------------------------------- 15.669894456863403

-------------Round number: 33-------------

Evaluate heterogeneous models
Averaged Test Accuracy (Regular Model): 0.9897
Averaged Train Loss (Regular Model): 0.0003
Averaged Test AUC: 0.9961
Std Test Accurancy: 0.0104
Std Test AUC: 0.0058
-------------------------------------------------- 15.640004396438599

-------------Round number: 34-------------

Evaluate heterogeneous models
Averaged Test Accuracy (Regular Model): 0.9896
Averaged Train Loss (Regular Model): 0.0003
Averaged Test AUC: 0.9960
Std Test Accurancy: 0.0105
Std Test AUC: 0.0060
-------------------------------------------------- 13.836430788040161

-------------Round number: 35-------------

Evaluate heterogeneous models
Averaged Test Accuracy (Regular Model): 0.9896
Averaged Train Loss (Regular Model): 0.0003
Averaged Test AUC: 0.9960
Std Test Accurancy: 0.0103
Std Test AUC: 0.0060
-------------------------------------------------- 15.23171353340149

-------------Round number: 36-------------

Evaluate heterogeneous models
Averaged Test Accuracy (Regular Model): 0.9895
Averaged Train Loss (Regular Model): 0.0003
Averaged Test AUC: 0.9960
Std Test Accurancy: 0.0103
Std Test AUC: 0.0061
-------------------------------------------------- 12.965960025787354

-------------Round number: 37-------------

Evaluate heterogeneous models
Averaged Test Accuracy (Regular Model): 0.9896
Averaged Train Loss (Regular Model): 0.0002
Averaged Test AUC: 0.9959
Std Test Accurancy: 0.0105
Std Test AUC: 0.0062
-------------------------------------------------- 15.486953020095825

-------------Round number: 38-------------

Evaluate heterogeneous models
Averaged Test Accuracy (Regular Model): 0.9894
Averaged Train Loss (Regular Model): 0.0002
Averaged Test AUC: 0.9959
Std Test Accurancy: 0.0105
Std Test AUC: 0.0063
-------------------------------------------------- 15.44819188117981

-------------Round number: 39-------------

Evaluate heterogeneous models
Averaged Test Accuracy (Regular Model): 0.9895
Averaged Train Loss (Regular Model): 0.0002
Averaged Test AUC: 0.9959
Std Test Accurancy: 0.0105
Std Test AUC: 0.0063
-------------------------------------------------- 15.580206632614136

-------------Round number: 40-------------

Evaluate heterogeneous models
Averaged Test Accuracy (Regular Model): 0.9895
Averaged Train Loss (Regular Model): 0.0002
Averaged Test AUC: 0.9959
Std Test Accurancy: 0.0105
Std Test AUC: 0.0064
-------------------------------------------------- 15.54282832145691

-------------Round number: 41-------------

Evaluate heterogeneous models
Averaged Test Accuracy (Regular Model): 0.9896
Averaged Train Loss (Regular Model): 0.0002
Averaged Test AUC: 0.9958
Std Test Accurancy: 0.0105
Std Test AUC: 0.0065
-------------------------------------------------- 14.671759366989136

-------------Round number: 42-------------

Evaluate heterogeneous models
Averaged Test Accuracy (Regular Model): 0.9894
Averaged Train Loss (Regular Model): 0.0002
Averaged Test AUC: 0.9958
Std Test Accurancy: 0.0105
Std Test AUC: 0.0065
-------------------------------------------------- 15.152777910232544

-------------Round number: 43-------------

Evaluate heterogeneous models
Averaged Test Accuracy (Regular Model): 0.9895
Averaged Train Loss (Regular Model): 0.0002
Averaged Test AUC: 0.9958
Std Test Accurancy: 0.0106
Std Test AUC: 0.0065
-------------------------------------------------- 15.096863985061646

-------------Round number: 44-------------

Evaluate heterogeneous models
Averaged Test Accuracy (Regular Model): 0.9895
Averaged Train Loss (Regular Model): 0.0002
Averaged Test AUC: 0.9958
Std Test Accurancy: 0.0105
Std Test AUC: 0.0066
-------------------------------------------------- 15.684715032577515

-------------Round number: 45-------------

Evaluate heterogeneous models
Averaged Test Accuracy (Regular Model): 0.9896
Averaged Train Loss (Regular Model): 0.0002
Averaged Test AUC: 0.9957
Std Test Accurancy: 0.0105
Std Test AUC: 0.0067
-------------------------------------------------- 15.430325746536255

-------------Round number: 46-------------

Evaluate heterogeneous models
Averaged Test Accuracy (Regular Model): 0.9894
Averaged Train Loss (Regular Model): 0.0002
Averaged Test AUC: 0.9957
Std Test Accurancy: 0.0105
Std Test AUC: 0.0067
-------------------------------------------------- 15.497426986694336

-------------Round number: 47-------------

Evaluate heterogeneous models
Averaged Test Accuracy (Regular Model): 0.9895
Averaged Train Loss (Regular Model): 0.0002
Averaged Test AUC: 0.9957
Std Test Accurancy: 0.0105
Std Test AUC: 0.0067
-------------------------------------------------- 13.903111457824707

-------------Round number: 48-------------

Evaluate heterogeneous models
Averaged Test Accuracy (Regular Model): 0.9894
Averaged Train Loss (Regular Model): 0.0002
Averaged Test AUC: 0.9957
Std Test Accurancy: 0.0105
Std Test AUC: 0.0069
-------------------------------------------------- 14.634802103042603

-------------Round number: 49-------------

Evaluate heterogeneous models
Averaged Test Accuracy (Regular Model): 0.9895
Averaged Train Loss (Regular Model): 0.0002
Averaged Test AUC: 0.9956
Std Test Accurancy: 0.0105
Std Test AUC: 0.0068
-------------------------------------------------- 15.518741369247437

-------------Round number: 50-------------

Evaluate heterogeneous models
Averaged Test Accuracy (Regular Model): 0.9895
Averaged Train Loss (Regular Model): 0.0002
Averaged Test AUC: 0.9956
Std Test Accurancy: 0.0105
Std Test AUC: 0.0070
-------------------------------------------------- 14.928358554840088

-------------Round number: 51-------------

Evaluate heterogeneous models
Averaged Test Accuracy (Regular Model): 0.9895
Averaged Train Loss (Regular Model): 0.0002
Averaged Test AUC: 0.9956
Std Test Accurancy: 0.0105
Std Test AUC: 0.0070
-------------------------------------------------- 14.806582927703857

-------------Round number: 52-------------

Evaluate heterogeneous models
Averaged Test Accuracy (Regular Model): 0.9895
Averaged Train Loss (Regular Model): 0.0002
Averaged Test AUC: 0.9956
Std Test Accurancy: 0.0105
Std Test AUC: 0.0069
-------------------------------------------------- 15.846766471862793

-------------Round number: 53-------------

Evaluate heterogeneous models
Averaged Test Accuracy (Regular Model): 0.9896
Averaged Train Loss (Regular Model): 0.0002
Averaged Test AUC: 0.9956
Std Test Accurancy: 0.0105
Std Test AUC: 0.0070
-------------------------------------------------- 16.068249464035034

-------------Round number: 54-------------

Evaluate heterogeneous models
Averaged Test Accuracy (Regular Model): 0.9896
Averaged Train Loss (Regular Model): 0.0002
Averaged Test AUC: 0.9955
Std Test Accurancy: 0.0104
Std Test AUC: 0.0071
-------------------------------------------------- 15.820476055145264

-------------Round number: 55-------------

Evaluate heterogeneous models
Averaged Test Accuracy (Regular Model): 0.9896
Averaged Train Loss (Regular Model): 0.0002
Averaged Test AUC: 0.9955
Std Test Accurancy: 0.0105
Std Test AUC: 0.0071
-------------------------------------------------- 15.71289610862732

-------------Round number: 56-------------

Evaluate heterogeneous models
Averaged Test Accuracy (Regular Model): 0.9896
Averaged Train Loss (Regular Model): 0.0001
Averaged Test AUC: 0.9955
Std Test Accurancy: 0.0105
Std Test AUC: 0.0072
-------------------------------------------------- 15.574775695800781

-------------Round number: 57-------------

Evaluate heterogeneous models
Averaged Test Accuracy (Regular Model): 0.9896
Averaged Train Loss (Regular Model): 0.0001
Averaged Test AUC: 0.9955
Std Test Accurancy: 0.0104
Std Test AUC: 0.0072
-------------------------------------------------- 15.241963386535645

-------------Round number: 58-------------

Evaluate heterogeneous models
Averaged Test Accuracy (Regular Model): 0.9896
Averaged Train Loss (Regular Model): 0.0001
Averaged Test AUC: 0.9955
Std Test Accurancy: 0.0105
Std Test AUC: 0.0073
-------------------------------------------------- 15.278383731842041

-------------Round number: 59-------------

Evaluate heterogeneous models
Averaged Test Accuracy (Regular Model): 0.9896
Averaged Train Loss (Regular Model): 0.0001
Averaged Test AUC: 0.9954
Std Test Accurancy: 0.0105
Std Test AUC: 0.0073
-------------------------------------------------- 14.554505348205566

-------------Round number: 60-------------

Evaluate heterogeneous models
Averaged Test Accuracy (Regular Model): 0.9896
Averaged Train Loss (Regular Model): 0.0001
Averaged Test AUC: 0.9954
Std Test Accurancy: 0.0105
Std Test AUC: 0.0074
-------------------------------------------------- 15.381706714630127

-------------Round number: 61-------------

Evaluate heterogeneous models
Averaged Test Accuracy (Regular Model): 0.9896
Averaged Train Loss (Regular Model): 0.0001
Averaged Test AUC: 0.9954
Std Test Accurancy: 0.0104
Std Test AUC: 0.0074
-------------------------------------------------- 14.590729236602783

-------------Round number: 62-------------

Evaluate heterogeneous models
Averaged Test Accuracy (Regular Model): 0.9896
Averaged Train Loss (Regular Model): 0.0001
Averaged Test AUC: 0.9954
Std Test Accurancy: 0.0104
Std Test AUC: 0.0074
-------------------------------------------------- 15.216965198516846

-------------Round number: 63-------------

Evaluate heterogeneous models
Averaged Test Accuracy (Regular Model): 0.9896
Averaged Train Loss (Regular Model): 0.0001
Averaged Test AUC: 0.9954
Std Test Accurancy: 0.0105
Std Test AUC: 0.0075
-------------------------------------------------- 15.509242057800293

-------------Round number: 64-------------

Evaluate heterogeneous models
Averaged Test Accuracy (Regular Model): 0.9896
Averaged Train Loss (Regular Model): 0.0001
Averaged Test AUC: 0.9954
Std Test Accurancy: 0.0105
Std Test AUC: 0.0074
-------------------------------------------------- 15.608643531799316

-------------Round number: 65-------------

Evaluate heterogeneous models
Averaged Test Accuracy (Regular Model): 0.9896
Averaged Train Loss (Regular Model): 0.0001
Averaged Test AUC: 0.9953
Std Test Accurancy: 0.0105
Std Test AUC: 0.0075
-------------------------------------------------- 15.627756357192993

-------------Round number: 66-------------

Evaluate heterogeneous models
Averaged Test Accuracy (Regular Model): 0.9896
Averaged Train Loss (Regular Model): 0.0001
Averaged Test AUC: 0.9953
Std Test Accurancy: 0.0104
Std Test AUC: 0.0075
-------------------------------------------------- 14.763569116592407

-------------Round number: 67-------------

Evaluate heterogeneous models
Averaged Test Accuracy (Regular Model): 0.9897
Averaged Train Loss (Regular Model): 0.0001
Averaged Test AUC: 0.9953
Std Test Accurancy: 0.0104
Std Test AUC: 0.0076
-------------------------------------------------- 14.891206979751587

-------------Round number: 68-------------

Evaluate heterogeneous models
Averaged Test Accuracy (Regular Model): 0.9897
Averaged Train Loss (Regular Model): 0.0001
Averaged Test AUC: 0.9953
Std Test Accurancy: 0.0105
Std Test AUC: 0.0076
-------------------------------------------------- 15.079166650772095

-------------Round number: 69-------------

Evaluate heterogeneous models
Averaged Test Accuracy (Regular Model): 0.9898
Averaged Train Loss (Regular Model): 0.0001
Averaged Test AUC: 0.9953
Std Test Accurancy: 0.0105
Std Test AUC: 0.0076
-------------------------------------------------- 14.853825807571411

-------------Round number: 70-------------

Evaluate heterogeneous models
Averaged Test Accuracy (Regular Model): 0.9896
Averaged Train Loss (Regular Model): 0.0001
Averaged Test AUC: 0.9953
Std Test Accurancy: 0.0105
Std Test AUC: 0.0076
-------------------------------------------------- 15.242414712905884

-------------Round number: 71-------------

Evaluate heterogeneous models
Averaged Test Accuracy (Regular Model): 0.9896
Averaged Train Loss (Regular Model): 0.0001
Averaged Test AUC: 0.9952
Std Test Accurancy: 0.0105
Std Test AUC: 0.0077
-------------------------------------------------- 15.15345311164856

-------------Round number: 72-------------

Evaluate heterogeneous models
Averaged Test Accuracy (Regular Model): 0.9897
Averaged Train Loss (Regular Model): 0.0001
Averaged Test AUC: 0.9952
Std Test Accurancy: 0.0104
Std Test AUC: 0.0077
-------------------------------------------------- 14.583235740661621

-------------Round number: 73-------------

Evaluate heterogeneous models
Averaged Test Accuracy (Regular Model): 0.9896
Averaged Train Loss (Regular Model): 0.0001
Averaged Test AUC: 0.9952
Std Test Accurancy: 0.0105
Std Test AUC: 0.0078
-------------------------------------------------- 14.783966779708862

-------------Round number: 74-------------

Evaluate heterogeneous models
Averaged Test Accuracy (Regular Model): 0.9896
Averaged Train Loss (Regular Model): 0.0001
Averaged Test AUC: 0.9952
Std Test Accurancy: 0.0104
Std Test AUC: 0.0077
-------------------------------------------------- 15.5353364944458

-------------Round number: 75-------------

Evaluate heterogeneous models
Averaged Test Accuracy (Regular Model): 0.9897
Averaged Train Loss (Regular Model): 0.0001
Averaged Test AUC: 0.9952
Std Test Accurancy: 0.0104
Std Test AUC: 0.0078
-------------------------------------------------- 15.727259397506714

-------------Round number: 76-------------

Evaluate heterogeneous models
Averaged Test Accuracy (Regular Model): 0.9896
Averaged Train Loss (Regular Model): 0.0001
Averaged Test AUC: 0.9951
Std Test Accurancy: 0.0105
Std Test AUC: 0.0079
-------------------------------------------------- 15.787291765213013

-------------Round number: 77-------------

Evaluate heterogeneous models
Averaged Test Accuracy (Regular Model): 0.9896
Averaged Train Loss (Regular Model): 0.0001
Averaged Test AUC: 0.9951
Std Test Accurancy: 0.0104
Std Test AUC: 0.0079
-------------------------------------------------- 13.315885066986084

-------------Round number: 78-------------

Evaluate heterogeneous models
Averaged Test Accuracy (Regular Model): 0.9896
Averaged Train Loss (Regular Model): 0.0001
Averaged Test AUC: 0.9951
Std Test Accurancy: 0.0104
Std Test AUC: 0.0080
-------------------------------------------------- 12.204697608947754

-------------Round number: 79-------------

Evaluate heterogeneous models
Averaged Test Accuracy (Regular Model): 0.9896
Averaged Train Loss (Regular Model): 0.0001
Averaged Test AUC: 0.9951
Std Test Accurancy: 0.0104
Std Test AUC: 0.0080
-------------------------------------------------- 12.192153215408325

-------------Round number: 80-------------

Evaluate heterogeneous models
Averaged Test Accuracy (Regular Model): 0.9896
Averaged Train Loss (Regular Model): 0.0001
Averaged Test AUC: 0.9951
Std Test Accurancy: 0.0103
Std Test AUC: 0.0079
-------------------------------------------------- 12.097292184829712

-------------Round number: 81-------------

Evaluate heterogeneous models
Averaged Test Accuracy (Regular Model): 0.9896
Averaged Train Loss (Regular Model): 0.0001
Averaged Test AUC: 0.9951
Std Test Accurancy: 0.0103
Std Test AUC: 0.0080
-------------------------------------------------- 12.219857215881348

-------------Round number: 82-------------

Evaluate heterogeneous models
Averaged Test Accuracy (Regular Model): 0.9897
Averaged Train Loss (Regular Model): 0.0001
Averaged Test AUC: 0.9951
Std Test Accurancy: 0.0103
Std Test AUC: 0.0079
-------------------------------------------------- 12.16195559501648

-------------Round number: 83-------------

Evaluate heterogeneous models
Averaged Test Accuracy (Regular Model): 0.9896
Averaged Train Loss (Regular Model): 0.0001
Averaged Test AUC: 0.9951
Std Test Accurancy: 0.0105
Std Test AUC: 0.0078
-------------------------------------------------- 13.189431190490723

-------------Round number: 84-------------

Evaluate heterogeneous models
Averaged Test Accuracy (Regular Model): 0.9896
Averaged Train Loss (Regular Model): 0.0001
Averaged Test AUC: 0.9951
Std Test Accurancy: 0.0104
Std Test AUC: 0.0080
-------------------------------------------------- 14.465759754180908

-------------Round number: 85-------------

Evaluate heterogeneous models
Averaged Test Accuracy (Regular Model): 0.9896
Averaged Train Loss (Regular Model): 0.0001
Averaged Test AUC: 0.9951
Std Test Accurancy: 0.0105
Std Test AUC: 0.0079
-------------------------------------------------- 14.05878758430481

-------------Round number: 86-------------

Evaluate heterogeneous models
Averaged Test Accuracy (Regular Model): 0.9897
Averaged Train Loss (Regular Model): 0.0001
Averaged Test AUC: 0.9950
Std Test Accurancy: 0.0104
Std Test AUC: 0.0079
-------------------------------------------------- 14.189450979232788

-------------Round number: 87-------------

Evaluate heterogeneous models
Averaged Test Accuracy (Regular Model): 0.9897
Averaged Train Loss (Regular Model): 0.0001
Averaged Test AUC: 0.9950
Std Test Accurancy: 0.0104
Std Test AUC: 0.0080
-------------------------------------------------- 15.761683702468872

-------------Round number: 88-------------

Evaluate heterogeneous models
Averaged Test Accuracy (Regular Model): 0.9897
Averaged Train Loss (Regular Model): 0.0001
Averaged Test AUC: 0.9950
Std Test Accurancy: 0.0104
Std Test AUC: 0.0080
-------------------------------------------------- 15.627809524536133

-------------Round number: 89-------------

Evaluate heterogeneous models
Averaged Test Accuracy (Regular Model): 0.9897
Averaged Train Loss (Regular Model): 0.0001
Averaged Test AUC: 0.9950
Std Test Accurancy: 0.0104
Std Test AUC: 0.0080
-------------------------------------------------- 15.010324478149414

-------------Round number: 90-------------

Evaluate heterogeneous models
Averaged Test Accuracy (Regular Model): 0.9897
Averaged Train Loss (Regular Model): 0.0001
Averaged Test AUC: 0.9950
Std Test Accurancy: 0.0103
Std Test AUC: 0.0080
-------------------------------------------------- 14.60712480545044

-------------Round number: 91-------------

Evaluate heterogeneous models
Averaged Test Accuracy (Regular Model): 0.9896
Averaged Train Loss (Regular Model): 0.0001
Averaged Test AUC: 0.9950
Std Test Accurancy: 0.0105
Std Test AUC: 0.0080
-------------------------------------------------- 15.366472482681274

-------------Round number: 92-------------

Evaluate heterogeneous models
Averaged Test Accuracy (Regular Model): 0.9897
Averaged Train Loss (Regular Model): 0.0001
Averaged Test AUC: 0.9950
Std Test Accurancy: 0.0104
Std Test AUC: 0.0080
-------------------------------------------------- 15.46456241607666

-------------Round number: 93-------------

Evaluate heterogeneous models
Averaged Test Accuracy (Regular Model): 0.9898
Averaged Train Loss (Regular Model): 0.0001
Averaged Test AUC: 0.9950
Std Test Accurancy: 0.0104
Std Test AUC: 0.0080
-------------------------------------------------- 15.582431554794312

-------------Round number: 94-------------

Evaluate heterogeneous models
Averaged Test Accuracy (Regular Model): 0.9896
Averaged Train Loss (Regular Model): 0.0001
Averaged Test AUC: 0.9950
Std Test Accurancy: 0.0105
Std Test AUC: 0.0080
-------------------------------------------------- 14.79019808769226

-------------Round number: 95-------------

Evaluate heterogeneous models
Averaged Test Accuracy (Regular Model): 0.9897
Averaged Train Loss (Regular Model): 0.0001
Averaged Test AUC: 0.9949
Std Test Accurancy: 0.0103
Std Test AUC: 0.0080
-------------------------------------------------- 13.570184230804443

-------------Round number: 96-------------

Evaluate heterogeneous models
Averaged Test Accuracy (Regular Model): 0.9897
Averaged Train Loss (Regular Model): 0.0001
Averaged Test AUC: 0.9949
Std Test Accurancy: 0.0103
Std Test AUC: 0.0081
-------------------------------------------------- 15.447520732879639

-------------Round number: 97-------------

Evaluate heterogeneous models
Averaged Test Accuracy (Regular Model): 0.9898
Averaged Train Loss (Regular Model): 0.0001
Averaged Test AUC: 0.9949
Std Test Accurancy: 0.0103
Std Test AUC: 0.0080
-------------------------------------------------- 14.453482627868652

-------------Round number: 98-------------

Evaluate heterogeneous models
Averaged Test Accuracy (Regular Model): 0.9897
Averaged Train Loss (Regular Model): 0.0001
Averaged Test AUC: 0.9949
Std Test Accurancy: 0.0105
Std Test AUC: 0.0081
-------------------------------------------------- 13.962676763534546

-------------Round number: 99-------------

Evaluate heterogeneous models
Averaged Test Accuracy (Regular Model): 0.9898
Averaged Train Loss (Regular Model): 0.0001
Averaged Test AUC: 0.9949
Std Test Accurancy: 0.0103
Std Test AUC: 0.0080
-------------------------------------------------- 15.013241529464722

-------------Round number: 100-------------

Evaluate heterogeneous models
Averaged Test Accuracy (Regular Model): 0.9898
Averaged Train Loss (Regular Model): 0.0001
Averaged Test AUC: 0.9949
Std Test Accurancy: 0.0103
Std Test AUC: 0.0081
-------------------------------------------------- 15.402688264846802

-------------Round number: 101-------------

Evaluate heterogeneous models
Averaged Test Accuracy (Regular Model): 0.9897
Averaged Train Loss (Regular Model): 0.0001
Averaged Test AUC: 0.9949
Std Test Accurancy: 0.0105
Std Test AUC: 0.0081
-------------------------------------------------- 14.368835687637329

-------------Round number: 102-------------

Evaluate heterogeneous models
Averaged Test Accuracy (Regular Model): 0.9897
Averaged Train Loss (Regular Model): 0.0001
Averaged Test AUC: 0.9949
Std Test Accurancy: 0.0103
Std Test AUC: 0.0081
-------------------------------------------------- 14.028196334838867

-------------Round number: 103-------------

Evaluate heterogeneous models
Averaged Test Accuracy (Regular Model): 0.9898
Averaged Train Loss (Regular Model): 0.0001
Averaged Test AUC: 0.9949
Std Test Accurancy: 0.0103
Std Test AUC: 0.0081
-------------------------------------------------- 12.900153160095215

-------------Round number: 104-------------

Evaluate heterogeneous models
Averaged Test Accuracy (Regular Model): 0.9897
Averaged Train Loss (Regular Model): 0.0001
Averaged Test AUC: 0.9949
Std Test Accurancy: 0.0105
Std Test AUC: 0.0081
-------------------------------------------------- 12.712378025054932

-------------Round number: 105-------------

Evaluate heterogeneous models
Averaged Test Accuracy (Regular Model): 0.9898
Averaged Train Loss (Regular Model): 0.0001
Averaged Test AUC: 0.9948
Std Test Accurancy: 0.0103
Std Test AUC: 0.0081
-------------------------------------------------- 12.6350679397583

-------------Round number: 106-------------

Evaluate heterogeneous models
Averaged Test Accuracy (Regular Model): 0.9897
Averaged Train Loss (Regular Model): 0.0001
Averaged Test AUC: 0.9948
Std Test Accurancy: 0.0104
Std Test AUC: 0.0081
-------------------------------------------------- 12.573909521102905

-------------Round number: 107-------------

Evaluate heterogeneous models
Averaged Test Accuracy (Regular Model): 0.9897
Averaged Train Loss (Regular Model): 0.0001
Averaged Test AUC: 0.9948
Std Test Accurancy: 0.0103
Std Test AUC: 0.0081
-------------------------------------------------- 12.503173351287842

-------------Round number: 108-------------

Evaluate heterogeneous models
Averaged Test Accuracy (Regular Model): 0.9898
Averaged Train Loss (Regular Model): 0.0001
Averaged Test AUC: 0.9948
Std Test Accurancy: 0.0104
Std Test AUC: 0.0082
-------------------------------------------------- 12.692947626113892

-------------Round number: 109-------------

Evaluate heterogeneous models
Averaged Test Accuracy (Regular Model): 0.9898
Averaged Train Loss (Regular Model): 0.0001
Averaged Test AUC: 0.9948
Std Test Accurancy: 0.0104
Std Test AUC: 0.0082
-------------------------------------------------- 12.684645175933838

-------------Round number: 110-------------

Evaluate heterogeneous models
Averaged Test Accuracy (Regular Model): 0.9899
Averaged Train Loss (Regular Model): 0.0001
Averaged Test AUC: 0.9948
Std Test Accurancy: 0.0104
Std Test AUC: 0.0081
-------------------------------------------------- 12.740952014923096

-------------Round number: 111-------------

Evaluate heterogeneous models
Averaged Test Accuracy (Regular Model): 0.9899
Averaged Train Loss (Regular Model): 0.0001
Averaged Test AUC: 0.9948
Std Test Accurancy: 0.0104
Std Test AUC: 0.0081
-------------------------------------------------- 14.942044734954834

-------------Round number: 112-------------

Evaluate heterogeneous models
Averaged Test Accuracy (Regular Model): 0.9898
Averaged Train Loss (Regular Model): 0.0001
Averaged Test AUC: 0.9947
Std Test Accurancy: 0.0104
Std Test AUC: 0.0082
-------------------------------------------------- 13.752045154571533

-------------Round number: 113-------------

Evaluate heterogeneous models
Averaged Test Accuracy (Regular Model): 0.9898
Averaged Train Loss (Regular Model): 0.0001
Averaged Test AUC: 0.9947
Std Test Accurancy: 0.0104
Std Test AUC: 0.0081
-------------------------------------------------- 13.598018884658813

-------------Round number: 114-------------

Evaluate heterogeneous models
Averaged Test Accuracy (Regular Model): 0.9898
Averaged Train Loss (Regular Model): 0.0001
Averaged Test AUC: 0.9947
Std Test Accurancy: 0.0104
Std Test AUC: 0.0082
-------------------------------------------------- 12.86354398727417

-------------Round number: 115-------------

Evaluate heterogeneous models
Averaged Test Accuracy (Regular Model): 0.9897
Averaged Train Loss (Regular Model): 0.0001
Averaged Test AUC: 0.9947
Std Test Accurancy: 0.0106
Std Test AUC: 0.0081
-------------------------------------------------- 12.640624046325684

-------------Round number: 116-------------

Evaluate heterogeneous models
Averaged Test Accuracy (Regular Model): 0.9898
Averaged Train Loss (Regular Model): 0.0001
Averaged Test AUC: 0.9947
Std Test Accurancy: 0.0110
Std Test AUC: 0.0082
-------------------------------------------------- 12.619105577468872

-------------Round number: 117-------------

Evaluate heterogeneous models
Averaged Test Accuracy (Regular Model): 0.9897
Averaged Train Loss (Regular Model): 0.0001
Averaged Test AUC: 0.9947
Std Test Accurancy: 0.0112
Std Test AUC: 0.0082
-------------------------------------------------- 12.494758605957031

-------------Round number: 118-------------

Evaluate heterogeneous models
Averaged Test Accuracy (Regular Model): 0.9897
Averaged Train Loss (Regular Model): 0.0001
Averaged Test AUC: 0.9947
Std Test Accurancy: 0.0111
Std Test AUC: 0.0082
-------------------------------------------------- 12.589421272277832

-------------Round number: 119-------------

Evaluate heterogeneous models
Averaged Test Accuracy (Regular Model): 0.9898
Averaged Train Loss (Regular Model): 0.0001
Averaged Test AUC: 0.9947
Std Test Accurancy: 0.0106
Std Test AUC: 0.0082
-------------------------------------------------- 12.606982707977295

-------------Round number: 120-------------

Evaluate heterogeneous models
Averaged Test Accuracy (Regular Model): 0.9898
Averaged Train Loss (Regular Model): 0.0001
Averaged Test AUC: 0.9947
Std Test Accurancy: 0.0106
Std Test AUC: 0.0082
-------------------------------------------------- 12.526892900466919

-------------Round number: 121-------------

Evaluate heterogeneous models
Averaged Test Accuracy (Regular Model): 0.9898
Averaged Train Loss (Regular Model): 0.0001
Averaged Test AUC: 0.9947
Std Test Accurancy: 0.0104
Std Test AUC: 0.0082
-------------------------------------------------- 12.611116170883179

-------------Round number: 122-------------

Evaluate heterogeneous models
Averaged Test Accuracy (Regular Model): 0.9898
Averaged Train Loss (Regular Model): 0.0001
Averaged Test AUC: 0.9946
Std Test Accurancy: 0.0104
Std Test AUC: 0.0082
-------------------------------------------------- 12.76091742515564

-------------Round number: 123-------------

Evaluate heterogeneous models
Averaged Test Accuracy (Regular Model): 0.9898
Averaged Train Loss (Regular Model): 0.0001
Averaged Test AUC: 0.9946
Std Test Accurancy: 0.0106
Std Test AUC: 0.0082
-------------------------------------------------- 12.64976453781128

-------------Round number: 124-------------

Evaluate heterogeneous models
Averaged Test Accuracy (Regular Model): 0.9898
Averaged Train Loss (Regular Model): 0.0001
Averaged Test AUC: 0.9946
Std Test Accurancy: 0.0106
Std Test AUC: 0.0082
-------------------------------------------------- 12.441477060317993

-------------Round number: 125-------------

Evaluate heterogeneous models
Averaged Test Accuracy (Regular Model): 0.9898
Averaged Train Loss (Regular Model): 0.0001
Averaged Test AUC: 0.9946
Std Test Accurancy: 0.0106
Std Test AUC: 0.0082
-------------------------------------------------- 12.56196117401123

-------------Round number: 126-------------

Evaluate heterogeneous models
Averaged Test Accuracy (Regular Model): 0.9898
Averaged Train Loss (Regular Model): 0.0001
Averaged Test AUC: 0.9946
Std Test Accurancy: 0.0106
Std Test AUC: 0.0082
-------------------------------------------------- 12.67115044593811

-------------Round number: 127-------------

Evaluate heterogeneous models
Averaged Test Accuracy (Regular Model): 0.9898
Averaged Train Loss (Regular Model): 0.0001
Averaged Test AUC: 0.9946
Std Test Accurancy: 0.0106
Std Test AUC: 0.0083
-------------------------------------------------- 12.530761241912842

-------------Round number: 128-------------

Evaluate heterogeneous models
Averaged Test Accuracy (Regular Model): 0.9898
Averaged Train Loss (Regular Model): 0.0001
Averaged Test AUC: 0.9946
Std Test Accurancy: 0.0106
Std Test AUC: 0.0081
-------------------------------------------------- 12.611350059509277

-------------Round number: 129-------------

Evaluate heterogeneous models
Averaged Test Accuracy (Regular Model): 0.9898
Averaged Train Loss (Regular Model): 0.0001
Averaged Test AUC: 0.9946
Std Test Accurancy: 0.0106
Std Test AUC: 0.0082
-------------------------------------------------- 12.519186735153198

-------------Round number: 130-------------

Evaluate heterogeneous models
Averaged Test Accuracy (Regular Model): 0.9898
Averaged Train Loss (Regular Model): 0.0001
Averaged Test AUC: 0.9945
Std Test Accurancy: 0.0106
Std Test AUC: 0.0082
-------------------------------------------------- 12.488848447799683

-------------Round number: 131-------------

Evaluate heterogeneous models
Averaged Test Accuracy (Regular Model): 0.9898
Averaged Train Loss (Regular Model): 0.0001
Averaged Test AUC: 0.9945
Std Test Accurancy: 0.0106
Std Test AUC: 0.0082
-------------------------------------------------- 12.469759225845337

-------------Round number: 132-------------

Evaluate heterogeneous models
Averaged Test Accuracy (Regular Model): 0.9898
Averaged Train Loss (Regular Model): 0.0001
Averaged Test AUC: 0.9945
Std Test Accurancy: 0.0106
Std Test AUC: 0.0082
-------------------------------------------------- 12.533448696136475

-------------Round number: 133-------------

Evaluate heterogeneous models
Averaged Test Accuracy (Regular Model): 0.9898
Averaged Train Loss (Regular Model): 0.0001
Averaged Test AUC: 0.9945
Std Test Accurancy: 0.0106
Std Test AUC: 0.0082
-------------------------------------------------- 12.435052394866943

-------------Round number: 134-------------

Evaluate heterogeneous models
Averaged Test Accuracy (Regular Model): 0.9898
Averaged Train Loss (Regular Model): 0.0001
Averaged Test AUC: 0.9945
Std Test Accurancy: 0.0106
Std Test AUC: 0.0082
-------------------------------------------------- 12.42511510848999

-------------Round number: 135-------------

Evaluate heterogeneous models
Averaged Test Accuracy (Regular Model): 0.9898
Averaged Train Loss (Regular Model): 0.0001
Averaged Test AUC: 0.9945
Std Test Accurancy: 0.0106
Std Test AUC: 0.0082
-------------------------------------------------- 12.54761528968811

-------------Round number: 136-------------

Evaluate heterogeneous models
Averaged Test Accuracy (Regular Model): 0.9898
Averaged Train Loss (Regular Model): 0.0001
Averaged Test AUC: 0.9945
Std Test Accurancy: 0.0106
Std Test AUC: 0.0082
-------------------------------------------------- 12.643348217010498

-------------Round number: 137-------------

Evaluate heterogeneous models
Averaged Test Accuracy (Regular Model): 0.9899
Averaged Train Loss (Regular Model): 0.0001
Averaged Test AUC: 0.9945
Std Test Accurancy: 0.0106
Std Test AUC: 0.0082
-------------------------------------------------- 14.77017855644226

-------------Round number: 138-------------

Evaluate heterogeneous models
Averaged Test Accuracy (Regular Model): 0.9899
Averaged Train Loss (Regular Model): 0.0001
Averaged Test AUC: 0.9945
Std Test Accurancy: 0.0106
Std Test AUC: 0.0082
-------------------------------------------------- 14.825027465820312

-------------Round number: 139-------------

Evaluate heterogeneous models
Averaged Test Accuracy (Regular Model): 0.9898
Averaged Train Loss (Regular Model): 0.0001
Averaged Test AUC: 0.9945
Std Test Accurancy: 0.0106
Std Test AUC: 0.0082
-------------------------------------------------- 14.388649225234985

-------------Round number: 140-------------

Evaluate heterogeneous models
Averaged Test Accuracy (Regular Model): 0.9898
Averaged Train Loss (Regular Model): 0.0001
Averaged Test AUC: 0.9944
Std Test Accurancy: 0.0106
Std Test AUC: 0.0082
-------------------------------------------------- 13.36187744140625

-------------Round number: 141-------------

Evaluate heterogeneous models
Averaged Test Accuracy (Regular Model): 0.9899
Averaged Train Loss (Regular Model): 0.0001
Averaged Test AUC: 0.9944
Std Test Accurancy: 0.0106
Std Test AUC: 0.0082
-------------------------------------------------- 12.991132020950317

-------------Round number: 142-------------

Evaluate heterogeneous models
Averaged Test Accuracy (Regular Model): 0.9899
Averaged Train Loss (Regular Model): 0.0001
Averaged Test AUC: 0.9944
Std Test Accurancy: 0.0106
Std Test AUC: 0.0081
-------------------------------------------------- 13.154864072799683

-------------Round number: 143-------------

Evaluate heterogeneous models
Averaged Test Accuracy (Regular Model): 0.9898
Averaged Train Loss (Regular Model): 0.0001
Averaged Test AUC: 0.9944
Std Test Accurancy: 0.0106
Std Test AUC: 0.0081
-------------------------------------------------- 12.83284330368042

-------------Round number: 144-------------

Evaluate heterogeneous models
Averaged Test Accuracy (Regular Model): 0.9898
Averaged Train Loss (Regular Model): 0.0001
Averaged Test AUC: 0.9944
Std Test Accurancy: 0.0111
Std Test AUC: 0.0082
-------------------------------------------------- 12.87035608291626

-------------Round number: 145-------------

Evaluate heterogeneous models
Averaged Test Accuracy (Regular Model): 0.9898
Averaged Train Loss (Regular Model): 0.0001
Averaged Test AUC: 0.9944
Std Test Accurancy: 0.0105
Std Test AUC: 0.0082
-------------------------------------------------- 12.802828788757324

-------------Round number: 146-------------

Evaluate heterogeneous models
Averaged Test Accuracy (Regular Model): 0.9898
Averaged Train Loss (Regular Model): 0.0001
Averaged Test AUC: 0.9944
Std Test Accurancy: 0.0111
Std Test AUC: 0.0082
-------------------------------------------------- 12.725473642349243

-------------Round number: 147-------------

Evaluate heterogeneous models
Averaged Test Accuracy (Regular Model): 0.9897
Averaged Train Loss (Regular Model): 0.0001
Averaged Test AUC: 0.9943
Std Test Accurancy: 0.0111
Std Test AUC: 0.0082
-------------------------------------------------- 12.885984420776367

-------------Round number: 148-------------

Evaluate heterogeneous models
Averaged Test Accuracy (Regular Model): 0.9898
Averaged Train Loss (Regular Model): 0.0001
Averaged Test AUC: 0.9943
Std Test Accurancy: 0.0111
Std Test AUC: 0.0081
-------------------------------------------------- 12.32554817199707

-------------Round number: 149-------------

Evaluate heterogeneous models
Averaged Test Accuracy (Regular Model): 0.9898
Averaged Train Loss (Regular Model): 0.0001
Averaged Test AUC: 0.9943
Std Test Accurancy: 0.0106
Std Test AUC: 0.0082
-------------------------------------------------- 12.635895490646362

-------------Round number: 150-------------

Evaluate heterogeneous models
Averaged Test Accuracy (Regular Model): 0.9898
Averaged Train Loss (Regular Model): 0.0001
Averaged Test AUC: 0.9943
Std Test Accurancy: 0.0111
Std Test AUC: 0.0082
-------------------------------------------------- 12.741180181503296

-------------Round number: 151-------------

Evaluate heterogeneous models
Averaged Test Accuracy (Regular Model): 0.9898
Averaged Train Loss (Regular Model): 0.0001
Averaged Test AUC: 0.9943
Std Test Accurancy: 0.0111
Std Test AUC: 0.0081
-------------------------------------------------- 12.731789827346802

-------------Round number: 152-------------

Evaluate heterogeneous models
Averaged Test Accuracy (Regular Model): 0.9898
Averaged Train Loss (Regular Model): 0.0001
Averaged Test AUC: 0.9943
Std Test Accurancy: 0.0111
Std Test AUC: 0.0082
-------------------------------------------------- 12.27192497253418

-------------Round number: 153-------------

Evaluate heterogeneous models
Averaged Test Accuracy (Regular Model): 0.9897
Averaged Train Loss (Regular Model): 0.0001
Averaged Test AUC: 0.9943
Std Test Accurancy: 0.0111
Std Test AUC: 0.0081
-------------------------------------------------- 11.870010614395142

-------------Round number: 154-------------

Evaluate heterogeneous models
Averaged Test Accuracy (Regular Model): 0.9898
Averaged Train Loss (Regular Model): 0.0000
Averaged Test AUC: 0.9943
Std Test Accurancy: 0.0111
Std Test AUC: 0.0082
-------------------------------------------------- 12.18369746208191

-------------Round number: 155-------------

Evaluate heterogeneous models
Averaged Test Accuracy (Regular Model): 0.9897
Averaged Train Loss (Regular Model): 0.0000
Averaged Test AUC: 0.9943
Std Test Accurancy: 0.0115
Std Test AUC: 0.0081
-------------------------------------------------- 11.125780820846558

-------------Round number: 156-------------

Evaluate heterogeneous models
Averaged Test Accuracy (Regular Model): 0.9900
Averaged Train Loss (Regular Model): 0.0000
Averaged Test AUC: 0.9942
Std Test Accurancy: 0.0109
Std Test AUC: 0.0082
-------------------------------------------------- 12.27725338935852

-------------Round number: 157-------------

Evaluate heterogeneous models
Averaged Test Accuracy (Regular Model): 0.9898
Averaged Train Loss (Regular Model): 0.0000
Averaged Test AUC: 0.9942
Std Test Accurancy: 0.0111
Std Test AUC: 0.0082
-------------------------------------------------- 11.405265808105469

-------------Round number: 158-------------

Evaluate heterogeneous models
Averaged Test Accuracy (Regular Model): 0.9898
Averaged Train Loss (Regular Model): 0.0000
Averaged Test AUC: 0.9942
Std Test Accurancy: 0.0111
Std Test AUC: 0.0081
-------------------------------------------------- 11.818735599517822

-------------Round number: 159-------------

Evaluate heterogeneous models
Averaged Test Accuracy (Regular Model): 0.9898
Averaged Train Loss (Regular Model): 0.0000
Averaged Test AUC: 0.9942
Std Test Accurancy: 0.0112
Std Test AUC: 0.0081
-------------------------------------------------- 12.20566987991333

-------------Round number: 160-------------

Evaluate heterogeneous models
Averaged Test Accuracy (Regular Model): 0.9898
Averaged Train Loss (Regular Model): 0.0000
Averaged Test AUC: 0.9942
Std Test Accurancy: 0.0111
Std Test AUC: 0.0082
-------------------------------------------------- 12.423194885253906

-------------Round number: 161-------------

Evaluate heterogeneous models
Averaged Test Accuracy (Regular Model): 0.9900
Averaged Train Loss (Regular Model): 0.0000
Averaged Test AUC: 0.9942
Std Test Accurancy: 0.0109
Std Test AUC: 0.0081
-------------------------------------------------- 12.298223733901978

-------------Round number: 162-------------

Evaluate heterogeneous models
Averaged Test Accuracy (Regular Model): 0.9898
Averaged Train Loss (Regular Model): 0.0000
Averaged Test AUC: 0.9942
Std Test Accurancy: 0.0111
Std Test AUC: 0.0081
-------------------------------------------------- 12.309918403625488

-------------Round number: 163-------------

Evaluate heterogeneous models
Averaged Test Accuracy (Regular Model): 0.9899
Averaged Train Loss (Regular Model): 0.0001
Averaged Test AUC: 0.9942
Std Test Accurancy: 0.0111
Std Test AUC: 0.0082
-------------------------------------------------- 12.268051385879517

-------------Round number: 164-------------

Evaluate heterogeneous models
Averaged Test Accuracy (Regular Model): 0.9898
Averaged Train Loss (Regular Model): 0.0000
Averaged Test AUC: 0.9942
Std Test Accurancy: 0.0109
Std Test AUC: 0.0081
-------------------------------------------------- 12.228429317474365

-------------Round number: 165-------------

Evaluate heterogeneous models
Averaged Test Accuracy (Regular Model): 0.9898
Averaged Train Loss (Regular Model): 0.0000
Averaged Test AUC: 0.9941
Std Test Accurancy: 0.0109
Std Test AUC: 0.0082
-------------------------------------------------- 12.529287576675415

-------------Round number: 166-------------

Evaluate heterogeneous models
Averaged Test Accuracy (Regular Model): 0.9898
Averaged Train Loss (Regular Model): 0.0000
Averaged Test AUC: 0.9941
Std Test Accurancy: 0.0113
Std Test AUC: 0.0081
-------------------------------------------------- 12.414478302001953

-------------Round number: 167-------------

Evaluate heterogeneous models
Averaged Test Accuracy (Regular Model): 0.9898
Averaged Train Loss (Regular Model): 0.0000
Averaged Test AUC: 0.9941
Std Test Accurancy: 0.0109
Std Test AUC: 0.0081
-------------------------------------------------- 12.40032148361206

-------------Round number: 168-------------

Evaluate heterogeneous models
Averaged Test Accuracy (Regular Model): 0.9898
Averaged Train Loss (Regular Model): 0.0000
Averaged Test AUC: 0.9941
Std Test Accurancy: 0.0112
Std Test AUC: 0.0081
-------------------------------------------------- 12.3711678981781

-------------Round number: 169-------------

Evaluate heterogeneous models
Averaged Test Accuracy (Regular Model): 0.9897
Averaged Train Loss (Regular Model): 0.0000
Averaged Test AUC: 0.9941
Std Test Accurancy: 0.0109
Std Test AUC: 0.0081
-------------------------------------------------- 12.289169549942017

-------------Round number: 170-------------

Evaluate heterogeneous models
Averaged Test Accuracy (Regular Model): 0.9897
Averaged Train Loss (Regular Model): 0.0000
Averaged Test AUC: 0.9941
Std Test Accurancy: 0.0113
Std Test AUC: 0.0082
-------------------------------------------------- 12.445747137069702

-------------Round number: 171-------------

Evaluate heterogeneous models
Averaged Test Accuracy (Regular Model): 0.9897
Averaged Train Loss (Regular Model): 0.0000
Averaged Test AUC: 0.9941
Std Test Accurancy: 0.0113
Std Test AUC: 0.0081
-------------------------------------------------- 12.509242296218872

-------------Round number: 172-------------

Evaluate heterogeneous models
Averaged Test Accuracy (Regular Model): 0.9897
Averaged Train Loss (Regular Model): 0.0000
Averaged Test AUC: 0.9941
Std Test Accurancy: 0.0112
Std Test AUC: 0.0081
-------------------------------------------------- 12.394592761993408

-------------Round number: 173-------------

Evaluate heterogeneous models
Averaged Test Accuracy (Regular Model): 0.9897
Averaged Train Loss (Regular Model): 0.0000
Averaged Test AUC: 0.9941
Std Test Accurancy: 0.0113
Std Test AUC: 0.0081
-------------------------------------------------- 10.65489149093628

-------------Round number: 174-------------

Evaluate heterogeneous models
Averaged Test Accuracy (Regular Model): 0.9897
Averaged Train Loss (Regular Model): 0.0000
Averaged Test AUC: 0.9940
Std Test Accurancy: 0.0112
Std Test AUC: 0.0082
-------------------------------------------------- 10.126994609832764

-------------Round number: 175-------------

Evaluate heterogeneous models
Averaged Test Accuracy (Regular Model): 0.9898
Averaged Train Loss (Regular Model): 0.0000
Averaged Test AUC: 0.9941
Std Test Accurancy: 0.0112
Std Test AUC: 0.0081
-------------------------------------------------- 11.592756986618042

-------------Round number: 176-------------

Evaluate heterogeneous models
Averaged Test Accuracy (Regular Model): 0.9897
Averaged Train Loss (Regular Model): 0.0000
Averaged Test AUC: 0.9940
Std Test Accurancy: 0.0112
Std Test AUC: 0.0081
-------------------------------------------------- 12.011811971664429

-------------Round number: 177-------------

Evaluate heterogeneous models
Averaged Test Accuracy (Regular Model): 0.9896
Averaged Train Loss (Regular Model): 0.0000
Averaged Test AUC: 0.9940
Std Test Accurancy: 0.0113
Std Test AUC: 0.0081
-------------------------------------------------- 10.202996969223022

-------------Round number: 178-------------

Evaluate heterogeneous models
Averaged Test Accuracy (Regular Model): 0.9897
Averaged Train Loss (Regular Model): 0.0000
Averaged Test AUC: 0.9940
Std Test Accurancy: 0.0112
Std Test AUC: 0.0081
-------------------------------------------------- 10.200068712234497

-------------Round number: 179-------------

Evaluate heterogeneous models
Averaged Test Accuracy (Regular Model): 0.9897
Averaged Train Loss (Regular Model): 0.0000
Averaged Test AUC: 0.9940
Std Test Accurancy: 0.0107
Std Test AUC: 0.0081
-------------------------------------------------- 10.121046781539917

-------------Round number: 180-------------

Evaluate heterogeneous models
Averaged Test Accuracy (Regular Model): 0.9897
Averaged Train Loss (Regular Model): 0.0000
Averaged Test AUC: 0.9940
Std Test Accurancy: 0.0112
Std Test AUC: 0.0081
-------------------------------------------------- 10.250985145568848

-------------Round number: 181-------------

Evaluate heterogeneous models
Averaged Test Accuracy (Regular Model): 0.9897
Averaged Train Loss (Regular Model): 0.0000
Averaged Test AUC: 0.9940
Std Test Accurancy: 0.0107
Std Test AUC: 0.0081
-------------------------------------------------- 10.238081455230713

-------------Round number: 182-------------

Evaluate heterogeneous models
Averaged Test Accuracy (Regular Model): 0.9896
Averaged Train Loss (Regular Model): 0.0000
Averaged Test AUC: 0.9940
Std Test Accurancy: 0.0113
Std Test AUC: 0.0081
-------------------------------------------------- 10.14450216293335

-------------Round number: 183-------------

Evaluate heterogeneous models
Averaged Test Accuracy (Regular Model): 0.9898
Averaged Train Loss (Regular Model): 0.0000
Averaged Test AUC: 0.9940
Std Test Accurancy: 0.0107
Std Test AUC: 0.0081
-------------------------------------------------- 10.131076335906982

-------------Round number: 184-------------

Evaluate heterogeneous models
Averaged Test Accuracy (Regular Model): 0.9897
Averaged Train Loss (Regular Model): 0.0000
Averaged Test AUC: 0.9940
Std Test Accurancy: 0.0107
Std Test AUC: 0.0081
-------------------------------------------------- 10.247502565383911

-------------Round number: 185-------------

Evaluate heterogeneous models
Averaged Test Accuracy (Regular Model): 0.9898
Averaged Train Loss (Regular Model): 0.0000
Averaged Test AUC: 0.9940
Std Test Accurancy: 0.0107
Std Test AUC: 0.0081
-------------------------------------------------- 10.016297340393066

-------------Round number: 186-------------

Evaluate heterogeneous models
Averaged Test Accuracy (Regular Model): 0.9898
Averaged Train Loss (Regular Model): 0.0000
Averaged Test AUC: 0.9939
Std Test Accurancy: 0.0107
Std Test AUC: 0.0081
-------------------------------------------------- 10.12529468536377

-------------Round number: 187-------------

Evaluate heterogeneous models
Averaged Test Accuracy (Regular Model): 0.9897
Averaged Train Loss (Regular Model): 0.0000
Averaged Test AUC: 0.9939
Std Test Accurancy: 0.0107
Std Test AUC: 0.0081
-------------------------------------------------- 9.976303339004517

-------------Round number: 188-------------

Evaluate heterogeneous models
Averaged Test Accuracy (Regular Model): 0.9898
Averaged Train Loss (Regular Model): 0.0000
Averaged Test AUC: 0.9939
Std Test Accurancy: 0.0107
Std Test AUC: 0.0081
-------------------------------------------------- 9.950425863265991

-------------Round number: 189-------------

Evaluate heterogeneous models
Averaged Test Accuracy (Regular Model): 0.9898
Averaged Train Loss (Regular Model): 0.0000
Averaged Test AUC: 0.9939
Std Test Accurancy: 0.0107
Std Test AUC: 0.0081
-------------------------------------------------- 9.95691728591919

-------------Round number: 190-------------

Evaluate heterogeneous models
Averaged Test Accuracy (Regular Model): 0.9898
Averaged Train Loss (Regular Model): 0.0000
Averaged Test AUC: 0.9939
Std Test Accurancy: 0.0107
Std Test AUC: 0.0081
-------------------------------------------------- 10.012658596038818

-------------Round number: 191-------------

Evaluate heterogeneous models
Averaged Test Accuracy (Regular Model): 0.9898
Averaged Train Loss (Regular Model): 0.0000
Averaged Test AUC: 0.9939
Std Test Accurancy: 0.0107
Std Test AUC: 0.0081
-------------------------------------------------- 9.937474727630615

-------------Round number: 192-------------

Evaluate heterogeneous models
Averaged Test Accuracy (Regular Model): 0.9898
Averaged Train Loss (Regular Model): 0.0000
Averaged Test AUC: 0.9939
Std Test Accurancy: 0.0107
Std Test AUC: 0.0081
-------------------------------------------------- 9.957522869110107

-------------Round number: 193-------------

Evaluate heterogeneous models
Averaged Test Accuracy (Regular Model): 0.9898
Averaged Train Loss (Regular Model): 0.0000
Averaged Test AUC: 0.9939
Std Test Accurancy: 0.0107
Std Test AUC: 0.0081
-------------------------------------------------- 9.929691791534424

-------------Round number: 194-------------

Evaluate heterogeneous models
Averaged Test Accuracy (Regular Model): 0.9899
Averaged Train Loss (Regular Model): 0.0000
Averaged Test AUC: 0.9939
Std Test Accurancy: 0.0101
Std Test AUC: 0.0081
-------------------------------------------------- 10.423543930053711

-------------Round number: 195-------------

Evaluate heterogeneous models
Averaged Test Accuracy (Regular Model): 0.9898
Averaged Train Loss (Regular Model): 0.0000
Averaged Test AUC: 0.9939
Std Test Accurancy: 0.0107
Std Test AUC: 0.0081
-------------------------------------------------- 12.092689990997314

-------------Round number: 196-------------

Evaluate heterogeneous models
Averaged Test Accuracy (Regular Model): 0.9898
Averaged Train Loss (Regular Model): 0.0000
Averaged Test AUC: 0.9938
Std Test Accurancy: 0.0107
Std Test AUC: 0.0081
-------------------------------------------------- 12.09434962272644

-------------Round number: 197-------------

Evaluate heterogeneous models
Averaged Test Accuracy (Regular Model): 0.9898
Averaged Train Loss (Regular Model): 0.0000
Averaged Test AUC: 0.9938
Std Test Accurancy: 0.0107
Std Test AUC: 0.0081
-------------------------------------------------- 12.182414293289185

-------------Round number: 198-------------

Evaluate heterogeneous models
Averaged Test Accuracy (Regular Model): 0.9898
Averaged Train Loss (Regular Model): 0.0000
Averaged Test AUC: 0.9938
Std Test Accurancy: 0.0107
Std Test AUC: 0.0081
-------------------------------------------------- 12.148506879806519

-------------Round number: 199-------------

Evaluate heterogeneous models
Averaged Test Accuracy (Regular Model): 0.9898
Averaged Train Loss (Regular Model): 0.0000
Averaged Test AUC: 0.9938
Std Test Accurancy: 0.0107
Std Test AUC: 0.0081
-------------------------------------------------- 12.091683626174927

-------------Round number: 200-------------

Evaluate heterogeneous models
Averaged Test Accuracy (Regular Model): 0.9898
Averaged Train Loss (Regular Model): 0.0000
Averaged Test AUC: 0.9938
Std Test Accurancy: 0.0107
Std Test AUC: 0.0081

Best accuracy.
0.9899526174573272
13.016499729156495
File path: ../results/MNIST_dir_0.1_imbalance_40_FedGH_test_0.h5

Average time cost: 2785.28s.
Length:  201
std for best accurancy: 0.0
mean for best accurancy: 0.9899526174573272
All done!

Storage on cpu
-------------------------------------------------------------------------------
Total Tensors: 5130 	Used Memory: 20.50K
-------------------------------------------------------------------------------
