==================================================
goal = test
device = cuda
device_id = 0
dataset = MNIST_dir_0.1_imbalance_40
jetson = 0
DVFS = 0
drawGMM = 0
num_classes = 10
model_family = HCNNs8
batch_size = 256
num_workers = 0
local_learning_rate = 0.06
use_decay_scheduler = False
learning_rate_decay = False
learning_rate_decay_gamma = 0.99
global_rounds = 200
edge_epochs = 1
local_epochs = 5
algorithm = FedGen
join_ratio = 1.0
edge_join_ratio = 1.0
random_join_ratio = False
num_clients = 40
num_edges = 10
prev = 0
times = 1
eval_gap = 1
save_folder_name = temp
auto_break = False
feature_dim = 512
vocab_size = 98635
max_len = 200
client_drop_rate = 0.0
train_slow_rate = 0.0
send_slow_rate = 0.0
time_select = False
time_threthold = 10000
optimizer = SGD
lamda = 1.0
weight_decay = 0
trans_delay_simulate = False
momentum = 0.8
agg_type = 0
buffersize = 10
gl_use_clients = 1
test_useglclassifier = 1
gamma = 1
extra_loss = 0
delta = 1
drawtsne = 1
drawround = 20
noise_dim = 32
generator_learning_rate = 0.0001
hidden_dim = 512
server_epochs = 100
alpha = 1.0
beta = 1.0
mentee_learning_rate = 0.005
T_start = 0.95
T_end = 0.98
server_learning_rate = 0.01
margin_threthold = 100.0
generator_path = stylegan/stylegan-xl-models/imagenet64.pkl
stable_diffusion_prompt = a cat
server_batch_size = 100
gen_batch_size = 4
mu = 50.0
buffer_size = 10
==================================================
Random seed set as 42

============= Running time: 0th =============
Creating server and clients ...
CNN(num_cov=1, hidden_dims=[], in_features=1, num_classes=args.num_classes)
CNN(num_cov=2, hidden_dims=[], in_features=1, num_classes=args.num_classes)
CNN(num_cov=1, hidden_dims=[512], in_features=1, num_classes=args.num_classes)
CNN(num_cov=2, hidden_dims=[512], in_features=1, num_classes=args.num_classes)
CNN(num_cov=1, hidden_dims=[1024], in_features=1, num_classes=args.num_classes)
CNN(num_cov=2, hidden_dims=[1024], in_features=1, num_classes=args.num_classes)
CNN(num_cov=1, hidden_dims=[1024, 512], in_features=1, num_classes=args.num_classes)
CNN(num_cov=2, hidden_dims=[1024, 512], in_features=1, num_classes=args.num_classes)
temp/MNIST_dir_0.1_imbalance_40/NE_10/featuredim_512/FedGen/SGD/lr_0.06/wd_0/momentum_0.8/lbs_256/lamda_1.0/localepoch_5/buffer_10/gamma_1_usegltest_1/1736523644.9205384
CNN(num_cov=1, hidden_dims=[], in_features=1, num_classes=args.num_classes) model chosen!
id 0
label_counts: defaultdict(<class 'int'>, {4: 158, 9: 289, 2: 4, 6: 121})
CNN(num_cov=2, hidden_dims=[], in_features=1, num_classes=args.num_classes) model chosen!
id 1
label_counts: defaultdict(<class 'int'>, {1: 271, 6: 1134, 5: 758, 0: 9})
CNN(num_cov=1, hidden_dims=[512], in_features=1, num_classes=args.num_classes) model chosen!
id 2
label_counts: defaultdict(<class 'int'>, {7: 2296, 1: 923, 5: 49})
CNN(num_cov=2, hidden_dims=[512], in_features=1, num_classes=args.num_classes) model chosen!
id 3
label_counts: defaultdict(<class 'int'>, {5: 654, 2: 451, 6: 52, 8: 57, 4: 16, 1: 1, 3: 1, 0: 2})
CNN(num_cov=1, hidden_dims=[1024], in_features=1, num_classes=args.num_classes) model chosen!
id 4
label_counts: defaultdict(<class 'int'>, {2: 718, 9: 865, 6: 391, 0: 93})
CNN(num_cov=2, hidden_dims=[1024], in_features=1, num_classes=args.num_classes) model chosen!
id 5
label_counts: defaultdict(<class 'int'>, {8: 1280, 7: 364, 0: 34})
CNN(num_cov=1, hidden_dims=[1024, 512], in_features=1, num_classes=args.num_classes) model chosen!
id 6
label_counts: defaultdict(<class 'int'>, {4: 1193, 0: 369, 2: 14, 1: 10})
CNN(num_cov=2, hidden_dims=[1024, 512], in_features=1, num_classes=args.num_classes) model chosen!
id 7
label_counts: defaultdict(<class 'int'>, {9: 1087, 5: 33, 6: 17, 8: 34, 7: 5})
CNN(num_cov=1, hidden_dims=[], in_features=1, num_classes=args.num_classes) model chosen!
id 8
label_counts: defaultdict(<class 'int'>, {2: 1474, 1: 320})
CNN(num_cov=2, hidden_dims=[], in_features=1, num_classes=args.num_classes) model chosen!
id 9
label_counts: defaultdict(<class 'int'>, {5: 434, 4: 506, 1: 50, 7: 1})
CNN(num_cov=1, hidden_dims=[512], in_features=1, num_classes=args.num_classes) model chosen!
id 10
label_counts: defaultdict(<class 'int'>, {6: 696, 5: 114, 7: 3, 3: 14})
CNN(num_cov=2, hidden_dims=[512], in_features=1, num_classes=args.num_classes) model chosen!
id 11
label_counts: defaultdict(<class 'int'>, {3: 1008, 6: 296, 5: 70, 0: 29})
CNN(num_cov=1, hidden_dims=[1024], in_features=1, num_classes=args.num_classes) model chosen!
id 12
label_counts: defaultdict(<class 'int'>, {3: 1642, 0: 32})
CNN(num_cov=2, hidden_dims=[1024], in_features=1, num_classes=args.num_classes) model chosen!
id 13
label_counts: defaultdict(<class 'int'>, {3: 1120, 4: 192})
CNN(num_cov=1, hidden_dims=[1024, 512], in_features=1, num_classes=args.num_classes) model chosen!
id 14
label_counts: defaultdict(<class 'int'>, {2: 309, 1: 352, 3: 6, 6: 5})
CNN(num_cov=2, hidden_dims=[1024, 512], in_features=1, num_classes=args.num_classes) model chosen!
id 15
label_counts: defaultdict(<class 'int'>, {3: 70, 7: 49, 8: 235, 1: 72, 2: 21, 5: 1})
CNN(num_cov=1, hidden_dims=[], in_features=1, num_classes=args.num_classes) model chosen!
id 16
label_counts: defaultdict(<class 'int'>, {6: 262, 9: 284, 8: 66, 1: 38, 0: 8})
CNN(num_cov=2, hidden_dims=[], in_features=1, num_classes=args.num_classes) model chosen!
id 17
label_counts: defaultdict(<class 'int'>, {4: 2317, 1: 196})
CNN(num_cov=1, hidden_dims=[512], in_features=1, num_classes=args.num_classes) model chosen!
id 18
label_counts: defaultdict(<class 'int'>, {7: 1087, 3: 608, 5: 157, 4: 21, 1: 16, 0: 1})
CNN(num_cov=2, hidden_dims=[512], in_features=1, num_classes=args.num_classes) model chosen!
id 19
label_counts: defaultdict(<class 'int'>, {2: 260, 8: 119, 7: 7, 9: 1})
CNN(num_cov=1, hidden_dims=[1024], in_features=1, num_classes=args.num_classes) model chosen!
id 20
label_counts: defaultdict(<class 'int'>, {3: 436, 1: 248, 7: 320, 9: 69, 4: 1, 8: 1})
CNN(num_cov=2, hidden_dims=[1024], in_features=1, num_classes=args.num_classes) model chosen!
id 21
label_counts: defaultdict(<class 'int'>, {5: 897, 6: 230, 1: 50, 7: 3, 9: 7, 3: 1})
CNN(num_cov=1, hidden_dims=[1024, 512], in_features=1, num_classes=args.num_classes) model chosen!
id 22
label_counts: defaultdict(<class 'int'>, {9: 769, 5: 33, 0: 3})
CNN(num_cov=2, hidden_dims=[1024, 512], in_features=1, num_classes=args.num_classes) model chosen!
id 23
label_counts: defaultdict(<class 'int'>, {2: 859, 8: 1046, 5: 2, 0: 3})
CNN(num_cov=1, hidden_dims=[], in_features=1, num_classes=args.num_classes) model chosen!
id 24
label_counts: defaultdict(<class 'int'>, {0: 778, 8: 3, 6: 33, 5: 1, 9: 1})
CNN(num_cov=2, hidden_dims=[], in_features=1, num_classes=args.num_classes) model chosen!
id 25
label_counts: defaultdict(<class 'int'>, {0: 1463})
CNN(num_cov=1, hidden_dims=[512], in_features=1, num_classes=args.num_classes) model chosen!
id 26
label_counts: defaultdict(<class 'int'>, {1: 543, 6: 465, 0: 390, 2: 3})
CNN(num_cov=2, hidden_dims=[512], in_features=1, num_classes=args.num_classes) model chosen!
id 27
label_counts: defaultdict(<class 'int'>, {6: 696, 0: 1152, 5: 27})
CNN(num_cov=1, hidden_dims=[1024], in_features=1, num_classes=args.num_classes) model chosen!
id 28
label_counts: defaultdict(<class 'int'>, {0: 644, 5: 3, 8: 35, 6: 13, 2: 4, 9: 1})
CNN(num_cov=2, hidden_dims=[1024], in_features=1, num_classes=args.num_classes) model chosen!
id 29
label_counts: defaultdict(<class 'int'>, {9: 1793, 0: 69, 3: 14, 8: 265, 4: 16})
CNN(num_cov=1, hidden_dims=[1024, 512], in_features=1, num_classes=args.num_classes) model chosen!
id 30
label_counts: defaultdict(<class 'int'>, {1: 368, 0: 78, 2: 1, 6: 1, 4: 1, 7: 2})
CNN(num_cov=2, hidden_dims=[1024, 512], in_features=1, num_classes=args.num_classes) model chosen!
id 31
label_counts: defaultdict(<class 'int'>, {5: 1461, 2: 1094, 1: 4, 4: 190, 3: 1})
CNN(num_cov=1, hidden_dims=[], in_features=1, num_classes=args.num_classes) model chosen!
id 32
label_counts: defaultdict(<class 'int'>, {8: 843, 5: 1, 1: 99, 7: 54, 9: 16, 4: 6, 3: 1})
CNN(num_cov=2, hidden_dims=[], in_features=1, num_classes=args.num_classes) model chosen!
id 33
label_counts: defaultdict(<class 'int'>, {4: 486, 6: 445, 9: 30, 5: 1, 0: 2})
CNN(num_cov=1, hidden_dims=[512], in_features=1, num_classes=args.num_classes) model chosen!
id 34
label_counts: defaultdict(<class 'int'>, {1: 1866})
CNN(num_cov=2, hidden_dims=[512], in_features=1, num_classes=args.num_classes) model chosen!
id 35
label_counts: defaultdict(<class 'int'>, {1: 71, 8: 578, 3: 141, 2: 23, 9: 12, 4: 1})
CNN(num_cov=1, hidden_dims=[1024], in_features=1, num_classes=args.num_classes) model chosen!
id 36
label_counts: defaultdict(<class 'int'>, {1: 254, 5: 70, 8: 42, 2: 7, 7: 11, 6: 1})
CNN(num_cov=2, hidden_dims=[1024], in_features=1, num_classes=args.num_classes) model chosen!
id 37
label_counts: defaultdict(<class 'int'>, {7: 1286, 6: 162, 1: 10, 3: 95, 0: 8})
CNN(num_cov=1, hidden_dims=[1024, 512], in_features=1, num_classes=args.num_classes) model chosen!
id 38
label_counts: defaultdict(<class 'int'>, {3: 191, 1: 122, 0: 11, 6: 27})
CNN(num_cov=2, hidden_dims=[1024, 512], in_features=1, num_classes=args.num_classes) model chosen!
id 39
label_counts: defaultdict(<class 'int'>, {8: 484, 6: 107, 1: 1, 3: 1, 2: 1, 4: 1, 7: 1, 9: 1})

Join ratio / total clients: 1.0 / 40
Finished creating server and clients.
------------------------- time cost ------------------------- 15.297282934188843

-------------Round number: 0-------------

Evaluate heterogeneous models
Averaged Test Accuracy (Regular Model): 0.9442
Averaged Train Loss (Regular Model): 0.3513
Averaged Test AUC: 0.9876
Std Test Accurancy: 0.1154
Std Test AUC: 0.0243
------------------------- time cost ------------------------- 17.796024084091187

-------------Round number: 1-------------

Evaluate heterogeneous models
Averaged Test Accuracy (Regular Model): 0.9713
Averaged Train Loss (Regular Model): 0.1520
Averaged Test AUC: 0.9954
Std Test Accurancy: 0.0899
Std Test AUC: 0.0194
------------------------- time cost ------------------------- 15.947678327560425

-------------Round number: 2-------------

Evaluate heterogeneous models
Averaged Test Accuracy (Regular Model): 0.9801
Averaged Train Loss (Regular Model): 0.0887
Averaged Test AUC: 0.9951
Std Test Accurancy: 0.0717
Std Test AUC: 0.0214
------------------------- time cost ------------------------- 16.860679864883423

-------------Round number: 3-------------

Evaluate heterogeneous models
Averaged Test Accuracy (Regular Model): 0.9838
Averaged Train Loss (Regular Model): 0.0784
Averaged Test AUC: 0.9971
Std Test Accurancy: 0.0622
Std Test AUC: 0.0187
------------------------- time cost ------------------------- 17.60335087776184

-------------Round number: 4-------------

Evaluate heterogeneous models
Averaged Test Accuracy (Regular Model): 0.9874
Averaged Train Loss (Regular Model): 0.0258
Averaged Test AUC: 0.9978
Std Test Accurancy: 0.0219
Std Test AUC: 0.0117
------------------------- time cost ------------------------- 16.32597851753235

-------------Round number: 5-------------

Evaluate heterogeneous models
Averaged Test Accuracy (Regular Model): 0.9883
Averaged Train Loss (Regular Model): 0.0179
Averaged Test AUC: 0.9982
Std Test Accurancy: 0.0207
Std Test AUC: 0.0070
------------------------- time cost ------------------------- 16.40484094619751

-------------Round number: 6-------------

Evaluate heterogeneous models
Averaged Test Accuracy (Regular Model): 0.9891
Averaged Train Loss (Regular Model): 0.0103
Averaged Test AUC: 0.9984
Std Test Accurancy: 0.0115
Std Test AUC: 0.0050
------------------------- time cost ------------------------- 15.423497200012207

-------------Round number: 7-------------

Evaluate heterogeneous models
Averaged Test Accuracy (Regular Model): 0.9894
Averaged Train Loss (Regular Model): 0.0072
Averaged Test AUC: 0.9986
Std Test Accurancy: 0.0099
Std Test AUC: 0.0038
------------------------- time cost ------------------------- 16.900679349899292

-------------Round number: 8-------------

Evaluate heterogeneous models
Averaged Test Accuracy (Regular Model): 0.9893
Averaged Train Loss (Regular Model): 0.0051
Averaged Test AUC: 0.9987
Std Test Accurancy: 0.0106
Std Test AUC: 0.0032
------------------------- time cost ------------------------- 16.06183409690857

-------------Round number: 9-------------

Evaluate heterogeneous models
Averaged Test Accuracy (Regular Model): 0.9893
Averaged Train Loss (Regular Model): 0.0042
Averaged Test AUC: 0.9987
Std Test Accurancy: 0.0100
Std Test AUC: 0.0031
------------------------- time cost ------------------------- 17.34325385093689

-------------Round number: 10-------------

Evaluate heterogeneous models
Averaged Test Accuracy (Regular Model): 0.9896
Averaged Train Loss (Regular Model): 0.0034
Averaged Test AUC: 0.9987
Std Test Accurancy: 0.0098
Std Test AUC: 0.0029
------------------------- time cost ------------------------- 16.51255774497986

-------------Round number: 11-------------

Evaluate heterogeneous models
Averaged Test Accuracy (Regular Model): 0.9896
Averaged Train Loss (Regular Model): 0.0030
Averaged Test AUC: 0.9987
Std Test Accurancy: 0.0097
Std Test AUC: 0.0028
------------------------- time cost ------------------------- 16.80067467689514

-------------Round number: 12-------------

Evaluate heterogeneous models
Averaged Test Accuracy (Regular Model): 0.9896
Averaged Train Loss (Regular Model): 0.0024
Averaged Test AUC: 0.9988
Std Test Accurancy: 0.0095
Std Test AUC: 0.0027
------------------------- time cost ------------------------- 17.017149209976196

-------------Round number: 13-------------

Evaluate heterogeneous models
Averaged Test Accuracy (Regular Model): 0.9897
Averaged Train Loss (Regular Model): 0.0023
Averaged Test AUC: 0.9988
Std Test Accurancy: 0.0095
Std Test AUC: 0.0026
------------------------- time cost ------------------------- 16.87601900100708

-------------Round number: 14-------------

Evaluate heterogeneous models
Averaged Test Accuracy (Regular Model): 0.9897
Averaged Train Loss (Regular Model): 0.0020
Averaged Test AUC: 0.9988
Std Test Accurancy: 0.0094
Std Test AUC: 0.0026
------------------------- time cost ------------------------- 16.751924514770508

-------------Round number: 15-------------

Evaluate heterogeneous models
Averaged Test Accuracy (Regular Model): 0.9897
Averaged Train Loss (Regular Model): 0.0017
Averaged Test AUC: 0.9988
Std Test Accurancy: 0.0095
Std Test AUC: 0.0026
------------------------- time cost ------------------------- 16.638695001602173

-------------Round number: 16-------------

Evaluate heterogeneous models
Averaged Test Accuracy (Regular Model): 0.9899
Averaged Train Loss (Regular Model): 0.0015
Averaged Test AUC: 0.9988
Std Test Accurancy: 0.0094
Std Test AUC: 0.0025
------------------------- time cost ------------------------- 17.301607847213745

-------------Round number: 17-------------

Evaluate heterogeneous models
Averaged Test Accuracy (Regular Model): 0.9897
Averaged Train Loss (Regular Model): 0.0015
Averaged Test AUC: 0.9988
Std Test Accurancy: 0.0098
Std Test AUC: 0.0025
------------------------- time cost ------------------------- 16.01863193511963

-------------Round number: 18-------------

Evaluate heterogeneous models
Averaged Test Accuracy (Regular Model): 0.9899
Averaged Train Loss (Regular Model): 0.0013
Averaged Test AUC: 0.9988
Std Test Accurancy: 0.0099
Std Test AUC: 0.0025
------------------------- time cost ------------------------- 14.813371419906616

-------------Round number: 19-------------

Evaluate heterogeneous models
Averaged Test Accuracy (Regular Model): 0.9898
Averaged Train Loss (Regular Model): 0.0011
Averaged Test AUC: 0.9988
Std Test Accurancy: 0.0097
Std Test AUC: 0.0025
------------------------- time cost ------------------------- 16.690351724624634

-------------Round number: 20-------------

Evaluate heterogeneous models
Averaged Test Accuracy (Regular Model): 0.9898
Averaged Train Loss (Regular Model): 0.0010
Averaged Test AUC: 0.9988
Std Test Accurancy: 0.0098
Std Test AUC: 0.0025
------------------------- time cost ------------------------- 17.17151427268982

-------------Round number: 21-------------

Evaluate heterogeneous models
Averaged Test Accuracy (Regular Model): 0.9900
Averaged Train Loss (Regular Model): 0.0011
Averaged Test AUC: 0.9988
Std Test Accurancy: 0.0098
Std Test AUC: 0.0025
------------------------- time cost ------------------------- 16.781182527542114

-------------Round number: 22-------------

Evaluate heterogeneous models
Averaged Test Accuracy (Regular Model): 0.9898
Averaged Train Loss (Regular Model): 0.0009
Averaged Test AUC: 0.9988
Std Test Accurancy: 0.0099
Std Test AUC: 0.0024
------------------------- time cost ------------------------- 16.72607946395874

-------------Round number: 23-------------

Evaluate heterogeneous models
Averaged Test Accuracy (Regular Model): 0.9898
Averaged Train Loss (Regular Model): 0.0007
Averaged Test AUC: 0.9988
Std Test Accurancy: 0.0097
Std Test AUC: 0.0024
------------------------- time cost ------------------------- 14.939268589019775

-------------Round number: 24-------------

Evaluate heterogeneous models
Averaged Test Accuracy (Regular Model): 0.9898
Averaged Train Loss (Regular Model): 0.0007
Averaged Test AUC: 0.9988
Std Test Accurancy: 0.0097
Std Test AUC: 0.0024
------------------------- time cost ------------------------- 15.294949531555176

-------------Round number: 25-------------

Evaluate heterogeneous models
Averaged Test Accuracy (Regular Model): 0.9898
Averaged Train Loss (Regular Model): 0.0007
Averaged Test AUC: 0.9988
Std Test Accurancy: 0.0097
Std Test AUC: 0.0024
------------------------- time cost ------------------------- 15.29443907737732

-------------Round number: 26-------------

Evaluate heterogeneous models
Averaged Test Accuracy (Regular Model): 0.9898
Averaged Train Loss (Regular Model): 0.0006
Averaged Test AUC: 0.9989
Std Test Accurancy: 0.0097
Std Test AUC: 0.0024
------------------------- time cost ------------------------- 15.25439977645874

-------------Round number: 27-------------

Evaluate heterogeneous models
Averaged Test Accuracy (Regular Model): 0.9898
Averaged Train Loss (Regular Model): 0.0005
Averaged Test AUC: 0.9989
Std Test Accurancy: 0.0097
Std Test AUC: 0.0024
------------------------- time cost ------------------------- 15.2964346408844

-------------Round number: 28-------------

Evaluate heterogeneous models
Averaged Test Accuracy (Regular Model): 0.9899
Averaged Train Loss (Regular Model): 0.0005
Averaged Test AUC: 0.9989
Std Test Accurancy: 0.0097
Std Test AUC: 0.0024
------------------------- time cost ------------------------- 15.529977560043335

-------------Round number: 29-------------

Evaluate heterogeneous models
Averaged Test Accuracy (Regular Model): 0.9898
Averaged Train Loss (Regular Model): 0.0004
Averaged Test AUC: 0.9989
Std Test Accurancy: 0.0097
Std Test AUC: 0.0024
------------------------- time cost ------------------------- 16.6147243976593

-------------Round number: 30-------------

Evaluate heterogeneous models
Averaged Test Accuracy (Regular Model): 0.9898
Averaged Train Loss (Regular Model): 0.0004
Averaged Test AUC: 0.9989
Std Test Accurancy: 0.0097
Std Test AUC: 0.0024
------------------------- time cost ------------------------- 17.417206048965454

-------------Round number: 31-------------

Evaluate heterogeneous models
Averaged Test Accuracy (Regular Model): 0.9899
Averaged Train Loss (Regular Model): 0.0004
Averaged Test AUC: 0.9989
Std Test Accurancy: 0.0097
Std Test AUC: 0.0024
------------------------- time cost ------------------------- 15.510247230529785

-------------Round number: 32-------------

Evaluate heterogeneous models
Averaged Test Accuracy (Regular Model): 0.9899
Averaged Train Loss (Regular Model): 0.0004
Averaged Test AUC: 0.9989
Std Test Accurancy: 0.0097
Std Test AUC: 0.0024
------------------------- time cost ------------------------- 16.256305932998657

-------------Round number: 33-------------

Evaluate heterogeneous models
Averaged Test Accuracy (Regular Model): 0.9900
Averaged Train Loss (Regular Model): 0.0003
Averaged Test AUC: 0.9989
Std Test Accurancy: 0.0096
Std Test AUC: 0.0024
------------------------- time cost ------------------------- 16.102004766464233

-------------Round number: 34-------------

Evaluate heterogeneous models
Averaged Test Accuracy (Regular Model): 0.9898
Averaged Train Loss (Regular Model): 0.0003
Averaged Test AUC: 0.9989
Std Test Accurancy: 0.0096
Std Test AUC: 0.0024
------------------------- time cost ------------------------- 17.20940613746643

-------------Round number: 35-------------

Evaluate heterogeneous models
Averaged Test Accuracy (Regular Model): 0.9900
Averaged Train Loss (Regular Model): 0.0003
Averaged Test AUC: 0.9989
Std Test Accurancy: 0.0097
Std Test AUC: 0.0023
------------------------- time cost ------------------------- 15.206015825271606

-------------Round number: 36-------------

Evaluate heterogeneous models
Averaged Test Accuracy (Regular Model): 0.9900
Averaged Train Loss (Regular Model): 0.0003
Averaged Test AUC: 0.9989
Std Test Accurancy: 0.0096
Std Test AUC: 0.0023
------------------------- time cost ------------------------- 14.89437198638916

-------------Round number: 37-------------

Evaluate heterogeneous models
Averaged Test Accuracy (Regular Model): 0.9898
Averaged Train Loss (Regular Model): 0.0003
Averaged Test AUC: 0.9989
Std Test Accurancy: 0.0095
Std Test AUC: 0.0023
------------------------- time cost ------------------------- 16.6146879196167

-------------Round number: 38-------------

Evaluate heterogeneous models
Averaged Test Accuracy (Regular Model): 0.9900
Averaged Train Loss (Regular Model): 0.0003
Averaged Test AUC: 0.9989
Std Test Accurancy: 0.0096
Std Test AUC: 0.0023
------------------------- time cost ------------------------- 16.971373558044434

-------------Round number: 39-------------

Evaluate heterogeneous models
Averaged Test Accuracy (Regular Model): 0.9900
Averaged Train Loss (Regular Model): 0.0002
Averaged Test AUC: 0.9989
Std Test Accurancy: 0.0096
Std Test AUC: 0.0023
------------------------- time cost ------------------------- 15.690571308135986

-------------Round number: 40-------------

Evaluate heterogeneous models
Averaged Test Accuracy (Regular Model): 0.9899
Averaged Train Loss (Regular Model): 0.0003
Averaged Test AUC: 0.9989
Std Test Accurancy: 0.0096
Std Test AUC: 0.0023
------------------------- time cost ------------------------- 16.19016408920288

-------------Round number: 41-------------

Evaluate heterogeneous models
Averaged Test Accuracy (Regular Model): 0.9898
Averaged Train Loss (Regular Model): 0.0002
Averaged Test AUC: 0.9989
Std Test Accurancy: 0.0098
Std Test AUC: 0.0023
------------------------- time cost ------------------------- 18.001096487045288

-------------Round number: 42-------------

Evaluate heterogeneous models
Averaged Test Accuracy (Regular Model): 0.9898
Averaged Train Loss (Regular Model): 0.0002
Averaged Test AUC: 0.9989
Std Test Accurancy: 0.0098
Std Test AUC: 0.0023
------------------------- time cost ------------------------- 16.586731672286987

-------------Round number: 43-------------

Evaluate heterogeneous models
Averaged Test Accuracy (Regular Model): 0.9898
Averaged Train Loss (Regular Model): 0.0002
Averaged Test AUC: 0.9989
Std Test Accurancy: 0.0098
Std Test AUC: 0.0023
------------------------- time cost ------------------------- 15.312666177749634

-------------Round number: 44-------------

Evaluate heterogeneous models
Averaged Test Accuracy (Regular Model): 0.9899
Averaged Train Loss (Regular Model): 0.0002
Averaged Test AUC: 0.9989
Std Test Accurancy: 0.0098
Std Test AUC: 0.0023
------------------------- time cost ------------------------- 16.823293447494507

-------------Round number: 45-------------

Evaluate heterogeneous models
Averaged Test Accuracy (Regular Model): 0.9898
Averaged Train Loss (Regular Model): 0.0002
Averaged Test AUC: 0.9989
Std Test Accurancy: 0.0098
Std Test AUC: 0.0023
------------------------- time cost ------------------------- 16.714851140975952

-------------Round number: 46-------------

Evaluate heterogeneous models
Averaged Test Accuracy (Regular Model): 0.9899
Averaged Train Loss (Regular Model): 0.0002
Averaged Test AUC: 0.9989
Std Test Accurancy: 0.0097
Std Test AUC: 0.0023
------------------------- time cost ------------------------- 16.724031925201416

-------------Round number: 47-------------

Evaluate heterogeneous models
Averaged Test Accuracy (Regular Model): 0.9898
Averaged Train Loss (Regular Model): 0.0002
Averaged Test AUC: 0.9989
Std Test Accurancy: 0.0099
Std Test AUC: 0.0023
------------------------- time cost ------------------------- 16.397335052490234

-------------Round number: 48-------------

Evaluate heterogeneous models
Averaged Test Accuracy (Regular Model): 0.9898
Averaged Train Loss (Regular Model): 0.0002
Averaged Test AUC: 0.9989
Std Test Accurancy: 0.0098
Std Test AUC: 0.0023
------------------------- time cost ------------------------- 16.599308013916016

-------------Round number: 49-------------

Evaluate heterogeneous models
Averaged Test Accuracy (Regular Model): 0.9898
Averaged Train Loss (Regular Model): 0.0002
Averaged Test AUC: 0.9989
Std Test Accurancy: 0.0099
Std Test AUC: 0.0023
------------------------- time cost ------------------------- 16.105661869049072

-------------Round number: 50-------------

Evaluate heterogeneous models
Averaged Test Accuracy (Regular Model): 0.9898
Averaged Train Loss (Regular Model): 0.0002
Averaged Test AUC: 0.9989
Std Test Accurancy: 0.0099
Std Test AUC: 0.0023
------------------------- time cost ------------------------- 16.376807928085327

-------------Round number: 51-------------

Evaluate heterogeneous models
Averaged Test Accuracy (Regular Model): 0.9899
Averaged Train Loss (Regular Model): 0.0002
Averaged Test AUC: 0.9989
Std Test Accurancy: 0.0096
Std Test AUC: 0.0023
------------------------- time cost ------------------------- 14.938051462173462

-------------Round number: 52-------------

Evaluate heterogeneous models
Averaged Test Accuracy (Regular Model): 0.9898
Averaged Train Loss (Regular Model): 0.0002
Averaged Test AUC: 0.9989
Std Test Accurancy: 0.0099
Std Test AUC: 0.0023
------------------------- time cost ------------------------- 16.850183725357056

-------------Round number: 53-------------

Evaluate heterogeneous models
Averaged Test Accuracy (Regular Model): 0.9898
Averaged Train Loss (Regular Model): 0.0002
Averaged Test AUC: 0.9989
Std Test Accurancy: 0.0099
Std Test AUC: 0.0023
------------------------- time cost ------------------------- 16.20028567314148

-------------Round number: 54-------------

Evaluate heterogeneous models
Averaged Test Accuracy (Regular Model): 0.9898
Averaged Train Loss (Regular Model): 0.0002
Averaged Test AUC: 0.9989
Std Test Accurancy: 0.0098
Std Test AUC: 0.0023
------------------------- time cost ------------------------- 17.02927041053772

-------------Round number: 55-------------

Evaluate heterogeneous models
Averaged Test Accuracy (Regular Model): 0.9898
Averaged Train Loss (Regular Model): 0.0001
Averaged Test AUC: 0.9989
Std Test Accurancy: 0.0099
Std Test AUC: 0.0023
------------------------- time cost ------------------------- 17.02940821647644

-------------Round number: 56-------------

Evaluate heterogeneous models
Averaged Test Accuracy (Regular Model): 0.9899
Averaged Train Loss (Regular Model): 0.0001
Averaged Test AUC: 0.9989
Std Test Accurancy: 0.0096
Std Test AUC: 0.0023
------------------------- time cost ------------------------- 16.844691514968872

-------------Round number: 57-------------

Evaluate heterogeneous models
Averaged Test Accuracy (Regular Model): 0.9898
Averaged Train Loss (Regular Model): 0.0001
Averaged Test AUC: 0.9989
Std Test Accurancy: 0.0098
Std Test AUC: 0.0023
------------------------- time cost ------------------------- 16.81061816215515

-------------Round number: 58-------------

Evaluate heterogeneous models
Averaged Test Accuracy (Regular Model): 0.9898
Averaged Train Loss (Regular Model): 0.0001
Averaged Test AUC: 0.9989
Std Test Accurancy: 0.0098
Std Test AUC: 0.0023
------------------------- time cost ------------------------- 16.680217027664185

-------------Round number: 59-------------

Evaluate heterogeneous models
Averaged Test Accuracy (Regular Model): 0.9898
Averaged Train Loss (Regular Model): 0.0001
Averaged Test AUC: 0.9989
Std Test Accurancy: 0.0098
Std Test AUC: 0.0023
------------------------- time cost ------------------------- 17.323386192321777

-------------Round number: 60-------------

Evaluate heterogeneous models
Averaged Test Accuracy (Regular Model): 0.9898
Averaged Train Loss (Regular Model): 0.0001
Averaged Test AUC: 0.9989
Std Test Accurancy: 0.0098
Std Test AUC: 0.0023
------------------------- time cost ------------------------- 16.745920419692993

-------------Round number: 61-------------

Evaluate heterogeneous models
Averaged Test Accuracy (Regular Model): 0.9898
Averaged Train Loss (Regular Model): 0.0001
Averaged Test AUC: 0.9989
Std Test Accurancy: 0.0099
Std Test AUC: 0.0023
------------------------- time cost ------------------------- 18.50997805595398

-------------Round number: 62-------------

Evaluate heterogeneous models
Averaged Test Accuracy (Regular Model): 0.9898
Averaged Train Loss (Regular Model): 0.0001
Averaged Test AUC: 0.9989
Std Test Accurancy: 0.0098
Std Test AUC: 0.0023
------------------------- time cost ------------------------- 16.958287000656128

-------------Round number: 63-------------

Evaluate heterogeneous models
Averaged Test Accuracy (Regular Model): 0.9898
Averaged Train Loss (Regular Model): 0.0001
Averaged Test AUC: 0.9989
Std Test Accurancy: 0.0098
Std Test AUC: 0.0023
------------------------- time cost ------------------------- 16.80374002456665

-------------Round number: 64-------------

Evaluate heterogeneous models
Averaged Test Accuracy (Regular Model): 0.9898
Averaged Train Loss (Regular Model): 0.0001
Averaged Test AUC: 0.9989
Std Test Accurancy: 0.0098
Std Test AUC: 0.0023
------------------------- time cost ------------------------- 16.861188650131226

-------------Round number: 65-------------

Evaluate heterogeneous models
Averaged Test Accuracy (Regular Model): 0.9898
Averaged Train Loss (Regular Model): 0.0001
Averaged Test AUC: 0.9989
Std Test Accurancy: 0.0099
Std Test AUC: 0.0023
------------------------- time cost ------------------------- 16.84987497329712

-------------Round number: 66-------------

Evaluate heterogeneous models
Averaged Test Accuracy (Regular Model): 0.9898
Averaged Train Loss (Regular Model): 0.0001
Averaged Test AUC: 0.9989
Std Test Accurancy: 0.0098
Std Test AUC: 0.0023
------------------------- time cost ------------------------- 16.896032571792603

-------------Round number: 67-------------

Evaluate heterogeneous models
Averaged Test Accuracy (Regular Model): 0.9898
Averaged Train Loss (Regular Model): 0.0001
Averaged Test AUC: 0.9990
Std Test Accurancy: 0.0098
Std Test AUC: 0.0023
------------------------- time cost ------------------------- 16.872496604919434

-------------Round number: 68-------------

Evaluate heterogeneous models
Averaged Test Accuracy (Regular Model): 0.9898
Averaged Train Loss (Regular Model): 0.0001
Averaged Test AUC: 0.9990
Std Test Accurancy: 0.0098
Std Test AUC: 0.0022
------------------------- time cost ------------------------- 17.00615358352661

-------------Round number: 69-------------

Evaluate heterogeneous models
Averaged Test Accuracy (Regular Model): 0.9898
Averaged Train Loss (Regular Model): 0.0001
Averaged Test AUC: 0.9990
Std Test Accurancy: 0.0098
Std Test AUC: 0.0022
------------------------- time cost ------------------------- 16.855331897735596

-------------Round number: 70-------------

Evaluate heterogeneous models
Averaged Test Accuracy (Regular Model): 0.9898
Averaged Train Loss (Regular Model): 0.0001
Averaged Test AUC: 0.9990
Std Test Accurancy: 0.0098
Std Test AUC: 0.0022
------------------------- time cost ------------------------- 15.957910060882568

-------------Round number: 71-------------

Evaluate heterogeneous models
Averaged Test Accuracy (Regular Model): 0.9898
Averaged Train Loss (Regular Model): 0.0001
Averaged Test AUC: 0.9990
Std Test Accurancy: 0.0098
Std Test AUC: 0.0022
------------------------- time cost ------------------------- 16.224907398223877

-------------Round number: 72-------------

Evaluate heterogeneous models
Averaged Test Accuracy (Regular Model): 0.9898
Averaged Train Loss (Regular Model): 0.0001
Averaged Test AUC: 0.9990
Std Test Accurancy: 0.0098
Std Test AUC: 0.0022
------------------------- time cost ------------------------- 16.766249895095825

-------------Round number: 73-------------

Evaluate heterogeneous models
Averaged Test Accuracy (Regular Model): 0.9898
Averaged Train Loss (Regular Model): 0.0001
Averaged Test AUC: 0.9990
Std Test Accurancy: 0.0098
Std Test AUC: 0.0022
------------------------- time cost ------------------------- 16.84932518005371

-------------Round number: 74-------------

Evaluate heterogeneous models
Averaged Test Accuracy (Regular Model): 0.9898
Averaged Train Loss (Regular Model): 0.0001
Averaged Test AUC: 0.9990
Std Test Accurancy: 0.0098
Std Test AUC: 0.0022
------------------------- time cost ------------------------- 16.034287452697754

-------------Round number: 75-------------

Evaluate heterogeneous models
Averaged Test Accuracy (Regular Model): 0.9898
Averaged Train Loss (Regular Model): 0.0001
Averaged Test AUC: 0.9990
Std Test Accurancy: 0.0098
Std Test AUC: 0.0022
------------------------- time cost ------------------------- 17.2248592376709

-------------Round number: 76-------------

Evaluate heterogeneous models
Averaged Test Accuracy (Regular Model): 0.9898
Averaged Train Loss (Regular Model): 0.0001
Averaged Test AUC: 0.9990
Std Test Accurancy: 0.0098
Std Test AUC: 0.0022
------------------------- time cost ------------------------- 16.77700161933899

-------------Round number: 77-------------

Evaluate heterogeneous models
Averaged Test Accuracy (Regular Model): 0.9898
Averaged Train Loss (Regular Model): 0.0001
Averaged Test AUC: 0.9990
Std Test Accurancy: 0.0098
Std Test AUC: 0.0022
------------------------- time cost ------------------------- 17.317829847335815

-------------Round number: 78-------------

Evaluate heterogeneous models
Averaged Test Accuracy (Regular Model): 0.9898
Averaged Train Loss (Regular Model): 0.0001
Averaged Test AUC: 0.9990
Std Test Accurancy: 0.0098
Std Test AUC: 0.0022
------------------------- time cost ------------------------- 16.637913465499878

-------------Round number: 79-------------

Evaluate heterogeneous models
Averaged Test Accuracy (Regular Model): 0.9898
Averaged Train Loss (Regular Model): 0.0001
Averaged Test AUC: 0.9990
Std Test Accurancy: 0.0098
Std Test AUC: 0.0022
------------------------- time cost ------------------------- 16.217354774475098

-------------Round number: 80-------------

Evaluate heterogeneous models
Averaged Test Accuracy (Regular Model): 0.9898
Averaged Train Loss (Regular Model): 0.0001
Averaged Test AUC: 0.9990
Std Test Accurancy: 0.0098
Std Test AUC: 0.0022
------------------------- time cost ------------------------- 16.733684539794922

-------------Round number: 81-------------

Evaluate heterogeneous models
Averaged Test Accuracy (Regular Model): 0.9898
Averaged Train Loss (Regular Model): 0.0001
Averaged Test AUC: 0.9990
Std Test Accurancy: 0.0098
Std Test AUC: 0.0022
------------------------- time cost ------------------------- 15.935732126235962

-------------Round number: 82-------------

Evaluate heterogeneous models
Averaged Test Accuracy (Regular Model): 0.9898
Averaged Train Loss (Regular Model): 0.0001
Averaged Test AUC: 0.9990
Std Test Accurancy: 0.0098
Std Test AUC: 0.0022
------------------------- time cost ------------------------- 17.03367018699646

-------------Round number: 83-------------

Evaluate heterogeneous models
Averaged Test Accuracy (Regular Model): 0.9898
Averaged Train Loss (Regular Model): 0.0001
Averaged Test AUC: 0.9990
Std Test Accurancy: 0.0098
Std Test AUC: 0.0022
------------------------- time cost ------------------------- 15.243406534194946

-------------Round number: 84-------------

Evaluate heterogeneous models
Averaged Test Accuracy (Regular Model): 0.9899
Averaged Train Loss (Regular Model): 0.0001
Averaged Test AUC: 0.9990
Std Test Accurancy: 0.0099
Std Test AUC: 0.0022
------------------------- time cost ------------------------- 16.828681707382202

-------------Round number: 85-------------

Evaluate heterogeneous models
Averaged Test Accuracy (Regular Model): 0.9898
Averaged Train Loss (Regular Model): 0.0001
Averaged Test AUC: 0.9990
Std Test Accurancy: 0.0098
Std Test AUC: 0.0022
------------------------- time cost ------------------------- 15.739017486572266

-------------Round number: 86-------------

Evaluate heterogeneous models
Averaged Test Accuracy (Regular Model): 0.9898
Averaged Train Loss (Regular Model): 0.0001
Averaged Test AUC: 0.9990
Std Test Accurancy: 0.0098
Std Test AUC: 0.0022
------------------------- time cost ------------------------- 15.140647649765015

-------------Round number: 87-------------

Evaluate heterogeneous models
Averaged Test Accuracy (Regular Model): 0.9899
Averaged Train Loss (Regular Model): 0.0001
Averaged Test AUC: 0.9990
Std Test Accurancy: 0.0099
Std Test AUC: 0.0022
------------------------- time cost ------------------------- 15.201557874679565

-------------Round number: 88-------------

Evaluate heterogeneous models
Averaged Test Accuracy (Regular Model): 0.9899
Averaged Train Loss (Regular Model): 0.0001
Averaged Test AUC: 0.9990
Std Test Accurancy: 0.0099
Std Test AUC: 0.0022
------------------------- time cost ------------------------- 14.633263349533081

-------------Round number: 89-------------

Evaluate heterogeneous models
Averaged Test Accuracy (Regular Model): 0.9899
Averaged Train Loss (Regular Model): 0.0001
Averaged Test AUC: 0.9990
Std Test Accurancy: 0.0099
Std Test AUC: 0.0022
------------------------- time cost ------------------------- 16.026790618896484

-------------Round number: 90-------------

Evaluate heterogeneous models
Averaged Test Accuracy (Regular Model): 0.9899
Averaged Train Loss (Regular Model): 0.0001
Averaged Test AUC: 0.9990
Std Test Accurancy: 0.0099
Std Test AUC: 0.0022
------------------------- time cost ------------------------- 17.288581132888794

-------------Round number: 91-------------

Evaluate heterogeneous models
Averaged Test Accuracy (Regular Model): 0.9899
Averaged Train Loss (Regular Model): 0.0001
Averaged Test AUC: 0.9990
Std Test Accurancy: 0.0099
Std Test AUC: 0.0022
------------------------- time cost ------------------------- 17.438960790634155

-------------Round number: 92-------------

Evaluate heterogeneous models
Averaged Test Accuracy (Regular Model): 0.9899
Averaged Train Loss (Regular Model): 0.0001
Averaged Test AUC: 0.9990
Std Test Accurancy: 0.0099
Std Test AUC: 0.0022
------------------------- time cost ------------------------- 17.560892581939697

-------------Round number: 93-------------

Evaluate heterogeneous models
Averaged Test Accuracy (Regular Model): 0.9899
Averaged Train Loss (Regular Model): 0.0001
Averaged Test AUC: 0.9990
Std Test Accurancy: 0.0099
Std Test AUC: 0.0022
------------------------- time cost ------------------------- 16.935030460357666

-------------Round number: 94-------------

Evaluate heterogeneous models
Averaged Test Accuracy (Regular Model): 0.9899
Averaged Train Loss (Regular Model): 0.0001
Averaged Test AUC: 0.9990
Std Test Accurancy: 0.0099
Std Test AUC: 0.0022
------------------------- time cost ------------------------- 16.75954532623291

-------------Round number: 95-------------

Evaluate heterogeneous models
Averaged Test Accuracy (Regular Model): 0.9899
Averaged Train Loss (Regular Model): 0.0001
Averaged Test AUC: 0.9990
Std Test Accurancy: 0.0099
Std Test AUC: 0.0022
------------------------- time cost ------------------------- 16.916693687438965

-------------Round number: 96-------------

Evaluate heterogeneous models
Averaged Test Accuracy (Regular Model): 0.9899
Averaged Train Loss (Regular Model): 0.0001
Averaged Test AUC: 0.9990
Std Test Accurancy: 0.0099
Std Test AUC: 0.0022
------------------------- time cost ------------------------- 16.64538836479187

-------------Round number: 97-------------

Evaluate heterogeneous models
Averaged Test Accuracy (Regular Model): 0.9899
Averaged Train Loss (Regular Model): 0.0001
Averaged Test AUC: 0.9990
Std Test Accurancy: 0.0099
Std Test AUC: 0.0022
------------------------- time cost ------------------------- 16.126274824142456

-------------Round number: 98-------------

Evaluate heterogeneous models
Averaged Test Accuracy (Regular Model): 0.9899
Averaged Train Loss (Regular Model): 0.0001
Averaged Test AUC: 0.9990
Std Test Accurancy: 0.0099
Std Test AUC: 0.0022
------------------------- time cost ------------------------- 15.685265302658081

-------------Round number: 99-------------

Evaluate heterogeneous models
Averaged Test Accuracy (Regular Model): 0.9899
Averaged Train Loss (Regular Model): 0.0001
Averaged Test AUC: 0.9990
Std Test Accurancy: 0.0099
Std Test AUC: 0.0022
------------------------- time cost ------------------------- 17.612977266311646

-------------Round number: 100-------------

Evaluate heterogeneous models
Averaged Test Accuracy (Regular Model): 0.9899
Averaged Train Loss (Regular Model): 0.0001
Averaged Test AUC: 0.9990
Std Test Accurancy: 0.0099
Std Test AUC: 0.0022
------------------------- time cost ------------------------- 16.42280888557434

-------------Round number: 101-------------

Evaluate heterogeneous models
Averaged Test Accuracy (Regular Model): 0.9899
Averaged Train Loss (Regular Model): 0.0001
Averaged Test AUC: 0.9990
Std Test Accurancy: 0.0099
Std Test AUC: 0.0022
------------------------- time cost ------------------------- 15.218480587005615

-------------Round number: 102-------------

Evaluate heterogeneous models
Averaged Test Accuracy (Regular Model): 0.9899
Averaged Train Loss (Regular Model): 0.0001
Averaged Test AUC: 0.9990
Std Test Accurancy: 0.0099
Std Test AUC: 0.0022
------------------------- time cost ------------------------- 16.1968195438385

-------------Round number: 103-------------

Evaluate heterogeneous models
Averaged Test Accuracy (Regular Model): 0.9899
Averaged Train Loss (Regular Model): 0.0001
Averaged Test AUC: 0.9990
Std Test Accurancy: 0.0099
Std Test AUC: 0.0022
------------------------- time cost ------------------------- 15.80170726776123

-------------Round number: 104-------------

Evaluate heterogeneous models
Averaged Test Accuracy (Regular Model): 0.9899
Averaged Train Loss (Regular Model): 0.0001
Averaged Test AUC: 0.9990
Std Test Accurancy: 0.0099
Std Test AUC: 0.0022
------------------------- time cost ------------------------- 16.783263444900513

-------------Round number: 105-------------

Evaluate heterogeneous models
Averaged Test Accuracy (Regular Model): 0.9899
Averaged Train Loss (Regular Model): 0.0001
Averaged Test AUC: 0.9990
Std Test Accurancy: 0.0099
Std Test AUC: 0.0022
------------------------- time cost ------------------------- 16.242942571640015

-------------Round number: 106-------------

Evaluate heterogeneous models
Averaged Test Accuracy (Regular Model): 0.9899
Averaged Train Loss (Regular Model): 0.0001
Averaged Test AUC: 0.9990
Std Test Accurancy: 0.0099
Std Test AUC: 0.0022
------------------------- time cost ------------------------- 16.81616997718811

-------------Round number: 107-------------

Evaluate heterogeneous models
Averaged Test Accuracy (Regular Model): 0.9899
Averaged Train Loss (Regular Model): 0.0001
Averaged Test AUC: 0.9990
Std Test Accurancy: 0.0099
Std Test AUC: 0.0022
------------------------- time cost ------------------------- 16.89962649345398

-------------Round number: 108-------------

Evaluate heterogeneous models
Averaged Test Accuracy (Regular Model): 0.9899
Averaged Train Loss (Regular Model): 0.0001
Averaged Test AUC: 0.9990
Std Test Accurancy: 0.0099
Std Test AUC: 0.0022
------------------------- time cost ------------------------- 16.741045475006104

-------------Round number: 109-------------

Evaluate heterogeneous models
Averaged Test Accuracy (Regular Model): 0.9899
Averaged Train Loss (Regular Model): 0.0001
Averaged Test AUC: 0.9990
Std Test Accurancy: 0.0099
Std Test AUC: 0.0022
------------------------- time cost ------------------------- 16.7243914604187

-------------Round number: 110-------------

Evaluate heterogeneous models
Averaged Test Accuracy (Regular Model): 0.9899
Averaged Train Loss (Regular Model): 0.0001
Averaged Test AUC: 0.9990
Std Test Accurancy: 0.0099
Std Test AUC: 0.0022
------------------------- time cost ------------------------- 17.199644088745117

-------------Round number: 111-------------

Evaluate heterogeneous models
Averaged Test Accuracy (Regular Model): 0.9899
Averaged Train Loss (Regular Model): 0.0001
Averaged Test AUC: 0.9990
Std Test Accurancy: 0.0099
Std Test AUC: 0.0022
------------------------- time cost ------------------------- 16.66775631904602

-------------Round number: 112-------------

Evaluate heterogeneous models
Averaged Test Accuracy (Regular Model): 0.9899
Averaged Train Loss (Regular Model): 0.0001
Averaged Test AUC: 0.9990
Std Test Accurancy: 0.0099
Std Test AUC: 0.0022
------------------------- time cost ------------------------- 16.101308822631836

-------------Round number: 113-------------

Evaluate heterogeneous models
Averaged Test Accuracy (Regular Model): 0.9899
Averaged Train Loss (Regular Model): 0.0001
Averaged Test AUC: 0.9990
Std Test Accurancy: 0.0099
Std Test AUC: 0.0022
------------------------- time cost ------------------------- 16.74991464614868

-------------Round number: 114-------------

Evaluate heterogeneous models
Averaged Test Accuracy (Regular Model): 0.9899
Averaged Train Loss (Regular Model): 0.0001
Averaged Test AUC: 0.9990
Std Test Accurancy: 0.0099
Std Test AUC: 0.0022
------------------------- time cost ------------------------- 16.81400489807129

-------------Round number: 115-------------

Evaluate heterogeneous models
Averaged Test Accuracy (Regular Model): 0.9899
Averaged Train Loss (Regular Model): 0.0001
Averaged Test AUC: 0.9990
Std Test Accurancy: 0.0099
Std Test AUC: 0.0022
------------------------- time cost ------------------------- 16.73655915260315

-------------Round number: 116-------------

Evaluate heterogeneous models
Averaged Test Accuracy (Regular Model): 0.9899
Averaged Train Loss (Regular Model): 0.0001
Averaged Test AUC: 0.9990
Std Test Accurancy: 0.0099
Std Test AUC: 0.0022
------------------------- time cost ------------------------- 16.332908153533936

-------------Round number: 117-------------

Evaluate heterogeneous models
Averaged Test Accuracy (Regular Model): 0.9899
Averaged Train Loss (Regular Model): 0.0001
Averaged Test AUC: 0.9990
Std Test Accurancy: 0.0099
Std Test AUC: 0.0022
------------------------- time cost ------------------------- 16.359436988830566

-------------Round number: 118-------------

Evaluate heterogeneous models
Averaged Test Accuracy (Regular Model): 0.9899
Averaged Train Loss (Regular Model): 0.0001
Averaged Test AUC: 0.9990
Std Test Accurancy: 0.0099
Std Test AUC: 0.0022
------------------------- time cost ------------------------- 16.402602195739746

-------------Round number: 119-------------

Evaluate heterogeneous models
Averaged Test Accuracy (Regular Model): 0.9899
Averaged Train Loss (Regular Model): 0.0001
Averaged Test AUC: 0.9990
Std Test Accurancy: 0.0099
Std Test AUC: 0.0022
------------------------- time cost ------------------------- 16.813425302505493

-------------Round number: 120-------------

Evaluate heterogeneous models
Averaged Test Accuracy (Regular Model): 0.9899
Averaged Train Loss (Regular Model): 0.0001
Averaged Test AUC: 0.9990
Std Test Accurancy: 0.0099
Std Test AUC: 0.0022
------------------------- time cost ------------------------- 15.042653560638428

-------------Round number: 121-------------

Evaluate heterogeneous models
Averaged Test Accuracy (Regular Model): 0.9899
Averaged Train Loss (Regular Model): 0.0001
Averaged Test AUC: 0.9990
Std Test Accurancy: 0.0099
Std Test AUC: 0.0022
------------------------- time cost ------------------------- 16.64310097694397

-------------Round number: 122-------------

Evaluate heterogeneous models
Averaged Test Accuracy (Regular Model): 0.9899
Averaged Train Loss (Regular Model): 0.0001
Averaged Test AUC: 0.9990
Std Test Accurancy: 0.0099
Std Test AUC: 0.0022
------------------------- time cost ------------------------- 16.71345591545105

-------------Round number: 123-------------

Evaluate heterogeneous models
Averaged Test Accuracy (Regular Model): 0.9899
Averaged Train Loss (Regular Model): 0.0000
Averaged Test AUC: 0.9990
Std Test Accurancy: 0.0099
Std Test AUC: 0.0022
------------------------- time cost ------------------------- 16.76994037628174

-------------Round number: 124-------------

Evaluate heterogeneous models
Averaged Test Accuracy (Regular Model): 0.9899
Averaged Train Loss (Regular Model): 0.0000
Averaged Test AUC: 0.9990
Std Test Accurancy: 0.0099
Std Test AUC: 0.0022
------------------------- time cost ------------------------- 14.903634309768677

-------------Round number: 125-------------

Evaluate heterogeneous models
Averaged Test Accuracy (Regular Model): 0.9899
Averaged Train Loss (Regular Model): 0.0000
Averaged Test AUC: 0.9990
Std Test Accurancy: 0.0099
Std Test AUC: 0.0022
------------------------- time cost ------------------------- 16.641814947128296

-------------Round number: 126-------------

Evaluate heterogeneous models
Averaged Test Accuracy (Regular Model): 0.9899
Averaged Train Loss (Regular Model): 0.0000
Averaged Test AUC: 0.9990
Std Test Accurancy: 0.0099
Std Test AUC: 0.0022
------------------------- time cost ------------------------- 16.619397163391113

-------------Round number: 127-------------

Evaluate heterogeneous models
Averaged Test Accuracy (Regular Model): 0.9899
Averaged Train Loss (Regular Model): 0.0000
Averaged Test AUC: 0.9990
Std Test Accurancy: 0.0099
Std Test AUC: 0.0022
------------------------- time cost ------------------------- 16.850064039230347

-------------Round number: 128-------------

Evaluate heterogeneous models
Averaged Test Accuracy (Regular Model): 0.9899
Averaged Train Loss (Regular Model): 0.0000
Averaged Test AUC: 0.9990
Std Test Accurancy: 0.0099
Std Test AUC: 0.0022
------------------------- time cost ------------------------- 16.814799070358276

-------------Round number: 129-------------

Evaluate heterogeneous models
Averaged Test Accuracy (Regular Model): 0.9899
Averaged Train Loss (Regular Model): 0.0000
Averaged Test AUC: 0.9990
Std Test Accurancy: 0.0099
Std Test AUC: 0.0022
------------------------- time cost ------------------------- 16.912405014038086

-------------Round number: 130-------------

Evaluate heterogeneous models
Averaged Test Accuracy (Regular Model): 0.9899
Averaged Train Loss (Regular Model): 0.0000
Averaged Test AUC: 0.9990
Std Test Accurancy: 0.0099
Std Test AUC: 0.0022
------------------------- time cost ------------------------- 15.879584312438965

-------------Round number: 131-------------

Evaluate heterogeneous models
Averaged Test Accuracy (Regular Model): 0.9899
Averaged Train Loss (Regular Model): 0.0000
Averaged Test AUC: 0.9990
Std Test Accurancy: 0.0099
Std Test AUC: 0.0022
------------------------- time cost ------------------------- 16.368834257125854

-------------Round number: 132-------------

Evaluate heterogeneous models
Averaged Test Accuracy (Regular Model): 0.9899
Averaged Train Loss (Regular Model): 0.0000
Averaged Test AUC: 0.9990
Std Test Accurancy: 0.0099
Std Test AUC: 0.0022
------------------------- time cost ------------------------- 16.93370771408081

-------------Round number: 133-------------

Evaluate heterogeneous models
Averaged Test Accuracy (Regular Model): 0.9899
Averaged Train Loss (Regular Model): 0.0000
Averaged Test AUC: 0.9990
Std Test Accurancy: 0.0099
Std Test AUC: 0.0022
------------------------- time cost ------------------------- 16.873037099838257

-------------Round number: 134-------------

Evaluate heterogeneous models
Averaged Test Accuracy (Regular Model): 0.9899
Averaged Train Loss (Regular Model): 0.0000
Averaged Test AUC: 0.9990
Std Test Accurancy: 0.0099
Std Test AUC: 0.0022
------------------------- time cost ------------------------- 16.589190006256104

-------------Round number: 135-------------

Evaluate heterogeneous models
Averaged Test Accuracy (Regular Model): 0.9899
Averaged Train Loss (Regular Model): 0.0000
Averaged Test AUC: 0.9990
Std Test Accurancy: 0.0099
Std Test AUC: 0.0022
------------------------- time cost ------------------------- 17.410528421401978

-------------Round number: 136-------------

Evaluate heterogeneous models
Averaged Test Accuracy (Regular Model): 0.9899
Averaged Train Loss (Regular Model): 0.0000
Averaged Test AUC: 0.9990
Std Test Accurancy: 0.0099
Std Test AUC: 0.0022
------------------------- time cost ------------------------- 16.600361585617065

-------------Round number: 137-------------

Evaluate heterogeneous models
Averaged Test Accuracy (Regular Model): 0.9899
Averaged Train Loss (Regular Model): 0.0000
Averaged Test AUC: 0.9990
Std Test Accurancy: 0.0099
Std Test AUC: 0.0022
------------------------- time cost ------------------------- 16.10672879219055

-------------Round number: 138-------------

Evaluate heterogeneous models
Averaged Test Accuracy (Regular Model): 0.9899
Averaged Train Loss (Regular Model): 0.0000
Averaged Test AUC: 0.9990
Std Test Accurancy: 0.0099
Std Test AUC: 0.0022
------------------------- time cost ------------------------- 17.579484939575195

-------------Round number: 139-------------

Evaluate heterogeneous models
Averaged Test Accuracy (Regular Model): 0.9899
Averaged Train Loss (Regular Model): 0.0000
Averaged Test AUC: 0.9990
Std Test Accurancy: 0.0099
Std Test AUC: 0.0022
------------------------- time cost ------------------------- 16.813225507736206

-------------Round number: 140-------------

Evaluate heterogeneous models
Averaged Test Accuracy (Regular Model): 0.9899
Averaged Train Loss (Regular Model): 0.0000
Averaged Test AUC: 0.9990
Std Test Accurancy: 0.0099
Std Test AUC: 0.0022
------------------------- time cost ------------------------- 16.640987873077393

-------------Round number: 141-------------

Evaluate heterogeneous models
Averaged Test Accuracy (Regular Model): 0.9899
Averaged Train Loss (Regular Model): 0.0000
Averaged Test AUC: 0.9990
Std Test Accurancy: 0.0099
Std Test AUC: 0.0022
------------------------- time cost ------------------------- 16.699342250823975

-------------Round number: 142-------------

Evaluate heterogeneous models
Averaged Test Accuracy (Regular Model): 0.9899
Averaged Train Loss (Regular Model): 0.0000
Averaged Test AUC: 0.9990
Std Test Accurancy: 0.0099
Std Test AUC: 0.0022
------------------------- time cost ------------------------- 16.662246227264404

-------------Round number: 143-------------

Evaluate heterogeneous models
Averaged Test Accuracy (Regular Model): 0.9899
Averaged Train Loss (Regular Model): 0.0000
Averaged Test AUC: 0.9990
Std Test Accurancy: 0.0099
Std Test AUC: 0.0022
------------------------- time cost ------------------------- 16.79041886329651

-------------Round number: 144-------------

Evaluate heterogeneous models
Averaged Test Accuracy (Regular Model): 0.9899
Averaged Train Loss (Regular Model): 0.0000
Averaged Test AUC: 0.9990
Std Test Accurancy: 0.0099
Std Test AUC: 0.0022
------------------------- time cost ------------------------- 16.733404397964478

-------------Round number: 145-------------

Evaluate heterogeneous models
Averaged Test Accuracy (Regular Model): 0.9899
Averaged Train Loss (Regular Model): 0.0000
Averaged Test AUC: 0.9990
Std Test Accurancy: 0.0099
Std Test AUC: 0.0022
------------------------- time cost ------------------------- 17.302860975265503

-------------Round number: 146-------------

Evaluate heterogeneous models
Averaged Test Accuracy (Regular Model): 0.9899
Averaged Train Loss (Regular Model): 0.0000
Averaged Test AUC: 0.9990
Std Test Accurancy: 0.0099
Std Test AUC: 0.0022
------------------------- time cost ------------------------- 15.361257314682007

-------------Round number: 147-------------

Evaluate heterogeneous models
Averaged Test Accuracy (Regular Model): 0.9899
Averaged Train Loss (Regular Model): 0.0000
Averaged Test AUC: 0.9990
Std Test Accurancy: 0.0099
Std Test AUC: 0.0022
------------------------- time cost ------------------------- 16.546502113342285

-------------Round number: 148-------------

Evaluate heterogeneous models
Averaged Test Accuracy (Regular Model): 0.9899
Averaged Train Loss (Regular Model): 0.0000
Averaged Test AUC: 0.9990
Std Test Accurancy: 0.0099
Std Test AUC: 0.0022
------------------------- time cost ------------------------- 14.45617389678955

-------------Round number: 149-------------

Evaluate heterogeneous models
Averaged Test Accuracy (Regular Model): 0.9899
Averaged Train Loss (Regular Model): 0.0000
Averaged Test AUC: 0.9990
Std Test Accurancy: 0.0099
Std Test AUC: 0.0022
------------------------- time cost ------------------------- 14.751415014266968

-------------Round number: 150-------------

Evaluate heterogeneous models
Averaged Test Accuracy (Regular Model): 0.9899
Averaged Train Loss (Regular Model): 0.0000
Averaged Test AUC: 0.9990
Std Test Accurancy: 0.0099
Std Test AUC: 0.0022
------------------------- time cost ------------------------- 15.239697694778442

-------------Round number: 151-------------

Evaluate heterogeneous models
Averaged Test Accuracy (Regular Model): 0.9899
Averaged Train Loss (Regular Model): 0.0000
Averaged Test AUC: 0.9990
Std Test Accurancy: 0.0099
Std Test AUC: 0.0022
------------------------- time cost ------------------------- 15.641444444656372

-------------Round number: 152-------------

Evaluate heterogeneous models
Averaged Test Accuracy (Regular Model): 0.9899
Averaged Train Loss (Regular Model): 0.0000
Averaged Test AUC: 0.9990
Std Test Accurancy: 0.0099
Std Test AUC: 0.0022
------------------------- time cost ------------------------- 16.018901348114014

-------------Round number: 153-------------

Evaluate heterogeneous models
Averaged Test Accuracy (Regular Model): 0.9899
Averaged Train Loss (Regular Model): 0.0000
Averaged Test AUC: 0.9990
Std Test Accurancy: 0.0099
Std Test AUC: 0.0022
------------------------- time cost ------------------------- 16.411142110824585

-------------Round number: 154-------------

Evaluate heterogeneous models
Averaged Test Accuracy (Regular Model): 0.9899
Averaged Train Loss (Regular Model): 0.0000
Averaged Test AUC: 0.9990
Std Test Accurancy: 0.0099
Std Test AUC: 0.0022
------------------------- time cost ------------------------- 15.553147077560425

-------------Round number: 155-------------

Evaluate heterogeneous models
Averaged Test Accuracy (Regular Model): 0.9899
Averaged Train Loss (Regular Model): 0.0000
Averaged Test AUC: 0.9990
Std Test Accurancy: 0.0099
Std Test AUC: 0.0022
------------------------- time cost ------------------------- 16.83531379699707

-------------Round number: 156-------------

Evaluate heterogeneous models
Averaged Test Accuracy (Regular Model): 0.9899
Averaged Train Loss (Regular Model): 0.0000
Averaged Test AUC: 0.9990
Std Test Accurancy: 0.0099
Std Test AUC: 0.0022
------------------------- time cost ------------------------- 16.856383323669434

-------------Round number: 157-------------

Evaluate heterogeneous models
Averaged Test Accuracy (Regular Model): 0.9899
Averaged Train Loss (Regular Model): 0.0000
Averaged Test AUC: 0.9990
Std Test Accurancy: 0.0099
Std Test AUC: 0.0022
------------------------- time cost ------------------------- 17.135488748550415

-------------Round number: 158-------------

Evaluate heterogeneous models
Averaged Test Accuracy (Regular Model): 0.9899
Averaged Train Loss (Regular Model): 0.0000
Averaged Test AUC: 0.9990
Std Test Accurancy: 0.0099
Std Test AUC: 0.0022
------------------------- time cost ------------------------- 16.740025520324707

-------------Round number: 159-------------

Evaluate heterogeneous models
Averaged Test Accuracy (Regular Model): 0.9899
Averaged Train Loss (Regular Model): 0.0000
Averaged Test AUC: 0.9990
Std Test Accurancy: 0.0099
Std Test AUC: 0.0021
------------------------- time cost ------------------------- 16.792827129364014

-------------Round number: 160-------------

Evaluate heterogeneous models
Averaged Test Accuracy (Regular Model): 0.9899
Averaged Train Loss (Regular Model): 0.0000
Averaged Test AUC: 0.9990
Std Test Accurancy: 0.0099
Std Test AUC: 0.0021
------------------------- time cost ------------------------- 15.24199652671814

-------------Round number: 161-------------

Evaluate heterogeneous models
Averaged Test Accuracy (Regular Model): 0.9899
Averaged Train Loss (Regular Model): 0.0000
Averaged Test AUC: 0.9990
Std Test Accurancy: 0.0099
Std Test AUC: 0.0021
------------------------- time cost ------------------------- 16.80870819091797

-------------Round number: 162-------------

Evaluate heterogeneous models
Averaged Test Accuracy (Regular Model): 0.9899
Averaged Train Loss (Regular Model): 0.0000
Averaged Test AUC: 0.9990
Std Test Accurancy: 0.0099
Std Test AUC: 0.0021
------------------------- time cost ------------------------- 16.81737494468689

-------------Round number: 163-------------

Evaluate heterogeneous models
Averaged Test Accuracy (Regular Model): 0.9899
Averaged Train Loss (Regular Model): 0.0000
Averaged Test AUC: 0.9990
Std Test Accurancy: 0.0099
Std Test AUC: 0.0021
------------------------- time cost ------------------------- 15.614761352539062

-------------Round number: 164-------------

Evaluate heterogeneous models
Averaged Test Accuracy (Regular Model): 0.9899
Averaged Train Loss (Regular Model): 0.0000
Averaged Test AUC: 0.9990
Std Test Accurancy: 0.0099
Std Test AUC: 0.0021
------------------------- time cost ------------------------- 16.378430604934692

-------------Round number: 165-------------

Evaluate heterogeneous models
Averaged Test Accuracy (Regular Model): 0.9899
Averaged Train Loss (Regular Model): 0.0000
Averaged Test AUC: 0.9990
Std Test Accurancy: 0.0099
Std Test AUC: 0.0021
------------------------- time cost ------------------------- 15.369234800338745

-------------Round number: 166-------------

Evaluate heterogeneous models
Averaged Test Accuracy (Regular Model): 0.9899
Averaged Train Loss (Regular Model): 0.0000
Averaged Test AUC: 0.9990
Std Test Accurancy: 0.0099
Std Test AUC: 0.0021
------------------------- time cost ------------------------- 15.915868997573853

-------------Round number: 167-------------

Evaluate heterogeneous models
Averaged Test Accuracy (Regular Model): 0.9899
Averaged Train Loss (Regular Model): 0.0000
Averaged Test AUC: 0.9990
Std Test Accurancy: 0.0099
Std Test AUC: 0.0021
------------------------- time cost ------------------------- 16.859764099121094

-------------Round number: 168-------------

Evaluate heterogeneous models
Averaged Test Accuracy (Regular Model): 0.9899
Averaged Train Loss (Regular Model): 0.0000
Averaged Test AUC: 0.9990
Std Test Accurancy: 0.0099
Std Test AUC: 0.0021
------------------------- time cost ------------------------- 16.772884607315063

-------------Round number: 169-------------

Evaluate heterogeneous models
Averaged Test Accuracy (Regular Model): 0.9899
Averaged Train Loss (Regular Model): 0.0000
Averaged Test AUC: 0.9990
Std Test Accurancy: 0.0099
Std Test AUC: 0.0021
------------------------- time cost ------------------------- 16.771198511123657

-------------Round number: 170-------------

Evaluate heterogeneous models
Averaged Test Accuracy (Regular Model): 0.9899
Averaged Train Loss (Regular Model): 0.0000
Averaged Test AUC: 0.9990
Std Test Accurancy: 0.0099
Std Test AUC: 0.0021
------------------------- time cost ------------------------- 17.08884835243225

-------------Round number: 171-------------

Evaluate heterogeneous models
Averaged Test Accuracy (Regular Model): 0.9899
Averaged Train Loss (Regular Model): 0.0000
Averaged Test AUC: 0.9990
Std Test Accurancy: 0.0099
Std Test AUC: 0.0021
------------------------- time cost ------------------------- 16.278127908706665

-------------Round number: 172-------------

Evaluate heterogeneous models
Averaged Test Accuracy (Regular Model): 0.9899
Averaged Train Loss (Regular Model): 0.0000
Averaged Test AUC: 0.9990
Std Test Accurancy: 0.0099
Std Test AUC: 0.0021
------------------------- time cost ------------------------- 16.93456745147705

-------------Round number: 173-------------

Evaluate heterogeneous models
Averaged Test Accuracy (Regular Model): 0.9899
Averaged Train Loss (Regular Model): 0.0000
Averaged Test AUC: 0.9990
Std Test Accurancy: 0.0099
Std Test AUC: 0.0021
------------------------- time cost ------------------------- 15.366490602493286

-------------Round number: 174-------------

Evaluate heterogeneous models
Averaged Test Accuracy (Regular Model): 0.9899
Averaged Train Loss (Regular Model): 0.0000
Averaged Test AUC: 0.9990
Std Test Accurancy: 0.0099
Std Test AUC: 0.0021
------------------------- time cost ------------------------- 15.930472612380981

-------------Round number: 175-------------

Evaluate heterogeneous models
Averaged Test Accuracy (Regular Model): 0.9899
Averaged Train Loss (Regular Model): 0.0000
Averaged Test AUC: 0.9990
Std Test Accurancy: 0.0099
Std Test AUC: 0.0021
------------------------- time cost ------------------------- 16.63584065437317

-------------Round number: 176-------------

Evaluate heterogeneous models
Averaged Test Accuracy (Regular Model): 0.9899
Averaged Train Loss (Regular Model): 0.0000
Averaged Test AUC: 0.9990
Std Test Accurancy: 0.0099
Std Test AUC: 0.0021
------------------------- time cost ------------------------- 16.80647039413452

-------------Round number: 177-------------

Evaluate heterogeneous models
Averaged Test Accuracy (Regular Model): 0.9899
Averaged Train Loss (Regular Model): 0.0000
Averaged Test AUC: 0.9990
Std Test Accurancy: 0.0099
Std Test AUC: 0.0021
------------------------- time cost ------------------------- 16.87107229232788

-------------Round number: 178-------------

Evaluate heterogeneous models
Averaged Test Accuracy (Regular Model): 0.9899
Averaged Train Loss (Regular Model): 0.0000
Averaged Test AUC: 0.9990
Std Test Accurancy: 0.0099
Std Test AUC: 0.0021
------------------------- time cost ------------------------- 16.496173620224

-------------Round number: 179-------------

Evaluate heterogeneous models
Averaged Test Accuracy (Regular Model): 0.9899
Averaged Train Loss (Regular Model): 0.0000
Averaged Test AUC: 0.9990
Std Test Accurancy: 0.0099
Std Test AUC: 0.0021
------------------------- time cost ------------------------- 16.60952639579773

-------------Round number: 180-------------

Evaluate heterogeneous models
Averaged Test Accuracy (Regular Model): 0.9899
Averaged Train Loss (Regular Model): 0.0000
Averaged Test AUC: 0.9990
Std Test Accurancy: 0.0099
Std Test AUC: 0.0021
------------------------- time cost ------------------------- 16.653854608535767

-------------Round number: 181-------------

Evaluate heterogeneous models
Averaged Test Accuracy (Regular Model): 0.9899
Averaged Train Loss (Regular Model): 0.0000
Averaged Test AUC: 0.9990
Std Test Accurancy: 0.0099
Std Test AUC: 0.0021
------------------------- time cost ------------------------- 16.61046028137207

-------------Round number: 182-------------

Evaluate heterogeneous models
Averaged Test Accuracy (Regular Model): 0.9899
Averaged Train Loss (Regular Model): 0.0000
Averaged Test AUC: 0.9990
Std Test Accurancy: 0.0099
Std Test AUC: 0.0021
------------------------- time cost ------------------------- 16.714892625808716

-------------Round number: 183-------------

Evaluate heterogeneous models
Averaged Test Accuracy (Regular Model): 0.9899
Averaged Train Loss (Regular Model): 0.0000
Averaged Test AUC: 0.9990
Std Test Accurancy: 0.0099
Std Test AUC: 0.0021
------------------------- time cost ------------------------- 16.29108691215515

-------------Round number: 184-------------

Evaluate heterogeneous models
Averaged Test Accuracy (Regular Model): 0.9899
Averaged Train Loss (Regular Model): 0.0000
Averaged Test AUC: 0.9990
Std Test Accurancy: 0.0099
Std Test AUC: 0.0021
------------------------- time cost ------------------------- 15.738521099090576

-------------Round number: 185-------------

Evaluate heterogeneous models
Averaged Test Accuracy (Regular Model): 0.9899
Averaged Train Loss (Regular Model): 0.0000
Averaged Test AUC: 0.9990
Std Test Accurancy: 0.0099
Std Test AUC: 0.0021
------------------------- time cost ------------------------- 16.775105714797974

-------------Round number: 186-------------

Evaluate heterogeneous models
Averaged Test Accuracy (Regular Model): 0.9899
Averaged Train Loss (Regular Model): 0.0000
Averaged Test AUC: 0.9990
Std Test Accurancy: 0.0099
Std Test AUC: 0.0021
------------------------- time cost ------------------------- 16.713249921798706

-------------Round number: 187-------------

Evaluate heterogeneous models
Averaged Test Accuracy (Regular Model): 0.9899
Averaged Train Loss (Regular Model): 0.0000
Averaged Test AUC: 0.9990
Std Test Accurancy: 0.0099
Std Test AUC: 0.0021
------------------------- time cost ------------------------- 16.764940977096558

-------------Round number: 188-------------

Evaluate heterogeneous models
Averaged Test Accuracy (Regular Model): 0.9899
Averaged Train Loss (Regular Model): 0.0000
Averaged Test AUC: 0.9990
Std Test Accurancy: 0.0099
Std Test AUC: 0.0021
------------------------- time cost ------------------------- 15.918960332870483

-------------Round number: 189-------------

Evaluate heterogeneous models
Averaged Test Accuracy (Regular Model): 0.9899
Averaged Train Loss (Regular Model): 0.0000
Averaged Test AUC: 0.9990
Std Test Accurancy: 0.0099
Std Test AUC: 0.0021
------------------------- time cost ------------------------- 16.786469221115112

-------------Round number: 190-------------

Evaluate heterogeneous models
Averaged Test Accuracy (Regular Model): 0.9899
Averaged Train Loss (Regular Model): 0.0000
Averaged Test AUC: 0.9990
Std Test Accurancy: 0.0099
Std Test AUC: 0.0021
------------------------- time cost ------------------------- 16.50751256942749

-------------Round number: 191-------------

Evaluate heterogeneous models
Averaged Test Accuracy (Regular Model): 0.9899
Averaged Train Loss (Regular Model): 0.0000
Averaged Test AUC: 0.9990
Std Test Accurancy: 0.0099
Std Test AUC: 0.0021
------------------------- time cost ------------------------- 16.94000816345215

-------------Round number: 192-------------

Evaluate heterogeneous models
Averaged Test Accuracy (Regular Model): 0.9900
Averaged Train Loss (Regular Model): 0.0000
Averaged Test AUC: 0.9990
Std Test Accurancy: 0.0098
Std Test AUC: 0.0021
------------------------- time cost ------------------------- 17.102569818496704

-------------Round number: 193-------------

Evaluate heterogeneous models
Averaged Test Accuracy (Regular Model): 0.9900
Averaged Train Loss (Regular Model): 0.0000
Averaged Test AUC: 0.9990
Std Test Accurancy: 0.0098
Std Test AUC: 0.0021
------------------------- time cost ------------------------- 17.32671332359314

-------------Round number: 194-------------

Evaluate heterogeneous models
Averaged Test Accuracy (Regular Model): 0.9899
Averaged Train Loss (Regular Model): 0.0000
Averaged Test AUC: 0.9990
Std Test Accurancy: 0.0099
Std Test AUC: 0.0021
------------------------- time cost ------------------------- 16.830370664596558

-------------Round number: 195-------------

Evaluate heterogeneous models
Averaged Test Accuracy (Regular Model): 0.9900
Averaged Train Loss (Regular Model): 0.0000
Averaged Test AUC: 0.9990
Std Test Accurancy: 0.0098
Std Test AUC: 0.0021
------------------------- time cost ------------------------- 16.743898630142212

-------------Round number: 196-------------

Evaluate heterogeneous models
Averaged Test Accuracy (Regular Model): 0.9899
Averaged Train Loss (Regular Model): 0.0000
Averaged Test AUC: 0.9990
Std Test Accurancy: 0.0099
Std Test AUC: 0.0021
------------------------- time cost ------------------------- 15.823901176452637

-------------Round number: 197-------------

Evaluate heterogeneous models
Averaged Test Accuracy (Regular Model): 0.9900
Averaged Train Loss (Regular Model): 0.0000
Averaged Test AUC: 0.9990
Std Test Accurancy: 0.0098
Std Test AUC: 0.0021
------------------------- time cost ------------------------- 17.34276247024536

-------------Round number: 198-------------

Evaluate heterogeneous models
Averaged Test Accuracy (Regular Model): 0.9899
Averaged Train Loss (Regular Model): 0.0000
Averaged Test AUC: 0.9990
Std Test Accurancy: 0.0099
Std Test AUC: 0.0021
------------------------- time cost ------------------------- 17.2639741897583

-------------Round number: 199-------------

Evaluate heterogeneous models
Averaged Test Accuracy (Regular Model): 0.9900
Averaged Train Loss (Regular Model): 0.0000
Averaged Test AUC: 0.9990
Std Test Accurancy: 0.0098
Std Test AUC: 0.0021
------------------------- time cost ------------------------- 16.10530924797058

-------------Round number: 200-------------

Evaluate heterogeneous models
Averaged Test Accuracy (Regular Model): 0.9900
Averaged Train Loss (Regular Model): 0.0000
Averaged Test AUC: 0.9990
Std Test Accurancy: 0.0098
Std Test AUC: 0.0021

Best accuracy.
0.9900097048581378

Average time cost per round.
16.475184223651887
File path: ../results/MNIST_dir_0.1_imbalance_40_FedGen_test_0.h5

Average time cost: 3502.27s.
Length:  201
std for best accurancy: 0.0
mean for best accurancy: 0.9900097048581378
All done!

Storage on cpu
-------------------------------------------------------------------------------
Total Tensors: 5530 	Used Memory: 40.50K
-------------------------------------------------------------------------------

Storage on cuda:0
-------------------------------------------------------------------------------
Total Tensors: 410400 	Used Memory: 1.60M
The allocated memory on cuda:0: 1.60M
-------------------------------------------------------------------------------
