==================================================
goal = test
device = cuda
device_id = 0
dataset = MNIST_dir_0.1_imbalance_40
num_classes = 10
model_family = HCNNs8
batch_size = 256
num_workers = 0
local_learning_rate = 0.06
use_decay_scheduler = False
learning_rate_decay = False
learning_rate_decay_gamma = 0.99
global_rounds = 200
edge_epochs = 1
local_epochs = 5
algorithm = FedGen
join_ratio = 1.0
random_join_ratio = False
num_clients = 40
num_edges = 10
prev = 0
times = 1
eval_gap = 1
save_folder_name = temp
auto_break = False
feature_dim = 512
vocab_size = 98635
max_len = 200
client_drop_rate = 0.0
train_slow_rate = 0.0
send_slow_rate = 0.0
time_select = False
time_threthold = 10000
optimizer = SGD
lamda = 1.0
weight_decay = 0
trans_delay_simulate = False
momentum = 0.8
agg_type = 0
buffersize = 10
gl_use_clients = 1
test_useglclassifier = 1
gamma = 1
drawtsne = 1
drawround = 20
noise_dim = 512
generator_learning_rate = 0.0001
hidden_dim = 512
server_epochs = 100
alpha = 1.0
beta = 1.0
mentee_learning_rate = 0.005
T_start = 0.95
T_end = 0.98
server_learning_rate = 0.01
margin_threthold = 100.0
generator_path = stylegan/stylegan-xl-models/imagenet64.pkl
stable_diffusion_prompt = a cat
server_batch_size = 100
gen_batch_size = 4
mu = 50.0
==================================================
Random seed set as 42

============= Running time: 0th =============
Creating server and clients ...
CNN(num_cov=1, hidden_dims=[], in_features=1, num_classes=args.num_classes)
CNN(num_cov=2, hidden_dims=[], in_features=1, num_classes=args.num_classes)
CNN(num_cov=1, hidden_dims=[512], in_features=1, num_classes=args.num_classes)
CNN(num_cov=2, hidden_dims=[512], in_features=1, num_classes=args.num_classes)
CNN(num_cov=1, hidden_dims=[1024], in_features=1, num_classes=args.num_classes)
CNN(num_cov=2, hidden_dims=[1024], in_features=1, num_classes=args.num_classes)
CNN(num_cov=1, hidden_dims=[1024, 512], in_features=1, num_classes=args.num_classes)
CNN(num_cov=2, hidden_dims=[1024, 512], in_features=1, num_classes=args.num_classes)
CNN(num_cov=1, hidden_dims=[], in_features=1, num_classes=args.num_classes) model chosen!
id 0
label_counts: defaultdict(<class 'int'>, {4: 158, 9: 289, 2: 4, 6: 121})
CNN(num_cov=2, hidden_dims=[], in_features=1, num_classes=args.num_classes) model chosen!
id 1
label_counts: defaultdict(<class 'int'>, {1: 271, 6: 1134, 5: 758, 0: 9})
CNN(num_cov=1, hidden_dims=[512], in_features=1, num_classes=args.num_classes) model chosen!
id 2
label_counts: defaultdict(<class 'int'>, {7: 2296, 1: 923, 5: 49})
CNN(num_cov=2, hidden_dims=[512], in_features=1, num_classes=args.num_classes) model chosen!
id 3
label_counts: defaultdict(<class 'int'>, {5: 654, 2: 451, 6: 52, 8: 57, 4: 16, 1: 1, 3: 1, 0: 2})
CNN(num_cov=1, hidden_dims=[1024], in_features=1, num_classes=args.num_classes) model chosen!
id 4
label_counts: defaultdict(<class 'int'>, {2: 718, 9: 865, 6: 391, 0: 93})
CNN(num_cov=2, hidden_dims=[1024], in_features=1, num_classes=args.num_classes) model chosen!
id 5
label_counts: defaultdict(<class 'int'>, {8: 1280, 7: 364, 0: 34})
CNN(num_cov=1, hidden_dims=[1024, 512], in_features=1, num_classes=args.num_classes) model chosen!
id 6
label_counts: defaultdict(<class 'int'>, {4: 1193, 0: 369, 2: 14, 1: 10})
CNN(num_cov=2, hidden_dims=[1024, 512], in_features=1, num_classes=args.num_classes) model chosen!
id 7
label_counts: defaultdict(<class 'int'>, {9: 1087, 5: 33, 6: 17, 8: 34, 7: 5})
CNN(num_cov=1, hidden_dims=[], in_features=1, num_classes=args.num_classes) model chosen!
id 8
label_counts: defaultdict(<class 'int'>, {2: 1474, 1: 320})
CNN(num_cov=2, hidden_dims=[], in_features=1, num_classes=args.num_classes) model chosen!
id 9
label_counts: defaultdict(<class 'int'>, {5: 434, 4: 506, 1: 50, 7: 1})
CNN(num_cov=1, hidden_dims=[512], in_features=1, num_classes=args.num_classes) model chosen!
id 10
label_counts: defaultdict(<class 'int'>, {6: 696, 5: 114, 7: 3, 3: 14})
CNN(num_cov=2, hidden_dims=[512], in_features=1, num_classes=args.num_classes) model chosen!
id 11
label_counts: defaultdict(<class 'int'>, {3: 1008, 6: 296, 5: 70, 0: 29})
CNN(num_cov=1, hidden_dims=[1024], in_features=1, num_classes=args.num_classes) model chosen!
id 12
label_counts: defaultdict(<class 'int'>, {3: 1642, 0: 32})
CNN(num_cov=2, hidden_dims=[1024], in_features=1, num_classes=args.num_classes) model chosen!
id 13
label_counts: defaultdict(<class 'int'>, {3: 1120, 4: 192})
CNN(num_cov=1, hidden_dims=[1024, 512], in_features=1, num_classes=args.num_classes) model chosen!
id 14
label_counts: defaultdict(<class 'int'>, {2: 309, 1: 352, 3: 6, 6: 5})
CNN(num_cov=2, hidden_dims=[1024, 512], in_features=1, num_classes=args.num_classes) model chosen!
id 15
label_counts: defaultdict(<class 'int'>, {3: 70, 7: 49, 8: 235, 1: 72, 2: 21, 5: 1})
CNN(num_cov=1, hidden_dims=[], in_features=1, num_classes=args.num_classes) model chosen!
id 16
label_counts: defaultdict(<class 'int'>, {6: 262, 9: 284, 8: 66, 1: 38, 0: 8})
CNN(num_cov=2, hidden_dims=[], in_features=1, num_classes=args.num_classes) model chosen!
id 17
label_counts: defaultdict(<class 'int'>, {4: 2317, 1: 196})
CNN(num_cov=1, hidden_dims=[512], in_features=1, num_classes=args.num_classes) model chosen!
id 18
label_counts: defaultdict(<class 'int'>, {7: 1087, 3: 608, 5: 157, 4: 21, 1: 16, 0: 1})
CNN(num_cov=2, hidden_dims=[512], in_features=1, num_classes=args.num_classes) model chosen!
id 19
label_counts: defaultdict(<class 'int'>, {2: 260, 8: 119, 7: 7, 9: 1})
CNN(num_cov=1, hidden_dims=[1024], in_features=1, num_classes=args.num_classes) model chosen!
id 20
label_counts: defaultdict(<class 'int'>, {3: 436, 1: 248, 7: 320, 9: 69, 4: 1, 8: 1})
CNN(num_cov=2, hidden_dims=[1024], in_features=1, num_classes=args.num_classes) model chosen!
id 21
label_counts: defaultdict(<class 'int'>, {5: 897, 6: 230, 1: 50, 7: 3, 9: 7, 3: 1})
CNN(num_cov=1, hidden_dims=[1024, 512], in_features=1, num_classes=args.num_classes) model chosen!
id 22
label_counts: defaultdict(<class 'int'>, {9: 769, 5: 33, 0: 3})
CNN(num_cov=2, hidden_dims=[1024, 512], in_features=1, num_classes=args.num_classes) model chosen!
id 23
label_counts: defaultdict(<class 'int'>, {2: 859, 8: 1046, 5: 2, 0: 3})
CNN(num_cov=1, hidden_dims=[], in_features=1, num_classes=args.num_classes) model chosen!
id 24
label_counts: defaultdict(<class 'int'>, {0: 778, 8: 3, 6: 33, 5: 1, 9: 1})
CNN(num_cov=2, hidden_dims=[], in_features=1, num_classes=args.num_classes) model chosen!
id 25
label_counts: defaultdict(<class 'int'>, {0: 1463})
CNN(num_cov=1, hidden_dims=[512], in_features=1, num_classes=args.num_classes) model chosen!
id 26
label_counts: defaultdict(<class 'int'>, {1: 543, 6: 465, 0: 390, 2: 3})
CNN(num_cov=2, hidden_dims=[512], in_features=1, num_classes=args.num_classes) model chosen!
id 27
label_counts: defaultdict(<class 'int'>, {6: 696, 0: 1152, 5: 27})
CNN(num_cov=1, hidden_dims=[1024], in_features=1, num_classes=args.num_classes) model chosen!
id 28
label_counts: defaultdict(<class 'int'>, {0: 644, 5: 3, 8: 35, 6: 13, 2: 4, 9: 1})
CNN(num_cov=2, hidden_dims=[1024], in_features=1, num_classes=args.num_classes) model chosen!
id 29
label_counts: defaultdict(<class 'int'>, {9: 1793, 0: 69, 3: 14, 8: 265, 4: 16})
CNN(num_cov=1, hidden_dims=[1024, 512], in_features=1, num_classes=args.num_classes) model chosen!
id 30
label_counts: defaultdict(<class 'int'>, {1: 368, 0: 78, 2: 1, 6: 1, 4: 1, 7: 2})
CNN(num_cov=2, hidden_dims=[1024, 512], in_features=1, num_classes=args.num_classes) model chosen!
id 31
label_counts: defaultdict(<class 'int'>, {5: 1461, 2: 1094, 1: 4, 4: 190, 3: 1})
CNN(num_cov=1, hidden_dims=[], in_features=1, num_classes=args.num_classes) model chosen!
id 32
label_counts: defaultdict(<class 'int'>, {8: 843, 5: 1, 1: 99, 7: 54, 9: 16, 4: 6, 3: 1})
CNN(num_cov=2, hidden_dims=[], in_features=1, num_classes=args.num_classes) model chosen!
id 33
label_counts: defaultdict(<class 'int'>, {4: 486, 6: 445, 9: 30, 5: 1, 0: 2})
CNN(num_cov=1, hidden_dims=[512], in_features=1, num_classes=args.num_classes) model chosen!
id 34
label_counts: defaultdict(<class 'int'>, {1: 1866})
CNN(num_cov=2, hidden_dims=[512], in_features=1, num_classes=args.num_classes) model chosen!
id 35
label_counts: defaultdict(<class 'int'>, {1: 71, 8: 578, 3: 141, 2: 23, 9: 12, 4: 1})
CNN(num_cov=1, hidden_dims=[1024], in_features=1, num_classes=args.num_classes) model chosen!
id 36
label_counts: defaultdict(<class 'int'>, {1: 254, 5: 70, 8: 42, 2: 7, 7: 11, 6: 1})
CNN(num_cov=2, hidden_dims=[1024], in_features=1, num_classes=args.num_classes) model chosen!
id 37
label_counts: defaultdict(<class 'int'>, {7: 1286, 6: 162, 1: 10, 3: 95, 0: 8})
CNN(num_cov=1, hidden_dims=[1024, 512], in_features=1, num_classes=args.num_classes) model chosen!
id 38
label_counts: defaultdict(<class 'int'>, {3: 191, 1: 122, 0: 11, 6: 27})
CNN(num_cov=2, hidden_dims=[1024, 512], in_features=1, num_classes=args.num_classes) model chosen!
id 39
label_counts: defaultdict(<class 'int'>, {8: 484, 6: 107, 1: 1, 3: 1, 2: 1, 4: 1, 7: 1, 9: 1})

Join ratio / total clients: 1.0 / 40
Finished creating server and clients.
------------------------- time cost ------------------------- 16.65339469909668

-------------Round number: 0-------------

Evaluate heterogeneous models
Averaged Test Accuracy (Regular Model): 0.9413
Averaged Train Loss (Regular Model): 0.3793
Averaged Test AUC: 0.9863
Std Test Accurancy: 0.1308
Std Test AUC: 0.0251
------------------------- time cost ------------------------- 17.479970455169678

-------------Round number: 1-------------

Evaluate heterogeneous models
Averaged Test Accuracy (Regular Model): 0.9708
Averaged Train Loss (Regular Model): 0.1670
Averaged Test AUC: 0.9929
Std Test Accurancy: 0.0910
Std Test AUC: 0.0222
------------------------- time cost ------------------------- 17.271109104156494

-------------Round number: 2-------------

Evaluate heterogeneous models
Averaged Test Accuracy (Regular Model): 0.9818
Averaged Train Loss (Regular Model): 0.0708
Averaged Test AUC: 0.9968
Std Test Accurancy: 0.0543
Std Test AUC: 0.0123
------------------------- time cost ------------------------- 17.66223931312561

-------------Round number: 3-------------

Evaluate heterogeneous models
Averaged Test Accuracy (Regular Model): 0.9833
Averaged Train Loss (Regular Model): 0.0413
Averaged Test AUC: 0.9978
Std Test Accurancy: 0.0334
Std Test AUC: 0.0078
------------------------- time cost ------------------------- 15.64030408859253

-------------Round number: 4-------------

Evaluate heterogeneous models
Averaged Test Accuracy (Regular Model): 0.9872
Averaged Train Loss (Regular Model): 0.0242
Averaged Test AUC: 0.9982
Std Test Accurancy: 0.0242
Std Test AUC: 0.0066
------------------------- time cost ------------------------- 16.087566137313843

-------------Round number: 5-------------

Evaluate heterogeneous models
Averaged Test Accuracy (Regular Model): 0.9882
Averaged Train Loss (Regular Model): 0.0142
Averaged Test AUC: 0.9984
Std Test Accurancy: 0.0202
Std Test AUC: 0.0048
------------------------- time cost ------------------------- 16.13908076286316

-------------Round number: 6-------------

Evaluate heterogeneous models
Averaged Test Accuracy (Regular Model): 0.9889
Averaged Train Loss (Regular Model): 0.0094
Averaged Test AUC: 0.9985
Std Test Accurancy: 0.0126
Std Test AUC: 0.0038
------------------------- time cost ------------------------- 17.12161874771118

-------------Round number: 7-------------

Evaluate heterogeneous models
Averaged Test Accuracy (Regular Model): 0.9893
Averaged Train Loss (Regular Model): 0.0064
Averaged Test AUC: 0.9986
Std Test Accurancy: 0.0116
Std Test AUC: 0.0035
------------------------- time cost ------------------------- 17.08754873275757

-------------Round number: 8-------------

Evaluate heterogeneous models
Averaged Test Accuracy (Regular Model): 0.9892
Averaged Train Loss (Regular Model): 0.0047
Averaged Test AUC: 0.9987
Std Test Accurancy: 0.0113
Std Test AUC: 0.0030
------------------------- time cost ------------------------- 17.242748737335205

-------------Round number: 9-------------

Evaluate heterogeneous models
Averaged Test Accuracy (Regular Model): 0.9893
Averaged Train Loss (Regular Model): 0.0039
Averaged Test AUC: 0.9987
Std Test Accurancy: 0.0105
Std Test AUC: 0.0028
------------------------- time cost ------------------------- 16.928325414657593

-------------Round number: 10-------------

Evaluate heterogeneous models
Averaged Test Accuracy (Regular Model): 0.9892
Averaged Train Loss (Regular Model): 0.0030
Averaged Test AUC: 0.9987
Std Test Accurancy: 0.0118
Std Test AUC: 0.0027
------------------------- time cost ------------------------- 16.039984941482544

-------------Round number: 11-------------

Evaluate heterogeneous models
Averaged Test Accuracy (Regular Model): 0.9894
Averaged Train Loss (Regular Model): 0.0025
Averaged Test AUC: 0.9988
Std Test Accurancy: 0.0114
Std Test AUC: 0.0026
------------------------- time cost ------------------------- 16.97645139694214

-------------Round number: 12-------------

Evaluate heterogeneous models
Averaged Test Accuracy (Regular Model): 0.9895
Averaged Train Loss (Regular Model): 0.0023
Averaged Test AUC: 0.9988
Std Test Accurancy: 0.0108
Std Test AUC: 0.0024
------------------------- time cost ------------------------- 16.898549795150757

-------------Round number: 13-------------

Evaluate heterogeneous models
Averaged Test Accuracy (Regular Model): 0.9894
Averaged Train Loss (Regular Model): 0.0018
Averaged Test AUC: 0.9988
Std Test Accurancy: 0.0112
Std Test AUC: 0.0024
------------------------- time cost ------------------------- 16.824320077896118

-------------Round number: 14-------------

Evaluate heterogeneous models
Averaged Test Accuracy (Regular Model): 0.9896
Averaged Train Loss (Regular Model): 0.0017
Averaged Test AUC: 0.9988
Std Test Accurancy: 0.0112
Std Test AUC: 0.0023
------------------------- time cost ------------------------- 17.000043869018555

-------------Round number: 15-------------

Evaluate heterogeneous models
Averaged Test Accuracy (Regular Model): 0.9895
Averaged Train Loss (Regular Model): 0.0015
Averaged Test AUC: 0.9988
Std Test Accurancy: 0.0112
Std Test AUC: 0.0023
------------------------- time cost ------------------------- 17.415945291519165

-------------Round number: 16-------------

Evaluate heterogeneous models
Averaged Test Accuracy (Regular Model): 0.9895
Averaged Train Loss (Regular Model): 0.0016
Averaged Test AUC: 0.9988
Std Test Accurancy: 0.0113
Std Test AUC: 0.0023
------------------------- time cost ------------------------- 16.310449838638306

-------------Round number: 17-------------

Evaluate heterogeneous models
Averaged Test Accuracy (Regular Model): 0.9895
Averaged Train Loss (Regular Model): 0.0012
Averaged Test AUC: 0.9988
Std Test Accurancy: 0.0110
Std Test AUC: 0.0023
------------------------- time cost ------------------------- 16.12562894821167

-------------Round number: 18-------------

Evaluate heterogeneous models
Averaged Test Accuracy (Regular Model): 0.9897
Averaged Train Loss (Regular Model): 0.0011
Averaged Test AUC: 0.9988
Std Test Accurancy: 0.0106
Std Test AUC: 0.0023
------------------------- time cost ------------------------- 16.718976974487305

-------------Round number: 19-------------

Evaluate heterogeneous models
Averaged Test Accuracy (Regular Model): 0.9896
Averaged Train Loss (Regular Model): 0.0012
Averaged Test AUC: 0.9988
Std Test Accurancy: 0.0109
Std Test AUC: 0.0022
------------------------- time cost ------------------------- 16.056208848953247

-------------Round number: 20-------------

Evaluate heterogeneous models
Averaged Test Accuracy (Regular Model): 0.9895
Averaged Train Loss (Regular Model): 0.0011
Averaged Test AUC: 0.9988
Std Test Accurancy: 0.0110
Std Test AUC: 0.0022
------------------------- time cost ------------------------- 15.700897455215454

-------------Round number: 21-------------

Evaluate heterogeneous models
Averaged Test Accuracy (Regular Model): 0.9894
Averaged Train Loss (Regular Model): 0.0009
Averaged Test AUC: 0.9988
Std Test Accurancy: 0.0112
Std Test AUC: 0.0022
------------------------- time cost ------------------------- 16.778326272964478

-------------Round number: 22-------------

Evaluate heterogeneous models
Averaged Test Accuracy (Regular Model): 0.9895
Averaged Train Loss (Regular Model): 0.0008
Averaged Test AUC: 0.9988
Std Test Accurancy: 0.0109
Std Test AUC: 0.0022
------------------------- time cost ------------------------- 16.428374767303467

-------------Round number: 23-------------

Evaluate heterogeneous models
Averaged Test Accuracy (Regular Model): 0.9895
Averaged Train Loss (Regular Model): 0.0007
Averaged Test AUC: 0.9989
Std Test Accurancy: 0.0110
Std Test AUC: 0.0022
------------------------- time cost ------------------------- 17.051398754119873

-------------Round number: 24-------------

Evaluate heterogeneous models
Averaged Test Accuracy (Regular Model): 0.9895
Averaged Train Loss (Regular Model): 0.0007
Averaged Test AUC: 0.9989
Std Test Accurancy: 0.0109
Std Test AUC: 0.0022
------------------------- time cost ------------------------- 16.376117944717407

-------------Round number: 25-------------

Evaluate heterogeneous models
Averaged Test Accuracy (Regular Model): 0.9894
Averaged Train Loss (Regular Model): 0.0006
Averaged Test AUC: 0.9989
Std Test Accurancy: 0.0111
Std Test AUC: 0.0022
------------------------- time cost ------------------------- 17.57726550102234

-------------Round number: 26-------------

Evaluate heterogeneous models
Averaged Test Accuracy (Regular Model): 0.9896
Averaged Train Loss (Regular Model): 0.0005
Averaged Test AUC: 0.9989
Std Test Accurancy: 0.0103
Std Test AUC: 0.0022
------------------------- time cost ------------------------- 16.918538331985474

-------------Round number: 27-------------

Evaluate heterogeneous models
Averaged Test Accuracy (Regular Model): 0.9896
Averaged Train Loss (Regular Model): 0.0004
Averaged Test AUC: 0.9989
Std Test Accurancy: 0.0103
Std Test AUC: 0.0022
------------------------- time cost ------------------------- 16.808247327804565

-------------Round number: 28-------------

Evaluate heterogeneous models
Averaged Test Accuracy (Regular Model): 0.9896
Averaged Train Loss (Regular Model): 0.0004
Averaged Test AUC: 0.9989
Std Test Accurancy: 0.0103
Std Test AUC: 0.0022
------------------------- time cost ------------------------- 17.09330177307129

-------------Round number: 29-------------

Evaluate heterogeneous models
Averaged Test Accuracy (Regular Model): 0.9895
Averaged Train Loss (Regular Model): 0.0004
Averaged Test AUC: 0.9989
Std Test Accurancy: 0.0103
Std Test AUC: 0.0022
------------------------- time cost ------------------------- 16.760837078094482

-------------Round number: 30-------------

Evaluate heterogeneous models
Averaged Test Accuracy (Regular Model): 0.9895
Averaged Train Loss (Regular Model): 0.0004
Averaged Test AUC: 0.9989
Std Test Accurancy: 0.0103
Std Test AUC: 0.0022
------------------------- time cost ------------------------- 17.43103313446045

-------------Round number: 31-------------

Evaluate heterogeneous models
Averaged Test Accuracy (Regular Model): 0.9896
Averaged Train Loss (Regular Model): 0.0003
Averaged Test AUC: 0.9989
Std Test Accurancy: 0.0103
Std Test AUC: 0.0022
------------------------- time cost ------------------------- 16.851188898086548

-------------Round number: 32-------------

Evaluate heterogeneous models
Averaged Test Accuracy (Regular Model): 0.9896
Averaged Train Loss (Regular Model): 0.0003
Averaged Test AUC: 0.9989
Std Test Accurancy: 0.0103
Std Test AUC: 0.0022
------------------------- time cost ------------------------- 15.788550615310669

-------------Round number: 33-------------

Evaluate heterogeneous models
Averaged Test Accuracy (Regular Model): 0.9896
Averaged Train Loss (Regular Model): 0.0003
Averaged Test AUC: 0.9989
Std Test Accurancy: 0.0103
Std Test AUC: 0.0022
------------------------- time cost ------------------------- 15.137741804122925

-------------Round number: 34-------------

Evaluate heterogeneous models
Averaged Test Accuracy (Regular Model): 0.9896
Averaged Train Loss (Regular Model): 0.0003
Averaged Test AUC: 0.9989
Std Test Accurancy: 0.0103
Std Test AUC: 0.0022
------------------------- time cost ------------------------- 17.331637144088745

-------------Round number: 35-------------

Evaluate heterogeneous models
Averaged Test Accuracy (Regular Model): 0.9896
Averaged Train Loss (Regular Model): 0.0003
Averaged Test AUC: 0.9989
Std Test Accurancy: 0.0103
Std Test AUC: 0.0022
------------------------- time cost ------------------------- 17.219112157821655

-------------Round number: 36-------------

Evaluate heterogeneous models
Averaged Test Accuracy (Regular Model): 0.9896
Averaged Train Loss (Regular Model): 0.0002
Averaged Test AUC: 0.9989
Std Test Accurancy: 0.0103
Std Test AUC: 0.0021
------------------------- time cost ------------------------- 17.005999088287354

-------------Round number: 37-------------

Evaluate heterogeneous models
Averaged Test Accuracy (Regular Model): 0.9896
Averaged Train Loss (Regular Model): 0.0002
Averaged Test AUC: 0.9989
Std Test Accurancy: 0.0103
Std Test AUC: 0.0021
------------------------- time cost ------------------------- 17.33641481399536

-------------Round number: 38-------------

Evaluate heterogeneous models
Averaged Test Accuracy (Regular Model): 0.9896
Averaged Train Loss (Regular Model): 0.0002
Averaged Test AUC: 0.9989
Std Test Accurancy: 0.0103
Std Test AUC: 0.0021
------------------------- time cost ------------------------- 17.21563148498535

-------------Round number: 39-------------

Evaluate heterogeneous models
Averaged Test Accuracy (Regular Model): 0.9896
Averaged Train Loss (Regular Model): 0.0002
Averaged Test AUC: 0.9989
Std Test Accurancy: 0.0103
Std Test AUC: 0.0021
------------------------- time cost ------------------------- 17.072184085845947

-------------Round number: 40-------------

Evaluate heterogeneous models
Averaged Test Accuracy (Regular Model): 0.9896
Averaged Train Loss (Regular Model): 0.0002
Averaged Test AUC: 0.9989
Std Test Accurancy: 0.0103
Std Test AUC: 0.0021
------------------------- time cost ------------------------- 16.785441637039185

-------------Round number: 41-------------

Evaluate heterogeneous models
Averaged Test Accuracy (Regular Model): 0.9895
Averaged Train Loss (Regular Model): 0.0002
Averaged Test AUC: 0.9989
Std Test Accurancy: 0.0103
Std Test AUC: 0.0021
------------------------- time cost ------------------------- 16.732053756713867

-------------Round number: 42-------------

Evaluate heterogeneous models
Averaged Test Accuracy (Regular Model): 0.9896
Averaged Train Loss (Regular Model): 0.0002
Averaged Test AUC: 0.9989
Std Test Accurancy: 0.0104
Std Test AUC: 0.0021
------------------------- time cost ------------------------- 15.956876039505005

-------------Round number: 43-------------

Evaluate heterogeneous models
Averaged Test Accuracy (Regular Model): 0.9896
Averaged Train Loss (Regular Model): 0.0002
Averaged Test AUC: 0.9989
Std Test Accurancy: 0.0103
Std Test AUC: 0.0021
------------------------- time cost ------------------------- 15.73920464515686

-------------Round number: 44-------------

Evaluate heterogeneous models
Averaged Test Accuracy (Regular Model): 0.9896
Averaged Train Loss (Regular Model): 0.0002
Averaged Test AUC: 0.9989
Std Test Accurancy: 0.0102
Std Test AUC: 0.0021
------------------------- time cost ------------------------- 16.654938459396362

-------------Round number: 45-------------

Evaluate heterogeneous models
Averaged Test Accuracy (Regular Model): 0.9896
Averaged Train Loss (Regular Model): 0.0002
Averaged Test AUC: 0.9989
Std Test Accurancy: 0.0102
Std Test AUC: 0.0021
------------------------- time cost ------------------------- 17.44337558746338

-------------Round number: 46-------------

Evaluate heterogeneous models
Averaged Test Accuracy (Regular Model): 0.9896
Averaged Train Loss (Regular Model): 0.0002
Averaged Test AUC: 0.9989
Std Test Accurancy: 0.0104
Std Test AUC: 0.0021
------------------------- time cost ------------------------- 17.260010957717896

-------------Round number: 47-------------

Evaluate heterogeneous models
Averaged Test Accuracy (Regular Model): 0.9897
Averaged Train Loss (Regular Model): 0.0002
Averaged Test AUC: 0.9989
Std Test Accurancy: 0.0102
Std Test AUC: 0.0021
------------------------- time cost ------------------------- 16.33105731010437

-------------Round number: 48-------------

Evaluate heterogeneous models
Averaged Test Accuracy (Regular Model): 0.9897
Averaged Train Loss (Regular Model): 0.0002
Averaged Test AUC: 0.9989
Std Test Accurancy: 0.0101
Std Test AUC: 0.0021
------------------------- time cost ------------------------- 16.61161160469055

-------------Round number: 49-------------

Evaluate heterogeneous models
Averaged Test Accuracy (Regular Model): 0.9896
Averaged Train Loss (Regular Model): 0.0002
Averaged Test AUC: 0.9989
Std Test Accurancy: 0.0102
Std Test AUC: 0.0021
------------------------- time cost ------------------------- 18.10619807243347

-------------Round number: 50-------------

Evaluate heterogeneous models
Averaged Test Accuracy (Regular Model): 0.9897
Averaged Train Loss (Regular Model): 0.0002
Averaged Test AUC: 0.9989
Std Test Accurancy: 0.0103
Std Test AUC: 0.0021
------------------------- time cost ------------------------- 17.293110132217407

-------------Round number: 51-------------

Evaluate heterogeneous models
Averaged Test Accuracy (Regular Model): 0.9897
Averaged Train Loss (Regular Model): 0.0001
Averaged Test AUC: 0.9989
Std Test Accurancy: 0.0103
Std Test AUC: 0.0021
------------------------- time cost ------------------------- 16.275413274765015

-------------Round number: 52-------------

Evaluate heterogeneous models
Averaged Test Accuracy (Regular Model): 0.9897
Averaged Train Loss (Regular Model): 0.0001
Averaged Test AUC: 0.9989
Std Test Accurancy: 0.0102
Std Test AUC: 0.0021
------------------------- time cost ------------------------- 15.734894037246704

-------------Round number: 53-------------

Evaluate heterogeneous models
Averaged Test Accuracy (Regular Model): 0.9897
Averaged Train Loss (Regular Model): 0.0001
Averaged Test AUC: 0.9989
Std Test Accurancy: 0.0103
Std Test AUC: 0.0021
------------------------- time cost ------------------------- 16.267915725708008

-------------Round number: 54-------------

Evaluate heterogeneous models
Averaged Test Accuracy (Regular Model): 0.9897
Averaged Train Loss (Regular Model): 0.0001
Averaged Test AUC: 0.9989
Std Test Accurancy: 0.0102
Std Test AUC: 0.0021
------------------------- time cost ------------------------- 17.36934542655945

-------------Round number: 55-------------

Evaluate heterogeneous models
Averaged Test Accuracy (Regular Model): 0.9897
Averaged Train Loss (Regular Model): 0.0001
Averaged Test AUC: 0.9989
Std Test Accurancy: 0.0103
Std Test AUC: 0.0021
------------------------- time cost ------------------------- 17.597984790802002

-------------Round number: 56-------------

Evaluate heterogeneous models
Averaged Test Accuracy (Regular Model): 0.9898
Averaged Train Loss (Regular Model): 0.0001
Averaged Test AUC: 0.9989
Std Test Accurancy: 0.0102
Std Test AUC: 0.0021
------------------------- time cost ------------------------- 17.13977289199829

-------------Round number: 57-------------

Evaluate heterogeneous models
Averaged Test Accuracy (Regular Model): 0.9899
Averaged Train Loss (Regular Model): 0.0001
Averaged Test AUC: 0.9989
Std Test Accurancy: 0.0102
Std Test AUC: 0.0021
------------------------- time cost ------------------------- 16.80741810798645

-------------Round number: 58-------------

Evaluate heterogeneous models
Averaged Test Accuracy (Regular Model): 0.9899
Averaged Train Loss (Regular Model): 0.0001
Averaged Test AUC: 0.9989
Std Test Accurancy: 0.0102
Std Test AUC: 0.0021
------------------------- time cost ------------------------- 17.499502658843994

-------------Round number: 59-------------

Evaluate heterogeneous models
Averaged Test Accuracy (Regular Model): 0.9899
Averaged Train Loss (Regular Model): 0.0001
Averaged Test AUC: 0.9989
Std Test Accurancy: 0.0103
Std Test AUC: 0.0021
------------------------- time cost ------------------------- 17.981380462646484

-------------Round number: 60-------------

Evaluate heterogeneous models
Averaged Test Accuracy (Regular Model): 0.9899
Averaged Train Loss (Regular Model): 0.0001
Averaged Test AUC: 0.9989
Std Test Accurancy: 0.0102
Std Test AUC: 0.0021
------------------------- time cost ------------------------- 17.300451278686523

-------------Round number: 61-------------

Evaluate heterogeneous models
Averaged Test Accuracy (Regular Model): 0.9899
Averaged Train Loss (Regular Model): 0.0001
Averaged Test AUC: 0.9989
Std Test Accurancy: 0.0102
Std Test AUC: 0.0021
------------------------- time cost ------------------------- 17.13347029685974

-------------Round number: 62-------------

Evaluate heterogeneous models
Averaged Test Accuracy (Regular Model): 0.9899
Averaged Train Loss (Regular Model): 0.0001
Averaged Test AUC: 0.9989
Std Test Accurancy: 0.0102
Std Test AUC: 0.0021
------------------------- time cost ------------------------- 17.054415225982666

-------------Round number: 63-------------

Evaluate heterogeneous models
Averaged Test Accuracy (Regular Model): 0.9899
Averaged Train Loss (Regular Model): 0.0001
Averaged Test AUC: 0.9989
Std Test Accurancy: 0.0103
Std Test AUC: 0.0021
------------------------- time cost ------------------------- 17.108072519302368

-------------Round number: 64-------------

Evaluate heterogeneous models
Averaged Test Accuracy (Regular Model): 0.9898
Averaged Train Loss (Regular Model): 0.0001
Averaged Test AUC: 0.9989
Std Test Accurancy: 0.0103
Std Test AUC: 0.0021
------------------------- time cost ------------------------- 16.838244438171387

-------------Round number: 65-------------

Evaluate heterogeneous models
Averaged Test Accuracy (Regular Model): 0.9900
Averaged Train Loss (Regular Model): 0.0001
Averaged Test AUC: 0.9989
Std Test Accurancy: 0.0103
Std Test AUC: 0.0021
------------------------- time cost ------------------------- 16.59398627281189

-------------Round number: 66-------------

Evaluate heterogeneous models
Averaged Test Accuracy (Regular Model): 0.9898
Averaged Train Loss (Regular Model): 0.0001
Averaged Test AUC: 0.9989
Std Test Accurancy: 0.0103
Std Test AUC: 0.0021
------------------------- time cost ------------------------- 17.051125049591064

-------------Round number: 67-------------

Evaluate heterogeneous models
Averaged Test Accuracy (Regular Model): 0.9899
Averaged Train Loss (Regular Model): 0.0001
Averaged Test AUC: 0.9989
Std Test Accurancy: 0.0103
Std Test AUC: 0.0021
------------------------- time cost ------------------------- 16.172505855560303

-------------Round number: 68-------------

Evaluate heterogeneous models
Averaged Test Accuracy (Regular Model): 0.9899
Averaged Train Loss (Regular Model): 0.0001
Averaged Test AUC: 0.9989
Std Test Accurancy: 0.0103
Std Test AUC: 0.0021
------------------------- time cost ------------------------- 15.420045375823975

-------------Round number: 69-------------

Evaluate heterogeneous models
Averaged Test Accuracy (Regular Model): 0.9899
Averaged Train Loss (Regular Model): 0.0001
Averaged Test AUC: 0.9989
Std Test Accurancy: 0.0103
Std Test AUC: 0.0021
------------------------- time cost ------------------------- 17.798413515090942

-------------Round number: 70-------------

Evaluate heterogeneous models
Averaged Test Accuracy (Regular Model): 0.9899
Averaged Train Loss (Regular Model): 0.0001
Averaged Test AUC: 0.9990
Std Test Accurancy: 0.0103
Std Test AUC: 0.0021
------------------------- time cost ------------------------- 15.855098247528076

-------------Round number: 71-------------

Evaluate heterogeneous models
Averaged Test Accuracy (Regular Model): 0.9899
Averaged Train Loss (Regular Model): 0.0001
Averaged Test AUC: 0.9990
Std Test Accurancy: 0.0103
Std Test AUC: 0.0021
------------------------- time cost ------------------------- 18.059707403182983

-------------Round number: 72-------------

Evaluate heterogeneous models
Averaged Test Accuracy (Regular Model): 0.9899
Averaged Train Loss (Regular Model): 0.0001
Averaged Test AUC: 0.9990
Std Test Accurancy: 0.0103
Std Test AUC: 0.0021
------------------------- time cost ------------------------- 17.513752698898315

-------------Round number: 73-------------

Evaluate heterogeneous models
Averaged Test Accuracy (Regular Model): 0.9898
Averaged Train Loss (Regular Model): 0.0001
Averaged Test AUC: 0.9990
Std Test Accurancy: 0.0103
Std Test AUC: 0.0021
------------------------- time cost ------------------------- 17.27436351776123

-------------Round number: 74-------------

Evaluate heterogeneous models
Averaged Test Accuracy (Regular Model): 0.9898
Averaged Train Loss (Regular Model): 0.0001
Averaged Test AUC: 0.9990
Std Test Accurancy: 0.0103
Std Test AUC: 0.0021
------------------------- time cost ------------------------- 17.577889442443848

-------------Round number: 75-------------

Evaluate heterogeneous models
Averaged Test Accuracy (Regular Model): 0.9899
Averaged Train Loss (Regular Model): 0.0001
Averaged Test AUC: 0.9990
Std Test Accurancy: 0.0103
Std Test AUC: 0.0021
------------------------- time cost ------------------------- 17.23646354675293

-------------Round number: 76-------------

Evaluate heterogeneous models
Averaged Test Accuracy (Regular Model): 0.9899
Averaged Train Loss (Regular Model): 0.0001
Averaged Test AUC: 0.9990
Std Test Accurancy: 0.0103
Std Test AUC: 0.0021
------------------------- time cost ------------------------- 17.395132780075073

-------------Round number: 77-------------

Evaluate heterogeneous models
Averaged Test Accuracy (Regular Model): 0.9899
Averaged Train Loss (Regular Model): 0.0001
Averaged Test AUC: 0.9990
Std Test Accurancy: 0.0103
Std Test AUC: 0.0021
------------------------- time cost ------------------------- 15.591341495513916

-------------Round number: 78-------------

Evaluate heterogeneous models
Averaged Test Accuracy (Regular Model): 0.9899
Averaged Train Loss (Regular Model): 0.0001
Averaged Test AUC: 0.9990
Std Test Accurancy: 0.0103
Std Test AUC: 0.0021
------------------------- time cost ------------------------- 16.7413592338562

-------------Round number: 79-------------

Evaluate heterogeneous models
Averaged Test Accuracy (Regular Model): 0.9899
Averaged Train Loss (Regular Model): 0.0001
Averaged Test AUC: 0.9990
Std Test Accurancy: 0.0103
Std Test AUC: 0.0021
------------------------- time cost ------------------------- 16.635261058807373

-------------Round number: 80-------------

Evaluate heterogeneous models
Averaged Test Accuracy (Regular Model): 0.9899
Averaged Train Loss (Regular Model): 0.0001
Averaged Test AUC: 0.9990
Std Test Accurancy: 0.0103
Std Test AUC: 0.0021
------------------------- time cost ------------------------- 16.76160430908203

-------------Round number: 81-------------

Evaluate heterogeneous models
Averaged Test Accuracy (Regular Model): 0.9899
Averaged Train Loss (Regular Model): 0.0001
Averaged Test AUC: 0.9990
Std Test Accurancy: 0.0103
Std Test AUC: 0.0021
------------------------- time cost ------------------------- 16.590594053268433

-------------Round number: 82-------------

Evaluate heterogeneous models
Averaged Test Accuracy (Regular Model): 0.9899
Averaged Train Loss (Regular Model): 0.0001
Averaged Test AUC: 0.9990
Std Test Accurancy: 0.0103
Std Test AUC: 0.0021
------------------------- time cost ------------------------- 16.648186922073364

-------------Round number: 83-------------

Evaluate heterogeneous models
Averaged Test Accuracy (Regular Model): 0.9899
Averaged Train Loss (Regular Model): 0.0001
Averaged Test AUC: 0.9990
Std Test Accurancy: 0.0103
Std Test AUC: 0.0021
------------------------- time cost ------------------------- 17.715105295181274

-------------Round number: 84-------------

Evaluate heterogeneous models
Averaged Test Accuracy (Regular Model): 0.9899
Averaged Train Loss (Regular Model): 0.0001
Averaged Test AUC: 0.9990
Std Test Accurancy: 0.0103
Std Test AUC: 0.0021
------------------------- time cost ------------------------- 16.842885971069336

-------------Round number: 85-------------

Evaluate heterogeneous models
Averaged Test Accuracy (Regular Model): 0.9899
Averaged Train Loss (Regular Model): 0.0001
Averaged Test AUC: 0.9990
Std Test Accurancy: 0.0103
Std Test AUC: 0.0021
------------------------- time cost ------------------------- 16.52525520324707

-------------Round number: 86-------------

Evaluate heterogeneous models
Averaged Test Accuracy (Regular Model): 0.9899
Averaged Train Loss (Regular Model): 0.0001
Averaged Test AUC: 0.9990
Std Test Accurancy: 0.0103
Std Test AUC: 0.0021
------------------------- time cost ------------------------- 16.71373224258423

-------------Round number: 87-------------

Evaluate heterogeneous models
Averaged Test Accuracy (Regular Model): 0.9899
Averaged Train Loss (Regular Model): 0.0001
Averaged Test AUC: 0.9990
Std Test Accurancy: 0.0103
Std Test AUC: 0.0021
------------------------- time cost ------------------------- 16.41261053085327

-------------Round number: 88-------------

Evaluate heterogeneous models
Averaged Test Accuracy (Regular Model): 0.9899
Averaged Train Loss (Regular Model): 0.0001
Averaged Test AUC: 0.9990
Std Test Accurancy: 0.0103
Std Test AUC: 0.0021
------------------------- time cost ------------------------- 17.015358209609985

-------------Round number: 89-------------

Evaluate heterogeneous models
Averaged Test Accuracy (Regular Model): 0.9899
Averaged Train Loss (Regular Model): 0.0001
Averaged Test AUC: 0.9990
Std Test Accurancy: 0.0103
Std Test AUC: 0.0021
------------------------- time cost ------------------------- 16.7046320438385

-------------Round number: 90-------------

Evaluate heterogeneous models
Averaged Test Accuracy (Regular Model): 0.9899
Averaged Train Loss (Regular Model): 0.0001
Averaged Test AUC: 0.9990
Std Test Accurancy: 0.0103
Std Test AUC: 0.0021
------------------------- time cost ------------------------- 17.458658933639526

-------------Round number: 91-------------

Evaluate heterogeneous models
Averaged Test Accuracy (Regular Model): 0.9899
Averaged Train Loss (Regular Model): 0.0001
Averaged Test AUC: 0.9990
Std Test Accurancy: 0.0103
Std Test AUC: 0.0021
------------------------- time cost ------------------------- 16.980326175689697

-------------Round number: 92-------------

Evaluate heterogeneous models
Averaged Test Accuracy (Regular Model): 0.9899
Averaged Train Loss (Regular Model): 0.0001
Averaged Test AUC: 0.9990
Std Test Accurancy: 0.0103
Std Test AUC: 0.0021
------------------------- time cost ------------------------- 17.156771898269653

-------------Round number: 93-------------

Evaluate heterogeneous models
Averaged Test Accuracy (Regular Model): 0.9899
Averaged Train Loss (Regular Model): 0.0001
Averaged Test AUC: 0.9990
Std Test Accurancy: 0.0103
Std Test AUC: 0.0021
------------------------- time cost ------------------------- 16.997896432876587

-------------Round number: 94-------------

Evaluate heterogeneous models
Averaged Test Accuracy (Regular Model): 0.9898
Averaged Train Loss (Regular Model): 0.0001
Averaged Test AUC: 0.9990
Std Test Accurancy: 0.0105
Std Test AUC: 0.0020
------------------------- time cost ------------------------- 17.160763025283813

-------------Round number: 95-------------

Evaluate heterogeneous models
Averaged Test Accuracy (Regular Model): 0.9899
Averaged Train Loss (Regular Model): 0.0001
Averaged Test AUC: 0.9990
Std Test Accurancy: 0.0103
Std Test AUC: 0.0020
------------------------- time cost ------------------------- 17.46314001083374

-------------Round number: 96-------------

Evaluate heterogeneous models
Averaged Test Accuracy (Regular Model): 0.9898
Averaged Train Loss (Regular Model): 0.0001
Averaged Test AUC: 0.9990
Std Test Accurancy: 0.0105
Std Test AUC: 0.0020
------------------------- time cost ------------------------- 16.367217779159546

-------------Round number: 97-------------

Evaluate heterogeneous models
Averaged Test Accuracy (Regular Model): 0.9898
Averaged Train Loss (Regular Model): 0.0001
Averaged Test AUC: 0.9990
Std Test Accurancy: 0.0105
Std Test AUC: 0.0020
------------------------- time cost ------------------------- 17.681548833847046

-------------Round number: 98-------------

Evaluate heterogeneous models
Averaged Test Accuracy (Regular Model): 0.9898
Averaged Train Loss (Regular Model): 0.0001
Averaged Test AUC: 0.9990
Std Test Accurancy: 0.0105
Std Test AUC: 0.0020
------------------------- time cost ------------------------- 17.281389951705933

-------------Round number: 99-------------

Evaluate heterogeneous models
Averaged Test Accuracy (Regular Model): 0.9898
Averaged Train Loss (Regular Model): 0.0001
Averaged Test AUC: 0.9990
Std Test Accurancy: 0.0105
Std Test AUC: 0.0020
------------------------- time cost ------------------------- 18.075981616973877

-------------Round number: 100-------------

Evaluate heterogeneous models
Averaged Test Accuracy (Regular Model): 0.9898
Averaged Train Loss (Regular Model): 0.0001
Averaged Test AUC: 0.9990
Std Test Accurancy: 0.0105
Std Test AUC: 0.0020
------------------------- time cost ------------------------- 17.828354358673096

-------------Round number: 101-------------

Evaluate heterogeneous models
Averaged Test Accuracy (Regular Model): 0.9898
Averaged Train Loss (Regular Model): 0.0001
Averaged Test AUC: 0.9990
Std Test Accurancy: 0.0105
Std Test AUC: 0.0020
------------------------- time cost ------------------------- 16.242849349975586

-------------Round number: 102-------------

Evaluate heterogeneous models
Averaged Test Accuracy (Regular Model): 0.9898
Averaged Train Loss (Regular Model): 0.0001
Averaged Test AUC: 0.9990
Std Test Accurancy: 0.0105
Std Test AUC: 0.0020
------------------------- time cost ------------------------- 17.313987493515015

-------------Round number: 103-------------

Evaluate heterogeneous models
Averaged Test Accuracy (Regular Model): 0.9899
Averaged Train Loss (Regular Model): 0.0001
Averaged Test AUC: 0.9990
Std Test Accurancy: 0.0105
Std Test AUC: 0.0020
------------------------- time cost ------------------------- 17.198131561279297

-------------Round number: 104-------------

Evaluate heterogeneous models
Averaged Test Accuracy (Regular Model): 0.9898
Averaged Train Loss (Regular Model): 0.0001
Averaged Test AUC: 0.9990
Std Test Accurancy: 0.0105
Std Test AUC: 0.0020
------------------------- time cost ------------------------- 17.26177716255188

-------------Round number: 105-------------

Evaluate heterogeneous models
Averaged Test Accuracy (Regular Model): 0.9898
Averaged Train Loss (Regular Model): 0.0001
Averaged Test AUC: 0.9990
Std Test Accurancy: 0.0105
Std Test AUC: 0.0020
------------------------- time cost ------------------------- 17.062642335891724

-------------Round number: 106-------------

Evaluate heterogeneous models
Averaged Test Accuracy (Regular Model): 0.9899
Averaged Train Loss (Regular Model): 0.0001
Averaged Test AUC: 0.9990
Std Test Accurancy: 0.0105
Std Test AUC: 0.0020
------------------------- time cost ------------------------- 15.815897226333618

-------------Round number: 107-------------

Evaluate heterogeneous models
Averaged Test Accuracy (Regular Model): 0.9898
Averaged Train Loss (Regular Model): 0.0001
Averaged Test AUC: 0.9990
Std Test Accurancy: 0.0105
Std Test AUC: 0.0020
------------------------- time cost ------------------------- 17.254688024520874

-------------Round number: 108-------------

Evaluate heterogeneous models
Averaged Test Accuracy (Regular Model): 0.9898
Averaged Train Loss (Regular Model): 0.0001
Averaged Test AUC: 0.9990
Std Test Accurancy: 0.0105
Std Test AUC: 0.0020
------------------------- time cost ------------------------- 17.405360460281372

-------------Round number: 109-------------

Evaluate heterogeneous models
Averaged Test Accuracy (Regular Model): 0.9899
Averaged Train Loss (Regular Model): 0.0001
Averaged Test AUC: 0.9990
Std Test Accurancy: 0.0105
Std Test AUC: 0.0020
------------------------- time cost ------------------------- 17.712491273880005

-------------Round number: 110-------------

Evaluate heterogeneous models
Averaged Test Accuracy (Regular Model): 0.9899
Averaged Train Loss (Regular Model): 0.0001
Averaged Test AUC: 0.9990
Std Test Accurancy: 0.0105
Std Test AUC: 0.0020
------------------------- time cost ------------------------- 17.50658345222473

-------------Round number: 111-------------

Evaluate heterogeneous models
Averaged Test Accuracy (Regular Model): 0.9899
Averaged Train Loss (Regular Model): 0.0001
Averaged Test AUC: 0.9990
Std Test Accurancy: 0.0105
Std Test AUC: 0.0020
------------------------- time cost ------------------------- 17.47604274749756

-------------Round number: 112-------------

Evaluate heterogeneous models
Averaged Test Accuracy (Regular Model): 0.9898
Averaged Train Loss (Regular Model): 0.0001
Averaged Test AUC: 0.9990
Std Test Accurancy: 0.0105
Std Test AUC: 0.0020
------------------------- time cost ------------------------- 17.366044521331787

-------------Round number: 113-------------

Evaluate heterogeneous models
Averaged Test Accuracy (Regular Model): 0.9899
Averaged Train Loss (Regular Model): 0.0001
Averaged Test AUC: 0.9990
Std Test Accurancy: 0.0105
Std Test AUC: 0.0020
------------------------- time cost ------------------------- 17.502206563949585

-------------Round number: 114-------------

Evaluate heterogeneous models
Averaged Test Accuracy (Regular Model): 0.9898
Averaged Train Loss (Regular Model): 0.0001
Averaged Test AUC: 0.9990
Std Test Accurancy: 0.0105
Std Test AUC: 0.0020
------------------------- time cost ------------------------- 17.274404764175415

-------------Round number: 115-------------

Evaluate heterogeneous models
Averaged Test Accuracy (Regular Model): 0.9899
Averaged Train Loss (Regular Model): 0.0001
Averaged Test AUC: 0.9990
Std Test Accurancy: 0.0105
Std Test AUC: 0.0020
------------------------- time cost ------------------------- 17.64247751235962

-------------Round number: 116-------------

Evaluate heterogeneous models
Averaged Test Accuracy (Regular Model): 0.9899
Averaged Train Loss (Regular Model): 0.0000
Averaged Test AUC: 0.9990
Std Test Accurancy: 0.0105
Std Test AUC: 0.0020
------------------------- time cost ------------------------- 16.402019500732422

-------------Round number: 117-------------

Evaluate heterogeneous models
Averaged Test Accuracy (Regular Model): 0.9898
Averaged Train Loss (Regular Model): 0.0001
Averaged Test AUC: 0.9990
Std Test Accurancy: 0.0105
Std Test AUC: 0.0020
------------------------- time cost ------------------------- 16.29158663749695

-------------Round number: 118-------------

Evaluate heterogeneous models
Averaged Test Accuracy (Regular Model): 0.9899
Averaged Train Loss (Regular Model): 0.0001
Averaged Test AUC: 0.9990
Std Test Accurancy: 0.0105
Std Test AUC: 0.0020
------------------------- time cost ------------------------- 17.23395013809204

-------------Round number: 119-------------

Evaluate heterogeneous models
Averaged Test Accuracy (Regular Model): 0.9898
Averaged Train Loss (Regular Model): 0.0000
Averaged Test AUC: 0.9990
Std Test Accurancy: 0.0105
Std Test AUC: 0.0020
------------------------- time cost ------------------------- 17.471441507339478

-------------Round number: 120-------------

Evaluate heterogeneous models
Averaged Test Accuracy (Regular Model): 0.9899
Averaged Train Loss (Regular Model): 0.0000
Averaged Test AUC: 0.9990
Std Test Accurancy: 0.0105
Std Test AUC: 0.0020
------------------------- time cost ------------------------- 17.43360137939453

-------------Round number: 121-------------

Evaluate heterogeneous models
Averaged Test Accuracy (Regular Model): 0.9899
Averaged Train Loss (Regular Model): 0.0000
Averaged Test AUC: 0.9990
Std Test Accurancy: 0.0105
Std Test AUC: 0.0020
------------------------- time cost ------------------------- 17.794904470443726

-------------Round number: 122-------------

Evaluate heterogeneous models
Averaged Test Accuracy (Regular Model): 0.9898
Averaged Train Loss (Regular Model): 0.0000
Averaged Test AUC: 0.9990
Std Test Accurancy: 0.0105
Std Test AUC: 0.0020
------------------------- time cost ------------------------- 16.833393812179565

-------------Round number: 123-------------

Evaluate heterogeneous models
Averaged Test Accuracy (Regular Model): 0.9899
Averaged Train Loss (Regular Model): 0.0000
Averaged Test AUC: 0.9990
Std Test Accurancy: 0.0105
Std Test AUC: 0.0020
------------------------- time cost ------------------------- 17.213760137557983

-------------Round number: 124-------------

Evaluate heterogeneous models
Averaged Test Accuracy (Regular Model): 0.9899
Averaged Train Loss (Regular Model): 0.0000
Averaged Test AUC: 0.9990
Std Test Accurancy: 0.0105
Std Test AUC: 0.0020
------------------------- time cost ------------------------- 17.118915557861328

-------------Round number: 125-------------

Evaluate heterogeneous models
Averaged Test Accuracy (Regular Model): 0.9899
Averaged Train Loss (Regular Model): 0.0000
Averaged Test AUC: 0.9990
Std Test Accurancy: 0.0105
Std Test AUC: 0.0020
------------------------- time cost ------------------------- 17.140929698944092

-------------Round number: 126-------------

Evaluate heterogeneous models
Averaged Test Accuracy (Regular Model): 0.9899
Averaged Train Loss (Regular Model): 0.0000
Averaged Test AUC: 0.9990
Std Test Accurancy: 0.0105
Std Test AUC: 0.0020
------------------------- time cost ------------------------- 17.14520502090454

-------------Round number: 127-------------

Evaluate heterogeneous models
Averaged Test Accuracy (Regular Model): 0.9899
Averaged Train Loss (Regular Model): 0.0000
Averaged Test AUC: 0.9990
Std Test Accurancy: 0.0105
Std Test AUC: 0.0020
------------------------- time cost ------------------------- 17.158051252365112

-------------Round number: 128-------------

Evaluate heterogeneous models
Averaged Test Accuracy (Regular Model): 0.9899
Averaged Train Loss (Regular Model): 0.0000
Averaged Test AUC: 0.9990
Std Test Accurancy: 0.0105
Std Test AUC: 0.0020
------------------------- time cost ------------------------- 17.184204578399658

-------------Round number: 129-------------

Evaluate heterogeneous models
Averaged Test Accuracy (Regular Model): 0.9899
Averaged Train Loss (Regular Model): 0.0000
Averaged Test AUC: 0.9990
Std Test Accurancy: 0.0105
Std Test AUC: 0.0020
------------------------- time cost ------------------------- 16.939616918563843

-------------Round number: 130-------------

Evaluate heterogeneous models
Averaged Test Accuracy (Regular Model): 0.9899
Averaged Train Loss (Regular Model): 0.0000
Averaged Test AUC: 0.9990
Std Test Accurancy: 0.0105
Std Test AUC: 0.0020
------------------------- time cost ------------------------- 17.091235160827637

-------------Round number: 131-------------

Evaluate heterogeneous models
Averaged Test Accuracy (Regular Model): 0.9899
Averaged Train Loss (Regular Model): 0.0000
Averaged Test AUC: 0.9990
Std Test Accurancy: 0.0105
Std Test AUC: 0.0020
------------------------- time cost ------------------------- 15.574902772903442

-------------Round number: 132-------------

Evaluate heterogeneous models
Averaged Test Accuracy (Regular Model): 0.9898
Averaged Train Loss (Regular Model): 0.0000
Averaged Test AUC: 0.9990
Std Test Accurancy: 0.0105
Std Test AUC: 0.0020
------------------------- time cost ------------------------- 17.236904859542847

-------------Round number: 133-------------

Evaluate heterogeneous models
Averaged Test Accuracy (Regular Model): 0.9899
Averaged Train Loss (Regular Model): 0.0000
Averaged Test AUC: 0.9990
Std Test Accurancy: 0.0105
Std Test AUC: 0.0020
------------------------- time cost ------------------------- 17.162462949752808

-------------Round number: 134-------------

Evaluate heterogeneous models
Averaged Test Accuracy (Regular Model): 0.9899
Averaged Train Loss (Regular Model): 0.0000
Averaged Test AUC: 0.9990
Std Test Accurancy: 0.0105
Std Test AUC: 0.0020
------------------------- time cost ------------------------- 17.16256833076477

-------------Round number: 135-------------

Evaluate heterogeneous models
Averaged Test Accuracy (Regular Model): 0.9899
Averaged Train Loss (Regular Model): 0.0000
Averaged Test AUC: 0.9990
Std Test Accurancy: 0.0105
Std Test AUC: 0.0020
------------------------- time cost ------------------------- 16.74728226661682

-------------Round number: 136-------------

Evaluate heterogeneous models
Averaged Test Accuracy (Regular Model): 0.9898
Averaged Train Loss (Regular Model): 0.0000
Averaged Test AUC: 0.9990
Std Test Accurancy: 0.0105
Std Test AUC: 0.0020
------------------------- time cost ------------------------- 16.966519117355347

-------------Round number: 137-------------

Evaluate heterogeneous models
Averaged Test Accuracy (Regular Model): 0.9898
Averaged Train Loss (Regular Model): 0.0000
Averaged Test AUC: 0.9990
Std Test Accurancy: 0.0105
Std Test AUC: 0.0020
------------------------- time cost ------------------------- 17.649428129196167

-------------Round number: 138-------------

Evaluate heterogeneous models
Averaged Test Accuracy (Regular Model): 0.9898
Averaged Train Loss (Regular Model): 0.0000
Averaged Test AUC: 0.9990
Std Test Accurancy: 0.0105
Std Test AUC: 0.0020
------------------------- time cost ------------------------- 17.180121898651123

-------------Round number: 139-------------

Evaluate heterogeneous models
Averaged Test Accuracy (Regular Model): 0.9898
Averaged Train Loss (Regular Model): 0.0001
Averaged Test AUC: 0.9990
Std Test Accurancy: 0.0105
Std Test AUC: 0.0020
------------------------- time cost ------------------------- 16.9953830242157

-------------Round number: 140-------------

Evaluate heterogeneous models
Averaged Test Accuracy (Regular Model): 0.9899
Averaged Train Loss (Regular Model): 0.0000
Averaged Test AUC: 0.9990
Std Test Accurancy: 0.0105
Std Test AUC: 0.0020
------------------------- time cost ------------------------- 17.204429388046265

-------------Round number: 141-------------

Evaluate heterogeneous models
Averaged Test Accuracy (Regular Model): 0.9899
Averaged Train Loss (Regular Model): 0.0000
Averaged Test AUC: 0.9990
Std Test Accurancy: 0.0105
Std Test AUC: 0.0020
------------------------- time cost ------------------------- 17.22195553779602

-------------Round number: 142-------------

Evaluate heterogeneous models
Averaged Test Accuracy (Regular Model): 0.9898
Averaged Train Loss (Regular Model): 0.0000
Averaged Test AUC: 0.9990
Std Test Accurancy: 0.0105
Std Test AUC: 0.0020
------------------------- time cost ------------------------- 16.601211309432983

-------------Round number: 143-------------

Evaluate heterogeneous models
Averaged Test Accuracy (Regular Model): 0.9899
Averaged Train Loss (Regular Model): 0.0000
Averaged Test AUC: 0.9990
Std Test Accurancy: 0.0105
Std Test AUC: 0.0020
------------------------- time cost ------------------------- 16.256306409835815

-------------Round number: 144-------------

Evaluate heterogeneous models
Averaged Test Accuracy (Regular Model): 0.9899
Averaged Train Loss (Regular Model): 0.0000
Averaged Test AUC: 0.9990
Std Test Accurancy: 0.0105
Std Test AUC: 0.0020
------------------------- time cost ------------------------- 16.13164782524109

-------------Round number: 145-------------

Evaluate heterogeneous models
Averaged Test Accuracy (Regular Model): 0.9899
Averaged Train Loss (Regular Model): 0.0000
Averaged Test AUC: 0.9990
Std Test Accurancy: 0.0105
Std Test AUC: 0.0020
------------------------- time cost ------------------------- 15.613706350326538

-------------Round number: 146-------------

Evaluate heterogeneous models
Averaged Test Accuracy (Regular Model): 0.9898
Averaged Train Loss (Regular Model): 0.0000
Averaged Test AUC: 0.9990
Std Test Accurancy: 0.0105
Std Test AUC: 0.0020
------------------------- time cost ------------------------- 16.804879665374756

-------------Round number: 147-------------

Evaluate heterogeneous models
Averaged Test Accuracy (Regular Model): 0.9899
Averaged Train Loss (Regular Model): 0.0000
Averaged Test AUC: 0.9990
Std Test Accurancy: 0.0105
Std Test AUC: 0.0020
------------------------- time cost ------------------------- 17.37903070449829

-------------Round number: 148-------------

Evaluate heterogeneous models
Averaged Test Accuracy (Regular Model): 0.9898
Averaged Train Loss (Regular Model): 0.0000
Averaged Test AUC: 0.9990
Std Test Accurancy: 0.0105
Std Test AUC: 0.0020
------------------------- time cost ------------------------- 17.27301788330078

-------------Round number: 149-------------

Evaluate heterogeneous models
Averaged Test Accuracy (Regular Model): 0.9898
Averaged Train Loss (Regular Model): 0.0000
Averaged Test AUC: 0.9990
Std Test Accurancy: 0.0105
Std Test AUC: 0.0020
------------------------- time cost ------------------------- 15.628397703170776

-------------Round number: 150-------------

Evaluate heterogeneous models
Averaged Test Accuracy (Regular Model): 0.9899
Averaged Train Loss (Regular Model): 0.0000
Averaged Test AUC: 0.9990
Std Test Accurancy: 0.0105
Std Test AUC: 0.0020
------------------------- time cost ------------------------- 16.252126216888428

-------------Round number: 151-------------

Evaluate heterogeneous models
Averaged Test Accuracy (Regular Model): 0.9898
Averaged Train Loss (Regular Model): 0.0000
Averaged Test AUC: 0.9990
Std Test Accurancy: 0.0105
Std Test AUC: 0.0020
------------------------- time cost ------------------------- 18.73403239250183

-------------Round number: 152-------------

Evaluate heterogeneous models
Averaged Test Accuracy (Regular Model): 0.9898
Averaged Train Loss (Regular Model): 0.0000
Averaged Test AUC: 0.9990
Std Test Accurancy: 0.0105
Std Test AUC: 0.0020
------------------------- time cost ------------------------- 16.96914267539978

-------------Round number: 153-------------

Evaluate heterogeneous models
Averaged Test Accuracy (Regular Model): 0.9899
Averaged Train Loss (Regular Model): 0.0000
Averaged Test AUC: 0.9990
Std Test Accurancy: 0.0105
Std Test AUC: 0.0020
------------------------- time cost ------------------------- 16.621604919433594

-------------Round number: 154-------------

Evaluate heterogeneous models
Averaged Test Accuracy (Regular Model): 0.9898
Averaged Train Loss (Regular Model): 0.0000
Averaged Test AUC: 0.9990
Std Test Accurancy: 0.0105
Std Test AUC: 0.0020
------------------------- time cost ------------------------- 16.615874767303467

-------------Round number: 155-------------

Evaluate heterogeneous models
Averaged Test Accuracy (Regular Model): 0.9899
Averaged Train Loss (Regular Model): 0.0000
Averaged Test AUC: 0.9990
Std Test Accurancy: 0.0105
Std Test AUC: 0.0020
------------------------- time cost ------------------------- 17.203091621398926

-------------Round number: 156-------------

Evaluate heterogeneous models
Averaged Test Accuracy (Regular Model): 0.9899
Averaged Train Loss (Regular Model): 0.0000
Averaged Test AUC: 0.9990
Std Test Accurancy: 0.0105
Std Test AUC: 0.0020
------------------------- time cost ------------------------- 15.950005531311035

-------------Round number: 157-------------

Evaluate heterogeneous models
Averaged Test Accuracy (Regular Model): 0.9898
Averaged Train Loss (Regular Model): 0.0000
Averaged Test AUC: 0.9990
Std Test Accurancy: 0.0105
Std Test AUC: 0.0020
------------------------- time cost ------------------------- 17.525360345840454

-------------Round number: 158-------------

Evaluate heterogeneous models
Averaged Test Accuracy (Regular Model): 0.9898
Averaged Train Loss (Regular Model): 0.0000
Averaged Test AUC: 0.9990
Std Test Accurancy: 0.0105
Std Test AUC: 0.0020
------------------------- time cost ------------------------- 16.862471342086792

-------------Round number: 159-------------

Evaluate heterogeneous models
Averaged Test Accuracy (Regular Model): 0.9898
Averaged Train Loss (Regular Model): 0.0000
Averaged Test AUC: 0.9990
Std Test Accurancy: 0.0105
Std Test AUC: 0.0020
------------------------- time cost ------------------------- 15.356459856033325

-------------Round number: 160-------------

Evaluate heterogeneous models
Averaged Test Accuracy (Regular Model): 0.9899
Averaged Train Loss (Regular Model): 0.0000
Averaged Test AUC: 0.9990
Std Test Accurancy: 0.0105
Std Test AUC: 0.0020
------------------------- time cost ------------------------- 17.62624478340149

-------------Round number: 161-------------

Evaluate heterogeneous models
Averaged Test Accuracy (Regular Model): 0.9898
Averaged Train Loss (Regular Model): 0.0000
Averaged Test AUC: 0.9990
Std Test Accurancy: 0.0105
Std Test AUC: 0.0020
------------------------- time cost ------------------------- 17.21703600883484

-------------Round number: 162-------------

Evaluate heterogeneous models
Averaged Test Accuracy (Regular Model): 0.9899
Averaged Train Loss (Regular Model): 0.0000
Averaged Test AUC: 0.9990
Std Test Accurancy: 0.0105
Std Test AUC: 0.0020
------------------------- time cost ------------------------- 16.716468572616577

-------------Round number: 163-------------

Evaluate heterogeneous models
Averaged Test Accuracy (Regular Model): 0.9898
Averaged Train Loss (Regular Model): 0.0000
Averaged Test AUC: 0.9990
Std Test Accurancy: 0.0105
Std Test AUC: 0.0020
------------------------- time cost ------------------------- 16.42855978012085

-------------Round number: 164-------------

Evaluate heterogeneous models
Averaged Test Accuracy (Regular Model): 0.9898
Averaged Train Loss (Regular Model): 0.0000
Averaged Test AUC: 0.9990
Std Test Accurancy: 0.0105
Std Test AUC: 0.0020
------------------------- time cost ------------------------- 14.816681385040283

-------------Round number: 165-------------

Evaluate heterogeneous models
Averaged Test Accuracy (Regular Model): 0.9898
Averaged Train Loss (Regular Model): 0.0000
Averaged Test AUC: 0.9990
Std Test Accurancy: 0.0105
Std Test AUC: 0.0020
------------------------- time cost ------------------------- 17.253556728363037

-------------Round number: 166-------------

Evaluate heterogeneous models
Averaged Test Accuracy (Regular Model): 0.9898
Averaged Train Loss (Regular Model): 0.0000
Averaged Test AUC: 0.9990
Std Test Accurancy: 0.0105
Std Test AUC: 0.0020
------------------------- time cost ------------------------- 16.82929515838623

-------------Round number: 167-------------

Evaluate heterogeneous models
Averaged Test Accuracy (Regular Model): 0.9898
Averaged Train Loss (Regular Model): 0.0000
Averaged Test AUC: 0.9990
Std Test Accurancy: 0.0105
Std Test AUC: 0.0020
------------------------- time cost ------------------------- 17.191535472869873

-------------Round number: 168-------------

Evaluate heterogeneous models
Averaged Test Accuracy (Regular Model): 0.9898
Averaged Train Loss (Regular Model): 0.0000
Averaged Test AUC: 0.9990
Std Test Accurancy: 0.0105
Std Test AUC: 0.0020
------------------------- time cost ------------------------- 17.40140676498413

-------------Round number: 169-------------

Evaluate heterogeneous models
Averaged Test Accuracy (Regular Model): 0.9898
Averaged Train Loss (Regular Model): 0.0000
Averaged Test AUC: 0.9990
Std Test Accurancy: 0.0105
Std Test AUC: 0.0020
------------------------- time cost ------------------------- 16.87472915649414

-------------Round number: 170-------------

Evaluate heterogeneous models
Averaged Test Accuracy (Regular Model): 0.9898
Averaged Train Loss (Regular Model): 0.0000
Averaged Test AUC: 0.9990
Std Test Accurancy: 0.0105
Std Test AUC: 0.0020
------------------------- time cost ------------------------- 17.13820219039917

-------------Round number: 171-------------

Evaluate heterogeneous models
Averaged Test Accuracy (Regular Model): 0.9898
Averaged Train Loss (Regular Model): 0.0000
Averaged Test AUC: 0.9990
Std Test Accurancy: 0.0105
Std Test AUC: 0.0020
------------------------- time cost ------------------------- 17.161344289779663

-------------Round number: 172-------------

Evaluate heterogeneous models
Averaged Test Accuracy (Regular Model): 0.9898
Averaged Train Loss (Regular Model): 0.0000
Averaged Test AUC: 0.9990
Std Test Accurancy: 0.0105
Std Test AUC: 0.0020
------------------------- time cost ------------------------- 16.953059434890747

-------------Round number: 173-------------

Evaluate heterogeneous models
Averaged Test Accuracy (Regular Model): 0.9898
Averaged Train Loss (Regular Model): 0.0000
Averaged Test AUC: 0.9990
Std Test Accurancy: 0.0105
Std Test AUC: 0.0020
------------------------- time cost ------------------------- 17.303149223327637

-------------Round number: 174-------------

Evaluate heterogeneous models
Averaged Test Accuracy (Regular Model): 0.9899
Averaged Train Loss (Regular Model): 0.0000
Averaged Test AUC: 0.9990
Std Test Accurancy: 0.0105
Std Test AUC: 0.0020
------------------------- time cost ------------------------- 16.973608016967773

-------------Round number: 175-------------

Evaluate heterogeneous models
Averaged Test Accuracy (Regular Model): 0.9899
Averaged Train Loss (Regular Model): 0.0000
Averaged Test AUC: 0.9990
Std Test Accurancy: 0.0105
Std Test AUC: 0.0020
------------------------- time cost ------------------------- 16.78156590461731

-------------Round number: 176-------------

Evaluate heterogeneous models
Averaged Test Accuracy (Regular Model): 0.9899
Averaged Train Loss (Regular Model): 0.0000
Averaged Test AUC: 0.9990
Std Test Accurancy: 0.0105
Std Test AUC: 0.0020
------------------------- time cost ------------------------- 15.029996156692505

-------------Round number: 177-------------

Evaluate heterogeneous models
Averaged Test Accuracy (Regular Model): 0.9899
Averaged Train Loss (Regular Model): 0.0000
Averaged Test AUC: 0.9990
Std Test Accurancy: 0.0105
Std Test AUC: 0.0020
------------------------- time cost ------------------------- 17.39308500289917

-------------Round number: 178-------------

Evaluate heterogeneous models
Averaged Test Accuracy (Regular Model): 0.9899
Averaged Train Loss (Regular Model): 0.0000
Averaged Test AUC: 0.9990
Std Test Accurancy: 0.0105
Std Test AUC: 0.0020
------------------------- time cost ------------------------- 17.658535718917847

-------------Round number: 179-------------

Evaluate heterogeneous models
Averaged Test Accuracy (Regular Model): 0.9899
Averaged Train Loss (Regular Model): 0.0000
Averaged Test AUC: 0.9990
Std Test Accurancy: 0.0105
Std Test AUC: 0.0020
------------------------- time cost ------------------------- 17.430007457733154

-------------Round number: 180-------------

Evaluate heterogeneous models
Averaged Test Accuracy (Regular Model): 0.9899
Averaged Train Loss (Regular Model): 0.0000
Averaged Test AUC: 0.9990
Std Test Accurancy: 0.0105
Std Test AUC: 0.0020
------------------------- time cost ------------------------- 17.891571521759033

-------------Round number: 181-------------

Evaluate heterogeneous models
Averaged Test Accuracy (Regular Model): 0.9899
Averaged Train Loss (Regular Model): 0.0000
Averaged Test AUC: 0.9990
Std Test Accurancy: 0.0105
Std Test AUC: 0.0020
------------------------- time cost ------------------------- 16.920827865600586

-------------Round number: 182-------------

Evaluate heterogeneous models
Averaged Test Accuracy (Regular Model): 0.9899
Averaged Train Loss (Regular Model): 0.0000
Averaged Test AUC: 0.9990
Std Test Accurancy: 0.0105
Std Test AUC: 0.0020
------------------------- time cost ------------------------- 17.60919213294983

-------------Round number: 183-------------

Evaluate heterogeneous models
Averaged Test Accuracy (Regular Model): 0.9899
Averaged Train Loss (Regular Model): 0.0000
Averaged Test AUC: 0.9990
Std Test Accurancy: 0.0105
Std Test AUC: 0.0020
------------------------- time cost ------------------------- 17.613972425460815

-------------Round number: 184-------------

Evaluate heterogeneous models
Averaged Test Accuracy (Regular Model): 0.9899
Averaged Train Loss (Regular Model): 0.0000
Averaged Test AUC: 0.9990
Std Test Accurancy: 0.0105
Std Test AUC: 0.0020
------------------------- time cost ------------------------- 17.143232583999634

-------------Round number: 185-------------

Evaluate heterogeneous models
Averaged Test Accuracy (Regular Model): 0.9898
Averaged Train Loss (Regular Model): 0.0000
Averaged Test AUC: 0.9990
Std Test Accurancy: 0.0105
Std Test AUC: 0.0020
------------------------- time cost ------------------------- 17.006240367889404

-------------Round number: 186-------------

Evaluate heterogeneous models
Averaged Test Accuracy (Regular Model): 0.9898
Averaged Train Loss (Regular Model): 0.0000
Averaged Test AUC: 0.9990
Std Test Accurancy: 0.0105
Std Test AUC: 0.0020
------------------------- time cost ------------------------- 17.26978325843811

-------------Round number: 187-------------

Evaluate heterogeneous models
Averaged Test Accuracy (Regular Model): 0.9899
Averaged Train Loss (Regular Model): 0.0000
Averaged Test AUC: 0.9990
Std Test Accurancy: 0.0105
Std Test AUC: 0.0020
------------------------- time cost ------------------------- 17.153104782104492

-------------Round number: 188-------------

Evaluate heterogeneous models
Averaged Test Accuracy (Regular Model): 0.9899
Averaged Train Loss (Regular Model): 0.0000
Averaged Test AUC: 0.9990
Std Test Accurancy: 0.0105
Std Test AUC: 0.0020
------------------------- time cost ------------------------- 16.929096698760986

-------------Round number: 189-------------

Evaluate heterogeneous models
Averaged Test Accuracy (Regular Model): 0.9898
Averaged Train Loss (Regular Model): 0.0000
Averaged Test AUC: 0.9990
Std Test Accurancy: 0.0105
Std Test AUC: 0.0020
------------------------- time cost ------------------------- 17.335076093673706

-------------Round number: 190-------------

Evaluate heterogeneous models
Averaged Test Accuracy (Regular Model): 0.9898
Averaged Train Loss (Regular Model): 0.0000
Averaged Test AUC: 0.9990
Std Test Accurancy: 0.0105
Std Test AUC: 0.0020
------------------------- time cost ------------------------- 17.489562273025513

-------------Round number: 191-------------

Evaluate heterogeneous models
Averaged Test Accuracy (Regular Model): 0.9898
Averaged Train Loss (Regular Model): 0.0000
Averaged Test AUC: 0.9990
Std Test Accurancy: 0.0105
Std Test AUC: 0.0020
------------------------- time cost ------------------------- 16.930139303207397

-------------Round number: 192-------------

Evaluate heterogeneous models
Averaged Test Accuracy (Regular Model): 0.9899
Averaged Train Loss (Regular Model): 0.0000
Averaged Test AUC: 0.9990
Std Test Accurancy: 0.0106
Std Test AUC: 0.0020
------------------------- time cost ------------------------- 17.24851107597351

-------------Round number: 193-------------

Evaluate heterogeneous models
Averaged Test Accuracy (Regular Model): 0.9899
Averaged Train Loss (Regular Model): 0.0000
Averaged Test AUC: 0.9990
Std Test Accurancy: 0.0106
Std Test AUC: 0.0020
------------------------- time cost ------------------------- 15.961675882339478

-------------Round number: 194-------------

Evaluate heterogeneous models
Averaged Test Accuracy (Regular Model): 0.9899
Averaged Train Loss (Regular Model): 0.0000
Averaged Test AUC: 0.9990
Std Test Accurancy: 0.0106
Std Test AUC: 0.0020
------------------------- time cost ------------------------- 17.311519145965576

-------------Round number: 195-------------

Evaluate heterogeneous models
Averaged Test Accuracy (Regular Model): 0.9899
Averaged Train Loss (Regular Model): 0.0000
Averaged Test AUC: 0.9990
Std Test Accurancy: 0.0106
Std Test AUC: 0.0020
------------------------- time cost ------------------------- 17.73173499107361

-------------Round number: 196-------------

Evaluate heterogeneous models
Averaged Test Accuracy (Regular Model): 0.9899
Averaged Train Loss (Regular Model): 0.0000
Averaged Test AUC: 0.9990
Std Test Accurancy: 0.0106
Std Test AUC: 0.0020
------------------------- time cost ------------------------- 17.552480459213257

-------------Round number: 197-------------

Evaluate heterogeneous models
Averaged Test Accuracy (Regular Model): 0.9899
Averaged Train Loss (Regular Model): 0.0000
Averaged Test AUC: 0.9990
Std Test Accurancy: 0.0106
Std Test AUC: 0.0020
------------------------- time cost ------------------------- 17.424783945083618

-------------Round number: 198-------------

Evaluate heterogeneous models
Averaged Test Accuracy (Regular Model): 0.9899
Averaged Train Loss (Regular Model): 0.0000
Averaged Test AUC: 0.9990
Std Test Accurancy: 0.0106
Std Test AUC: 0.0020
------------------------- time cost ------------------------- 17.395434856414795

-------------Round number: 199-------------

Evaluate heterogeneous models
Averaged Test Accuracy (Regular Model): 0.9899
Averaged Train Loss (Regular Model): 0.0000
Averaged Test AUC: 0.9990
Std Test Accurancy: 0.0106
Std Test AUC: 0.0020
------------------------- time cost ------------------------- 17.668450593948364

-------------Round number: 200-------------

Evaluate heterogeneous models
Averaged Test Accuracy (Regular Model): 0.9900
Averaged Train Loss (Regular Model): 0.0000
Averaged Test AUC: 0.9990
Std Test Accurancy: 0.0105
Std Test AUC: 0.0020

Best accuracy.
0.9899526174573272

Average time cost per round.
16.951818360090257
File path: ../results/MNIST_dir_0.1_imbalance_40_FedGen_test_0.h5

Average time cost: 3586.42s.
Length:  201
std for best accurancy: 0.0
mean for best accurancy: 0.9899526174573272
All done!

Storage on cpu
-------------------------------------------------------------------------------
Total Tensors: 5530 	Used Memory: 40.50K
-------------------------------------------------------------------------------

Storage on cuda:0
-------------------------------------------------------------------------------
Total Tensors: 410400 	Used Memory: 1.60M
The allocated memory on cuda:0: 1.60M
-------------------------------------------------------------------------------
