==================================================
goal = test
device = cuda
device_id = 0
dataset = FashionMNIST_dir_0.1_imbalance_40
jetson = 0
DVFS = 0
drawGMM = 0
num_classes = 10
model_family = HCNNs8
batch_size = 256
num_workers = 0
local_learning_rate = 0.06
use_decay_scheduler = False
learning_rate_decay = False
learning_rate_decay_gamma = 0.99
global_rounds = 200
edge_epochs = 1
local_epochs = 5
algorithm = FedGen
join_ratio = 1.0
edge_join_ratio = 1.0
random_join_ratio = False
num_clients = 40
num_edges = 10
prev = 0
times = 1
eval_gap = 1
save_folder_name = temp
auto_break = False
feature_dim = 512
vocab_size = 98635
max_len = 200
client_drop_rate = 0.0
train_slow_rate = 0.0
send_slow_rate = 0.0
time_select = False
time_threthold = 10000
optimizer = SGD
lamda = 1.0
weight_decay = 0
trans_delay_simulate = False
momentum = 0.8
agg_type = 0
buffersize = 10
gl_use_clients = 1
test_useglclassifier = 1
gamma = 1
extra_loss = 0
delta = 1
drawtsne = 1
drawround = 20
noise_dim = 32
generator_learning_rate = 0.0001
hidden_dim = 512
server_epochs = 100
alpha = 1.0
beta = 1.0
mentee_learning_rate = 0.005
T_start = 0.95
T_end = 0.98
server_learning_rate = 0.01
margin_threthold = 100.0
generator_path = stylegan/stylegan-xl-models/imagenet64.pkl
stable_diffusion_prompt = a cat
server_batch_size = 100
gen_batch_size = 4
mu = 50.0
buffer_size = 10
==================================================
Random seed set as 42

============= Running time: 0th =============
Creating server and clients ...
CNN(num_cov=1, hidden_dims=[], in_features=1, num_classes=args.num_classes)
CNN(num_cov=2, hidden_dims=[], in_features=1, num_classes=args.num_classes)
CNN(num_cov=1, hidden_dims=[512], in_features=1, num_classes=args.num_classes)
CNN(num_cov=2, hidden_dims=[512], in_features=1, num_classes=args.num_classes)
CNN(num_cov=1, hidden_dims=[1024], in_features=1, num_classes=args.num_classes)
CNN(num_cov=2, hidden_dims=[1024], in_features=1, num_classes=args.num_classes)
CNN(num_cov=1, hidden_dims=[1024, 512], in_features=1, num_classes=args.num_classes)
CNN(num_cov=2, hidden_dims=[1024, 512], in_features=1, num_classes=args.num_classes)
temp/FashionMNIST_dir_0.1_imbalance_40/NE_10/featuredim_512/FedGen/SGD/lr_0.06/wd_0/momentum_0.8/lbs_256/lamda_1.0/localepoch_5/buffer_10/gamma_1_usegltest_1/1736527155.0173411
CNN(num_cov=1, hidden_dims=[], in_features=1, num_classes=args.num_classes) model chosen!
id 0
label_counts: defaultdict(<class 'int'>, {7: 1486, 2: 18, 6: 1})
CNN(num_cov=2, hidden_dims=[], in_features=1, num_classes=args.num_classes) model chosen!
id 1
label_counts: defaultdict(<class 'int'>, {6: 128, 2: 23, 4: 74, 1: 141, 5: 907, 0: 64})
CNN(num_cov=1, hidden_dims=[512], in_features=1, num_classes=args.num_classes) model chosen!
id 2
label_counts: defaultdict(<class 'int'>, {3: 903, 0: 187, 2: 364})
CNN(num_cov=2, hidden_dims=[512], in_features=1, num_classes=args.num_classes) model chosen!
id 3
label_counts: defaultdict(<class 'int'>, {5: 157, 6: 498, 7: 4})
CNN(num_cov=1, hidden_dims=[1024], in_features=1, num_classes=args.num_classes) model chosen!
id 4
label_counts: defaultdict(<class 'int'>, {6: 712, 3: 83, 1: 39, 7: 11, 4: 2, 5: 2})
CNN(num_cov=2, hidden_dims=[1024], in_features=1, num_classes=args.num_classes) model chosen!
id 5
label_counts: defaultdict(<class 'int'>, {5: 1671, 0: 176, 2: 1})
CNN(num_cov=1, hidden_dims=[1024, 512], in_features=1, num_classes=args.num_classes) model chosen!
id 6
label_counts: defaultdict(<class 'int'>, {0: 185, 4: 494, 6: 351, 5: 40, 3: 10})
CNN(num_cov=2, hidden_dims=[1024, 512], in_features=1, num_classes=args.num_classes) model chosen!
id 7
label_counts: defaultdict(<class 'int'>, {8: 1071, 7: 88, 1: 11, 2: 5, 6: 1, 9: 1, 0: 1})
CNN(num_cov=1, hidden_dims=[], in_features=1, num_classes=args.num_classes) model chosen!
id 8
label_counts: defaultdict(<class 'int'>, {4: 595, 3: 633, 9: 21, 1: 2})
CNN(num_cov=2, hidden_dims=[], in_features=1, num_classes=args.num_classes) model chosen!
id 9
label_counts: defaultdict(<class 'int'>, {3: 592, 0: 983, 2: 17, 1: 1})
CNN(num_cov=1, hidden_dims=[512], in_features=1, num_classes=args.num_classes) model chosen!
id 10
label_counts: defaultdict(<class 'int'>, {8: 386, 3: 6, 2: 2, 6: 8})
CNN(num_cov=2, hidden_dims=[512], in_features=1, num_classes=args.num_classes) model chosen!
id 11
label_counts: defaultdict(<class 'int'>, {9: 280, 4: 95, 6: 1, 2: 13, 7: 3, 0: 1})
CNN(num_cov=1, hidden_dims=[1024], in_features=1, num_classes=args.num_classes) model chosen!
id 12
label_counts: defaultdict(<class 'int'>, {1: 1691, 0: 569})
CNN(num_cov=2, hidden_dims=[1024], in_features=1, num_classes=args.num_classes) model chosen!
id 13
label_counts: defaultdict(<class 'int'>, {2: 776, 1: 161, 6: 174, 7: 15, 8: 31, 3: 156, 5: 1})
CNN(num_cov=1, hidden_dims=[1024, 512], in_features=1, num_classes=args.num_classes) model chosen!
id 14
label_counts: defaultdict(<class 'int'>, {3: 247, 8: 61, 5: 46})
CNN(num_cov=2, hidden_dims=[1024, 512], in_features=1, num_classes=args.num_classes) model chosen!
id 15
label_counts: defaultdict(<class 'int'>, {5: 445, 2: 802, 9: 96, 1: 52, 3: 11, 0: 1})
CNN(num_cov=1, hidden_dims=[], in_features=1, num_classes=args.num_classes) model chosen!
id 16
label_counts: defaultdict(<class 'int'>, {2: 619, 0: 5, 3: 21, 9: 1})
CNN(num_cov=2, hidden_dims=[], in_features=1, num_classes=args.num_classes) model chosen!
id 17
label_counts: defaultdict(<class 'int'>, {0: 404, 2: 27, 6: 5, 5: 3, 7: 4, 3: 1})
CNN(num_cov=1, hidden_dims=[512], in_features=1, num_classes=args.num_classes) model chosen!
id 18
label_counts: defaultdict(<class 'int'>, {9: 357, 7: 31, 4: 5, 8: 3})
CNN(num_cov=2, hidden_dims=[512], in_features=1, num_classes=args.num_classes) model chosen!
id 19
label_counts: defaultdict(<class 'int'>, {9: 716, 7: 20, 8: 2})
CNN(num_cov=1, hidden_dims=[1024], in_features=1, num_classes=args.num_classes) model chosen!
id 20
label_counts: defaultdict(<class 'int'>, {9: 672, 5: 198, 0: 3, 1: 2, 6: 1})
CNN(num_cov=2, hidden_dims=[1024], in_features=1, num_classes=args.num_classes) model chosen!
id 21
label_counts: defaultdict(<class 'int'>, {6: 3263, 1: 578, 3: 141, 5: 73, 2: 1})
CNN(num_cov=1, hidden_dims=[1024, 512], in_features=1, num_classes=args.num_classes) model chosen!
id 22
label_counts: defaultdict(<class 'int'>, {9: 2370, 2: 63, 1: 46, 7: 2})
CNN(num_cov=2, hidden_dims=[1024, 512], in_features=1, num_classes=args.num_classes) model chosen!
id 23
label_counts: defaultdict(<class 'int'>, {9: 360, 4: 40, 0: 5, 1: 19, 8: 4})
CNN(num_cov=1, hidden_dims=[], in_features=1, num_classes=args.num_classes) model chosen!
id 24
label_counts: defaultdict(<class 'int'>, {3: 992, 6: 49, 9: 28, 2: 4})
CNN(num_cov=2, hidden_dims=[], in_features=1, num_classes=args.num_classes) model chosen!
id 25
label_counts: defaultdict(<class 'int'>, {7: 602, 8: 1902, 2: 180})
CNN(num_cov=1, hidden_dims=[512], in_features=1, num_classes=args.num_classes) model chosen!
id 26
label_counts: defaultdict(<class 'int'>, {7: 1823, 3: 55, 0: 710, 4: 101, 1: 214, 5: 7})
CNN(num_cov=2, hidden_dims=[512], in_features=1, num_classes=args.num_classes) model chosen!
id 27
label_counts: defaultdict(<class 'int'>, {0: 253, 2: 295, 6: 15, 3: 28, 1: 9})
CNN(num_cov=1, hidden_dims=[1024], in_features=1, num_classes=args.num_classes) model chosen!
id 28
label_counts: defaultdict(<class 'int'>, {9: 250, 0: 249, 4: 500, 6: 5, 8: 5, 3: 1, 5: 2})
CNN(num_cov=2, hidden_dims=[1024], in_features=1, num_classes=args.num_classes) model chosen!
id 29
label_counts: defaultdict(<class 'int'>, {5: 914, 6: 5, 1: 20, 9: 3})
CNN(num_cov=1, hidden_dims=[1024, 512], in_features=1, num_classes=args.num_classes) model chosen!
id 30
label_counts: defaultdict(<class 'int'>, {3: 253, 7: 708, 2: 384})
CNN(num_cov=2, hidden_dims=[1024, 512], in_features=1, num_classes=args.num_classes) model chosen!
id 31
label_counts: defaultdict(<class 'int'>, {0: 279, 9: 92, 7: 269, 8: 14, 1: 19, 5: 2})
CNN(num_cov=1, hidden_dims=[], in_features=1, num_classes=args.num_classes) model chosen!
id 32
label_counts: defaultdict(<class 'int'>, {5: 748, 2: 239, 3: 354, 4: 12})
CNN(num_cov=2, hidden_dims=[], in_features=1, num_classes=args.num_classes) model chosen!
id 33
label_counts: defaultdict(<class 'int'>, {1: 985, 0: 320, 3: 122})
CNN(num_cov=1, hidden_dims=[512], in_features=1, num_classes=args.num_classes) model chosen!
id 34
label_counts: defaultdict(<class 'int'>, {2: 1409, 1: 79})
CNN(num_cov=2, hidden_dims=[512], in_features=1, num_classes=args.num_classes) model chosen!
id 35
label_counts: defaultdict(<class 'int'>, {4: 2966, 0: 161, 1: 2})
CNN(num_cov=1, hidden_dims=[1024], in_features=1, num_classes=args.num_classes) model chosen!
id 36
label_counts: defaultdict(<class 'int'>, {1: 1198, 7: 171, 3: 3, 5: 10})
CNN(num_cov=2, hidden_dims=[1024], in_features=1, num_classes=args.num_classes) model chosen!
id 37
label_counts: defaultdict(<class 'int'>, {3: 642, 0: 148, 4: 103, 5: 51, 9: 11, 1: 1})
CNN(num_cov=1, hidden_dims=[1024, 512], in_features=1, num_classes=args.num_classes) model chosen!
id 38
label_counts: defaultdict(<class 'int'>, {0: 494, 5: 8, 8: 9, 7: 1})
CNN(num_cov=2, hidden_dims=[1024, 512], in_features=1, num_classes=args.num_classes) model chosen!
id 39
label_counts: defaultdict(<class 'int'>, {8: 1743, 4: 256, 7: 32, 6: 15, 0: 1, 2: 1, 1: 1, 3: 1, 9: 1, 5: 1})

Join ratio / total clients: 1.0 / 40
Finished creating server and clients.
------------------------- time cost ------------------------- 14.805745363235474

-------------Round number: 0-------------

Evaluate heterogeneous models
Averaged Test Accuracy (Regular Model): 0.9235
Averaged Train Loss (Regular Model): 0.4007
Averaged Test AUC: 0.9835
Std Test Accurancy: 0.1175
Std Test AUC: 0.0215
------------------------- time cost ------------------------- 15.812876224517822

-------------Round number: 1-------------

Evaluate heterogeneous models
Averaged Test Accuracy (Regular Model): 0.9489
Averaged Train Loss (Regular Model): 0.1882
Averaged Test AUC: 0.9917
Std Test Accurancy: 0.0884
Std Test AUC: 0.0149
------------------------- time cost ------------------------- 15.149539470672607

-------------Round number: 2-------------

Evaluate heterogeneous models
Averaged Test Accuracy (Regular Model): 0.9617
Averaged Train Loss (Regular Model): 0.1145
Averaged Test AUC: 0.9958
Std Test Accurancy: 0.0574
Std Test AUC: 0.0082
------------------------- time cost ------------------------- 16.688714265823364

-------------Round number: 3-------------

Evaluate heterogeneous models
Averaged Test Accuracy (Regular Model): 0.9648
Averaged Train Loss (Regular Model): 0.1011
Averaged Test AUC: 0.9949
Std Test Accurancy: 0.0410
Std Test AUC: 0.0086
------------------------- time cost ------------------------- 16.787195682525635

-------------Round number: 4-------------

Evaluate heterogeneous models
Averaged Test Accuracy (Regular Model): 0.9678
Averaged Train Loss (Regular Model): 0.0754
Averaged Test AUC: 0.9964
Std Test Accurancy: 0.0437
Std Test AUC: 0.0068
------------------------- time cost ------------------------- 16.917285680770874

-------------Round number: 5-------------

Evaluate heterogeneous models
Averaged Test Accuracy (Regular Model): 0.9679
Averaged Train Loss (Regular Model): 0.0602
Averaged Test AUC: 0.9966
Std Test Accurancy: 0.0453
Std Test AUC: 0.0068
------------------------- time cost ------------------------- 17.022066831588745

-------------Round number: 6-------------

Evaluate heterogeneous models
Averaged Test Accuracy (Regular Model): 0.9696
Averaged Train Loss (Regular Model): 0.0561
Averaged Test AUC: 0.9970
Std Test Accurancy: 0.0436
Std Test AUC: 0.0057
------------------------- time cost ------------------------- 17.025293588638306

-------------Round number: 7-------------

Evaluate heterogeneous models
Averaged Test Accuracy (Regular Model): 0.9705
Averaged Train Loss (Regular Model): 0.0423
Averaged Test AUC: 0.9973
Std Test Accurancy: 0.0374
Std Test AUC: 0.0051
------------------------- time cost ------------------------- 16.489738941192627

-------------Round number: 8-------------

Evaluate heterogeneous models
Averaged Test Accuracy (Regular Model): 0.9701
Averaged Train Loss (Regular Model): 0.0379
Averaged Test AUC: 0.9971
Std Test Accurancy: 0.0415
Std Test AUC: 0.0054
------------------------- time cost ------------------------- 15.487762451171875

-------------Round number: 9-------------

Evaluate heterogeneous models
Averaged Test Accuracy (Regular Model): 0.9703
Averaged Train Loss (Regular Model): 0.0355
Averaged Test AUC: 0.9972
Std Test Accurancy: 0.0425
Std Test AUC: 0.0051
------------------------- time cost ------------------------- 15.464832305908203

-------------Round number: 10-------------

Evaluate heterogeneous models
Averaged Test Accuracy (Regular Model): 0.9719
Averaged Train Loss (Regular Model): 0.0315
Averaged Test AUC: 0.9963
Std Test Accurancy: 0.0362
Std Test AUC: 0.0065
------------------------- time cost ------------------------- 15.660076379776001

-------------Round number: 11-------------

Evaluate heterogeneous models
Averaged Test Accuracy (Regular Model): 0.9724
Averaged Train Loss (Regular Model): 0.0257
Averaged Test AUC: 0.9970
Std Test Accurancy: 0.0354
Std Test AUC: 0.0051
------------------------- time cost ------------------------- 15.95784330368042

-------------Round number: 12-------------

Evaluate heterogeneous models
Averaged Test Accuracy (Regular Model): 0.9724
Averaged Train Loss (Regular Model): 0.0203
Averaged Test AUC: 0.9971
Std Test Accurancy: 0.0352
Std Test AUC: 0.0049
------------------------- time cost ------------------------- 17.14360737800598

-------------Round number: 13-------------

Evaluate heterogeneous models
Averaged Test Accuracy (Regular Model): 0.9734
Averaged Train Loss (Regular Model): 0.0194
Averaged Test AUC: 0.9972
Std Test Accurancy: 0.0333
Std Test AUC: 0.0046
------------------------- time cost ------------------------- 16.788514137268066

-------------Round number: 14-------------

Evaluate heterogeneous models
Averaged Test Accuracy (Regular Model): 0.9724
Averaged Train Loss (Regular Model): 0.0126
Averaged Test AUC: 0.9973
Std Test Accurancy: 0.0346
Std Test AUC: 0.0046
------------------------- time cost ------------------------- 16.771209001541138

-------------Round number: 15-------------

Evaluate heterogeneous models
Averaged Test Accuracy (Regular Model): 0.9715
Averaged Train Loss (Regular Model): 0.0100
Averaged Test AUC: 0.9972
Std Test Accurancy: 0.0362
Std Test AUC: 0.0046
------------------------- time cost ------------------------- 16.85155439376831

-------------Round number: 16-------------

Evaluate heterogeneous models
Averaged Test Accuracy (Regular Model): 0.9718
Averaged Train Loss (Regular Model): 0.0120
Averaged Test AUC: 0.9971
Std Test Accurancy: 0.0363
Std Test AUC: 0.0046
------------------------- time cost ------------------------- 17.245601415634155

-------------Round number: 17-------------

Evaluate heterogeneous models
Averaged Test Accuracy (Regular Model): 0.9720
Averaged Train Loss (Regular Model): 0.0087
Averaged Test AUC: 0.9972
Std Test Accurancy: 0.0352
Std Test AUC: 0.0049
------------------------- time cost ------------------------- 16.28357458114624

-------------Round number: 18-------------

Evaluate heterogeneous models
Averaged Test Accuracy (Regular Model): 0.9730
Averaged Train Loss (Regular Model): 0.0070
Averaged Test AUC: 0.9974
Std Test Accurancy: 0.0337
Std Test AUC: 0.0045
------------------------- time cost ------------------------- 15.331697940826416

-------------Round number: 19-------------

Evaluate heterogeneous models
Averaged Test Accuracy (Regular Model): 0.9734
Averaged Train Loss (Regular Model): 0.0056
Averaged Test AUC: 0.9974
Std Test Accurancy: 0.0341
Std Test AUC: 0.0043
------------------------- time cost ------------------------- 16.73723793029785

-------------Round number: 20-------------

Evaluate heterogeneous models
Averaged Test Accuracy (Regular Model): 0.9731
Averaged Train Loss (Regular Model): 0.0052
Averaged Test AUC: 0.9975
Std Test Accurancy: 0.0344
Std Test AUC: 0.0044
------------------------- time cost ------------------------- 16.3992600440979

-------------Round number: 21-------------

Evaluate heterogeneous models
Averaged Test Accuracy (Regular Model): 0.9734
Averaged Train Loss (Regular Model): 0.0062
Averaged Test AUC: 0.9974
Std Test Accurancy: 0.0341
Std Test AUC: 0.0045
------------------------- time cost ------------------------- 16.480306386947632

-------------Round number: 22-------------

Evaluate heterogeneous models
Averaged Test Accuracy (Regular Model): 0.9731
Averaged Train Loss (Regular Model): 0.0032
Averaged Test AUC: 0.9975
Std Test Accurancy: 0.0352
Std Test AUC: 0.0045
------------------------- time cost ------------------------- 16.93235421180725

-------------Round number: 23-------------

Evaluate heterogeneous models
Averaged Test Accuracy (Regular Model): 0.9733
Averaged Train Loss (Regular Model): 0.0036
Averaged Test AUC: 0.9975
Std Test Accurancy: 0.0346
Std Test AUC: 0.0043
------------------------- time cost ------------------------- 16.601083993911743

-------------Round number: 24-------------

Evaluate heterogeneous models
Averaged Test Accuracy (Regular Model): 0.9733
Averaged Train Loss (Regular Model): 0.0026
Averaged Test AUC: 0.9975
Std Test Accurancy: 0.0349
Std Test AUC: 0.0045
------------------------- time cost ------------------------- 16.909939527511597

-------------Round number: 25-------------

Evaluate heterogeneous models
Averaged Test Accuracy (Regular Model): 0.9733
Averaged Train Loss (Regular Model): 0.0025
Averaged Test AUC: 0.9975
Std Test Accurancy: 0.0346
Std Test AUC: 0.0044
------------------------- time cost ------------------------- 16.5630202293396

-------------Round number: 26-------------

Evaluate heterogeneous models
Averaged Test Accuracy (Regular Model): 0.9735
Averaged Train Loss (Regular Model): 0.0019
Averaged Test AUC: 0.9975
Std Test Accurancy: 0.0349
Std Test AUC: 0.0045
------------------------- time cost ------------------------- 15.928693294525146

-------------Round number: 27-------------

Evaluate heterogeneous models
Averaged Test Accuracy (Regular Model): 0.9732
Averaged Train Loss (Regular Model): 0.0017
Averaged Test AUC: 0.9975
Std Test Accurancy: 0.0351
Std Test AUC: 0.0043
------------------------- time cost ------------------------- 16.5563325881958

-------------Round number: 28-------------

Evaluate heterogeneous models
Averaged Test Accuracy (Regular Model): 0.9729
Averaged Train Loss (Regular Model): 0.0016
Averaged Test AUC: 0.9975
Std Test Accurancy: 0.0357
Std Test AUC: 0.0044
------------------------- time cost ------------------------- 16.59250521659851

-------------Round number: 29-------------

Evaluate heterogeneous models
Averaged Test Accuracy (Regular Model): 0.9735
Averaged Train Loss (Regular Model): 0.0017
Averaged Test AUC: 0.9975
Std Test Accurancy: 0.0342
Std Test AUC: 0.0043
------------------------- time cost ------------------------- 16.94855570793152

-------------Round number: 30-------------

Evaluate heterogeneous models
Averaged Test Accuracy (Regular Model): 0.9734
Averaged Train Loss (Regular Model): 0.0016
Averaged Test AUC: 0.9975
Std Test Accurancy: 0.0360
Std Test AUC: 0.0046
------------------------- time cost ------------------------- 15.743045330047607

-------------Round number: 31-------------

Evaluate heterogeneous models
Averaged Test Accuracy (Regular Model): 0.9736
Averaged Train Loss (Regular Model): 0.0014
Averaged Test AUC: 0.9975
Std Test Accurancy: 0.0345
Std Test AUC: 0.0043
------------------------- time cost ------------------------- 16.79938769340515

-------------Round number: 32-------------

Evaluate heterogeneous models
Averaged Test Accuracy (Regular Model): 0.9733
Averaged Train Loss (Regular Model): 0.0011
Averaged Test AUC: 0.9975
Std Test Accurancy: 0.0355
Std Test AUC: 0.0043
------------------------- time cost ------------------------- 16.704123497009277

-------------Round number: 33-------------

Evaluate heterogeneous models
Averaged Test Accuracy (Regular Model): 0.9733
Averaged Train Loss (Regular Model): 0.0010
Averaged Test AUC: 0.9975
Std Test Accurancy: 0.0350
Std Test AUC: 0.0043
------------------------- time cost ------------------------- 16.50848627090454

-------------Round number: 34-------------

Evaluate heterogeneous models
Averaged Test Accuracy (Regular Model): 0.9731
Averaged Train Loss (Regular Model): 0.0009
Averaged Test AUC: 0.9975
Std Test Accurancy: 0.0355
Std Test AUC: 0.0043
------------------------- time cost ------------------------- 15.668000936508179

-------------Round number: 35-------------

Evaluate heterogeneous models
Averaged Test Accuracy (Regular Model): 0.9732
Averaged Train Loss (Regular Model): 0.0009
Averaged Test AUC: 0.9975
Std Test Accurancy: 0.0356
Std Test AUC: 0.0043
------------------------- time cost ------------------------- 16.788684844970703

-------------Round number: 36-------------

Evaluate heterogeneous models
Averaged Test Accuracy (Regular Model): 0.9733
Averaged Train Loss (Regular Model): 0.0008
Averaged Test AUC: 0.9975
Std Test Accurancy: 0.0353
Std Test AUC: 0.0043
------------------------- time cost ------------------------- 15.320775985717773

-------------Round number: 37-------------

Evaluate heterogeneous models
Averaged Test Accuracy (Regular Model): 0.9730
Averaged Train Loss (Regular Model): 0.0007
Averaged Test AUC: 0.9975
Std Test Accurancy: 0.0355
Std Test AUC: 0.0043
------------------------- time cost ------------------------- 17.010649919509888

-------------Round number: 38-------------

Evaluate heterogeneous models
Averaged Test Accuracy (Regular Model): 0.9730
Averaged Train Loss (Regular Model): 0.0007
Averaged Test AUC: 0.9975
Std Test Accurancy: 0.0353
Std Test AUC: 0.0043
------------------------- time cost ------------------------- 16.93870186805725

-------------Round number: 39-------------

Evaluate heterogeneous models
Averaged Test Accuracy (Regular Model): 0.9734
Averaged Train Loss (Regular Model): 0.0007
Averaged Test AUC: 0.9975
Std Test Accurancy: 0.0350
Std Test AUC: 0.0043
------------------------- time cost ------------------------- 16.77239751815796

-------------Round number: 40-------------

Evaluate heterogeneous models
Averaged Test Accuracy (Regular Model): 0.9732
Averaged Train Loss (Regular Model): 0.0006
Averaged Test AUC: 0.9975
Std Test Accurancy: 0.0353
Std Test AUC: 0.0043
------------------------- time cost ------------------------- 15.888088703155518

-------------Round number: 41-------------

Evaluate heterogeneous models
Averaged Test Accuracy (Regular Model): 0.9732
Averaged Train Loss (Regular Model): 0.0006
Averaged Test AUC: 0.9975
Std Test Accurancy: 0.0356
Std Test AUC: 0.0043
------------------------- time cost ------------------------- 17.12322425842285

-------------Round number: 42-------------

Evaluate heterogeneous models
Averaged Test Accuracy (Regular Model): 0.9732
Averaged Train Loss (Regular Model): 0.0006
Averaged Test AUC: 0.9975
Std Test Accurancy: 0.0359
Std Test AUC: 0.0043
------------------------- time cost ------------------------- 17.01694941520691

-------------Round number: 43-------------

Evaluate heterogeneous models
Averaged Test Accuracy (Regular Model): 0.9733
Averaged Train Loss (Regular Model): 0.0006
Averaged Test AUC: 0.9975
Std Test Accurancy: 0.0351
Std Test AUC: 0.0043
------------------------- time cost ------------------------- 14.794705390930176

-------------Round number: 44-------------

Evaluate heterogeneous models
Averaged Test Accuracy (Regular Model): 0.9730
Averaged Train Loss (Regular Model): 0.0005
Averaged Test AUC: 0.9975
Std Test Accurancy: 0.0354
Std Test AUC: 0.0043
------------------------- time cost ------------------------- 16.95136260986328

-------------Round number: 45-------------

Evaluate heterogeneous models
Averaged Test Accuracy (Regular Model): 0.9734
Averaged Train Loss (Regular Model): 0.0005
Averaged Test AUC: 0.9975
Std Test Accurancy: 0.0347
Std Test AUC: 0.0043
------------------------- time cost ------------------------- 17.452778100967407

-------------Round number: 46-------------

Evaluate heterogeneous models
Averaged Test Accuracy (Regular Model): 0.9732
Averaged Train Loss (Regular Model): 0.0005
Averaged Test AUC: 0.9975
Std Test Accurancy: 0.0355
Std Test AUC: 0.0043
------------------------- time cost ------------------------- 16.8084774017334

-------------Round number: 47-------------

Evaluate heterogeneous models
Averaged Test Accuracy (Regular Model): 0.9731
Averaged Train Loss (Regular Model): 0.0005
Averaged Test AUC: 0.9975
Std Test Accurancy: 0.0357
Std Test AUC: 0.0043
------------------------- time cost ------------------------- 15.255973815917969

-------------Round number: 48-------------

Evaluate heterogeneous models
Averaged Test Accuracy (Regular Model): 0.9732
Averaged Train Loss (Regular Model): 0.0005
Averaged Test AUC: 0.9975
Std Test Accurancy: 0.0354
Std Test AUC: 0.0043
------------------------- time cost ------------------------- 16.514456748962402

-------------Round number: 49-------------

Evaluate heterogeneous models
Averaged Test Accuracy (Regular Model): 0.9733
Averaged Train Loss (Regular Model): 0.0004
Averaged Test AUC: 0.9975
Std Test Accurancy: 0.0354
Std Test AUC: 0.0043
------------------------- time cost ------------------------- 15.45804238319397

-------------Round number: 50-------------

Evaluate heterogeneous models
Averaged Test Accuracy (Regular Model): 0.9732
Averaged Train Loss (Regular Model): 0.0004
Averaged Test AUC: 0.9975
Std Test Accurancy: 0.0352
Std Test AUC: 0.0043
------------------------- time cost ------------------------- 15.416852474212646

-------------Round number: 51-------------

Evaluate heterogeneous models
Averaged Test Accuracy (Regular Model): 0.9732
Averaged Train Loss (Regular Model): 0.0004
Averaged Test AUC: 0.9975
Std Test Accurancy: 0.0354
Std Test AUC: 0.0043
------------------------- time cost ------------------------- 16.87866735458374

-------------Round number: 52-------------

Evaluate heterogeneous models
Averaged Test Accuracy (Regular Model): 0.9732
Averaged Train Loss (Regular Model): 0.0004
Averaged Test AUC: 0.9975
Std Test Accurancy: 0.0355
Std Test AUC: 0.0043
------------------------- time cost ------------------------- 16.77960443496704

-------------Round number: 53-------------

Evaluate heterogeneous models
Averaged Test Accuracy (Regular Model): 0.9730
Averaged Train Loss (Regular Model): 0.0004
Averaged Test AUC: 0.9975
Std Test Accurancy: 0.0357
Std Test AUC: 0.0043
------------------------- time cost ------------------------- 15.08419680595398

-------------Round number: 54-------------

Evaluate heterogeneous models
Averaged Test Accuracy (Regular Model): 0.9730
Averaged Train Loss (Regular Model): 0.0004
Averaged Test AUC: 0.9975
Std Test Accurancy: 0.0357
Std Test AUC: 0.0043
------------------------- time cost ------------------------- 17.214365482330322

-------------Round number: 55-------------

Evaluate heterogeneous models
Averaged Test Accuracy (Regular Model): 0.9729
Averaged Train Loss (Regular Model): 0.0004
Averaged Test AUC: 0.9975
Std Test Accurancy: 0.0359
Std Test AUC: 0.0043
------------------------- time cost ------------------------- 16.691168069839478

-------------Round number: 56-------------

Evaluate heterogeneous models
Averaged Test Accuracy (Regular Model): 0.9729
Averaged Train Loss (Regular Model): 0.0003
Averaged Test AUC: 0.9975
Std Test Accurancy: 0.0360
Std Test AUC: 0.0043
------------------------- time cost ------------------------- 16.99588632583618

-------------Round number: 57-------------

Evaluate heterogeneous models
Averaged Test Accuracy (Regular Model): 0.9732
Averaged Train Loss (Regular Model): 0.0003
Averaged Test AUC: 0.9975
Std Test Accurancy: 0.0356
Std Test AUC: 0.0043
------------------------- time cost ------------------------- 16.737351655960083

-------------Round number: 58-------------

Evaluate heterogeneous models
Averaged Test Accuracy (Regular Model): 0.9731
Averaged Train Loss (Regular Model): 0.0003
Averaged Test AUC: 0.9975
Std Test Accurancy: 0.0357
Std Test AUC: 0.0043
------------------------- time cost ------------------------- 16.62038493156433

-------------Round number: 59-------------

Evaluate heterogeneous models
Averaged Test Accuracy (Regular Model): 0.9731
Averaged Train Loss (Regular Model): 0.0003
Averaged Test AUC: 0.9975
Std Test Accurancy: 0.0355
Std Test AUC: 0.0043
------------------------- time cost ------------------------- 16.72847843170166

-------------Round number: 60-------------

Evaluate heterogeneous models
Averaged Test Accuracy (Regular Model): 0.9732
Averaged Train Loss (Regular Model): 0.0003
Averaged Test AUC: 0.9975
Std Test Accurancy: 0.0355
Std Test AUC: 0.0043
------------------------- time cost ------------------------- 17.34801197052002

-------------Round number: 61-------------

Evaluate heterogeneous models
Averaged Test Accuracy (Regular Model): 0.9730
Averaged Train Loss (Regular Model): 0.0003
Averaged Test AUC: 0.9975
Std Test Accurancy: 0.0357
Std Test AUC: 0.0043
------------------------- time cost ------------------------- 17.182891368865967

-------------Round number: 62-------------

Evaluate heterogeneous models
Averaged Test Accuracy (Regular Model): 0.9731
Averaged Train Loss (Regular Model): 0.0003
Averaged Test AUC: 0.9975
Std Test Accurancy: 0.0355
Std Test AUC: 0.0043
------------------------- time cost ------------------------- 16.695783138275146

-------------Round number: 63-------------

Evaluate heterogeneous models
Averaged Test Accuracy (Regular Model): 0.9730
Averaged Train Loss (Regular Model): 0.0003
Averaged Test AUC: 0.9975
Std Test Accurancy: 0.0359
Std Test AUC: 0.0043
------------------------- time cost ------------------------- 16.63980484008789

-------------Round number: 64-------------

Evaluate heterogeneous models
Averaged Test Accuracy (Regular Model): 0.9731
Averaged Train Loss (Regular Model): 0.0003
Averaged Test AUC: 0.9975
Std Test Accurancy: 0.0355
Std Test AUC: 0.0043
------------------------- time cost ------------------------- 17.286574840545654

-------------Round number: 65-------------

Evaluate heterogeneous models
Averaged Test Accuracy (Regular Model): 0.9731
Averaged Train Loss (Regular Model): 0.0003
Averaged Test AUC: 0.9975
Std Test Accurancy: 0.0360
Std Test AUC: 0.0043
------------------------- time cost ------------------------- 16.747734308242798

-------------Round number: 66-------------

Evaluate heterogeneous models
Averaged Test Accuracy (Regular Model): 0.9730
Averaged Train Loss (Regular Model): 0.0003
Averaged Test AUC: 0.9975
Std Test Accurancy: 0.0359
Std Test AUC: 0.0043
------------------------- time cost ------------------------- 17.354259490966797

-------------Round number: 67-------------

Evaluate heterogeneous models
Averaged Test Accuracy (Regular Model): 0.9733
Averaged Train Loss (Regular Model): 0.0002
Averaged Test AUC: 0.9975
Std Test Accurancy: 0.0355
Std Test AUC: 0.0043
------------------------- time cost ------------------------- 16.91626763343811

-------------Round number: 68-------------

Evaluate heterogeneous models
Averaged Test Accuracy (Regular Model): 0.9732
Averaged Train Loss (Regular Model): 0.0002
Averaged Test AUC: 0.9975
Std Test Accurancy: 0.0353
Std Test AUC: 0.0043
------------------------- time cost ------------------------- 15.816792964935303

-------------Round number: 69-------------

Evaluate heterogeneous models
Averaged Test Accuracy (Regular Model): 0.9731
Averaged Train Loss (Regular Model): 0.0002
Averaged Test AUC: 0.9975
Std Test Accurancy: 0.0355
Std Test AUC: 0.0043
------------------------- time cost ------------------------- 15.371652126312256

-------------Round number: 70-------------

Evaluate heterogeneous models
Averaged Test Accuracy (Regular Model): 0.9730
Averaged Train Loss (Regular Model): 0.0002
Averaged Test AUC: 0.9975
Std Test Accurancy: 0.0358
Std Test AUC: 0.0043
------------------------- time cost ------------------------- 15.205416440963745

-------------Round number: 71-------------

Evaluate heterogeneous models
Averaged Test Accuracy (Regular Model): 0.9732
Averaged Train Loss (Regular Model): 0.0002
Averaged Test AUC: 0.9975
Std Test Accurancy: 0.0353
Std Test AUC: 0.0043
------------------------- time cost ------------------------- 15.591827392578125

-------------Round number: 72-------------

Evaluate heterogeneous models
Averaged Test Accuracy (Regular Model): 0.9732
Averaged Train Loss (Regular Model): 0.0002
Averaged Test AUC: 0.9975
Std Test Accurancy: 0.0354
Std Test AUC: 0.0043
------------------------- time cost ------------------------- 16.044744729995728

-------------Round number: 73-------------

Evaluate heterogeneous models
Averaged Test Accuracy (Regular Model): 0.9732
Averaged Train Loss (Regular Model): 0.0002
Averaged Test AUC: 0.9975
Std Test Accurancy: 0.0357
Std Test AUC: 0.0043
------------------------- time cost ------------------------- 17.416893243789673

-------------Round number: 74-------------

Evaluate heterogeneous models
Averaged Test Accuracy (Regular Model): 0.9731
Averaged Train Loss (Regular Model): 0.0002
Averaged Test AUC: 0.9975
Std Test Accurancy: 0.0351
Std Test AUC: 0.0043
------------------------- time cost ------------------------- 15.311572313308716

-------------Round number: 75-------------

Evaluate heterogeneous models
Averaged Test Accuracy (Regular Model): 0.9732
Averaged Train Loss (Regular Model): 0.0002
Averaged Test AUC: 0.9975
Std Test Accurancy: 0.0352
Std Test AUC: 0.0043
------------------------- time cost ------------------------- 16.73923635482788

-------------Round number: 76-------------

Evaluate heterogeneous models
Averaged Test Accuracy (Regular Model): 0.9732
Averaged Train Loss (Regular Model): 0.0002
Averaged Test AUC: 0.9975
Std Test Accurancy: 0.0352
Std Test AUC: 0.0043
------------------------- time cost ------------------------- 16.69489884376526

-------------Round number: 77-------------

Evaluate heterogeneous models
Averaged Test Accuracy (Regular Model): 0.9733
Averaged Train Loss (Regular Model): 0.0002
Averaged Test AUC: 0.9975
Std Test Accurancy: 0.0352
Std Test AUC: 0.0043
------------------------- time cost ------------------------- 16.53023648262024

-------------Round number: 78-------------

Evaluate heterogeneous models
Averaged Test Accuracy (Regular Model): 0.9734
Averaged Train Loss (Regular Model): 0.0002
Averaged Test AUC: 0.9975
Std Test Accurancy: 0.0348
Std Test AUC: 0.0043
------------------------- time cost ------------------------- 16.581233739852905

-------------Round number: 79-------------

Evaluate heterogeneous models
Averaged Test Accuracy (Regular Model): 0.9730
Averaged Train Loss (Regular Model): 0.0002
Averaged Test AUC: 0.9975
Std Test Accurancy: 0.0354
Std Test AUC: 0.0043
------------------------- time cost ------------------------- 16.797267198562622

-------------Round number: 80-------------

Evaluate heterogeneous models
Averaged Test Accuracy (Regular Model): 0.9733
Averaged Train Loss (Regular Model): 0.0002
Averaged Test AUC: 0.9975
Std Test Accurancy: 0.0350
Std Test AUC: 0.0043
------------------------- time cost ------------------------- 16.635812520980835

-------------Round number: 81-------------

Evaluate heterogeneous models
Averaged Test Accuracy (Regular Model): 0.9732
Averaged Train Loss (Regular Model): 0.0002
Averaged Test AUC: 0.9975
Std Test Accurancy: 0.0357
Std Test AUC: 0.0043
------------------------- time cost ------------------------- 16.59142255783081

-------------Round number: 82-------------

Evaluate heterogeneous models
Averaged Test Accuracy (Regular Model): 0.9730
Averaged Train Loss (Regular Model): 0.0002
Averaged Test AUC: 0.9975
Std Test Accurancy: 0.0356
Std Test AUC: 0.0043
------------------------- time cost ------------------------- 17.029200553894043

-------------Round number: 83-------------

Evaluate heterogeneous models
Averaged Test Accuracy (Regular Model): 0.9732
Averaged Train Loss (Regular Model): 0.0002
Averaged Test AUC: 0.9975
Std Test Accurancy: 0.0356
Std Test AUC: 0.0043
------------------------- time cost ------------------------- 15.057377576828003

-------------Round number: 84-------------

Evaluate heterogeneous models
Averaged Test Accuracy (Regular Model): 0.9733
Averaged Train Loss (Regular Model): 0.0002
Averaged Test AUC: 0.9975
Std Test Accurancy: 0.0351
Std Test AUC: 0.0043
------------------------- time cost ------------------------- 16.74966549873352

-------------Round number: 85-------------

Evaluate heterogeneous models
Averaged Test Accuracy (Regular Model): 0.9730
Averaged Train Loss (Regular Model): 0.0002
Averaged Test AUC: 0.9975
Std Test Accurancy: 0.0354
Std Test AUC: 0.0043
------------------------- time cost ------------------------- 16.750574827194214

-------------Round number: 86-------------

Evaluate heterogeneous models
Averaged Test Accuracy (Regular Model): 0.9730
Averaged Train Loss (Regular Model): 0.0002
Averaged Test AUC: 0.9975
Std Test Accurancy: 0.0356
Std Test AUC: 0.0043
------------------------- time cost ------------------------- 16.69848608970642

-------------Round number: 87-------------

Evaluate heterogeneous models
Averaged Test Accuracy (Regular Model): 0.9732
Averaged Train Loss (Regular Model): 0.0002
Averaged Test AUC: 0.9975
Std Test Accurancy: 0.0351
Std Test AUC: 0.0043
------------------------- time cost ------------------------- 16.669883489608765

-------------Round number: 88-------------

Evaluate heterogeneous models
Averaged Test Accuracy (Regular Model): 0.9732
Averaged Train Loss (Regular Model): 0.0002
Averaged Test AUC: 0.9975
Std Test Accurancy: 0.0354
Std Test AUC: 0.0043
------------------------- time cost ------------------------- 16.24087619781494

-------------Round number: 89-------------

Evaluate heterogeneous models
Averaged Test Accuracy (Regular Model): 0.9732
Averaged Train Loss (Regular Model): 0.0002
Averaged Test AUC: 0.9975
Std Test Accurancy: 0.0351
Std Test AUC: 0.0043
------------------------- time cost ------------------------- 15.667994737625122

-------------Round number: 90-------------

Evaluate heterogeneous models
Averaged Test Accuracy (Regular Model): 0.9732
Averaged Train Loss (Regular Model): 0.0002
Averaged Test AUC: 0.9975
Std Test Accurancy: 0.0353
Std Test AUC: 0.0043
------------------------- time cost ------------------------- 16.921282529830933

-------------Round number: 91-------------

Evaluate heterogeneous models
Averaged Test Accuracy (Regular Model): 0.9733
Averaged Train Loss (Regular Model): 0.0001
Averaged Test AUC: 0.9975
Std Test Accurancy: 0.0352
Std Test AUC: 0.0043
------------------------- time cost ------------------------- 16.82060980796814

-------------Round number: 92-------------

Evaluate heterogeneous models
Averaged Test Accuracy (Regular Model): 0.9732
Averaged Train Loss (Regular Model): 0.0001
Averaged Test AUC: 0.9975
Std Test Accurancy: 0.0352
Std Test AUC: 0.0043
------------------------- time cost ------------------------- 16.6550190448761

-------------Round number: 93-------------

Evaluate heterogeneous models
Averaged Test Accuracy (Regular Model): 0.9733
Averaged Train Loss (Regular Model): 0.0001
Averaged Test AUC: 0.9975
Std Test Accurancy: 0.0351
Std Test AUC: 0.0043
------------------------- time cost ------------------------- 16.982851028442383

-------------Round number: 94-------------

Evaluate heterogeneous models
Averaged Test Accuracy (Regular Model): 0.9733
Averaged Train Loss (Regular Model): 0.0001
Averaged Test AUC: 0.9975
Std Test Accurancy: 0.0352
Std Test AUC: 0.0043
------------------------- time cost ------------------------- 17.00889754295349

-------------Round number: 95-------------

Evaluate heterogeneous models
Averaged Test Accuracy (Regular Model): 0.9732
Averaged Train Loss (Regular Model): 0.0001
Averaged Test AUC: 0.9975
Std Test Accurancy: 0.0354
Std Test AUC: 0.0043
------------------------- time cost ------------------------- 16.800848960876465

-------------Round number: 96-------------

Evaluate heterogeneous models
Averaged Test Accuracy (Regular Model): 0.9732
Averaged Train Loss (Regular Model): 0.0001
Averaged Test AUC: 0.9975
Std Test Accurancy: 0.0351
Std Test AUC: 0.0043
------------------------- time cost ------------------------- 16.822416067123413

-------------Round number: 97-------------

Evaluate heterogeneous models
Averaged Test Accuracy (Regular Model): 0.9733
Averaged Train Loss (Regular Model): 0.0001
Averaged Test AUC: 0.9975
Std Test Accurancy: 0.0352
Std Test AUC: 0.0043
------------------------- time cost ------------------------- 16.400835037231445

-------------Round number: 98-------------

Evaluate heterogeneous models
Averaged Test Accuracy (Regular Model): 0.9733
Averaged Train Loss (Regular Model): 0.0001
Averaged Test AUC: 0.9975
Std Test Accurancy: 0.0352
Std Test AUC: 0.0043
------------------------- time cost ------------------------- 16.80312943458557

-------------Round number: 99-------------

Evaluate heterogeneous models
Averaged Test Accuracy (Regular Model): 0.9733
Averaged Train Loss (Regular Model): 0.0001
Averaged Test AUC: 0.9975
Std Test Accurancy: 0.0353
Std Test AUC: 0.0043
------------------------- time cost ------------------------- 16.88465142250061

-------------Round number: 100-------------

Evaluate heterogeneous models
Averaged Test Accuracy (Regular Model): 0.9733
Averaged Train Loss (Regular Model): 0.0001
Averaged Test AUC: 0.9975
Std Test Accurancy: 0.0350
Std Test AUC: 0.0043
------------------------- time cost ------------------------- 16.92833375930786

-------------Round number: 101-------------

Evaluate heterogeneous models
Averaged Test Accuracy (Regular Model): 0.9733
Averaged Train Loss (Regular Model): 0.0001
Averaged Test AUC: 0.9975
Std Test Accurancy: 0.0352
Std Test AUC: 0.0043
------------------------- time cost ------------------------- 16.668993949890137

-------------Round number: 102-------------

Evaluate heterogeneous models
Averaged Test Accuracy (Regular Model): 0.9734
Averaged Train Loss (Regular Model): 0.0001
Averaged Test AUC: 0.9975
Std Test Accurancy: 0.0349
Std Test AUC: 0.0043
------------------------- time cost ------------------------- 17.59386920928955

-------------Round number: 103-------------

Evaluate heterogeneous models
Averaged Test Accuracy (Regular Model): 0.9733
Averaged Train Loss (Regular Model): 0.0001
Averaged Test AUC: 0.9975
Std Test Accurancy: 0.0353
Std Test AUC: 0.0043
------------------------- time cost ------------------------- 17.444611310958862

-------------Round number: 104-------------

Evaluate heterogeneous models
Averaged Test Accuracy (Regular Model): 0.9733
Averaged Train Loss (Regular Model): 0.0001
Averaged Test AUC: 0.9975
Std Test Accurancy: 0.0353
Std Test AUC: 0.0043
------------------------- time cost ------------------------- 16.07649326324463

-------------Round number: 105-------------

Evaluate heterogeneous models
Averaged Test Accuracy (Regular Model): 0.9733
Averaged Train Loss (Regular Model): 0.0001
Averaged Test AUC: 0.9975
Std Test Accurancy: 0.0352
Std Test AUC: 0.0043
------------------------- time cost ------------------------- 16.810847997665405

-------------Round number: 106-------------

Evaluate heterogeneous models
Averaged Test Accuracy (Regular Model): 0.9734
Averaged Train Loss (Regular Model): 0.0001
Averaged Test AUC: 0.9975
Std Test Accurancy: 0.0351
Std Test AUC: 0.0043
------------------------- time cost ------------------------- 16.873690366744995

-------------Round number: 107-------------

Evaluate heterogeneous models
Averaged Test Accuracy (Regular Model): 0.9733
Averaged Train Loss (Regular Model): 0.0001
Averaged Test AUC: 0.9975
Std Test Accurancy: 0.0351
Std Test AUC: 0.0043
------------------------- time cost ------------------------- 16.96813440322876

-------------Round number: 108-------------

Evaluate heterogeneous models
Averaged Test Accuracy (Regular Model): 0.9733
Averaged Train Loss (Regular Model): 0.0001
Averaged Test AUC: 0.9975
Std Test Accurancy: 0.0352
Std Test AUC: 0.0043
------------------------- time cost ------------------------- 16.422659873962402

-------------Round number: 109-------------

Evaluate heterogeneous models
Averaged Test Accuracy (Regular Model): 0.9732
Averaged Train Loss (Regular Model): 0.0001
Averaged Test AUC: 0.9975
Std Test Accurancy: 0.0354
Std Test AUC: 0.0043
------------------------- time cost ------------------------- 15.5347900390625

-------------Round number: 110-------------

Evaluate heterogeneous models
Averaged Test Accuracy (Regular Model): 0.9733
Averaged Train Loss (Regular Model): 0.0001
Averaged Test AUC: 0.9975
Std Test Accurancy: 0.0352
Std Test AUC: 0.0043
------------------------- time cost ------------------------- 16.687480211257935

-------------Round number: 111-------------

Evaluate heterogeneous models
Averaged Test Accuracy (Regular Model): 0.9734
Averaged Train Loss (Regular Model): 0.0001
Averaged Test AUC: 0.9975
Std Test Accurancy: 0.0349
Std Test AUC: 0.0043
------------------------- time cost ------------------------- 16.70439577102661

-------------Round number: 112-------------

Evaluate heterogeneous models
Averaged Test Accuracy (Regular Model): 0.9732
Averaged Train Loss (Regular Model): 0.0001
Averaged Test AUC: 0.9975
Std Test Accurancy: 0.0354
Std Test AUC: 0.0043
------------------------- time cost ------------------------- 17.123302698135376

-------------Round number: 113-------------

Evaluate heterogeneous models
Averaged Test Accuracy (Regular Model): 0.9733
Averaged Train Loss (Regular Model): 0.0001
Averaged Test AUC: 0.9975
Std Test Accurancy: 0.0351
Std Test AUC: 0.0043
------------------------- time cost ------------------------- 17.003499031066895

-------------Round number: 114-------------

Evaluate heterogeneous models
Averaged Test Accuracy (Regular Model): 0.9733
Averaged Train Loss (Regular Model): 0.0001
Averaged Test AUC: 0.9975
Std Test Accurancy: 0.0351
Std Test AUC: 0.0043
------------------------- time cost ------------------------- 17.145461320877075

-------------Round number: 115-------------

Evaluate heterogeneous models
Averaged Test Accuracy (Regular Model): 0.9735
Averaged Train Loss (Regular Model): 0.0001
Averaged Test AUC: 0.9975
Std Test Accurancy: 0.0349
Std Test AUC: 0.0043
------------------------- time cost ------------------------- 17.136847496032715

-------------Round number: 116-------------

Evaluate heterogeneous models
Averaged Test Accuracy (Regular Model): 0.9734
Averaged Train Loss (Regular Model): 0.0001
Averaged Test AUC: 0.9975
Std Test Accurancy: 0.0349
Std Test AUC: 0.0043
------------------------- time cost ------------------------- 17.025239944458008

-------------Round number: 117-------------

Evaluate heterogeneous models
Averaged Test Accuracy (Regular Model): 0.9734
Averaged Train Loss (Regular Model): 0.0001
Averaged Test AUC: 0.9975
Std Test Accurancy: 0.0347
Std Test AUC: 0.0043
------------------------- time cost ------------------------- 17.587414503097534

-------------Round number: 118-------------

Evaluate heterogeneous models
Averaged Test Accuracy (Regular Model): 0.9732
Averaged Train Loss (Regular Model): 0.0001
Averaged Test AUC: 0.9975
Std Test Accurancy: 0.0356
Std Test AUC: 0.0043
------------------------- time cost ------------------------- 17.004838705062866

-------------Round number: 119-------------

Evaluate heterogeneous models
Averaged Test Accuracy (Regular Model): 0.9733
Averaged Train Loss (Regular Model): 0.0001
Averaged Test AUC: 0.9975
Std Test Accurancy: 0.0351
Std Test AUC: 0.0043
------------------------- time cost ------------------------- 17.08079504966736

-------------Round number: 120-------------

Evaluate heterogeneous models
Averaged Test Accuracy (Regular Model): 0.9732
Averaged Train Loss (Regular Model): 0.0001
Averaged Test AUC: 0.9975
Std Test Accurancy: 0.0351
Std Test AUC: 0.0043
------------------------- time cost ------------------------- 15.409263610839844

-------------Round number: 121-------------

Evaluate heterogeneous models
Averaged Test Accuracy (Regular Model): 0.9733
Averaged Train Loss (Regular Model): 0.0001
Averaged Test AUC: 0.9975
Std Test Accurancy: 0.0351
Std Test AUC: 0.0043
------------------------- time cost ------------------------- 14.992302656173706

-------------Round number: 122-------------

Evaluate heterogeneous models
Averaged Test Accuracy (Regular Model): 0.9733
Averaged Train Loss (Regular Model): 0.0001
Averaged Test AUC: 0.9975
Std Test Accurancy: 0.0351
Std Test AUC: 0.0043
------------------------- time cost ------------------------- 16.540397882461548

-------------Round number: 123-------------

Evaluate heterogeneous models
Averaged Test Accuracy (Regular Model): 0.9732
Averaged Train Loss (Regular Model): 0.0001
Averaged Test AUC: 0.9975
Std Test Accurancy: 0.0355
Std Test AUC: 0.0043
------------------------- time cost ------------------------- 16.908174991607666

-------------Round number: 124-------------

Evaluate heterogeneous models
Averaged Test Accuracy (Regular Model): 0.9733
Averaged Train Loss (Regular Model): 0.0001
Averaged Test AUC: 0.9975
Std Test Accurancy: 0.0353
Std Test AUC: 0.0043
------------------------- time cost ------------------------- 16.782475471496582

-------------Round number: 125-------------

Evaluate heterogeneous models
Averaged Test Accuracy (Regular Model): 0.9733
Averaged Train Loss (Regular Model): 0.0001
Averaged Test AUC: 0.9975
Std Test Accurancy: 0.0352
Std Test AUC: 0.0043
------------------------- time cost ------------------------- 17.401644229888916

-------------Round number: 126-------------

Evaluate heterogeneous models
Averaged Test Accuracy (Regular Model): 0.9732
Averaged Train Loss (Regular Model): 0.0001
Averaged Test AUC: 0.9975
Std Test Accurancy: 0.0354
Std Test AUC: 0.0043
------------------------- time cost ------------------------- 16.572088718414307

-------------Round number: 127-------------

Evaluate heterogeneous models
Averaged Test Accuracy (Regular Model): 0.9733
Averaged Train Loss (Regular Model): 0.0001
Averaged Test AUC: 0.9975
Std Test Accurancy: 0.0352
Std Test AUC: 0.0043
------------------------- time cost ------------------------- 15.931000471115112

-------------Round number: 128-------------

Evaluate heterogeneous models
Averaged Test Accuracy (Regular Model): 0.9732
Averaged Train Loss (Regular Model): 0.0001
Averaged Test AUC: 0.9975
Std Test Accurancy: 0.0355
Std Test AUC: 0.0043
------------------------- time cost ------------------------- 15.175162315368652

-------------Round number: 129-------------

Evaluate heterogeneous models
Averaged Test Accuracy (Regular Model): 0.9733
Averaged Train Loss (Regular Model): 0.0001
Averaged Test AUC: 0.9975
Std Test Accurancy: 0.0353
Std Test AUC: 0.0043
------------------------- time cost ------------------------- 15.309676885604858

-------------Round number: 130-------------

Evaluate heterogeneous models
Averaged Test Accuracy (Regular Model): 0.9732
Averaged Train Loss (Regular Model): 0.0001
Averaged Test AUC: 0.9975
Std Test Accurancy: 0.0354
Std Test AUC: 0.0043
------------------------- time cost ------------------------- 14.875414371490479

-------------Round number: 131-------------

Evaluate heterogeneous models
Averaged Test Accuracy (Regular Model): 0.9733
Averaged Train Loss (Regular Model): 0.0001
Averaged Test AUC: 0.9975
Std Test Accurancy: 0.0352
Std Test AUC: 0.0043
------------------------- time cost ------------------------- 17.14083957672119

-------------Round number: 132-------------

Evaluate heterogeneous models
Averaged Test Accuracy (Regular Model): 0.9732
Averaged Train Loss (Regular Model): 0.0001
Averaged Test AUC: 0.9975
Std Test Accurancy: 0.0354
Std Test AUC: 0.0043
------------------------- time cost ------------------------- 16.64841055870056

-------------Round number: 133-------------

Evaluate heterogeneous models
Averaged Test Accuracy (Regular Model): 0.9733
Averaged Train Loss (Regular Model): 0.0001
Averaged Test AUC: 0.9975
Std Test Accurancy: 0.0353
Std Test AUC: 0.0043
------------------------- time cost ------------------------- 17.35791301727295

-------------Round number: 134-------------

Evaluate heterogeneous models
Averaged Test Accuracy (Regular Model): 0.9732
Averaged Train Loss (Regular Model): 0.0001
Averaged Test AUC: 0.9975
Std Test Accurancy: 0.0354
Std Test AUC: 0.0043
------------------------- time cost ------------------------- 16.672508478164673

-------------Round number: 135-------------

Evaluate heterogeneous models
Averaged Test Accuracy (Regular Model): 0.9734
Averaged Train Loss (Regular Model): 0.0001
Averaged Test AUC: 0.9975
Std Test Accurancy: 0.0351
Std Test AUC: 0.0043
------------------------- time cost ------------------------- 16.850574016571045

-------------Round number: 136-------------

Evaluate heterogeneous models
Averaged Test Accuracy (Regular Model): 0.9732
Averaged Train Loss (Regular Model): 0.0001
Averaged Test AUC: 0.9975
Std Test Accurancy: 0.0354
Std Test AUC: 0.0043
------------------------- time cost ------------------------- 16.797586917877197

-------------Round number: 137-------------

Evaluate heterogeneous models
Averaged Test Accuracy (Regular Model): 0.9732
Averaged Train Loss (Regular Model): 0.0001
Averaged Test AUC: 0.9975
Std Test Accurancy: 0.0352
Std Test AUC: 0.0043
------------------------- time cost ------------------------- 17.15874409675598

-------------Round number: 138-------------

Evaluate heterogeneous models
Averaged Test Accuracy (Regular Model): 0.9733
Averaged Train Loss (Regular Model): 0.0001
Averaged Test AUC: 0.9975
Std Test Accurancy: 0.0351
Std Test AUC: 0.0043
------------------------- time cost ------------------------- 15.907888412475586

-------------Round number: 139-------------

Evaluate heterogeneous models
Averaged Test Accuracy (Regular Model): 0.9733
Averaged Train Loss (Regular Model): 0.0001
Averaged Test AUC: 0.9975
Std Test Accurancy: 0.0351
Std Test AUC: 0.0043
------------------------- time cost ------------------------- 17.272320985794067

-------------Round number: 140-------------

Evaluate heterogeneous models
Averaged Test Accuracy (Regular Model): 0.9733
Averaged Train Loss (Regular Model): 0.0001
Averaged Test AUC: 0.9975
Std Test Accurancy: 0.0351
Std Test AUC: 0.0043
------------------------- time cost ------------------------- 16.769402027130127

-------------Round number: 141-------------

Evaluate heterogeneous models
Averaged Test Accuracy (Regular Model): 0.9734
Averaged Train Loss (Regular Model): 0.0001
Averaged Test AUC: 0.9975
Std Test Accurancy: 0.0350
Std Test AUC: 0.0043
------------------------- time cost ------------------------- 16.71495032310486

-------------Round number: 142-------------

Evaluate heterogeneous models
Averaged Test Accuracy (Regular Model): 0.9733
Averaged Train Loss (Regular Model): 0.0001
Averaged Test AUC: 0.9975
Std Test Accurancy: 0.0350
Std Test AUC: 0.0043
------------------------- time cost ------------------------- 17.35760498046875

-------------Round number: 143-------------

Evaluate heterogeneous models
Averaged Test Accuracy (Regular Model): 0.9733
Averaged Train Loss (Regular Model): 0.0001
Averaged Test AUC: 0.9975
Std Test Accurancy: 0.0351
Std Test AUC: 0.0043
------------------------- time cost ------------------------- 16.822468042373657

-------------Round number: 144-------------

Evaluate heterogeneous models
Averaged Test Accuracy (Regular Model): 0.9733
Averaged Train Loss (Regular Model): 0.0001
Averaged Test AUC: 0.9975
Std Test Accurancy: 0.0351
Std Test AUC: 0.0043
------------------------- time cost ------------------------- 16.948542833328247

-------------Round number: 145-------------

Evaluate heterogeneous models
Averaged Test Accuracy (Regular Model): 0.9733
Averaged Train Loss (Regular Model): 0.0001
Averaged Test AUC: 0.9975
Std Test Accurancy: 0.0351
Std Test AUC: 0.0043
------------------------- time cost ------------------------- 15.411227226257324

-------------Round number: 146-------------

Evaluate heterogeneous models
Averaged Test Accuracy (Regular Model): 0.9733
Averaged Train Loss (Regular Model): 0.0001
Averaged Test AUC: 0.9975
Std Test Accurancy: 0.0351
Std Test AUC: 0.0043
------------------------- time cost ------------------------- 16.873897790908813

-------------Round number: 147-------------

Evaluate heterogeneous models
Averaged Test Accuracy (Regular Model): 0.9733
Averaged Train Loss (Regular Model): 0.0001
Averaged Test AUC: 0.9975
Std Test Accurancy: 0.0351
Std Test AUC: 0.0043
------------------------- time cost ------------------------- 15.68161654472351

-------------Round number: 148-------------

Evaluate heterogeneous models
Averaged Test Accuracy (Regular Model): 0.9733
Averaged Train Loss (Regular Model): 0.0001
Averaged Test AUC: 0.9975
Std Test Accurancy: 0.0351
Std Test AUC: 0.0043
------------------------- time cost ------------------------- 16.54267430305481

-------------Round number: 149-------------

Evaluate heterogeneous models
Averaged Test Accuracy (Regular Model): 0.9733
Averaged Train Loss (Regular Model): 0.0001
Averaged Test AUC: 0.9975
Std Test Accurancy: 0.0351
Std Test AUC: 0.0043
------------------------- time cost ------------------------- 16.48594093322754

-------------Round number: 150-------------

Evaluate heterogeneous models
Averaged Test Accuracy (Regular Model): 0.9733
Averaged Train Loss (Regular Model): 0.0001
Averaged Test AUC: 0.9975
Std Test Accurancy: 0.0351
Std Test AUC: 0.0043
------------------------- time cost ------------------------- 15.173385381698608

-------------Round number: 151-------------

Evaluate heterogeneous models
Averaged Test Accuracy (Regular Model): 0.9733
Averaged Train Loss (Regular Model): 0.0001
Averaged Test AUC: 0.9975
Std Test Accurancy: 0.0351
Std Test AUC: 0.0043
------------------------- time cost ------------------------- 17.24250555038452

-------------Round number: 152-------------

Evaluate heterogeneous models
Averaged Test Accuracy (Regular Model): 0.9732
Averaged Train Loss (Regular Model): 0.0001
Averaged Test AUC: 0.9975
Std Test Accurancy: 0.0351
Std Test AUC: 0.0043
------------------------- time cost ------------------------- 16.174301624298096

-------------Round number: 153-------------

Evaluate heterogeneous models
Averaged Test Accuracy (Regular Model): 0.9733
Averaged Train Loss (Regular Model): 0.0001
Averaged Test AUC: 0.9975
Std Test Accurancy: 0.0351
Std Test AUC: 0.0043
------------------------- time cost ------------------------- 16.70910382270813

-------------Round number: 154-------------

Evaluate heterogeneous models
Averaged Test Accuracy (Regular Model): 0.9733
Averaged Train Loss (Regular Model): 0.0001
Averaged Test AUC: 0.9975
Std Test Accurancy: 0.0351
Std Test AUC: 0.0043
------------------------- time cost ------------------------- 16.727943897247314

-------------Round number: 155-------------

Evaluate heterogeneous models
Averaged Test Accuracy (Regular Model): 0.9734
Averaged Train Loss (Regular Model): 0.0001
Averaged Test AUC: 0.9975
Std Test Accurancy: 0.0350
Std Test AUC: 0.0043
------------------------- time cost ------------------------- 17.280880451202393

-------------Round number: 156-------------

Evaluate heterogeneous models
Averaged Test Accuracy (Regular Model): 0.9733
Averaged Train Loss (Regular Model): 0.0001
Averaged Test AUC: 0.9975
Std Test Accurancy: 0.0352
Std Test AUC: 0.0043
------------------------- time cost ------------------------- 16.2411630153656

-------------Round number: 157-------------

Evaluate heterogeneous models
Averaged Test Accuracy (Regular Model): 0.9734
Averaged Train Loss (Regular Model): 0.0001
Averaged Test AUC: 0.9975
Std Test Accurancy: 0.0350
Std Test AUC: 0.0043
------------------------- time cost ------------------------- 16.25487446784973

-------------Round number: 158-------------

Evaluate heterogeneous models
Averaged Test Accuracy (Regular Model): 0.9732
Averaged Train Loss (Regular Model): 0.0001
Averaged Test AUC: 0.9975
Std Test Accurancy: 0.0353
Std Test AUC: 0.0043
------------------------- time cost ------------------------- 17.009765625

-------------Round number: 159-------------

Evaluate heterogeneous models
Averaged Test Accuracy (Regular Model): 0.9733
Averaged Train Loss (Regular Model): 0.0001
Averaged Test AUC: 0.9975
Std Test Accurancy: 0.0351
Std Test AUC: 0.0043
------------------------- time cost ------------------------- 16.99343705177307

-------------Round number: 160-------------

Evaluate heterogeneous models
Averaged Test Accuracy (Regular Model): 0.9733
Averaged Train Loss (Regular Model): 0.0001
Averaged Test AUC: 0.9975
Std Test Accurancy: 0.0351
Std Test AUC: 0.0043
------------------------- time cost ------------------------- 16.937910795211792

-------------Round number: 161-------------

Evaluate heterogeneous models
Averaged Test Accuracy (Regular Model): 0.9733
Averaged Train Loss (Regular Model): 0.0001
Averaged Test AUC: 0.9975
Std Test Accurancy: 0.0352
Std Test AUC: 0.0043
------------------------- time cost ------------------------- 16.801348209381104

-------------Round number: 162-------------

Evaluate heterogeneous models
Averaged Test Accuracy (Regular Model): 0.9733
Averaged Train Loss (Regular Model): 0.0001
Averaged Test AUC: 0.9975
Std Test Accurancy: 0.0351
Std Test AUC: 0.0043
------------------------- time cost ------------------------- 16.75102400779724

-------------Round number: 163-------------

Evaluate heterogeneous models
Averaged Test Accuracy (Regular Model): 0.9733
Averaged Train Loss (Regular Model): 0.0001
Averaged Test AUC: 0.9975
Std Test Accurancy: 0.0351
Std Test AUC: 0.0043
------------------------- time cost ------------------------- 16.270544290542603

-------------Round number: 164-------------

Evaluate heterogeneous models
Averaged Test Accuracy (Regular Model): 0.9733
Averaged Train Loss (Regular Model): 0.0001
Averaged Test AUC: 0.9975
Std Test Accurancy: 0.0350
Std Test AUC: 0.0043
------------------------- time cost ------------------------- 17.309496641159058

-------------Round number: 165-------------

Evaluate heterogeneous models
Averaged Test Accuracy (Regular Model): 0.9734
Averaged Train Loss (Regular Model): 0.0001
Averaged Test AUC: 0.9975
Std Test Accurancy: 0.0350
Std Test AUC: 0.0043
------------------------- time cost ------------------------- 15.647885799407959

-------------Round number: 166-------------

Evaluate heterogeneous models
Averaged Test Accuracy (Regular Model): 0.9734
Averaged Train Loss (Regular Model): 0.0001
Averaged Test AUC: 0.9975
Std Test Accurancy: 0.0351
Std Test AUC: 0.0043
------------------------- time cost ------------------------- 16.897348642349243

-------------Round number: 167-------------

Evaluate heterogeneous models
Averaged Test Accuracy (Regular Model): 0.9734
Averaged Train Loss (Regular Model): 0.0001
Averaged Test AUC: 0.9975
Std Test Accurancy: 0.0351
Std Test AUC: 0.0043
------------------------- time cost ------------------------- 16.447048902511597

-------------Round number: 168-------------

Evaluate heterogeneous models
Averaged Test Accuracy (Regular Model): 0.9733
Averaged Train Loss (Regular Model): 0.0001
Averaged Test AUC: 0.9975
Std Test Accurancy: 0.0353
Std Test AUC: 0.0043
------------------------- time cost ------------------------- 16.732250213623047

-------------Round number: 169-------------

Evaluate heterogeneous models
Averaged Test Accuracy (Regular Model): 0.9734
Averaged Train Loss (Regular Model): 0.0001
Averaged Test AUC: 0.9975
Std Test Accurancy: 0.0351
Std Test AUC: 0.0043
------------------------- time cost ------------------------- 16.245716094970703

-------------Round number: 170-------------

Evaluate heterogeneous models
Averaged Test Accuracy (Regular Model): 0.9733
Averaged Train Loss (Regular Model): 0.0001
Averaged Test AUC: 0.9975
Std Test Accurancy: 0.0351
Std Test AUC: 0.0043
------------------------- time cost ------------------------- 16.455287218093872

-------------Round number: 171-------------

Evaluate heterogeneous models
Averaged Test Accuracy (Regular Model): 0.9734
Averaged Train Loss (Regular Model): 0.0001
Averaged Test AUC: 0.9975
Std Test Accurancy: 0.0351
Std Test AUC: 0.0043
------------------------- time cost ------------------------- 16.97790789604187

-------------Round number: 172-------------

Evaluate heterogeneous models
Averaged Test Accuracy (Regular Model): 0.9734
Averaged Train Loss (Regular Model): 0.0001
Averaged Test AUC: 0.9975
Std Test Accurancy: 0.0350
Std Test AUC: 0.0043
------------------------- time cost ------------------------- 14.894977331161499

-------------Round number: 173-------------

Evaluate heterogeneous models
Averaged Test Accuracy (Regular Model): 0.9733
Averaged Train Loss (Regular Model): 0.0001
Averaged Test AUC: 0.9975
Std Test Accurancy: 0.0351
Std Test AUC: 0.0043
------------------------- time cost ------------------------- 15.56411600112915

-------------Round number: 174-------------

Evaluate heterogeneous models
Averaged Test Accuracy (Regular Model): 0.9733
Averaged Train Loss (Regular Model): 0.0001
Averaged Test AUC: 0.9975
Std Test Accurancy: 0.0353
Std Test AUC: 0.0043
------------------------- time cost ------------------------- 17.291448831558228

-------------Round number: 175-------------

Evaluate heterogeneous models
Averaged Test Accuracy (Regular Model): 0.9733
Averaged Train Loss (Regular Model): 0.0001
Averaged Test AUC: 0.9975
Std Test Accurancy: 0.0351
Std Test AUC: 0.0043
------------------------- time cost ------------------------- 16.176172256469727

-------------Round number: 176-------------

Evaluate heterogeneous models
Averaged Test Accuracy (Regular Model): 0.9734
Averaged Train Loss (Regular Model): 0.0001
Averaged Test AUC: 0.9975
Std Test Accurancy: 0.0350
Std Test AUC: 0.0043
------------------------- time cost ------------------------- 16.78501319885254

-------------Round number: 177-------------

Evaluate heterogeneous models
Averaged Test Accuracy (Regular Model): 0.9733
Averaged Train Loss (Regular Model): 0.0001
Averaged Test AUC: 0.9975
Std Test Accurancy: 0.0351
Std Test AUC: 0.0043
------------------------- time cost ------------------------- 15.528849601745605

-------------Round number: 178-------------

Evaluate heterogeneous models
Averaged Test Accuracy (Regular Model): 0.9733
Averaged Train Loss (Regular Model): 0.0001
Averaged Test AUC: 0.9975
Std Test Accurancy: 0.0353
Std Test AUC: 0.0043
------------------------- time cost ------------------------- 17.046319007873535

-------------Round number: 179-------------

Evaluate heterogeneous models
Averaged Test Accuracy (Regular Model): 0.9734
Averaged Train Loss (Regular Model): 0.0001
Averaged Test AUC: 0.9975
Std Test Accurancy: 0.0350
Std Test AUC: 0.0043
------------------------- time cost ------------------------- 17.12113618850708

-------------Round number: 180-------------

Evaluate heterogeneous models
Averaged Test Accuracy (Regular Model): 0.9734
Averaged Train Loss (Regular Model): 0.0001
Averaged Test AUC: 0.9975
Std Test Accurancy: 0.0351
Std Test AUC: 0.0043
------------------------- time cost ------------------------- 16.675594329833984

-------------Round number: 181-------------

Evaluate heterogeneous models
Averaged Test Accuracy (Regular Model): 0.9734
Averaged Train Loss (Regular Model): 0.0001
Averaged Test AUC: 0.9975
Std Test Accurancy: 0.0351
Std Test AUC: 0.0043
------------------------- time cost ------------------------- 16.611860036849976

-------------Round number: 182-------------

Evaluate heterogeneous models
Averaged Test Accuracy (Regular Model): 0.9733
Averaged Train Loss (Regular Model): 0.0001
Averaged Test AUC: 0.9975
Std Test Accurancy: 0.0351
Std Test AUC: 0.0043
------------------------- time cost ------------------------- 17.37374234199524

-------------Round number: 183-------------

Evaluate heterogeneous models
Averaged Test Accuracy (Regular Model): 0.9733
Averaged Train Loss (Regular Model): 0.0001
Averaged Test AUC: 0.9975
Std Test Accurancy: 0.0351
Std Test AUC: 0.0043
------------------------- time cost ------------------------- 16.884581804275513

-------------Round number: 184-------------

Evaluate heterogeneous models
Averaged Test Accuracy (Regular Model): 0.9733
Averaged Train Loss (Regular Model): 0.0001
Averaged Test AUC: 0.9975
Std Test Accurancy: 0.0351
Std Test AUC: 0.0043
------------------------- time cost ------------------------- 15.8930344581604

-------------Round number: 185-------------

Evaluate heterogeneous models
Averaged Test Accuracy (Regular Model): 0.9734
Averaged Train Loss (Regular Model): 0.0001
Averaged Test AUC: 0.9975
Std Test Accurancy: 0.0351
Std Test AUC: 0.0043
------------------------- time cost ------------------------- 14.550331354141235

-------------Round number: 186-------------

Evaluate heterogeneous models
Averaged Test Accuracy (Regular Model): 0.9733
Averaged Train Loss (Regular Model): 0.0001
Averaged Test AUC: 0.9975
Std Test Accurancy: 0.0351
Std Test AUC: 0.0043
------------------------- time cost ------------------------- 15.22432017326355

-------------Round number: 187-------------

Evaluate heterogeneous models
Averaged Test Accuracy (Regular Model): 0.9734
Averaged Train Loss (Regular Model): 0.0001
Averaged Test AUC: 0.9975
Std Test Accurancy: 0.0350
Std Test AUC: 0.0043
------------------------- time cost ------------------------- 15.208492040634155

-------------Round number: 188-------------

Evaluate heterogeneous models
Averaged Test Accuracy (Regular Model): 0.9733
Averaged Train Loss (Regular Model): 0.0001
Averaged Test AUC: 0.9975
Std Test Accurancy: 0.0351
Std Test AUC: 0.0043
------------------------- time cost ------------------------- 16.25579595565796

-------------Round number: 189-------------

Evaluate heterogeneous models
Averaged Test Accuracy (Regular Model): 0.9734
Averaged Train Loss (Regular Model): 0.0001
Averaged Test AUC: 0.9975
Std Test Accurancy: 0.0350
Std Test AUC: 0.0043
------------------------- time cost ------------------------- 17.324074268341064

-------------Round number: 190-------------

Evaluate heterogeneous models
Averaged Test Accuracy (Regular Model): 0.9734
Averaged Train Loss (Regular Model): 0.0001
Averaged Test AUC: 0.9975
Std Test Accurancy: 0.0350
Std Test AUC: 0.0043
------------------------- time cost ------------------------- 16.47940468788147

-------------Round number: 191-------------

Evaluate heterogeneous models
Averaged Test Accuracy (Regular Model): 0.9734
Averaged Train Loss (Regular Model): 0.0001
Averaged Test AUC: 0.9975
Std Test Accurancy: 0.0351
Std Test AUC: 0.0043
------------------------- time cost ------------------------- 16.817628860473633

-------------Round number: 192-------------

Evaluate heterogeneous models
Averaged Test Accuracy (Regular Model): 0.9734
Averaged Train Loss (Regular Model): 0.0001
Averaged Test AUC: 0.9975
Std Test Accurancy: 0.0351
Std Test AUC: 0.0043
------------------------- time cost ------------------------- 16.758098125457764

-------------Round number: 193-------------

Evaluate heterogeneous models
Averaged Test Accuracy (Regular Model): 0.9733
Averaged Train Loss (Regular Model): 0.0001
Averaged Test AUC: 0.9975
Std Test Accurancy: 0.0353
Std Test AUC: 0.0043
------------------------- time cost ------------------------- 16.819865226745605

-------------Round number: 194-------------

Evaluate heterogeneous models
Averaged Test Accuracy (Regular Model): 0.9734
Averaged Train Loss (Regular Model): 0.0001
Averaged Test AUC: 0.9975
Std Test Accurancy: 0.0351
Std Test AUC: 0.0043
------------------------- time cost ------------------------- 16.93496823310852

-------------Round number: 195-------------

Evaluate heterogeneous models
Averaged Test Accuracy (Regular Model): 0.9733
Averaged Train Loss (Regular Model): 0.0001
Averaged Test AUC: 0.9975
Std Test Accurancy: 0.0351
Std Test AUC: 0.0043
------------------------- time cost ------------------------- 16.550400018692017

-------------Round number: 196-------------

Evaluate heterogeneous models
Averaged Test Accuracy (Regular Model): 0.9733
Averaged Train Loss (Regular Model): 0.0001
Averaged Test AUC: 0.9975
Std Test Accurancy: 0.0351
Std Test AUC: 0.0043
------------------------- time cost ------------------------- 16.61121702194214

-------------Round number: 197-------------

Evaluate heterogeneous models
Averaged Test Accuracy (Regular Model): 0.9733
Averaged Train Loss (Regular Model): 0.0000
Averaged Test AUC: 0.9975
Std Test Accurancy: 0.0351
Std Test AUC: 0.0043
------------------------- time cost ------------------------- 17.39992117881775

-------------Round number: 198-------------

Evaluate heterogeneous models
Averaged Test Accuracy (Regular Model): 0.9733
Averaged Train Loss (Regular Model): 0.0000
Averaged Test AUC: 0.9975
Std Test Accurancy: 0.0351
Std Test AUC: 0.0043
------------------------- time cost ------------------------- 16.49562430381775

-------------Round number: 199-------------

Evaluate heterogeneous models
Averaged Test Accuracy (Regular Model): 0.9733
Averaged Train Loss (Regular Model): 0.0000
Averaged Test AUC: 0.9975
Std Test Accurancy: 0.0350
Std Test AUC: 0.0043
------------------------- time cost ------------------------- 17.133239269256592

-------------Round number: 200-------------

Evaluate heterogeneous models
Averaged Test Accuracy (Regular Model): 0.9734
Averaged Train Loss (Regular Model): 0.0000
Averaged Test AUC: 0.9975
Std Test Accurancy: 0.0350
Std Test AUC: 0.0043

Best accuracy.
0.9735594769002341

Average time cost per round.
16.527421216964722
File path: ../results/FashionMNIST_dir_0.1_imbalance_40_FedGen_test_0.h5

Average time cost: 3525.17s.
Length:  201
std for best accurancy: 0.0
mean for best accurancy: 0.9735594769002341
All done!

Storage on cpu
-------------------------------------------------------------------------------
Total Tensors: 5530 	Used Memory: 40.50K
-------------------------------------------------------------------------------

Storage on cuda:0
-------------------------------------------------------------------------------
Total Tensors: 410400 	Used Memory: 1.60M
The allocated memory on cuda:0: 1.60M
-------------------------------------------------------------------------------
