==================================================
goal = test
device = cuda
device_id = 0
dataset = FashionMNIST_dir_0.1_imbalance_40
num_classes = 10
model_family = HCNNs8
batch_size = 256
num_workers = 0
local_learning_rate = 0.06
use_decay_scheduler = False
learning_rate_decay = False
learning_rate_decay_gamma = 0.99
global_rounds = 200
edge_epochs = 1
local_epochs = 5
algorithm = Local
join_ratio = 1.0
random_join_ratio = False
num_clients = 40
num_edges = 10
prev = 0
times = 1
eval_gap = 1
save_folder_name = temp
auto_break = False
feature_dim = 512
vocab_size = 98635
max_len = 200
client_drop_rate = 0.0
train_slow_rate = 0.0
send_slow_rate = 0.0
time_select = False
time_threthold = 10000
optimizer = SGD
lamda = 1.0
weight_decay = 0
trans_delay_simulate = False
momentum = 0.8
agg_type = 0
buffersize = 10
gl_use_clients = 1
test_useglclassifier = 1
gamma = 1
drawtsne = 1
drawround = 20
noise_dim = 512
generator_learning_rate = 0.0001
hidden_dim = 512
server_epochs = 100
alpha = 1.0
beta = 1.0
mentee_learning_rate = 0.005
T_start = 0.95
T_end = 0.98
server_learning_rate = 0.01
margin_threthold = 100.0
generator_path = stylegan/stylegan-xl-models/imagenet64.pkl
stable_diffusion_prompt = a cat
server_batch_size = 100
gen_batch_size = 4
mu = 50.0
==================================================
Random seed set as 42

============= Running time: 0th =============
Creating server and clients ...
CNN(num_cov=1, hidden_dims=[], in_features=1, num_classes=args.num_classes)
CNN(num_cov=2, hidden_dims=[], in_features=1, num_classes=args.num_classes)
CNN(num_cov=1, hidden_dims=[512], in_features=1, num_classes=args.num_classes)
CNN(num_cov=2, hidden_dims=[512], in_features=1, num_classes=args.num_classes)
CNN(num_cov=1, hidden_dims=[1024], in_features=1, num_classes=args.num_classes)
CNN(num_cov=2, hidden_dims=[1024], in_features=1, num_classes=args.num_classes)
CNN(num_cov=1, hidden_dims=[1024, 512], in_features=1, num_classes=args.num_classes)
CNN(num_cov=2, hidden_dims=[1024, 512], in_features=1, num_classes=args.num_classes)
CNN(num_cov=1, hidden_dims=[], in_features=1, num_classes=args.num_classes) model chosen!
id 0
label_counts: defaultdict(<class 'int'>, {7: 1486, 2: 18, 6: 1})
CNN(num_cov=2, hidden_dims=[], in_features=1, num_classes=args.num_classes) model chosen!
id 1
label_counts: defaultdict(<class 'int'>, {6: 128, 2: 23, 4: 74, 1: 141, 5: 907, 0: 64})
CNN(num_cov=1, hidden_dims=[512], in_features=1, num_classes=args.num_classes) model chosen!
id 2
label_counts: defaultdict(<class 'int'>, {3: 903, 0: 187, 2: 364})
CNN(num_cov=2, hidden_dims=[512], in_features=1, num_classes=args.num_classes) model chosen!
id 3
label_counts: defaultdict(<class 'int'>, {5: 157, 6: 498, 7: 4})
CNN(num_cov=1, hidden_dims=[1024], in_features=1, num_classes=args.num_classes) model chosen!
id 4
label_counts: defaultdict(<class 'int'>, {6: 712, 3: 83, 1: 39, 7: 11, 4: 2, 5: 2})
CNN(num_cov=2, hidden_dims=[1024], in_features=1, num_classes=args.num_classes) model chosen!
id 5
label_counts: defaultdict(<class 'int'>, {5: 1671, 0: 176, 2: 1})
CNN(num_cov=1, hidden_dims=[1024, 512], in_features=1, num_classes=args.num_classes) model chosen!
id 6
label_counts: defaultdict(<class 'int'>, {0: 185, 4: 494, 6: 351, 5: 40, 3: 10})
CNN(num_cov=2, hidden_dims=[1024, 512], in_features=1, num_classes=args.num_classes) model chosen!
id 7
label_counts: defaultdict(<class 'int'>, {8: 1071, 7: 88, 1: 11, 2: 5, 6: 1, 9: 1, 0: 1})
CNN(num_cov=1, hidden_dims=[], in_features=1, num_classes=args.num_classes) model chosen!
id 8
label_counts: defaultdict(<class 'int'>, {4: 595, 3: 633, 9: 21, 1: 2})
CNN(num_cov=2, hidden_dims=[], in_features=1, num_classes=args.num_classes) model chosen!
id 9
label_counts: defaultdict(<class 'int'>, {3: 592, 0: 983, 2: 17, 1: 1})
CNN(num_cov=1, hidden_dims=[512], in_features=1, num_classes=args.num_classes) model chosen!
id 10
label_counts: defaultdict(<class 'int'>, {8: 386, 3: 6, 2: 2, 6: 8})
CNN(num_cov=2, hidden_dims=[512], in_features=1, num_classes=args.num_classes) model chosen!
id 11
label_counts: defaultdict(<class 'int'>, {9: 280, 4: 95, 6: 1, 2: 13, 7: 3, 0: 1})
CNN(num_cov=1, hidden_dims=[1024], in_features=1, num_classes=args.num_classes) model chosen!
id 12
label_counts: defaultdict(<class 'int'>, {1: 1691, 0: 569})
CNN(num_cov=2, hidden_dims=[1024], in_features=1, num_classes=args.num_classes) model chosen!
id 13
label_counts: defaultdict(<class 'int'>, {2: 776, 1: 161, 6: 174, 7: 15, 8: 31, 3: 156, 5: 1})
CNN(num_cov=1, hidden_dims=[1024, 512], in_features=1, num_classes=args.num_classes) model chosen!
id 14
label_counts: defaultdict(<class 'int'>, {3: 247, 8: 61, 5: 46})
CNN(num_cov=2, hidden_dims=[1024, 512], in_features=1, num_classes=args.num_classes) model chosen!
id 15
label_counts: defaultdict(<class 'int'>, {5: 445, 2: 802, 9: 96, 1: 52, 3: 11, 0: 1})
CNN(num_cov=1, hidden_dims=[], in_features=1, num_classes=args.num_classes) model chosen!
id 16
label_counts: defaultdict(<class 'int'>, {2: 619, 0: 5, 3: 21, 9: 1})
CNN(num_cov=2, hidden_dims=[], in_features=1, num_classes=args.num_classes) model chosen!
id 17
label_counts: defaultdict(<class 'int'>, {0: 404, 2: 27, 6: 5, 5: 3, 7: 4, 3: 1})
CNN(num_cov=1, hidden_dims=[512], in_features=1, num_classes=args.num_classes) model chosen!
id 18
label_counts: defaultdict(<class 'int'>, {9: 357, 7: 31, 4: 5, 8: 3})
CNN(num_cov=2, hidden_dims=[512], in_features=1, num_classes=args.num_classes) model chosen!
id 19
label_counts: defaultdict(<class 'int'>, {9: 716, 7: 20, 8: 2})
CNN(num_cov=1, hidden_dims=[1024], in_features=1, num_classes=args.num_classes) model chosen!
id 20
label_counts: defaultdict(<class 'int'>, {9: 672, 5: 198, 0: 3, 1: 2, 6: 1})
CNN(num_cov=2, hidden_dims=[1024], in_features=1, num_classes=args.num_classes) model chosen!
id 21
label_counts: defaultdict(<class 'int'>, {6: 3263, 1: 578, 3: 141, 5: 73, 2: 1})
CNN(num_cov=1, hidden_dims=[1024, 512], in_features=1, num_classes=args.num_classes) model chosen!
id 22
label_counts: defaultdict(<class 'int'>, {9: 2370, 2: 63, 1: 46, 7: 2})
CNN(num_cov=2, hidden_dims=[1024, 512], in_features=1, num_classes=args.num_classes) model chosen!
id 23
label_counts: defaultdict(<class 'int'>, {9: 360, 4: 40, 0: 5, 1: 19, 8: 4})
CNN(num_cov=1, hidden_dims=[], in_features=1, num_classes=args.num_classes) model chosen!
id 24
label_counts: defaultdict(<class 'int'>, {3: 992, 6: 49, 9: 28, 2: 4})
CNN(num_cov=2, hidden_dims=[], in_features=1, num_classes=args.num_classes) model chosen!
id 25
label_counts: defaultdict(<class 'int'>, {7: 602, 8: 1902, 2: 180})
CNN(num_cov=1, hidden_dims=[512], in_features=1, num_classes=args.num_classes) model chosen!
id 26
label_counts: defaultdict(<class 'int'>, {7: 1823, 3: 55, 0: 710, 4: 101, 1: 214, 5: 7})
CNN(num_cov=2, hidden_dims=[512], in_features=1, num_classes=args.num_classes) model chosen!
id 27
label_counts: defaultdict(<class 'int'>, {0: 253, 2: 295, 6: 15, 3: 28, 1: 9})
CNN(num_cov=1, hidden_dims=[1024], in_features=1, num_classes=args.num_classes) model chosen!
id 28
label_counts: defaultdict(<class 'int'>, {9: 250, 0: 249, 4: 500, 6: 5, 8: 5, 3: 1, 5: 2})
CNN(num_cov=2, hidden_dims=[1024], in_features=1, num_classes=args.num_classes) model chosen!
id 29
label_counts: defaultdict(<class 'int'>, {5: 914, 6: 5, 1: 20, 9: 3})
CNN(num_cov=1, hidden_dims=[1024, 512], in_features=1, num_classes=args.num_classes) model chosen!
id 30
label_counts: defaultdict(<class 'int'>, {3: 253, 7: 708, 2: 384})
CNN(num_cov=2, hidden_dims=[1024, 512], in_features=1, num_classes=args.num_classes) model chosen!
id 31
label_counts: defaultdict(<class 'int'>, {0: 279, 9: 92, 7: 269, 8: 14, 1: 19, 5: 2})
CNN(num_cov=1, hidden_dims=[], in_features=1, num_classes=args.num_classes) model chosen!
id 32
label_counts: defaultdict(<class 'int'>, {5: 748, 2: 239, 3: 354, 4: 12})
CNN(num_cov=2, hidden_dims=[], in_features=1, num_classes=args.num_classes) model chosen!
id 33
label_counts: defaultdict(<class 'int'>, {1: 985, 0: 320, 3: 122})
CNN(num_cov=1, hidden_dims=[512], in_features=1, num_classes=args.num_classes) model chosen!
id 34
label_counts: defaultdict(<class 'int'>, {2: 1409, 1: 79})
CNN(num_cov=2, hidden_dims=[512], in_features=1, num_classes=args.num_classes) model chosen!
id 35
label_counts: defaultdict(<class 'int'>, {4: 2966, 0: 161, 1: 2})
CNN(num_cov=1, hidden_dims=[1024], in_features=1, num_classes=args.num_classes) model chosen!
id 36
label_counts: defaultdict(<class 'int'>, {1: 1198, 7: 171, 3: 3, 5: 10})
CNN(num_cov=2, hidden_dims=[1024], in_features=1, num_classes=args.num_classes) model chosen!
id 37
label_counts: defaultdict(<class 'int'>, {3: 642, 0: 148, 4: 103, 5: 51, 9: 11, 1: 1})
CNN(num_cov=1, hidden_dims=[1024, 512], in_features=1, num_classes=args.num_classes) model chosen!
id 38
label_counts: defaultdict(<class 'int'>, {0: 494, 5: 8, 8: 9, 7: 1})
CNN(num_cov=2, hidden_dims=[1024, 512], in_features=1, num_classes=args.num_classes) model chosen!
id 39
label_counts: defaultdict(<class 'int'>, {8: 1743, 4: 256, 7: 32, 6: 15, 0: 1, 2: 1, 1: 1, 3: 1, 9: 1, 5: 1})

Join ratio / total clients: 1.0 / 40
Finished creating server and clients.
------------------------- time cost ------------------------- 7.395904302597046

-------------Round number: 0-------------

Evaluate heterogeneous models
Averaged Test Accuracy (Regular Model): 0.9172
Averaged Train Loss (Regular Model): 0.3713
Averaged Test AUC: 0.9826
Std Test Accurancy: 0.1161
Std Test AUC: 0.0241
------------------------- time cost ------------------------- 7.61873197555542

-------------Round number: 1-------------

Evaluate heterogeneous models
Averaged Test Accuracy (Regular Model): 0.9194
Averaged Train Loss (Regular Model): 0.1860
Averaged Test AUC: 0.9861
Std Test Accurancy: 0.1474
Std Test AUC: 0.0195
------------------------- time cost ------------------------- 7.684140920639038

-------------Round number: 2-------------

Evaluate heterogeneous models
Averaged Test Accuracy (Regular Model): 0.9625
Averaged Train Loss (Regular Model): 0.1285
Averaged Test AUC: 0.9909
Std Test Accurancy: 0.0513
Std Test AUC: 0.0118
------------------------- time cost ------------------------- 8.010602235794067

-------------Round number: 3-------------

Evaluate heterogeneous models
Averaged Test Accuracy (Regular Model): 0.9640
Averaged Train Loss (Regular Model): 0.1005
Averaged Test AUC: 0.9922
Std Test Accurancy: 0.0495
Std Test AUC: 0.0105
------------------------- time cost ------------------------- 7.964231967926025

-------------Round number: 4-------------

Evaluate heterogeneous models
Averaged Test Accuracy (Regular Model): 0.9661
Averaged Train Loss (Regular Model): 0.0916
Averaged Test AUC: 0.9924
Std Test Accurancy: 0.0435
Std Test AUC: 0.0102
------------------------- time cost ------------------------- 7.762167692184448

-------------Round number: 5-------------

Evaluate heterogeneous models
Averaged Test Accuracy (Regular Model): 0.9659
Averaged Train Loss (Regular Model): 0.0775
Averaged Test AUC: 0.9927
Std Test Accurancy: 0.0466
Std Test AUC: 0.0098
------------------------- time cost ------------------------- 7.8959879875183105

-------------Round number: 6-------------

Evaluate heterogeneous models
Averaged Test Accuracy (Regular Model): 0.9706
Averaged Train Loss (Regular Model): 0.0629
Averaged Test AUC: 0.9933
Std Test Accurancy: 0.0349
Std Test AUC: 0.0088
------------------------- time cost ------------------------- 7.883293390274048

-------------Round number: 7-------------

Evaluate heterogeneous models
Averaged Test Accuracy (Regular Model): 0.9702
Averaged Train Loss (Regular Model): 0.0620
Averaged Test AUC: 0.9936
Std Test Accurancy: 0.0430
Std Test AUC: 0.0088
------------------------- time cost ------------------------- 8.534637928009033

-------------Round number: 8-------------

Evaluate heterogeneous models
Averaged Test Accuracy (Regular Model): 0.9670
Averaged Train Loss (Regular Model): 0.0482
Averaged Test AUC: 0.9938
Std Test Accurancy: 0.0382
Std Test AUC: 0.0079
------------------------- time cost ------------------------- 7.897853136062622

-------------Round number: 9-------------

Evaluate heterogeneous models
Averaged Test Accuracy (Regular Model): 0.9715
Averaged Train Loss (Regular Model): 0.0347
Averaged Test AUC: 0.9942
Std Test Accurancy: 0.0379
Std Test AUC: 0.0073
------------------------- time cost ------------------------- 7.971153259277344

-------------Round number: 10-------------

Evaluate heterogeneous models
Averaged Test Accuracy (Regular Model): 0.9713
Averaged Train Loss (Regular Model): 0.0321
Averaged Test AUC: 0.9946
Std Test Accurancy: 0.0361
Std Test AUC: 0.0073
------------------------- time cost ------------------------- 7.987294435501099

-------------Round number: 11-------------

Evaluate heterogeneous models
Averaged Test Accuracy (Regular Model): 0.9713
Averaged Train Loss (Regular Model): 0.0272
Averaged Test AUC: 0.9947
Std Test Accurancy: 0.0404
Std Test AUC: 0.0069
------------------------- time cost ------------------------- 8.003228902816772

-------------Round number: 12-------------

Evaluate heterogeneous models
Averaged Test Accuracy (Regular Model): 0.9730
Averaged Train Loss (Regular Model): 0.0223
Averaged Test AUC: 0.9948
Std Test Accurancy: 0.0351
Std Test AUC: 0.0069
------------------------- time cost ------------------------- 7.868351221084595

-------------Round number: 13-------------

Evaluate heterogeneous models
Averaged Test Accuracy (Regular Model): 0.9724
Averaged Train Loss (Regular Model): 0.0188
Averaged Test AUC: 0.9947
Std Test Accurancy: 0.0343
Std Test AUC: 0.0067
------------------------- time cost ------------------------- 7.952597618103027

-------------Round number: 14-------------

Evaluate heterogeneous models
Averaged Test Accuracy (Regular Model): 0.9724
Averaged Train Loss (Regular Model): 0.0161
Averaged Test AUC: 0.9948
Std Test Accurancy: 0.0345
Std Test AUC: 0.0067
------------------------- time cost ------------------------- 7.846479415893555

-------------Round number: 15-------------

Evaluate heterogeneous models
Averaged Test Accuracy (Regular Model): 0.9705
Averaged Train Loss (Regular Model): 0.0159
Averaged Test AUC: 0.9944
Std Test Accurancy: 0.0431
Std Test AUC: 0.0082
------------------------- time cost ------------------------- 7.683280944824219

-------------Round number: 16-------------

Evaluate heterogeneous models
Averaged Test Accuracy (Regular Model): 0.9708
Averaged Train Loss (Regular Model): 0.0183
Averaged Test AUC: 0.9946
Std Test Accurancy: 0.0350
Std Test AUC: 0.0067
------------------------- time cost ------------------------- 7.711629629135132

-------------Round number: 17-------------

Evaluate heterogeneous models
Averaged Test Accuracy (Regular Model): 0.9728
Averaged Train Loss (Regular Model): 0.0147
Averaged Test AUC: 0.9949
Std Test Accurancy: 0.0344
Std Test AUC: 0.0066
------------------------- time cost ------------------------- 7.739779233932495

-------------Round number: 18-------------

Evaluate heterogeneous models
Averaged Test Accuracy (Regular Model): 0.9722
Averaged Train Loss (Regular Model): 0.0105
Averaged Test AUC: 0.9948
Std Test Accurancy: 0.0355
Std Test AUC: 0.0067
------------------------- time cost ------------------------- 7.777872562408447

-------------Round number: 19-------------

Evaluate heterogeneous models
Averaged Test Accuracy (Regular Model): 0.9716
Averaged Train Loss (Regular Model): 0.0088
Averaged Test AUC: 0.9947
Std Test Accurancy: 0.0349
Std Test AUC: 0.0068
------------------------- time cost ------------------------- 7.9420411586761475

-------------Round number: 20-------------

Evaluate heterogeneous models
Averaged Test Accuracy (Regular Model): 0.9724
Averaged Train Loss (Regular Model): 0.0069
Averaged Test AUC: 0.9948
Std Test Accurancy: 0.0346
Std Test AUC: 0.0067
------------------------- time cost ------------------------- 7.907613039016724

-------------Round number: 21-------------

Evaluate heterogeneous models
Averaged Test Accuracy (Regular Model): 0.9715
Averaged Train Loss (Regular Model): 0.0075
Averaged Test AUC: 0.9947
Std Test Accurancy: 0.0362
Std Test AUC: 0.0069
------------------------- time cost ------------------------- 7.814938068389893

-------------Round number: 22-------------

Evaluate heterogeneous models
Averaged Test Accuracy (Regular Model): 0.9725
Averaged Train Loss (Regular Model): 0.0109
Averaged Test AUC: 0.9949
Std Test Accurancy: 0.0334
Std Test AUC: 0.0066
------------------------- time cost ------------------------- 7.601606130599976

-------------Round number: 23-------------

Evaluate heterogeneous models
Averaged Test Accuracy (Regular Model): 0.9726
Averaged Train Loss (Regular Model): 0.0059
Averaged Test AUC: 0.9949
Std Test Accurancy: 0.0335
Std Test AUC: 0.0065
------------------------- time cost ------------------------- 7.663947343826294

-------------Round number: 24-------------

Evaluate heterogeneous models
Averaged Test Accuracy (Regular Model): 0.9721
Averaged Train Loss (Regular Model): 0.0043
Averaged Test AUC: 0.9950
Std Test Accurancy: 0.0344
Std Test AUC: 0.0065
------------------------- time cost ------------------------- 8.005093574523926

-------------Round number: 25-------------

Evaluate heterogeneous models
Averaged Test Accuracy (Regular Model): 0.9720
Averaged Train Loss (Regular Model): 0.0038
Averaged Test AUC: 0.9949
Std Test Accurancy: 0.0361
Std Test AUC: 0.0066
------------------------- time cost ------------------------- 7.939535140991211

-------------Round number: 26-------------

Evaluate heterogeneous models
Averaged Test Accuracy (Regular Model): 0.9720
Averaged Train Loss (Regular Model): 0.0064
Averaged Test AUC: 0.9949
Std Test Accurancy: 0.0360
Std Test AUC: 0.0068
------------------------- time cost ------------------------- 7.846338987350464

-------------Round number: 27-------------

Evaluate heterogeneous models
Averaged Test Accuracy (Regular Model): 0.9720
Averaged Train Loss (Regular Model): 0.0037
Averaged Test AUC: 0.9950
Std Test Accurancy: 0.0347
Std Test AUC: 0.0066
------------------------- time cost ------------------------- 7.778713941574097

-------------Round number: 28-------------

Evaluate heterogeneous models
Averaged Test Accuracy (Regular Model): 0.9718
Averaged Train Loss (Regular Model): 0.0025
Averaged Test AUC: 0.9950
Std Test Accurancy: 0.0362
Std Test AUC: 0.0065
------------------------- time cost ------------------------- 7.758402347564697

-------------Round number: 29-------------

Evaluate heterogeneous models
Averaged Test Accuracy (Regular Model): 0.9718
Averaged Train Loss (Regular Model): 0.0021
Averaged Test AUC: 0.9951
Std Test Accurancy: 0.0347
Std Test AUC: 0.0064
------------------------- time cost ------------------------- 7.779107093811035

-------------Round number: 30-------------

Evaluate heterogeneous models
Averaged Test Accuracy (Regular Model): 0.9718
Averaged Train Loss (Regular Model): 0.0032
Averaged Test AUC: 0.9951
Std Test Accurancy: 0.0345
Std Test AUC: 0.0065
------------------------- time cost ------------------------- 7.681082487106323

-------------Round number: 31-------------

Evaluate heterogeneous models
Averaged Test Accuracy (Regular Model): 0.9720
Averaged Train Loss (Regular Model): 0.0016
Averaged Test AUC: 0.9951
Std Test Accurancy: 0.0350
Std Test AUC: 0.0064
------------------------- time cost ------------------------- 7.384168386459351

-------------Round number: 32-------------

Evaluate heterogeneous models
Averaged Test Accuracy (Regular Model): 0.9716
Averaged Train Loss (Regular Model): 0.0014
Averaged Test AUC: 0.9951
Std Test Accurancy: 0.0356
Std Test AUC: 0.0064
------------------------- time cost ------------------------- 7.166153192520142

-------------Round number: 33-------------

Evaluate heterogeneous models
Averaged Test Accuracy (Regular Model): 0.9717
Averaged Train Loss (Regular Model): 0.0013
Averaged Test AUC: 0.9951
Std Test Accurancy: 0.0356
Std Test AUC: 0.0064
------------------------- time cost ------------------------- 7.037372827529907

-------------Round number: 34-------------

Evaluate heterogeneous models
Averaged Test Accuracy (Regular Model): 0.9724
Averaged Train Loss (Regular Model): 0.0027
Averaged Test AUC: 0.9956
Std Test Accurancy: 0.0345
Std Test AUC: 0.0058
------------------------- time cost ------------------------- 6.8685877323150635

-------------Round number: 35-------------

Evaluate heterogeneous models
Averaged Test Accuracy (Regular Model): 0.9724
Averaged Train Loss (Regular Model): 0.0017
Averaged Test AUC: 0.9955
Std Test Accurancy: 0.0348
Std Test AUC: 0.0059
------------------------- time cost ------------------------- 6.997581481933594

-------------Round number: 36-------------

Evaluate heterogeneous models
Averaged Test Accuracy (Regular Model): 0.9721
Averaged Train Loss (Regular Model): 0.0014
Averaged Test AUC: 0.9954
Std Test Accurancy: 0.0350
Std Test AUC: 0.0060
------------------------- time cost ------------------------- 7.087141990661621

-------------Round number: 37-------------

Evaluate heterogeneous models
Averaged Test Accuracy (Regular Model): 0.9719
Averaged Train Loss (Regular Model): 0.0012
Averaged Test AUC: 0.9954
Std Test Accurancy: 0.0352
Std Test AUC: 0.0061
------------------------- time cost ------------------------- 7.211752891540527

-------------Round number: 38-------------

Evaluate heterogeneous models
Averaged Test Accuracy (Regular Model): 0.9721
Averaged Train Loss (Regular Model): 0.0010
Averaged Test AUC: 0.9954
Std Test Accurancy: 0.0346
Std Test AUC: 0.0061
------------------------- time cost ------------------------- 7.773119688034058

-------------Round number: 39-------------

Evaluate heterogeneous models
Averaged Test Accuracy (Regular Model): 0.9721
Averaged Train Loss (Regular Model): 0.0009
Averaged Test AUC: 0.9954
Std Test Accurancy: 0.0348
Std Test AUC: 0.0060
------------------------- time cost ------------------------- 7.86729621887207

-------------Round number: 40-------------

Evaluate heterogeneous models
Averaged Test Accuracy (Regular Model): 0.9723
Averaged Train Loss (Regular Model): 0.0008
Averaged Test AUC: 0.9954
Std Test Accurancy: 0.0347
Std Test AUC: 0.0060
------------------------- time cost ------------------------- 7.886868000030518

-------------Round number: 41-------------

Evaluate heterogeneous models
Averaged Test Accuracy (Regular Model): 0.9721
Averaged Train Loss (Regular Model): 0.0007
Averaged Test AUC: 0.9954
Std Test Accurancy: 0.0347
Std Test AUC: 0.0060
------------------------- time cost ------------------------- 7.919142246246338

-------------Round number: 42-------------

Evaluate heterogeneous models
Averaged Test Accuracy (Regular Model): 0.9720
Averaged Train Loss (Regular Model): 0.0008
Averaged Test AUC: 0.9954
Std Test Accurancy: 0.0344
Std Test AUC: 0.0060
------------------------- time cost ------------------------- 7.977653741836548

-------------Round number: 43-------------

Evaluate heterogeneous models
Averaged Test Accuracy (Regular Model): 0.9720
Averaged Train Loss (Regular Model): 0.0007
Averaged Test AUC: 0.9954
Std Test Accurancy: 0.0349
Std Test AUC: 0.0061
------------------------- time cost ------------------------- 7.970473766326904

-------------Round number: 44-------------

Evaluate heterogeneous models
Averaged Test Accuracy (Regular Model): 0.9720
Averaged Train Loss (Regular Model): 0.0006
Averaged Test AUC: 0.9954
Std Test Accurancy: 0.0349
Std Test AUC: 0.0060
------------------------- time cost ------------------------- 7.16573166847229

-------------Round number: 45-------------

Evaluate heterogeneous models
Averaged Test Accuracy (Regular Model): 0.9718
Averaged Train Loss (Regular Model): 0.0005
Averaged Test AUC: 0.9954
Std Test Accurancy: 0.0346
Std Test AUC: 0.0060
------------------------- time cost ------------------------- 7.254427909851074

-------------Round number: 46-------------

Evaluate heterogeneous models
Averaged Test Accuracy (Regular Model): 0.9718
Averaged Train Loss (Regular Model): 0.0005
Averaged Test AUC: 0.9954
Std Test Accurancy: 0.0351
Std Test AUC: 0.0060
------------------------- time cost ------------------------- 7.238184452056885

-------------Round number: 47-------------

Evaluate heterogeneous models
Averaged Test Accuracy (Regular Model): 0.9718
Averaged Train Loss (Regular Model): 0.0005
Averaged Test AUC: 0.9954
Std Test Accurancy: 0.0345
Std Test AUC: 0.0060
------------------------- time cost ------------------------- 7.900937080383301

-------------Round number: 48-------------

Evaluate heterogeneous models
Averaged Test Accuracy (Regular Model): 0.9718
Averaged Train Loss (Regular Model): 0.0004
Averaged Test AUC: 0.9954
Std Test Accurancy: 0.0345
Std Test AUC: 0.0060
------------------------- time cost ------------------------- 8.028740644454956

-------------Round number: 49-------------

Evaluate heterogeneous models
Averaged Test Accuracy (Regular Model): 0.9714
Averaged Train Loss (Regular Model): 0.0005
Averaged Test AUC: 0.9955
Std Test Accurancy: 0.0352
Std Test AUC: 0.0059
------------------------- time cost ------------------------- 8.030776500701904

-------------Round number: 50-------------

Evaluate heterogeneous models
Averaged Test Accuracy (Regular Model): 0.9714
Averaged Train Loss (Regular Model): 0.0004
Averaged Test AUC: 0.9955
Std Test Accurancy: 0.0352
Std Test AUC: 0.0060
------------------------- time cost ------------------------- 7.924009084701538

-------------Round number: 51-------------

Evaluate heterogeneous models
Averaged Test Accuracy (Regular Model): 0.9716
Averaged Train Loss (Regular Model): 0.0004
Averaged Test AUC: 0.9955
Std Test Accurancy: 0.0349
Std Test AUC: 0.0059
------------------------- time cost ------------------------- 7.884517669677734

-------------Round number: 52-------------

Evaluate heterogeneous models
Averaged Test Accuracy (Regular Model): 0.9717
Averaged Train Loss (Regular Model): 0.0004
Averaged Test AUC: 0.9955
Std Test Accurancy: 0.0350
Std Test AUC: 0.0059
------------------------- time cost ------------------------- 7.89621376991272

-------------Round number: 53-------------

Evaluate heterogeneous models
Averaged Test Accuracy (Regular Model): 0.9716
Averaged Train Loss (Regular Model): 0.0003
Averaged Test AUC: 0.9955
Std Test Accurancy: 0.0349
Std Test AUC: 0.0059
------------------------- time cost ------------------------- 7.8250086307525635

-------------Round number: 54-------------

Evaluate heterogeneous models
Averaged Test Accuracy (Regular Model): 0.9716
Averaged Train Loss (Regular Model): 0.0008
Averaged Test AUC: 0.9955
Std Test Accurancy: 0.0353
Std Test AUC: 0.0059
------------------------- time cost ------------------------- 7.5508973598480225

-------------Round number: 55-------------

Evaluate heterogeneous models
Averaged Test Accuracy (Regular Model): 0.9716
Averaged Train Loss (Regular Model): 0.0004
Averaged Test AUC: 0.9955
Std Test Accurancy: 0.0345
Std Test AUC: 0.0059
------------------------- time cost ------------------------- 7.9644505977630615

-------------Round number: 56-------------

Evaluate heterogeneous models
Averaged Test Accuracy (Regular Model): 0.9716
Averaged Train Loss (Regular Model): 0.0003
Averaged Test AUC: 0.9955
Std Test Accurancy: 0.0350
Std Test AUC: 0.0059
------------------------- time cost ------------------------- 7.906992197036743

-------------Round number: 57-------------

Evaluate heterogeneous models
Averaged Test Accuracy (Regular Model): 0.9716
Averaged Train Loss (Regular Model): 0.0003
Averaged Test AUC: 0.9955
Std Test Accurancy: 0.0347
Std Test AUC: 0.0059
------------------------- time cost ------------------------- 7.9354023933410645

-------------Round number: 58-------------

Evaluate heterogeneous models
Averaged Test Accuracy (Regular Model): 0.9716
Averaged Train Loss (Regular Model): 0.0003
Averaged Test AUC: 0.9955
Std Test Accurancy: 0.0346
Std Test AUC: 0.0059
------------------------- time cost ------------------------- 7.598816871643066

-------------Round number: 59-------------

Evaluate heterogeneous models
Averaged Test Accuracy (Regular Model): 0.9715
Averaged Train Loss (Regular Model): 0.0003
Averaged Test AUC: 0.9955
Std Test Accurancy: 0.0351
Std Test AUC: 0.0059
------------------------- time cost ------------------------- 7.490625619888306

-------------Round number: 60-------------

Evaluate heterogeneous models
Averaged Test Accuracy (Regular Model): 0.9716
Averaged Train Loss (Regular Model): 0.0003
Averaged Test AUC: 0.9955
Std Test Accurancy: 0.0345
Std Test AUC: 0.0059
------------------------- time cost ------------------------- 6.848360061645508

-------------Round number: 61-------------

Evaluate heterogeneous models
Averaged Test Accuracy (Regular Model): 0.9717
Averaged Train Loss (Regular Model): 0.0003
Averaged Test AUC: 0.9955
Std Test Accurancy: 0.0345
Std Test AUC: 0.0059
------------------------- time cost ------------------------- 6.7923455238342285

-------------Round number: 62-------------

Evaluate heterogeneous models
Averaged Test Accuracy (Regular Model): 0.9717
Averaged Train Loss (Regular Model): 0.0002
Averaged Test AUC: 0.9955
Std Test Accurancy: 0.0345
Std Test AUC: 0.0059
------------------------- time cost ------------------------- 6.841180324554443

-------------Round number: 63-------------

Evaluate heterogeneous models
Averaged Test Accuracy (Regular Model): 0.9716
Averaged Train Loss (Regular Model): 0.0002
Averaged Test AUC: 0.9955
Std Test Accurancy: 0.0352
Std Test AUC: 0.0059
------------------------- time cost ------------------------- 7.231049537658691

-------------Round number: 64-------------

Evaluate heterogeneous models
Averaged Test Accuracy (Regular Model): 0.9716
Averaged Train Loss (Regular Model): 0.0002
Averaged Test AUC: 0.9955
Std Test Accurancy: 0.0347
Std Test AUC: 0.0059
------------------------- time cost ------------------------- 7.808038949966431

-------------Round number: 65-------------

Evaluate heterogeneous models
Averaged Test Accuracy (Regular Model): 0.9715
Averaged Train Loss (Regular Model): 0.0002
Averaged Test AUC: 0.9955
Std Test Accurancy: 0.0346
Std Test AUC: 0.0059
------------------------- time cost ------------------------- 8.039456844329834

-------------Round number: 66-------------

Evaluate heterogeneous models
Averaged Test Accuracy (Regular Model): 0.9713
Averaged Train Loss (Regular Model): 0.0002
Averaged Test AUC: 0.9955
Std Test Accurancy: 0.0352
Std Test AUC: 0.0059
------------------------- time cost ------------------------- 7.527339696884155

-------------Round number: 67-------------

Evaluate heterogeneous models
Averaged Test Accuracy (Regular Model): 0.9714
Averaged Train Loss (Regular Model): 0.0002
Averaged Test AUC: 0.9955
Std Test Accurancy: 0.0350
Std Test AUC: 0.0059
------------------------- time cost ------------------------- 7.430307388305664

-------------Round number: 68-------------

Evaluate heterogeneous models
Averaged Test Accuracy (Regular Model): 0.9714
Averaged Train Loss (Regular Model): 0.0002
Averaged Test AUC: 0.9956
Std Test Accurancy: 0.0351
Std Test AUC: 0.0059
------------------------- time cost ------------------------- 7.376528263092041

-------------Round number: 69-------------

Evaluate heterogeneous models
Averaged Test Accuracy (Regular Model): 0.9714
Averaged Train Loss (Regular Model): 0.0002
Averaged Test AUC: 0.9956
Std Test Accurancy: 0.0352
Std Test AUC: 0.0058
------------------------- time cost ------------------------- 7.138262987136841

-------------Round number: 70-------------

Evaluate heterogeneous models
Averaged Test Accuracy (Regular Model): 0.9715
Averaged Train Loss (Regular Model): 0.0002
Averaged Test AUC: 0.9956
Std Test Accurancy: 0.0347
Std Test AUC: 0.0058
------------------------- time cost ------------------------- 7.16475772857666

-------------Round number: 71-------------

Evaluate heterogeneous models
Averaged Test Accuracy (Regular Model): 0.9714
Averaged Train Loss (Regular Model): 0.0002
Averaged Test AUC: 0.9956
Std Test Accurancy: 0.0352
Std Test AUC: 0.0058
------------------------- time cost ------------------------- 7.947774171829224

-------------Round number: 72-------------

Evaluate heterogeneous models
Averaged Test Accuracy (Regular Model): 0.9714
Averaged Train Loss (Regular Model): 0.0002
Averaged Test AUC: 0.9956
Std Test Accurancy: 0.0348
Std Test AUC: 0.0058
------------------------- time cost ------------------------- 7.150036573410034

-------------Round number: 73-------------

Evaluate heterogeneous models
Averaged Test Accuracy (Regular Model): 0.9714
Averaged Train Loss (Regular Model): 0.0002
Averaged Test AUC: 0.9956
Std Test Accurancy: 0.0349
Std Test AUC: 0.0058
------------------------- time cost ------------------------- 7.633877277374268

-------------Round number: 74-------------

Evaluate heterogeneous models
Averaged Test Accuracy (Regular Model): 0.9714
Averaged Train Loss (Regular Model): 0.0002
Averaged Test AUC: 0.9956
Std Test Accurancy: 0.0351
Std Test AUC: 0.0058
------------------------- time cost ------------------------- 7.330299377441406

-------------Round number: 75-------------

Evaluate heterogeneous models
Averaged Test Accuracy (Regular Model): 0.9714
Averaged Train Loss (Regular Model): 0.0002
Averaged Test AUC: 0.9956
Std Test Accurancy: 0.0352
Std Test AUC: 0.0058
------------------------- time cost ------------------------- 7.8847856521606445

-------------Round number: 76-------------

Evaluate heterogeneous models
Averaged Test Accuracy (Regular Model): 0.9713
Averaged Train Loss (Regular Model): 0.0001
Averaged Test AUC: 0.9956
Std Test Accurancy: 0.0350
Std Test AUC: 0.0058
------------------------- time cost ------------------------- 8.009042501449585

-------------Round number: 77-------------

Evaluate heterogeneous models
Averaged Test Accuracy (Regular Model): 0.9713
Averaged Train Loss (Regular Model): 0.0001
Averaged Test AUC: 0.9956
Std Test Accurancy: 0.0352
Std Test AUC: 0.0058
------------------------- time cost ------------------------- 7.841879367828369

-------------Round number: 78-------------

Evaluate heterogeneous models
Averaged Test Accuracy (Regular Model): 0.9712
Averaged Train Loss (Regular Model): 0.0001
Averaged Test AUC: 0.9956
Std Test Accurancy: 0.0353
Std Test AUC: 0.0058
------------------------- time cost ------------------------- 8.045106649398804

-------------Round number: 79-------------

Evaluate heterogeneous models
Averaged Test Accuracy (Regular Model): 0.9714
Averaged Train Loss (Regular Model): 0.0001
Averaged Test AUC: 0.9956
Std Test Accurancy: 0.0351
Std Test AUC: 0.0058
------------------------- time cost ------------------------- 7.932964563369751

-------------Round number: 80-------------

Evaluate heterogeneous models
Averaged Test Accuracy (Regular Model): 0.9713
Averaged Train Loss (Regular Model): 0.0001
Averaged Test AUC: 0.9956
Std Test Accurancy: 0.0351
Std Test AUC: 0.0058
------------------------- time cost ------------------------- 7.47278618812561

-------------Round number: 81-------------

Evaluate heterogeneous models
Averaged Test Accuracy (Regular Model): 0.9714
Averaged Train Loss (Regular Model): 0.0001
Averaged Test AUC: 0.9956
Std Test Accurancy: 0.0349
Std Test AUC: 0.0058
------------------------- time cost ------------------------- 7.857429504394531

-------------Round number: 82-------------

Evaluate heterogeneous models
Averaged Test Accuracy (Regular Model): 0.9714
Averaged Train Loss (Regular Model): 0.0001
Averaged Test AUC: 0.9956
Std Test Accurancy: 0.0351
Std Test AUC: 0.0058
------------------------- time cost ------------------------- 7.770574331283569

-------------Round number: 83-------------

Evaluate heterogeneous models
Averaged Test Accuracy (Regular Model): 0.9713
Averaged Train Loss (Regular Model): 0.0001
Averaged Test AUC: 0.9956
Std Test Accurancy: 0.0354
Std Test AUC: 0.0058
------------------------- time cost ------------------------- 7.949870586395264

-------------Round number: 84-------------

Evaluate heterogeneous models
Averaged Test Accuracy (Regular Model): 0.9713
Averaged Train Loss (Regular Model): 0.0001
Averaged Test AUC: 0.9956
Std Test Accurancy: 0.0355
Std Test AUC: 0.0058
------------------------- time cost ------------------------- 8.033227920532227

-------------Round number: 85-------------

Evaluate heterogeneous models
Averaged Test Accuracy (Regular Model): 0.9714
Averaged Train Loss (Regular Model): 0.0001
Averaged Test AUC: 0.9956
Std Test Accurancy: 0.0354
Std Test AUC: 0.0058
------------------------- time cost ------------------------- 7.511296510696411

-------------Round number: 86-------------

Evaluate heterogeneous models
Averaged Test Accuracy (Regular Model): 0.9712
Averaged Train Loss (Regular Model): 0.0001
Averaged Test AUC: 0.9956
Std Test Accurancy: 0.0351
Std Test AUC: 0.0058
------------------------- time cost ------------------------- 7.245445966720581

-------------Round number: 87-------------

Evaluate heterogeneous models
Averaged Test Accuracy (Regular Model): 0.9713
Averaged Train Loss (Regular Model): 0.0001
Averaged Test AUC: 0.9956
Std Test Accurancy: 0.0354
Std Test AUC: 0.0058
------------------------- time cost ------------------------- 7.337367057800293

-------------Round number: 88-------------

Evaluate heterogeneous models
Averaged Test Accuracy (Regular Model): 0.9714
Averaged Train Loss (Regular Model): 0.0001
Averaged Test AUC: 0.9956
Std Test Accurancy: 0.0351
Std Test AUC: 0.0058
------------------------- time cost ------------------------- 7.314387559890747

-------------Round number: 89-------------

Evaluate heterogeneous models
Averaged Test Accuracy (Regular Model): 0.9713
Averaged Train Loss (Regular Model): 0.0001
Averaged Test AUC: 0.9956
Std Test Accurancy: 0.0351
Std Test AUC: 0.0058
------------------------- time cost ------------------------- 7.1630754470825195

-------------Round number: 90-------------

Evaluate heterogeneous models
Averaged Test Accuracy (Regular Model): 0.9713
Averaged Train Loss (Regular Model): 0.0001
Averaged Test AUC: 0.9956
Std Test Accurancy: 0.0355
Std Test AUC: 0.0058
------------------------- time cost ------------------------- 7.115052938461304

-------------Round number: 91-------------

Evaluate heterogeneous models
Averaged Test Accuracy (Regular Model): 0.9714
Averaged Train Loss (Regular Model): 0.0001
Averaged Test AUC: 0.9956
Std Test Accurancy: 0.0352
Std Test AUC: 0.0058
------------------------- time cost ------------------------- 7.131793737411499

-------------Round number: 92-------------

Evaluate heterogeneous models
Averaged Test Accuracy (Regular Model): 0.9711
Averaged Train Loss (Regular Model): 0.0001
Averaged Test AUC: 0.9956
Std Test Accurancy: 0.0355
Std Test AUC: 0.0058
------------------------- time cost ------------------------- 7.172186851501465

-------------Round number: 93-------------

Evaluate heterogeneous models
Averaged Test Accuracy (Regular Model): 0.9713
Averaged Train Loss (Regular Model): 0.0001
Averaged Test AUC: 0.9956
Std Test Accurancy: 0.0355
Std Test AUC: 0.0058
------------------------- time cost ------------------------- 7.525282859802246

-------------Round number: 94-------------

Evaluate heterogeneous models
Averaged Test Accuracy (Regular Model): 0.9713
Averaged Train Loss (Regular Model): 0.0001
Averaged Test AUC: 0.9956
Std Test Accurancy: 0.0352
Std Test AUC: 0.0058
------------------------- time cost ------------------------- 7.759638786315918

-------------Round number: 95-------------

Evaluate heterogeneous models
Averaged Test Accuracy (Regular Model): 0.9713
Averaged Train Loss (Regular Model): 0.0001
Averaged Test AUC: 0.9957
Std Test Accurancy: 0.0348
Std Test AUC: 0.0057
------------------------- time cost ------------------------- 7.987586975097656

-------------Round number: 96-------------

Evaluate heterogeneous models
Averaged Test Accuracy (Regular Model): 0.9713
Averaged Train Loss (Regular Model): 0.0001
Averaged Test AUC: 0.9957
Std Test Accurancy: 0.0351
Std Test AUC: 0.0057
------------------------- time cost ------------------------- 7.956473350524902

-------------Round number: 97-------------

Evaluate heterogeneous models
Averaged Test Accuracy (Regular Model): 0.9712
Averaged Train Loss (Regular Model): 0.0001
Averaged Test AUC: 0.9957
Std Test Accurancy: 0.0354
Std Test AUC: 0.0057
------------------------- time cost ------------------------- 7.821583271026611

-------------Round number: 98-------------

Evaluate heterogeneous models
Averaged Test Accuracy (Regular Model): 0.9712
Averaged Train Loss (Regular Model): 0.0001
Averaged Test AUC: 0.9957
Std Test Accurancy: 0.0350
Std Test AUC: 0.0057
------------------------- time cost ------------------------- 7.881052494049072

-------------Round number: 99-------------

Evaluate heterogeneous models
Averaged Test Accuracy (Regular Model): 0.9712
Averaged Train Loss (Regular Model): 0.0001
Averaged Test AUC: 0.9957
Std Test Accurancy: 0.0354
Std Test AUC: 0.0057
------------------------- time cost ------------------------- 7.792379856109619

-------------Round number: 100-------------

Evaluate heterogeneous models
Averaged Test Accuracy (Regular Model): 0.9712
Averaged Train Loss (Regular Model): 0.0001
Averaged Test AUC: 0.9957
Std Test Accurancy: 0.0351
Std Test AUC: 0.0057
------------------------- time cost ------------------------- 7.8292670249938965

-------------Round number: 101-------------

Evaluate heterogeneous models
Averaged Test Accuracy (Regular Model): 0.9712
Averaged Train Loss (Regular Model): 0.0001
Averaged Test AUC: 0.9957
Std Test Accurancy: 0.0353
Std Test AUC: 0.0057
------------------------- time cost ------------------------- 8.046010255813599

-------------Round number: 102-------------

Evaluate heterogeneous models
Averaged Test Accuracy (Regular Model): 0.9711
Averaged Train Loss (Regular Model): 0.0001
Averaged Test AUC: 0.9957
Std Test Accurancy: 0.0353
Std Test AUC: 0.0057
------------------------- time cost ------------------------- 7.948580741882324

-------------Round number: 103-------------

Evaluate heterogeneous models
Averaged Test Accuracy (Regular Model): 0.9712
Averaged Train Loss (Regular Model): 0.0001
Averaged Test AUC: 0.9957
Std Test Accurancy: 0.0353
Std Test AUC: 0.0057
------------------------- time cost ------------------------- 7.89763331413269

-------------Round number: 104-------------

Evaluate heterogeneous models
Averaged Test Accuracy (Regular Model): 0.9712
Averaged Train Loss (Regular Model): 0.0001
Averaged Test AUC: 0.9957
Std Test Accurancy: 0.0351
Std Test AUC: 0.0057
------------------------- time cost ------------------------- 7.80488133430481

-------------Round number: 105-------------

Evaluate heterogeneous models
Averaged Test Accuracy (Regular Model): 0.9712
Averaged Train Loss (Regular Model): 0.0001
Averaged Test AUC: 0.9957
Std Test Accurancy: 0.0350
Std Test AUC: 0.0057
------------------------- time cost ------------------------- 7.819148063659668

-------------Round number: 106-------------

Evaluate heterogeneous models
Averaged Test Accuracy (Regular Model): 0.9712
Averaged Train Loss (Regular Model): 0.0001
Averaged Test AUC: 0.9957
Std Test Accurancy: 0.0350
Std Test AUC: 0.0057
------------------------- time cost ------------------------- 7.912171125411987

-------------Round number: 107-------------

Evaluate heterogeneous models
Averaged Test Accuracy (Regular Model): 0.9713
Averaged Train Loss (Regular Model): 0.0001
Averaged Test AUC: 0.9957
Std Test Accurancy: 0.0351
Std Test AUC: 0.0057
------------------------- time cost ------------------------- 7.924429893493652

-------------Round number: 108-------------

Evaluate heterogeneous models
Averaged Test Accuracy (Regular Model): 0.9712
Averaged Train Loss (Regular Model): 0.0001
Averaged Test AUC: 0.9957
Std Test Accurancy: 0.0350
Std Test AUC: 0.0057
------------------------- time cost ------------------------- 7.730786085128784

-------------Round number: 109-------------

Evaluate heterogeneous models
Averaged Test Accuracy (Regular Model): 0.9712
Averaged Train Loss (Regular Model): 0.0001
Averaged Test AUC: 0.9957
Std Test Accurancy: 0.0351
Std Test AUC: 0.0057
------------------------- time cost ------------------------- 7.8689820766448975

-------------Round number: 110-------------

Evaluate heterogeneous models
Averaged Test Accuracy (Regular Model): 0.9713
Averaged Train Loss (Regular Model): 0.0001
Averaged Test AUC: 0.9957
Std Test Accurancy: 0.0352
Std Test AUC: 0.0057
------------------------- time cost ------------------------- 7.83889102935791

-------------Round number: 111-------------

Evaluate heterogeneous models
Averaged Test Accuracy (Regular Model): 0.9711
Averaged Train Loss (Regular Model): 0.0001
Averaged Test AUC: 0.9957
Std Test Accurancy: 0.0350
Std Test AUC: 0.0057
------------------------- time cost ------------------------- 7.567038059234619

-------------Round number: 112-------------

Evaluate heterogeneous models
Averaged Test Accuracy (Regular Model): 0.9712
Averaged Train Loss (Regular Model): 0.0001
Averaged Test AUC: 0.9957
Std Test Accurancy: 0.0354
Std Test AUC: 0.0057
------------------------- time cost ------------------------- 7.940535545349121

-------------Round number: 113-------------

Evaluate heterogeneous models
Averaged Test Accuracy (Regular Model): 0.9712
Averaged Train Loss (Regular Model): 0.0001
Averaged Test AUC: 0.9957
Std Test Accurancy: 0.0352
Std Test AUC: 0.0057
------------------------- time cost ------------------------- 7.835945129394531

-------------Round number: 114-------------

Evaluate heterogeneous models
Averaged Test Accuracy (Regular Model): 0.9713
Averaged Train Loss (Regular Model): 0.0001
Averaged Test AUC: 0.9957
Std Test Accurancy: 0.0351
Std Test AUC: 0.0057
------------------------- time cost ------------------------- 7.924224376678467

-------------Round number: 115-------------

Evaluate heterogeneous models
Averaged Test Accuracy (Regular Model): 0.9712
Averaged Train Loss (Regular Model): 0.0001
Averaged Test AUC: 0.9957
Std Test Accurancy: 0.0350
Std Test AUC: 0.0057
------------------------- time cost ------------------------- 7.732410430908203

-------------Round number: 116-------------

Evaluate heterogeneous models
Averaged Test Accuracy (Regular Model): 0.9712
Averaged Train Loss (Regular Model): 0.0001
Averaged Test AUC: 0.9957
Std Test Accurancy: 0.0353
Std Test AUC: 0.0057
------------------------- time cost ------------------------- 7.919313192367554

-------------Round number: 117-------------

Evaluate heterogeneous models
Averaged Test Accuracy (Regular Model): 0.9711
Averaged Train Loss (Regular Model): 0.0001
Averaged Test AUC: 0.9957
Std Test Accurancy: 0.0353
Std Test AUC: 0.0057
------------------------- time cost ------------------------- 7.9987688064575195

-------------Round number: 118-------------

Evaluate heterogeneous models
Averaged Test Accuracy (Regular Model): 0.9712
Averaged Train Loss (Regular Model): 0.0001
Averaged Test AUC: 0.9957
Std Test Accurancy: 0.0353
Std Test AUC: 0.0057
------------------------- time cost ------------------------- 7.950984001159668

-------------Round number: 119-------------

Evaluate heterogeneous models
Averaged Test Accuracy (Regular Model): 0.9711
Averaged Train Loss (Regular Model): 0.0001
Averaged Test AUC: 0.9957
Std Test Accurancy: 0.0353
Std Test AUC: 0.0057
------------------------- time cost ------------------------- 7.857891798019409

-------------Round number: 120-------------

Evaluate heterogeneous models
Averaged Test Accuracy (Regular Model): 0.9712
Averaged Train Loss (Regular Model): 0.0001
Averaged Test AUC: 0.9957
Std Test Accurancy: 0.0354
Std Test AUC: 0.0057
------------------------- time cost ------------------------- 7.8390655517578125

-------------Round number: 121-------------

Evaluate heterogeneous models
Averaged Test Accuracy (Regular Model): 0.9711
Averaged Train Loss (Regular Model): 0.0001
Averaged Test AUC: 0.9957
Std Test Accurancy: 0.0353
Std Test AUC: 0.0057
------------------------- time cost ------------------------- 7.864626169204712

-------------Round number: 122-------------

Evaluate heterogeneous models
Averaged Test Accuracy (Regular Model): 0.9712
Averaged Train Loss (Regular Model): 0.0001
Averaged Test AUC: 0.9957
Std Test Accurancy: 0.0354
Std Test AUC: 0.0057
------------------------- time cost ------------------------- 8.056430339813232

-------------Round number: 123-------------

Evaluate heterogeneous models
Averaged Test Accuracy (Regular Model): 0.9711
Averaged Train Loss (Regular Model): 0.0001
Averaged Test AUC: 0.9957
Std Test Accurancy: 0.0353
Std Test AUC: 0.0057
------------------------- time cost ------------------------- 7.946176052093506

-------------Round number: 124-------------

Evaluate heterogeneous models
Averaged Test Accuracy (Regular Model): 0.9713
Averaged Train Loss (Regular Model): 0.0001
Averaged Test AUC: 0.9957
Std Test Accurancy: 0.0354
Std Test AUC: 0.0057
------------------------- time cost ------------------------- 7.779554128646851

-------------Round number: 125-------------

Evaluate heterogeneous models
Averaged Test Accuracy (Regular Model): 0.9712
Averaged Train Loss (Regular Model): 0.0001
Averaged Test AUC: 0.9957
Std Test Accurancy: 0.0353
Std Test AUC: 0.0057
------------------------- time cost ------------------------- 7.421291828155518

-------------Round number: 126-------------

Evaluate heterogeneous models
Averaged Test Accuracy (Regular Model): 0.9710
Averaged Train Loss (Regular Model): 0.0001
Averaged Test AUC: 0.9957
Std Test Accurancy: 0.0354
Std Test AUC: 0.0057
------------------------- time cost ------------------------- 7.7098588943481445

-------------Round number: 127-------------

Evaluate heterogeneous models
Averaged Test Accuracy (Regular Model): 0.9710
Averaged Train Loss (Regular Model): 0.0001
Averaged Test AUC: 0.9957
Std Test Accurancy: 0.0354
Std Test AUC: 0.0057
------------------------- time cost ------------------------- 7.91076922416687

-------------Round number: 128-------------

Evaluate heterogeneous models
Averaged Test Accuracy (Regular Model): 0.9712
Averaged Train Loss (Regular Model): 0.0001
Averaged Test AUC: 0.9957
Std Test Accurancy: 0.0352
Std Test AUC: 0.0057
------------------------- time cost ------------------------- 7.946070432662964

-------------Round number: 129-------------

Evaluate heterogeneous models
Averaged Test Accuracy (Regular Model): 0.9712
Averaged Train Loss (Regular Model): 0.0001
Averaged Test AUC: 0.9957
Std Test Accurancy: 0.0354
Std Test AUC: 0.0057
------------------------- time cost ------------------------- 7.856345176696777

-------------Round number: 130-------------

Evaluate heterogeneous models
Averaged Test Accuracy (Regular Model): 0.9712
Averaged Train Loss (Regular Model): 0.0001
Averaged Test AUC: 0.9957
Std Test Accurancy: 0.0354
Std Test AUC: 0.0057
------------------------- time cost ------------------------- 7.850849866867065

-------------Round number: 131-------------

Evaluate heterogeneous models
Averaged Test Accuracy (Regular Model): 0.9712
Averaged Train Loss (Regular Model): 0.0001
Averaged Test AUC: 0.9957
Std Test Accurancy: 0.0353
Std Test AUC: 0.0057
------------------------- time cost ------------------------- 7.81277871131897

-------------Round number: 132-------------

Evaluate heterogeneous models
Averaged Test Accuracy (Regular Model): 0.9712
Averaged Train Loss (Regular Model): 0.0001
Averaged Test AUC: 0.9957
Std Test Accurancy: 0.0354
Std Test AUC: 0.0057
------------------------- time cost ------------------------- 7.964482307434082

-------------Round number: 133-------------

Evaluate heterogeneous models
Averaged Test Accuracy (Regular Model): 0.9711
Averaged Train Loss (Regular Model): 0.0001
Averaged Test AUC: 0.9957
Std Test Accurancy: 0.0353
Std Test AUC: 0.0057
------------------------- time cost ------------------------- 7.163240671157837

-------------Round number: 134-------------

Evaluate heterogeneous models
Averaged Test Accuracy (Regular Model): 0.9712
Averaged Train Loss (Regular Model): 0.0001
Averaged Test AUC: 0.9957
Std Test Accurancy: 0.0353
Std Test AUC: 0.0057
------------------------- time cost ------------------------- 7.057011842727661

-------------Round number: 135-------------

Evaluate heterogeneous models
Averaged Test Accuracy (Regular Model): 0.9712
Averaged Train Loss (Regular Model): 0.0001
Averaged Test AUC: 0.9957
Std Test Accurancy: 0.0353
Std Test AUC: 0.0057
------------------------- time cost ------------------------- 7.01722264289856

-------------Round number: 136-------------

Evaluate heterogeneous models
Averaged Test Accuracy (Regular Model): 0.9713
Averaged Train Loss (Regular Model): 0.0001
Averaged Test AUC: 0.9957
Std Test Accurancy: 0.0353
Std Test AUC: 0.0057
------------------------- time cost ------------------------- 6.9994683265686035

-------------Round number: 137-------------

Evaluate heterogeneous models
Averaged Test Accuracy (Regular Model): 0.9713
Averaged Train Loss (Regular Model): 0.0001
Averaged Test AUC: 0.9957
Std Test Accurancy: 0.0350
Std Test AUC: 0.0057
------------------------- time cost ------------------------- 7.002394676208496

-------------Round number: 138-------------

Evaluate heterogeneous models
Averaged Test Accuracy (Regular Model): 0.9714
Averaged Train Loss (Regular Model): 0.0001
Averaged Test AUC: 0.9957
Std Test Accurancy: 0.0355
Std Test AUC: 0.0056
------------------------- time cost ------------------------- 7.0729148387908936

-------------Round number: 139-------------

Evaluate heterogeneous models
Averaged Test Accuracy (Regular Model): 0.9713
Averaged Train Loss (Regular Model): 0.0001
Averaged Test AUC: 0.9957
Std Test Accurancy: 0.0354
Std Test AUC: 0.0057
------------------------- time cost ------------------------- 7.279141426086426

-------------Round number: 140-------------

Evaluate heterogeneous models
Averaged Test Accuracy (Regular Model): 0.9713
Averaged Train Loss (Regular Model): 0.0001
Averaged Test AUC: 0.9957
Std Test Accurancy: 0.0354
Std Test AUC: 0.0056
------------------------- time cost ------------------------- 7.125344514846802

-------------Round number: 141-------------

Evaluate heterogeneous models
Averaged Test Accuracy (Regular Model): 0.9713
Averaged Train Loss (Regular Model): 0.0001
Averaged Test AUC: 0.9958
Std Test Accurancy: 0.0354
Std Test AUC: 0.0056
------------------------- time cost ------------------------- 7.040011405944824

-------------Round number: 142-------------

Evaluate heterogeneous models
Averaged Test Accuracy (Regular Model): 0.9712
Averaged Train Loss (Regular Model): 0.0001
Averaged Test AUC: 0.9958
Std Test Accurancy: 0.0353
Std Test AUC: 0.0056
------------------------- time cost ------------------------- 7.277717590332031

-------------Round number: 143-------------

Evaluate heterogeneous models
Averaged Test Accuracy (Regular Model): 0.9713
Averaged Train Loss (Regular Model): 0.0001
Averaged Test AUC: 0.9958
Std Test Accurancy: 0.0354
Std Test AUC: 0.0056
------------------------- time cost ------------------------- 7.665923595428467

-------------Round number: 144-------------

Evaluate heterogeneous models
Averaged Test Accuracy (Regular Model): 0.9713
Averaged Train Loss (Regular Model): 0.0000
Averaged Test AUC: 0.9958
Std Test Accurancy: 0.0354
Std Test AUC: 0.0056
------------------------- time cost ------------------------- 7.861341238021851

-------------Round number: 145-------------

Evaluate heterogeneous models
Averaged Test Accuracy (Regular Model): 0.9713
Averaged Train Loss (Regular Model): 0.0001
Averaged Test AUC: 0.9958
Std Test Accurancy: 0.0354
Std Test AUC: 0.0056
------------------------- time cost ------------------------- 8.098664999008179

-------------Round number: 146-------------

Evaluate heterogeneous models
Averaged Test Accuracy (Regular Model): 0.9713
Averaged Train Loss (Regular Model): 0.0001
Averaged Test AUC: 0.9958
Std Test Accurancy: 0.0354
Std Test AUC: 0.0056
------------------------- time cost ------------------------- 7.864730596542358

-------------Round number: 147-------------

Evaluate heterogeneous models
Averaged Test Accuracy (Regular Model): 0.9713
Averaged Train Loss (Regular Model): 0.0000
Averaged Test AUC: 0.9958
Std Test Accurancy: 0.0354
Std Test AUC: 0.0056
------------------------- time cost ------------------------- 7.55981183052063

-------------Round number: 148-------------

Evaluate heterogeneous models
Averaged Test Accuracy (Regular Model): 0.9714
Averaged Train Loss (Regular Model): 0.0000
Averaged Test AUC: 0.9958
Std Test Accurancy: 0.0351
Std Test AUC: 0.0056
------------------------- time cost ------------------------- 7.737842559814453

-------------Round number: 149-------------

Evaluate heterogeneous models
Averaged Test Accuracy (Regular Model): 0.9713
Averaged Train Loss (Regular Model): 0.0000
Averaged Test AUC: 0.9958
Std Test Accurancy: 0.0354
Std Test AUC: 0.0056
------------------------- time cost ------------------------- 7.835576295852661

-------------Round number: 150-------------

Evaluate heterogeneous models
Averaged Test Accuracy (Regular Model): 0.9713
Averaged Train Loss (Regular Model): 0.0000
Averaged Test AUC: 0.9958
Std Test Accurancy: 0.0354
Std Test AUC: 0.0056
------------------------- time cost ------------------------- 7.897087574005127

-------------Round number: 151-------------

Evaluate heterogeneous models
Averaged Test Accuracy (Regular Model): 0.9713
Averaged Train Loss (Regular Model): 0.0000
Averaged Test AUC: 0.9958
Std Test Accurancy: 0.0354
Std Test AUC: 0.0056
------------------------- time cost ------------------------- 7.9933037757873535

-------------Round number: 152-------------

Evaluate heterogeneous models
Averaged Test Accuracy (Regular Model): 0.9713
Averaged Train Loss (Regular Model): 0.0000
Averaged Test AUC: 0.9958
Std Test Accurancy: 0.0351
Std Test AUC: 0.0056
------------------------- time cost ------------------------- 7.820064544677734

-------------Round number: 153-------------

Evaluate heterogeneous models
Averaged Test Accuracy (Regular Model): 0.9713
Averaged Train Loss (Regular Model): 0.0000
Averaged Test AUC: 0.9958
Std Test Accurancy: 0.0351
Std Test AUC: 0.0056
------------------------- time cost ------------------------- 7.89124321937561

-------------Round number: 154-------------

Evaluate heterogeneous models
Averaged Test Accuracy (Regular Model): 0.9713
Averaged Train Loss (Regular Model): 0.0000
Averaged Test AUC: 0.9958
Std Test Accurancy: 0.0354
Std Test AUC: 0.0056
------------------------- time cost ------------------------- 7.7254722118377686

-------------Round number: 155-------------

Evaluate heterogeneous models
Averaged Test Accuracy (Regular Model): 0.9714
Averaged Train Loss (Regular Model): 0.0000
Averaged Test AUC: 0.9958
Std Test Accurancy: 0.0351
Std Test AUC: 0.0056
------------------------- time cost ------------------------- 7.809542417526245

-------------Round number: 156-------------

Evaluate heterogeneous models
Averaged Test Accuracy (Regular Model): 0.9713
Averaged Train Loss (Regular Model): 0.0000
Averaged Test AUC: 0.9958
Std Test Accurancy: 0.0354
Std Test AUC: 0.0056
------------------------- time cost ------------------------- 7.777330636978149

-------------Round number: 157-------------

Evaluate heterogeneous models
Averaged Test Accuracy (Regular Model): 0.9713
Averaged Train Loss (Regular Model): 0.0001
Averaged Test AUC: 0.9958
Std Test Accurancy: 0.0354
Std Test AUC: 0.0056
------------------------- time cost ------------------------- 7.801105499267578

-------------Round number: 158-------------

Evaluate heterogeneous models
Averaged Test Accuracy (Regular Model): 0.9714
Averaged Train Loss (Regular Model): 0.0000
Averaged Test AUC: 0.9958
Std Test Accurancy: 0.0352
Std Test AUC: 0.0056
------------------------- time cost ------------------------- 7.208644151687622

-------------Round number: 159-------------

Evaluate heterogeneous models
Averaged Test Accuracy (Regular Model): 0.9714
Averaged Train Loss (Regular Model): 0.0000
Averaged Test AUC: 0.9958
Std Test Accurancy: 0.0351
Std Test AUC: 0.0056
------------------------- time cost ------------------------- 7.052280902862549

-------------Round number: 160-------------

Evaluate heterogeneous models
Averaged Test Accuracy (Regular Model): 0.9714
Averaged Train Loss (Regular Model): 0.0000
Averaged Test AUC: 0.9958
Std Test Accurancy: 0.0351
Std Test AUC: 0.0056
------------------------- time cost ------------------------- 6.98895263671875

-------------Round number: 161-------------

Evaluate heterogeneous models
Averaged Test Accuracy (Regular Model): 0.9714
Averaged Train Loss (Regular Model): 0.0000
Averaged Test AUC: 0.9958
Std Test Accurancy: 0.0351
Std Test AUC: 0.0056
------------------------- time cost ------------------------- 7.045265436172485

-------------Round number: 162-------------

Evaluate heterogeneous models
Averaged Test Accuracy (Regular Model): 0.9713
Averaged Train Loss (Regular Model): 0.0000
Averaged Test AUC: 0.9958
Std Test Accurancy: 0.0354
Std Test AUC: 0.0056
------------------------- time cost ------------------------- 7.1436638832092285

-------------Round number: 163-------------

Evaluate heterogeneous models
Averaged Test Accuracy (Regular Model): 0.9714
Averaged Train Loss (Regular Model): 0.0000
Averaged Test AUC: 0.9958
Std Test Accurancy: 0.0354
Std Test AUC: 0.0056
------------------------- time cost ------------------------- 7.108793020248413

-------------Round number: 164-------------

Evaluate heterogeneous models
Averaged Test Accuracy (Regular Model): 0.9713
Averaged Train Loss (Regular Model): 0.0000
Averaged Test AUC: 0.9958
Std Test Accurancy: 0.0354
Std Test AUC: 0.0056
------------------------- time cost ------------------------- 6.991144180297852

-------------Round number: 165-------------

Evaluate heterogeneous models
Averaged Test Accuracy (Regular Model): 0.9713
Averaged Train Loss (Regular Model): 0.0000
Averaged Test AUC: 0.9958
Std Test Accurancy: 0.0354
Std Test AUC: 0.0056
------------------------- time cost ------------------------- 7.115094423294067

-------------Round number: 166-------------

Evaluate heterogeneous models
Averaged Test Accuracy (Regular Model): 0.9713
Averaged Train Loss (Regular Model): 0.0000
Averaged Test AUC: 0.9958
Std Test Accurancy: 0.0354
Std Test AUC: 0.0056
------------------------- time cost ------------------------- 7.746454238891602

-------------Round number: 167-------------

Evaluate heterogeneous models
Averaged Test Accuracy (Regular Model): 0.9713
Averaged Train Loss (Regular Model): 0.0000
Averaged Test AUC: 0.9958
Std Test Accurancy: 0.0354
Std Test AUC: 0.0056
------------------------- time cost ------------------------- 7.700420379638672

-------------Round number: 168-------------

Evaluate heterogeneous models
Averaged Test Accuracy (Regular Model): 0.9714
Averaged Train Loss (Regular Model): 0.0000
Averaged Test AUC: 0.9958
Std Test Accurancy: 0.0351
Std Test AUC: 0.0056
------------------------- time cost ------------------------- 7.657713413238525

-------------Round number: 169-------------

Evaluate heterogeneous models
Averaged Test Accuracy (Regular Model): 0.9714
Averaged Train Loss (Regular Model): 0.0000
Averaged Test AUC: 0.9958
Std Test Accurancy: 0.0351
Std Test AUC: 0.0056
------------------------- time cost ------------------------- 7.905386209487915

-------------Round number: 170-------------

Evaluate heterogeneous models
Averaged Test Accuracy (Regular Model): 0.9713
Averaged Train Loss (Regular Model): 0.0000
Averaged Test AUC: 0.9958
Std Test Accurancy: 0.0354
Std Test AUC: 0.0056
------------------------- time cost ------------------------- 7.891517877578735

-------------Round number: 171-------------

Evaluate heterogeneous models
Averaged Test Accuracy (Regular Model): 0.9714
Averaged Train Loss (Regular Model): 0.0000
Averaged Test AUC: 0.9958
Std Test Accurancy: 0.0354
Std Test AUC: 0.0056
------------------------- time cost ------------------------- 7.825957775115967

-------------Round number: 172-------------

Evaluate heterogeneous models
Averaged Test Accuracy (Regular Model): 0.9714
Averaged Train Loss (Regular Model): 0.0000
Averaged Test AUC: 0.9958
Std Test Accurancy: 0.0354
Std Test AUC: 0.0056
------------------------- time cost ------------------------- 7.84850287437439

-------------Round number: 173-------------

Evaluate heterogeneous models
Averaged Test Accuracy (Regular Model): 0.9714
Averaged Train Loss (Regular Model): 0.0000
Averaged Test AUC: 0.9958
Std Test Accurancy: 0.0351
Std Test AUC: 0.0056
------------------------- time cost ------------------------- 7.86332893371582

-------------Round number: 174-------------

Evaluate heterogeneous models
Averaged Test Accuracy (Regular Model): 0.9714
Averaged Train Loss (Regular Model): 0.0000
Averaged Test AUC: 0.9958
Std Test Accurancy: 0.0354
Std Test AUC: 0.0056
------------------------- time cost ------------------------- 7.867152690887451

-------------Round number: 175-------------

Evaluate heterogeneous models
Averaged Test Accuracy (Regular Model): 0.9714
Averaged Train Loss (Regular Model): 0.0000
Averaged Test AUC: 0.9958
Std Test Accurancy: 0.0354
Std Test AUC: 0.0056
------------------------- time cost ------------------------- 7.824953317642212

-------------Round number: 176-------------

Evaluate heterogeneous models
Averaged Test Accuracy (Regular Model): 0.9714
Averaged Train Loss (Regular Model): 0.0000
Averaged Test AUC: 0.9958
Std Test Accurancy: 0.0354
Std Test AUC: 0.0056
------------------------- time cost ------------------------- 7.894594669342041

-------------Round number: 177-------------

Evaluate heterogeneous models
Averaged Test Accuracy (Regular Model): 0.9715
Averaged Train Loss (Regular Model): 0.0000
Averaged Test AUC: 0.9958
Std Test Accurancy: 0.0348
Std Test AUC: 0.0056
------------------------- time cost ------------------------- 7.798925161361694

-------------Round number: 178-------------

Evaluate heterogeneous models
Averaged Test Accuracy (Regular Model): 0.9714
Averaged Train Loss (Regular Model): 0.0000
Averaged Test AUC: 0.9958
Std Test Accurancy: 0.0354
Std Test AUC: 0.0056
------------------------- time cost ------------------------- 7.801592826843262

-------------Round number: 179-------------

Evaluate heterogeneous models
Averaged Test Accuracy (Regular Model): 0.9713
Averaged Train Loss (Regular Model): 0.0000
Averaged Test AUC: 0.9958
Std Test Accurancy: 0.0354
Std Test AUC: 0.0056
------------------------- time cost ------------------------- 7.8749260902404785

-------------Round number: 180-------------

Evaluate heterogeneous models
Averaged Test Accuracy (Regular Model): 0.9713
Averaged Train Loss (Regular Model): 0.0000
Averaged Test AUC: 0.9958
Std Test Accurancy: 0.0354
Std Test AUC: 0.0056
------------------------- time cost ------------------------- 7.955128192901611

-------------Round number: 181-------------

Evaluate heterogeneous models
Averaged Test Accuracy (Regular Model): 0.9714
Averaged Train Loss (Regular Model): 0.0000
Averaged Test AUC: 0.9958
Std Test Accurancy: 0.0354
Std Test AUC: 0.0056
------------------------- time cost ------------------------- 7.7728431224823

-------------Round number: 182-------------

Evaluate heterogeneous models
Averaged Test Accuracy (Regular Model): 0.9714
Averaged Train Loss (Regular Model): 0.0000
Averaged Test AUC: 0.9958
Std Test Accurancy: 0.0354
Std Test AUC: 0.0056
------------------------- time cost ------------------------- 7.721960067749023

-------------Round number: 183-------------

Evaluate heterogeneous models
Averaged Test Accuracy (Regular Model): 0.9714
Averaged Train Loss (Regular Model): 0.0000
Averaged Test AUC: 0.9958
Std Test Accurancy: 0.0354
Std Test AUC: 0.0056
------------------------- time cost ------------------------- 7.76704740524292

-------------Round number: 184-------------

Evaluate heterogeneous models
Averaged Test Accuracy (Regular Model): 0.9714
Averaged Train Loss (Regular Model): 0.0000
Averaged Test AUC: 0.9958
Std Test Accurancy: 0.0354
Std Test AUC: 0.0056
------------------------- time cost ------------------------- 7.81468653678894

-------------Round number: 185-------------

Evaluate heterogeneous models
Averaged Test Accuracy (Regular Model): 0.9714
Averaged Train Loss (Regular Model): 0.0000
Averaged Test AUC: 0.9958
Std Test Accurancy: 0.0354
Std Test AUC: 0.0056
------------------------- time cost ------------------------- 7.816939830780029

-------------Round number: 186-------------

Evaluate heterogeneous models
Averaged Test Accuracy (Regular Model): 0.9713
Averaged Train Loss (Regular Model): 0.0000
Averaged Test AUC: 0.9958
Std Test Accurancy: 0.0355
Std Test AUC: 0.0056
------------------------- time cost ------------------------- 8.05378532409668

-------------Round number: 187-------------

Evaluate heterogeneous models
Averaged Test Accuracy (Regular Model): 0.9714
Averaged Train Loss (Regular Model): 0.0000
Averaged Test AUC: 0.9958
Std Test Accurancy: 0.0354
Std Test AUC: 0.0056
------------------------- time cost ------------------------- 7.183300733566284

-------------Round number: 188-------------

Evaluate heterogeneous models
Averaged Test Accuracy (Regular Model): 0.9714
Averaged Train Loss (Regular Model): 0.0000
Averaged Test AUC: 0.9958
Std Test Accurancy: 0.0354
Std Test AUC: 0.0056
------------------------- time cost ------------------------- 7.193856716156006

-------------Round number: 189-------------

Evaluate heterogeneous models
Averaged Test Accuracy (Regular Model): 0.9713
Averaged Train Loss (Regular Model): 0.0000
Averaged Test AUC: 0.9958
Std Test Accurancy: 0.0354
Std Test AUC: 0.0056
------------------------- time cost ------------------------- 7.3747382164001465

-------------Round number: 190-------------

Evaluate heterogeneous models
Averaged Test Accuracy (Regular Model): 0.9714
Averaged Train Loss (Regular Model): 0.0000
Averaged Test AUC: 0.9958
Std Test Accurancy: 0.0351
Std Test AUC: 0.0056
------------------------- time cost ------------------------- 7.805579662322998

-------------Round number: 191-------------

Evaluate heterogeneous models
Averaged Test Accuracy (Regular Model): 0.9714
Averaged Train Loss (Regular Model): 0.0000
Averaged Test AUC: 0.9958
Std Test Accurancy: 0.0351
Std Test AUC: 0.0056
------------------------- time cost ------------------------- 7.8106608390808105

-------------Round number: 192-------------

Evaluate heterogeneous models
Averaged Test Accuracy (Regular Model): 0.9713
Averaged Train Loss (Regular Model): 0.0000
Averaged Test AUC: 0.9958
Std Test Accurancy: 0.0354
Std Test AUC: 0.0056
------------------------- time cost ------------------------- 7.85281777381897

-------------Round number: 193-------------

Evaluate heterogeneous models
Averaged Test Accuracy (Regular Model): 0.9714
Averaged Train Loss (Regular Model): 0.0000
Averaged Test AUC: 0.9958
Std Test Accurancy: 0.0351
Std Test AUC: 0.0056
------------------------- time cost ------------------------- 7.966384649276733

-------------Round number: 194-------------

Evaluate heterogeneous models
Averaged Test Accuracy (Regular Model): 0.9714
Averaged Train Loss (Regular Model): 0.0000
Averaged Test AUC: 0.9958
Std Test Accurancy: 0.0351
Std Test AUC: 0.0056
------------------------- time cost ------------------------- 7.5852954387664795

-------------Round number: 195-------------

Evaluate heterogeneous models
Averaged Test Accuracy (Regular Model): 0.9715
Averaged Train Loss (Regular Model): 0.0000
Averaged Test AUC: 0.9958
Std Test Accurancy: 0.0348
Std Test AUC: 0.0056
------------------------- time cost ------------------------- 7.283097982406616

-------------Round number: 196-------------

Evaluate heterogeneous models
Averaged Test Accuracy (Regular Model): 0.9714
Averaged Train Loss (Regular Model): 0.0000
Averaged Test AUC: 0.9958
Std Test Accurancy: 0.0351
Std Test AUC: 0.0056
------------------------- time cost ------------------------- 7.33527684211731

-------------Round number: 197-------------

Evaluate heterogeneous models
Averaged Test Accuracy (Regular Model): 0.9714
Averaged Train Loss (Regular Model): 0.0000
Averaged Test AUC: 0.9958
Std Test Accurancy: 0.0351
Std Test AUC: 0.0056
------------------------- time cost ------------------------- 7.358712434768677

-------------Round number: 198-------------

Evaluate heterogeneous models
Averaged Test Accuracy (Regular Model): 0.9714
Averaged Train Loss (Regular Model): 0.0000
Averaged Test AUC: 0.9958
Std Test Accurancy: 0.0351
Std Test AUC: 0.0056
------------------------- time cost ------------------------- 7.37470555305481

-------------Round number: 199-------------

Evaluate heterogeneous models
Averaged Test Accuracy (Regular Model): 0.9715
Averaged Train Loss (Regular Model): 0.0000
Averaged Test AUC: 0.9958
Std Test Accurancy: 0.0351
Std Test AUC: 0.0056
------------------------- time cost ------------------------- 7.365086317062378

-------------Round number: 200-------------

Evaluate heterogeneous models
Averaged Test Accuracy (Regular Model): 0.9715
Averaged Train Loss (Regular Model): 0.0000
Averaged Test AUC: 0.9958
Std Test Accurancy: 0.0351
Std Test AUC: 0.0056

Best accuracy.
0.9730455142481869

Average time cost per round.
7.661267663240433
File path: ../results/FashionMNIST_dir_0.1_imbalance_40_Local_test_0.h5

Average time cost: 1718.33s.
Length:  201
std for best accurancy: 0.0
mean for best accurancy: 0.9730455142481869
All done!

Storage on cpu
-------------------------------------------------------------------------------
Total Tensors: 5130 	Used Memory: 20.50K
-------------------------------------------------------------------------------
