==================================================
goal = test
device = cuda
device_id = 0
dataset = MNIST_dir_0.3_imbalance_40
num_classes = 10
model_family = HCNNs8
batch_size = 256
local_learning_rate = 0.06
use_decay_scheduler = False
learning_rate_decay = False
learning_rate_decay_gamma = 0.99
global_rounds = 200
edge_epochs = 1
local_epochs = 5
algorithm = FedGen
join_ratio = 1.0
random_join_ratio = False
num_clients = 40
num_edges = 10
prev = 0
times = 1
eval_gap = 1
save_folder_name = temp
auto_break = False
feature_dim = 512
vocab_size = 98635
max_len = 200
client_drop_rate = 0.0
train_slow_rate = 0.0
send_slow_rate = 0.0
time_select = False
time_threthold = 10000
optimizer = SGD
lamda = 1.0
weight_decay = 0
trans_delay_simulate = False
momentum = 0.8
agg_type = 0
buffersize = 10
gl_use_clients = 1
test_useglclassifier = 1
gamma = 1
drawtsne = 1
drawround = 20
noise_dim = 512
generator_learning_rate = 0.0001
hidden_dim = 512
server_epochs = 100
alpha = 1.0
beta = 1.0
mentee_learning_rate = 0.005
T_start = 0.95
T_end = 0.98
server_learning_rate = 0.01
margin_threthold = 100.0
generator_path = stylegan/stylegan-xl-models/imagenet64.pkl
stable_diffusion_prompt = a cat
server_batch_size = 100
gen_batch_size = 4
mu = 50.0
==================================================
Random seed set as 42

============= Running time: 0th =============
Creating server and clients ...
CNN(num_cov=1, hidden_dims=[], in_features=1, num_classes=args.num_classes)
CNN(num_cov=2, hidden_dims=[], in_features=1, num_classes=args.num_classes)
CNN(num_cov=1, hidden_dims=[512], in_features=1, num_classes=args.num_classes)
CNN(num_cov=2, hidden_dims=[512], in_features=1, num_classes=args.num_classes)
CNN(num_cov=1, hidden_dims=[1024], in_features=1, num_classes=args.num_classes)
CNN(num_cov=2, hidden_dims=[1024], in_features=1, num_classes=args.num_classes)
CNN(num_cov=1, hidden_dims=[1024, 512], in_features=1, num_classes=args.num_classes)
CNN(num_cov=2, hidden_dims=[1024, 512], in_features=1, num_classes=args.num_classes)
CNN(num_cov=1, hidden_dims=[], in_features=1, num_classes=args.num_classes) model chosen!
id 0
label_counts: defaultdict(<class 'int'>, {7: 555, 6: 217, 8: 476, 1: 39, 4: 125, 0: 3, 5: 11, 2: 31})
CNN(num_cov=2, hidden_dims=[], in_features=1, num_classes=args.num_classes) model chosen!
id 1
label_counts: defaultdict(<class 'int'>, {1: 333, 8: 357, 7: 261, 0: 228, 3: 105, 4: 47, 2: 9, 5: 6, 6: 4})
CNN(num_cov=1, hidden_dims=[512], in_features=1, num_classes=args.num_classes) model chosen!
id 2
label_counts: defaultdict(<class 'int'>, {9: 589, 4: 458, 2: 150, 0: 77, 6: 53, 3: 26, 8: 35, 5: 3, 1: 6})
CNN(num_cov=2, hidden_dims=[512], in_features=1, num_classes=args.num_classes) model chosen!
id 3
label_counts: defaultdict(<class 'int'>, {1: 495, 0: 158, 8: 254, 3: 113, 2: 22, 7: 3, 6: 7, 9: 1})
CNN(num_cov=1, hidden_dims=[1024], in_features=1, num_classes=args.num_classes) model chosen!
id 4
label_counts: defaultdict(<class 'int'>, {6: 69, 7: 207, 8: 302, 3: 297, 0: 55, 1: 31, 5: 7, 9: 14, 4: 1})
CNN(num_cov=2, hidden_dims=[1024], in_features=1, num_classes=args.num_classes) model chosen!
id 5
label_counts: defaultdict(<class 'int'>, {5: 312, 3: 545, 2: 45, 8: 47, 7: 8, 0: 12, 4: 1, 9: 3})
CNN(num_cov=1, hidden_dims=[1024, 512], in_features=1, num_classes=args.num_classes) model chosen!
id 6
label_counts: defaultdict(<class 'int'>, {3: 547, 5: 74, 6: 90, 7: 41, 1: 25, 2: 55, 9: 46, 8: 15, 0: 1})
CNN(num_cov=2, hidden_dims=[1024, 512], in_features=1, num_classes=args.num_classes) model chosen!
id 7
label_counts: defaultdict(<class 'int'>, {8: 546, 7: 55, 2: 54, 3: 1041, 4: 19, 6: 71})
CNN(num_cov=1, hidden_dims=[], in_features=1, num_classes=args.num_classes) model chosen!
id 8
label_counts: defaultdict(<class 'int'>, {2: 159, 7: 322, 9: 119, 4: 87, 5: 291, 8: 140, 6: 92, 3: 8, 0: 24, 1: 6})
CNN(num_cov=2, hidden_dims=[], in_features=1, num_classes=args.num_classes) model chosen!
id 9
label_counts: defaultdict(<class 'int'>, {0: 199, 7: 464, 2: 203, 4: 138, 3: 101, 8: 47, 5: 114, 1: 5, 9: 4})
CNN(num_cov=1, hidden_dims=[512], in_features=1, num_classes=args.num_classes) model chosen!
id 10
label_counts: defaultdict(<class 'int'>, {2: 980, 6: 188, 7: 951, 3: 39, 0: 3, 5: 8})
CNN(num_cov=2, hidden_dims=[512], in_features=1, num_classes=args.num_classes) model chosen!
id 11
label_counts: defaultdict(<class 'int'>, {5: 579, 4: 100, 0: 803, 2: 58, 1: 11})
CNN(num_cov=1, hidden_dims=[1024], in_features=1, num_classes=args.num_classes) model chosen!
id 12
label_counts: defaultdict(<class 'int'>, {9: 1822, 3: 372, 6: 311, 4: 240, 5: 107, 0: 46, 2: 2, 8: 10})
CNN(num_cov=2, hidden_dims=[1024], in_features=1, num_classes=args.num_classes) model chosen!
id 13
label_counts: defaultdict(<class 'int'>, {6: 708, 4: 126, 2: 62, 0: 22, 5: 9, 3: 198, 7: 402, 1: 1})
CNN(num_cov=1, hidden_dims=[1024, 512], in_features=1, num_classes=args.num_classes) model chosen!
id 14
label_counts: defaultdict(<class 'int'>, {3: 380, 7: 628, 4: 393, 6: 54, 1: 54, 0: 2})
CNN(num_cov=2, hidden_dims=[1024, 512], in_features=1, num_classes=args.num_classes) model chosen!
id 15
label_counts: defaultdict(<class 'int'>, {9: 294, 7: 199, 1: 279, 8: 107, 4: 57, 6: 16, 3: 8, 2: 4, 0: 5})
CNN(num_cov=1, hidden_dims=[], in_features=1, num_classes=args.num_classes) model chosen!
id 16
label_counts: defaultdict(<class 'int'>, {9: 192, 8: 72, 2: 565, 6: 243, 1: 61, 0: 75, 4: 2, 5: 22, 3: 36, 7: 16})
CNN(num_cov=2, hidden_dims=[], in_features=1, num_classes=args.num_classes) model chosen!
id 17
label_counts: defaultdict(<class 'int'>, {6: 102, 1: 376, 0: 255, 3: 14, 2: 14, 5: 4, 9: 3})
CNN(num_cov=1, hidden_dims=[512], in_features=1, num_classes=args.num_classes) model chosen!
id 18
label_counts: defaultdict(<class 'int'>, {4: 749, 3: 407, 5: 258, 2: 7})
CNN(num_cov=2, hidden_dims=[512], in_features=1, num_classes=args.num_classes) model chosen!
id 19
label_counts: defaultdict(<class 'int'>, {6: 106, 5: 93, 4: 122, 0: 220, 1: 74, 3: 4, 2: 76, 9: 2, 7: 1})
CNN(num_cov=1, hidden_dims=[1024], in_features=1, num_classes=args.num_classes) model chosen!
id 20
label_counts: defaultdict(<class 'int'>, {4: 386, 5: 1231, 1: 467, 3: 238, 2: 21})
CNN(num_cov=2, hidden_dims=[1024], in_features=1, num_classes=args.num_classes) model chosen!
id 21
label_counts: defaultdict(<class 'int'>, {2: 419, 8: 99, 9: 130, 6: 399, 1: 46, 3: 3, 5: 12, 7: 5, 0: 1})
CNN(num_cov=1, hidden_dims=[1024, 512], in_features=1, num_classes=args.num_classes) model chosen!
id 22
label_counts: defaultdict(<class 'int'>, {1: 834, 0: 234, 2: 285})
CNN(num_cov=2, hidden_dims=[1024, 512], in_features=1, num_classes=args.num_classes) model chosen!
id 23
label_counts: defaultdict(<class 'int'>, {6: 331, 2: 150, 0: 170, 3: 37, 9: 27, 1: 86, 4: 12, 5: 1, 7: 1})
CNN(num_cov=1, hidden_dims=[], in_features=1, num_classes=args.num_classes) model chosen!
id 24
label_counts: defaultdict(<class 'int'>, {7: 429, 6: 73, 4: 95, 1: 62, 9: 14, 3: 14, 8: 2, 5: 3})
CNN(num_cov=2, hidden_dims=[], in_features=1, num_classes=args.num_classes) model chosen!
id 25
label_counts: defaultdict(<class 'int'>, {2: 154, 1: 744, 4: 387, 3: 4, 7: 9, 5: 21})
CNN(num_cov=1, hidden_dims=[512], in_features=1, num_classes=args.num_classes) model chosen!
id 26
label_counts: defaultdict(<class 'int'>, {0: 436, 6: 80, 2: 274, 3: 244, 1: 73, 7: 42, 9: 48, 5: 7, 8: 11, 4: 2})
CNN(num_cov=2, hidden_dims=[512], in_features=1, num_classes=args.num_classes) model chosen!
id 27
label_counts: defaultdict(<class 'int'>, {5: 449, 9: 408, 7: 274, 4: 214, 0: 44, 1: 18, 2: 3, 6: 2})
CNN(num_cov=1, hidden_dims=[1024], in_features=1, num_classes=args.num_classes) model chosen!
id 28
label_counts: defaultdict(<class 'int'>, {0: 534, 3: 404, 2: 383})
CNN(num_cov=2, hidden_dims=[1024], in_features=1, num_classes=args.num_classes) model chosen!
id 29
label_counts: defaultdict(<class 'int'>, {8: 790, 0: 186, 2: 135, 4: 882, 1: 27, 3: 4, 6: 3, 5: 1})
CNN(num_cov=1, hidden_dims=[1024, 512], in_features=1, num_classes=args.num_classes) model chosen!
id 30
label_counts: defaultdict(<class 'int'>, {2: 457, 5: 528, 1: 164, 0: 298, 4: 44, 3: 15})
CNN(num_cov=2, hidden_dims=[1024, 512], in_features=1, num_classes=args.num_classes) model chosen!
id 31
label_counts: defaultdict(<class 'int'>, {9: 275, 1: 451, 6: 12, 4: 110, 8: 27, 0: 8, 7: 1, 3: 2})
CNN(num_cov=1, hidden_dims=[], in_features=1, num_classes=args.num_classes) model chosen!
id 32
label_counts: defaultdict(<class 'int'>, {0: 68, 9: 625, 5: 252, 2: 70, 3: 29, 7: 9, 6: 3, 8: 6, 1: 1})
CNN(num_cov=2, hidden_dims=[], in_features=1, num_classes=args.num_classes) model chosen!
id 33
label_counts: defaultdict(<class 'int'>, {6: 877, 2: 252, 0: 237, 1: 72, 4: 42, 3: 55, 5: 1})
CNN(num_cov=1, hidden_dims=[512], in_features=1, num_classes=args.num_classes) model chosen!
id 34
label_counts: defaultdict(<class 'int'>, {0: 675, 4: 234, 1: 71, 9: 128, 6: 57, 2: 44, 7: 6, 5: 20, 3: 1})
CNN(num_cov=2, hidden_dims=[512], in_features=1, num_classes=args.num_classes) model chosen!
id 35
label_counts: defaultdict(<class 'int'>, {6: 421, 8: 134, 2: 59, 7: 73, 9: 67, 5: 7, 3: 3, 1: 1})
CNN(num_cov=1, hidden_dims=[1024], in_features=1, num_classes=args.num_classes) model chosen!
id 36
label_counts: defaultdict(<class 'int'>, {6: 467, 9: 45, 4: 63, 1: 212, 3: 18, 2: 79, 8: 24, 7: 126, 0: 13})
CNN(num_cov=2, hidden_dims=[1024], in_features=1, num_classes=args.num_classes) model chosen!
id 37
label_counts: defaultdict(<class 'int'>, {8: 1474, 5: 70, 6: 84, 7: 77, 2: 10, 3: 15, 0: 7, 1: 2})
CNN(num_cov=1, hidden_dims=[1024, 512], in_features=1, num_classes=args.num_classes) model chosen!
id 38
label_counts: defaultdict(<class 'int'>, {1: 734, 7: 245, 8: 100, 3: 44, 5: 28, 9: 7, 6: 28, 4: 8})
CNN(num_cov=2, hidden_dims=[1024, 512], in_features=1, num_classes=args.num_classes) model chosen!
id 39
label_counts: defaultdict(<class 'int'>, {5: 192, 9: 354, 8: 33, 0: 84, 4: 4, 1: 7, 6: 1, 3: 1})

Join ratio / total clients: 1.0 / 40
Finished creating server and clients.
------------------------- time cost ------------------------- 20.15143346786499

-------------Round number: 0-------------

Evaluate heterogeneous models
Averaged Test Accuracy (Regular Model): 0.8684
Averaged Train Loss (Regular Model): 0.5247
Averaged Test AUC: 0.9655
Std Test Accurancy: 0.1506
Std Test AUC: 0.0354
------------------------- time cost ------------------------- 19.225186586380005

-------------Round number: 1-------------

Evaluate heterogeneous models
Averaged Test Accuracy (Regular Model): 0.9440
Averaged Train Loss (Regular Model): 0.2094
Averaged Test AUC: 0.9882
Std Test Accurancy: 0.0484
Std Test AUC: 0.0176
------------------------- time cost ------------------------- 18.950757026672363

-------------Round number: 2-------------

Evaluate heterogeneous models
Averaged Test Accuracy (Regular Model): 0.9622
Averaged Train Loss (Regular Model): 0.0863
Averaged Test AUC: 0.9946
Std Test Accurancy: 0.0237
Std Test AUC: 0.0054
------------------------- time cost ------------------------- 20.24973750114441

-------------Round number: 3-------------

Evaluate heterogeneous models
Averaged Test Accuracy (Regular Model): 0.9678
Averaged Train Loss (Regular Model): 0.0380
Averaged Test AUC: 0.9959
Std Test Accurancy: 0.0176
Std Test AUC: 0.0034
------------------------- time cost ------------------------- 20.006038188934326

-------------Round number: 4-------------

Evaluate heterogeneous models
Averaged Test Accuracy (Regular Model): 0.9695
Averaged Train Loss (Regular Model): 0.0211
Averaged Test AUC: 0.9962
Std Test Accurancy: 0.0181
Std Test AUC: 0.0034
------------------------- time cost ------------------------- 19.807573556900024

-------------Round number: 5-------------

Evaluate heterogeneous models
Averaged Test Accuracy (Regular Model): 0.9717
Averaged Train Loss (Regular Model): 0.0101
Averaged Test AUC: 0.9965
Std Test Accurancy: 0.0150
Std Test AUC: 0.0029
------------------------- time cost ------------------------- 19.540300846099854

-------------Round number: 6-------------

Evaluate heterogeneous models
Averaged Test Accuracy (Regular Model): 0.9726
Averaged Train Loss (Regular Model): 0.0065
Averaged Test AUC: 0.9965
Std Test Accurancy: 0.0151
Std Test AUC: 0.0029
------------------------- time cost ------------------------- 19.62266445159912

-------------Round number: 7-------------

Evaluate heterogeneous models
Averaged Test Accuracy (Regular Model): 0.9729
Averaged Train Loss (Regular Model): 0.0043
Averaged Test AUC: 0.9965
Std Test Accurancy: 0.0147
Std Test AUC: 0.0029
------------------------- time cost ------------------------- 19.65548300743103

-------------Round number: 8-------------

Evaluate heterogeneous models
Averaged Test Accuracy (Regular Model): 0.9729
Averaged Train Loss (Regular Model): 0.0031
Averaged Test AUC: 0.9966
Std Test Accurancy: 0.0148
Std Test AUC: 0.0028
------------------------- time cost ------------------------- 19.776918411254883

-------------Round number: 9-------------

Evaluate heterogeneous models
Averaged Test Accuracy (Regular Model): 0.9731
Averaged Train Loss (Regular Model): 0.0023
Averaged Test AUC: 0.9966
Std Test Accurancy: 0.0147
Std Test AUC: 0.0028
------------------------- time cost ------------------------- 20.08000874519348

-------------Round number: 10-------------

Evaluate heterogeneous models
Averaged Test Accuracy (Regular Model): 0.9732
Averaged Train Loss (Regular Model): 0.0018
Averaged Test AUC: 0.9967
Std Test Accurancy: 0.0146
Std Test AUC: 0.0028
------------------------- time cost ------------------------- 19.63965940475464

-------------Round number: 11-------------

Evaluate heterogeneous models
Averaged Test Accuracy (Regular Model): 0.9734
Averaged Train Loss (Regular Model): 0.0015
Averaged Test AUC: 0.9967
Std Test Accurancy: 0.0150
Std Test AUC: 0.0028
------------------------- time cost ------------------------- 19.635218620300293

-------------Round number: 12-------------

Evaluate heterogeneous models
Averaged Test Accuracy (Regular Model): 0.9731
Averaged Train Loss (Regular Model): 0.0015
Averaged Test AUC: 0.9967
Std Test Accurancy: 0.0153
Std Test AUC: 0.0027
------------------------- time cost ------------------------- 19.62059712409973

-------------Round number: 13-------------

Evaluate heterogeneous models
Averaged Test Accuracy (Regular Model): 0.9732
Averaged Train Loss (Regular Model): 0.0012
Averaged Test AUC: 0.9967
Std Test Accurancy: 0.0151
Std Test AUC: 0.0027
------------------------- time cost ------------------------- 19.646116495132446

-------------Round number: 14-------------

Evaluate heterogeneous models
Averaged Test Accuracy (Regular Model): 0.9734
Averaged Train Loss (Regular Model): 0.0010
Averaged Test AUC: 0.9967
Std Test Accurancy: 0.0150
Std Test AUC: 0.0027
------------------------- time cost ------------------------- 20.02576446533203

-------------Round number: 15-------------

Evaluate heterogeneous models
Averaged Test Accuracy (Regular Model): 0.9734
Averaged Train Loss (Regular Model): 0.0009
Averaged Test AUC: 0.9968
Std Test Accurancy: 0.0152
Std Test AUC: 0.0027
------------------------- time cost ------------------------- 19.48504400253296

-------------Round number: 16-------------

Evaluate heterogeneous models
Averaged Test Accuracy (Regular Model): 0.9734
Averaged Train Loss (Regular Model): 0.0008
Averaged Test AUC: 0.9968
Std Test Accurancy: 0.0151
Std Test AUC: 0.0027
------------------------- time cost ------------------------- 19.734103441238403

-------------Round number: 17-------------

Evaluate heterogeneous models
Averaged Test Accuracy (Regular Model): 0.9736
Averaged Train Loss (Regular Model): 0.0007
Averaged Test AUC: 0.9968
Std Test Accurancy: 0.0147
Std Test AUC: 0.0027
------------------------- time cost ------------------------- 19.6619553565979

-------------Round number: 18-------------

Evaluate heterogeneous models
Averaged Test Accuracy (Regular Model): 0.9738
Averaged Train Loss (Regular Model): 0.0007
Averaged Test AUC: 0.9968
Std Test Accurancy: 0.0145
Std Test AUC: 0.0027
------------------------- time cost ------------------------- 19.563430547714233

-------------Round number: 19-------------

Evaluate heterogeneous models
Averaged Test Accuracy (Regular Model): 0.9738
Averaged Train Loss (Regular Model): 0.0006
Averaged Test AUC: 0.9968
Std Test Accurancy: 0.0148
Std Test AUC: 0.0027
------------------------- time cost ------------------------- 19.536754608154297

-------------Round number: 20-------------

Evaluate heterogeneous models
Averaged Test Accuracy (Regular Model): 0.9737
Averaged Train Loss (Regular Model): 0.0006
Averaged Test AUC: 0.9968
Std Test Accurancy: 0.0146
Std Test AUC: 0.0027
------------------------- time cost ------------------------- 19.96669101715088

-------------Round number: 21-------------

Evaluate heterogeneous models
Averaged Test Accuracy (Regular Model): 0.9736
Averaged Train Loss (Regular Model): 0.0005
Averaged Test AUC: 0.9968
Std Test Accurancy: 0.0151
Std Test AUC: 0.0027
------------------------- time cost ------------------------- 19.720006704330444

-------------Round number: 22-------------

Evaluate heterogeneous models
Averaged Test Accuracy (Regular Model): 0.9739
Averaged Train Loss (Regular Model): 0.0005
Averaged Test AUC: 0.9968
Std Test Accurancy: 0.0143
Std Test AUC: 0.0027
------------------------- time cost ------------------------- 19.63394832611084

-------------Round number: 23-------------

Evaluate heterogeneous models
Averaged Test Accuracy (Regular Model): 0.9738
Averaged Train Loss (Regular Model): 0.0005
Averaged Test AUC: 0.9968
Std Test Accurancy: 0.0144
Std Test AUC: 0.0027
------------------------- time cost ------------------------- 19.735530614852905

-------------Round number: 24-------------

Evaluate heterogeneous models
Averaged Test Accuracy (Regular Model): 0.9739
Averaged Train Loss (Regular Model): 0.0004
Averaged Test AUC: 0.9968
Std Test Accurancy: 0.0146
Std Test AUC: 0.0027
------------------------- time cost ------------------------- 19.493069648742676

-------------Round number: 25-------------

Evaluate heterogeneous models
Averaged Test Accuracy (Regular Model): 0.9738
Averaged Train Loss (Regular Model): 0.0004
Averaged Test AUC: 0.9968
Std Test Accurancy: 0.0144
Std Test AUC: 0.0027
------------------------- time cost ------------------------- 19.61471152305603

-------------Round number: 26-------------

Evaluate heterogeneous models
Averaged Test Accuracy (Regular Model): 0.9738
Averaged Train Loss (Regular Model): 0.0004
Averaged Test AUC: 0.9968
Std Test Accurancy: 0.0147
Std Test AUC: 0.0027
------------------------- time cost ------------------------- 20.154188632965088

-------------Round number: 27-------------

Evaluate heterogeneous models
Averaged Test Accuracy (Regular Model): 0.9738
Averaged Train Loss (Regular Model): 0.0004
Averaged Test AUC: 0.9968
Std Test Accurancy: 0.0145
Std Test AUC: 0.0027
------------------------- time cost ------------------------- 20.185697317123413

-------------Round number: 28-------------

Evaluate heterogeneous models
Averaged Test Accuracy (Regular Model): 0.9740
Averaged Train Loss (Regular Model): 0.0004
Averaged Test AUC: 0.9968
Std Test Accurancy: 0.0144
Std Test AUC: 0.0027
------------------------- time cost ------------------------- 19.848085165023804

-------------Round number: 29-------------

Evaluate heterogeneous models
Averaged Test Accuracy (Regular Model): 0.9736
Averaged Train Loss (Regular Model): 0.0003
Averaged Test AUC: 0.9968
Std Test Accurancy: 0.0145
Std Test AUC: 0.0027
------------------------- time cost ------------------------- 19.89489483833313

-------------Round number: 30-------------

Evaluate heterogeneous models
Averaged Test Accuracy (Regular Model): 0.9738
Averaged Train Loss (Regular Model): 0.0003
Averaged Test AUC: 0.9969
Std Test Accurancy: 0.0145
Std Test AUC: 0.0027
------------------------- time cost ------------------------- 20.121913194656372

-------------Round number: 31-------------

Evaluate heterogeneous models
Averaged Test Accuracy (Regular Model): 0.9738
Averaged Train Loss (Regular Model): 0.0003
Averaged Test AUC: 0.9969
Std Test Accurancy: 0.0146
Std Test AUC: 0.0027
------------------------- time cost ------------------------- 19.8613064289093

-------------Round number: 32-------------

Evaluate heterogeneous models
Averaged Test Accuracy (Regular Model): 0.9741
Averaged Train Loss (Regular Model): 0.0003
Averaged Test AUC: 0.9969
Std Test Accurancy: 0.0143
Std Test AUC: 0.0027
------------------------- time cost ------------------------- 19.789364099502563

-------------Round number: 33-------------

Evaluate heterogeneous models
Averaged Test Accuracy (Regular Model): 0.9738
Averaged Train Loss (Regular Model): 0.0003
Averaged Test AUC: 0.9969
Std Test Accurancy: 0.0147
Std Test AUC: 0.0027
------------------------- time cost ------------------------- 19.674676656723022

-------------Round number: 34-------------

Evaluate heterogeneous models
Averaged Test Accuracy (Regular Model): 0.9738
Averaged Train Loss (Regular Model): 0.0003
Averaged Test AUC: 0.9969
Std Test Accurancy: 0.0145
Std Test AUC: 0.0027
------------------------- time cost ------------------------- 19.237866401672363

-------------Round number: 35-------------

Evaluate heterogeneous models
Averaged Test Accuracy (Regular Model): 0.9738
Averaged Train Loss (Regular Model): 0.0003
Averaged Test AUC: 0.9969
Std Test Accurancy: 0.0144
Std Test AUC: 0.0026
------------------------- time cost ------------------------- 19.730693817138672

-------------Round number: 36-------------

Evaluate heterogeneous models
Averaged Test Accuracy (Regular Model): 0.9737
Averaged Train Loss (Regular Model): 0.0003
Averaged Test AUC: 0.9969
Std Test Accurancy: 0.0142
Std Test AUC: 0.0027
------------------------- time cost ------------------------- 19.822623252868652

-------------Round number: 37-------------

Evaluate heterogeneous models
Averaged Test Accuracy (Regular Model): 0.9738
Averaged Train Loss (Regular Model): 0.0002
Averaged Test AUC: 0.9969
Std Test Accurancy: 0.0144
Std Test AUC: 0.0027
------------------------- time cost ------------------------- 19.563120126724243

-------------Round number: 38-------------

Evaluate heterogeneous models
Averaged Test Accuracy (Regular Model): 0.9737
Averaged Train Loss (Regular Model): 0.0002
Averaged Test AUC: 0.9969
Std Test Accurancy: 0.0146
Std Test AUC: 0.0026
------------------------- time cost ------------------------- 19.48229479789734

-------------Round number: 39-------------

Evaluate heterogeneous models
Averaged Test Accuracy (Regular Model): 0.9738
Averaged Train Loss (Regular Model): 0.0002
Averaged Test AUC: 0.9969
Std Test Accurancy: 0.0144
Std Test AUC: 0.0026
------------------------- time cost ------------------------- 19.696279048919678

-------------Round number: 40-------------

Evaluate heterogeneous models
Averaged Test Accuracy (Regular Model): 0.9739
Averaged Train Loss (Regular Model): 0.0002
Averaged Test AUC: 0.9969
Std Test Accurancy: 0.0147
Std Test AUC: 0.0026
------------------------- time cost ------------------------- 19.742892026901245

-------------Round number: 41-------------

Evaluate heterogeneous models
Averaged Test Accuracy (Regular Model): 0.9738
Averaged Train Loss (Regular Model): 0.0002
Averaged Test AUC: 0.9969
Std Test Accurancy: 0.0145
Std Test AUC: 0.0026
------------------------- time cost ------------------------- 19.34650206565857

-------------Round number: 42-------------

Evaluate heterogeneous models
Averaged Test Accuracy (Regular Model): 0.9739
Averaged Train Loss (Regular Model): 0.0002
Averaged Test AUC: 0.9969
Std Test Accurancy: 0.0145
Std Test AUC: 0.0026
------------------------- time cost ------------------------- 19.59978222846985

-------------Round number: 43-------------

Evaluate heterogeneous models
Averaged Test Accuracy (Regular Model): 0.9738
Averaged Train Loss (Regular Model): 0.0002
Averaged Test AUC: 0.9969
Std Test Accurancy: 0.0144
Std Test AUC: 0.0026
------------------------- time cost ------------------------- 19.573078632354736

-------------Round number: 44-------------

Evaluate heterogeneous models
Averaged Test Accuracy (Regular Model): 0.9738
Averaged Train Loss (Regular Model): 0.0002
Averaged Test AUC: 0.9969
Std Test Accurancy: 0.0146
Std Test AUC: 0.0026
------------------------- time cost ------------------------- 19.610356092453003

-------------Round number: 45-------------

Evaluate heterogeneous models
Averaged Test Accuracy (Regular Model): 0.9740
Averaged Train Loss (Regular Model): 0.0002
Averaged Test AUC: 0.9969
Std Test Accurancy: 0.0145
Std Test AUC: 0.0026
------------------------- time cost ------------------------- 19.531973600387573

-------------Round number: 46-------------

Evaluate heterogeneous models
Averaged Test Accuracy (Regular Model): 0.9738
Averaged Train Loss (Regular Model): 0.0002
Averaged Test AUC: 0.9969
Std Test Accurancy: 0.0146
Std Test AUC: 0.0026
------------------------- time cost ------------------------- 19.62447428703308

-------------Round number: 47-------------

Evaluate heterogeneous models
Averaged Test Accuracy (Regular Model): 0.9739
Averaged Train Loss (Regular Model): 0.0002
Averaged Test AUC: 0.9969
Std Test Accurancy: 0.0145
Std Test AUC: 0.0026
------------------------- time cost ------------------------- 19.70677924156189

-------------Round number: 48-------------

Evaluate heterogeneous models
Averaged Test Accuracy (Regular Model): 0.9738
Averaged Train Loss (Regular Model): 0.0002
Averaged Test AUC: 0.9969
Std Test Accurancy: 0.0145
Std Test AUC: 0.0026
------------------------- time cost ------------------------- 19.620518445968628

-------------Round number: 49-------------

Evaluate heterogeneous models
Averaged Test Accuracy (Regular Model): 0.9738
Averaged Train Loss (Regular Model): 0.0002
Averaged Test AUC: 0.9969
Std Test Accurancy: 0.0144
Std Test AUC: 0.0026
------------------------- time cost ------------------------- 19.678255796432495

-------------Round number: 50-------------

Evaluate heterogeneous models
Averaged Test Accuracy (Regular Model): 0.9738
Averaged Train Loss (Regular Model): 0.0002
Averaged Test AUC: 0.9969
Std Test Accurancy: 0.0145
Std Test AUC: 0.0026
------------------------- time cost ------------------------- 19.31532073020935

-------------Round number: 51-------------

Evaluate heterogeneous models
Averaged Test Accuracy (Regular Model): 0.9739
Averaged Train Loss (Regular Model): 0.0002
Averaged Test AUC: 0.9969
Std Test Accurancy: 0.0145
Std Test AUC: 0.0026
------------------------- time cost ------------------------- 19.760623693466187

-------------Round number: 52-------------

Evaluate heterogeneous models
Averaged Test Accuracy (Regular Model): 0.9740
Averaged Train Loss (Regular Model): 0.0002
Averaged Test AUC: 0.9969
Std Test Accurancy: 0.0143
Std Test AUC: 0.0026
------------------------- time cost ------------------------- 19.54550075531006

-------------Round number: 53-------------

Evaluate heterogeneous models
Averaged Test Accuracy (Regular Model): 0.9738
Averaged Train Loss (Regular Model): 0.0002
Averaged Test AUC: 0.9969
Std Test Accurancy: 0.0144
Std Test AUC: 0.0026
------------------------- time cost ------------------------- 19.478071689605713

-------------Round number: 54-------------

Evaluate heterogeneous models
Averaged Test Accuracy (Regular Model): 0.9740
Averaged Train Loss (Regular Model): 0.0001
Averaged Test AUC: 0.9969
Std Test Accurancy: 0.0142
Std Test AUC: 0.0026
------------------------- time cost ------------------------- 19.601240396499634

-------------Round number: 55-------------

Evaluate heterogeneous models
Averaged Test Accuracy (Regular Model): 0.9740
Averaged Train Loss (Regular Model): 0.0001
Averaged Test AUC: 0.9969
Std Test Accurancy: 0.0143
Std Test AUC: 0.0026
------------------------- time cost ------------------------- 19.536478519439697

-------------Round number: 56-------------

Evaluate heterogeneous models
Averaged Test Accuracy (Regular Model): 0.9740
Averaged Train Loss (Regular Model): 0.0001
Averaged Test AUC: 0.9969
Std Test Accurancy: 0.0143
Std Test AUC: 0.0026
------------------------- time cost ------------------------- 19.56570053100586

-------------Round number: 57-------------

Evaluate heterogeneous models
Averaged Test Accuracy (Regular Model): 0.9740
Averaged Train Loss (Regular Model): 0.0001
Averaged Test AUC: 0.9969
Std Test Accurancy: 0.0143
Std Test AUC: 0.0026
------------------------- time cost ------------------------- 19.604174852371216

-------------Round number: 58-------------

Evaluate heterogeneous models
Averaged Test Accuracy (Regular Model): 0.9739
Averaged Train Loss (Regular Model): 0.0001
Averaged Test AUC: 0.9969
Std Test Accurancy: 0.0143
Std Test AUC: 0.0026
------------------------- time cost ------------------------- 19.5871741771698

-------------Round number: 59-------------

Evaluate heterogeneous models
Averaged Test Accuracy (Regular Model): 0.9738
Averaged Train Loss (Regular Model): 0.0001
Averaged Test AUC: 0.9969
Std Test Accurancy: 0.0145
Std Test AUC: 0.0026
------------------------- time cost ------------------------- 19.965540647506714

-------------Round number: 60-------------

Evaluate heterogeneous models
Averaged Test Accuracy (Regular Model): 0.9737
Averaged Train Loss (Regular Model): 0.0001
Averaged Test AUC: 0.9969
Std Test Accurancy: 0.0142
Std Test AUC: 0.0026
------------------------- time cost ------------------------- 19.777535915374756

-------------Round number: 61-------------

Evaluate heterogeneous models
Averaged Test Accuracy (Regular Model): 0.9738
Averaged Train Loss (Regular Model): 0.0001
Averaged Test AUC: 0.9969
Std Test Accurancy: 0.0142
Std Test AUC: 0.0026
------------------------- time cost ------------------------- 19.466145992279053

-------------Round number: 62-------------

Evaluate heterogeneous models
Averaged Test Accuracy (Regular Model): 0.9738
Averaged Train Loss (Regular Model): 0.0001
Averaged Test AUC: 0.9969
Std Test Accurancy: 0.0143
Std Test AUC: 0.0026
------------------------- time cost ------------------------- 19.25721025466919

-------------Round number: 63-------------

Evaluate heterogeneous models
Averaged Test Accuracy (Regular Model): 0.9738
Averaged Train Loss (Regular Model): 0.0001
Averaged Test AUC: 0.9969
Std Test Accurancy: 0.0142
Std Test AUC: 0.0026
------------------------- time cost ------------------------- 19.545905590057373

-------------Round number: 64-------------

Evaluate heterogeneous models
Averaged Test Accuracy (Regular Model): 0.9739
Averaged Train Loss (Regular Model): 0.0001
Averaged Test AUC: 0.9969
Std Test Accurancy: 0.0145
Std Test AUC: 0.0026
------------------------- time cost ------------------------- 19.665301084518433

-------------Round number: 65-------------

Evaluate heterogeneous models
Averaged Test Accuracy (Regular Model): 0.9738
Averaged Train Loss (Regular Model): 0.0001
Averaged Test AUC: 0.9969
Std Test Accurancy: 0.0144
Std Test AUC: 0.0026
------------------------- time cost ------------------------- 19.3099148273468

-------------Round number: 66-------------

Evaluate heterogeneous models
Averaged Test Accuracy (Regular Model): 0.9740
Averaged Train Loss (Regular Model): 0.0001
Averaged Test AUC: 0.9969
Std Test Accurancy: 0.0141
Std Test AUC: 0.0026
------------------------- time cost ------------------------- 19.702386617660522

-------------Round number: 67-------------

Evaluate heterogeneous models
Averaged Test Accuracy (Regular Model): 0.9738
Averaged Train Loss (Regular Model): 0.0001
Averaged Test AUC: 0.9969
Std Test Accurancy: 0.0142
Std Test AUC: 0.0026
------------------------- time cost ------------------------- 19.8928382396698

-------------Round number: 68-------------

Evaluate heterogeneous models
Averaged Test Accuracy (Regular Model): 0.9738
Averaged Train Loss (Regular Model): 0.0001
Averaged Test AUC: 0.9969
Std Test Accurancy: 0.0142
Std Test AUC: 0.0026
------------------------- time cost ------------------------- 19.782493591308594

-------------Round number: 69-------------

Evaluate heterogeneous models
Averaged Test Accuracy (Regular Model): 0.9738
Averaged Train Loss (Regular Model): 0.0001
Averaged Test AUC: 0.9969
Std Test Accurancy: 0.0141
Std Test AUC: 0.0026
------------------------- time cost ------------------------- 19.596793174743652

-------------Round number: 70-------------

Evaluate heterogeneous models
Averaged Test Accuracy (Regular Model): 0.9741
Averaged Train Loss (Regular Model): 0.0001
Averaged Test AUC: 0.9969
Std Test Accurancy: 0.0142
Std Test AUC: 0.0026
------------------------- time cost ------------------------- 19.67533040046692

-------------Round number: 71-------------

Evaluate heterogeneous models
Averaged Test Accuracy (Regular Model): 0.9738
Averaged Train Loss (Regular Model): 0.0001
Averaged Test AUC: 0.9969
Std Test Accurancy: 0.0142
Std Test AUC: 0.0026
------------------------- time cost ------------------------- 20.00355553627014

-------------Round number: 72-------------

Evaluate heterogeneous models
Averaged Test Accuracy (Regular Model): 0.9739
Averaged Train Loss (Regular Model): 0.0001
Averaged Test AUC: 0.9969
Std Test Accurancy: 0.0142
Std Test AUC: 0.0026
------------------------- time cost ------------------------- 19.85400152206421

-------------Round number: 73-------------

Evaluate heterogeneous models
Averaged Test Accuracy (Regular Model): 0.9738
Averaged Train Loss (Regular Model): 0.0001
Averaged Test AUC: 0.9969
Std Test Accurancy: 0.0143
Std Test AUC: 0.0026
------------------------- time cost ------------------------- 19.687711477279663

-------------Round number: 74-------------

Evaluate heterogeneous models
Averaged Test Accuracy (Regular Model): 0.9740
Averaged Train Loss (Regular Model): 0.0001
Averaged Test AUC: 0.9969
Std Test Accurancy: 0.0141
Std Test AUC: 0.0026
------------------------- time cost ------------------------- 19.746122360229492

-------------Round number: 75-------------

Evaluate heterogeneous models
Averaged Test Accuracy (Regular Model): 0.9739
Averaged Train Loss (Regular Model): 0.0001
Averaged Test AUC: 0.9969
Std Test Accurancy: 0.0141
Std Test AUC: 0.0026
------------------------- time cost ------------------------- 20.09101700782776

-------------Round number: 76-------------

Evaluate heterogeneous models
Averaged Test Accuracy (Regular Model): 0.9740
Averaged Train Loss (Regular Model): 0.0001
Averaged Test AUC: 0.9969
Std Test Accurancy: 0.0142
Std Test AUC: 0.0026
------------------------- time cost ------------------------- 21.048656463623047

-------------Round number: 77-------------

Evaluate heterogeneous models
Averaged Test Accuracy (Regular Model): 0.9741
Averaged Train Loss (Regular Model): 0.0001
Averaged Test AUC: 0.9970
Std Test Accurancy: 0.0139
Std Test AUC: 0.0026
------------------------- time cost ------------------------- 20.575522899627686

-------------Round number: 78-------------

Evaluate heterogeneous models
Averaged Test Accuracy (Regular Model): 0.9740
Averaged Train Loss (Regular Model): 0.0001
Averaged Test AUC: 0.9970
Std Test Accurancy: 0.0142
Std Test AUC: 0.0026
------------------------- time cost ------------------------- 19.561378240585327

-------------Round number: 79-------------

Evaluate heterogeneous models
Averaged Test Accuracy (Regular Model): 0.9740
Averaged Train Loss (Regular Model): 0.0001
Averaged Test AUC: 0.9970
Std Test Accurancy: 0.0140
Std Test AUC: 0.0026
------------------------- time cost ------------------------- 19.67443013191223

-------------Round number: 80-------------

Evaluate heterogeneous models
Averaged Test Accuracy (Regular Model): 0.9739
Averaged Train Loss (Regular Model): 0.0001
Averaged Test AUC: 0.9970
Std Test Accurancy: 0.0142
Std Test AUC: 0.0026
------------------------- time cost ------------------------- 19.532846689224243

-------------Round number: 81-------------

Evaluate heterogeneous models
Averaged Test Accuracy (Regular Model): 0.9740
Averaged Train Loss (Regular Model): 0.0001
Averaged Test AUC: 0.9970
Std Test Accurancy: 0.0140
Std Test AUC: 0.0026
------------------------- time cost ------------------------- 19.371248722076416

-------------Round number: 82-------------

Evaluate heterogeneous models
Averaged Test Accuracy (Regular Model): 0.9738
Averaged Train Loss (Regular Model): 0.0001
Averaged Test AUC: 0.9970
Std Test Accurancy: 0.0141
Std Test AUC: 0.0026
------------------------- time cost ------------------------- 19.54393243789673

-------------Round number: 83-------------

Evaluate heterogeneous models
Averaged Test Accuracy (Regular Model): 0.9740
Averaged Train Loss (Regular Model): 0.0001
Averaged Test AUC: 0.9970
Std Test Accurancy: 0.0139
Std Test AUC: 0.0026
------------------------- time cost ------------------------- 20.075560331344604

-------------Round number: 84-------------

Evaluate heterogeneous models
Averaged Test Accuracy (Regular Model): 0.9738
Averaged Train Loss (Regular Model): 0.0001
Averaged Test AUC: 0.9970
Std Test Accurancy: 0.0140
Std Test AUC: 0.0026
------------------------- time cost ------------------------- 19.31403422355652

-------------Round number: 85-------------

Evaluate heterogeneous models
Averaged Test Accuracy (Regular Model): 0.9739
Averaged Train Loss (Regular Model): 0.0001
Averaged Test AUC: 0.9970
Std Test Accurancy: 0.0139
Std Test AUC: 0.0026
------------------------- time cost ------------------------- 18.835182666778564

-------------Round number: 86-------------

Evaluate heterogeneous models
Averaged Test Accuracy (Regular Model): 0.9739
Averaged Train Loss (Regular Model): 0.0001
Averaged Test AUC: 0.9970
Std Test Accurancy: 0.0141
Std Test AUC: 0.0026
------------------------- time cost ------------------------- 18.476104974746704

-------------Round number: 87-------------

Evaluate heterogeneous models
Averaged Test Accuracy (Regular Model): 0.9738
Averaged Train Loss (Regular Model): 0.0001
Averaged Test AUC: 0.9970
Std Test Accurancy: 0.0140
Std Test AUC: 0.0026
------------------------- time cost ------------------------- 18.660472631454468

-------------Round number: 88-------------

Evaluate heterogeneous models
Averaged Test Accuracy (Regular Model): 0.9738
Averaged Train Loss (Regular Model): 0.0001
Averaged Test AUC: 0.9970
Std Test Accurancy: 0.0142
Std Test AUC: 0.0026
------------------------- time cost ------------------------- 18.835040807724

-------------Round number: 89-------------

Evaluate heterogeneous models
Averaged Test Accuracy (Regular Model): 0.9738
Averaged Train Loss (Regular Model): 0.0001
Averaged Test AUC: 0.9970
Std Test Accurancy: 0.0140
Std Test AUC: 0.0026
------------------------- time cost ------------------------- 18.88543128967285

-------------Round number: 90-------------

Evaluate heterogeneous models
Averaged Test Accuracy (Regular Model): 0.9739
Averaged Train Loss (Regular Model): 0.0001
Averaged Test AUC: 0.9970
Std Test Accurancy: 0.0142
Std Test AUC: 0.0026
------------------------- time cost ------------------------- 18.166640520095825

-------------Round number: 91-------------

Evaluate heterogeneous models
Averaged Test Accuracy (Regular Model): 0.9739
Averaged Train Loss (Regular Model): 0.0001
Averaged Test AUC: 0.9970
Std Test Accurancy: 0.0139
Std Test AUC: 0.0026
------------------------- time cost ------------------------- 18.437798738479614

-------------Round number: 92-------------

Evaluate heterogeneous models
Averaged Test Accuracy (Regular Model): 0.9740
Averaged Train Loss (Regular Model): 0.0001
Averaged Test AUC: 0.9970
Std Test Accurancy: 0.0139
Std Test AUC: 0.0026
------------------------- time cost ------------------------- 18.21566605567932

-------------Round number: 93-------------

Evaluate heterogeneous models
Averaged Test Accuracy (Regular Model): 0.9739
Averaged Train Loss (Regular Model): 0.0001
Averaged Test AUC: 0.9970
Std Test Accurancy: 0.0139
Std Test AUC: 0.0026
------------------------- time cost ------------------------- 18.840176105499268

-------------Round number: 94-------------

Evaluate heterogeneous models
Averaged Test Accuracy (Regular Model): 0.9740
Averaged Train Loss (Regular Model): 0.0001
Averaged Test AUC: 0.9970
Std Test Accurancy: 0.0139
Std Test AUC: 0.0026
------------------------- time cost ------------------------- 19.901980876922607

-------------Round number: 95-------------

Evaluate heterogeneous models
Averaged Test Accuracy (Regular Model): 0.9740
Averaged Train Loss (Regular Model): 0.0001
Averaged Test AUC: 0.9970
Std Test Accurancy: 0.0139
Std Test AUC: 0.0026
------------------------- time cost ------------------------- 19.81456470489502

-------------Round number: 96-------------

Evaluate heterogeneous models
Averaged Test Accuracy (Regular Model): 0.9739
Averaged Train Loss (Regular Model): 0.0001
Averaged Test AUC: 0.9970
Std Test Accurancy: 0.0140
Std Test AUC: 0.0026
------------------------- time cost ------------------------- 19.69348645210266

-------------Round number: 97-------------

Evaluate heterogeneous models
Averaged Test Accuracy (Regular Model): 0.9739
Averaged Train Loss (Regular Model): 0.0001
Averaged Test AUC: 0.9970
Std Test Accurancy: 0.0140
Std Test AUC: 0.0026
------------------------- time cost ------------------------- 19.60669779777527

-------------Round number: 98-------------

Evaluate heterogeneous models
Averaged Test Accuracy (Regular Model): 0.9740
Averaged Train Loss (Regular Model): 0.0001
Averaged Test AUC: 0.9970
Std Test Accurancy: 0.0139
Std Test AUC: 0.0026
------------------------- time cost ------------------------- 19.592873096466064

-------------Round number: 99-------------

Evaluate heterogeneous models
Averaged Test Accuracy (Regular Model): 0.9739
Averaged Train Loss (Regular Model): 0.0001
Averaged Test AUC: 0.9970
Std Test Accurancy: 0.0140
Std Test AUC: 0.0026
------------------------- time cost ------------------------- 20.65653896331787

-------------Round number: 100-------------

Evaluate heterogeneous models
Averaged Test Accuracy (Regular Model): 0.9740
Averaged Train Loss (Regular Model): 0.0001
Averaged Test AUC: 0.9970
Std Test Accurancy: 0.0140
Std Test AUC: 0.0026
------------------------- time cost ------------------------- 20.10528826713562

-------------Round number: 101-------------

Evaluate heterogeneous models
Averaged Test Accuracy (Regular Model): 0.9738
Averaged Train Loss (Regular Model): 0.0001
Averaged Test AUC: 0.9970
Std Test Accurancy: 0.0140
Std Test AUC: 0.0026
------------------------- time cost ------------------------- 19.36128258705139

-------------Round number: 102-------------

Evaluate heterogeneous models
Averaged Test Accuracy (Regular Model): 0.9740
Averaged Train Loss (Regular Model): 0.0001
Averaged Test AUC: 0.9970
Std Test Accurancy: 0.0139
Std Test AUC: 0.0026
------------------------- time cost ------------------------- 19.53821039199829

-------------Round number: 103-------------

Evaluate heterogeneous models
Averaged Test Accuracy (Regular Model): 0.9740
Averaged Train Loss (Regular Model): 0.0001
Averaged Test AUC: 0.9970
Std Test Accurancy: 0.0141
Std Test AUC: 0.0026
------------------------- time cost ------------------------- 18.64312744140625

-------------Round number: 104-------------

Evaluate heterogeneous models
Averaged Test Accuracy (Regular Model): 0.9741
Averaged Train Loss (Regular Model): 0.0001
Averaged Test AUC: 0.9970
Std Test Accurancy: 0.0138
Std Test AUC: 0.0026
------------------------- time cost ------------------------- 19.502801179885864

-------------Round number: 105-------------

Evaluate heterogeneous models
Averaged Test Accuracy (Regular Model): 0.9739
Averaged Train Loss (Regular Model): 0.0001
Averaged Test AUC: 0.9970
Std Test Accurancy: 0.0139
Std Test AUC: 0.0026
------------------------- time cost ------------------------- 19.15356135368347

-------------Round number: 106-------------

Evaluate heterogeneous models
Averaged Test Accuracy (Regular Model): 0.9740
Averaged Train Loss (Regular Model): 0.0001
Averaged Test AUC: 0.9970
Std Test Accurancy: 0.0139
Std Test AUC: 0.0026
------------------------- time cost ------------------------- 18.422955989837646

-------------Round number: 107-------------

Evaluate heterogeneous models
Averaged Test Accuracy (Regular Model): 0.9741
Averaged Train Loss (Regular Model): 0.0001
Averaged Test AUC: 0.9970
Std Test Accurancy: 0.0138
Std Test AUC: 0.0026
------------------------- time cost ------------------------- 18.967246055603027

-------------Round number: 108-------------

Evaluate heterogeneous models
Averaged Test Accuracy (Regular Model): 0.9740
Averaged Train Loss (Regular Model): 0.0001
Averaged Test AUC: 0.9970
Std Test Accurancy: 0.0139
Std Test AUC: 0.0026
------------------------- time cost ------------------------- 20.295153617858887

-------------Round number: 109-------------

Evaluate heterogeneous models
Averaged Test Accuracy (Regular Model): 0.9739
Averaged Train Loss (Regular Model): 0.0001
Averaged Test AUC: 0.9970
Std Test Accurancy: 0.0140
Std Test AUC: 0.0026
------------------------- time cost ------------------------- 19.804511547088623

-------------Round number: 110-------------

Evaluate heterogeneous models
Averaged Test Accuracy (Regular Model): 0.9740
Averaged Train Loss (Regular Model): 0.0001
Averaged Test AUC: 0.9970
Std Test Accurancy: 0.0140
Std Test AUC: 0.0026
------------------------- time cost ------------------------- 19.921257495880127

-------------Round number: 111-------------

Evaluate heterogeneous models
Averaged Test Accuracy (Regular Model): 0.9740
Averaged Train Loss (Regular Model): 0.0001
Averaged Test AUC: 0.9970
Std Test Accurancy: 0.0139
Std Test AUC: 0.0026
------------------------- time cost ------------------------- 19.900893211364746

-------------Round number: 112-------------

Evaluate heterogeneous models
Averaged Test Accuracy (Regular Model): 0.9740
Averaged Train Loss (Regular Model): 0.0001
Averaged Test AUC: 0.9970
Std Test Accurancy: 0.0141
Std Test AUC: 0.0026
------------------------- time cost ------------------------- 19.569756507873535

-------------Round number: 113-------------

Evaluate heterogeneous models
Averaged Test Accuracy (Regular Model): 0.9740
Averaged Train Loss (Regular Model): 0.0001
Averaged Test AUC: 0.9970
Std Test Accurancy: 0.0140
Std Test AUC: 0.0026
------------------------- time cost ------------------------- 19.669556140899658

-------------Round number: 114-------------

Evaluate heterogeneous models
Averaged Test Accuracy (Regular Model): 0.9739
Averaged Train Loss (Regular Model): 0.0001
Averaged Test AUC: 0.9970
Std Test Accurancy: 0.0140
Std Test AUC: 0.0026
------------------------- time cost ------------------------- 19.667156219482422

-------------Round number: 115-------------

Evaluate heterogeneous models
Averaged Test Accuracy (Regular Model): 0.9739
Averaged Train Loss (Regular Model): 0.0001
Averaged Test AUC: 0.9970
Std Test Accurancy: 0.0140
Std Test AUC: 0.0026
------------------------- time cost ------------------------- 19.706948041915894

-------------Round number: 116-------------

Evaluate heterogeneous models
Averaged Test Accuracy (Regular Model): 0.9740
Averaged Train Loss (Regular Model): 0.0001
Averaged Test AUC: 0.9970
Std Test Accurancy: 0.0139
Std Test AUC: 0.0026
------------------------- time cost ------------------------- 20.25177812576294

-------------Round number: 117-------------

Evaluate heterogeneous models
Averaged Test Accuracy (Regular Model): 0.9740
Averaged Train Loss (Regular Model): 0.0001
Averaged Test AUC: 0.9970
Std Test Accurancy: 0.0140
Std Test AUC: 0.0026
------------------------- time cost ------------------------- 19.639391660690308

-------------Round number: 118-------------

Evaluate heterogeneous models
Averaged Test Accuracy (Regular Model): 0.9740
Averaged Train Loss (Regular Model): 0.0001
Averaged Test AUC: 0.9970
Std Test Accurancy: 0.0141
Std Test AUC: 0.0026
------------------------- time cost ------------------------- 19.820878744125366

-------------Round number: 119-------------

Evaluate heterogeneous models
Averaged Test Accuracy (Regular Model): 0.9740
Averaged Train Loss (Regular Model): 0.0001
Averaged Test AUC: 0.9970
Std Test Accurancy: 0.0140
Std Test AUC: 0.0026
------------------------- time cost ------------------------- 19.647180795669556

-------------Round number: 120-------------

Evaluate heterogeneous models
Averaged Test Accuracy (Regular Model): 0.9740
Averaged Train Loss (Regular Model): 0.0001
Averaged Test AUC: 0.9970
Std Test Accurancy: 0.0141
Std Test AUC: 0.0026
------------------------- time cost ------------------------- 19.499077320098877

-------------Round number: 121-------------

Evaluate heterogeneous models
Averaged Test Accuracy (Regular Model): 0.9740
Averaged Train Loss (Regular Model): 0.0001
Averaged Test AUC: 0.9970
Std Test Accurancy: 0.0141
Std Test AUC: 0.0026
------------------------- time cost ------------------------- 19.927079677581787

-------------Round number: 122-------------

Evaluate heterogeneous models
Averaged Test Accuracy (Regular Model): 0.9740
Averaged Train Loss (Regular Model): 0.0001
Averaged Test AUC: 0.9970
Std Test Accurancy: 0.0140
Std Test AUC: 0.0026
------------------------- time cost ------------------------- 19.72986650466919

-------------Round number: 123-------------

Evaluate heterogeneous models
Averaged Test Accuracy (Regular Model): 0.9740
Averaged Train Loss (Regular Model): 0.0001
Averaged Test AUC: 0.9970
Std Test Accurancy: 0.0141
Std Test AUC: 0.0026
------------------------- time cost ------------------------- 19.4616596698761

-------------Round number: 124-------------

Evaluate heterogeneous models
Averaged Test Accuracy (Regular Model): 0.9741
Averaged Train Loss (Regular Model): 0.0001
Averaged Test AUC: 0.9970
Std Test Accurancy: 0.0140
Std Test AUC: 0.0026
------------------------- time cost ------------------------- 19.71834683418274

-------------Round number: 125-------------

Evaluate heterogeneous models
Averaged Test Accuracy (Regular Model): 0.9741
Averaged Train Loss (Regular Model): 0.0001
Averaged Test AUC: 0.9970
Std Test Accurancy: 0.0140
Std Test AUC: 0.0026
------------------------- time cost ------------------------- 19.96267318725586

-------------Round number: 126-------------

Evaluate heterogeneous models
Averaged Test Accuracy (Regular Model): 0.9740
Averaged Train Loss (Regular Model): 0.0001
Averaged Test AUC: 0.9970
Std Test Accurancy: 0.0141
Std Test AUC: 0.0026
------------------------- time cost ------------------------- 19.918295860290527

-------------Round number: 127-------------

Evaluate heterogeneous models
Averaged Test Accuracy (Regular Model): 0.9740
Averaged Train Loss (Regular Model): 0.0001
Averaged Test AUC: 0.9970
Std Test Accurancy: 0.0140
Std Test AUC: 0.0026
------------------------- time cost ------------------------- 19.844905376434326

-------------Round number: 128-------------

Evaluate heterogeneous models
Averaged Test Accuracy (Regular Model): 0.9741
Averaged Train Loss (Regular Model): 0.0000
Averaged Test AUC: 0.9970
Std Test Accurancy: 0.0140
Std Test AUC: 0.0026
------------------------- time cost ------------------------- 19.23992371559143

-------------Round number: 129-------------

Evaluate heterogeneous models
Averaged Test Accuracy (Regular Model): 0.9741
Averaged Train Loss (Regular Model): 0.0001
Averaged Test AUC: 0.9970
Std Test Accurancy: 0.0139
Std Test AUC: 0.0026
------------------------- time cost ------------------------- 18.37319564819336

-------------Round number: 130-------------

Evaluate heterogeneous models
Averaged Test Accuracy (Regular Model): 0.9741
Averaged Train Loss (Regular Model): 0.0000
Averaged Test AUC: 0.9970
Std Test Accurancy: 0.0139
Std Test AUC: 0.0026
------------------------- time cost ------------------------- 19.11284589767456

-------------Round number: 131-------------

Evaluate heterogeneous models
Averaged Test Accuracy (Regular Model): 0.9741
Averaged Train Loss (Regular Model): 0.0001
Averaged Test AUC: 0.9970
Std Test Accurancy: 0.0141
Std Test AUC: 0.0026
------------------------- time cost ------------------------- 19.699475526809692

-------------Round number: 132-------------

Evaluate heterogeneous models
Averaged Test Accuracy (Regular Model): 0.9741
Averaged Train Loss (Regular Model): 0.0000
Averaged Test AUC: 0.9970
Std Test Accurancy: 0.0140
Std Test AUC: 0.0026
------------------------- time cost ------------------------- 19.22140908241272

-------------Round number: 133-------------

Evaluate heterogeneous models
Averaged Test Accuracy (Regular Model): 0.9741
Averaged Train Loss (Regular Model): 0.0000
Averaged Test AUC: 0.9970
Std Test Accurancy: 0.0140
Std Test AUC: 0.0026
------------------------- time cost ------------------------- 19.256828546524048

-------------Round number: 134-------------

Evaluate heterogeneous models
Averaged Test Accuracy (Regular Model): 0.9741
Averaged Train Loss (Regular Model): 0.0000
Averaged Test AUC: 0.9970
Std Test Accurancy: 0.0140
Std Test AUC: 0.0026
------------------------- time cost ------------------------- 18.571571350097656

-------------Round number: 135-------------

Evaluate heterogeneous models
Averaged Test Accuracy (Regular Model): 0.9741
Averaged Train Loss (Regular Model): 0.0000
Averaged Test AUC: 0.9970
Std Test Accurancy: 0.0139
Std Test AUC: 0.0026
------------------------- time cost ------------------------- 19.180285692214966

-------------Round number: 136-------------

Evaluate heterogeneous models
Averaged Test Accuracy (Regular Model): 0.9741
Averaged Train Loss (Regular Model): 0.0000
Averaged Test AUC: 0.9970
Std Test Accurancy: 0.0140
Std Test AUC: 0.0026
------------------------- time cost ------------------------- 20.121330976486206

-------------Round number: 137-------------

Evaluate heterogeneous models
Averaged Test Accuracy (Regular Model): 0.9741
Averaged Train Loss (Regular Model): 0.0000
Averaged Test AUC: 0.9970
Std Test Accurancy: 0.0140
Std Test AUC: 0.0026
------------------------- time cost ------------------------- 18.926955938339233

-------------Round number: 138-------------

Evaluate heterogeneous models
Averaged Test Accuracy (Regular Model): 0.9741
Averaged Train Loss (Regular Model): 0.0000
Averaged Test AUC: 0.9970
Std Test Accurancy: 0.0141
Std Test AUC: 0.0026
------------------------- time cost ------------------------- 18.983036041259766

-------------Round number: 139-------------

Evaluate heterogeneous models
Averaged Test Accuracy (Regular Model): 0.9741
Averaged Train Loss (Regular Model): 0.0000
Averaged Test AUC: 0.9970
Std Test Accurancy: 0.0140
Std Test AUC: 0.0026
------------------------- time cost ------------------------- 19.65410041809082

-------------Round number: 140-------------

Evaluate heterogeneous models
Averaged Test Accuracy (Regular Model): 0.9740
Averaged Train Loss (Regular Model): 0.0000
Averaged Test AUC: 0.9970
Std Test Accurancy: 0.0140
Std Test AUC: 0.0026
------------------------- time cost ------------------------- 19.449939250946045

-------------Round number: 141-------------

Evaluate heterogeneous models
Averaged Test Accuracy (Regular Model): 0.9740
Averaged Train Loss (Regular Model): 0.0000
Averaged Test AUC: 0.9970
Std Test Accurancy: 0.0143
Std Test AUC: 0.0026
------------------------- time cost ------------------------- 18.473764181137085

-------------Round number: 142-------------

Evaluate heterogeneous models
Averaged Test Accuracy (Regular Model): 0.9741
Averaged Train Loss (Regular Model): 0.0000
Averaged Test AUC: 0.9970
Std Test Accurancy: 0.0142
Std Test AUC: 0.0026
------------------------- time cost ------------------------- 19.152180910110474

-------------Round number: 143-------------

Evaluate heterogeneous models
Averaged Test Accuracy (Regular Model): 0.9741
Averaged Train Loss (Regular Model): 0.0000
Averaged Test AUC: 0.9970
Std Test Accurancy: 0.0141
Std Test AUC: 0.0026
------------------------- time cost ------------------------- 19.33051609992981

-------------Round number: 144-------------

Evaluate heterogeneous models
Averaged Test Accuracy (Regular Model): 0.9740
Averaged Train Loss (Regular Model): 0.0000
Averaged Test AUC: 0.9970
Std Test Accurancy: 0.0141
Std Test AUC: 0.0026
------------------------- time cost ------------------------- 19.802886724472046

-------------Round number: 145-------------

Evaluate heterogeneous models
Averaged Test Accuracy (Regular Model): 0.9740
Averaged Train Loss (Regular Model): 0.0000
Averaged Test AUC: 0.9970
Std Test Accurancy: 0.0142
Std Test AUC: 0.0026
------------------------- time cost ------------------------- 19.842771291732788

-------------Round number: 146-------------

Evaluate heterogeneous models
Averaged Test Accuracy (Regular Model): 0.9741
Averaged Train Loss (Regular Model): 0.0000
Averaged Test AUC: 0.9970
Std Test Accurancy: 0.0142
Std Test AUC: 0.0026
------------------------- time cost ------------------------- 18.62558627128601

-------------Round number: 147-------------

Evaluate heterogeneous models
Averaged Test Accuracy (Regular Model): 0.9740
Averaged Train Loss (Regular Model): 0.0000
Averaged Test AUC: 0.9970
Std Test Accurancy: 0.0141
Std Test AUC: 0.0026
------------------------- time cost ------------------------- 19.310960054397583

-------------Round number: 148-------------

Evaluate heterogeneous models
Averaged Test Accuracy (Regular Model): 0.9740
Averaged Train Loss (Regular Model): 0.0000
Averaged Test AUC: 0.9970
Std Test Accurancy: 0.0142
Std Test AUC: 0.0026
------------------------- time cost ------------------------- 18.720214366912842

-------------Round number: 149-------------

Evaluate heterogeneous models
Averaged Test Accuracy (Regular Model): 0.9740
Averaged Train Loss (Regular Model): 0.0000
Averaged Test AUC: 0.9970
Std Test Accurancy: 0.0141
Std Test AUC: 0.0026
------------------------- time cost ------------------------- 18.823681354522705

-------------Round number: 150-------------

Evaluate heterogeneous models
Averaged Test Accuracy (Regular Model): 0.9740
Averaged Train Loss (Regular Model): 0.0000
Averaged Test AUC: 0.9970
Std Test Accurancy: 0.0141
Std Test AUC: 0.0026
------------------------- time cost ------------------------- 19.842295169830322

-------------Round number: 151-------------

Evaluate heterogeneous models
Averaged Test Accuracy (Regular Model): 0.9740
Averaged Train Loss (Regular Model): 0.0000
Averaged Test AUC: 0.9970
Std Test Accurancy: 0.0141
Std Test AUC: 0.0026
------------------------- time cost ------------------------- 18.410094499588013

-------------Round number: 152-------------

Evaluate heterogeneous models
Averaged Test Accuracy (Regular Model): 0.9741
Averaged Train Loss (Regular Model): 0.0000
Averaged Test AUC: 0.9970
Std Test Accurancy: 0.0140
Std Test AUC: 0.0026
------------------------- time cost ------------------------- 19.15193748474121

-------------Round number: 153-------------

Evaluate heterogeneous models
Averaged Test Accuracy (Regular Model): 0.9740
Averaged Train Loss (Regular Model): 0.0000
Averaged Test AUC: 0.9970
Std Test Accurancy: 0.0141
Std Test AUC: 0.0026
------------------------- time cost ------------------------- 19.95550012588501

-------------Round number: 154-------------

Evaluate heterogeneous models
Averaged Test Accuracy (Regular Model): 0.9740
Averaged Train Loss (Regular Model): 0.0000
Averaged Test AUC: 0.9970
Std Test Accurancy: 0.0141
Std Test AUC: 0.0026
------------------------- time cost ------------------------- 19.231110334396362

-------------Round number: 155-------------

Evaluate heterogeneous models
Averaged Test Accuracy (Regular Model): 0.9740
Averaged Train Loss (Regular Model): 0.0000
Averaged Test AUC: 0.9970
Std Test Accurancy: 0.0143
Std Test AUC: 0.0026
------------------------- time cost ------------------------- 19.164570569992065

-------------Round number: 156-------------

Evaluate heterogeneous models
Averaged Test Accuracy (Regular Model): 0.9741
Averaged Train Loss (Regular Model): 0.0000
Averaged Test AUC: 0.9970
Std Test Accurancy: 0.0142
Std Test AUC: 0.0026
------------------------- time cost ------------------------- 19.697025060653687

-------------Round number: 157-------------

Evaluate heterogeneous models
Averaged Test Accuracy (Regular Model): 0.9740
Averaged Train Loss (Regular Model): 0.0000
Averaged Test AUC: 0.9970
Std Test Accurancy: 0.0142
Std Test AUC: 0.0026
------------------------- time cost ------------------------- 19.446247577667236

-------------Round number: 158-------------

Evaluate heterogeneous models
Averaged Test Accuracy (Regular Model): 0.9740
Averaged Train Loss (Regular Model): 0.0000
Averaged Test AUC: 0.9970
Std Test Accurancy: 0.0142
Std Test AUC: 0.0026
------------------------- time cost ------------------------- 19.921740531921387

-------------Round number: 159-------------

Evaluate heterogeneous models
Averaged Test Accuracy (Regular Model): 0.9741
Averaged Train Loss (Regular Model): 0.0000
Averaged Test AUC: 0.9970
Std Test Accurancy: 0.0142
Std Test AUC: 0.0026
------------------------- time cost ------------------------- 20.527334451675415

-------------Round number: 160-------------

Evaluate heterogeneous models
Averaged Test Accuracy (Regular Model): 0.9740
Averaged Train Loss (Regular Model): 0.0000
Averaged Test AUC: 0.9970
Std Test Accurancy: 0.0143
Std Test AUC: 0.0026
------------------------- time cost ------------------------- 20.62808609008789

-------------Round number: 161-------------

Evaluate heterogeneous models
Averaged Test Accuracy (Regular Model): 0.9740
Averaged Train Loss (Regular Model): 0.0000
Averaged Test AUC: 0.9970
Std Test Accurancy: 0.0142
Std Test AUC: 0.0026
------------------------- time cost ------------------------- 19.21088695526123

-------------Round number: 162-------------

Evaluate heterogeneous models
Averaged Test Accuracy (Regular Model): 0.9741
Averaged Train Loss (Regular Model): 0.0000
Averaged Test AUC: 0.9970
Std Test Accurancy: 0.0142
Std Test AUC: 0.0026
------------------------- time cost ------------------------- 19.605176210403442

-------------Round number: 163-------------

Evaluate heterogeneous models
Averaged Test Accuracy (Regular Model): 0.9740
Averaged Train Loss (Regular Model): 0.0000
Averaged Test AUC: 0.9970
Std Test Accurancy: 0.0143
Std Test AUC: 0.0026
------------------------- time cost ------------------------- 20.308115482330322

-------------Round number: 164-------------

Evaluate heterogeneous models
Averaged Test Accuracy (Regular Model): 0.9741
Averaged Train Loss (Regular Model): 0.0000
Averaged Test AUC: 0.9970
Std Test Accurancy: 0.0142
Std Test AUC: 0.0026
------------------------- time cost ------------------------- 20.256377935409546

-------------Round number: 165-------------

Evaluate heterogeneous models
Averaged Test Accuracy (Regular Model): 0.9741
Averaged Train Loss (Regular Model): 0.0000
Averaged Test AUC: 0.9970
Std Test Accurancy: 0.0142
Std Test AUC: 0.0026
------------------------- time cost ------------------------- 19.782612800598145

-------------Round number: 166-------------

Evaluate heterogeneous models
Averaged Test Accuracy (Regular Model): 0.9740
Averaged Train Loss (Regular Model): 0.0000
Averaged Test AUC: 0.9970
Std Test Accurancy: 0.0143
Std Test AUC: 0.0026
------------------------- time cost ------------------------- 19.47868251800537

-------------Round number: 167-------------

Evaluate heterogeneous models
Averaged Test Accuracy (Regular Model): 0.9741
Averaged Train Loss (Regular Model): 0.0000
Averaged Test AUC: 0.9970
Std Test Accurancy: 0.0142
Std Test AUC: 0.0026
------------------------- time cost ------------------------- 19.805098056793213

-------------Round number: 168-------------

Evaluate heterogeneous models
Averaged Test Accuracy (Regular Model): 0.9741
Averaged Train Loss (Regular Model): 0.0000
Averaged Test AUC: 0.9970
Std Test Accurancy: 0.0142
Std Test AUC: 0.0026
------------------------- time cost ------------------------- 19.797885179519653

-------------Round number: 169-------------

Evaluate heterogeneous models
Averaged Test Accuracy (Regular Model): 0.9741
Averaged Train Loss (Regular Model): 0.0000
Averaged Test AUC: 0.9970
Std Test Accurancy: 0.0142
Std Test AUC: 0.0026
------------------------- time cost ------------------------- 19.89466166496277

-------------Round number: 170-------------

Evaluate heterogeneous models
Averaged Test Accuracy (Regular Model): 0.9741
Averaged Train Loss (Regular Model): 0.0000
Averaged Test AUC: 0.9970
Std Test Accurancy: 0.0142
Std Test AUC: 0.0026
------------------------- time cost ------------------------- 19.71350598335266

-------------Round number: 171-------------

Evaluate heterogeneous models
Averaged Test Accuracy (Regular Model): 0.9740
Averaged Train Loss (Regular Model): 0.0000
Averaged Test AUC: 0.9970
Std Test Accurancy: 0.0143
Std Test AUC: 0.0026
------------------------- time cost ------------------------- 19.242796182632446

-------------Round number: 172-------------

Evaluate heterogeneous models
Averaged Test Accuracy (Regular Model): 0.9741
Averaged Train Loss (Regular Model): 0.0000
Averaged Test AUC: 0.9970
Std Test Accurancy: 0.0142
Std Test AUC: 0.0026
------------------------- time cost ------------------------- 18.904005765914917

-------------Round number: 173-------------

Evaluate heterogeneous models
Averaged Test Accuracy (Regular Model): 0.9740
Averaged Train Loss (Regular Model): 0.0000
Averaged Test AUC: 0.9970
Std Test Accurancy: 0.0142
Std Test AUC: 0.0026
------------------------- time cost ------------------------- 19.26660180091858

-------------Round number: 174-------------

Evaluate heterogeneous models
Averaged Test Accuracy (Regular Model): 0.9740
Averaged Train Loss (Regular Model): 0.0000
Averaged Test AUC: 0.9970
Std Test Accurancy: 0.0143
Std Test AUC: 0.0026
------------------------- time cost ------------------------- 19.0922589302063

-------------Round number: 175-------------

Evaluate heterogeneous models
Averaged Test Accuracy (Regular Model): 0.9739
Averaged Train Loss (Regular Model): 0.0000
Averaged Test AUC: 0.9970
Std Test Accurancy: 0.0143
Std Test AUC: 0.0026
------------------------- time cost ------------------------- 18.98670196533203

-------------Round number: 176-------------

Evaluate heterogeneous models
Averaged Test Accuracy (Regular Model): 0.9739
Averaged Train Loss (Regular Model): 0.0000
Averaged Test AUC: 0.9970
Std Test Accurancy: 0.0143
Std Test AUC: 0.0026
------------------------- time cost ------------------------- 19.166720628738403

-------------Round number: 177-------------

Evaluate heterogeneous models
Averaged Test Accuracy (Regular Model): 0.9740
Averaged Train Loss (Regular Model): 0.0000
Averaged Test AUC: 0.9970
Std Test Accurancy: 0.0142
Std Test AUC: 0.0026
------------------------- time cost ------------------------- 19.011248111724854

-------------Round number: 178-------------

Evaluate heterogeneous models
Averaged Test Accuracy (Regular Model): 0.9740
Averaged Train Loss (Regular Model): 0.0000
Averaged Test AUC: 0.9970
Std Test Accurancy: 0.0142
Std Test AUC: 0.0026
------------------------- time cost ------------------------- 19.375974893569946

-------------Round number: 179-------------

Evaluate heterogeneous models
Averaged Test Accuracy (Regular Model): 0.9740
Averaged Train Loss (Regular Model): 0.0000
Averaged Test AUC: 0.9970
Std Test Accurancy: 0.0142
Std Test AUC: 0.0026
------------------------- time cost ------------------------- 19.183985948562622

-------------Round number: 180-------------

Evaluate heterogeneous models
Averaged Test Accuracy (Regular Model): 0.9740
Averaged Train Loss (Regular Model): 0.0000
Averaged Test AUC: 0.9970
Std Test Accurancy: 0.0142
Std Test AUC: 0.0026
------------------------- time cost ------------------------- 19.086811065673828

-------------Round number: 181-------------

Evaluate heterogeneous models
Averaged Test Accuracy (Regular Model): 0.9741
Averaged Train Loss (Regular Model): 0.0000
Averaged Test AUC: 0.9970
Std Test Accurancy: 0.0141
Std Test AUC: 0.0026
------------------------- time cost ------------------------- 19.12212061882019

-------------Round number: 182-------------

Evaluate heterogeneous models
Averaged Test Accuracy (Regular Model): 0.9740
Averaged Train Loss (Regular Model): 0.0000
Averaged Test AUC: 0.9970
Std Test Accurancy: 0.0140
Std Test AUC: 0.0026
------------------------- time cost ------------------------- 18.827660083770752

-------------Round number: 183-------------

Evaluate heterogeneous models
Averaged Test Accuracy (Regular Model): 0.9741
Averaged Train Loss (Regular Model): 0.0000
Averaged Test AUC: 0.9970
Std Test Accurancy: 0.0141
Std Test AUC: 0.0026
------------------------- time cost ------------------------- 19.60772705078125

-------------Round number: 184-------------

Evaluate heterogeneous models
Averaged Test Accuracy (Regular Model): 0.9741
Averaged Train Loss (Regular Model): 0.0000
Averaged Test AUC: 0.9970
Std Test Accurancy: 0.0141
Std Test AUC: 0.0026
------------------------- time cost ------------------------- 19.0341637134552

-------------Round number: 185-------------

Evaluate heterogeneous models
Averaged Test Accuracy (Regular Model): 0.9741
Averaged Train Loss (Regular Model): 0.0000
Averaged Test AUC: 0.9970
Std Test Accurancy: 0.0141
Std Test AUC: 0.0026
------------------------- time cost ------------------------- 19.699352979660034

-------------Round number: 186-------------

Evaluate heterogeneous models
Averaged Test Accuracy (Regular Model): 0.9741
Averaged Train Loss (Regular Model): 0.0000
Averaged Test AUC: 0.9970
Std Test Accurancy: 0.0141
Std Test AUC: 0.0026
------------------------- time cost ------------------------- 19.683253049850464

-------------Round number: 187-------------

Evaluate heterogeneous models
Averaged Test Accuracy (Regular Model): 0.9741
Averaged Train Loss (Regular Model): 0.0000
Averaged Test AUC: 0.9970
Std Test Accurancy: 0.0141
Std Test AUC: 0.0026
------------------------- time cost ------------------------- 20.064290046691895

-------------Round number: 188-------------

Evaluate heterogeneous models
Averaged Test Accuracy (Regular Model): 0.9741
Averaged Train Loss (Regular Model): 0.0000
Averaged Test AUC: 0.9970
Std Test Accurancy: 0.0141
Std Test AUC: 0.0026
------------------------- time cost ------------------------- 19.220987558364868

-------------Round number: 189-------------

Evaluate heterogeneous models
Averaged Test Accuracy (Regular Model): 0.9740
Averaged Train Loss (Regular Model): 0.0000
Averaged Test AUC: 0.9970
Std Test Accurancy: 0.0142
Std Test AUC: 0.0026
------------------------- time cost ------------------------- 19.848089933395386

-------------Round number: 190-------------

Evaluate heterogeneous models
Averaged Test Accuracy (Regular Model): 0.9740
Averaged Train Loss (Regular Model): 0.0000
Averaged Test AUC: 0.9970
Std Test Accurancy: 0.0142
Std Test AUC: 0.0026
------------------------- time cost ------------------------- 19.27590250968933

-------------Round number: 191-------------

Evaluate heterogeneous models
Averaged Test Accuracy (Regular Model): 0.9740
Averaged Train Loss (Regular Model): 0.0000
Averaged Test AUC: 0.9970
Std Test Accurancy: 0.0142
Std Test AUC: 0.0026
------------------------- time cost ------------------------- 19.74758005142212

-------------Round number: 192-------------

Evaluate heterogeneous models
Averaged Test Accuracy (Regular Model): 0.9741
Averaged Train Loss (Regular Model): 0.0000
Averaged Test AUC: 0.9970
Std Test Accurancy: 0.0141
Std Test AUC: 0.0026
------------------------- time cost ------------------------- 19.534270524978638

-------------Round number: 193-------------

Evaluate heterogeneous models
Averaged Test Accuracy (Regular Model): 0.9741
Averaged Train Loss (Regular Model): 0.0000
Averaged Test AUC: 0.9970
Std Test Accurancy: 0.0141
Std Test AUC: 0.0026
------------------------- time cost ------------------------- 19.564362049102783

-------------Round number: 194-------------

Evaluate heterogeneous models
Averaged Test Accuracy (Regular Model): 0.9741
Averaged Train Loss (Regular Model): 0.0000
Averaged Test AUC: 0.9970
Std Test Accurancy: 0.0142
Std Test AUC: 0.0026
------------------------- time cost ------------------------- 19.06726908683777

-------------Round number: 195-------------

Evaluate heterogeneous models
Averaged Test Accuracy (Regular Model): 0.9741
Averaged Train Loss (Regular Model): 0.0000
Averaged Test AUC: 0.9970
Std Test Accurancy: 0.0141
Std Test AUC: 0.0026
------------------------- time cost ------------------------- 19.68461275100708

-------------Round number: 196-------------

Evaluate heterogeneous models
Averaged Test Accuracy (Regular Model): 0.9740
Averaged Train Loss (Regular Model): 0.0000
Averaged Test AUC: 0.9970
Std Test Accurancy: 0.0142
Std Test AUC: 0.0026
------------------------- time cost ------------------------- 19.438524961471558

-------------Round number: 197-------------

Evaluate heterogeneous models
Averaged Test Accuracy (Regular Model): 0.9740
Averaged Train Loss (Regular Model): 0.0000
Averaged Test AUC: 0.9970
Std Test Accurancy: 0.0142
Std Test AUC: 0.0026
------------------------- time cost ------------------------- 19.57957148551941

-------------Round number: 198-------------

Evaluate heterogeneous models
Averaged Test Accuracy (Regular Model): 0.9741
Averaged Train Loss (Regular Model): 0.0000
Averaged Test AUC: 0.9970
Std Test Accurancy: 0.0141
Std Test AUC: 0.0026
------------------------- time cost ------------------------- 19.698290586471558

-------------Round number: 199-------------

Evaluate heterogeneous models
Averaged Test Accuracy (Regular Model): 0.9741
Averaged Train Loss (Regular Model): 0.0000
Averaged Test AUC: 0.9970
Std Test Accurancy: 0.0141
Std Test AUC: 0.0026
------------------------- time cost ------------------------- 19.818522930145264

-------------Round number: 200-------------

Evaluate heterogeneous models
Averaged Test Accuracy (Regular Model): 0.9741
Averaged Train Loss (Regular Model): 0.0000
Averaged Test AUC: 0.9970
Std Test Accurancy: 0.0141
Std Test AUC: 0.0026

Best accuracy.
0.9741335008279564

Average time cost per round.
19.54121071457863
File path: ../results/MNIST_dir_0.3_imbalance_40_FedGen_test_0.h5

Average time cost: 4102.76s.
Length:  201
std for best accurancy: 0.0
mean for best accurancy: 0.9741335008279564
All done!

Storage on cpu
-------------------------------------------------------------------------------
Total Tensors: 5530 	Used Memory: 40.50K
-------------------------------------------------------------------------------

Storage on cuda:0
-------------------------------------------------------------------------------
Total Tensors: 410400 	Used Memory: 1.60M
The allocated memory on cuda:0: 1.60M
-------------------------------------------------------------------------------
