==================================================
goal = test
device = cuda
device_id = 0
dataset = MNIST_dir_0.3_imbalance_40
num_classes = 10
model_family = HCNNs8
batch_size = 256
local_learning_rate = 0.06
use_decay_scheduler = False
learning_rate_decay = False
learning_rate_decay_gamma = 0.99
global_rounds = 200
edge_epochs = 1
local_epochs = 5
algorithm = FedGH
join_ratio = 1.0
random_join_ratio = False
num_clients = 40
num_edges = 10
prev = 0
times = 1
eval_gap = 1
save_folder_name = temp
auto_break = False
feature_dim = 512
vocab_size = 98635
max_len = 200
client_drop_rate = 0.0
train_slow_rate = 0.0
send_slow_rate = 0.0
time_select = False
time_threthold = 10000
optimizer = SGD
lamda = 1.0
weight_decay = 0
trans_delay_simulate = False
momentum = 0.8
agg_type = 0
buffersize = 10
gl_use_clients = 1
test_useglclassifier = 1
gamma = 1
drawtsne = 1
drawround = 20
noise_dim = 512
generator_learning_rate = 0.0001
hidden_dim = 512
server_epochs = 100
alpha = 1.0
beta = 1.0
mentee_learning_rate = 0.005
T_start = 0.95
T_end = 0.98
server_learning_rate = 0.01
margin_threthold = 100.0
generator_path = stylegan/stylegan-xl-models/imagenet64.pkl
stable_diffusion_prompt = a cat
server_batch_size = 100
gen_batch_size = 4
mu = 50.0
==================================================
Random seed set as 42

============= Running time: 0th =============
Creating server and clients ...
CNN(num_cov=1, hidden_dims=[], in_features=1, num_classes=args.num_classes)
CNN(num_cov=2, hidden_dims=[], in_features=1, num_classes=args.num_classes)
CNN(num_cov=1, hidden_dims=[512], in_features=1, num_classes=args.num_classes)
CNN(num_cov=2, hidden_dims=[512], in_features=1, num_classes=args.num_classes)
CNN(num_cov=1, hidden_dims=[1024], in_features=1, num_classes=args.num_classes)
CNN(num_cov=2, hidden_dims=[1024], in_features=1, num_classes=args.num_classes)
CNN(num_cov=1, hidden_dims=[1024, 512], in_features=1, num_classes=args.num_classes)
CNN(num_cov=2, hidden_dims=[1024, 512], in_features=1, num_classes=args.num_classes)
CNN(num_cov=1, hidden_dims=[], in_features=1, num_classes=args.num_classes) model chosen!
id 0
label_counts: defaultdict(<class 'int'>, {7: 555, 6: 217, 8: 476, 1: 39, 4: 125, 0: 3, 5: 11, 2: 31})
CNN(num_cov=2, hidden_dims=[], in_features=1, num_classes=args.num_classes) model chosen!
id 1
label_counts: defaultdict(<class 'int'>, {1: 333, 8: 357, 7: 261, 0: 228, 3: 105, 4: 47, 2: 9, 5: 6, 6: 4})
CNN(num_cov=1, hidden_dims=[512], in_features=1, num_classes=args.num_classes) model chosen!
id 2
label_counts: defaultdict(<class 'int'>, {9: 589, 4: 458, 2: 150, 0: 77, 6: 53, 3: 26, 8: 35, 5: 3, 1: 6})
CNN(num_cov=2, hidden_dims=[512], in_features=1, num_classes=args.num_classes) model chosen!
id 3
label_counts: defaultdict(<class 'int'>, {1: 495, 0: 158, 8: 254, 3: 113, 2: 22, 7: 3, 6: 7, 9: 1})
CNN(num_cov=1, hidden_dims=[1024], in_features=1, num_classes=args.num_classes) model chosen!
id 4
label_counts: defaultdict(<class 'int'>, {6: 69, 7: 207, 8: 302, 3: 297, 0: 55, 1: 31, 5: 7, 9: 14, 4: 1})
CNN(num_cov=2, hidden_dims=[1024], in_features=1, num_classes=args.num_classes) model chosen!
id 5
label_counts: defaultdict(<class 'int'>, {5: 312, 3: 545, 2: 45, 8: 47, 7: 8, 0: 12, 4: 1, 9: 3})
CNN(num_cov=1, hidden_dims=[1024, 512], in_features=1, num_classes=args.num_classes) model chosen!
id 6
label_counts: defaultdict(<class 'int'>, {3: 547, 5: 74, 6: 90, 7: 41, 1: 25, 2: 55, 9: 46, 8: 15, 0: 1})
CNN(num_cov=2, hidden_dims=[1024, 512], in_features=1, num_classes=args.num_classes) model chosen!
id 7
label_counts: defaultdict(<class 'int'>, {8: 546, 7: 55, 2: 54, 3: 1041, 4: 19, 6: 71})
CNN(num_cov=1, hidden_dims=[], in_features=1, num_classes=args.num_classes) model chosen!
id 8
label_counts: defaultdict(<class 'int'>, {2: 159, 7: 322, 9: 119, 4: 87, 5: 291, 8: 140, 6: 92, 3: 8, 0: 24, 1: 6})
CNN(num_cov=2, hidden_dims=[], in_features=1, num_classes=args.num_classes) model chosen!
id 9
label_counts: defaultdict(<class 'int'>, {0: 199, 7: 464, 2: 203, 4: 138, 3: 101, 8: 47, 5: 114, 1: 5, 9: 4})
CNN(num_cov=1, hidden_dims=[512], in_features=1, num_classes=args.num_classes) model chosen!
id 10
label_counts: defaultdict(<class 'int'>, {2: 980, 6: 188, 7: 951, 3: 39, 0: 3, 5: 8})
CNN(num_cov=2, hidden_dims=[512], in_features=1, num_classes=args.num_classes) model chosen!
id 11
label_counts: defaultdict(<class 'int'>, {5: 579, 4: 100, 0: 803, 2: 58, 1: 11})
CNN(num_cov=1, hidden_dims=[1024], in_features=1, num_classes=args.num_classes) model chosen!
id 12
label_counts: defaultdict(<class 'int'>, {9: 1822, 3: 372, 6: 311, 4: 240, 5: 107, 0: 46, 2: 2, 8: 10})
CNN(num_cov=2, hidden_dims=[1024], in_features=1, num_classes=args.num_classes) model chosen!
id 13
label_counts: defaultdict(<class 'int'>, {6: 708, 4: 126, 2: 62, 0: 22, 5: 9, 3: 198, 7: 402, 1: 1})
CNN(num_cov=1, hidden_dims=[1024, 512], in_features=1, num_classes=args.num_classes) model chosen!
id 14
label_counts: defaultdict(<class 'int'>, {3: 380, 7: 628, 4: 393, 6: 54, 1: 54, 0: 2})
CNN(num_cov=2, hidden_dims=[1024, 512], in_features=1, num_classes=args.num_classes) model chosen!
id 15
label_counts: defaultdict(<class 'int'>, {9: 294, 7: 199, 1: 279, 8: 107, 4: 57, 6: 16, 3: 8, 2: 4, 0: 5})
CNN(num_cov=1, hidden_dims=[], in_features=1, num_classes=args.num_classes) model chosen!
id 16
label_counts: defaultdict(<class 'int'>, {9: 192, 8: 72, 2: 565, 6: 243, 1: 61, 0: 75, 4: 2, 5: 22, 3: 36, 7: 16})
CNN(num_cov=2, hidden_dims=[], in_features=1, num_classes=args.num_classes) model chosen!
id 17
label_counts: defaultdict(<class 'int'>, {6: 102, 1: 376, 0: 255, 3: 14, 2: 14, 5: 4, 9: 3})
CNN(num_cov=1, hidden_dims=[512], in_features=1, num_classes=args.num_classes) model chosen!
id 18
label_counts: defaultdict(<class 'int'>, {4: 749, 3: 407, 5: 258, 2: 7})
CNN(num_cov=2, hidden_dims=[512], in_features=1, num_classes=args.num_classes) model chosen!
id 19
label_counts: defaultdict(<class 'int'>, {6: 106, 5: 93, 4: 122, 0: 220, 1: 74, 3: 4, 2: 76, 9: 2, 7: 1})
CNN(num_cov=1, hidden_dims=[1024], in_features=1, num_classes=args.num_classes) model chosen!
id 20
label_counts: defaultdict(<class 'int'>, {4: 386, 5: 1231, 1: 467, 3: 238, 2: 21})
CNN(num_cov=2, hidden_dims=[1024], in_features=1, num_classes=args.num_classes) model chosen!
id 21
label_counts: defaultdict(<class 'int'>, {2: 419, 8: 99, 9: 130, 6: 399, 1: 46, 3: 3, 5: 12, 7: 5, 0: 1})
CNN(num_cov=1, hidden_dims=[1024, 512], in_features=1, num_classes=args.num_classes) model chosen!
id 22
label_counts: defaultdict(<class 'int'>, {1: 834, 0: 234, 2: 285})
CNN(num_cov=2, hidden_dims=[1024, 512], in_features=1, num_classes=args.num_classes) model chosen!
id 23
label_counts: defaultdict(<class 'int'>, {6: 331, 2: 150, 0: 170, 3: 37, 9: 27, 1: 86, 4: 12, 5: 1, 7: 1})
CNN(num_cov=1, hidden_dims=[], in_features=1, num_classes=args.num_classes) model chosen!
id 24
label_counts: defaultdict(<class 'int'>, {7: 429, 6: 73, 4: 95, 1: 62, 9: 14, 3: 14, 8: 2, 5: 3})
CNN(num_cov=2, hidden_dims=[], in_features=1, num_classes=args.num_classes) model chosen!
id 25
label_counts: defaultdict(<class 'int'>, {2: 154, 1: 744, 4: 387, 3: 4, 7: 9, 5: 21})
CNN(num_cov=1, hidden_dims=[512], in_features=1, num_classes=args.num_classes) model chosen!
id 26
label_counts: defaultdict(<class 'int'>, {0: 436, 6: 80, 2: 274, 3: 244, 1: 73, 7: 42, 9: 48, 5: 7, 8: 11, 4: 2})
CNN(num_cov=2, hidden_dims=[512], in_features=1, num_classes=args.num_classes) model chosen!
id 27
label_counts: defaultdict(<class 'int'>, {5: 449, 9: 408, 7: 274, 4: 214, 0: 44, 1: 18, 2: 3, 6: 2})
CNN(num_cov=1, hidden_dims=[1024], in_features=1, num_classes=args.num_classes) model chosen!
id 28
label_counts: defaultdict(<class 'int'>, {0: 534, 3: 404, 2: 383})
CNN(num_cov=2, hidden_dims=[1024], in_features=1, num_classes=args.num_classes) model chosen!
id 29
label_counts: defaultdict(<class 'int'>, {8: 790, 0: 186, 2: 135, 4: 882, 1: 27, 3: 4, 6: 3, 5: 1})
CNN(num_cov=1, hidden_dims=[1024, 512], in_features=1, num_classes=args.num_classes) model chosen!
id 30
label_counts: defaultdict(<class 'int'>, {2: 457, 5: 528, 1: 164, 0: 298, 4: 44, 3: 15})
CNN(num_cov=2, hidden_dims=[1024, 512], in_features=1, num_classes=args.num_classes) model chosen!
id 31
label_counts: defaultdict(<class 'int'>, {9: 275, 1: 451, 6: 12, 4: 110, 8: 27, 0: 8, 7: 1, 3: 2})
CNN(num_cov=1, hidden_dims=[], in_features=1, num_classes=args.num_classes) model chosen!
id 32
label_counts: defaultdict(<class 'int'>, {0: 68, 9: 625, 5: 252, 2: 70, 3: 29, 7: 9, 6: 3, 8: 6, 1: 1})
CNN(num_cov=2, hidden_dims=[], in_features=1, num_classes=args.num_classes) model chosen!
id 33
label_counts: defaultdict(<class 'int'>, {6: 877, 2: 252, 0: 237, 1: 72, 4: 42, 3: 55, 5: 1})
CNN(num_cov=1, hidden_dims=[512], in_features=1, num_classes=args.num_classes) model chosen!
id 34
label_counts: defaultdict(<class 'int'>, {0: 675, 4: 234, 1: 71, 9: 128, 6: 57, 2: 44, 7: 6, 5: 20, 3: 1})
CNN(num_cov=2, hidden_dims=[512], in_features=1, num_classes=args.num_classes) model chosen!
id 35
label_counts: defaultdict(<class 'int'>, {6: 421, 8: 134, 2: 59, 7: 73, 9: 67, 5: 7, 3: 3, 1: 1})
CNN(num_cov=1, hidden_dims=[1024], in_features=1, num_classes=args.num_classes) model chosen!
id 36
label_counts: defaultdict(<class 'int'>, {6: 467, 9: 45, 4: 63, 1: 212, 3: 18, 2: 79, 8: 24, 7: 126, 0: 13})
CNN(num_cov=2, hidden_dims=[1024], in_features=1, num_classes=args.num_classes) model chosen!
id 37
label_counts: defaultdict(<class 'int'>, {8: 1474, 5: 70, 6: 84, 7: 77, 2: 10, 3: 15, 0: 7, 1: 2})
CNN(num_cov=1, hidden_dims=[1024, 512], in_features=1, num_classes=args.num_classes) model chosen!
id 38
label_counts: defaultdict(<class 'int'>, {1: 734, 7: 245, 8: 100, 3: 44, 5: 28, 9: 7, 6: 28, 4: 8})
CNN(num_cov=2, hidden_dims=[1024, 512], in_features=1, num_classes=args.num_classes) model chosen!
id 39
label_counts: defaultdict(<class 'int'>, {5: 192, 9: 354, 8: 33, 0: 84, 4: 4, 1: 7, 6: 1, 3: 1})

Join ratio / total clients: 1.0 / 40
Finished creating server and clients.
-------------------------------------------------- 15.566972732543945

-------------Round number: 0-------------

Evaluate heterogeneous models
Averaged Test Accuracy (Regular Model): 0.8651
Averaged Train Loss (Regular Model): 0.5726
Averaged Test AUC: 0.9622
Std Test Accurancy: 0.1410
Std Test AUC: 0.0333
-------------------------------------------------- 14.932778120040894

-------------Round number: 1-------------

Evaluate heterogeneous models
Averaged Test Accuracy (Regular Model): 0.9371
Averaged Train Loss (Regular Model): 0.2065
Averaged Test AUC: 0.9866
Std Test Accurancy: 0.0771
Std Test AUC: 0.0185
-------------------------------------------------- 14.698585271835327

-------------Round number: 2-------------

Evaluate heterogeneous models
Averaged Test Accuracy (Regular Model): 0.9608
Averaged Train Loss (Regular Model): 0.0891
Averaged Test AUC: 0.9929
Std Test Accurancy: 0.0270
Std Test AUC: 0.0064
-------------------------------------------------- 14.541967153549194

-------------Round number: 3-------------

Evaluate heterogeneous models
Averaged Test Accuracy (Regular Model): 0.9651
Averaged Train Loss (Regular Model): 0.0418
Averaged Test AUC: 0.9940
Std Test Accurancy: 0.0196
Std Test AUC: 0.0051
-------------------------------------------------- 14.723944902420044

-------------Round number: 4-------------

Evaluate heterogeneous models
Averaged Test Accuracy (Regular Model): 0.9697
Averaged Train Loss (Regular Model): 0.0231
Averaged Test AUC: 0.9943
Std Test Accurancy: 0.0161
Std Test AUC: 0.0049
-------------------------------------------------- 14.575315237045288

-------------Round number: 5-------------

Evaluate heterogeneous models
Averaged Test Accuracy (Regular Model): 0.9710
Averaged Train Loss (Regular Model): 0.0131
Averaged Test AUC: 0.9942
Std Test Accurancy: 0.0158
Std Test AUC: 0.0054
-------------------------------------------------- 14.656796216964722

-------------Round number: 6-------------

Evaluate heterogeneous models
Averaged Test Accuracy (Regular Model): 0.9722
Averaged Train Loss (Regular Model): 0.0076
Averaged Test AUC: 0.9941
Std Test Accurancy: 0.0152
Std Test AUC: 0.0050
-------------------------------------------------- 14.742817878723145

-------------Round number: 7-------------

Evaluate heterogeneous models
Averaged Test Accuracy (Regular Model): 0.9724
Averaged Train Loss (Regular Model): 0.0049
Averaged Test AUC: 0.9940
Std Test Accurancy: 0.0159
Std Test AUC: 0.0050
-------------------------------------------------- 14.582306385040283

-------------Round number: 8-------------

Evaluate heterogeneous models
Averaged Test Accuracy (Regular Model): 0.9726
Averaged Train Loss (Regular Model): 0.0033
Averaged Test AUC: 0.9939
Std Test Accurancy: 0.0153
Std Test AUC: 0.0052
-------------------------------------------------- 14.732985019683838

-------------Round number: 9-------------

Evaluate heterogeneous models
Averaged Test Accuracy (Regular Model): 0.9725
Averaged Train Loss (Regular Model): 0.0025
Averaged Test AUC: 0.9937
Std Test Accurancy: 0.0148
Std Test AUC: 0.0054
-------------------------------------------------- 14.470133304595947

-------------Round number: 10-------------

Evaluate heterogeneous models
Averaged Test Accuracy (Regular Model): 0.9730
Averaged Train Loss (Regular Model): 0.0020
Averaged Test AUC: 0.9936
Std Test Accurancy: 0.0146
Std Test AUC: 0.0055
-------------------------------------------------- 14.677592992782593

-------------Round number: 11-------------

Evaluate heterogeneous models
Averaged Test Accuracy (Regular Model): 0.9729
Averaged Train Loss (Regular Model): 0.0016
Averaged Test AUC: 0.9936
Std Test Accurancy: 0.0151
Std Test AUC: 0.0056
-------------------------------------------------- 14.737045288085938

-------------Round number: 12-------------

Evaluate heterogeneous models
Averaged Test Accuracy (Regular Model): 0.9732
Averaged Train Loss (Regular Model): 0.0015
Averaged Test AUC: 0.9935
Std Test Accurancy: 0.0151
Std Test AUC: 0.0057
-------------------------------------------------- 14.677507877349854

-------------Round number: 13-------------

Evaluate heterogeneous models
Averaged Test Accuracy (Regular Model): 0.9732
Averaged Train Loss (Regular Model): 0.0012
Averaged Test AUC: 0.9935
Std Test Accurancy: 0.0146
Std Test AUC: 0.0057
-------------------------------------------------- 14.593012571334839

-------------Round number: 14-------------

Evaluate heterogeneous models
Averaged Test Accuracy (Regular Model): 0.9730
Averaged Train Loss (Regular Model): 0.0011
Averaged Test AUC: 0.9935
Std Test Accurancy: 0.0148
Std Test AUC: 0.0057
-------------------------------------------------- 14.512394189834595

-------------Round number: 15-------------

Evaluate heterogeneous models
Averaged Test Accuracy (Regular Model): 0.9731
Averaged Train Loss (Regular Model): 0.0010
Averaged Test AUC: 0.9934
Std Test Accurancy: 0.0148
Std Test AUC: 0.0058
-------------------------------------------------- 14.642694234848022

-------------Round number: 16-------------

Evaluate heterogeneous models
Averaged Test Accuracy (Regular Model): 0.9729
Averaged Train Loss (Regular Model): 0.0009
Averaged Test AUC: 0.9934
Std Test Accurancy: 0.0150
Std Test AUC: 0.0058
-------------------------------------------------- 14.784014701843262

-------------Round number: 17-------------

Evaluate heterogeneous models
Averaged Test Accuracy (Regular Model): 0.9728
Averaged Train Loss (Regular Model): 0.0009
Averaged Test AUC: 0.9934
Std Test Accurancy: 0.0147
Std Test AUC: 0.0058
-------------------------------------------------- 14.746763467788696

-------------Round number: 18-------------

Evaluate heterogeneous models
Averaged Test Accuracy (Regular Model): 0.9736
Averaged Train Loss (Regular Model): 0.0007
Averaged Test AUC: 0.9934
Std Test Accurancy: 0.0148
Std Test AUC: 0.0059
-------------------------------------------------- 14.715998411178589

-------------Round number: 19-------------

Evaluate heterogeneous models
Averaged Test Accuracy (Regular Model): 0.9731
Averaged Train Loss (Regular Model): 0.0007
Averaged Test AUC: 0.9933
Std Test Accurancy: 0.0145
Std Test AUC: 0.0059
-------------------------------------------------- 14.63478422164917

-------------Round number: 20-------------

Evaluate heterogeneous models
Averaged Test Accuracy (Regular Model): 0.9731
Averaged Train Loss (Regular Model): 0.0006
Averaged Test AUC: 0.9933
Std Test Accurancy: 0.0144
Std Test AUC: 0.0059
-------------------------------------------------- 14.610446691513062

-------------Round number: 21-------------

Evaluate heterogeneous models
Averaged Test Accuracy (Regular Model): 0.9735
Averaged Train Loss (Regular Model): 0.0006
Averaged Test AUC: 0.9932
Std Test Accurancy: 0.0144
Std Test AUC: 0.0059
-------------------------------------------------- 14.472245931625366

-------------Round number: 22-------------

Evaluate heterogeneous models
Averaged Test Accuracy (Regular Model): 0.9731
Averaged Train Loss (Regular Model): 0.0006
Averaged Test AUC: 0.9932
Std Test Accurancy: 0.0143
Std Test AUC: 0.0059
-------------------------------------------------- 14.535995960235596

-------------Round number: 23-------------

Evaluate heterogeneous models
Averaged Test Accuracy (Regular Model): 0.9732
Averaged Train Loss (Regular Model): 0.0006
Averaged Test AUC: 0.9932
Std Test Accurancy: 0.0144
Std Test AUC: 0.0060
-------------------------------------------------- 14.56327748298645

-------------Round number: 24-------------

Evaluate heterogeneous models
Averaged Test Accuracy (Regular Model): 0.9734
Averaged Train Loss (Regular Model): 0.0005
Averaged Test AUC: 0.9932
Std Test Accurancy: 0.0143
Std Test AUC: 0.0060
-------------------------------------------------- 14.712210893630981

-------------Round number: 25-------------

Evaluate heterogeneous models
Averaged Test Accuracy (Regular Model): 0.9732
Averaged Train Loss (Regular Model): 0.0005
Averaged Test AUC: 0.9932
Std Test Accurancy: 0.0145
Std Test AUC: 0.0060
-------------------------------------------------- 14.504457235336304

-------------Round number: 26-------------

Evaluate heterogeneous models
Averaged Test Accuracy (Regular Model): 0.9734
Averaged Train Loss (Regular Model): 0.0005
Averaged Test AUC: 0.9931
Std Test Accurancy: 0.0145
Std Test AUC: 0.0060
-------------------------------------------------- 14.55590271949768

-------------Round number: 27-------------

Evaluate heterogeneous models
Averaged Test Accuracy (Regular Model): 0.9733
Averaged Train Loss (Regular Model): 0.0005
Averaged Test AUC: 0.9931
Std Test Accurancy: 0.0144
Std Test AUC: 0.0060
-------------------------------------------------- 14.67810344696045

-------------Round number: 28-------------

Evaluate heterogeneous models
Averaged Test Accuracy (Regular Model): 0.9734
Averaged Train Loss (Regular Model): 0.0004
Averaged Test AUC: 0.9931
Std Test Accurancy: 0.0145
Std Test AUC: 0.0061
-------------------------------------------------- 14.589872360229492

-------------Round number: 29-------------

Evaluate heterogeneous models
Averaged Test Accuracy (Regular Model): 0.9733
Averaged Train Loss (Regular Model): 0.0004
Averaged Test AUC: 0.9931
Std Test Accurancy: 0.0143
Std Test AUC: 0.0061
-------------------------------------------------- 14.496028184890747

-------------Round number: 30-------------

Evaluate heterogeneous models
Averaged Test Accuracy (Regular Model): 0.9734
Averaged Train Loss (Regular Model): 0.0004
Averaged Test AUC: 0.9930
Std Test Accurancy: 0.0144
Std Test AUC: 0.0061
-------------------------------------------------- 14.852714776992798

-------------Round number: 31-------------

Evaluate heterogeneous models
Averaged Test Accuracy (Regular Model): 0.9736
Averaged Train Loss (Regular Model): 0.0004
Averaged Test AUC: 0.9930
Std Test Accurancy: 0.0143
Std Test AUC: 0.0061
-------------------------------------------------- 15.077109098434448

-------------Round number: 32-------------

Evaluate heterogeneous models
Averaged Test Accuracy (Regular Model): 0.9734
Averaged Train Loss (Regular Model): 0.0004
Averaged Test AUC: 0.9930
Std Test Accurancy: 0.0143
Std Test AUC: 0.0061
-------------------------------------------------- 14.994158744812012

-------------Round number: 33-------------

Evaluate heterogeneous models
Averaged Test Accuracy (Regular Model): 0.9734
Averaged Train Loss (Regular Model): 0.0004
Averaged Test AUC: 0.9930
Std Test Accurancy: 0.0142
Std Test AUC: 0.0061
-------------------------------------------------- 15.036953449249268

-------------Round number: 34-------------

Evaluate heterogeneous models
Averaged Test Accuracy (Regular Model): 0.9736
Averaged Train Loss (Regular Model): 0.0004
Averaged Test AUC: 0.9929
Std Test Accurancy: 0.0141
Std Test AUC: 0.0062
-------------------------------------------------- 14.754910945892334

-------------Round number: 35-------------

Evaluate heterogeneous models
Averaged Test Accuracy (Regular Model): 0.9737
Averaged Train Loss (Regular Model): 0.0003
Averaged Test AUC: 0.9929
Std Test Accurancy: 0.0143
Std Test AUC: 0.0062
-------------------------------------------------- 14.741093635559082

-------------Round number: 36-------------

Evaluate heterogeneous models
Averaged Test Accuracy (Regular Model): 0.9736
Averaged Train Loss (Regular Model): 0.0003
Averaged Test AUC: 0.9929
Std Test Accurancy: 0.0145
Std Test AUC: 0.0062
-------------------------------------------------- 14.877086400985718

-------------Round number: 37-------------

Evaluate heterogeneous models
Averaged Test Accuracy (Regular Model): 0.9736
Averaged Train Loss (Regular Model): 0.0003
Averaged Test AUC: 0.9929
Std Test Accurancy: 0.0146
Std Test AUC: 0.0062
-------------------------------------------------- 14.797014236450195

-------------Round number: 38-------------

Evaluate heterogeneous models
Averaged Test Accuracy (Regular Model): 0.9734
Averaged Train Loss (Regular Model): 0.0003
Averaged Test AUC: 0.9929
Std Test Accurancy: 0.0143
Std Test AUC: 0.0062
-------------------------------------------------- 15.159289360046387

-------------Round number: 39-------------

Evaluate heterogeneous models
Averaged Test Accuracy (Regular Model): 0.9738
Averaged Train Loss (Regular Model): 0.0003
Averaged Test AUC: 0.9928
Std Test Accurancy: 0.0143
Std Test AUC: 0.0062
-------------------------------------------------- 14.759269952774048

-------------Round number: 40-------------

Evaluate heterogeneous models
Averaged Test Accuracy (Regular Model): 0.9737
Averaged Train Loss (Regular Model): 0.0003
Averaged Test AUC: 0.9928
Std Test Accurancy: 0.0145
Std Test AUC: 0.0062
-------------------------------------------------- 14.343889951705933

-------------Round number: 41-------------

Evaluate heterogeneous models
Averaged Test Accuracy (Regular Model): 0.9736
Averaged Train Loss (Regular Model): 0.0003
Averaged Test AUC: 0.9928
Std Test Accurancy: 0.0144
Std Test AUC: 0.0063
-------------------------------------------------- 13.662692546844482

-------------Round number: 42-------------

Evaluate heterogeneous models
Averaged Test Accuracy (Regular Model): 0.9734
Averaged Train Loss (Regular Model): 0.0003
Averaged Test AUC: 0.9928
Std Test Accurancy: 0.0146
Std Test AUC: 0.0063
-------------------------------------------------- 13.772560596466064

-------------Round number: 43-------------

Evaluate heterogeneous models
Averaged Test Accuracy (Regular Model): 0.9737
Averaged Train Loss (Regular Model): 0.0003
Averaged Test AUC: 0.9928
Std Test Accurancy: 0.0145
Std Test AUC: 0.0063
-------------------------------------------------- 14.089012384414673

-------------Round number: 44-------------

Evaluate heterogeneous models
Averaged Test Accuracy (Regular Model): 0.9734
Averaged Train Loss (Regular Model): 0.0003
Averaged Test AUC: 0.9928
Std Test Accurancy: 0.0145
Std Test AUC: 0.0063
-------------------------------------------------- 14.174464225769043

-------------Round number: 45-------------

Evaluate heterogeneous models
Averaged Test Accuracy (Regular Model): 0.9736
Averaged Train Loss (Regular Model): 0.0003
Averaged Test AUC: 0.9927
Std Test Accurancy: 0.0143
Std Test AUC: 0.0063
-------------------------------------------------- 14.120668411254883

-------------Round number: 46-------------

Evaluate heterogeneous models
Averaged Test Accuracy (Regular Model): 0.9734
Averaged Train Loss (Regular Model): 0.0002
Averaged Test AUC: 0.9927
Std Test Accurancy: 0.0143
Std Test AUC: 0.0063
-------------------------------------------------- 14.431422472000122

-------------Round number: 47-------------

Evaluate heterogeneous models
Averaged Test Accuracy (Regular Model): 0.9736
Averaged Train Loss (Regular Model): 0.0003
Averaged Test AUC: 0.9927
Std Test Accurancy: 0.0145
Std Test AUC: 0.0063
-------------------------------------------------- 13.995749711990356

-------------Round number: 48-------------

Evaluate heterogeneous models
Averaged Test Accuracy (Regular Model): 0.9737
Averaged Train Loss (Regular Model): 0.0002
Averaged Test AUC: 0.9927
Std Test Accurancy: 0.0140
Std Test AUC: 0.0063
-------------------------------------------------- 13.5139479637146

-------------Round number: 49-------------

Evaluate heterogeneous models
Averaged Test Accuracy (Regular Model): 0.9736
Averaged Train Loss (Regular Model): 0.0002
Averaged Test AUC: 0.9927
Std Test Accurancy: 0.0142
Std Test AUC: 0.0063
-------------------------------------------------- 13.392367839813232

-------------Round number: 50-------------

Evaluate heterogeneous models
Averaged Test Accuracy (Regular Model): 0.9736
Averaged Train Loss (Regular Model): 0.0002
Averaged Test AUC: 0.9926
Std Test Accurancy: 0.0142
Std Test AUC: 0.0063
-------------------------------------------------- 13.445820331573486

-------------Round number: 51-------------

Evaluate heterogeneous models
Averaged Test Accuracy (Regular Model): 0.9737
Averaged Train Loss (Regular Model): 0.0002
Averaged Test AUC: 0.9926
Std Test Accurancy: 0.0140
Std Test AUC: 0.0063
-------------------------------------------------- 13.127137422561646

-------------Round number: 52-------------

Evaluate heterogeneous models
Averaged Test Accuracy (Regular Model): 0.9735
Averaged Train Loss (Regular Model): 0.0002
Averaged Test AUC: 0.9926
Std Test Accurancy: 0.0144
Std Test AUC: 0.0063
-------------------------------------------------- 13.190958738327026

-------------Round number: 53-------------

Evaluate heterogeneous models
Averaged Test Accuracy (Regular Model): 0.9737
Averaged Train Loss (Regular Model): 0.0002
Averaged Test AUC: 0.9926
Std Test Accurancy: 0.0141
Std Test AUC: 0.0064
-------------------------------------------------- 13.207740783691406

-------------Round number: 54-------------

Evaluate heterogeneous models
Averaged Test Accuracy (Regular Model): 0.9737
Averaged Train Loss (Regular Model): 0.0002
Averaged Test AUC: 0.9926
Std Test Accurancy: 0.0141
Std Test AUC: 0.0064
-------------------------------------------------- 13.310289859771729

-------------Round number: 55-------------

Evaluate heterogeneous models
Averaged Test Accuracy (Regular Model): 0.9737
Averaged Train Loss (Regular Model): 0.0002
Averaged Test AUC: 0.9926
Std Test Accurancy: 0.0141
Std Test AUC: 0.0064
-------------------------------------------------- 12.84350037574768

-------------Round number: 56-------------

Evaluate heterogeneous models
Averaged Test Accuracy (Regular Model): 0.9736
Averaged Train Loss (Regular Model): 0.0002
Averaged Test AUC: 0.9925
Std Test Accurancy: 0.0144
Std Test AUC: 0.0064
-------------------------------------------------- 13.23391342163086

-------------Round number: 57-------------

Evaluate heterogeneous models
Averaged Test Accuracy (Regular Model): 0.9736
Averaged Train Loss (Regular Model): 0.0002
Averaged Test AUC: 0.9925
Std Test Accurancy: 0.0145
Std Test AUC: 0.0064
-------------------------------------------------- 13.564658403396606

-------------Round number: 58-------------

Evaluate heterogeneous models
Averaged Test Accuracy (Regular Model): 0.9736
Averaged Train Loss (Regular Model): 0.0002
Averaged Test AUC: 0.9925
Std Test Accurancy: 0.0144
Std Test AUC: 0.0064
-------------------------------------------------- 13.93325686454773

-------------Round number: 59-------------

Evaluate heterogeneous models
Averaged Test Accuracy (Regular Model): 0.9737
Averaged Train Loss (Regular Model): 0.0002
Averaged Test AUC: 0.9925
Std Test Accurancy: 0.0141
Std Test AUC: 0.0064
-------------------------------------------------- 14.508941650390625

-------------Round number: 60-------------

Evaluate heterogeneous models
Averaged Test Accuracy (Regular Model): 0.9736
Averaged Train Loss (Regular Model): 0.0002
Averaged Test AUC: 0.9925
Std Test Accurancy: 0.0143
Std Test AUC: 0.0064
-------------------------------------------------- 15.675700426101685

-------------Round number: 61-------------

Evaluate heterogeneous models
Averaged Test Accuracy (Regular Model): 0.9737
Averaged Train Loss (Regular Model): 0.0002
Averaged Test AUC: 0.9925
Std Test Accurancy: 0.0143
Std Test AUC: 0.0064
-------------------------------------------------- 15.531020164489746

-------------Round number: 62-------------

Evaluate heterogeneous models
Averaged Test Accuracy (Regular Model): 0.9738
Averaged Train Loss (Regular Model): 0.0002
Averaged Test AUC: 0.9925
Std Test Accurancy: 0.0142
Std Test AUC: 0.0064
-------------------------------------------------- 14.296505212783813

-------------Round number: 63-------------

Evaluate heterogeneous models
Averaged Test Accuracy (Regular Model): 0.9737
Averaged Train Loss (Regular Model): 0.0002
Averaged Test AUC: 0.9925
Std Test Accurancy: 0.0143
Std Test AUC: 0.0064
-------------------------------------------------- 14.060575246810913

-------------Round number: 64-------------

Evaluate heterogeneous models
Averaged Test Accuracy (Regular Model): 0.9738
Averaged Train Loss (Regular Model): 0.0002
Averaged Test AUC: 0.9925
Std Test Accurancy: 0.0140
Std Test AUC: 0.0064
-------------------------------------------------- 14.334918022155762

-------------Round number: 65-------------

Evaluate heterogeneous models
Averaged Test Accuracy (Regular Model): 0.9738
Averaged Train Loss (Regular Model): 0.0002
Averaged Test AUC: 0.9925
Std Test Accurancy: 0.0144
Std Test AUC: 0.0064
-------------------------------------------------- 14.252996921539307

-------------Round number: 66-------------

Evaluate heterogeneous models
Averaged Test Accuracy (Regular Model): 0.9738
Averaged Train Loss (Regular Model): 0.0002
Averaged Test AUC: 0.9924
Std Test Accurancy: 0.0144
Std Test AUC: 0.0064
-------------------------------------------------- 13.853015899658203

-------------Round number: 67-------------

Evaluate heterogeneous models
Averaged Test Accuracy (Regular Model): 0.9737
Averaged Train Loss (Regular Model): 0.0002
Averaged Test AUC: 0.9924
Std Test Accurancy: 0.0144
Std Test AUC: 0.0064
-------------------------------------------------- 13.69200325012207

-------------Round number: 68-------------

Evaluate heterogeneous models
Averaged Test Accuracy (Regular Model): 0.9738
Averaged Train Loss (Regular Model): 0.0002
Averaged Test AUC: 0.9924
Std Test Accurancy: 0.0144
Std Test AUC: 0.0064
-------------------------------------------------- 13.450339317321777

-------------Round number: 69-------------

Evaluate heterogeneous models
Averaged Test Accuracy (Regular Model): 0.9738
Averaged Train Loss (Regular Model): 0.0002
Averaged Test AUC: 0.9924
Std Test Accurancy: 0.0142
Std Test AUC: 0.0064
-------------------------------------------------- 13.597070693969727

-------------Round number: 70-------------

Evaluate heterogeneous models
Averaged Test Accuracy (Regular Model): 0.9740
Averaged Train Loss (Regular Model): 0.0002
Averaged Test AUC: 0.9924
Std Test Accurancy: 0.0144
Std Test AUC: 0.0064
-------------------------------------------------- 13.812941551208496

-------------Round number: 71-------------

Evaluate heterogeneous models
Averaged Test Accuracy (Regular Model): 0.9737
Averaged Train Loss (Regular Model): 0.0002
Averaged Test AUC: 0.9924
Std Test Accurancy: 0.0144
Std Test AUC: 0.0064
-------------------------------------------------- 13.435009717941284

-------------Round number: 72-------------

Evaluate heterogeneous models
Averaged Test Accuracy (Regular Model): 0.9738
Averaged Train Loss (Regular Model): 0.0002
Averaged Test AUC: 0.9924
Std Test Accurancy: 0.0145
Std Test AUC: 0.0064
-------------------------------------------------- 13.326079368591309

-------------Round number: 73-------------

Evaluate heterogeneous models
Averaged Test Accuracy (Regular Model): 0.9738
Averaged Train Loss (Regular Model): 0.0002
Averaged Test AUC: 0.9924
Std Test Accurancy: 0.0143
Std Test AUC: 0.0064
-------------------------------------------------- 13.769248962402344

-------------Round number: 74-------------

Evaluate heterogeneous models
Averaged Test Accuracy (Regular Model): 0.9741
Averaged Train Loss (Regular Model): 0.0001
Averaged Test AUC: 0.9923
Std Test Accurancy: 0.0142
Std Test AUC: 0.0065
-------------------------------------------------- 13.928864240646362

-------------Round number: 75-------------

Evaluate heterogeneous models
Averaged Test Accuracy (Regular Model): 0.9738
Averaged Train Loss (Regular Model): 0.0002
Averaged Test AUC: 0.9923
Std Test Accurancy: 0.0142
Std Test AUC: 0.0065
-------------------------------------------------- 14.513401508331299

-------------Round number: 76-------------

Evaluate heterogeneous models
Averaged Test Accuracy (Regular Model): 0.9740
Averaged Train Loss (Regular Model): 0.0001
Averaged Test AUC: 0.9923
Std Test Accurancy: 0.0144
Std Test AUC: 0.0065
-------------------------------------------------- 14.419178247451782

-------------Round number: 77-------------

Evaluate heterogeneous models
Averaged Test Accuracy (Regular Model): 0.9740
Averaged Train Loss (Regular Model): 0.0001
Averaged Test AUC: 0.9923
Std Test Accurancy: 0.0142
Std Test AUC: 0.0065
-------------------------------------------------- 14.271106719970703

-------------Round number: 78-------------

Evaluate heterogeneous models
Averaged Test Accuracy (Regular Model): 0.9738
Averaged Train Loss (Regular Model): 0.0001
Averaged Test AUC: 0.9923
Std Test Accurancy: 0.0144
Std Test AUC: 0.0065
-------------------------------------------------- 13.718803882598877

-------------Round number: 79-------------

Evaluate heterogeneous models
Averaged Test Accuracy (Regular Model): 0.9739
Averaged Train Loss (Regular Model): 0.0001
Averaged Test AUC: 0.9923
Std Test Accurancy: 0.0145
Std Test AUC: 0.0065
-------------------------------------------------- 13.977391958236694

-------------Round number: 80-------------

Evaluate heterogeneous models
Averaged Test Accuracy (Regular Model): 0.9738
Averaged Train Loss (Regular Model): 0.0001
Averaged Test AUC: 0.9923
Std Test Accurancy: 0.0144
Std Test AUC: 0.0065
-------------------------------------------------- 14.067947626113892

-------------Round number: 81-------------

Evaluate heterogeneous models
Averaged Test Accuracy (Regular Model): 0.9739
Averaged Train Loss (Regular Model): 0.0001
Averaged Test AUC: 0.9922
Std Test Accurancy: 0.0144
Std Test AUC: 0.0065
-------------------------------------------------- 14.376948833465576

-------------Round number: 82-------------

Evaluate heterogeneous models
Averaged Test Accuracy (Regular Model): 0.9739
Averaged Train Loss (Regular Model): 0.0001
Averaged Test AUC: 0.9922
Std Test Accurancy: 0.0145
Std Test AUC: 0.0065
-------------------------------------------------- 15.160701274871826

-------------Round number: 83-------------

Evaluate heterogeneous models
Averaged Test Accuracy (Regular Model): 0.9740
Averaged Train Loss (Regular Model): 0.0001
Averaged Test AUC: 0.9922
Std Test Accurancy: 0.0142
Std Test AUC: 0.0065
-------------------------------------------------- 14.614649772644043

-------------Round number: 84-------------

Evaluate heterogeneous models
Averaged Test Accuracy (Regular Model): 0.9740
Averaged Train Loss (Regular Model): 0.0001
Averaged Test AUC: 0.9922
Std Test Accurancy: 0.0142
Std Test AUC: 0.0065
-------------------------------------------------- 14.215094327926636

-------------Round number: 85-------------

Evaluate heterogeneous models
Averaged Test Accuracy (Regular Model): 0.9740
Averaged Train Loss (Regular Model): 0.0001
Averaged Test AUC: 0.9922
Std Test Accurancy: 0.0143
Std Test AUC: 0.0065
-------------------------------------------------- 14.771754741668701

-------------Round number: 86-------------

Evaluate heterogeneous models
Averaged Test Accuracy (Regular Model): 0.9740
Averaged Train Loss (Regular Model): 0.0001
Averaged Test AUC: 0.9922
Std Test Accurancy: 0.0143
Std Test AUC: 0.0065
-------------------------------------------------- 14.214800357818604

-------------Round number: 87-------------

Evaluate heterogeneous models
Averaged Test Accuracy (Regular Model): 0.9741
Averaged Train Loss (Regular Model): 0.0001
Averaged Test AUC: 0.9922
Std Test Accurancy: 0.0144
Std Test AUC: 0.0065
-------------------------------------------------- 14.176478624343872

-------------Round number: 88-------------

Evaluate heterogeneous models
Averaged Test Accuracy (Regular Model): 0.9741
Averaged Train Loss (Regular Model): 0.0001
Averaged Test AUC: 0.9922
Std Test Accurancy: 0.0144
Std Test AUC: 0.0065
-------------------------------------------------- 14.265894651412964

-------------Round number: 89-------------

Evaluate heterogeneous models
Averaged Test Accuracy (Regular Model): 0.9741
Averaged Train Loss (Regular Model): 0.0001
Averaged Test AUC: 0.9921
Std Test Accurancy: 0.0143
Std Test AUC: 0.0065
-------------------------------------------------- 14.455323457717896

-------------Round number: 90-------------

Evaluate heterogeneous models
Averaged Test Accuracy (Regular Model): 0.9741
Averaged Train Loss (Regular Model): 0.0001
Averaged Test AUC: 0.9921
Std Test Accurancy: 0.0144
Std Test AUC: 0.0065
-------------------------------------------------- 14.060689926147461

-------------Round number: 91-------------

Evaluate heterogeneous models
Averaged Test Accuracy (Regular Model): 0.9742
Averaged Train Loss (Regular Model): 0.0001
Averaged Test AUC: 0.9921
Std Test Accurancy: 0.0144
Std Test AUC: 0.0065
-------------------------------------------------- 14.57999587059021

-------------Round number: 92-------------

Evaluate heterogeneous models
Averaged Test Accuracy (Regular Model): 0.9740
Averaged Train Loss (Regular Model): 0.0001
Averaged Test AUC: 0.9921
Std Test Accurancy: 0.0144
Std Test AUC: 0.0066
-------------------------------------------------- 14.358648538589478

-------------Round number: 93-------------

Evaluate heterogeneous models
Averaged Test Accuracy (Regular Model): 0.9741
Averaged Train Loss (Regular Model): 0.0001
Averaged Test AUC: 0.9921
Std Test Accurancy: 0.0144
Std Test AUC: 0.0066
-------------------------------------------------- 14.190101623535156

-------------Round number: 94-------------

Evaluate heterogeneous models
Averaged Test Accuracy (Regular Model): 0.9742
Averaged Train Loss (Regular Model): 0.0001
Averaged Test AUC: 0.9921
Std Test Accurancy: 0.0144
Std Test AUC: 0.0066
-------------------------------------------------- 14.214801788330078

-------------Round number: 95-------------

Evaluate heterogeneous models
Averaged Test Accuracy (Regular Model): 0.9741
Averaged Train Loss (Regular Model): 0.0001
Averaged Test AUC: 0.9921
Std Test Accurancy: 0.0145
Std Test AUC: 0.0066
-------------------------------------------------- 14.083235502243042

-------------Round number: 96-------------

Evaluate heterogeneous models
Averaged Test Accuracy (Regular Model): 0.9742
Averaged Train Loss (Regular Model): 0.0001
Averaged Test AUC: 0.9921
Std Test Accurancy: 0.0142
Std Test AUC: 0.0066
-------------------------------------------------- 14.1564781665802

-------------Round number: 97-------------

Evaluate heterogeneous models
Averaged Test Accuracy (Regular Model): 0.9744
Averaged Train Loss (Regular Model): 0.0001
Averaged Test AUC: 0.9920
Std Test Accurancy: 0.0143
Std Test AUC: 0.0066
-------------------------------------------------- 14.051177263259888

-------------Round number: 98-------------

Evaluate heterogeneous models
Averaged Test Accuracy (Regular Model): 0.9743
Averaged Train Loss (Regular Model): 0.0001
Averaged Test AUC: 0.9920
Std Test Accurancy: 0.0142
Std Test AUC: 0.0066
-------------------------------------------------- 14.458643674850464

-------------Round number: 99-------------

Evaluate heterogeneous models
Averaged Test Accuracy (Regular Model): 0.9743
Averaged Train Loss (Regular Model): 0.0001
Averaged Test AUC: 0.9920
Std Test Accurancy: 0.0143
Std Test AUC: 0.0066
-------------------------------------------------- 14.611761331558228

-------------Round number: 100-------------

Evaluate heterogeneous models
Averaged Test Accuracy (Regular Model): 0.9743
Averaged Train Loss (Regular Model): 0.0001
Averaged Test AUC: 0.9920
Std Test Accurancy: 0.0144
Std Test AUC: 0.0066
-------------------------------------------------- 14.665621757507324

-------------Round number: 101-------------

Evaluate heterogeneous models
Averaged Test Accuracy (Regular Model): 0.9744
Averaged Train Loss (Regular Model): 0.0001
Averaged Test AUC: 0.9920
Std Test Accurancy: 0.0143
Std Test AUC: 0.0066
-------------------------------------------------- 14.790900468826294

-------------Round number: 102-------------

Evaluate heterogeneous models
Averaged Test Accuracy (Regular Model): 0.9743
Averaged Train Loss (Regular Model): 0.0001
Averaged Test AUC: 0.9920
Std Test Accurancy: 0.0144
Std Test AUC: 0.0066
-------------------------------------------------- 15.23166036605835

-------------Round number: 103-------------

Evaluate heterogeneous models
Averaged Test Accuracy (Regular Model): 0.9744
Averaged Train Loss (Regular Model): 0.0001
Averaged Test AUC: 0.9920
Std Test Accurancy: 0.0142
Std Test AUC: 0.0066
-------------------------------------------------- 15.60049819946289

-------------Round number: 104-------------

Evaluate heterogeneous models
Averaged Test Accuracy (Regular Model): 0.9744
Averaged Train Loss (Regular Model): 0.0001
Averaged Test AUC: 0.9920
Std Test Accurancy: 0.0143
Std Test AUC: 0.0066
-------------------------------------------------- 15.501105785369873

-------------Round number: 105-------------

Evaluate heterogeneous models
Averaged Test Accuracy (Regular Model): 0.9744
Averaged Train Loss (Regular Model): 0.0001
Averaged Test AUC: 0.9920
Std Test Accurancy: 0.0140
Std Test AUC: 0.0066
-------------------------------------------------- 15.547515630722046

-------------Round number: 106-------------

Evaluate heterogeneous models
Averaged Test Accuracy (Regular Model): 0.9742
Averaged Train Loss (Regular Model): 0.0001
Averaged Test AUC: 0.9919
Std Test Accurancy: 0.0143
Std Test AUC: 0.0066
-------------------------------------------------- 15.329972505569458

-------------Round number: 107-------------

Evaluate heterogeneous models
Averaged Test Accuracy (Regular Model): 0.9744
Averaged Train Loss (Regular Model): 0.0001
Averaged Test AUC: 0.9920
Std Test Accurancy: 0.0143
Std Test AUC: 0.0066
-------------------------------------------------- 15.493855953216553

-------------Round number: 108-------------

Evaluate heterogeneous models
Averaged Test Accuracy (Regular Model): 0.9744
Averaged Train Loss (Regular Model): 0.0001
Averaged Test AUC: 0.9919
Std Test Accurancy: 0.0143
Std Test AUC: 0.0066
-------------------------------------------------- 15.66291618347168

-------------Round number: 109-------------

Evaluate heterogeneous models
Averaged Test Accuracy (Regular Model): 0.9743
Averaged Train Loss (Regular Model): 0.0001
Averaged Test AUC: 0.9919
Std Test Accurancy: 0.0142
Std Test AUC: 0.0066
-------------------------------------------------- 15.468468189239502

-------------Round number: 110-------------

Evaluate heterogeneous models
Averaged Test Accuracy (Regular Model): 0.9745
Averaged Train Loss (Regular Model): 0.0001
Averaged Test AUC: 0.9919
Std Test Accurancy: 0.0142
Std Test AUC: 0.0067
-------------------------------------------------- 15.506264209747314

-------------Round number: 111-------------

Evaluate heterogeneous models
Averaged Test Accuracy (Regular Model): 0.9744
Averaged Train Loss (Regular Model): 0.0001
Averaged Test AUC: 0.9919
Std Test Accurancy: 0.0143
Std Test AUC: 0.0066
-------------------------------------------------- 15.238979578018188

-------------Round number: 112-------------

Evaluate heterogeneous models
Averaged Test Accuracy (Regular Model): 0.9744
Averaged Train Loss (Regular Model): 0.0001
Averaged Test AUC: 0.9919
Std Test Accurancy: 0.0143
Std Test AUC: 0.0066
-------------------------------------------------- 15.189351081848145

-------------Round number: 113-------------

Evaluate heterogeneous models
Averaged Test Accuracy (Regular Model): 0.9745
Averaged Train Loss (Regular Model): 0.0001
Averaged Test AUC: 0.9919
Std Test Accurancy: 0.0141
Std Test AUC: 0.0067
-------------------------------------------------- 15.10106635093689

-------------Round number: 114-------------

Evaluate heterogeneous models
Averaged Test Accuracy (Regular Model): 0.9745
Averaged Train Loss (Regular Model): 0.0001
Averaged Test AUC: 0.9919
Std Test Accurancy: 0.0141
Std Test AUC: 0.0067
-------------------------------------------------- 14.959995746612549

-------------Round number: 115-------------

Evaluate heterogeneous models
Averaged Test Accuracy (Regular Model): 0.9746
Averaged Train Loss (Regular Model): 0.0001
Averaged Test AUC: 0.9919
Std Test Accurancy: 0.0142
Std Test AUC: 0.0067
-------------------------------------------------- 15.253756284713745

-------------Round number: 116-------------

Evaluate heterogeneous models
Averaged Test Accuracy (Regular Model): 0.9745
Averaged Train Loss (Regular Model): 0.0001
Averaged Test AUC: 0.9919
Std Test Accurancy: 0.0142
Std Test AUC: 0.0067
-------------------------------------------------- 15.35676884651184

-------------Round number: 117-------------

Evaluate heterogeneous models
Averaged Test Accuracy (Regular Model): 0.9745
Averaged Train Loss (Regular Model): 0.0001
Averaged Test AUC: 0.9919
Std Test Accurancy: 0.0141
Std Test AUC: 0.0066
-------------------------------------------------- 15.492106437683105

-------------Round number: 118-------------

Evaluate heterogeneous models
Averaged Test Accuracy (Regular Model): 0.9746
Averaged Train Loss (Regular Model): 0.0001
Averaged Test AUC: 0.9918
Std Test Accurancy: 0.0142
Std Test AUC: 0.0067
-------------------------------------------------- 15.191494226455688

-------------Round number: 119-------------

Evaluate heterogeneous models
Averaged Test Accuracy (Regular Model): 0.9745
Averaged Train Loss (Regular Model): 0.0001
Averaged Test AUC: 0.9918
Std Test Accurancy: 0.0144
Std Test AUC: 0.0067
-------------------------------------------------- 15.243919372558594

-------------Round number: 120-------------

Evaluate heterogeneous models
Averaged Test Accuracy (Regular Model): 0.9746
Averaged Train Loss (Regular Model): 0.0001
Averaged Test AUC: 0.9918
Std Test Accurancy: 0.0141
Std Test AUC: 0.0066
-------------------------------------------------- 15.035322904586792

-------------Round number: 121-------------

Evaluate heterogeneous models
Averaged Test Accuracy (Regular Model): 0.9745
Averaged Train Loss (Regular Model): 0.0001
Averaged Test AUC: 0.9918
Std Test Accurancy: 0.0143
Std Test AUC: 0.0067
-------------------------------------------------- 15.164174556732178

-------------Round number: 122-------------

Evaluate heterogeneous models
Averaged Test Accuracy (Regular Model): 0.9745
Averaged Train Loss (Regular Model): 0.0001
Averaged Test AUC: 0.9918
Std Test Accurancy: 0.0141
Std Test AUC: 0.0067
-------------------------------------------------- 14.861683368682861

-------------Round number: 123-------------

Evaluate heterogeneous models
Averaged Test Accuracy (Regular Model): 0.9745
Averaged Train Loss (Regular Model): 0.0001
Averaged Test AUC: 0.9918
Std Test Accurancy: 0.0143
Std Test AUC: 0.0067
-------------------------------------------------- 14.715478420257568

-------------Round number: 124-------------

Evaluate heterogeneous models
Averaged Test Accuracy (Regular Model): 0.9744
Averaged Train Loss (Regular Model): 0.0001
Averaged Test AUC: 0.9918
Std Test Accurancy: 0.0143
Std Test AUC: 0.0067
-------------------------------------------------- 14.646023988723755

-------------Round number: 125-------------

Evaluate heterogeneous models
Averaged Test Accuracy (Regular Model): 0.9745
Averaged Train Loss (Regular Model): 0.0001
Averaged Test AUC: 0.9918
Std Test Accurancy: 0.0143
Std Test AUC: 0.0067
-------------------------------------------------- 14.470954656600952

-------------Round number: 126-------------

Evaluate heterogeneous models
Averaged Test Accuracy (Regular Model): 0.9745
Averaged Train Loss (Regular Model): 0.0001
Averaged Test AUC: 0.9918
Std Test Accurancy: 0.0142
Std Test AUC: 0.0067
-------------------------------------------------- 14.920655965805054

-------------Round number: 127-------------

Evaluate heterogeneous models
Averaged Test Accuracy (Regular Model): 0.9746
Averaged Train Loss (Regular Model): 0.0001
Averaged Test AUC: 0.9918
Std Test Accurancy: 0.0142
Std Test AUC: 0.0067
-------------------------------------------------- 14.662594556808472

-------------Round number: 128-------------

Evaluate heterogeneous models
Averaged Test Accuracy (Regular Model): 0.9746
Averaged Train Loss (Regular Model): 0.0001
Averaged Test AUC: 0.9918
Std Test Accurancy: 0.0143
Std Test AUC: 0.0067
-------------------------------------------------- 14.998241424560547

-------------Round number: 129-------------

Evaluate heterogeneous models
Averaged Test Accuracy (Regular Model): 0.9745
Averaged Train Loss (Regular Model): 0.0001
Averaged Test AUC: 0.9918
Std Test Accurancy: 0.0143
Std Test AUC: 0.0067
-------------------------------------------------- 14.511006593704224

-------------Round number: 130-------------

Evaluate heterogeneous models
Averaged Test Accuracy (Regular Model): 0.9744
Averaged Train Loss (Regular Model): 0.0001
Averaged Test AUC: 0.9918
Std Test Accurancy: 0.0143
Std Test AUC: 0.0067
-------------------------------------------------- 13.933505773544312

-------------Round number: 131-------------

Evaluate heterogeneous models
Averaged Test Accuracy (Regular Model): 0.9745
Averaged Train Loss (Regular Model): 0.0001
Averaged Test AUC: 0.9917
Std Test Accurancy: 0.0142
Std Test AUC: 0.0067
-------------------------------------------------- 13.94397497177124

-------------Round number: 132-------------

Evaluate heterogeneous models
Averaged Test Accuracy (Regular Model): 0.9745
Averaged Train Loss (Regular Model): 0.0001
Averaged Test AUC: 0.9917
Std Test Accurancy: 0.0143
Std Test AUC: 0.0067
-------------------------------------------------- 14.208617448806763

-------------Round number: 133-------------

Evaluate heterogeneous models
Averaged Test Accuracy (Regular Model): 0.9745
Averaged Train Loss (Regular Model): 0.0001
Averaged Test AUC: 0.9917
Std Test Accurancy: 0.0143
Std Test AUC: 0.0067
-------------------------------------------------- 13.98883318901062

-------------Round number: 134-------------

Evaluate heterogeneous models
Averaged Test Accuracy (Regular Model): 0.9746
Averaged Train Loss (Regular Model): 0.0001
Averaged Test AUC: 0.9917
Std Test Accurancy: 0.0143
Std Test AUC: 0.0067
-------------------------------------------------- 13.714742422103882

-------------Round number: 135-------------

Evaluate heterogeneous models
Averaged Test Accuracy (Regular Model): 0.9746
Averaged Train Loss (Regular Model): 0.0001
Averaged Test AUC: 0.9917
Std Test Accurancy: 0.0140
Std Test AUC: 0.0067
-------------------------------------------------- 13.742077827453613

-------------Round number: 136-------------

Evaluate heterogeneous models
Averaged Test Accuracy (Regular Model): 0.9744
Averaged Train Loss (Regular Model): 0.0001
Averaged Test AUC: 0.9917
Std Test Accurancy: 0.0143
Std Test AUC: 0.0067
-------------------------------------------------- 13.798055648803711

-------------Round number: 137-------------

Evaluate heterogeneous models
Averaged Test Accuracy (Regular Model): 0.9745
Averaged Train Loss (Regular Model): 0.0001
Averaged Test AUC: 0.9917
Std Test Accurancy: 0.0142
Std Test AUC: 0.0067
-------------------------------------------------- 13.523245811462402

-------------Round number: 138-------------

Evaluate heterogeneous models
Averaged Test Accuracy (Regular Model): 0.9745
Averaged Train Loss (Regular Model): 0.0001
Averaged Test AUC: 0.9917
Std Test Accurancy: 0.0142
Std Test AUC: 0.0067
-------------------------------------------------- 13.536922931671143

-------------Round number: 139-------------

Evaluate heterogeneous models
Averaged Test Accuracy (Regular Model): 0.9744
Averaged Train Loss (Regular Model): 0.0001
Averaged Test AUC: 0.9917
Std Test Accurancy: 0.0143
Std Test AUC: 0.0067
-------------------------------------------------- 13.763386011123657

-------------Round number: 140-------------

Evaluate heterogeneous models
Averaged Test Accuracy (Regular Model): 0.9745
Averaged Train Loss (Regular Model): 0.0001
Averaged Test AUC: 0.9917
Std Test Accurancy: 0.0142
Std Test AUC: 0.0067
-------------------------------------------------- 14.0657320022583

-------------Round number: 141-------------

Evaluate heterogeneous models
Averaged Test Accuracy (Regular Model): 0.9745
Averaged Train Loss (Regular Model): 0.0001
Averaged Test AUC: 0.9916
Std Test Accurancy: 0.0141
Std Test AUC: 0.0067
-------------------------------------------------- 14.612858533859253

-------------Round number: 142-------------

Evaluate heterogeneous models
Averaged Test Accuracy (Regular Model): 0.9745
Averaged Train Loss (Regular Model): 0.0001
Averaged Test AUC: 0.9916
Std Test Accurancy: 0.0140
Std Test AUC: 0.0067
-------------------------------------------------- 14.69085144996643

-------------Round number: 143-------------

Evaluate heterogeneous models
Averaged Test Accuracy (Regular Model): 0.9744
Averaged Train Loss (Regular Model): 0.0001
Averaged Test AUC: 0.9916
Std Test Accurancy: 0.0142
Std Test AUC: 0.0067
-------------------------------------------------- 14.603847026824951

-------------Round number: 144-------------

Evaluate heterogeneous models
Averaged Test Accuracy (Regular Model): 0.9745
Averaged Train Loss (Regular Model): 0.0001
Averaged Test AUC: 0.9916
Std Test Accurancy: 0.0140
Std Test AUC: 0.0067
-------------------------------------------------- 14.421566486358643

-------------Round number: 145-------------

Evaluate heterogeneous models
Averaged Test Accuracy (Regular Model): 0.9746
Averaged Train Loss (Regular Model): 0.0001
Averaged Test AUC: 0.9916
Std Test Accurancy: 0.0140
Std Test AUC: 0.0067
-------------------------------------------------- 14.559091567993164

-------------Round number: 146-------------

Evaluate heterogeneous models
Averaged Test Accuracy (Regular Model): 0.9745
Averaged Train Loss (Regular Model): 0.0001
Averaged Test AUC: 0.9916
Std Test Accurancy: 0.0142
Std Test AUC: 0.0067
-------------------------------------------------- 14.45278000831604

-------------Round number: 147-------------

Evaluate heterogeneous models
Averaged Test Accuracy (Regular Model): 0.9745
Averaged Train Loss (Regular Model): 0.0001
Averaged Test AUC: 0.9916
Std Test Accurancy: 0.0141
Std Test AUC: 0.0067
-------------------------------------------------- 14.398254871368408

-------------Round number: 148-------------

Evaluate heterogeneous models
Averaged Test Accuracy (Regular Model): 0.9746
Averaged Train Loss (Regular Model): 0.0001
Averaged Test AUC: 0.9916
Std Test Accurancy: 0.0140
Std Test AUC: 0.0067
-------------------------------------------------- 14.57062816619873

-------------Round number: 149-------------

Evaluate heterogeneous models
Averaged Test Accuracy (Regular Model): 0.9746
Averaged Train Loss (Regular Model): 0.0001
Averaged Test AUC: 0.9916
Std Test Accurancy: 0.0140
Std Test AUC: 0.0067
-------------------------------------------------- 14.47242021560669

-------------Round number: 150-------------

Evaluate heterogeneous models
Averaged Test Accuracy (Regular Model): 0.9745
Averaged Train Loss (Regular Model): 0.0001
Averaged Test AUC: 0.9916
Std Test Accurancy: 0.0139
Std Test AUC: 0.0067
-------------------------------------------------- 14.580248594284058

-------------Round number: 151-------------

Evaluate heterogeneous models
Averaged Test Accuracy (Regular Model): 0.9746
Averaged Train Loss (Regular Model): 0.0001
Averaged Test AUC: 0.9916
Std Test Accurancy: 0.0140
Std Test AUC: 0.0067
-------------------------------------------------- 14.321351051330566

-------------Round number: 152-------------

Evaluate heterogeneous models
Averaged Test Accuracy (Regular Model): 0.9745
Averaged Train Loss (Regular Model): 0.0001
Averaged Test AUC: 0.9916
Std Test Accurancy: 0.0139
Std Test AUC: 0.0067
-------------------------------------------------- 14.499895811080933

-------------Round number: 153-------------

Evaluate heterogeneous models
Averaged Test Accuracy (Regular Model): 0.9745
Averaged Train Loss (Regular Model): 0.0001
Averaged Test AUC: 0.9915
Std Test Accurancy: 0.0140
Std Test AUC: 0.0067
-------------------------------------------------- 14.549952745437622

-------------Round number: 154-------------

Evaluate heterogeneous models
Averaged Test Accuracy (Regular Model): 0.9746
Averaged Train Loss (Regular Model): 0.0001
Averaged Test AUC: 0.9915
Std Test Accurancy: 0.0139
Std Test AUC: 0.0067
-------------------------------------------------- 14.497077226638794

-------------Round number: 155-------------

Evaluate heterogeneous models
Averaged Test Accuracy (Regular Model): 0.9745
Averaged Train Loss (Regular Model): 0.0001
Averaged Test AUC: 0.9915
Std Test Accurancy: 0.0141
Std Test AUC: 0.0067
-------------------------------------------------- 14.57184362411499

-------------Round number: 156-------------

Evaluate heterogeneous models
Averaged Test Accuracy (Regular Model): 0.9746
Averaged Train Loss (Regular Model): 0.0001
Averaged Test AUC: 0.9915
Std Test Accurancy: 0.0138
Std Test AUC: 0.0067
-------------------------------------------------- 14.590301990509033

-------------Round number: 157-------------

Evaluate heterogeneous models
Averaged Test Accuracy (Regular Model): 0.9745
Averaged Train Loss (Regular Model): 0.0001
Averaged Test AUC: 0.9915
Std Test Accurancy: 0.0139
Std Test AUC: 0.0067
-------------------------------------------------- 14.63116192817688

-------------Round number: 158-------------

Evaluate heterogeneous models
Averaged Test Accuracy (Regular Model): 0.9746
Averaged Train Loss (Regular Model): 0.0001
Averaged Test AUC: 0.9915
Std Test Accurancy: 0.0139
Std Test AUC: 0.0067
-------------------------------------------------- 14.693314790725708

-------------Round number: 159-------------

Evaluate heterogeneous models
Averaged Test Accuracy (Regular Model): 0.9745
Averaged Train Loss (Regular Model): 0.0001
Averaged Test AUC: 0.9915
Std Test Accurancy: 0.0140
Std Test AUC: 0.0067
-------------------------------------------------- 14.81617259979248

-------------Round number: 160-------------

Evaluate heterogeneous models
Averaged Test Accuracy (Regular Model): 0.9746
Averaged Train Loss (Regular Model): 0.0001
Averaged Test AUC: 0.9915
Std Test Accurancy: 0.0138
Std Test AUC: 0.0067
-------------------------------------------------- 14.879530191421509

-------------Round number: 161-------------

Evaluate heterogeneous models
Averaged Test Accuracy (Regular Model): 0.9745
Averaged Train Loss (Regular Model): 0.0001
Averaged Test AUC: 0.9915
Std Test Accurancy: 0.0139
Std Test AUC: 0.0067
-------------------------------------------------- 15.071283340454102

-------------Round number: 162-------------

Evaluate heterogeneous models
Averaged Test Accuracy (Regular Model): 0.9745
Averaged Train Loss (Regular Model): 0.0001
Averaged Test AUC: 0.9915
Std Test Accurancy: 0.0138
Std Test AUC: 0.0067
-------------------------------------------------- 15.086261510848999

-------------Round number: 163-------------

Evaluate heterogeneous models
Averaged Test Accuracy (Regular Model): 0.9745
Averaged Train Loss (Regular Model): 0.0001
Averaged Test AUC: 0.9915
Std Test Accurancy: 0.0140
Std Test AUC: 0.0067
-------------------------------------------------- 14.394073009490967

-------------Round number: 164-------------

Evaluate heterogeneous models
Averaged Test Accuracy (Regular Model): 0.9745
Averaged Train Loss (Regular Model): 0.0001
Averaged Test AUC: 0.9915
Std Test Accurancy: 0.0139
Std Test AUC: 0.0067
-------------------------------------------------- 14.443769216537476

-------------Round number: 165-------------

Evaluate heterogeneous models
Averaged Test Accuracy (Regular Model): 0.9746
Averaged Train Loss (Regular Model): 0.0001
Averaged Test AUC: 0.9915
Std Test Accurancy: 0.0138
Std Test AUC: 0.0067
-------------------------------------------------- 14.452887058258057

-------------Round number: 166-------------

Evaluate heterogeneous models
Averaged Test Accuracy (Regular Model): 0.9746
Averaged Train Loss (Regular Model): 0.0001
Averaged Test AUC: 0.9914
Std Test Accurancy: 0.0138
Std Test AUC: 0.0067
-------------------------------------------------- 14.25695013999939

-------------Round number: 167-------------

Evaluate heterogeneous models
Averaged Test Accuracy (Regular Model): 0.9745
Averaged Train Loss (Regular Model): 0.0001
Averaged Test AUC: 0.9914
Std Test Accurancy: 0.0140
Std Test AUC: 0.0067
-------------------------------------------------- 14.325253963470459

-------------Round number: 168-------------

Evaluate heterogeneous models
Averaged Test Accuracy (Regular Model): 0.9746
Averaged Train Loss (Regular Model): 0.0001
Averaged Test AUC: 0.9914
Std Test Accurancy: 0.0140
Std Test AUC: 0.0067
-------------------------------------------------- 14.358127117156982

-------------Round number: 169-------------

Evaluate heterogeneous models
Averaged Test Accuracy (Regular Model): 0.9746
Averaged Train Loss (Regular Model): 0.0001
Averaged Test AUC: 0.9914
Std Test Accurancy: 0.0139
Std Test AUC: 0.0067
-------------------------------------------------- 14.639493703842163

-------------Round number: 170-------------

Evaluate heterogeneous models
Averaged Test Accuracy (Regular Model): 0.9745
Averaged Train Loss (Regular Model): 0.0001
Averaged Test AUC: 0.9914
Std Test Accurancy: 0.0138
Std Test AUC: 0.0067
-------------------------------------------------- 14.4918954372406

-------------Round number: 171-------------

Evaluate heterogeneous models
Averaged Test Accuracy (Regular Model): 0.9746
Averaged Train Loss (Regular Model): 0.0001
Averaged Test AUC: 0.9914
Std Test Accurancy: 0.0138
Std Test AUC: 0.0067
-------------------------------------------------- 14.658722639083862

-------------Round number: 172-------------

Evaluate heterogeneous models
Averaged Test Accuracy (Regular Model): 0.9745
Averaged Train Loss (Regular Model): 0.0001
Averaged Test AUC: 0.9914
Std Test Accurancy: 0.0138
Std Test AUC: 0.0067
-------------------------------------------------- 14.738554239273071

-------------Round number: 173-------------

Evaluate heterogeneous models
Averaged Test Accuracy (Regular Model): 0.9746
Averaged Train Loss (Regular Model): 0.0001
Averaged Test AUC: 0.9914
Std Test Accurancy: 0.0137
Std Test AUC: 0.0067
-------------------------------------------------- 14.713365316390991

-------------Round number: 174-------------

Evaluate heterogeneous models
Averaged Test Accuracy (Regular Model): 0.9745
Averaged Train Loss (Regular Model): 0.0001
Averaged Test AUC: 0.9914
Std Test Accurancy: 0.0138
Std Test AUC: 0.0067
-------------------------------------------------- 14.535552024841309

-------------Round number: 175-------------

Evaluate heterogeneous models
Averaged Test Accuracy (Regular Model): 0.9745
Averaged Train Loss (Regular Model): 0.0001
Averaged Test AUC: 0.9914
Std Test Accurancy: 0.0139
Std Test AUC: 0.0067
-------------------------------------------------- 14.456538438796997

-------------Round number: 176-------------

Evaluate heterogeneous models
Averaged Test Accuracy (Regular Model): 0.9745
Averaged Train Loss (Regular Model): 0.0001
Averaged Test AUC: 0.9914
Std Test Accurancy: 0.0138
Std Test AUC: 0.0067
-------------------------------------------------- 14.40407395362854

-------------Round number: 177-------------

Evaluate heterogeneous models
Averaged Test Accuracy (Regular Model): 0.9745
Averaged Train Loss (Regular Model): 0.0001
Averaged Test AUC: 0.9914
Std Test Accurancy: 0.0138
Std Test AUC: 0.0067
-------------------------------------------------- 14.624235391616821

-------------Round number: 178-------------

Evaluate heterogeneous models
Averaged Test Accuracy (Regular Model): 0.9745
Averaged Train Loss (Regular Model): 0.0001
Averaged Test AUC: 0.9914
Std Test Accurancy: 0.0138
Std Test AUC: 0.0068
-------------------------------------------------- 14.464341640472412

-------------Round number: 179-------------

Evaluate heterogeneous models
Averaged Test Accuracy (Regular Model): 0.9745
Averaged Train Loss (Regular Model): 0.0001
Averaged Test AUC: 0.9914
Std Test Accurancy: 0.0138
Std Test AUC: 0.0067
-------------------------------------------------- 14.712880373001099

-------------Round number: 180-------------

Evaluate heterogeneous models
Averaged Test Accuracy (Regular Model): 0.9746
Averaged Train Loss (Regular Model): 0.0001
Averaged Test AUC: 0.9914
Std Test Accurancy: 0.0138
Std Test AUC: 0.0068
-------------------------------------------------- 14.580479145050049

-------------Round number: 181-------------

Evaluate heterogeneous models
Averaged Test Accuracy (Regular Model): 0.9746
Averaged Train Loss (Regular Model): 0.0001
Averaged Test AUC: 0.9914
Std Test Accurancy: 0.0138
Std Test AUC: 0.0067
-------------------------------------------------- 14.65371298789978

-------------Round number: 182-------------

Evaluate heterogeneous models
Averaged Test Accuracy (Regular Model): 0.9745
Averaged Train Loss (Regular Model): 0.0001
Averaged Test AUC: 0.9913
Std Test Accurancy: 0.0138
Std Test AUC: 0.0067
-------------------------------------------------- 14.500785112380981

-------------Round number: 183-------------

Evaluate heterogeneous models
Averaged Test Accuracy (Regular Model): 0.9745
Averaged Train Loss (Regular Model): 0.0001
Averaged Test AUC: 0.9913
Std Test Accurancy: 0.0139
Std Test AUC: 0.0067
-------------------------------------------------- 15.048828840255737

-------------Round number: 184-------------

Evaluate heterogeneous models
Averaged Test Accuracy (Regular Model): 0.9745
Averaged Train Loss (Regular Model): 0.0001
Averaged Test AUC: 0.9913
Std Test Accurancy: 0.0138
Std Test AUC: 0.0068
-------------------------------------------------- 14.849134683609009

-------------Round number: 185-------------

Evaluate heterogeneous models
Averaged Test Accuracy (Regular Model): 0.9744
Averaged Train Loss (Regular Model): 0.0001
Averaged Test AUC: 0.9913
Std Test Accurancy: 0.0141
Std Test AUC: 0.0068
-------------------------------------------------- 14.579759120941162

-------------Round number: 186-------------

Evaluate heterogeneous models
Averaged Test Accuracy (Regular Model): 0.9745
Averaged Train Loss (Regular Model): 0.0001
Averaged Test AUC: 0.9913
Std Test Accurancy: 0.0140
Std Test AUC: 0.0068
-------------------------------------------------- 14.745404720306396

-------------Round number: 187-------------

Evaluate heterogeneous models
Averaged Test Accuracy (Regular Model): 0.9746
Averaged Train Loss (Regular Model): 0.0001
Averaged Test AUC: 0.9913
Std Test Accurancy: 0.0138
Std Test AUC: 0.0067
-------------------------------------------------- 15.112776756286621

-------------Round number: 188-------------

Evaluate heterogeneous models
Averaged Test Accuracy (Regular Model): 0.9745
Averaged Train Loss (Regular Model): 0.0001
Averaged Test AUC: 0.9913
Std Test Accurancy: 0.0138
Std Test AUC: 0.0067
-------------------------------------------------- 14.414730072021484

-------------Round number: 189-------------

Evaluate heterogeneous models
Averaged Test Accuracy (Regular Model): 0.9746
Averaged Train Loss (Regular Model): 0.0001
Averaged Test AUC: 0.9913
Std Test Accurancy: 0.0138
Std Test AUC: 0.0067
-------------------------------------------------- 14.029227256774902

-------------Round number: 190-------------

Evaluate heterogeneous models
Averaged Test Accuracy (Regular Model): 0.9745
Averaged Train Loss (Regular Model): 0.0001
Averaged Test AUC: 0.9913
Std Test Accurancy: 0.0140
Std Test AUC: 0.0068
-------------------------------------------------- 14.12232494354248

-------------Round number: 191-------------

Evaluate heterogeneous models
Averaged Test Accuracy (Regular Model): 0.9746
Averaged Train Loss (Regular Model): 0.0001
Averaged Test AUC: 0.9913
Std Test Accurancy: 0.0138
Std Test AUC: 0.0067
-------------------------------------------------- 14.334375858306885

-------------Round number: 192-------------

Evaluate heterogeneous models
Averaged Test Accuracy (Regular Model): 0.9746
Averaged Train Loss (Regular Model): 0.0001
Averaged Test AUC: 0.9913
Std Test Accurancy: 0.0138
Std Test AUC: 0.0067
-------------------------------------------------- 13.969210386276245

-------------Round number: 193-------------

Evaluate heterogeneous models
Averaged Test Accuracy (Regular Model): 0.9745
Averaged Train Loss (Regular Model): 0.0001
Averaged Test AUC: 0.9913
Std Test Accurancy: 0.0139
Std Test AUC: 0.0067
-------------------------------------------------- 14.147788047790527

-------------Round number: 194-------------

Evaluate heterogeneous models
Averaged Test Accuracy (Regular Model): 0.9744
Averaged Train Loss (Regular Model): 0.0001
Averaged Test AUC: 0.9913
Std Test Accurancy: 0.0138
Std Test AUC: 0.0068
-------------------------------------------------- 14.30882215499878

-------------Round number: 195-------------

Evaluate heterogeneous models
Averaged Test Accuracy (Regular Model): 0.9745
Averaged Train Loss (Regular Model): 0.0001
Averaged Test AUC: 0.9913
Std Test Accurancy: 0.0139
Std Test AUC: 0.0068
-------------------------------------------------- 13.803664922714233

-------------Round number: 196-------------

Evaluate heterogeneous models
Averaged Test Accuracy (Regular Model): 0.9746
Averaged Train Loss (Regular Model): 0.0001
Averaged Test AUC: 0.9913
Std Test Accurancy: 0.0137
Std Test AUC: 0.0067
-------------------------------------------------- 13.400590658187866

-------------Round number: 197-------------

Evaluate heterogeneous models
Averaged Test Accuracy (Regular Model): 0.9746
Averaged Train Loss (Regular Model): 0.0001
Averaged Test AUC: 0.9913
Std Test Accurancy: 0.0137
Std Test AUC: 0.0068
-------------------------------------------------- 13.456207275390625

-------------Round number: 198-------------

Evaluate heterogeneous models
Averaged Test Accuracy (Regular Model): 0.9746
Averaged Train Loss (Regular Model): 0.0001
Averaged Test AUC: 0.9913
Std Test Accurancy: 0.0138
Std Test AUC: 0.0068
-------------------------------------------------- 12.995997905731201

-------------Round number: 199-------------

Evaluate heterogeneous models
Averaged Test Accuracy (Regular Model): 0.9746
Averaged Train Loss (Regular Model): 0.0001
Averaged Test AUC: 0.9912
Std Test Accurancy: 0.0137
Std Test AUC: 0.0068
-------------------------------------------------- 13.34086537361145

-------------Round number: 200-------------

Evaluate heterogeneous models
Averaged Test Accuracy (Regular Model): 0.9746
Averaged Train Loss (Regular Model): 0.0001
Averaged Test AUC: 0.9912
Std Test Accurancy: 0.0138
Std Test AUC: 0.0068

Best accuracy.
0.9746474047850169
14.448397064208985
File path: ../results/MNIST_dir_0.3_imbalance_40_FedGH_test_0.h5

Average time cost: 3081.14s.
Length:  201
std for best accurancy: 0.0
mean for best accurancy: 0.9746474047850169
All done!

Storage on cpu
-------------------------------------------------------------------------------
Total Tensors: 5130 	Used Memory: 20.50K
-------------------------------------------------------------------------------
