==================================================
goal = test
device = cuda
device_id = 0
dataset = MNIST_dir_0.3_imbalance_40
num_classes = 10
model_family = HCNNs8
batch_size = 256
local_learning_rate = 0.03
use_decay_scheduler = False
learning_rate_decay = False
learning_rate_decay_gamma = 0.99
global_rounds = 150
edge_epochs = 1
local_epochs = 10
algorithm = FedProto
join_ratio = 1.0
random_join_ratio = False
num_clients = 40
num_edges = 10
prev = 0
times = 1
eval_gap = 1
save_folder_name = temp
auto_break = False
feature_dim = 512
vocab_size = 98635
max_len = 200
client_drop_rate = 0.0
train_slow_rate = 0.0
send_slow_rate = 0.0
time_select = False
time_threthold = 10000
lamda = 2.0
trans_delay_simulate = False
agg_type = 0
buffersize = 10
mixclassifier = 0
gl_use_clients = 1
test_useglclassifier = 1
tgpaddmse = 0
addmse = 0
gamma = 1
addTGP = 0
SAEbeta = 1.0
drawtsne = 1
drawround = 10
noise_dim = 512
generator_learning_rate = 0.005
hidden_dim = 512
server_epochs = 100
alpha = 1.0
beta = 1.0
mentee_learning_rate = 0.005
T_start = 0.95
T_end = 0.98
server_learning_rate = 0.01
margin_threthold = 100.0
generator_path = stylegan/stylegan-xl-models/imagenet64.pkl
stable_diffusion_prompt = a cat
server_batch_size = 100
gen_batch_size = 4
mu = 50.0
==================================================
Random seed set as 42

============= Running time: 0th =============
Creating server and clients ...
CNN(num_cov=1, hidden_dims=[], in_features=1, num_classes=args.num_classes)
CNN(num_cov=2, hidden_dims=[], in_features=1, num_classes=args.num_classes)
CNN(num_cov=1, hidden_dims=[512], in_features=1, num_classes=args.num_classes)
CNN(num_cov=2, hidden_dims=[512], in_features=1, num_classes=args.num_classes)
CNN(num_cov=1, hidden_dims=[1024], in_features=1, num_classes=args.num_classes)
CNN(num_cov=2, hidden_dims=[1024], in_features=1, num_classes=args.num_classes)
CNN(num_cov=1, hidden_dims=[1024, 512], in_features=1, num_classes=args.num_classes)
CNN(num_cov=2, hidden_dims=[1024, 512], in_features=1, num_classes=args.num_classes)
CNN(num_cov=1, hidden_dims=[], in_features=1, num_classes=args.num_classes) model chosen!
id 0
label_counts: defaultdict(<class 'int'>, {7: 555, 6: 217, 8: 476, 1: 39, 4: 125, 2: 31, 0: 3, 5: 11})
CNN(num_cov=2, hidden_dims=[], in_features=1, num_classes=args.num_classes) model chosen!
id 1
label_counts: defaultdict(<class 'int'>, {1: 333, 0: 228, 8: 357, 7: 261, 2: 9, 3: 105, 4: 47, 5: 6, 6: 4})
CNN(num_cov=1, hidden_dims=[512], in_features=1, num_classes=args.num_classes) model chosen!
id 2
label_counts: defaultdict(<class 'int'>, {3: 26, 6: 53, 4: 458, 9: 589, 8: 35, 2: 150, 0: 77, 1: 6, 5: 3})
CNN(num_cov=2, hidden_dims=[512], in_features=1, num_classes=args.num_classes) model chosen!
id 3
label_counts: defaultdict(<class 'int'>, {8: 254, 1: 495, 0: 158, 3: 113, 2: 22, 6: 7, 7: 3, 9: 1})
CNN(num_cov=1, hidden_dims=[1024], in_features=1, num_classes=args.num_classes) model chosen!
id 4
label_counts: defaultdict(<class 'int'>, {3: 297, 8: 302, 7: 207, 0: 55, 6: 69, 9: 14, 1: 31, 5: 7, 4: 1})
CNN(num_cov=2, hidden_dims=[1024], in_features=1, num_classes=args.num_classes) model chosen!
id 5
label_counts: defaultdict(<class 'int'>, {3: 545, 5: 312, 2: 45, 9: 3, 8: 47, 7: 8, 0: 12, 4: 1})
CNN(num_cov=1, hidden_dims=[1024, 512], in_features=1, num_classes=args.num_classes) model chosen!
id 6
label_counts: defaultdict(<class 'int'>, {3: 547, 7: 41, 6: 90, 5: 74, 8: 15, 9: 46, 1: 25, 2: 55, 0: 1})
CNN(num_cov=2, hidden_dims=[1024, 512], in_features=1, num_classes=args.num_classes) model chosen!
id 7
label_counts: defaultdict(<class 'int'>, {3: 1041, 8: 546, 7: 55, 6: 71, 2: 54, 4: 19})
CNN(num_cov=1, hidden_dims=[], in_features=1, num_classes=args.num_classes) model chosen!
id 8
label_counts: defaultdict(<class 'int'>, {9: 119, 5: 291, 7: 322, 4: 87, 2: 159, 8: 140, 0: 24, 6: 92, 3: 8, 1: 6})
CNN(num_cov=2, hidden_dims=[], in_features=1, num_classes=args.num_classes) model chosen!
id 9
label_counts: defaultdict(<class 'int'>, {7: 464, 4: 138, 2: 203, 0: 199, 8: 47, 5: 114, 3: 101, 1: 5, 9: 4})
CNN(num_cov=1, hidden_dims=[512], in_features=1, num_classes=args.num_classes) model chosen!
id 10
label_counts: defaultdict(<class 'int'>, {7: 951, 6: 188, 2: 980, 3: 39, 5: 8, 0: 3})
CNN(num_cov=2, hidden_dims=[512], in_features=1, num_classes=args.num_classes) model chosen!
id 11
label_counts: defaultdict(<class 'int'>, {0: 803, 5: 579, 4: 100, 2: 58, 1: 11})
CNN(num_cov=1, hidden_dims=[1024], in_features=1, num_classes=args.num_classes) model chosen!
id 12
label_counts: defaultdict(<class 'int'>, {9: 1822, 6: 311, 3: 372, 4: 240, 5: 107, 8: 10, 0: 46, 2: 2})
CNN(num_cov=2, hidden_dims=[1024], in_features=1, num_classes=args.num_classes) model chosen!
id 13
label_counts: defaultdict(<class 'int'>, {6: 708, 4: 126, 3: 198, 2: 62, 7: 402, 5: 9, 0: 22, 1: 1})
CNN(num_cov=1, hidden_dims=[1024, 512], in_features=1, num_classes=args.num_classes) model chosen!
id 14
label_counts: defaultdict(<class 'int'>, {7: 628, 3: 380, 4: 393, 6: 54, 1: 54, 0: 2})
CNN(num_cov=2, hidden_dims=[1024, 512], in_features=1, num_classes=args.num_classes) model chosen!
id 15
label_counts: defaultdict(<class 'int'>, {1: 279, 4: 57, 9: 294, 8: 107, 7: 199, 2: 4, 3: 8, 6: 16, 0: 5})
CNN(num_cov=1, hidden_dims=[], in_features=1, num_classes=args.num_classes) model chosen!
id 16
label_counts: defaultdict(<class 'int'>, {2: 565, 3: 36, 6: 243, 1: 61, 0: 75, 9: 192, 8: 72, 5: 22, 7: 16, 4: 2})
CNN(num_cov=2, hidden_dims=[], in_features=1, num_classes=args.num_classes) model chosen!
id 17
label_counts: defaultdict(<class 'int'>, {1: 376, 6: 102, 0: 255, 2: 14, 3: 14, 9: 3, 5: 4})
CNN(num_cov=1, hidden_dims=[512], in_features=1, num_classes=args.num_classes) model chosen!
id 18
label_counts: defaultdict(<class 'int'>, {5: 258, 4: 749, 3: 407, 2: 7})
CNN(num_cov=2, hidden_dims=[512], in_features=1, num_classes=args.num_classes) model chosen!
id 19
label_counts: defaultdict(<class 'int'>, {1: 74, 0: 220, 2: 76, 6: 106, 4: 122, 5: 93, 9: 2, 3: 4, 7: 1})
CNN(num_cov=1, hidden_dims=[1024], in_features=1, num_classes=args.num_classes) model chosen!
id 20
label_counts: defaultdict(<class 'int'>, {5: 1231, 1: 467, 4: 386, 3: 238, 2: 21})
CNN(num_cov=2, hidden_dims=[1024], in_features=1, num_classes=args.num_classes) model chosen!
id 21
label_counts: defaultdict(<class 'int'>, {6: 399, 2: 419, 8: 99, 9: 130, 1: 46, 5: 12, 3: 3, 0: 1, 7: 5})
CNN(num_cov=1, hidden_dims=[1024, 512], in_features=1, num_classes=args.num_classes) model chosen!
id 22
label_counts: defaultdict(<class 'int'>, {0: 234, 2: 285, 1: 834})
CNN(num_cov=2, hidden_dims=[1024, 512], in_features=1, num_classes=args.num_classes) model chosen!
id 23
label_counts: defaultdict(<class 'int'>, {0: 170, 1: 86, 6: 331, 2: 150, 3: 37, 9: 27, 7: 1, 4: 12, 5: 1})
CNN(num_cov=1, hidden_dims=[], in_features=1, num_classes=args.num_classes) model chosen!
id 24
label_counts: defaultdict(<class 'int'>, {4: 95, 7: 429, 6: 73, 1: 62, 9: 14, 3: 14, 8: 2, 5: 3})
CNN(num_cov=2, hidden_dims=[], in_features=1, num_classes=args.num_classes) model chosen!
id 25
label_counts: defaultdict(<class 'int'>, {1: 744, 4: 387, 2: 154, 7: 9, 5: 21, 3: 4})
CNN(num_cov=1, hidden_dims=[512], in_features=1, num_classes=args.num_classes) model chosen!
id 26
label_counts: defaultdict(<class 'int'>, {2: 274, 3: 244, 6: 80, 1: 73, 0: 436, 7: 42, 4: 2, 9: 48, 8: 11, 5: 7})
CNN(num_cov=2, hidden_dims=[512], in_features=1, num_classes=args.num_classes) model chosen!
id 27
label_counts: defaultdict(<class 'int'>, {5: 449, 9: 408, 4: 214, 7: 274, 6: 2, 0: 44, 1: 18, 2: 3})
CNN(num_cov=1, hidden_dims=[1024], in_features=1, num_classes=args.num_classes) model chosen!
id 28
label_counts: defaultdict(<class 'int'>, {0: 534, 3: 404, 2: 383})
CNN(num_cov=2, hidden_dims=[1024], in_features=1, num_classes=args.num_classes) model chosen!
id 29
label_counts: defaultdict(<class 'int'>, {4: 882, 8: 790, 0: 186, 2: 135, 1: 27, 3: 4, 6: 3, 5: 1})
CNN(num_cov=1, hidden_dims=[1024, 512], in_features=1, num_classes=args.num_classes) model chosen!
id 30
label_counts: defaultdict(<class 'int'>, {5: 528, 2: 457, 1: 164, 0: 298, 3: 15, 4: 44})
CNN(num_cov=2, hidden_dims=[1024, 512], in_features=1, num_classes=args.num_classes) model chosen!
id 31
label_counts: defaultdict(<class 'int'>, {9: 275, 1: 451, 4: 110, 6: 12, 8: 27, 0: 8, 3: 2, 7: 1})
CNN(num_cov=1, hidden_dims=[], in_features=1, num_classes=args.num_classes) model chosen!
id 32
label_counts: defaultdict(<class 'int'>, {9: 625, 2: 70, 5: 252, 0: 68, 7: 9, 3: 29, 8: 6, 6: 3, 1: 1})
CNN(num_cov=2, hidden_dims=[], in_features=1, num_classes=args.num_classes) model chosen!
id 33
label_counts: defaultdict(<class 'int'>, {3: 55, 6: 877, 0: 237, 2: 252, 1: 72, 4: 42, 5: 1})
CNN(num_cov=1, hidden_dims=[512], in_features=1, num_classes=args.num_classes) model chosen!
id 34
label_counts: defaultdict(<class 'int'>, {4: 234, 0: 675, 9: 128, 2: 44, 6: 57, 1: 71, 5: 20, 7: 6, 3: 1})
CNN(num_cov=2, hidden_dims=[512], in_features=1, num_classes=args.num_classes) model chosen!
id 35
label_counts: defaultdict(<class 'int'>, {8: 134, 6: 421, 7: 73, 9: 67, 2: 59, 5: 7, 3: 3, 1: 1})
CNN(num_cov=1, hidden_dims=[1024], in_features=1, num_classes=args.num_classes) model chosen!
id 36
label_counts: defaultdict(<class 'int'>, {6: 467, 4: 63, 7: 126, 1: 212, 3: 18, 9: 45, 2: 79, 8: 24, 0: 13})
CNN(num_cov=2, hidden_dims=[1024], in_features=1, num_classes=args.num_classes) model chosen!
id 37
label_counts: defaultdict(<class 'int'>, {8: 1474, 6: 84, 5: 70, 7: 77, 3: 15, 2: 10, 0: 7, 1: 2})
CNN(num_cov=1, hidden_dims=[1024, 512], in_features=1, num_classes=args.num_classes) model chosen!
id 38
label_counts: defaultdict(<class 'int'>, {1: 734, 7: 245, 8: 100, 6: 28, 3: 44, 5: 28, 4: 8, 9: 7})
CNN(num_cov=2, hidden_dims=[1024, 512], in_features=1, num_classes=args.num_classes) model chosen!
id 39
label_counts: defaultdict(<class 'int'>, {5: 192, 9: 354, 8: 33, 0: 84, 4: 4, 3: 1, 1: 7, 6: 1})

Join ratio / total clients: 1.0 / 40
Finished creating server and clients.
tobetrained:
[9, 8, 7, 6, 5, 4, 3, 2, 1, 0]
Edge 9 begin training
Server global_protos Not Found
Server global_protos Not Found
Server global_protos Not Found
Server global_protos Not Found
Edge 8 begin training
Server global_protos Not Found
Server global_protos Not Found
Server global_protos Not Found
Server global_protos Not Found
Edge 7 begin training
Server global_protos Not Found
Server global_protos Not Found
Server global_protos Not Found
Server global_protos Not Found
Edge 6 begin training
Server global_protos Not Found
Server global_protos Not Found
Server global_protos Not Found
Server global_protos Not Found
Edge 5 begin training
Server global_protos Not Found
Server global_protos Not Found
Server global_protos Not Found
Server global_protos Not Found
Edge 4 begin training
Server global_protos Not Found
Server global_protos Not Found
Server global_protos Not Found
Server global_protos Not Found
Edge 3 begin training
Server global_protos Not Found
Server global_protos Not Found
Server global_protos Not Found
Server global_protos Not Found
Edge 2 begin training
Server global_protos Not Found
Server global_protos Not Found
Server global_protos Not Found
Server global_protos Not Found
Edge 1 begin training
Server global_protos Not Found
Server global_protos Not Found
Server global_protos Not Found
Server global_protos Not Found
Edge 0 begin training
Server global_protos Not Found
Server global_protos Not Found
Server global_protos Not Found
Server global_protos Not Found
readyList:
[0, 6, 2, 8, 7, 4, 5, 3, 1, 9]
aggregation_buffer:
[0, 6, 2, 8, 7, 4, 5, 3, 1, 9]
Number of samples: 316
end Update
server_global_time: 1.3662690222263336
only_train_time: 23.3400796353817

-------------Global Round number: 0-------------

Evaluate heterogeneous models
Averaged Test Accuracy (Regular Model): 0.7460
Averaged Test Accuracy (Prototype Model): 0.5511
Std Test Accuracy (Regular Model): 0.1804
Std Test Accuracy (Prototype Model): 0.2224
tobetrained:
[0, 6, 2, 8, 7, 4, 5, 3, 1, 9]
Edge 0 begin training
Edge 6 begin training
Edge 2 begin training
Edge 8 begin training
Edge 7 begin training
Edge 4 begin training
Edge 5 begin training
Edge 3 begin training
Edge 1 begin training
Edge 9 begin training
readyList:
[0, 6, 7, 8, 2, 4, 5, 9, 3, 1]
aggregation_buffer:
[0, 6, 7, 8, 2, 4, 5, 9, 3, 1]
end Update
server_global_time: 3.0616881772875786
only_train_time: 56.882064409554005

-------------Global Round number: 1-------------

Evaluate heterogeneous models
Averaged Test Accuracy (Regular Model): 0.8627
Averaged Test Accuracy (Prototype Model): 0.7575
Std Test Accuracy (Regular Model): 0.1328
Std Test Accuracy (Prototype Model): 0.1805
tobetrained:
[0, 6, 7, 8, 2, 4, 5, 9, 3, 1]
Edge 0 begin training
Edge 6 begin training
Edge 7 begin training
Edge 8 begin training
Edge 2 begin training
Edge 4 begin training
Edge 5 begin training
Edge 9 begin training
Edge 3 begin training
Edge 1 begin training
readyList:
[0, 8, 6, 2, 7, 4, 9, 5, 3, 1]
aggregation_buffer:
[0, 8, 6, 2, 7, 4, 9, 5, 3, 1]
end Update
server_global_time: 4.823375761508942
only_train_time: 89.899085752666

-------------Global Round number: 2-------------

Evaluate heterogeneous models
Averaged Test Accuracy (Regular Model): 0.9056
Averaged Test Accuracy (Prototype Model): 0.8246
Std Test Accuracy (Regular Model): 0.0950
Std Test Accuracy (Prototype Model): 0.1391
tobetrained:
[0, 8, 6, 2, 7, 4, 9, 5, 3, 1]
Edge 0 begin training
Edge 8 begin training
Edge 6 begin training
Edge 2 begin training
Edge 7 begin training
Edge 4 begin training
Edge 9 begin training
Edge 5 begin training
Edge 3 begin training
Edge 1 begin training
readyList:
[6, 0, 8, 2, 7, 4, 9, 5, 3, 1]
aggregation_buffer:
[6, 0, 8, 2, 7, 4, 9, 5, 3, 1]
end Update
server_global_time: 6.506728030741215
only_train_time: 122.76069627702236

-------------Global Round number: 3-------------

Evaluate heterogeneous models
Averaged Test Accuracy (Regular Model): 0.9269
Averaged Test Accuracy (Prototype Model): 0.8537
Std Test Accuracy (Regular Model): 0.0626
Std Test Accuracy (Prototype Model): 0.1239
tobetrained:
[6, 0, 8, 2, 7, 4, 9, 5, 3, 1]
Edge 6 begin training
Edge 0 begin training
Edge 8 begin training
Edge 2 begin training
Edge 7 begin training
Edge 4 begin training
Edge 9 begin training
Edge 5 begin training
Edge 3 begin training
Edge 1 begin training
readyList:
[6, 0, 8, 7, 2, 4, 9, 5, 3, 1]
aggregation_buffer:
[6, 0, 8, 7, 2, 4, 9, 5, 3, 1]
end Update
server_global_time: 8.17222260683775
only_train_time: 155.80083738267422

-------------Global Round number: 4-------------

Evaluate heterogeneous models
Averaged Test Accuracy (Regular Model): 0.9392
Averaged Test Accuracy (Prototype Model): 0.8782
Std Test Accuracy (Regular Model): 0.0497
Std Test Accuracy (Prototype Model): 0.0964
tobetrained:
[6, 0, 8, 7, 2, 4, 9, 5, 3, 1]
Edge 6 begin training
Edge 0 begin training
Edge 8 begin training
Edge 7 begin training
Edge 2 begin training
Edge 4 begin training
Edge 9 begin training
Edge 5 begin training
Edge 3 begin training
Edge 1 begin training
readyList:
[0, 6, 8, 2, 7, 4, 5, 9, 3, 1]
aggregation_buffer:
[0, 6, 8, 2, 7, 4, 5, 9, 3, 1]
end Update
server_global_time: 9.9242522418499
only_train_time: 188.85646552592516

-------------Global Round number: 5-------------

Evaluate heterogeneous models
Averaged Test Accuracy (Regular Model): 0.9480
Averaged Test Accuracy (Prototype Model): 0.8988
Std Test Accuracy (Regular Model): 0.0359
Std Test Accuracy (Prototype Model): 0.0713
tobetrained:
[0, 6, 8, 2, 7, 4, 5, 9, 3, 1]
Edge 0 begin training
Edge 6 begin training
Edge 8 begin training
Edge 2 begin training
Edge 7 begin training
Edge 4 begin training
Edge 5 begin training
Edge 9 begin training
Edge 3 begin training
Edge 1 begin training
readyList:
[0, 8, 6, 2, 7, 4, 9, 5, 3, 1]
aggregation_buffer:
[0, 8, 6, 2, 7, 4, 9, 5, 3, 1]
end Update
server_global_time: 11.699495032429695
only_train_time: 222.46218169480562

-------------Global Round number: 6-------------

Evaluate heterogeneous models
Averaged Test Accuracy (Regular Model): 0.9551
Averaged Test Accuracy (Prototype Model): 0.9093
Std Test Accuracy (Regular Model): 0.0263
Std Test Accuracy (Prototype Model): 0.0606
tobetrained:
[0, 8, 6, 2, 7, 4, 9, 5, 3, 1]
Edge 0 begin training
Edge 8 begin training
Edge 6 begin training
Edge 2 begin training
Edge 7 begin training
Edge 4 begin training
Edge 9 begin training
Edge 5 begin training
Edge 3 begin training
Edge 1 begin training
readyList:
[0, 6, 8, 7, 2, 9, 4, 5, 3, 1]
aggregation_buffer:
[0, 6, 8, 7, 2, 9, 4, 5, 3, 1]
end Update
server_global_time: 13.44622603803873
only_train_time: 255.90864042937756

-------------Global Round number: 7-------------

Evaluate heterogeneous models
Averaged Test Accuracy (Regular Model): 0.9575
Averaged Test Accuracy (Prototype Model): 0.9161
Std Test Accuracy (Regular Model): 0.0273
Std Test Accuracy (Prototype Model): 0.0607
tobetrained:
[0, 6, 8, 7, 2, 9, 4, 5, 3, 1]
Edge 0 begin training
Edge 6 begin training
Edge 8 begin training
Edge 7 begin training
Edge 2 begin training
Edge 9 begin training
Edge 4 begin training
Edge 5 begin training
Edge 3 begin training
Edge 1 begin training
readyList:
[0, 6, 8, 7, 2, 9, 4, 5, 3, 1]
aggregation_buffer:
[0, 6, 8, 7, 2, 9, 4, 5, 3, 1]
end Update
server_global_time: 15.201896287500858
only_train_time: 289.51698999106884

-------------Global Round number: 8-------------

Evaluate heterogeneous models
Averaged Test Accuracy (Regular Model): 0.9608
Averaged Test Accuracy (Prototype Model): 0.9232
Std Test Accuracy (Regular Model): 0.0223
Std Test Accuracy (Prototype Model): 0.0546
tobetrained:
[0, 6, 8, 7, 2, 9, 4, 5, 3, 1]
Edge 0 begin training
Edge 6 begin training
Edge 8 begin training
Edge 7 begin training
Edge 2 begin training
Edge 9 begin training
Edge 4 begin training
Edge 5 begin training
Edge 3 begin training
Edge 1 begin training
readyList:
[0, 6, 8, 2, 7, 4, 9, 5, 3, 1]
aggregation_buffer:
[0, 6, 8, 2, 7, 4, 9, 5, 3, 1]
end Update
server_global_time: 16.880921497941017
only_train_time: 322.77153166383505

-------------Global Round number: 9-------------

Evaluate heterogeneous models
Averaged Test Accuracy (Regular Model): 0.9641
Averaged Test Accuracy (Prototype Model): 0.9283
Std Test Accuracy (Regular Model): 0.0188
Std Test Accuracy (Prototype Model): 0.0503
tobetrained:
[0, 6, 8, 2, 7, 4, 9, 5, 3, 1]
Edge 0 begin training
Edge 6 begin training
Edge 8 begin training
Edge 2 begin training
Edge 7 begin training
Edge 4 begin training
Edge 9 begin training
Edge 5 begin training
Edge 3 begin training
Edge 1 begin training
readyList:
[0, 6, 2, 8, 7, 4, 9, 5, 3, 1]
aggregation_buffer:
[0, 6, 2, 8, 7, 4, 9, 5, 3, 1]
Number of samples: 316
end Update
server_global_time: 18.59401725232601
only_train_time: 356.1077432706952

-------------Global Round number: 10-------------

Evaluate heterogeneous models
Averaged Test Accuracy (Regular Model): 0.9657
Averaged Test Accuracy (Prototype Model): 0.9333
Std Test Accuracy (Regular Model): 0.0179
Std Test Accuracy (Prototype Model): 0.0452
tobetrained:
[0, 6, 2, 8, 7, 4, 9, 5, 3, 1]
Edge 0 begin training
Edge 6 begin training
Edge 2 begin training
Edge 8 begin training
Edge 7 begin training
Edge 4 begin training
Edge 9 begin training
Edge 5 begin training
Edge 3 begin training
Edge 1 begin training
readyList:
[0, 8, 6, 2, 7, 4, 9, 5, 3, 1]
aggregation_buffer:
[0, 8, 6, 2, 7, 4, 9, 5, 3, 1]
end Update
server_global_time: 20.296343684196472
only_train_time: 389.5730352178216

-------------Global Round number: 11-------------

Evaluate heterogeneous models
Averaged Test Accuracy (Regular Model): 0.9669
Averaged Test Accuracy (Prototype Model): 0.9379
Std Test Accuracy (Regular Model): 0.0170
Std Test Accuracy (Prototype Model): 0.0414
tobetrained:
[0, 8, 6, 2, 7, 4, 9, 5, 3, 1]
Edge 0 begin training
Edge 8 begin training
Edge 6 begin training
Edge 2 begin training
Edge 7 begin training
Edge 4 begin training
Edge 9 begin training
Edge 5 begin training
Edge 3 begin training
Edge 1 begin training
readyList:
[0, 6, 8, 2, 7, 4, 9, 3, 5, 1]
aggregation_buffer:
[0, 6, 8, 2, 7, 4, 9, 3, 5, 1]
end Update
server_global_time: 21.97636643052101
only_train_time: 422.70904914289713

-------------Global Round number: 12-------------

Evaluate heterogeneous models
Averaged Test Accuracy (Regular Model): 0.9685
Averaged Test Accuracy (Prototype Model): 0.9416
Std Test Accuracy (Regular Model): 0.0167
Std Test Accuracy (Prototype Model): 0.0380
tobetrained:
[0, 6, 8, 2, 7, 4, 9, 3, 5, 1]
Edge 0 begin training
Edge 6 begin training
Edge 8 begin training
Edge 2 begin training
Edge 7 begin training
Edge 4 begin training
Edge 9 begin training
Edge 3 begin training
Edge 5 begin training
Edge 1 begin training
readyList:
[0, 8, 6, 7, 2, 4, 9, 3, 5, 1]
aggregation_buffer:
[0, 8, 6, 7, 2, 4, 9, 3, 5, 1]
end Update
server_global_time: 26.572254106402397
only_train_time: 473.82930425554514

-------------Global Round number: 13-------------

Evaluate heterogeneous models
Averaged Test Accuracy (Regular Model): 0.9693
Averaged Test Accuracy (Prototype Model): 0.9439
Std Test Accuracy (Regular Model): 0.0173
Std Test Accuracy (Prototype Model): 0.0366
tobetrained:
[0, 8, 6, 7, 2, 4, 9, 3, 5, 1]
Edge 0 begin training
Edge 8 begin training
Edge 6 begin training
Edge 7 begin training
Edge 2 begin training
Edge 4 begin training
Edge 9 begin training
Edge 3 begin training
Edge 5 begin training
Edge 1 begin training
readyList:
[6, 0, 8, 2, 7, 4, 9, 5, 3, 1]
aggregation_buffer:
[6, 0, 8, 2, 7, 4, 9, 5, 3, 1]
end Update
server_global_time: 31.507083624601364
only_train_time: 560.8997026756406

-------------Global Round number: 14-------------

Evaluate heterogeneous models
Averaged Test Accuracy (Regular Model): 0.9705
Averaged Test Accuracy (Prototype Model): 0.9462
Std Test Accuracy (Regular Model): 0.0169
Std Test Accuracy (Prototype Model): 0.0346
tobetrained:
[6, 0, 8, 2, 7, 4, 9, 5, 3, 1]
Edge 6 begin training
Edge 0 begin training
Edge 8 begin training
Edge 2 begin training
Edge 7 begin training
Edge 4 begin training
Edge 9 begin training
Edge 5 begin training
Edge 3 begin training
Edge 1 begin training
readyList:
[8, 2, 0, 6, 7, 4, 5, 9, 3, 1]
aggregation_buffer:
[8, 2, 0, 6, 7, 4, 5, 9, 3, 1]
end Update
server_global_time: 36.451559484004974
only_train_time: 647.4750567004085

-------------Global Round number: 15-------------

Evaluate heterogeneous models
Averaged Test Accuracy (Regular Model): 0.9712
Averaged Test Accuracy (Prototype Model): 0.9480
Std Test Accuracy (Regular Model): 0.0169
Std Test Accuracy (Prototype Model): 0.0332
tobetrained:
[8, 2, 0, 6, 7, 4, 5, 9, 3, 1]
Edge 8 begin training
Edge 2 begin training
Edge 0 begin training
Edge 6 begin training
Edge 7 begin training
Edge 4 begin training
Edge 5 begin training
Edge 9 begin training
Edge 3 begin training
Edge 1 begin training
readyList:
[0, 8, 2, 6, 7, 4, 9, 5, 3, 1]
aggregation_buffer:
[0, 8, 2, 6, 7, 4, 9, 5, 3, 1]
end Update
server_global_time: 41.56258999556303
only_train_time: 735.2189997956157

-------------Global Round number: 16-------------

Evaluate heterogeneous models
Averaged Test Accuracy (Regular Model): 0.9718
Averaged Test Accuracy (Prototype Model): 0.9503
Std Test Accuracy (Regular Model): 0.0163
Std Test Accuracy (Prototype Model): 0.0307
tobetrained:
[0, 8, 2, 6, 7, 4, 9, 5, 3, 1]
Edge 0 begin training
Edge 8 begin training
Edge 2 begin training
Edge 6 begin training
Edge 7 begin training
Edge 4 begin training
Edge 9 begin training
Edge 5 begin training
Edge 3 begin training
Edge 1 begin training
readyList:
[8, 0, 6, 2, 7, 4, 9, 5, 3, 1]
aggregation_buffer:
[8, 0, 6, 2, 7, 4, 9, 5, 3, 1]
end Update
server_global_time: 46.36104056239128
only_train_time: 821.2455833554268

-------------Global Round number: 17-------------

Evaluate heterogeneous models
Averaged Test Accuracy (Regular Model): 0.9726
Averaged Test Accuracy (Prototype Model): 0.9520
Std Test Accuracy (Regular Model): 0.0159
Std Test Accuracy (Prototype Model): 0.0285
tobetrained:
[8, 0, 6, 2, 7, 4, 9, 5, 3, 1]
Edge 8 begin training
Edge 0 begin training
Edge 6 begin training
Edge 2 begin training
Edge 7 begin training
Edge 4 begin training
Edge 9 begin training
Edge 5 begin training
Edge 3 begin training
Edge 1 begin training
readyList:
[0, 2, 6, 8, 7, 4, 9, 3, 5, 1]
aggregation_buffer:
[0, 2, 6, 8, 7, 4, 9, 3, 5, 1]
end Update
server_global_time: 51.031118892133236
only_train_time: 905.9746864363551

-------------Global Round number: 18-------------

Evaluate heterogeneous models
Averaged Test Accuracy (Regular Model): 0.9728
Averaged Test Accuracy (Prototype Model): 0.9533
Std Test Accuracy (Regular Model): 0.0158
Std Test Accuracy (Prototype Model): 0.0271
tobetrained:
[0, 2, 6, 8, 7, 4, 9, 3, 5, 1]
Edge 0 begin training
Edge 2 begin training
Edge 6 begin training
Edge 8 begin training
Edge 7 begin training
Edge 4 begin training
Edge 9 begin training
Edge 3 begin training
Edge 5 begin training
Edge 1 begin training
readyList:
[0, 8, 6, 2, 7, 4, 9, 5, 3, 1]
aggregation_buffer:
[0, 8, 6, 2, 7, 4, 9, 5, 3, 1]
end Update
server_global_time: 55.82149827480316
only_train_time: 990.0273154377937

-------------Global Round number: 19-------------

Evaluate heterogeneous models
Averaged Test Accuracy (Regular Model): 0.9734
Averaged Test Accuracy (Prototype Model): 0.9547
Std Test Accuracy (Regular Model): 0.0155
Std Test Accuracy (Prototype Model): 0.0263
tobetrained:
[0, 8, 6, 2, 7, 4, 9, 5, 3, 1]
Edge 0 begin training
Edge 8 begin training
Edge 6 begin training
Edge 2 begin training
Edge 7 begin training
Edge 4 begin training
Edge 9 begin training
Edge 5 begin training
Edge 3 begin training
Edge 1 begin training
readyList:
[8, 6, 7, 0, 2, 4, 9, 5, 3, 1]
aggregation_buffer:
[8, 6, 7, 0, 2, 4, 9, 5, 3, 1]
Number of samples: 316
end Update
server_global_time: 60.42661116272211
only_train_time: 1075.9600330367684

-------------Global Round number: 20-------------

Evaluate heterogeneous models
Averaged Test Accuracy (Regular Model): 0.9738
Averaged Test Accuracy (Prototype Model): 0.9556
Std Test Accuracy (Regular Model): 0.0151
Std Test Accuracy (Prototype Model): 0.0255
tobetrained:
[8, 6, 7, 0, 2, 4, 9, 5, 3, 1]
Edge 8 begin training
Edge 6 begin training
Edge 7 begin training
Edge 0 begin training
Edge 2 begin training
Edge 4 begin training
Edge 9 begin training
Edge 5 begin training
Edge 3 begin training
Edge 1 begin training
readyList:
[0, 6, 7, 2, 8, 4, 5, 9, 3, 1]
aggregation_buffer:
[0, 6, 7, 2, 8, 4, 5, 9, 3, 1]
end Update
server_global_time: 65.07437235116959
only_train_time: 1161.8495822176337

-------------Global Round number: 21-------------

Evaluate heterogeneous models
Averaged Test Accuracy (Regular Model): 0.9742
Averaged Test Accuracy (Prototype Model): 0.9566
Std Test Accuracy (Regular Model): 0.0149
Std Test Accuracy (Prototype Model): 0.0250
tobetrained:
[0, 6, 7, 2, 8, 4, 5, 9, 3, 1]
Edge 0 begin training
Edge 6 begin training
Edge 7 begin training
Edge 2 begin training
Edge 8 begin training
Edge 4 begin training
Edge 5 begin training
Edge 9 begin training
Edge 3 begin training
Edge 1 begin training
readyList:
[2, 6, 8, 0, 7, 4, 5, 9, 3, 1]
aggregation_buffer:
[2, 6, 8, 0, 7, 4, 5, 9, 3, 1]
end Update
server_global_time: 69.30265121906996
only_train_time: 1247.5721198171377

-------------Global Round number: 22-------------

Evaluate heterogeneous models
Averaged Test Accuracy (Regular Model): 0.9747
Averaged Test Accuracy (Prototype Model): 0.9576
Std Test Accuracy (Regular Model): 0.0147
Std Test Accuracy (Prototype Model): 0.0240
tobetrained:
[2, 6, 8, 0, 7, 4, 5, 9, 3, 1]
Edge 2 begin training
Edge 6 begin training
Edge 8 begin training
Edge 0 begin training
Edge 7 begin training
Edge 4 begin training
Edge 5 begin training
Edge 9 begin training
Edge 3 begin training
Edge 1 begin training
readyList:
[8, 0, 7, 2, 6, 4, 9, 3, 5, 1]
aggregation_buffer:
[8, 0, 7, 2, 6, 4, 9, 3, 5, 1]
end Update
server_global_time: 73.78347858786583
only_train_time: 1335.005233347416

-------------Global Round number: 23-------------

Evaluate heterogeneous models
Averaged Test Accuracy (Regular Model): 0.9750
Averaged Test Accuracy (Prototype Model): 0.9585
Std Test Accuracy (Regular Model): 0.0144
Std Test Accuracy (Prototype Model): 0.0232
tobetrained:
[8, 0, 7, 2, 6, 4, 9, 3, 5, 1]
Edge 8 begin training
Edge 0 begin training
Edge 7 begin training
Edge 2 begin training
Edge 6 begin training
Edge 4 begin training
Edge 9 begin training
Edge 3 begin training
Edge 5 begin training
Edge 1 begin training
readyList:
[0, 8, 6, 2, 7, 4, 9, 5, 3, 1]
aggregation_buffer:
[0, 8, 6, 2, 7, 4, 9, 5, 3, 1]
end Update
server_global_time: 78.67724543809891
only_train_time: 1418.0622258484364

-------------Global Round number: 24-------------

Evaluate heterogeneous models
Averaged Test Accuracy (Regular Model): 0.9754
Averaged Test Accuracy (Prototype Model): 0.9597
Std Test Accuracy (Regular Model): 0.0140
Std Test Accuracy (Prototype Model): 0.0220
tobetrained:
[0, 8, 6, 2, 7, 4, 9, 5, 3, 1]
Edge 0 begin training
Edge 8 begin training
Edge 6 begin training
Edge 2 begin training
Edge 7 begin training
Edge 4 begin training
Edge 9 begin training
Edge 5 begin training
Edge 3 begin training
Edge 1 begin training
readyList:
[0, 8, 2, 6, 7, 9, 4, 5, 3, 1]
aggregation_buffer:
[0, 8, 2, 6, 7, 9, 4, 5, 3, 1]
end Update
server_global_time: 83.4720928966999
only_train_time: 1505.8103701993823

-------------Global Round number: 25-------------

Evaluate heterogeneous models
Averaged Test Accuracy (Regular Model): 0.9756
Averaged Test Accuracy (Prototype Model): 0.9607
Std Test Accuracy (Regular Model): 0.0140
Std Test Accuracy (Prototype Model): 0.0212
tobetrained:
[0, 8, 2, 6, 7, 9, 4, 5, 3, 1]
Edge 0 begin training
Edge 8 begin training
Edge 2 begin training
Edge 6 begin training
Edge 7 begin training
Edge 9 begin training
Edge 4 begin training
Edge 5 begin training
Edge 3 begin training
Edge 1 begin training
readyList:
[8, 0, 2, 6, 7, 4, 5, 9, 3, 1]
aggregation_buffer:
[8, 0, 2, 6, 7, 4, 5, 9, 3, 1]
end Update
server_global_time: 87.75475616753101
only_train_time: 1592.1438483521342

-------------Global Round number: 26-------------

Evaluate heterogeneous models
Averaged Test Accuracy (Regular Model): 0.9757
Averaged Test Accuracy (Prototype Model): 0.9615
Std Test Accuracy (Regular Model): 0.0143
Std Test Accuracy (Prototype Model): 0.0208
tobetrained:
[8, 0, 2, 6, 7, 4, 5, 9, 3, 1]
Edge 8 begin training
Edge 0 begin training
Edge 2 begin training
Edge 6 begin training
Edge 7 begin training
Edge 4 begin training
Edge 5 begin training
Edge 9 begin training
Edge 3 begin training
Edge 1 begin training
readyList:
[0, 8, 2, 7, 6, 4, 3, 5, 9, 1]
aggregation_buffer:
[0, 8, 2, 7, 6, 4, 3, 5, 9, 1]
end Update
server_global_time: 92.42298635095358
only_train_time: 1678.6681777462363

-------------Global Round number: 27-------------

Evaluate heterogeneous models
Averaged Test Accuracy (Regular Model): 0.9757
Averaged Test Accuracy (Prototype Model): 0.9618
Std Test Accuracy (Regular Model): 0.0142
Std Test Accuracy (Prototype Model): 0.0203
tobetrained:
[0, 8, 2, 7, 6, 4, 3, 5, 9, 1]
Edge 0 begin training
Edge 8 begin training
Edge 2 begin training
Edge 7 begin training
Edge 6 begin training
Edge 4 begin training
Edge 3 begin training
Edge 5 begin training
Edge 9 begin training
Edge 1 begin training
readyList:
[6, 7, 8, 0, 2, 4, 5, 9, 3, 1]
aggregation_buffer:
[6, 7, 8, 0, 2, 4, 5, 9, 3, 1]
end Update
server_global_time: 96.99558994919062
only_train_time: 1763.1407374814153

-------------Global Round number: 28-------------

Evaluate heterogeneous models
Averaged Test Accuracy (Regular Model): 0.9760
Averaged Test Accuracy (Prototype Model): 0.9623
Std Test Accuracy (Regular Model): 0.0137
Std Test Accuracy (Prototype Model): 0.0199
tobetrained:
[6, 7, 8, 0, 2, 4, 5, 9, 3, 1]
Edge 6 begin training
Edge 7 begin training
Edge 8 begin training
Edge 0 begin training
Edge 2 begin training
Edge 4 begin training
Edge 5 begin training
Edge 9 begin training
Edge 3 begin training
Edge 1 begin training
readyList:
[8, 0, 6, 7, 2, 4, 5, 9, 3, 1]
aggregation_buffer:
[8, 0, 6, 7, 2, 4, 5, 9, 3, 1]
end Update
server_global_time: 101.66514853388071
only_train_time: 1847.713565133512

-------------Global Round number: 29-------------

Evaluate heterogeneous models
Averaged Test Accuracy (Regular Model): 0.9762
Averaged Test Accuracy (Prototype Model): 0.9629
Std Test Accuracy (Regular Model): 0.0136
Std Test Accuracy (Prototype Model): 0.0196
tobetrained:
[8, 0, 6, 7, 2, 4, 5, 9, 3, 1]
Edge 8 begin training
Edge 0 begin training
Edge 6 begin training
Edge 7 begin training
Edge 2 begin training
Edge 4 begin training
Edge 5 begin training
Edge 9 begin training
Edge 3 begin training
Edge 1 begin training
readyList:
[6, 0, 8, 2, 7, 4, 9, 5, 3, 1]
aggregation_buffer:
[6, 0, 8, 2, 7, 4, 9, 5, 3, 1]
Number of samples: 316
end Update
server_global_time: 106.32714408636093
only_train_time: 1936.6815792247653

-------------Global Round number: 30-------------

Evaluate heterogeneous models
Averaged Test Accuracy (Regular Model): 0.9760
Averaged Test Accuracy (Prototype Model): 0.9636
Std Test Accuracy (Regular Model): 0.0140
Std Test Accuracy (Prototype Model): 0.0190
tobetrained:
[6, 0, 8, 2, 7, 4, 9, 5, 3, 1]
Edge 6 begin training
Edge 0 begin training
Edge 8 begin training
Edge 2 begin training
Edge 7 begin training
Edge 4 begin training
Edge 9 begin training
Edge 5 begin training
Edge 3 begin training
Edge 1 begin training
readyList:
[0, 6, 7, 8, 2, 4, 9, 5, 3, 1]
aggregation_buffer:
[0, 6, 7, 8, 2, 4, 9, 5, 3, 1]
end Update
server_global_time: 111.12947259098291
only_train_time: 2026.4819640815258

-------------Global Round number: 31-------------

Evaluate heterogeneous models
Averaged Test Accuracy (Regular Model): 0.9761
Averaged Test Accuracy (Prototype Model): 0.9640
Std Test Accuracy (Regular Model): 0.0137
Std Test Accuracy (Prototype Model): 0.0192
tobetrained:
[0, 6, 7, 8, 2, 4, 9, 5, 3, 1]
Edge 0 begin training
Edge 6 begin training
Edge 7 begin training
Edge 8 begin training
Edge 2 begin training
Edge 4 begin training
Edge 9 begin training
Edge 5 begin training
Edge 3 begin training
Edge 1 begin training
readyList:
[8, 6, 0, 2, 7, 5, 4, 9, 3, 1]
aggregation_buffer:
[8, 6, 0, 2, 7, 5, 4, 9, 3, 1]
end Update
server_global_time: 116.20462514460087
only_train_time: 2115.0354812964797

-------------Global Round number: 32-------------

Evaluate heterogeneous models
Averaged Test Accuracy (Regular Model): 0.9762
Averaged Test Accuracy (Prototype Model): 0.9647
Std Test Accuracy (Regular Model): 0.0137
Std Test Accuracy (Prototype Model): 0.0189
tobetrained:
[8, 6, 0, 2, 7, 5, 4, 9, 3, 1]
Edge 8 begin training
Edge 6 begin training
Edge 0 begin training
Edge 2 begin training
Edge 7 begin training
Edge 5 begin training
Edge 4 begin training
Edge 9 begin training
Edge 3 begin training
Edge 1 begin training
readyList:
[8, 0, 6, 2, 7, 9, 4, 5, 3, 1]
aggregation_buffer:
[8, 0, 6, 2, 7, 9, 4, 5, 3, 1]
end Update
server_global_time: 121.18598335236311
only_train_time: 2203.928609356284

-------------Global Round number: 33-------------

Evaluate heterogeneous models
Averaged Test Accuracy (Regular Model): 0.9764
Averaged Test Accuracy (Prototype Model): 0.9651
Std Test Accuracy (Regular Model): 0.0135
Std Test Accuracy (Prototype Model): 0.0190
tobetrained:
[8, 0, 6, 2, 7, 9, 4, 5, 3, 1]
Edge 8 begin training
Edge 0 begin training
Edge 6 begin training
Edge 2 begin training
Edge 7 begin training
Edge 9 begin training
Edge 4 begin training
Edge 5 begin training
Edge 3 begin training
Edge 1 begin training
readyList:
[6, 2, 0, 8, 7, 5, 4, 3, 9, 1]
aggregation_buffer:
[6, 2, 0, 8, 7, 5, 4, 3, 9, 1]
end Update
server_global_time: 126.12280701845884
only_train_time: 2289.781403981149

-------------Global Round number: 34-------------

Evaluate heterogeneous models
Averaged Test Accuracy (Regular Model): 0.9764
Averaged Test Accuracy (Prototype Model): 0.9652
Std Test Accuracy (Regular Model): 0.0135
Std Test Accuracy (Prototype Model): 0.0193
tobetrained:
[6, 2, 0, 8, 7, 5, 4, 3, 9, 1]
Edge 6 begin training
Edge 2 begin training
Edge 0 begin training
Edge 8 begin training
Edge 7 begin training
Edge 5 begin training
Edge 4 begin training
Edge 3 begin training
Edge 9 begin training
Edge 1 begin training
readyList:
[8, 6, 0, 2, 7, 9, 4, 5, 3, 1]
aggregation_buffer:
[8, 6, 0, 2, 7, 9, 4, 5, 3, 1]
end Update
server_global_time: 130.9553838521242
only_train_time: 2378.4303534701467

-------------Global Round number: 35-------------

Evaluate heterogeneous models
Averaged Test Accuracy (Regular Model): 0.9765
Averaged Test Accuracy (Prototype Model): 0.9656
Std Test Accuracy (Regular Model): 0.0134
Std Test Accuracy (Prototype Model): 0.0190
tobetrained:
[8, 6, 0, 2, 7, 9, 4, 5, 3, 1]
Edge 8 begin training
Edge 6 begin training
Edge 0 begin training
Edge 2 begin training
Edge 7 begin training
Edge 9 begin training
Edge 4 begin training
Edge 5 begin training
Edge 3 begin training
Edge 1 begin training
readyList:
[0, 6, 2, 8, 7, 4, 5, 9, 3, 1]
aggregation_buffer:
[0, 6, 2, 8, 7, 4, 5, 9, 3, 1]
end Update
server_global_time: 135.7392467111349
only_train_time: 2467.658016771078

-------------Global Round number: 36-------------

Evaluate heterogeneous models
Averaged Test Accuracy (Regular Model): 0.9766
Averaged Test Accuracy (Prototype Model): 0.9660
Std Test Accuracy (Regular Model): 0.0134
Std Test Accuracy (Prototype Model): 0.0192
tobetrained:
[0, 6, 2, 8, 7, 4, 5, 9, 3, 1]
Edge 0 begin training
Edge 6 begin training
Edge 2 begin training
Edge 8 begin training
Edge 7 begin training
Edge 4 begin training
Edge 5 begin training
Edge 9 begin training
Edge 3 begin training
Edge 1 begin training
readyList:
[8, 0, 6, 7, 2, 4, 5, 9, 3, 1]
aggregation_buffer:
[8, 0, 6, 7, 2, 4, 5, 9, 3, 1]
end Update
server_global_time: 140.7127297371626
only_train_time: 2554.907594256103

-------------Global Round number: 37-------------

Evaluate heterogeneous models
Averaged Test Accuracy (Regular Model): 0.9768
Averaged Test Accuracy (Prototype Model): 0.9663
Std Test Accuracy (Regular Model): 0.0132
Std Test Accuracy (Prototype Model): 0.0190
tobetrained:
[8, 0, 6, 7, 2, 4, 5, 9, 3, 1]
Edge 8 begin training
Edge 0 begin training
Edge 6 begin training
Edge 7 begin training
Edge 2 begin training
Edge 4 begin training
Edge 5 begin training
Edge 9 begin training
Edge 3 begin training
Edge 1 begin training
readyList:
[6, 0, 2, 8, 7, 4, 9, 3, 5, 1]
aggregation_buffer:
[6, 0, 2, 8, 7, 4, 9, 3, 5, 1]
end Update
server_global_time: 145.70186880975962
only_train_time: 2643.4573849216104

-------------Global Round number: 38-------------

Evaluate heterogeneous models
Averaged Test Accuracy (Regular Model): 0.9768
Averaged Test Accuracy (Prototype Model): 0.9665
Std Test Accuracy (Regular Model): 0.0132
Std Test Accuracy (Prototype Model): 0.0188
tobetrained:
[6, 0, 2, 8, 7, 4, 9, 3, 5, 1]
Edge 6 begin training
Edge 0 begin training
Edge 2 begin training
Edge 8 begin training
Edge 7 begin training
Edge 4 begin training
Edge 9 begin training
Edge 3 begin training
Edge 5 begin training
Edge 1 begin training
readyList:
[8, 0, 2, 6, 7, 4, 9, 5, 3, 1]
aggregation_buffer:
[8, 0, 2, 6, 7, 4, 9, 5, 3, 1]
end Update
server_global_time: 150.41126257926226
only_train_time: 2728.5357498675585

-------------Global Round number: 39-------------

Evaluate heterogeneous models
Averaged Test Accuracy (Regular Model): 0.9769
Averaged Test Accuracy (Prototype Model): 0.9670
Std Test Accuracy (Regular Model): 0.0129
Std Test Accuracy (Prototype Model): 0.0187
tobetrained:
[8, 0, 2, 6, 7, 4, 9, 5, 3, 1]
Edge 8 begin training
Edge 0 begin training
Edge 2 begin training
Edge 6 begin training
Edge 7 begin training
Edge 4 begin training
Edge 9 begin training
Edge 5 begin training
Edge 3 begin training
Edge 1 begin training
readyList:
[6, 7, 8, 0, 2, 4, 9, 5, 3, 1]
aggregation_buffer:
[6, 7, 8, 0, 2, 4, 9, 5, 3, 1]
Number of samples: 316
end Update
server_global_time: 154.47333385050297
only_train_time: 2815.8799236938357

-------------Global Round number: 40-------------

Evaluate heterogeneous models
Averaged Test Accuracy (Regular Model): 0.9769
Averaged Test Accuracy (Prototype Model): 0.9671
Std Test Accuracy (Regular Model): 0.0129
Std Test Accuracy (Prototype Model): 0.0188
tobetrained:
[6, 7, 8, 0, 2, 4, 9, 5, 3, 1]
Edge 6 begin training
Edge 7 begin training
Edge 8 begin training
Edge 0 begin training
Edge 2 begin training
Edge 4 begin training
Edge 9 begin training
Edge 5 begin training
Edge 3 begin training
Edge 1 begin training
readyList:
[0, 6, 2, 8, 7, 5, 4, 9, 3, 1]
aggregation_buffer:
[0, 6, 2, 8, 7, 5, 4, 9, 3, 1]
end Update
server_global_time: 159.51254872977734
only_train_time: 2901.9332504197955

-------------Global Round number: 41-------------

Evaluate heterogeneous models
Averaged Test Accuracy (Regular Model): 0.9769
Averaged Test Accuracy (Prototype Model): 0.9675
Std Test Accuracy (Regular Model): 0.0130
Std Test Accuracy (Prototype Model): 0.0187
tobetrained:
[0, 6, 2, 8, 7, 5, 4, 9, 3, 1]
Edge 0 begin training
Edge 6 begin training
Edge 2 begin training
Edge 8 begin training
Edge 7 begin training
Edge 5 begin training
Edge 4 begin training
Edge 9 begin training
Edge 3 begin training
Edge 1 begin training
readyList:
[6, 8, 0, 2, 7, 4, 9, 5, 3, 1]
aggregation_buffer:
[6, 8, 0, 2, 7, 4, 9, 5, 3, 1]
end Update
server_global_time: 163.93022738397121
only_train_time: 2983.7706578075886

-------------Global Round number: 42-------------

Evaluate heterogeneous models
Averaged Test Accuracy (Regular Model): 0.9770
Averaged Test Accuracy (Prototype Model): 0.9679
Std Test Accuracy (Regular Model): 0.0126
Std Test Accuracy (Prototype Model): 0.0188
tobetrained:
[6, 8, 0, 2, 7, 4, 9, 5, 3, 1]
Edge 6 begin training
Edge 8 begin training
Edge 0 begin training
Edge 2 begin training
Edge 7 begin training
Edge 4 begin training
Edge 9 begin training
Edge 5 begin training
Edge 3 begin training
Edge 1 begin training
readyList:
[0, 6, 2, 8, 7, 4, 9, 3, 5, 1]
aggregation_buffer:
[0, 6, 2, 8, 7, 4, 9, 3, 5, 1]
end Update
server_global_time: 168.9080204963684
only_train_time: 3071.0368776619434

-------------Global Round number: 43-------------

Evaluate heterogeneous models
Averaged Test Accuracy (Regular Model): 0.9771
Averaged Test Accuracy (Prototype Model): 0.9683
Std Test Accuracy (Regular Model): 0.0126
Std Test Accuracy (Prototype Model): 0.0185
tobetrained:
[0, 6, 2, 8, 7, 4, 9, 3, 5, 1]
Edge 0 begin training
Edge 6 begin training
Edge 2 begin training
Edge 8 begin training
Edge 7 begin training
Edge 4 begin training
Edge 9 begin training
Edge 3 begin training
Edge 5 begin training
Edge 1 begin training
readyList:
[6, 8, 0, 7, 2, 4, 5, 9, 3, 1]
aggregation_buffer:
[6, 8, 0, 7, 2, 4, 5, 9, 3, 1]
end Update
server_global_time: 174.63242015242577
only_train_time: 3159.214718811214

-------------Global Round number: 44-------------

Evaluate heterogeneous models
Averaged Test Accuracy (Regular Model): 0.9771
Averaged Test Accuracy (Prototype Model): 0.9685
Std Test Accuracy (Regular Model): 0.0125
Std Test Accuracy (Prototype Model): 0.0184
tobetrained:
[6, 8, 0, 7, 2, 4, 5, 9, 3, 1]
Edge 6 begin training
Edge 8 begin training
Edge 0 begin training
Edge 7 begin training
Edge 2 begin training
Edge 4 begin training
Edge 5 begin training
Edge 9 begin training
Edge 3 begin training
Edge 1 begin training
readyList:
[0, 6, 8, 2, 7, 4, 3, 5, 9, 1]
aggregation_buffer:
[0, 6, 8, 2, 7, 4, 3, 5, 9, 1]
end Update
server_global_time: 179.61470946669579
only_train_time: 3247.5686236023903

-------------Global Round number: 45-------------

Evaluate heterogeneous models
Averaged Test Accuracy (Regular Model): 0.9771
Averaged Test Accuracy (Prototype Model): 0.9687
Std Test Accuracy (Regular Model): 0.0125
Std Test Accuracy (Prototype Model): 0.0180
tobetrained:
[0, 6, 8, 2, 7, 4, 3, 5, 9, 1]
Edge 0 begin training
Edge 6 begin training
Edge 8 begin training
Edge 2 begin training
Edge 7 begin training
Edge 4 begin training
Edge 3 begin training
Edge 5 begin training
Edge 9 begin training
Edge 1 begin training
readyList:
[6, 2, 8, 0, 7, 4, 9, 5, 3, 1]
aggregation_buffer:
[6, 2, 8, 0, 7, 4, 9, 5, 3, 1]
end Update
server_global_time: 183.96681372076273
only_train_time: 3336.020812392235

-------------Global Round number: 46-------------

Evaluate heterogeneous models
Averaged Test Accuracy (Regular Model): 0.9771
Averaged Test Accuracy (Prototype Model): 0.9691
Std Test Accuracy (Regular Model): 0.0125
Std Test Accuracy (Prototype Model): 0.0177
tobetrained:
[6, 2, 8, 0, 7, 4, 9, 5, 3, 1]
Edge 6 begin training
Edge 2 begin training
Edge 8 begin training
Edge 0 begin training
Edge 7 begin training
Edge 4 begin training
Edge 9 begin training
Edge 5 begin training
Edge 3 begin training
Edge 1 begin training
readyList:
[0, 2, 8, 6, 7, 4, 9, 3, 5, 1]
aggregation_buffer:
[0, 2, 8, 6, 7, 4, 9, 3, 5, 1]
end Update
server_global_time: 188.435621291399
only_train_time: 3420.7767452821136

-------------Global Round number: 47-------------

Evaluate heterogeneous models
Averaged Test Accuracy (Regular Model): 0.9771
Averaged Test Accuracy (Prototype Model): 0.9692
Std Test Accuracy (Regular Model): 0.0125
Std Test Accuracy (Prototype Model): 0.0175
tobetrained:
[0, 2, 8, 6, 7, 4, 9, 3, 5, 1]
Edge 0 begin training
Edge 2 begin training
Edge 8 begin training
Edge 6 begin training
Edge 7 begin training
Edge 4 begin training
Edge 9 begin training
Edge 3 begin training
Edge 5 begin training
Edge 1 begin training
readyList:
[8, 6, 0, 7, 2, 4, 9, 5, 3, 1]
aggregation_buffer:
[8, 6, 0, 7, 2, 4, 9, 5, 3, 1]
end Update
server_global_time: 192.99260767549276
only_train_time: 3507.7014235258102

-------------Global Round number: 48-------------

Evaluate heterogeneous models
Averaged Test Accuracy (Regular Model): 0.9771
Averaged Test Accuracy (Prototype Model): 0.9695
Std Test Accuracy (Regular Model): 0.0125
Std Test Accuracy (Prototype Model): 0.0173
tobetrained:
[8, 6, 0, 7, 2, 4, 9, 5, 3, 1]
Edge 8 begin training
Edge 6 begin training
Edge 0 begin training
Edge 7 begin training
Edge 2 begin training
Edge 4 begin training
Edge 9 begin training
Edge 5 begin training
Edge 3 begin training
Edge 1 begin training
readyList:
[2, 0, 7, 6, 8, 4, 9, 5, 3, 1]
aggregation_buffer:
[2, 0, 7, 6, 8, 4, 9, 5, 3, 1]
end Update
server_global_time: 197.70256029814482
only_train_time: 3594.315055258572

-------------Global Round number: 49-------------

Evaluate heterogeneous models
Averaged Test Accuracy (Regular Model): 0.9772
Averaged Test Accuracy (Prototype Model): 0.9697
Std Test Accuracy (Regular Model): 0.0125
Std Test Accuracy (Prototype Model): 0.0173
tobetrained:
[2, 0, 7, 6, 8, 4, 9, 5, 3, 1]
Edge 2 begin training
Edge 0 begin training
Edge 7 begin training
Edge 6 begin training
Edge 8 begin training
Edge 4 begin training
Edge 9 begin training
Edge 5 begin training
Edge 3 begin training
Edge 1 begin training
readyList:
[8, 0, 6, 7, 2, 4, 5, 3, 9, 1]
aggregation_buffer:
[8, 0, 6, 7, 2, 4, 5, 3, 9, 1]
Number of samples: 316
end Update
server_global_time: 202.28973407298326
only_train_time: 3680.037437684834

-------------Global Round number: 50-------------

Evaluate heterogeneous models
Averaged Test Accuracy (Regular Model): 0.9773
Averaged Test Accuracy (Prototype Model): 0.9699
Std Test Accuracy (Regular Model): 0.0124
Std Test Accuracy (Prototype Model): 0.0172
tobetrained:
[8, 0, 6, 7, 2, 4, 5, 3, 9, 1]
Edge 8 begin training
Edge 0 begin training
Edge 6 begin training
Edge 7 begin training
Edge 2 begin training
Edge 4 begin training
Edge 5 begin training
Edge 3 begin training
Edge 9 begin training
Edge 1 begin training
readyList:
[0, 8, 6, 2, 7, 4, 9, 5, 3, 1]
aggregation_buffer:
[0, 8, 6, 2, 7, 4, 9, 5, 3, 1]
end Update
server_global_time: 207.23944263905287
only_train_time: 3766.47492326051

-------------Global Round number: 51-------------

Evaluate heterogeneous models
Averaged Test Accuracy (Regular Model): 0.9774
Averaged Test Accuracy (Prototype Model): 0.9702
Std Test Accuracy (Regular Model): 0.0123
Std Test Accuracy (Prototype Model): 0.0166
tobetrained:
[0, 8, 6, 2, 7, 4, 9, 5, 3, 1]
Edge 0 begin training
Edge 8 begin training
Edge 6 begin training
Edge 2 begin training
Edge 7 begin training
Edge 4 begin training
Edge 9 begin training
Edge 5 begin training
Edge 3 begin training
Edge 1 begin training
readyList:
[0, 6, 8, 2, 7, 4, 5, 9, 3, 1]
aggregation_buffer:
[0, 6, 8, 2, 7, 4, 5, 9, 3, 1]
end Update
server_global_time: 211.85307289659977
only_train_time: 3851.565579622984

-------------Global Round number: 52-------------

Evaluate heterogeneous models
Averaged Test Accuracy (Regular Model): 0.9773
Averaged Test Accuracy (Prototype Model): 0.9704
Std Test Accuracy (Regular Model): 0.0124
Std Test Accuracy (Prototype Model): 0.0166
tobetrained:
[0, 6, 8, 2, 7, 4, 5, 9, 3, 1]
Edge 0 begin training
Edge 6 begin training
Edge 8 begin training
Edge 2 begin training
Edge 7 begin training
Edge 4 begin training
Edge 5 begin training
Edge 9 begin training
Edge 3 begin training
Edge 1 begin training
readyList:
[8, 0, 2, 6, 7, 4, 5, 9, 3, 1]
aggregation_buffer:
[8, 0, 2, 6, 7, 4, 5, 9, 3, 1]
end Update
server_global_time: 216.6898957490921
only_train_time: 3938.8377267345786

-------------Global Round number: 53-------------

Evaluate heterogeneous models
Averaged Test Accuracy (Regular Model): 0.9773
Averaged Test Accuracy (Prototype Model): 0.9705
Std Test Accuracy (Regular Model): 0.0124
Std Test Accuracy (Prototype Model): 0.0166
tobetrained:
[8, 0, 2, 6, 7, 4, 5, 9, 3, 1]
Edge 8 begin training
Edge 0 begin training
Edge 2 begin training
Edge 6 begin training
Edge 7 begin training
Edge 4 begin training
Edge 5 begin training
Edge 9 begin training
Edge 3 begin training
Edge 1 begin training
readyList:
[0, 6, 8, 2, 7, 9, 4, 3, 5, 1]
aggregation_buffer:
[0, 6, 8, 2, 7, 9, 4, 3, 5, 1]
end Update
server_global_time: 221.55614162236452
only_train_time: 4025.1047191545367

-------------Global Round number: 54-------------

Evaluate heterogeneous models
Averaged Test Accuracy (Regular Model): 0.9773
Averaged Test Accuracy (Prototype Model): 0.9706
Std Test Accuracy (Regular Model): 0.0125
Std Test Accuracy (Prototype Model): 0.0165
tobetrained:
[0, 6, 8, 2, 7, 9, 4, 3, 5, 1]
Edge 0 begin training
Edge 6 begin training
Edge 8 begin training
Edge 2 begin training
Edge 7 begin training
Edge 9 begin training
Edge 4 begin training
Edge 3 begin training
Edge 5 begin training
Edge 1 begin training
readyList:
[6, 0, 2, 8, 7, 4, 5, 9, 3, 1]
aggregation_buffer:
[6, 0, 2, 8, 7, 4, 5, 9, 3, 1]
end Update
server_global_time: 226.42182440310717
only_train_time: 4111.060105577111

-------------Global Round number: 55-------------

Evaluate heterogeneous models
Averaged Test Accuracy (Regular Model): 0.9773
Averaged Test Accuracy (Prototype Model): 0.9707
Std Test Accuracy (Regular Model): 0.0124
Std Test Accuracy (Prototype Model): 0.0163
tobetrained:
[6, 0, 2, 8, 7, 4, 5, 9, 3, 1]
Edge 6 begin training
Edge 0 begin training
Edge 2 begin training
Edge 8 begin training
Edge 7 begin training
Edge 4 begin training
Edge 5 begin training
Edge 9 begin training
Edge 3 begin training
Edge 1 begin training
readyList:
[0, 8, 2, 6, 7, 4, 9, 5, 3, 1]
aggregation_buffer:
[0, 8, 2, 6, 7, 4, 9, 5, 3, 1]
end Update
server_global_time: 230.9180810675025
only_train_time: 4198.124566949904

-------------Global Round number: 56-------------

Evaluate heterogeneous models
Averaged Test Accuracy (Regular Model): 0.9774
Averaged Test Accuracy (Prototype Model): 0.9707
Std Test Accuracy (Regular Model): 0.0124
Std Test Accuracy (Prototype Model): 0.0163
tobetrained:
[0, 8, 2, 6, 7, 4, 9, 5, 3, 1]
Edge 0 begin training
Edge 8 begin training
Edge 2 begin training
Edge 6 begin training
Edge 7 begin training
Edge 4 begin training
Edge 9 begin training
Edge 5 begin training
Edge 3 begin training
Edge 1 begin training
readyList:
[0, 2, 6, 8, 7, 4, 9, 5, 3, 1]
aggregation_buffer:
[0, 2, 6, 8, 7, 4, 9, 5, 3, 1]
end Update
server_global_time: 235.78393929451704
only_train_time: 4284.6647740751505

-------------Global Round number: 57-------------

Evaluate heterogeneous models
Averaged Test Accuracy (Regular Model): 0.9776
Averaged Test Accuracy (Prototype Model): 0.9709
Std Test Accuracy (Regular Model): 0.0125
Std Test Accuracy (Prototype Model): 0.0161
tobetrained:
[0, 2, 6, 8, 7, 4, 9, 5, 3, 1]
Edge 0 begin training
Edge 2 begin training
Edge 6 begin training
Edge 8 begin training
Edge 7 begin training
Edge 4 begin training
Edge 9 begin training
Edge 5 begin training
Edge 3 begin training
Edge 1 begin training
readyList:
[0, 6, 8, 2, 7, 4, 9, 5, 3, 1]
aggregation_buffer:
[0, 6, 8, 2, 7, 4, 9, 5, 3, 1]
end Update
server_global_time: 240.59974063187838
only_train_time: 4370.7098049372435

-------------Global Round number: 58-------------

Evaluate heterogeneous models
Averaged Test Accuracy (Regular Model): 0.9776
Averaged Test Accuracy (Prototype Model): 0.9710
Std Test Accuracy (Regular Model): 0.0125
Std Test Accuracy (Prototype Model): 0.0162
tobetrained:
[0, 6, 8, 2, 7, 4, 9, 5, 3, 1]
Edge 0 begin training
Edge 6 begin training
Edge 8 begin training
Edge 2 begin training
Edge 7 begin training
Edge 4 begin training
Edge 9 begin training
Edge 5 begin training
Edge 3 begin training
Edge 1 begin training
readyList:
[0, 8, 2, 6, 7, 4, 9, 5, 3, 1]
aggregation_buffer:
[0, 8, 2, 6, 7, 4, 9, 5, 3, 1]
end Update
server_global_time: 245.484232544899
only_train_time: 4457.223913803697

-------------Global Round number: 59-------------

Evaluate heterogeneous models
Averaged Test Accuracy (Regular Model): 0.9777
Averaged Test Accuracy (Prototype Model): 0.9712
Std Test Accuracy (Regular Model): 0.0125
Std Test Accuracy (Prototype Model): 0.0163
tobetrained:
[0, 8, 2, 6, 7, 4, 9, 5, 3, 1]
Edge 0 begin training
Edge 8 begin training
Edge 2 begin training
Edge 6 begin training
Edge 7 begin training
Edge 4 begin training
Edge 9 begin training
Edge 5 begin training
Edge 3 begin training
Edge 1 begin training
readyList:
[6, 0, 7, 8, 2, 4, 5, 9, 3, 1]
aggregation_buffer:
[6, 0, 7, 8, 2, 4, 5, 9, 3, 1]
Number of samples: 316
end Update
server_global_time: 250.13833282142878
only_train_time: 4543.799745745957

-------------Global Round number: 60-------------

Evaluate heterogeneous models
Averaged Test Accuracy (Regular Model): 0.9777
Averaged Test Accuracy (Prototype Model): 0.9714
Std Test Accuracy (Regular Model): 0.0125
Std Test Accuracy (Prototype Model): 0.0162
tobetrained:
[6, 0, 7, 8, 2, 4, 5, 9, 3, 1]
Edge 6 begin training
Edge 0 begin training
Edge 7 begin training
Edge 8 begin training
Edge 2 begin training
Edge 4 begin training
Edge 5 begin training
Edge 9 begin training
Edge 3 begin training
Edge 1 begin training
readyList:
[0, 2, 7, 6, 8, 4, 9, 5, 3, 1]
aggregation_buffer:
[0, 2, 7, 6, 8, 4, 9, 5, 3, 1]
end Update
server_global_time: 254.66668269783258
only_train_time: 4629.767703272402

-------------Global Round number: 61-------------

Evaluate heterogeneous models
Averaged Test Accuracy (Regular Model): 0.9777
Averaged Test Accuracy (Prototype Model): 0.9714
Std Test Accuracy (Regular Model): 0.0125
Std Test Accuracy (Prototype Model): 0.0162
tobetrained:
[0, 2, 7, 6, 8, 4, 9, 5, 3, 1]
Edge 0 begin training
Edge 2 begin training
Edge 7 begin training
Edge 6 begin training
Edge 8 begin training
Edge 4 begin training
Edge 9 begin training
Edge 5 begin training
Edge 3 begin training
Edge 1 begin training
readyList:
[8, 7, 6, 0, 2, 4, 9, 5, 3, 1]
aggregation_buffer:
[8, 7, 6, 0, 2, 4, 9, 5, 3, 1]
end Update
server_global_time: 258.967845864594
only_train_time: 4713.836958758533

-------------Global Round number: 62-------------

Evaluate heterogeneous models
Averaged Test Accuracy (Regular Model): 0.9778
Averaged Test Accuracy (Prototype Model): 0.9717
Std Test Accuracy (Regular Model): 0.0123
Std Test Accuracy (Prototype Model): 0.0161
tobetrained:
[8, 7, 6, 0, 2, 4, 9, 5, 3, 1]
Edge 8 begin training
Edge 7 begin training
Edge 6 begin training
Edge 0 begin training
Edge 2 begin training
Edge 4 begin training
Edge 9 begin training
Edge 5 begin training
Edge 3 begin training
Edge 1 begin training
readyList:
[2, 0, 8, 6, 7, 4, 9, 5, 3, 1]
aggregation_buffer:
[2, 0, 8, 6, 7, 4, 9, 5, 3, 1]
end Update
server_global_time: 263.2249085009098
only_train_time: 4800.179945699871

-------------Global Round number: 63-------------

Evaluate heterogeneous models
Averaged Test Accuracy (Regular Model): 0.9779
Averaged Test Accuracy (Prototype Model): 0.9719
Std Test Accuracy (Regular Model): 0.0123
Std Test Accuracy (Prototype Model): 0.0158
tobetrained:
[2, 0, 8, 6, 7, 4, 9, 5, 3, 1]
Edge 2 begin training
Edge 0 begin training
Edge 8 begin training
Edge 6 begin training
Edge 7 begin training
Edge 4 begin training
Edge 9 begin training
Edge 5 begin training
Edge 3 begin training
Edge 1 begin training
readyList:
[2, 0, 8, 6, 7, 4, 9, 5, 3, 1]
aggregation_buffer:
[2, 0, 8, 6, 7, 4, 9, 5, 3, 1]
end Update
server_global_time: 267.8868318349123
only_train_time: 4886.264303058386

-------------Global Round number: 64-------------

Evaluate heterogeneous models
Averaged Test Accuracy (Regular Model): 0.9778
Averaged Test Accuracy (Prototype Model): 0.9721
Std Test Accuracy (Regular Model): 0.0123
Std Test Accuracy (Prototype Model): 0.0157
tobetrained:
[2, 0, 8, 6, 7, 4, 9, 5, 3, 1]
Edge 2 begin training
Edge 0 begin training
Edge 8 begin training
Edge 6 begin training
Edge 7 begin training
Edge 4 begin training
Edge 9 begin training
Edge 5 begin training
Edge 3 begin training
Edge 1 begin training
readyList:
[6, 0, 2, 8, 7, 9, 4, 5, 3, 1]
aggregation_buffer:
[6, 0, 2, 8, 7, 9, 4, 5, 3, 1]
end Update
server_global_time: 272.62198217213154
only_train_time: 4973.60599681735

-------------Global Round number: 65-------------

Evaluate heterogeneous models
Averaged Test Accuracy (Regular Model): 0.9779
Averaged Test Accuracy (Prototype Model): 0.9722
Std Test Accuracy (Regular Model): 0.0124
Std Test Accuracy (Prototype Model): 0.0158
tobetrained:
[6, 0, 2, 8, 7, 9, 4, 5, 3, 1]
Edge 6 begin training
Edge 0 begin training
Edge 2 begin training
Edge 8 begin training
Edge 7 begin training
Edge 9 begin training
Edge 4 begin training
Edge 5 begin training
Edge 3 begin training
Edge 1 begin training
readyList:
[0, 2, 6, 8, 7, 9, 4, 5, 3, 1]
aggregation_buffer:
[0, 2, 6, 8, 7, 9, 4, 5, 3, 1]
end Update
server_global_time: 277.0779989734292
only_train_time: 5057.680159918964

-------------Global Round number: 66-------------

Evaluate heterogeneous models
Averaged Test Accuracy (Regular Model): 0.9779
Averaged Test Accuracy (Prototype Model): 0.9723
Std Test Accuracy (Regular Model): 0.0125
Std Test Accuracy (Prototype Model): 0.0155
tobetrained:
[0, 2, 6, 8, 7, 9, 4, 5, 3, 1]
Edge 0 begin training
Edge 2 begin training
Edge 6 begin training
Edge 8 begin training
Edge 7 begin training
Edge 9 begin training
Edge 4 begin training
Edge 5 begin training
Edge 3 begin training
Edge 1 begin training
readyList:
[0, 6, 8, 2, 7, 4, 3, 9, 5, 1]
aggregation_buffer:
[0, 6, 8, 2, 7, 4, 3, 9, 5, 1]
end Update
server_global_time: 281.1889951452613
only_train_time: 5143.44212667644

-------------Global Round number: 67-------------

Evaluate heterogeneous models
Averaged Test Accuracy (Regular Model): 0.9779
Averaged Test Accuracy (Prototype Model): 0.9724
Std Test Accuracy (Regular Model): 0.0125
Std Test Accuracy (Prototype Model): 0.0154
tobetrained:
[0, 6, 8, 2, 7, 4, 3, 9, 5, 1]
Edge 0 begin training
Edge 6 begin training
Edge 8 begin training
Edge 2 begin training
Edge 7 begin training
Edge 4 begin training
Edge 3 begin training
Edge 9 begin training
Edge 5 begin training
Edge 1 begin training
readyList:
[0, 6, 8, 2, 7, 5, 4, 9, 3, 1]
aggregation_buffer:
[0, 6, 8, 2, 7, 5, 4, 9, 3, 1]
end Update
server_global_time: 285.530443623662
only_train_time: 5231.0078427270055

-------------Global Round number: 68-------------

Evaluate heterogeneous models
Averaged Test Accuracy (Regular Model): 0.9779
Averaged Test Accuracy (Prototype Model): 0.9726
Std Test Accuracy (Regular Model): 0.0125
Std Test Accuracy (Prototype Model): 0.0149
tobetrained:
[0, 6, 8, 2, 7, 5, 4, 9, 3, 1]
Edge 0 begin training
Edge 6 begin training
Edge 8 begin training
Edge 2 begin training
Edge 7 begin training
Edge 5 begin training
Edge 4 begin training
Edge 9 begin training
Edge 3 begin training
Edge 1 begin training
readyList:
[6, 0, 8, 2, 7, 4, 9, 5, 3, 1]
aggregation_buffer:
[6, 0, 8, 2, 7, 4, 9, 5, 3, 1]
end Update
server_global_time: 290.43928061425686
only_train_time: 5317.463639907539

-------------Global Round number: 69-------------

Evaluate heterogeneous models
Averaged Test Accuracy (Regular Model): 0.9779
Averaged Test Accuracy (Prototype Model): 0.9727
Std Test Accuracy (Regular Model): 0.0125
Std Test Accuracy (Prototype Model): 0.0146
tobetrained:
[6, 0, 8, 2, 7, 4, 9, 5, 3, 1]
Edge 6 begin training
Edge 0 begin training
Edge 8 begin training
Edge 2 begin training
Edge 7 begin training
Edge 4 begin training
Edge 9 begin training
Edge 5 begin training
Edge 3 begin training
Edge 1 begin training
readyList:
[0, 8, 2, 7, 6, 4, 5, 9, 3, 1]
aggregation_buffer:
[0, 8, 2, 7, 6, 4, 5, 9, 3, 1]
Number of samples: 316
end Update
server_global_time: 295.1884697750211
only_train_time: 5404.126246593893

-------------Global Round number: 70-------------

Evaluate heterogeneous models
