DVFS is on, train on CPU and no plots

==================================================
goal = test
device = cpu
device_id = 0
dataset = FashionMNIST_dir_0.3_imbalance_40
DVFS = 1
num_classes = 10
model_family = HCNNs8
batch_size = 256
local_learning_rate = 0.06
use_decay_scheduler = False
learning_rate_decay = False
learning_rate_decay_gamma = 0.99
global_rounds = 100
edge_epochs = 1
local_epochs = 3
algorithm = FedProto
join_ratio = 1.0
edge_join_ratio = 1.0
random_join_ratio = False
num_clients = 40
num_edges = 10
prev = 0
times = 1
eval_gap = 1
save_folder_name = temp
auto_break = False
feature_dim = 512
vocab_size = 98635
max_len = 200
client_drop_rate = 0.0
train_slow_rate = 0.0
send_slow_rate = 0.0
time_select = False
time_threthold = 10000
optimizer = SGD
lamda = 1.0
weight_decay = 0
trans_delay_simulate = False
momentum = 0.8
agg_type = 0
buffersize = 10
gl_use_clients = 1
test_useglclassifier = 1
gamma = 1
drawtsne = 0
drawround = 20
noise_dim = 512
generator_learning_rate = 0.0001
hidden_dim = 512
server_epochs = 100
alpha = 1.0
beta = 1.0
mentee_learning_rate = 0.005
T_start = 0.95
T_end = 0.98
server_learning_rate = 0.01
margin_threthold = 100.0
generator_path = stylegan/stylegan-xl-models/imagenet64.pkl
stable_diffusion_prompt = a cat
server_batch_size = 100
gen_batch_size = 4
mu = 50.0
buffer_size = 10
==================================================
Random seed set as 42

============= Running time: 0th =============
Creating server and clients ...
CNN(num_cov=1, hidden_dims=[], in_features=1, num_classes=args.num_classes)
CNN(num_cov=2, hidden_dims=[], in_features=1, num_classes=args.num_classes)
CNN(num_cov=1, hidden_dims=[512], in_features=1, num_classes=args.num_classes)
CNN(num_cov=2, hidden_dims=[512], in_features=1, num_classes=args.num_classes)
CNN(num_cov=1, hidden_dims=[1024], in_features=1, num_classes=args.num_classes)
CNN(num_cov=2, hidden_dims=[1024], in_features=1, num_classes=args.num_classes)
CNN(num_cov=1, hidden_dims=[1024, 512], in_features=1, num_classes=args.num_classes)
CNN(num_cov=2, hidden_dims=[1024, 512], in_features=1, num_classes=args.num_classes)
CNN(num_cov=1, hidden_dims=[], in_features=1, num_classes=args.num_classes) model chosen!
id 0
label_counts: defaultdict(<class 'int'>, {0: 287, 1: 338, 5: 106, 9: 545, 3: 26, 2: 98, 6: 3, 4: 1})
CNN(num_cov=2, hidden_dims=[], in_features=1, num_classes=args.num_classes) model chosen!
id 1
label_counts: defaultdict(<class 'int'>, {7: 199, 4: 630, 1: 507, 5: 47, 0: 18, 2: 18, 3: 3, 6: 2})
CNN(num_cov=1, hidden_dims=[512], in_features=1, num_classes=args.num_classes) model chosen!
id 2
label_counts: defaultdict(<class 'int'>, {9: 99, 0: 190, 7: 312, 5: 157, 6: 67, 4: 11, 3: 30, 8: 6, 2: 3})
CNN(num_cov=2, hidden_dims=[512], in_features=1, num_classes=args.num_classes) model chosen!
id 3
label_counts: defaultdict(<class 'int'>, {8: 190, 3: 171, 2: 395, 0: 3, 4: 51, 6: 100, 9: 19, 5: 4})
CNN(num_cov=1, hidden_dims=[1024], in_features=1, num_classes=args.num_classes) model chosen!
id 4
label_counts: defaultdict(<class 'int'>, {1: 428, 0: 327, 5: 553, 2: 202, 4: 5})
CNN(num_cov=2, hidden_dims=[1024], in_features=1, num_classes=args.num_classes) model chosen!
id 5
label_counts: defaultdict(<class 'int'>, {4: 421, 6: 633, 1: 100, 3: 41, 2: 58, 8: 45, 5: 13, 7: 11, 0: 1})
CNN(num_cov=1, hidden_dims=[1024, 512], in_features=1, num_classes=args.num_classes) model chosen!
id 6
label_counts: defaultdict(<class 'int'>, {4: 260, 8: 384, 9: 425, 3: 24, 6: 31, 2: 6, 1: 12, 7: 1})
CNN(num_cov=2, hidden_dims=[1024, 512], in_features=1, num_classes=args.num_classes) model chosen!
id 7
label_counts: defaultdict(<class 'int'>, {9: 477, 0: 36, 6: 335, 8: 645, 5: 13, 1: 11, 4: 53, 3: 38, 7: 16, 2: 7})
CNN(num_cov=1, hidden_dims=[], in_features=1, num_classes=args.num_classes) model chosen!
id 8
label_counts: defaultdict(<class 'int'>, {9: 102, 4: 502, 2: 81, 0: 124, 5: 17, 6: 63, 8: 26, 3: 9, 1: 3})
CNN(num_cov=2, hidden_dims=[], in_features=1, num_classes=args.num_classes) model chosen!
id 9
label_counts: defaultdict(<class 'int'>, {3: 943, 1: 139, 2: 177, 0: 75})
CNN(num_cov=1, hidden_dims=[512], in_features=1, num_classes=args.num_classes) model chosen!
id 10
label_counts: defaultdict(<class 'int'>, {4: 883, 8: 445, 2: 57, 3: 12, 5: 19, 0: 32, 7: 1, 1: 1, 6: 1})
CNN(num_cov=2, hidden_dims=[512], in_features=1, num_classes=args.num_classes) model chosen!
id 11
label_counts: defaultdict(<class 'int'>, {6: 147, 1: 58, 8: 220, 4: 230, 5: 54, 3: 44, 7: 8, 9: 88, 2: 13})
CNN(num_cov=1, hidden_dims=[1024], in_features=1, num_classes=args.num_classes) model chosen!
id 12
label_counts: defaultdict(<class 'int'>, {5: 101, 6: 248, 3: 165, 1: 263, 0: 206, 9: 14, 4: 1, 7: 1})
CNN(num_cov=2, hidden_dims=[1024], in_features=1, num_classes=args.num_classes) model chosen!
id 13
label_counts: defaultdict(<class 'int'>, {3: 402, 2: 795, 7: 197, 0: 11, 4: 7, 5: 3, 1: 7})
CNN(num_cov=1, hidden_dims=[1024, 512], in_features=1, num_classes=args.num_classes) model chosen!
id 14
label_counts: defaultdict(<class 'int'>, {3: 131, 0: 312, 5: 65, 1: 57, 9: 218, 2: 44, 4: 21, 8: 3})
CNN(num_cov=2, hidden_dims=[1024, 512], in_features=1, num_classes=args.num_classes) model chosen!
id 15
label_counts: defaultdict(<class 'int'>, {6: 980, 5: 215, 1: 39, 0: 83, 3: 12, 4: 2})
CNN(num_cov=1, hidden_dims=[], in_features=1, num_classes=args.num_classes) model chosen!
id 16
label_counts: defaultdict(<class 'int'>, {8: 280, 1: 860, 3: 83, 4: 58, 5: 68, 0: 140, 6: 18, 7: 1})
CNN(num_cov=2, hidden_dims=[], in_features=1, num_classes=args.num_classes) model chosen!
id 17
label_counts: defaultdict(<class 'int'>, {5: 490, 8: 642, 3: 30, 4: 28, 0: 104, 2: 16, 6: 21, 1: 2, 7: 1})
CNN(num_cov=1, hidden_dims=[512], in_features=1, num_classes=args.num_classes) model chosen!
id 18
label_counts: defaultdict(<class 'int'>, {5: 27, 7: 229, 4: 108, 8: 391, 1: 105, 3: 33, 6: 2, 0: 1, 2: 1})
CNN(num_cov=2, hidden_dims=[512], in_features=1, num_classes=args.num_classes) model chosen!
id 19
label_counts: defaultdict(<class 'int'>, {1: 364, 0: 1204})
CNN(num_cov=1, hidden_dims=[1024], in_features=1, num_classes=args.num_classes) model chosen!
id 20
label_counts: defaultdict(<class 'int'>, {9: 858, 2: 19, 7: 131, 1: 290, 6: 44, 4: 216, 0: 37, 5: 157, 8: 1, 3: 1})
CNN(num_cov=2, hidden_dims=[1024], in_features=1, num_classes=args.num_classes) model chosen!
id 21
label_counts: defaultdict(<class 'int'>, {7: 16, 1: 383, 4: 288, 6: 225, 0: 136, 3: 62, 8: 4, 9: 1, 5: 1})
CNN(num_cov=1, hidden_dims=[1024, 512], in_features=1, num_classes=args.num_classes) model chosen!
id 22
label_counts: defaultdict(<class 'int'>, {7: 387, 5: 243, 1: 102, 6: 68, 2: 9, 0: 12, 8: 15, 4: 1, 3: 1})
CNN(num_cov=2, hidden_dims=[1024, 512], in_features=1, num_classes=args.num_classes) model chosen!
id 23
label_counts: defaultdict(<class 'int'>, {9: 256, 0: 232, 8: 141, 1: 32, 5: 40, 3: 2, 7: 1, 6: 1})
CNN(num_cov=1, hidden_dims=[], in_features=1, num_classes=args.num_classes) model chosen!
id 24
label_counts: defaultdict(<class 'int'>, {4: 309, 3: 447, 5: 120, 9: 235, 0: 62, 8: 15, 1: 2})
CNN(num_cov=2, hidden_dims=[], in_features=1, num_classes=args.num_classes) model chosen!
id 25
label_counts: defaultdict(<class 'int'>, {3: 388, 5: 505, 1: 34, 0: 81, 7: 222, 2: 154, 4: 7})
CNN(num_cov=1, hidden_dims=[512], in_features=1, num_classes=args.num_classes) model chosen!
id 26
label_counts: defaultdict(<class 'int'>, {0: 443, 8: 568, 7: 172, 2: 116, 4: 139, 1: 10, 3: 26, 5: 5})
CNN(num_cov=2, hidden_dims=[512], in_features=1, num_classes=args.num_classes) model chosen!
id 27
label_counts: defaultdict(<class 'int'>, {2: 186, 5: 530, 6: 253, 3: 75, 0: 88, 4: 5, 7: 1})
CNN(num_cov=1, hidden_dims=[1024], in_features=1, num_classes=args.num_classes) model chosen!
id 28
label_counts: defaultdict(<class 'int'>, {0: 22, 1: 63, 9: 281, 3: 24, 7: 176, 2: 50, 8: 93, 4: 1, 5: 14, 6: 2})
CNN(num_cov=2, hidden_dims=[1024], in_features=1, num_classes=args.num_classes) model chosen!
id 29
label_counts: defaultdict(<class 'int'>, {5: 337, 8: 138, 6: 3, 7: 363, 1: 20, 9: 164, 3: 170, 2: 27, 4: 2})
CNN(num_cov=1, hidden_dims=[1024, 512], in_features=1, num_classes=args.num_classes) model chosen!
id 30
label_counts: defaultdict(<class 'int'>, {8: 229, 7: 302, 0: 243, 9: 43, 5: 24, 2: 1, 1: 2, 3: 2})
CNN(num_cov=2, hidden_dims=[1024, 512], in_features=1, num_classes=args.num_classes) model chosen!
id 31
label_counts: defaultdict(<class 'int'>, {2: 510, 1: 223, 4: 583, 0: 98})
CNN(num_cov=1, hidden_dims=[], in_features=1, num_classes=args.num_classes) model chosen!
id 32
label_counts: defaultdict(<class 'int'>, {9: 1142, 7: 49, 2: 276, 6: 75, 5: 146, 3: 51, 1: 20, 0: 31, 8: 12, 4: 1})
CNN(num_cov=2, hidden_dims=[], in_features=1, num_classes=args.num_classes) model chosen!
id 33
label_counts: defaultdict(<class 'int'>, {0: 151, 2: 405, 3: 276, 1: 76, 7: 122, 6: 254, 4: 83})
CNN(num_cov=1, hidden_dims=[512], in_features=1, num_classes=args.num_classes) model chosen!
id 34
label_counts: defaultdict(<class 'int'>, {6: 870, 2: 880, 1: 42, 0: 172, 3: 12, 4: 9})
CNN(num_cov=2, hidden_dims=[512], in_features=1, num_classes=args.num_classes) model chosen!
id 35
label_counts: defaultdict(<class 'int'>, {0: 300, 2: 90, 4: 312, 7: 36, 3: 121, 1: 25, 5: 70, 9: 70, 6: 18, 8: 1})
CNN(num_cov=1, hidden_dims=[1024], in_features=1, num_classes=args.num_classes) model chosen!
id 36
label_counts: defaultdict(<class 'int'>, {8: 221, 3: 364, 6: 412, 2: 127, 7: 124, 9: 158, 1: 41, 0: 3, 4: 5})
CNN(num_cov=2, hidden_dims=[1024], in_features=1, num_classes=args.num_classes) model chosen!
id 37
label_counts: defaultdict(<class 'int'>, {3: 1002, 7: 2178, 6: 142, 5: 11, 2: 20, 0: 1, 4: 3})
CNN(num_cov=1, hidden_dims=[1024, 512], in_features=1, num_classes=args.num_classes) model chosen!
id 38
label_counts: defaultdict(<class 'int'>, {5: 1124, 1: 545, 0: 14, 2: 23, 3: 21, 4: 1})
CNN(num_cov=2, hidden_dims=[1024, 512], in_features=1, num_classes=args.num_classes) model chosen!
id 39
label_counts: defaultdict(<class 'int'>, {8: 501, 2: 387, 6: 233, 1: 41, 5: 12, 7: 2, 0: 13, 3: 2, 4: 1, 9: 3})

Join ratio / total clients: 1.0 / 40
Finished creating server and clients.
tobetrained:
[9, 8, 7, 6, 5, 4, 3, 2, 1, 0]
Edge 9 begin training
Server global_protos Not Found
Server global_protos Not Found
Server global_protos Not Found
Server global_protos Not Found
Edge 8 begin training
Server global_protos Not Found
Server global_protos Not Found
Server global_protos Not Found
Server global_protos Not Found
Edge 7 begin training
Server global_protos Not Found
Server global_protos Not Found
Server global_protos Not Found
Server global_protos Not Found
Edge 6 begin training
Server global_protos Not Found
Server global_protos Not Found
Server global_protos Not Found
Server global_protos Not Found
Edge 5 begin training
Server global_protos Not Found
Server global_protos Not Found
Server global_protos Not Found
Server global_protos Not Found
Edge 4 begin training
Server global_protos Not Found
Server global_protos Not Found
Server global_protos Not Found
Server global_protos Not Found
Edge 3 begin training
Server global_protos Not Found
Server global_protos Not Found
Server global_protos Not Found
Server global_protos Not Found
Edge 2 begin training
Server global_protos Not Found
Server global_protos Not Found
Server global_protos Not Found
Server global_protos Not Found
Edge 1 begin training
Server global_protos Not Found
Server global_protos Not Found
Server global_protos Not Found
Server global_protos Not Found
Edge 0 begin training
Server global_protos Not Found
Server global_protos Not Found
Server global_protos Not Found
Server global_protos Not Found
readyList:
[7, 5, 6, 1, 2, 8, 0, 4, 9, 3]
aggregation_buffer:
[7, 5, 6, 1, 2, 8, 0, 4, 9, 3]
end Update
server_global_time: 64.50152846996207
only_train_time: 894.1599188389373

-------------Global Round number: 0-------------

Evaluate heterogeneous models
Averaged Test Accuracy (Regular Model): 0.7334
Averaged Test Accuracy (Prototype Model): 0.5787
Averaged Train Loss (Regular Model): 0.9747
Averaged Train Loss (Regular + Proto): 0.9747
All Energy: 2208.4768
Std Test Accuracy (Regular Model): 0.1917
Std Test Accuracy (Prototype Model): 0.2272
tobetrained:
[7, 5, 6, 1, 2, 8, 0, 4, 9, 3]
Edge 7 begin training
Edge 5 begin training
Edge 6 begin training
Edge 1 begin training
Edge 2 begin training
Edge 8 begin training
Edge 0 begin training
Edge 4 begin training
Edge 9 begin training
Edge 3 begin training
readyList:
[7, 5, 9, 6, 1, 2, 8, 0, 4, 3]
aggregation_buffer:
[7, 5, 9, 6, 1, 2, 8, 0, 4, 3]
end Update
server_global_time: 130.56224870996084
only_train_time: 1797.2214077269891

-------------Global Round number: 1-------------

Evaluate heterogeneous models
Averaged Test Accuracy (Regular Model): 0.8422
Averaged Test Accuracy (Prototype Model): 0.7321
Averaged Train Loss (Regular Model): 0.5247
Averaged Train Loss (Regular + Proto): 0.5950
All Energy: 4438.7130
Std Test Accuracy (Regular Model): 0.1214
Std Test Accuracy (Prototype Model): 0.1855
tobetrained:
[7, 5, 9, 6, 1, 2, 8, 0, 4, 3]
Edge 7 begin training
Edge 5 begin training
Edge 9 begin training
Edge 6 begin training
Edge 1 begin training
Edge 2 begin training
Edge 8 begin training
Edge 0 begin training
Edge 4 begin training
Edge 3 begin training
readyList:
[7, 5, 9, 1, 6, 2, 8, 0, 4, 3]
aggregation_buffer:
[7, 5, 9, 1, 6, 2, 8, 0, 4, 3]
end Update
server_global_time: 195.04140902298968
only_train_time: 2688.464055924036

-------------Global Round number: 2-------------

Evaluate heterogeneous models
Averaged Test Accuracy (Regular Model): 0.8731
Averaged Test Accuracy (Prototype Model): 0.7894
Averaged Train Loss (Regular Model): 0.4051
Averaged Train Loss (Regular + Proto): 0.4598
All Energy: 6642.3420
Std Test Accuracy (Regular Model): 0.0901
Std Test Accuracy (Prototype Model): 0.1485
tobetrained:
[7, 5, 9, 1, 6, 2, 8, 0, 4, 3]
Edge 7 begin training
Edge 5 begin training
Edge 9 begin training
Edge 1 begin training
Edge 6 begin training
Edge 2 begin training
Edge 8 begin training
Edge 0 begin training
Edge 4 begin training
Edge 3 begin training
readyList:
[7, 5, 6, 9, 1, 2, 8, 0, 4, 3]
aggregation_buffer:
[7, 5, 6, 9, 1, 2, 8, 0, 4, 3]
end Update
server_global_time: 259.5586398189771
only_train_time: 3569.986945790006

-------------Global Round number: 3-------------

Evaluate heterogeneous models
Averaged Test Accuracy (Regular Model): 0.8899
Averaged Test Accuracy (Prototype Model): 0.8280
Averaged Train Loss (Regular Model): 0.3364
Averaged Train Loss (Regular + Proto): 0.3839
All Energy: 8817.0288
Std Test Accuracy (Regular Model): 0.0714
Std Test Accuracy (Prototype Model): 0.1130
tobetrained:
[7, 5, 6, 9, 1, 2, 8, 0, 4, 3]
Edge 7 begin training
Edge 5 begin training
Edge 6 begin training
Edge 9 begin training
Edge 1 begin training
Edge 2 begin training
Edge 8 begin training
Edge 0 begin training
Edge 4 begin training
Edge 3 begin training
readyList:
[7, 5, 1, 9, 6, 2, 8, 0, 4, 3]
aggregation_buffer:
[7, 5, 1, 9, 6, 2, 8, 0, 4, 3]
end Update
server_global_time: 326.12279457895784
only_train_time: 4462.517645460204

-------------Global Round number: 4-------------

Evaluate heterogeneous models
Averaged Test Accuracy (Regular Model): 0.8971
Averaged Test Accuracy (Prototype Model): 0.8429
Averaged Train Loss (Regular Model): 0.2877
Averaged Train Loss (Regular + Proto): 0.3324
All Energy: 10961.0397
Std Test Accuracy (Regular Model): 0.0687
Std Test Accuracy (Prototype Model): 0.1040
tobetrained:
[7, 5, 1, 9, 6, 2, 8, 0, 4, 3]
Edge 7 begin training
Edge 5 begin training
Edge 1 begin training
Edge 9 begin training
Edge 6 begin training
Edge 2 begin training
Edge 8 begin training
Edge 0 begin training
Edge 4 begin training
Edge 3 begin training
readyList:
[7, 5, 9, 1, 6, 8, 2, 0, 4, 3]
aggregation_buffer:
[7, 5, 9, 1, 6, 8, 2, 0, 4, 3]
end Update
server_global_time: 391.97011089493753
only_train_time: 5360.925639457419

-------------Global Round number: 5-------------

Evaluate heterogeneous models
Averaged Test Accuracy (Regular Model): 0.9030
Averaged Test Accuracy (Prototype Model): 0.8530
Averaged Train Loss (Regular Model): 0.2531
Averaged Train Loss (Regular + Proto): 0.2942
All Energy: 13115.2379
Std Test Accuracy (Regular Model): 0.0649
Std Test Accuracy (Prototype Model): 0.1073
tobetrained:
[7, 5, 9, 1, 6, 8, 2, 0, 4, 3]
Edge 7 begin training
Edge 5 begin training
Edge 9 begin training
Edge 1 begin training
Edge 6 begin training
Edge 8 begin training
Edge 2 begin training
Edge 0 begin training
Edge 4 begin training
Edge 3 begin training
readyList:
[7, 5, 6, 9, 1, 2, 8, 0, 3, 4]
aggregation_buffer:
[7, 5, 6, 9, 1, 2, 8, 0, 3, 4]
end Update
server_global_time: 474.26749739795923
only_train_time: 6304.167882362381

-------------Global Round number: 6-------------

Evaluate heterogeneous models
Averaged Test Accuracy (Regular Model): 0.9050
Averaged Test Accuracy (Prototype Model): 0.8607
Averaged Train Loss (Regular Model): 0.2267
Averaged Train Loss (Regular + Proto): 0.2660
All Energy: 15383.7417
Std Test Accuracy (Regular Model): 0.0688
Std Test Accuracy (Prototype Model): 0.1046
tobetrained:
[7, 5, 6, 9, 1, 2, 8, 0, 3, 4]
Edge 7 begin training
Edge 5 begin training
Edge 6 begin training
Edge 9 begin training
Edge 1 begin training
Edge 2 begin training
Edge 8 begin training
Edge 0 begin training
Edge 3 begin training
Edge 4 begin training
readyList:
[7, 5, 9, 1, 2, 6, 8, 0, 4, 3]
aggregation_buffer:
[7, 5, 9, 1, 2, 6, 8, 0, 4, 3]
end Update
server_global_time: 538.6125659319223
only_train_time: 7184.484526383167

-------------Global Round number: 7-------------

Evaluate heterogeneous models
Averaged Test Accuracy (Regular Model): 0.9087
Averaged Test Accuracy (Prototype Model): 0.8707
Averaged Train Loss (Regular Model): 0.2083
Averaged Train Loss (Regular + Proto): 0.2461
All Energy: 17510.6151
Std Test Accuracy (Regular Model): 0.0609
Std Test Accuracy (Prototype Model): 0.0915
tobetrained:
[7, 5, 9, 1, 2, 6, 8, 0, 4, 3]
Edge 7 begin training
Edge 5 begin training
Edge 9 begin training
Edge 1 begin training
Edge 2 begin training
Edge 6 begin training
Edge 8 begin training
Edge 0 begin training
Edge 4 begin training
Edge 3 begin training
readyList:
[7, 5, 9, 1, 6, 2, 8, 0, 4, 3]
aggregation_buffer:
[7, 5, 9, 1, 6, 2, 8, 0, 4, 3]
end Update
server_global_time: 602.4996890008915
only_train_time: 8072.567030439444

-------------Global Round number: 8-------------

Evaluate heterogeneous models
Averaged Test Accuracy (Regular Model): 0.9149
Averaged Test Accuracy (Prototype Model): 0.8755
Averaged Train Loss (Regular Model): 0.1813
Averaged Train Loss (Regular + Proto): 0.2167
All Energy: 19657.0684
Std Test Accuracy (Regular Model): 0.0541
Std Test Accuracy (Prototype Model): 0.0867
tobetrained:
[7, 5, 9, 1, 6, 2, 8, 0, 4, 3]
Edge 7 begin training
Edge 5 begin training
Edge 9 begin training
Edge 1 begin training
Edge 6 begin training
Edge 2 begin training
Edge 8 begin training
Edge 0 begin training
Edge 4 begin training
Edge 3 begin training
readyList:
[7, 5, 6, 1, 9, 2, 8, 0, 4, 3]
aggregation_buffer:
[7, 5, 6, 1, 9, 2, 8, 0, 4, 3]
end Update
server_global_time: 668.5037548769033
only_train_time: 8953.329919183336

-------------Global Round number: 9-------------

Evaluate heterogeneous models
Averaged Test Accuracy (Regular Model): 0.9096
Averaged Test Accuracy (Prototype Model): 0.8716
Averaged Train Loss (Regular Model): 0.1640
Averaged Train Loss (Regular + Proto): 0.1978
All Energy: 21783.0663
Std Test Accuracy (Regular Model): 0.0605
Std Test Accuracy (Prototype Model): 0.0938
tobetrained:
[7, 5, 6, 1, 9, 2, 8, 0, 4, 3]
Edge 7 begin training
Edge 5 begin training
Edge 6 begin training
Edge 1 begin training
Edge 9 begin training
Edge 2 begin training
Edge 8 begin training
Edge 0 begin training
Edge 4 begin training
Edge 3 begin training
readyList:
[7, 5, 9, 6, 2, 1, 8, 0, 4, 3]
aggregation_buffer:
[7, 5, 9, 6, 2, 1, 8, 0, 4, 3]
end Update
server_global_time: 732.7181155759026
only_train_time: 9840.474154272175

-------------Global Round number: 10-------------

Evaluate heterogeneous models
Averaged Test Accuracy (Regular Model): 0.9153
Averaged Test Accuracy (Prototype Model): 0.8801
Averaged Train Loss (Regular Model): 0.1515
Averaged Train Loss (Regular + Proto): 0.1843
All Energy: 23916.4881
Std Test Accuracy (Regular Model): 0.0595
Std Test Accuracy (Prototype Model): 0.0918
tobetrained:
[7, 5, 9, 6, 2, 1, 8, 0, 4, 3]
Edge 7 begin training
Edge 5 begin training
Edge 9 begin training
Edge 6 begin training
Edge 2 begin training
Edge 1 begin training
Edge 8 begin training
Edge 0 begin training
Edge 4 begin training
Edge 3 begin training
readyList:
[7, 5, 9, 1, 6, 2, 8, 0, 4, 3]
aggregation_buffer:
[7, 5, 9, 1, 6, 2, 8, 0, 4, 3]
end Update
server_global_time: 797.9302437318838
only_train_time: 10732.664397439105

-------------Global Round number: 11-------------

Evaluate heterogeneous models
Averaged Test Accuracy (Regular Model): 0.9194
Averaged Test Accuracy (Prototype Model): 0.8861
Averaged Train Loss (Regular Model): 0.1359
Averaged Train Loss (Regular + Proto): 0.1680
All Energy: 26060.0334
Std Test Accuracy (Regular Model): 0.0513
Std Test Accuracy (Prototype Model): 0.0800
tobetrained:
[7, 5, 9, 1, 6, 2, 8, 0, 4, 3]
Edge 7 begin training
Edge 5 begin training
Edge 9 begin training
Edge 1 begin training
Edge 6 begin training
Edge 2 begin training
Edge 8 begin training
Edge 0 begin training
Edge 4 begin training
Edge 3 begin training
readyList:
[7, 5, 6, 1, 9, 2, 8, 0, 4, 3]
aggregation_buffer:
[7, 5, 6, 1, 9, 2, 8, 0, 4, 3]
end Update
server_global_time: 862.7538179608528
only_train_time: 11623.841191702872

-------------Global Round number: 12-------------

Evaluate heterogeneous models
Averaged Test Accuracy (Regular Model): 0.9178
Averaged Test Accuracy (Prototype Model): 0.8847
Averaged Train Loss (Regular Model): 0.1233
Averaged Train Loss (Regular + Proto): 0.1544
All Energy: 28194.8477
Std Test Accuracy (Regular Model): 0.0546
Std Test Accuracy (Prototype Model): 0.0828
tobetrained:
[7, 5, 6, 1, 9, 2, 8, 0, 4, 3]
Edge 7 begin training
Edge 5 begin training
Edge 6 begin training
Edge 1 begin training
Edge 9 begin training
Edge 2 begin training
Edge 8 begin training
Edge 0 begin training
Edge 4 begin training
Edge 3 begin training
readyList:
[7, 5, 6, 1, 9, 2, 8, 0, 4, 3]
aggregation_buffer:
[7, 5, 6, 1, 9, 2, 8, 0, 4, 3]
end Update
server_global_time: 926.8174220598303
only_train_time: 12508.612728530774

-------------Global Round number: 13-------------

Evaluate heterogeneous models
Averaged Test Accuracy (Regular Model): 0.9207
Averaged Test Accuracy (Prototype Model): 0.8935
Averaged Train Loss (Regular Model): 0.1061
Averaged Train Loss (Regular + Proto): 0.1364
All Energy: 30320.0938
Std Test Accuracy (Regular Model): 0.0532
Std Test Accuracy (Prototype Model): 0.0747
tobetrained:
[7, 5, 6, 1, 9, 2, 8, 0, 4, 3]
Edge 7 begin training
Edge 5 begin training
Edge 6 begin training
Edge 1 begin training
Edge 9 begin training
Edge 2 begin training
Edge 8 begin training
Edge 0 begin training
Edge 4 begin training
Edge 3 begin training
readyList:
[7, 5, 6, 1, 9, 2, 8, 0, 4, 3]
aggregation_buffer:
[7, 5, 6, 1, 9, 2, 8, 0, 4, 3]
end Update
server_global_time: 991.0012332648039
only_train_time: 13386.558976450819

-------------Global Round number: 14-------------

Evaluate heterogeneous models
Averaged Test Accuracy (Regular Model): 0.9229
Averaged Test Accuracy (Prototype Model): 0.8966
Averaged Train Loss (Regular Model): 0.0925
Averaged Train Loss (Regular + Proto): 0.1218
All Energy: 32435.9674
Std Test Accuracy (Regular Model): 0.0506
Std Test Accuracy (Prototype Model): 0.0729
tobetrained:
[7, 5, 6, 1, 9, 2, 8, 0, 4, 3]
Edge 7 begin training
Edge 5 begin training
Edge 6 begin training
Edge 1 begin training
Edge 9 begin training
Edge 2 begin training
Edge 8 begin training
Edge 0 begin training
Edge 4 begin training
Edge 3 begin training
readyList:
[7, 5, 6, 9, 1, 2, 8, 0, 4, 3]
aggregation_buffer:
[7, 5, 6, 9, 1, 2, 8, 0, 4, 3]
end Update
server_global_time: 1056.3117462857626
only_train_time: 14275.464596949809

-------------Global Round number: 15-------------

Evaluate heterogeneous models
Averaged Test Accuracy (Regular Model): 0.9219
Averaged Test Accuracy (Prototype Model): 0.8927
Averaged Train Loss (Regular Model): 0.0908
Averaged Train Loss (Regular + Proto): 0.1194
All Energy: 34564.2452
Std Test Accuracy (Regular Model): 0.0502
Std Test Accuracy (Prototype Model): 0.0752
tobetrained:
[7, 5, 6, 9, 1, 2, 8, 0, 4, 3]
Edge 7 begin training
Edge 5 begin training
Edge 6 begin training
Edge 9 begin training
Edge 1 begin training
Edge 2 begin training
Edge 8 begin training
Edge 0 begin training
Edge 4 begin training
Edge 3 begin training
readyList:
[7, 5, 9, 6, 1, 2, 8, 0, 4, 3]
aggregation_buffer:
[7, 5, 9, 6, 1, 2, 8, 0, 4, 3]
end Update
server_global_time: 1121.1159922727966
only_train_time: 15166.853074891784

-------------Global Round number: 16-------------

Evaluate heterogeneous models
Averaged Test Accuracy (Regular Model): 0.9231
Averaged Test Accuracy (Prototype Model): 0.8968
Averaged Train Loss (Regular Model): 0.0816
Averaged Train Loss (Regular + Proto): 0.1097
All Energy: 36695.7330
Std Test Accuracy (Regular Model): 0.0520
Std Test Accuracy (Prototype Model): 0.0707
tobetrained:
[7, 5, 9, 6, 1, 2, 8, 0, 4, 3]
Edge 7 begin training
Edge 5 begin training
Edge 9 begin training
Edge 6 begin training
Edge 1 begin training
Edge 2 begin training
Edge 8 begin training
Edge 0 begin training
Edge 4 begin training
Edge 3 begin training
readyList:
[7, 5, 6, 2, 1, 9, 8, 0, 4, 3]
aggregation_buffer:
[7, 5, 6, 2, 1, 9, 8, 0, 4, 3]
end Update
server_global_time: 1186.1561853527674
only_train_time: 16056.720640130981

-------------Global Round number: 17-------------

Evaluate heterogeneous models
Averaged Test Accuracy (Regular Model): 0.9250
Averaged Test Accuracy (Prototype Model): 0.8983
Averaged Train Loss (Regular Model): 0.0667
Averaged Train Loss (Regular + Proto): 0.0942
All Energy: 38835.1573
Std Test Accuracy (Regular Model): 0.0471
Std Test Accuracy (Prototype Model): 0.0705
tobetrained:
[7, 5, 6, 2, 1, 9, 8, 0, 4, 3]
Edge 7 begin training
Edge 5 begin training
Edge 6 begin training
Edge 2 begin training
Edge 1 begin training
Edge 9 begin training
Edge 8 begin training
Edge 0 begin training
Edge 4 begin training
Edge 3 begin training
readyList:
[7, 5, 1, 9, 6, 2, 8, 0, 4, 3]
aggregation_buffer:
[7, 5, 1, 9, 6, 2, 8, 0, 4, 3]
end Update
server_global_time: 1249.0321166877402
only_train_time: 16930.07479004911

-------------Global Round number: 18-------------

Evaluate heterogeneous models
Averaged Test Accuracy (Regular Model): 0.9262
Averaged Test Accuracy (Prototype Model): 0.8997
Averaged Train Loss (Regular Model): 0.0589
Averaged Train Loss (Regular + Proto): 0.0856
All Energy: 40953.8174
Std Test Accuracy (Regular Model): 0.0493
Std Test Accuracy (Prototype Model): 0.0720
tobetrained:
[7, 5, 1, 9, 6, 2, 8, 0, 4, 3]
Edge 7 begin training
Edge 5 begin training
Edge 1 begin training
Edge 9 begin training
Edge 6 begin training
Edge 2 begin training
Edge 8 begin training
Edge 0 begin training
Edge 4 begin training
Edge 3 begin training
readyList:
[7, 5, 9, 1, 6, 2, 8, 0, 4, 3]
aggregation_buffer:
[7, 5, 9, 1, 6, 2, 8, 0, 4, 3]
end Update
server_global_time: 1314.4200133487466
only_train_time: 17825.538968700217

-------------Global Round number: 19-------------

Evaluate heterogeneous models
Averaged Test Accuracy (Regular Model): 0.9277
Averaged Test Accuracy (Prototype Model): 0.9032
Averaged Train Loss (Regular Model): 0.0525
Averaged Train Loss (Regular + Proto): 0.0784
All Energy: 43112.9030
Std Test Accuracy (Regular Model): 0.0472
Std Test Accuracy (Prototype Model): 0.0675
tobetrained:
[7, 5, 9, 1, 6, 2, 8, 0, 4, 3]
Edge 7 begin training
Edge 5 begin training
Edge 9 begin training
Edge 1 begin training
Edge 6 begin training
Edge 2 begin training
Edge 8 begin training
Edge 0 begin training
Edge 4 begin training
Edge 3 begin training
readyList:
[7, 5, 6, 9, 2, 1, 8, 0, 4, 3]
aggregation_buffer:
[7, 5, 6, 9, 2, 1, 8, 0, 4, 3]
end Update
server_global_time: 1378.5193820397835
only_train_time: 18713.669964026078

-------------Global Round number: 20-------------

Evaluate heterogeneous models
Averaged Test Accuracy (Regular Model): 0.9285
Averaged Test Accuracy (Prototype Model): 0.9044
Averaged Train Loss (Regular Model): 0.0469
Averaged Train Loss (Regular + Proto): 0.0724
All Energy: 45254.9807
Std Test Accuracy (Regular Model): 0.0456
Std Test Accuracy (Prototype Model): 0.0680
tobetrained:
[7, 5, 6, 9, 2, 1, 8, 0, 4, 3]
Edge 7 begin training
Edge 5 begin training
Edge 6 begin training
Edge 9 begin training
Edge 2 begin training
Edge 1 begin training
Edge 8 begin training
Edge 0 begin training
Edge 4 begin training
Edge 3 begin training
readyList:
[7, 5, 6, 9, 1, 2, 8, 0, 4, 3]
aggregation_buffer:
[7, 5, 6, 9, 1, 2, 8, 0, 4, 3]
end Update
server_global_time: 1443.2619852997595
only_train_time: 19601.38312589121

-------------Global Round number: 21-------------

Evaluate heterogeneous models
Averaged Test Accuracy (Regular Model): 0.9264
Averaged Test Accuracy (Prototype Model): 0.9055
Averaged Train Loss (Regular Model): 0.0445
Averaged Train Loss (Regular + Proto): 0.0691
All Energy: 47392.4420
Std Test Accuracy (Regular Model): 0.0485
Std Test Accuracy (Prototype Model): 0.0674
tobetrained:
[7, 5, 6, 9, 1, 2, 8, 0, 4, 3]
Edge 7 begin training
Edge 5 begin training
Edge 6 begin training
Edge 9 begin training
Edge 1 begin training
Edge 2 begin training
Edge 8 begin training
Edge 0 begin training
Edge 4 begin training
Edge 3 begin training
readyList:
[7, 5, 6, 1, 2, 9, 8, 0, 4, 3]
aggregation_buffer:
[7, 5, 6, 1, 2, 9, 8, 0, 4, 3]
end Update
server_global_time: 1507.0530471967068
only_train_time: 20473.83111867198

-------------Global Round number: 22-------------

Evaluate heterogeneous models
Averaged Test Accuracy (Regular Model): 0.9282
Averaged Test Accuracy (Prototype Model): 0.9053
Averaged Train Loss (Regular Model): 0.0368
Averaged Train Loss (Regular + Proto): 0.0611
All Energy: 49501.4167
Std Test Accuracy (Regular Model): 0.0446
Std Test Accuracy (Prototype Model): 0.0663
tobetrained:
[7, 5, 6, 1, 2, 9, 8, 0, 4, 3]
Edge 7 begin training
Edge 5 begin training
Edge 6 begin training
Edge 1 begin training
Edge 2 begin training
Edge 9 begin training
Edge 8 begin training
Edge 0 begin training
Edge 4 begin training
Edge 3 begin training
readyList:
[7, 5, 9, 6, 1, 2, 8, 0, 4, 3]
aggregation_buffer:
[7, 5, 9, 6, 1, 2, 8, 0, 4, 3]
end Update
server_global_time: 1572.8585617547506
only_train_time: 21365.642163807235

-------------Global Round number: 23-------------

Evaluate heterogeneous models
Averaged Test Accuracy (Regular Model): 0.9258
Averaged Test Accuracy (Prototype Model): 0.9066
Averaged Train Loss (Regular Model): 0.0365
Averaged Train Loss (Regular + Proto): 0.0602
All Energy: 51635.6451
Std Test Accuracy (Regular Model): 0.0514
Std Test Accuracy (Prototype Model): 0.0667
tobetrained:
[7, 5, 9, 6, 1, 2, 8, 0, 4, 3]
Edge 7 begin training
Edge 5 begin training
Edge 9 begin training
Edge 6 begin training
Edge 1 begin training
Edge 2 begin training
Edge 8 begin training
Edge 0 begin training
Edge 4 begin training
Edge 3 begin training
readyList:
[7, 5, 9, 2, 6, 1, 8, 0, 4, 3]
aggregation_buffer:
[7, 5, 9, 2, 6, 1, 8, 0, 4, 3]
end Update
server_global_time: 1637.8359738707077
only_train_time: 22267.733736351074

-------------Global Round number: 24-------------

Evaluate heterogeneous models
Averaged Test Accuracy (Regular Model): 0.9293
Averaged Test Accuracy (Prototype Model): 0.9074
Averaged Train Loss (Regular Model): 0.0327
Averaged Train Loss (Regular + Proto): 0.0559
All Energy: 53793.5503
Std Test Accuracy (Regular Model): 0.0449
Std Test Accuracy (Prototype Model): 0.0643
tobetrained:
[7, 5, 9, 2, 6, 1, 8, 0, 4, 3]
Edge 7 begin training
Edge 5 begin training
Edge 9 begin training
Edge 2 begin training
Edge 6 begin training
Edge 1 begin training
Edge 8 begin training
Edge 0 begin training
Edge 4 begin training
Edge 3 begin training
readyList:
[7, 5, 1, 9, 6, 2, 8, 0, 4, 3]
aggregation_buffer:
[7, 5, 1, 9, 6, 2, 8, 0, 4, 3]
end Update
server_global_time: 1702.8339774427004
only_train_time: 23156.863312062982

-------------Global Round number: 25-------------

Evaluate heterogeneous models
Averaged Test Accuracy (Regular Model): 0.9294
Averaged Test Accuracy (Prototype Model): 0.9094
Averaged Train Loss (Regular Model): 0.0266
Averaged Train Loss (Regular + Proto): 0.0493
All Energy: 55916.8341
Std Test Accuracy (Regular Model): 0.0454
Std Test Accuracy (Prototype Model): 0.0632
tobetrained:
[7, 5, 1, 9, 6, 2, 8, 0, 4, 3]
Edge 7 begin training
Edge 5 begin training
Edge 1 begin training
Edge 9 begin training
Edge 6 begin training
Edge 2 begin training
Edge 8 begin training
Edge 0 begin training
Edge 4 begin training
Edge 3 begin training
readyList:
[7, 5, 9, 1, 6, 2, 8, 0, 4, 3]
aggregation_buffer:
[7, 5, 9, 1, 6, 2, 8, 0, 4, 3]
end Update
server_global_time: 1767.0706480437075
only_train_time: 24044.325631218904

-------------Global Round number: 26-------------

Evaluate heterogeneous models
Averaged Test Accuracy (Regular Model): 0.9297
Averaged Test Accuracy (Prototype Model): 0.9089
Averaged Train Loss (Regular Model): 0.0250
Averaged Train Loss (Regular + Proto): 0.0474
All Energy: 58026.4405
Std Test Accuracy (Regular Model): 0.0442
Std Test Accuracy (Prototype Model): 0.0642
tobetrained:
[7, 5, 9, 1, 6, 2, 8, 0, 4, 3]
Edge 7 begin training
Edge 5 begin training
Edge 9 begin training
Edge 1 begin training
Edge 6 begin training
Edge 2 begin training
Edge 8 begin training
Edge 0 begin training
Edge 4 begin training
Edge 3 begin training
readyList:
[7, 5, 9, 1, 6, 2, 8, 0, 4, 3]
aggregation_buffer:
[7, 5, 9, 1, 6, 2, 8, 0, 4, 3]
end Update
server_global_time: 1831.1047456077067
only_train_time: 24931.371662833786

-------------Global Round number: 27-------------

Evaluate heterogeneous models
Averaged Test Accuracy (Regular Model): 0.9298
Averaged Test Accuracy (Prototype Model): 0.9097
Averaged Train Loss (Regular Model): 0.0214
Averaged Train Loss (Regular + Proto): 0.0432
All Energy: 60140.4523
Std Test Accuracy (Regular Model): 0.0448
Std Test Accuracy (Prototype Model): 0.0626
tobetrained:
[7, 5, 9, 1, 6, 2, 8, 0, 4, 3]
Edge 7 begin training
Edge 5 begin training
Edge 9 begin training
Edge 1 begin training
Edge 6 begin training
Edge 2 begin training
Edge 8 begin training
Edge 0 begin training
Edge 4 begin training
Edge 3 begin training
readyList:
[7, 5, 1, 9, 6, 2, 8, 0, 4, 3]
aggregation_buffer:
[7, 5, 1, 9, 6, 2, 8, 0, 4, 3]
end Update
server_global_time: 1896.4156469367445
only_train_time: 25817.792385042878

-------------Global Round number: 28-------------

Evaluate heterogeneous models
Averaged Test Accuracy (Regular Model): 0.9295
Averaged Test Accuracy (Prototype Model): 0.9093
Averaged Train Loss (Regular Model): 0.0204
Averaged Train Loss (Regular + Proto): 0.0418
All Energy: 62255.0183
Std Test Accuracy (Regular Model): 0.0446
Std Test Accuracy (Prototype Model): 0.0640
tobetrained:
[7, 5, 1, 9, 6, 2, 8, 0, 4, 3]
Edge 7 begin training
Edge 5 begin training
Edge 1 begin training
Edge 9 begin training
Edge 6 begin training
Edge 2 begin training
Edge 8 begin training
Edge 0 begin training
Edge 4 begin training
Edge 3 begin training
readyList:
[7, 5, 9, 6, 1, 2, 8, 0, 4, 3]
aggregation_buffer:
[7, 5, 9, 6, 1, 2, 8, 0, 4, 3]
end Update
server_global_time: 1962.3127964027226
only_train_time: 26717.338124737027

-------------Global Round number: 29-------------

Evaluate heterogeneous models
Averaged Test Accuracy (Regular Model): 0.9299
Averaged Test Accuracy (Prototype Model): 0.9109
Averaged Train Loss (Regular Model): 0.0182
Averaged Train Loss (Regular + Proto): 0.0391
All Energy: 64394.2080
Std Test Accuracy (Regular Model): 0.0442
Std Test Accuracy (Prototype Model): 0.0631
tobetrained:
[7, 5, 9, 6, 1, 2, 8, 0, 4, 3]
Edge 7 begin training
Edge 5 begin training
Edge 9 begin training
Edge 6 begin training
Edge 1 begin training
Edge 2 begin training
Edge 8 begin training
Edge 0 begin training
Edge 4 begin training
Edge 3 begin training
readyList:
[7, 5, 6, 9, 1, 2, 8, 0, 4, 3]
aggregation_buffer:
[7, 5, 6, 9, 1, 2, 8, 0, 4, 3]
end Update
server_global_time: 2027.0692646327661
only_train_time: 27604.867424833355

-------------Global Round number: 30-------------

Evaluate heterogeneous models
Averaged Test Accuracy (Regular Model): 0.9302
Averaged Test Accuracy (Prototype Model): 0.9107
Averaged Train Loss (Regular Model): 0.0166
Averaged Train Loss (Regular + Proto): 0.0371
All Energy: 66506.9337
Std Test Accuracy (Regular Model): 0.0451
Std Test Accuracy (Prototype Model): 0.0629
tobetrained:
[7, 5, 6, 9, 1, 2, 8, 0, 4, 3]
Edge 7 begin training
Edge 5 begin training
Edge 6 begin training
Edge 9 begin training
Edge 1 begin training
Edge 2 begin training
Edge 8 begin training
Edge 0 begin training
Edge 4 begin training
Edge 3 begin training
readyList:
[7, 5, 6, 9, 1, 2, 8, 0, 4, 3]
aggregation_buffer:
[7, 5, 6, 9, 1, 2, 8, 0, 4, 3]
end Update
server_global_time: 2091.7977673278074
only_train_time: 28496.59518710844

-------------Global Round number: 31-------------

Evaluate heterogeneous models
Averaged Test Accuracy (Regular Model): 0.9287
Averaged Test Accuracy (Prototype Model): 0.9108
Averaged Train Loss (Regular Model): 0.0227
Averaged Train Loss (Regular + Proto): 0.0428
All Energy: 68620.8818
Std Test Accuracy (Regular Model): 0.0450
Std Test Accuracy (Prototype Model): 0.0627
tobetrained:
[7, 5, 6, 9, 1, 2, 8, 0, 4, 3]
Edge 7 begin training
Edge 5 begin training
Edge 6 begin training
Edge 9 begin training
Edge 1 begin training
Edge 2 begin training
Edge 8 begin training
Edge 0 begin training
Edge 4 begin training
Edge 3 begin training
readyList:
[7, 5, 6, 1, 9, 2, 8, 0, 4, 3]
aggregation_buffer:
[7, 5, 6, 1, 9, 2, 8, 0, 4, 3]
end Update
server_global_time: 2153.5108203437994
only_train_time: 29370.786966992542

-------------Global Round number: 32-------------

Evaluate heterogeneous models
Averaged Test Accuracy (Regular Model): 0.9303
Averaged Test Accuracy (Prototype Model): 0.9120
Averaged Train Loss (Regular Model): 0.0157
Averaged Train Loss (Regular + Proto): 0.0355
All Energy: 70700.2887
Std Test Accuracy (Regular Model): 0.0442
Std Test Accuracy (Prototype Model): 0.0617
tobetrained:
[7, 5, 6, 1, 9, 2, 8, 0, 4, 3]
Edge 7 begin training
Edge 5 begin training
Edge 6 begin training
Edge 1 begin training
Edge 9 begin training
Edge 2 begin training
Edge 8 begin training
Edge 0 begin training
Edge 4 begin training
Edge 3 begin training
readyList:
[7, 5, 6, 9, 2, 1, 8, 0, 4, 3]
aggregation_buffer:
[7, 5, 6, 9, 2, 1, 8, 0, 4, 3]
end Update
server_global_time: 2219.096337040828
only_train_time: 30258.815014430787

-------------Global Round number: 33-------------

Evaluate heterogeneous models
Averaged Test Accuracy (Regular Model): 0.9293
Averaged Test Accuracy (Prototype Model): 0.9120
Averaged Train Loss (Regular Model): 0.0138
Averaged Train Loss (Regular + Proto): 0.0331
All Energy: 72801.3700
Std Test Accuracy (Regular Model): 0.0460
Std Test Accuracy (Prototype Model): 0.0617
tobetrained:
[7, 5, 6, 9, 2, 1, 8, 0, 4, 3]
Edge 7 begin training
Edge 5 begin training
Edge 6 begin training
Edge 9 begin training
Edge 2 begin training
Edge 1 begin training
Edge 8 begin training
Edge 0 begin training
Edge 4 begin training
Edge 3 begin training
readyList:
[7, 5, 6, 1, 9, 2, 8, 0, 4, 3]
aggregation_buffer:
[7, 5, 6, 1, 9, 2, 8, 0, 4, 3]
end Update
server_global_time: 2283.834856091882
only_train_time: 31137.05398450792

-------------Global Round number: 34-------------

Evaluate heterogeneous models
Averaged Test Accuracy (Regular Model): 0.9303
Averaged Test Accuracy (Prototype Model): 0.9123
Averaged Train Loss (Regular Model): 0.0132
Averaged Train Loss (Regular + Proto): 0.0322
All Energy: 74897.0736
Std Test Accuracy (Regular Model): 0.0446
Std Test Accuracy (Prototype Model): 0.0620
tobetrained:
[7, 5, 6, 1, 9, 2, 8, 0, 4, 3]
Edge 7 begin training
Edge 5 begin training
Edge 6 begin training
Edge 1 begin training
Edge 9 begin training
Edge 2 begin training
Edge 8 begin training
Edge 0 begin training
Edge 4 begin training
Edge 3 begin training
readyList:
[7, 5, 6, 1, 9, 2, 8, 0, 4, 3]
aggregation_buffer:
[7, 5, 6, 1, 9, 2, 8, 0, 4, 3]
end Update
server_global_time: 2349.5295400738833
only_train_time: 32021.466482577787

-------------Global Round number: 35-------------

Evaluate heterogeneous models
Averaged Test Accuracy (Regular Model): 0.9299
Averaged Test Accuracy (Prototype Model): 0.9123
Averaged Train Loss (Regular Model): 0.0124
Averaged Train Loss (Regular + Proto): 0.0310
All Energy: 77002.7551
Std Test Accuracy (Regular Model): 0.0454
Std Test Accuracy (Prototype Model): 0.0619
tobetrained:
[7, 5, 6, 1, 9, 2, 8, 0, 4, 3]
Edge 7 begin training
Edge 5 begin training
Edge 6 begin training
Edge 1 begin training
Edge 9 begin training
Edge 2 begin training
Edge 8 begin training
Edge 0 begin training
Edge 4 begin training
Edge 3 begin training
readyList:
[7, 5, 6, 9, 1, 2, 8, 0, 4, 3]
aggregation_buffer:
[7, 5, 6, 9, 1, 2, 8, 0, 4, 3]
end Update
server_global_time: 2413.5964969919296
only_train_time: 32901.52262315876

-------------Global Round number: 36-------------

Evaluate heterogeneous models
Averaged Test Accuracy (Regular Model): 0.9302
Averaged Test Accuracy (Prototype Model): 0.9126
Averaged Train Loss (Regular Model): 0.0117
Averaged Train Loss (Regular + Proto): 0.0300
All Energy: 79093.3729
Std Test Accuracy (Regular Model): 0.0447
Std Test Accuracy (Prototype Model): 0.0609
tobetrained:
[7, 5, 6, 9, 1, 2, 8, 0, 4, 3]
Edge 7 begin training
Edge 5 begin training
Edge 6 begin training
Edge 9 begin training
Edge 1 begin training
Edge 2 begin training
Edge 8 begin training
Edge 0 begin training
Edge 4 begin training
Edge 3 begin training
readyList:
[7, 5, 6, 1, 9, 2, 8, 0, 4, 3]
aggregation_buffer:
[7, 5, 6, 1, 9, 2, 8, 0, 4, 3]
end Update
server_global_time: 2477.8147569579305
only_train_time: 33789.15822902584

-------------Global Round number: 37-------------

Evaluate heterogeneous models
Averaged Test Accuracy (Regular Model): 0.9307
Averaged Test Accuracy (Prototype Model): 0.9130
Averaged Train Loss (Regular Model): 0.0116
Averaged Train Loss (Regular + Proto): 0.0296
All Energy: 81195.1941
Std Test Accuracy (Regular Model): 0.0442
Std Test Accuracy (Prototype Model): 0.0614
tobetrained:
[7, 5, 6, 1, 9, 2, 8, 0, 4, 3]
Edge 7 begin training
Edge 5 begin training
Edge 6 begin training
Edge 1 begin training
Edge 9 begin training
Edge 2 begin training
Edge 8 begin training
Edge 0 begin training
Edge 4 begin training
Edge 3 begin training
readyList:
[7, 5, 9, 1, 6, 2, 8, 0, 4, 3]
aggregation_buffer:
[7, 5, 9, 1, 6, 2, 8, 0, 4, 3]
end Update
server_global_time: 2541.998299812898
only_train_time: 34675.62022786657

-------------Global Round number: 38-------------

Evaluate heterogeneous models
Averaged Test Accuracy (Regular Model): 0.9306
Averaged Test Accuracy (Prototype Model): 0.9135
Averaged Train Loss (Regular Model): 0.0110
Averaged Train Loss (Regular + Proto): 0.0286
All Energy: 83294.9002
Std Test Accuracy (Regular Model): 0.0449
Std Test Accuracy (Prototype Model): 0.0602
tobetrained:
[7, 5, 9, 1, 6, 2, 8, 0, 4, 3]
Edge 7 begin training
Edge 5 begin training
Edge 9 begin training
Edge 1 begin training
Edge 6 begin training
Edge 2 begin training
Edge 8 begin training
Edge 0 begin training
Edge 4 begin training
Edge 3 begin training
readyList:
[7, 5, 6, 1, 9, 2, 8, 0, 4, 3]
aggregation_buffer:
[7, 5, 6, 1, 9, 2, 8, 0, 4, 3]
end Update
server_global_time: 2605.797273143893
only_train_time: 35559.2014659766

-------------Global Round number: 39-------------

Evaluate heterogeneous models
Averaged Test Accuracy (Regular Model): 0.9306
Averaged Test Accuracy (Prototype Model): 0.9136
Averaged Train Loss (Regular Model): 0.0108
Averaged Train Loss (Regular + Proto): 0.0281
All Energy: 85392.7350
Std Test Accuracy (Regular Model): 0.0447
Std Test Accuracy (Prototype Model): 0.0609
tobetrained:
[7, 5, 6, 1, 9, 2, 8, 0, 4, 3]
Edge 7 begin training
Edge 5 begin training
Edge 6 begin training
Edge 1 begin training
Edge 9 begin training
Edge 2 begin training
Edge 8 begin training
Edge 0 begin training
Edge 4 begin training
Edge 3 begin training
readyList:
[7, 5, 6, 1, 9, 2, 8, 0, 4, 3]
aggregation_buffer:
[7, 5, 6, 1, 9, 2, 8, 0, 4, 3]
end Update
server_global_time: 2670.106139362848
only_train_time: 36442.92027706449

-------------Global Round number: 40-------------

Evaluate heterogeneous models
Averaged Test Accuracy (Regular Model): 0.9304
Averaged Test Accuracy (Prototype Model): 0.9134
Averaged Train Loss (Regular Model): 0.0101
Averaged Train Loss (Regular + Proto): 0.0271
All Energy: 87489.7171
Std Test Accuracy (Regular Model): 0.0448
Std Test Accuracy (Prototype Model): 0.0603
tobetrained:
[7, 5, 6, 1, 9, 2, 8, 0, 4, 3]
Edge 7 begin training
Edge 5 begin training
Edge 6 begin training
Edge 1 begin training
Edge 9 begin training
Edge 2 begin training
Edge 8 begin training
Edge 0 begin training
Edge 4 begin training
Edge 3 begin training
readyList:
[7, 5, 6, 9, 1, 2, 8, 0, 4, 3]
aggregation_buffer:
[7, 5, 6, 9, 1, 2, 8, 0, 4, 3]
end Update
server_global_time: 2733.4885196258547
only_train_time: 37321.59282142855

-------------Global Round number: 41-------------

Evaluate heterogeneous models
Averaged Test Accuracy (Regular Model): 0.9301
Averaged Test Accuracy (Prototype Model): 0.9141
Averaged Train Loss (Regular Model): 0.0098
Averaged Train Loss (Regular + Proto): 0.0266
All Energy: 89578.2719
Std Test Accuracy (Regular Model): 0.0446
Std Test Accuracy (Prototype Model): 0.0600
tobetrained:
[7, 5, 6, 9, 1, 2, 8, 0, 4, 3]
Edge 7 begin training
Edge 5 begin training
Edge 6 begin training
Edge 9 begin training
Edge 1 begin training
Edge 2 begin training
Edge 8 begin training
Edge 0 begin training
Edge 4 begin training
Edge 3 begin training
readyList:
[7, 5, 6, 1, 9, 2, 8, 0, 4, 3]
aggregation_buffer:
[7, 5, 6, 1, 9, 2, 8, 0, 4, 3]
end Update
server_global_time: 2798.189348855871
only_train_time: 38205.309240380826

-------------Global Round number: 42-------------

Evaluate heterogeneous models
Averaged Test Accuracy (Regular Model): 0.9301
Averaged Test Accuracy (Prototype Model): 0.9146
Averaged Train Loss (Regular Model): 0.0095
Averaged Train Loss (Regular + Proto): 0.0260
All Energy: 91674.4515
Std Test Accuracy (Regular Model): 0.0445
Std Test Accuracy (Prototype Model): 0.0599
tobetrained:
[7, 5, 6, 1, 9, 2, 8, 0, 4, 3]
Edge 7 begin training
Edge 5 begin training
Edge 6 begin training
Edge 1 begin training
Edge 9 begin training
Edge 2 begin training
Edge 8 begin training
Edge 0 begin training
Edge 4 begin training
Edge 3 begin training
readyList:
[7, 5, 9, 6, 1, 2, 8, 0, 4, 3]
aggregation_buffer:
[7, 5, 9, 6, 1, 2, 8, 0, 4, 3]
end Update
server_global_time: 2861.1190004898235
only_train_time: 39085.20982061757

-------------Global Round number: 43-------------

Evaluate heterogeneous models
Averaged Test Accuracy (Regular Model): 0.9305
Averaged Test Accuracy (Prototype Model): 0.9147
Averaged Train Loss (Regular Model): 0.0093
Averaged Train Loss (Regular + Proto): 0.0256
All Energy: 93764.4328
Std Test Accuracy (Regular Model): 0.0443
Std Test Accuracy (Prototype Model): 0.0595
tobetrained:
[7, 5, 9, 6, 1, 2, 8, 0, 4, 3]
Edge 7 begin training
Edge 5 begin training
Edge 9 begin training
Edge 6 begin training
Edge 1 begin training
Edge 2 begin training
Edge 8 begin training
Edge 0 begin training
Edge 4 begin training
Edge 3 begin training
readyList:
[7, 5, 6, 9, 1, 2, 8, 0, 4, 3]
aggregation_buffer:
[7, 5, 6, 9, 1, 2, 8, 0, 4, 3]
end Update
server_global_time: 2925.8566300128587
only_train_time: 39966.26468701364

-------------Global Round number: 44-------------

Evaluate heterogeneous models
Averaged Test Accuracy (Regular Model): 0.9303
Averaged Test Accuracy (Prototype Model): 0.9151
Averaged Train Loss (Regular Model): 0.0090
Averaged Train Loss (Regular + Proto): 0.0250
All Energy: 95854.7575
Std Test Accuracy (Regular Model): 0.0444
Std Test Accuracy (Prototype Model): 0.0593
tobetrained:
[7, 5, 6, 9, 1, 2, 8, 0, 4, 3]
Edge 7 begin training
Edge 5 begin training
Edge 6 begin training
Edge 9 begin training
Edge 1 begin training
Edge 2 begin training
Edge 8 begin training
Edge 0 begin training
Edge 4 begin training
Edge 3 begin training
readyList:
[7, 5, 9, 6, 1, 2, 8, 0, 4, 3]
aggregation_buffer:
[7, 5, 9, 6, 1, 2, 8, 0, 4, 3]
end Update
server_global_time: 2989.9861760478816
only_train_time: 40854.62282276148

-------------Global Round number: 45-------------

Evaluate heterogeneous models
Averaged Test Accuracy (Regular Model): 0.9303
Averaged Test Accuracy (Prototype Model): 0.9157
Averaged Train Loss (Regular Model): 0.0088
Averaged Train Loss (Regular + Proto): 0.0245
All Energy: 97964.5317
Std Test Accuracy (Regular Model): 0.0449
Std Test Accuracy (Prototype Model): 0.0587
tobetrained:
[7, 5, 9, 6, 1, 2, 8, 0, 4, 3]
Edge 7 begin training
Edge 5 begin training
Edge 9 begin training
Edge 6 begin training
Edge 1 begin training
Edge 2 begin training
Edge 8 begin training
Edge 0 begin training
Edge 4 begin training
Edge 3 begin training
readyList:
[7, 5, 6, 9, 1, 2, 8, 0, 4, 3]
aggregation_buffer:
[7, 5, 6, 9, 1, 2, 8, 0, 4, 3]
end Update
server_global_time: 3055.428195856919
only_train_time: 41739.75777730276

-------------Global Round number: 46-------------

Evaluate heterogeneous models
Averaged Test Accuracy (Regular Model): 0.9307
Averaged Test Accuracy (Prototype Model): 0.9161
Averaged Train Loss (Regular Model): 0.0085
Averaged Train Loss (Regular + Proto): 0.0241
All Energy: 100067.6487
Std Test Accuracy (Regular Model): 0.0443
Std Test Accuracy (Prototype Model): 0.0581
tobetrained:
[7, 5, 6, 9, 1, 2, 8, 0, 4, 3]
Edge 7 begin training
Edge 5 begin training
Edge 6 begin training
Edge 9 begin training
Edge 1 begin training
Edge 2 begin training
Edge 8 begin training
Edge 0 begin training
Edge 4 begin training
Edge 3 begin training
readyList:
[7, 5, 6, 9, 2, 1, 8, 0, 4, 3]
aggregation_buffer:
[7, 5, 6, 9, 2, 1, 8, 0, 4, 3]
end Update
server_global_time: 3118.9300313199055
only_train_time: 42620.49559741892

-------------Global Round number: 47-------------

Evaluate heterogeneous models
Averaged Test Accuracy (Regular Model): 0.9306
Averaged Test Accuracy (Prototype Model): 0.9164
Averaged Train Loss (Regular Model): 0.0080
Averaged Train Loss (Regular + Proto): 0.0233
All Energy: 102158.2619
Std Test Accuracy (Regular Model): 0.0443
Std Test Accuracy (Prototype Model): 0.0581
tobetrained:
[7, 5, 6, 9, 2, 1, 8, 0, 4, 3]
Edge 7 begin training
Edge 5 begin training
Edge 6 begin training
Edge 9 begin training
Edge 2 begin training
Edge 1 begin training
Edge 8 begin training
Edge 0 begin training
Edge 4 begin training
Edge 3 begin training
readyList:
[7, 5, 6, 1, 9, 2, 8, 0, 4, 3]
aggregation_buffer:
[7, 5, 6, 1, 9, 2, 8, 0, 4, 3]
end Update
server_global_time: 3183.435583891871
only_train_time: 43507.43593418511

-------------Global Round number: 48-------------

Evaluate heterogeneous models
Averaged Test Accuracy (Regular Model): 0.9310
Averaged Test Accuracy (Prototype Model): 0.9166
Averaged Train Loss (Regular Model): 0.0079
Averaged Train Loss (Regular + Proto): 0.0230
All Energy: 104257.9538
Std Test Accuracy (Regular Model): 0.0442
Std Test Accuracy (Prototype Model): 0.0576
tobetrained:
[7, 5, 6, 1, 9, 2, 8, 0, 4, 3]
Edge 7 begin training
Edge 5 begin training
Edge 6 begin training
Edge 1 begin training
Edge 9 begin training
Edge 2 begin training
Edge 8 begin training
Edge 0 begin training
Edge 4 begin training
Edge 3 begin training
readyList:
[7, 5, 1, 6, 9, 8, 4, 0, 2, 3]
aggregation_buffer:
[7, 5, 1, 6, 9, 8, 4, 0, 2, 3]
end Update
server_global_time: 3248.2224346558796
only_train_time: 44414.55397477391

-------------Global Round number: 49-------------

Evaluate heterogeneous models
Averaged Test Accuracy (Regular Model): 0.9311
Averaged Test Accuracy (Prototype Model): 0.9169
Averaged Train Loss (Regular Model): 0.0078
Averaged Train Loss (Regular + Proto): 0.0227
All Energy: 106403.6403
Std Test Accuracy (Regular Model): 0.0440
Std Test Accuracy (Prototype Model): 0.0583
tobetrained:
[7, 5, 1, 6, 9, 8, 4, 0, 2, 3]
Edge 7 begin training
Edge 5 begin training
Edge 1 begin training
Edge 6 begin training
Edge 9 begin training
Edge 8 begin training
Edge 4 begin training
Edge 0 begin training
Edge 2 begin training
Edge 3 begin training
readyList:
[7, 5, 6, 9, 1, 2, 8, 0, 4, 3]
aggregation_buffer:
[7, 5, 6, 9, 1, 2, 8, 0, 4, 3]
end Update
server_global_time: 3313.2040952168754
only_train_time: 45303.47502564499

-------------Global Round number: 50-------------

Evaluate heterogeneous models
Averaged Test Accuracy (Regular Model): 0.9307
Averaged Test Accuracy (Prototype Model): 0.9173
Averaged Train Loss (Regular Model): 0.0076
Averaged Train Loss (Regular + Proto): 0.0223
All Energy: 108515.2433
Std Test Accuracy (Regular Model): 0.0444
Std Test Accuracy (Prototype Model): 0.0576
tobetrained:
[7, 5, 6, 9, 1, 2, 8, 0, 4, 3]
Edge 7 begin training
Edge 5 begin training
Edge 6 begin training
Edge 9 begin training
Edge 1 begin training
Edge 2 begin training
Edge 8 begin training
Edge 0 begin training
Edge 4 begin training
Edge 3 begin training
readyList:
[7, 5, 9, 1, 6, 2, 8, 0, 4, 3]
aggregation_buffer:
[7, 5, 9, 1, 6, 2, 8, 0, 4, 3]
end Update
server_global_time: 3378.5132955348818
only_train_time: 46187.984016158094

-------------Global Round number: 51-------------

Evaluate heterogeneous models
Averaged Test Accuracy (Regular Model): 0.9316
Averaged Test Accuracy (Prototype Model): 0.9182
Averaged Train Loss (Regular Model): 0.0074
Averaged Train Loss (Regular + Proto): 0.0219
All Energy: 110621.4701
Std Test Accuracy (Regular Model): 0.0437
Std Test Accuracy (Prototype Model): 0.0569
tobetrained:
[7, 5, 9, 1, 6, 2, 8, 0, 4, 3]
Edge 7 begin training
Edge 5 begin training
Edge 9 begin training
Edge 1 begin training
Edge 6 begin training
Edge 2 begin training
Edge 8 begin training
Edge 0 begin training
Edge 4 begin training
Edge 3 begin training
readyList:
[7, 5, 6, 9, 1, 2, 8, 0, 4, 3]
aggregation_buffer:
[7, 5, 6, 9, 1, 2, 8, 0, 4, 3]
end Update
server_global_time: 3444.353850359854
only_train_time: 47079.63827317709

-------------Global Round number: 52-------------

Evaluate heterogeneous models
Averaged Test Accuracy (Regular Model): 0.9315
Averaged Test Accuracy (Prototype Model): 0.9179
Averaged Train Loss (Regular Model): 0.0073
Averaged Train Loss (Regular + Proto): 0.0216
All Energy: 112732.1263
Std Test Accuracy (Regular Model): 0.0439
Std Test Accuracy (Prototype Model): 0.0567
tobetrained:
[7, 5, 6, 9, 1, 2, 8, 0, 4, 3]
Edge 7 begin training
Edge 5 begin training
Edge 6 begin training
Edge 9 begin training
Edge 1 begin training
Edge 2 begin training
Edge 8 begin training
Edge 0 begin training
Edge 4 begin training
Edge 3 begin training
readyList:
[7, 5, 9, 6, 1, 2, 8, 0, 4, 3]
aggregation_buffer:
[7, 5, 9, 6, 1, 2, 8, 0, 4, 3]
end Update
server_global_time: 3511.284338950878
only_train_time: 47971.7106837614

-------------Global Round number: 53-------------

Evaluate heterogeneous models
Averaged Test Accuracy (Regular Model): 0.9317
Averaged Test Accuracy (Prototype Model): 0.9180
Averaged Train Loss (Regular Model): 0.0069
Averaged Train Loss (Regular + Proto): 0.0211
All Energy: 114844.6058
Std Test Accuracy (Regular Model): 0.0442
Std Test Accuracy (Prototype Model): 0.0566
tobetrained:
[7, 5, 9, 6, 1, 2, 8, 0, 4, 3]
Edge 7 begin training
Edge 5 begin training
Edge 9 begin training
Edge 6 begin training
Edge 1 begin training
Edge 2 begin training
Edge 8 begin training
Edge 0 begin training
Edge 4 begin training
Edge 3 begin training
readyList:
[7, 5, 9, 6, 1, 2, 8, 0, 4, 3]
aggregation_buffer:
[7, 5, 9, 6, 1, 2, 8, 0, 4, 3]
end Update
server_global_time: 3576.8239145678817
only_train_time: 48865.40632964129

-------------Global Round number: 54-------------

Evaluate heterogeneous models
Averaged Test Accuracy (Regular Model): 0.9314
Averaged Test Accuracy (Prototype Model): 0.9181
Averaged Train Loss (Regular Model): 0.0070
Averaged Train Loss (Regular + Proto): 0.0210
All Energy: 116957.5196
Std Test Accuracy (Regular Model): 0.0437
Std Test Accuracy (Prototype Model): 0.0566
tobetrained:
[7, 5, 9, 6, 1, 2, 8, 0, 4, 3]
Edge 7 begin training
Edge 5 begin training
Edge 9 begin training
Edge 6 begin training
Edge 1 begin training
Edge 2 begin training
Edge 8 begin training
Edge 0 begin training
Edge 4 begin training
Edge 3 begin training
readyList:
[7, 5, 9, 6, 1, 2, 8, 0, 4, 3]
aggregation_buffer:
[7, 5, 9, 6, 1, 2, 8, 0, 4, 3]
end Update
server_global_time: 3642.29063394689
only_train_time: 49751.181900346885

-------------Global Round number: 55-------------

Evaluate heterogeneous models
Averaged Test Accuracy (Regular Model): 0.9309
Averaged Test Accuracy (Prototype Model): 0.9188
Averaged Train Loss (Regular Model): 0.0065
Averaged Train Loss (Regular + Proto): 0.0202
All Energy: 119066.3344
Std Test Accuracy (Regular Model): 0.0444
Std Test Accuracy (Prototype Model): 0.0562
tobetrained:
[7, 5, 9, 6, 1, 2, 8, 0, 4, 3]
Edge 7 begin training
Edge 5 begin training
Edge 9 begin training
Edge 6 begin training
Edge 1 begin training
Edge 2 begin training
Edge 8 begin training
Edge 0 begin training
Edge 4 begin training
Edge 3 begin training
readyList:
[7, 5, 9, 6, 1, 2, 8, 0, 4, 3]
aggregation_buffer:
[7, 5, 9, 6, 1, 2, 8, 0, 4, 3]
end Update
server_global_time: 3707.612657809921
only_train_time: 50644.597073192825

-------------Global Round number: 56-------------

Evaluate heterogeneous models
Averaged Test Accuracy (Regular Model): 0.9315
Averaged Test Accuracy (Prototype Model): 0.9188
Averaged Train Loss (Regular Model): 0.0066
Averaged Train Loss (Regular + Proto): 0.0202
All Energy: 121179.3436
Std Test Accuracy (Regular Model): 0.0440
Std Test Accuracy (Prototype Model): 0.0558
tobetrained:
[7, 5, 9, 6, 1, 2, 8, 0, 4, 3]
Edge 7 begin training
Edge 5 begin training
Edge 9 begin training
Edge 6 begin training
Edge 1 begin training
Edge 2 begin training
Edge 8 begin training
Edge 0 begin training
Edge 4 begin training
Edge 3 begin training
readyList:
[7, 5, 9, 6, 1, 2, 8, 0, 4, 3]
aggregation_buffer:
[7, 5, 9, 6, 1, 2, 8, 0, 4, 3]
end Update
server_global_time: 3773.6113929589046
only_train_time: 51533.71026328084

-------------Global Round number: 57-------------

Evaluate heterogeneous models
Averaged Test Accuracy (Regular Model): 0.9311
Averaged Test Accuracy (Prototype Model): 0.9197
Averaged Train Loss (Regular Model): 0.0063
Averaged Train Loss (Regular + Proto): 0.0198
All Energy: 123284.7224
Std Test Accuracy (Regular Model): 0.0437
Std Test Accuracy (Prototype Model): 0.0546
tobetrained:
[7, 5, 9, 6, 1, 2, 8, 0, 4, 3]
Edge 7 begin training
Edge 5 begin training
Edge 9 begin training
Edge 6 begin training
Edge 1 begin training
Edge 2 begin training
Edge 8 begin training
Edge 0 begin training
Edge 4 begin training
Edge 3 begin training
readyList:
[7, 5, 9, 6, 1, 2, 8, 0, 4, 3]
aggregation_buffer:
[7, 5, 9, 6, 1, 2, 8, 0, 4, 3]
end Update
server_global_time: 3838.893206444918
only_train_time: 52428.01685082691

-------------Global Round number: 58-------------

Evaluate heterogeneous models
Averaged Test Accuracy (Regular Model): 0.9315
Averaged Test Accuracy (Prototype Model): 0.9197
Averaged Train Loss (Regular Model): 0.0062
Averaged Train Loss (Regular + Proto): 0.0194
All Energy: 125393.8381
Std Test Accuracy (Regular Model): 0.0439
Std Test Accuracy (Prototype Model): 0.0547
tobetrained:
[7, 5, 9, 6, 1, 2, 8, 0, 4, 3]
Edge 7 begin training
Edge 5 begin training
Edge 9 begin training
Edge 6 begin training
Edge 1 begin training
Edge 2 begin training
Edge 8 begin training
Edge 0 begin training
Edge 4 begin training
Edge 3 begin training
readyList:
[7, 5, 9, 1, 6, 2, 8, 0, 4, 3]
aggregation_buffer:
[7, 5, 9, 1, 6, 2, 8, 0, 4, 3]
end Update
server_global_time: 3905.9371702409117
only_train_time: 53332.89160931588

-------------Global Round number: 59-------------

Evaluate heterogeneous models
Averaged Test Accuracy (Regular Model): 0.9309
Averaged Test Accuracy (Prototype Model): 0.9199
Averaged Train Loss (Regular Model): 0.0061
Averaged Train Loss (Regular + Proto): 0.0192
All Energy: 127530.6238
Std Test Accuracy (Regular Model): 0.0440
Std Test Accuracy (Prototype Model): 0.0542
tobetrained:
[7, 5, 9, 1, 6, 2, 8, 0, 4, 3]
Edge 7 begin training
Edge 5 begin training
Edge 9 begin training
Edge 1 begin training
Edge 6 begin training
Edge 2 begin training
Edge 8 begin training
Edge 0 begin training
Edge 4 begin training
Edge 3 begin training
readyList:
[7, 5, 6, 1, 9, 2, 8, 0, 4, 3]
aggregation_buffer:
[7, 5, 6, 1, 9, 2, 8, 0, 4, 3]
end Update
server_global_time: 3970.2139501008787
only_train_time: 54214.09147433378

-------------Global Round number: 60-------------

Evaluate heterogeneous models
Averaged Test Accuracy (Regular Model): 0.9316
Averaged Test Accuracy (Prototype Model): 0.9202
Averaged Train Loss (Regular Model): 0.0059
Averaged Train Loss (Regular + Proto): 0.0189
All Energy: 129620.8909
Std Test Accuracy (Regular Model): 0.0442
Std Test Accuracy (Prototype Model): 0.0538
tobetrained:
[7, 5, 6, 1, 9, 2, 8, 0, 4, 3]
Edge 7 begin training
Edge 5 begin training
Edge 6 begin training
Edge 1 begin training
Edge 9 begin training
Edge 2 begin training
Edge 8 begin training
Edge 0 begin training
Edge 4 begin training
Edge 3 begin training
readyList:
[7, 5, 6, 9, 1, 2, 8, 0, 4, 3]
aggregation_buffer:
[7, 5, 6, 9, 1, 2, 8, 0, 4, 3]
end Update
server_global_time: 4035.2174263579072
only_train_time: 55096.92984412477

-------------Global Round number: 61-------------

Evaluate heterogeneous models
Averaged Test Accuracy (Regular Model): 0.9312
Averaged Test Accuracy (Prototype Model): 0.9204
Averaged Train Loss (Regular Model): 0.0059
Averaged Train Loss (Regular + Proto): 0.0188
All Energy: 131718.0025
Std Test Accuracy (Regular Model): 0.0441
Std Test Accuracy (Prototype Model): 0.0542
tobetrained:
[7, 5, 6, 9, 1, 2, 8, 0, 4, 3]
Edge 7 begin training
Edge 5 begin training
Edge 6 begin training
Edge 9 begin training
Edge 1 begin training
Edge 2 begin training
Edge 8 begin training
Edge 0 begin training
Edge 4 begin training
Edge 3 begin training
readyList:
[7, 5, 6, 9, 2, 1, 8, 0, 4, 3]
aggregation_buffer:
[7, 5, 6, 9, 2, 1, 8, 0, 4, 3]
end Update
server_global_time: 4100.080290938902
only_train_time: 55986.0309522748

-------------Global Round number: 62-------------

Evaluate heterogeneous models
Averaged Test Accuracy (Regular Model): 0.9313
Averaged Test Accuracy (Prototype Model): 0.9208
Averaged Train Loss (Regular Model): 0.0058
Averaged Train Loss (Regular + Proto): 0.0185
All Energy: 133814.9950
Std Test Accuracy (Regular Model): 0.0444
Std Test Accuracy (Prototype Model): 0.0536
tobetrained:
[7, 5, 6, 9, 2, 1, 8, 0, 4, 3]
Edge 7 begin training
Edge 5 begin training
Edge 6 begin training
Edge 9 begin training
Edge 2 begin training
Edge 1 begin training
Edge 8 begin training
Edge 0 begin training
Edge 4 begin training
Edge 3 begin training
readyList:
[7, 5, 9, 6, 1, 2, 8, 0, 4, 3]
aggregation_buffer:
[7, 5, 9, 6, 1, 2, 8, 0, 4, 3]
end Update
server_global_time: 4165.728888858866
only_train_time: 56885.27183663682

-------------Global Round number: 63-------------

Evaluate heterogeneous models
Averaged Test Accuracy (Regular Model): 0.9313
Averaged Test Accuracy (Prototype Model): 0.9211
Averaged Train Loss (Regular Model): 0.0056
Averaged Train Loss (Regular + Proto): 0.0182
All Energy: 135945.2757
Std Test Accuracy (Regular Model): 0.0442
Std Test Accuracy (Prototype Model): 0.0536
tobetrained:
[7, 5, 9, 6, 1, 2, 8, 0, 4, 3]
Edge 7 begin training
Edge 5 begin training
Edge 9 begin training
Edge 6 begin training
Edge 1 begin training
Edge 2 begin training
Edge 8 begin training
Edge 0 begin training
Edge 4 begin training
Edge 3 begin training
readyList:
[7, 5, 6, 1, 2, 9, 8, 0, 4, 3]
aggregation_buffer:
[7, 5, 6, 1, 2, 9, 8, 0, 4, 3]
end Update
server_global_time: 4231.317523147911
only_train_time: 57774.519552374666

-------------Global Round number: 64-------------

Evaluate heterogeneous models
Averaged Test Accuracy (Regular Model): 0.9315
Averaged Test Accuracy (Prototype Model): 0.9209
Averaged Train Loss (Regular Model): 0.0057
Averaged Train Loss (Regular + Proto): 0.0181
All Energy: 138056.9341
Std Test Accuracy (Regular Model): 0.0439
Std Test Accuracy (Prototype Model): 0.0541
tobetrained:
[7, 5, 6, 1, 2, 9, 8, 0, 4, 3]
Edge 7 begin training
Edge 5 begin training
Edge 6 begin training
Edge 1 begin training
Edge 2 begin training
Edge 9 begin training
Edge 8 begin training
Edge 0 begin training
Edge 4 begin training
Edge 3 begin training
readyList:
[7, 5, 1, 6, 9, 2, 8, 0, 4, 3]
aggregation_buffer:
[7, 5, 1, 6, 9, 2, 8, 0, 4, 3]
end Update
server_global_time: 4294.393136902887
only_train_time: 58649.242064677004

-------------Global Round number: 65-------------

Evaluate heterogeneous models
Averaged Test Accuracy (Regular Model): 0.9315
Averaged Test Accuracy (Prototype Model): 0.9210
Averaged Train Loss (Regular Model): 0.0054
Averaged Train Loss (Regular + Proto): 0.0176
All Energy: 140153.7568
Std Test Accuracy (Regular Model): 0.0436
Std Test Accuracy (Prototype Model): 0.0542
tobetrained:
[7, 5, 1, 6, 9, 2, 8, 0, 4, 3]
Edge 7 begin training
Edge 5 begin training
Edge 1 begin training
Edge 6 begin training
Edge 9 begin training
Edge 2 begin training
Edge 8 begin training
Edge 0 begin training
Edge 4 begin training
Edge 3 begin training
readyList:
[7, 5, 9, 6, 1, 2, 8, 0, 4, 3]
aggregation_buffer:
[7, 5, 9, 6, 1, 2, 8, 0, 4, 3]
end Update
server_global_time: 4358.428916169913
only_train_time: 59535.49828236905

-------------Global Round number: 66-------------

Evaluate heterogeneous models
Averaged Test Accuracy (Regular Model): 0.9316
Averaged Test Accuracy (Prototype Model): 0.9216
Averaged Train Loss (Regular Model): 0.0053
Averaged Train Loss (Regular + Proto): 0.0175
All Energy: 142275.5785
Std Test Accuracy (Regular Model): 0.0445
Std Test Accuracy (Prototype Model): 0.0532
tobetrained:
[7, 5, 9, 6, 1, 2, 8, 0, 4, 3]
Edge 7 begin training
Edge 5 begin training
Edge 9 begin training
Edge 6 begin training
Edge 1 begin training
Edge 2 begin training
Edge 8 begin training
Edge 0 begin training
Edge 4 begin training
Edge 3 begin training
readyList:
[7, 5, 6, 9, 2, 1, 8, 0, 4, 3]
aggregation_buffer:
[7, 5, 6, 9, 2, 1, 8, 0, 4, 3]
end Update
server_global_time: 4424.101843038865
only_train_time: 60428.85249024688

-------------Global Round number: 67-------------

Evaluate heterogeneous models
Averaged Test Accuracy (Regular Model): 0.9311
Averaged Test Accuracy (Prototype Model): 0.9219
Averaged Train Loss (Regular Model): 0.0052
Averaged Train Loss (Regular + Proto): 0.0173
All Energy: 144406.6997
Std Test Accuracy (Regular Model): 0.0444
Std Test Accuracy (Prototype Model): 0.0531
tobetrained:
[7, 5, 6, 9, 2, 1, 8, 0, 4, 3]
Edge 7 begin training
Edge 5 begin training
Edge 6 begin training
Edge 9 begin training
Edge 2 begin training
Edge 1 begin training
Edge 8 begin training
Edge 0 begin training
Edge 4 begin training
Edge 3 begin training
readyList:
[7, 5, 6, 9, 1, 2, 8, 0, 4, 3]
aggregation_buffer:
[7, 5, 6, 9, 1, 2, 8, 0, 4, 3]
end Update
server_global_time: 4488.207084859838
only_train_time: 61318.564740425965

-------------Global Round number: 68-------------

Evaluate heterogeneous models
Averaged Test Accuracy (Regular Model): 0.9312
Averaged Test Accuracy (Prototype Model): 0.9215
Averaged Train Loss (Regular Model): 0.0052
Averaged Train Loss (Regular + Proto): 0.0171
All Energy: 146539.1440
Std Test Accuracy (Regular Model): 0.0440
Std Test Accuracy (Prototype Model): 0.0531
tobetrained:
[7, 5, 6, 9, 1, 2, 8, 0, 4, 3]
Edge 7 begin training
Edge 5 begin training
Edge 6 begin training
Edge 9 begin training
Edge 1 begin training
Edge 2 begin training
Edge 8 begin training
Edge 0 begin training
Edge 4 begin training
Edge 3 begin training
readyList:
[7, 5, 9, 6, 2, 1, 8, 0, 4, 3]
aggregation_buffer:
[7, 5, 9, 6, 2, 1, 8, 0, 4, 3]
end Update
server_global_time: 4552.626129827811
only_train_time: 62207.4450460138

-------------Global Round number: 69-------------

Evaluate heterogeneous models
Averaged Test Accuracy (Regular Model): 0.9313
Averaged Test Accuracy (Prototype Model): 0.9215
Averaged Train Loss (Regular Model): 0.0050
Averaged Train Loss (Regular + Proto): 0.0168
All Energy: 148671.1792
Std Test Accuracy (Regular Model): 0.0440
Std Test Accuracy (Prototype Model): 0.0530
tobetrained:
[7, 5, 9, 6, 2, 1, 8, 0, 4, 3]
Edge 7 begin training
Edge 5 begin training
Edge 9 begin training
Edge 6 begin training
Edge 2 begin training
Edge 1 begin training
Edge 8 begin training
Edge 0 begin training
Edge 4 begin training
Edge 3 begin training
readyList:
[7, 5, 9, 6, 1, 2, 8, 0, 4, 3]
aggregation_buffer:
[7, 5, 9, 6, 1, 2, 8, 0, 4, 3]
end Update
server_global_time: 4615.842034061847
only_train_time: 63097.07196596655

-------------Global Round number: 70-------------

Evaluate heterogeneous models
Averaged Test Accuracy (Regular Model): 0.9319
Averaged Test Accuracy (Prototype Model): 0.9218
Averaged Train Loss (Regular Model): 0.0050
Averaged Train Loss (Regular + Proto): 0.0166
All Energy: 150800.3813
Std Test Accuracy (Regular Model): 0.0442
Std Test Accuracy (Prototype Model): 0.0531
tobetrained:
[7, 5, 9, 6, 1, 2, 8, 0, 4, 3]
Edge 7 begin training
Edge 5 begin training
Edge 9 begin training
Edge 6 begin training
Edge 1 begin training
Edge 2 begin training
Edge 8 begin training
Edge 0 begin training
Edge 4 begin training
Edge 3 begin training
readyList:
[7, 5, 6, 9, 1, 2, 8, 0, 4, 3]
aggregation_buffer:
[7, 5, 6, 9, 1, 2, 8, 0, 4, 3]
end Update
server_global_time: 4680.925675722829
only_train_time: 63983.53584360954

-------------Global Round number: 71-------------

Evaluate heterogeneous models
Averaged Test Accuracy (Regular Model): 0.9314
Averaged Test Accuracy (Prototype Model): 0.9216
Averaged Train Loss (Regular Model): 0.0051
Averaged Train Loss (Regular + Proto): 0.0167
All Energy: 152929.9604
Std Test Accuracy (Regular Model): 0.0441
Std Test Accuracy (Prototype Model): 0.0531
tobetrained:
[7, 5, 6, 9, 1, 2, 8, 0, 4, 3]
Edge 7 begin training
Edge 5 begin training
Edge 6 begin training
Edge 9 begin training
Edge 1 begin training
Edge 2 begin training
Edge 8 begin training
Edge 0 begin training
Edge 4 begin training
Edge 3 begin training
readyList:
[7, 5, 9, 6, 1, 2, 8, 0, 4, 3]
aggregation_buffer:
[7, 5, 9, 6, 1, 2, 8, 0, 4, 3]
end Update
server_global_time: 4744.979624664818
only_train_time: 64869.831237051345

-------------Global Round number: 72-------------

Evaluate heterogeneous models
Averaged Test Accuracy (Regular Model): 0.9314
Averaged Test Accuracy (Prototype Model): 0.9219
Averaged Train Loss (Regular Model): 0.0049
Averaged Train Loss (Regular + Proto): 0.0164
All Energy: 155044.0433
Std Test Accuracy (Regular Model): 0.0439
Std Test Accuracy (Prototype Model): 0.0531
tobetrained:
[7, 5, 9, 6, 1, 2, 8, 0, 4, 3]
Edge 7 begin training
Edge 5 begin training
Edge 9 begin training
Edge 6 begin training
Edge 1 begin training
Edge 2 begin training
Edge 8 begin training
Edge 0 begin training
Edge 4 begin training
Edge 3 begin training
readyList:
[7, 5, 6, 1, 9, 2, 8, 0, 4, 3]
aggregation_buffer:
[7, 5, 6, 1, 9, 2, 8, 0, 4, 3]
end Update
server_global_time: 4809.28031207982
only_train_time: 65746.07911328354

-------------Global Round number: 73-------------

Evaluate heterogeneous models
Averaged Test Accuracy (Regular Model): 0.9313
Averaged Test Accuracy (Prototype Model): 0.9219
Averaged Train Loss (Regular Model): 0.0047
Averaged Train Loss (Regular + Proto): 0.0161
All Energy: 157137.8734
Std Test Accuracy (Regular Model): 0.0443
Std Test Accuracy (Prototype Model): 0.0529
tobetrained:
[7, 5, 6, 1, 9, 2, 8, 0, 4, 3]
Edge 7 begin training
Edge 5 begin training
Edge 6 begin training
Edge 1 begin training
Edge 9 begin training
Edge 2 begin training
Edge 8 begin training
Edge 0 begin training
Edge 4 begin training
Edge 3 begin training
readyList:
[7, 5, 9, 1, 2, 6, 8, 0, 4, 3]
aggregation_buffer:
[7, 5, 9, 1, 2, 6, 8, 0, 4, 3]
end Update
server_global_time: 4873.783916516812
only_train_time: 66630.02337009838

-------------Global Round number: 74-------------

Evaluate heterogeneous models
Averaged Test Accuracy (Regular Model): 0.9316
Averaged Test Accuracy (Prototype Model): 0.9222
Averaged Train Loss (Regular Model): 0.0047
Averaged Train Loss (Regular + Proto): 0.0160
All Energy: 159259.5756
Std Test Accuracy (Regular Model): 0.0444
Std Test Accuracy (Prototype Model): 0.0524
tobetrained:
[7, 5, 9, 1, 2, 6, 8, 0, 4, 3]
Edge 7 begin training
Edge 5 begin training
Edge 9 begin training
Edge 1 begin training
Edge 2 begin training
Edge 6 begin training
Edge 8 begin training
Edge 0 begin training
Edge 4 begin training
Edge 3 begin training
readyList:
[7, 5, 9, 6, 1, 2, 8, 0, 4, 3]
aggregation_buffer:
[7, 5, 9, 6, 1, 2, 8, 0, 4, 3]
end Update
server_global_time: 4938.98944379983
only_train_time: 67524.50361719425

-------------Global Round number: 75-------------

Evaluate heterogeneous models
Averaged Test Accuracy (Regular Model): 0.9312
Averaged Test Accuracy (Prototype Model): 0.9227
Averaged Train Loss (Regular Model): 0.0048
Averaged Train Loss (Regular + Proto): 0.0160
All Energy: 161396.9040
Std Test Accuracy (Regular Model): 0.0445
Std Test Accuracy (Prototype Model): 0.0522
tobetrained:
[7, 5, 9, 6, 1, 2, 8, 0, 4, 3]
Edge 7 begin training
Edge 5 begin training
Edge 9 begin training
Edge 6 begin training
Edge 1 begin training
Edge 2 begin training
Edge 8 begin training
Edge 0 begin training
Edge 4 begin training
Edge 3 begin training
readyList:
[7, 5, 1, 9, 6, 2, 8, 0, 4, 3]
aggregation_buffer:
[7, 5, 1, 9, 6, 2, 8, 0, 4, 3]
end Update
server_global_time: 5004.153501772846
only_train_time: 68409.74527201941

-------------Global Round number: 76-------------

Evaluate heterogeneous models
Averaged Test Accuracy (Regular Model): 0.9313
Averaged Test Accuracy (Prototype Model): 0.9223
Averaged Train Loss (Regular Model): 0.0045
Averaged Train Loss (Regular + Proto): 0.0156
All Energy: 163509.6759
Std Test Accuracy (Regular Model): 0.0444
Std Test Accuracy (Prototype Model): 0.0523
tobetrained:
[7, 5, 1, 9, 6, 2, 8, 0, 4, 3]
Edge 7 begin training
Edge 5 begin training
Edge 1 begin training
Edge 9 begin training
Edge 6 begin training
Edge 2 begin training
Edge 8 begin training
Edge 0 begin training
Edge 4 begin training
Edge 3 begin training
readyList:
[7, 5, 1, 6, 2, 9, 8, 0, 4, 3]
aggregation_buffer:
[7, 5, 1, 6, 2, 9, 8, 0, 4, 3]
end Update
server_global_time: 5068.358488780796
only_train_time: 69290.80465320824

-------------Global Round number: 77-------------

Evaluate heterogeneous models
Averaged Test Accuracy (Regular Model): 0.9315
Averaged Test Accuracy (Prototype Model): 0.9223
Averaged Train Loss (Regular Model): 0.0046
Averaged Train Loss (Regular + Proto): 0.0155
All Energy: 165623.9793
Std Test Accuracy (Regular Model): 0.0445
Std Test Accuracy (Prototype Model): 0.0523
tobetrained:
[7, 5, 1, 6, 2, 9, 8, 0, 4, 3]
Edge 7 begin training
Edge 5 begin training
Edge 1 begin training
Edge 6 begin training
Edge 2 begin training
Edge 9 begin training
Edge 8 begin training
Edge 0 begin training
Edge 4 begin training
Edge 3 begin training
readyList:
[7, 5, 6, 1, 9, 2, 8, 0, 4, 3]
aggregation_buffer:
[7, 5, 6, 1, 9, 2, 8, 0, 4, 3]
end Update
server_global_time: 5132.784829269804
only_train_time: 70174.74582666042

-------------Global Round number: 78-------------

Evaluate heterogeneous models
Averaged Test Accuracy (Regular Model): 0.9314
Averaged Test Accuracy (Prototype Model): 0.9225
Averaged Train Loss (Regular Model): 0.0045
Averaged Train Loss (Regular + Proto): 0.0153
All Energy: 167745.3037
Std Test Accuracy (Regular Model): 0.0444
Std Test Accuracy (Prototype Model): 0.0519
tobetrained:
[7, 5, 6, 1, 9, 2, 8, 0, 4, 3]
Edge 7 begin training
Edge 5 begin training
Edge 6 begin training
Edge 1 begin training
Edge 9 begin training
Edge 2 begin training
Edge 8 begin training
Edge 0 begin training
Edge 4 begin training
Edge 3 begin training
readyList:
[7, 5, 6, 9, 1, 2, 8, 0, 4, 3]
aggregation_buffer:
[7, 5, 6, 9, 1, 2, 8, 0, 4, 3]
end Update
server_global_time: 5197.343180877797
only_train_time: 71060.94699647534

-------------Global Round number: 79-------------

Evaluate heterogeneous models
Averaged Test Accuracy (Regular Model): 0.9314
Averaged Test Accuracy (Prototype Model): 0.9230
Averaged Train Loss (Regular Model): 0.0044
Averaged Train Loss (Regular + Proto): 0.0151
All Energy: 169868.4553
Std Test Accuracy (Regular Model): 0.0441
Std Test Accuracy (Prototype Model): 0.0519
tobetrained:
[7, 5, 6, 9, 1, 2, 8, 0, 4, 3]
Edge 7 begin training
Edge 5 begin training
Edge 6 begin training
Edge 9 begin training
Edge 1 begin training
Edge 2 begin training
Edge 8 begin training
Edge 0 begin training
Edge 4 begin training
Edge 3 begin training
readyList:
[7, 5, 9, 6, 1, 2, 8, 0, 4, 3]
aggregation_buffer:
[7, 5, 9, 6, 1, 2, 8, 0, 4, 3]
end Update
server_global_time: 5262.832688137831
only_train_time: 71952.23656984745

-------------Global Round number: 80-------------

Evaluate heterogeneous models
Averaged Test Accuracy (Regular Model): 0.9314
Averaged Test Accuracy (Prototype Model): 0.9230
Averaged Train Loss (Regular Model): 0.0042
Averaged Train Loss (Regular + Proto): 0.0149
All Energy: 172003.1521
Std Test Accuracy (Regular Model): 0.0443
Std Test Accuracy (Prototype Model): 0.0516
tobetrained:
[7, 5, 9, 6, 1, 2, 8, 0, 4, 3]
Edge 7 begin training
Edge 5 begin training
Edge 9 begin training
Edge 6 begin training
Edge 1 begin training
Edge 2 begin training
Edge 8 begin training
Edge 0 begin training
Edge 4 begin training
Edge 3 begin training
readyList:
[7, 5, 9, 6, 1, 2, 8, 0, 4, 3]
aggregation_buffer:
[7, 5, 9, 6, 1, 2, 8, 0, 4, 3]
end Update
server_global_time: 5327.028992933803
only_train_time: 72846.89679354243

-------------Global Round number: 81-------------

Evaluate heterogeneous models
Averaged Test Accuracy (Regular Model): 0.9317
Averaged Test Accuracy (Prototype Model): 0.9230
Averaged Train Loss (Regular Model): 0.0042
Averaged Train Loss (Regular + Proto): 0.0148
All Energy: 174150.4756
Std Test Accuracy (Regular Model): 0.0441
Std Test Accuracy (Prototype Model): 0.0519
tobetrained:
[7, 5, 9, 6, 1, 2, 8, 0, 4, 3]
Edge 7 begin training
Edge 5 begin training
Edge 9 begin training
Edge 6 begin training
Edge 1 begin training
Edge 2 begin training
Edge 8 begin training
Edge 0 begin training
Edge 4 begin training
Edge 3 begin training
readyList:
[7, 5, 9, 6, 1, 2, 8, 0, 4, 3]
aggregation_buffer:
[7, 5, 9, 6, 1, 2, 8, 0, 4, 3]
end Update
server_global_time: 5393.311922132794
only_train_time: 73743.84977855731

-------------Global Round number: 82-------------

Evaluate heterogeneous models
Averaged Test Accuracy (Regular Model): 0.9311
Averaged Test Accuracy (Prototype Model): 0.9232
Averaged Train Loss (Regular Model): 0.0041
Averaged Train Loss (Regular + Proto): 0.0146
All Energy: 176300.7803
Std Test Accuracy (Regular Model): 0.0445
Std Test Accuracy (Prototype Model): 0.0513
tobetrained:
[7, 5, 9, 6, 1, 2, 8, 0, 4, 3]
Edge 7 begin training
Edge 5 begin training
Edge 9 begin training
Edge 6 begin training
Edge 1 begin training
Edge 2 begin training
Edge 8 begin training
Edge 0 begin training
Edge 4 begin training
Edge 3 begin training
readyList:
[7, 5, 9, 6, 1, 2, 8, 0, 4, 3]
aggregation_buffer:
[7, 5, 9, 6, 1, 2, 8, 0, 4, 3]
end Update
server_global_time: 5457.954962329823
only_train_time: 74640.23152726312

-------------Global Round number: 83-------------

Evaluate heterogeneous models
Averaged Test Accuracy (Regular Model): 0.9315
Averaged Test Accuracy (Prototype Model): 0.9231
Averaged Train Loss (Regular Model): 0.0041
Averaged Train Loss (Regular + Proto): 0.0145
All Energy: 178452.0287
Std Test Accuracy (Regular Model): 0.0445
Std Test Accuracy (Prototype Model): 0.0515
tobetrained:
[7, 5, 9, 6, 1, 2, 8, 0, 4, 3]
Edge 7 begin training
Edge 5 begin training
Edge 9 begin training
Edge 6 begin training
Edge 1 begin training
Edge 2 begin training
Edge 8 begin training
Edge 0 begin training
Edge 4 begin training
Edge 3 begin training
readyList:
[7, 5, 9, 6, 2, 1, 8, 0, 4, 3]
aggregation_buffer:
[7, 5, 9, 6, 2, 1, 8, 0, 4, 3]
end Update
server_global_time: 5524.590880527801
only_train_time: 75535.72150120104

-------------Global Round number: 84-------------

Evaluate heterogeneous models
Averaged Test Accuracy (Regular Model): 0.9315
Averaged Test Accuracy (Prototype Model): 0.9235
Averaged Train Loss (Regular Model): 0.0040
Averaged Train Loss (Regular + Proto): 0.0143
All Energy: 180588.6830
Std Test Accuracy (Regular Model): 0.0443
Std Test Accuracy (Prototype Model): 0.0507
tobetrained:
[7, 5, 9, 6, 2, 1, 8, 0, 4, 3]
Edge 7 begin training
Edge 5 begin training
Edge 9 begin training
Edge 6 begin training
Edge 2 begin training
Edge 1 begin training
Edge 8 begin training
Edge 0 begin training
Edge 4 begin training
Edge 3 begin training
readyList:
[7, 5, 6, 9, 1, 2, 8, 0, 4, 3]
aggregation_buffer:
[7, 5, 6, 9, 1, 2, 8, 0, 4, 3]
end Update
server_global_time: 5588.67907576781
only_train_time: 76423.93322928518

-------------Global Round number: 85-------------

Evaluate heterogeneous models
Averaged Test Accuracy (Regular Model): 0.9314
Averaged Test Accuracy (Prototype Model): 0.9235
Averaged Train Loss (Regular Model): 0.0040
Averaged Train Loss (Regular + Proto): 0.0143
All Energy: 182713.6546
Std Test Accuracy (Regular Model): 0.0441
Std Test Accuracy (Prototype Model): 0.0513
tobetrained:
[7, 5, 6, 9, 1, 2, 8, 0, 4, 3]
Edge 7 begin training
Edge 5 begin training
Edge 6 begin training
Edge 9 begin training
Edge 1 begin training
Edge 2 begin training
Edge 8 begin training
Edge 0 begin training
Edge 4 begin training
Edge 3 begin training
readyList:
[7, 5, 1, 9, 2, 6, 8, 0, 4, 3]
aggregation_buffer:
[7, 5, 1, 9, 2, 6, 8, 0, 4, 3]
end Update
server_global_time: 5653.038204472861
only_train_time: 77313.98288151337

-------------Global Round number: 86-------------

Evaluate heterogeneous models
Averaged Test Accuracy (Regular Model): 0.9311
Averaged Test Accuracy (Prototype Model): 0.9234
Averaged Train Loss (Regular Model): 0.0041
Averaged Train Loss (Regular + Proto): 0.0143
All Energy: 184840.7680
Std Test Accuracy (Regular Model): 0.0447
Std Test Accuracy (Prototype Model): 0.0510
tobetrained:
[7, 5, 1, 9, 2, 6, 8, 0, 4, 3]
Edge 7 begin training
Edge 5 begin training
Edge 1 begin training
Edge 9 begin training
Edge 2 begin training
Edge 6 begin training
Edge 8 begin training
Edge 0 begin training
Edge 4 begin training
Edge 3 begin training
readyList:
[7, 5, 6, 9, 1, 2, 8, 0, 4, 3]
aggregation_buffer:
[7, 5, 6, 9, 1, 2, 8, 0, 4, 3]
end Update
server_global_time: 5717.024940798874
only_train_time: 78204.49562453455

-------------Global Round number: 87-------------

Evaluate heterogeneous models
Averaged Test Accuracy (Regular Model): 0.9315
Averaged Test Accuracy (Prototype Model): 0.9238
Averaged Train Loss (Regular Model): 0.0039
Averaged Train Loss (Regular + Proto): 0.0139
All Energy: 186979.4322
Std Test Accuracy (Regular Model): 0.0444
Std Test Accuracy (Prototype Model): 0.0509
tobetrained:
[7, 5, 6, 9, 1, 2, 8, 0, 4, 3]
Edge 7 begin training
Edge 5 begin training
Edge 6 begin training
Edge 9 begin training
Edge 1 begin training
Edge 2 begin training
Edge 8 begin training
Edge 0 begin training
Edge 4 begin training
Edge 3 begin training
readyList:
[7, 5, 6, 9, 1, 2, 8, 0, 4, 3]
aggregation_buffer:
[7, 5, 6, 9, 1, 2, 8, 0, 4, 3]
end Update
server_global_time: 5780.80606070091
only_train_time: 79090.98989750142

-------------Global Round number: 88-------------

Evaluate heterogeneous models
Averaged Test Accuracy (Regular Model): 0.9314
Averaged Test Accuracy (Prototype Model): 0.9238
Averaged Train Loss (Regular Model): 0.0039
Averaged Train Loss (Regular + Proto): 0.0139
All Energy: 189099.8900
Std Test Accuracy (Regular Model): 0.0447
Std Test Accuracy (Prototype Model): 0.0507
tobetrained:
[7, 5, 6, 9, 1, 2, 8, 0, 4, 3]
Edge 7 begin training
Edge 5 begin training
Edge 6 begin training
Edge 9 begin training
Edge 1 begin training
Edge 2 begin training
Edge 8 begin training
Edge 0 begin training
Edge 4 begin training
Edge 3 begin training
readyList:
[7, 5, 9, 1, 6, 8, 2, 0, 4, 3]
aggregation_buffer:
[7, 5, 9, 1, 6, 8, 2, 0, 4, 3]
end Update
server_global_time: 5845.966803171905
only_train_time: 79980.9953440954

-------------Global Round number: 89-------------

Evaluate heterogeneous models
Averaged Test Accuracy (Regular Model): 0.9310
Averaged Test Accuracy (Prototype Model): 0.9237
Averaged Train Loss (Regular Model): 0.0038
Averaged Train Loss (Regular + Proto): 0.0137
All Energy: 191223.8071
Std Test Accuracy (Regular Model): 0.0448
Std Test Accuracy (Prototype Model): 0.0509
tobetrained:
[7, 5, 9, 1, 6, 8, 2, 0, 4, 3]
Edge 7 begin training
Edge 5 begin training
Edge 9 begin training
Edge 1 begin training
Edge 6 begin training
Edge 8 begin training
Edge 2 begin training
Edge 0 begin training
Edge 4 begin training
Edge 3 begin training
readyList:
[7, 5, 6, 9, 1, 2, 8, 0, 4, 3]
aggregation_buffer:
[7, 5, 6, 9, 1, 2, 8, 0, 4, 3]
end Update
server_global_time: 5910.811987999885
only_train_time: 80855.34687605815

-------------Global Round number: 90-------------

Evaluate heterogeneous models
Averaged Test Accuracy (Regular Model): 0.9317
Averaged Test Accuracy (Prototype Model): 0.9237
Averaged Train Loss (Regular Model): 0.0037
Averaged Train Loss (Regular + Proto): 0.0135
All Energy: 193338.6842
Std Test Accuracy (Regular Model): 0.0447
Std Test Accuracy (Prototype Model): 0.0509
tobetrained:
[7, 5, 6, 9, 1, 2, 8, 0, 4, 3]
Edge 7 begin training
Edge 5 begin training
Edge 6 begin training
Edge 9 begin training
Edge 1 begin training
Edge 2 begin training
Edge 8 begin training
Edge 0 begin training
Edge 4 begin training
Edge 3 begin training
readyList:
[7, 5, 6, 9, 1, 2, 8, 0, 4, 3]
aggregation_buffer:
[7, 5, 6, 9, 1, 2, 8, 0, 4, 3]
end Update
server_global_time: 5976.155732157931
only_train_time: 81756.0999392625

-------------Global Round number: 91-------------

Evaluate heterogeneous models
Averaged Test Accuracy (Regular Model): 0.9310
Averaged Test Accuracy (Prototype Model): 0.9239
Averaged Train Loss (Regular Model): 0.0037
Averaged Train Loss (Regular + Proto): 0.0134
All Energy: 195501.4953
Std Test Accuracy (Regular Model): 0.0444
Std Test Accuracy (Prototype Model): 0.0503
tobetrained:
[7, 5, 6, 9, 1, 2, 8, 0, 4, 3]
Edge 7 begin training
Edge 5 begin training
Edge 6 begin training
Edge 9 begin training
Edge 1 begin training
Edge 2 begin training
Edge 8 begin training
Edge 0 begin training
Edge 4 begin training
Edge 3 begin training
readyList:
[7, 5, 9, 6, 1, 2, 8, 0, 4, 3]
aggregation_buffer:
[7, 5, 9, 6, 1, 2, 8, 0, 4, 3]
end Update
server_global_time: 6042.1138312108815
only_train_time: 82653.4647373315

-------------Global Round number: 92-------------

Evaluate heterogeneous models
Averaged Test Accuracy (Regular Model): 0.9313
Averaged Test Accuracy (Prototype Model): 0.9242
Averaged Train Loss (Regular Model): 0.0036
Averaged Train Loss (Regular + Proto): 0.0133
All Energy: 197647.9765
Std Test Accuracy (Regular Model): 0.0447
Std Test Accuracy (Prototype Model): 0.0505
tobetrained:
[7, 5, 9, 6, 1, 2, 8, 0, 4, 3]
Edge 7 begin training
Edge 5 begin training
Edge 9 begin training
Edge 6 begin training
Edge 1 begin training
Edge 2 begin training
Edge 8 begin training
Edge 0 begin training
Edge 4 begin training
Edge 3 begin training
readyList:
[7, 5, 6, 9, 1, 2, 8, 0, 4, 3]
aggregation_buffer:
[7, 5, 6, 9, 1, 2, 8, 0, 4, 3]
end Update
server_global_time: 6106.959471403854
only_train_time: 83535.5124280653

-------------Global Round number: 93-------------

Evaluate heterogeneous models
Averaged Test Accuracy (Regular Model): 0.9314
Averaged Test Accuracy (Prototype Model): 0.9246
Averaged Train Loss (Regular Model): 0.0036
Averaged Train Loss (Regular + Proto): 0.0132
All Energy: 199771.2716
Std Test Accuracy (Regular Model): 0.0451
Std Test Accuracy (Prototype Model): 0.0501
tobetrained:
[7, 5, 6, 9, 1, 2, 8, 0, 4, 3]
Edge 7 begin training
Edge 5 begin training
Edge 6 begin training
Edge 9 begin training
Edge 1 begin training
Edge 2 begin training
Edge 8 begin training
Edge 0 begin training
Edge 4 begin training
Edge 3 begin training
readyList:
[7, 5, 9, 6, 1, 8, 2, 0, 4, 3]
aggregation_buffer:
[7, 5, 9, 6, 1, 8, 2, 0, 4, 3]
end Update
server_global_time: 6171.414593824884
only_train_time: 84427.68767694838

-------------Global Round number: 94-------------

Evaluate heterogeneous models
Averaged Test Accuracy (Regular Model): 0.9313
Averaged Test Accuracy (Prototype Model): 0.9245
Averaged Train Loss (Regular Model): 0.0036
Averaged Train Loss (Regular + Proto): 0.0132
All Energy: 201912.2508
Std Test Accuracy (Regular Model): 0.0449
Std Test Accuracy (Prototype Model): 0.0502
tobetrained:
[7, 5, 9, 6, 1, 8, 2, 0, 4, 3]
Edge 7 begin training
Edge 5 begin training
Edge 9 begin training
Edge 6 begin training
Edge 1 begin training
Edge 8 begin training
Edge 2 begin training
Edge 0 begin training
Edge 4 begin training
Edge 3 begin training
readyList:
[7, 5, 9, 6, 1, 2, 8, 0, 4, 3]
aggregation_buffer:
[7, 5, 9, 6, 1, 2, 8, 0, 4, 3]
end Update
server_global_time: 6236.3109542308375
only_train_time: 85335.0000676263

-------------Global Round number: 95-------------

Evaluate heterogeneous models
Averaged Test Accuracy (Regular Model): 0.9314
Averaged Test Accuracy (Prototype Model): 0.9247
Averaged Train Loss (Regular Model): 0.0034
Averaged Train Loss (Regular + Proto): 0.0129
All Energy: 204085.8972
Std Test Accuracy (Regular Model): 0.0450
Std Test Accuracy (Prototype Model): 0.0501
tobetrained:
[7, 5, 9, 6, 1, 2, 8, 0, 4, 3]
Edge 7 begin training
Edge 5 begin training
Edge 9 begin training
Edge 6 begin training
Edge 1 begin training
Edge 2 begin training
Edge 8 begin training
Edge 0 begin training
Edge 4 begin training
Edge 3 begin training
readyList:
[7, 5, 9, 1, 6, 8, 2, 0, 4, 3]
aggregation_buffer:
[7, 5, 9, 1, 6, 8, 2, 0, 4, 3]
end Update
server_global_time: 6302.00217847788
only_train_time: 86238.2899945702

-------------Global Round number: 96-------------

Evaluate heterogeneous models
Averaged Test Accuracy (Regular Model): 0.9310
Averaged Test Accuracy (Prototype Model): 0.9251
Averaged Train Loss (Regular Model): 0.0034
Averaged Train Loss (Regular + Proto): 0.0129
All Energy: 206257.9700
Std Test Accuracy (Regular Model): 0.0447
Std Test Accuracy (Prototype Model): 0.0500
tobetrained:
[7, 5, 9, 1, 6, 8, 2, 0, 4, 3]
Edge 7 begin training
Edge 5 begin training
Edge 9 begin training
Edge 1 begin training
Edge 6 begin training
Edge 8 begin training
Edge 2 begin training
Edge 0 begin training
Edge 4 begin training
Edge 3 begin training
readyList:
[7, 5, 9, 1, 6, 2, 8, 0, 4, 3]
aggregation_buffer:
[7, 5, 9, 1, 6, 2, 8, 0, 4, 3]
end Update
server_global_time: 6367.243765175866
only_train_time: 87133.8497389552

-------------Global Round number: 97-------------

Evaluate heterogeneous models
Averaged Test Accuracy (Regular Model): 0.9312
Averaged Test Accuracy (Prototype Model): 0.9254
Averaged Train Loss (Regular Model): 0.0034
Averaged Train Loss (Regular + Proto): 0.0127
All Energy: 208411.0117
Std Test Accuracy (Regular Model): 0.0449
Std Test Accuracy (Prototype Model): 0.0502
tobetrained:
[7, 5, 9, 1, 6, 2, 8, 0, 4, 3]
Edge 7 begin training
Edge 5 begin training
Edge 9 begin training
Edge 1 begin training
Edge 6 begin training
Edge 2 begin training
Edge 8 begin training
Edge 0 begin training
Edge 4 begin training
Edge 3 begin training
readyList:
[7, 9, 6, 1, 8, 2, 0, 4, 5, 3]
aggregation_buffer:
[7, 9, 6, 1, 8, 2, 0, 4, 5, 3]
end Update
server_global_time: 6431.876242844854
only_train_time: 88039.36510156124

-------------Global Round number: 98-------------

Evaluate heterogeneous models
Averaged Test Accuracy (Regular Model): 0.9310
Averaged Test Accuracy (Prototype Model): 0.9251
Averaged Train Loss (Regular Model): 0.0033
Averaged Train Loss (Regular + Proto): 0.0126
All Energy: 210590.3253
Std Test Accuracy (Regular Model): 0.0454
Std Test Accuracy (Prototype Model): 0.0497
tobetrained:
[7, 9, 6, 1, 8, 2, 0, 4, 5, 3]
Edge 7 begin training
Edge 9 begin training
Edge 6 begin training
Edge 1 begin training
Edge 8 begin training
Edge 2 begin training
Edge 0 begin training
Edge 4 begin training
Edge 5 begin training
Edge 3 begin training
readyList:
[7, 5, 9, 6, 1, 2, 8, 0, 4, 3]
aggregation_buffer:
[7, 5, 9, 6, 1, 2, 8, 0, 4, 3]
end Update
server_global_time: 6497.189261261839
only_train_time: 88934.31964534713

-------------Global Round number: 99-------------

Evaluate heterogeneous models
Averaged Test Accuracy (Regular Model): 0.9314
Averaged Test Accuracy (Prototype Model): 0.9253
Averaged Train Loss (Regular Model): 0.0034
Averaged Train Loss (Regular + Proto): 0.0125
All Energy: 212742.9922
Std Test Accuracy (Regular Model): 0.0447
Std Test Accuracy (Prototype Model): 0.0497
tobetrained:
[7, 5, 9, 6, 1, 2, 8, 0, 4, 3]
Edge 7 begin training
Edge 5 begin training
Edge 9 begin training
Edge 6 begin training
Edge 1 begin training
Edge 2 begin training
Edge 8 begin training
Edge 0 begin training
Edge 4 begin training
Edge 3 begin training
readyList:
[7, 5, 6, 9, 1, 2, 8, 0, 4, 3]
aggregation_buffer:
[7, 5, 6, 9, 1, 2, 8, 0, 4, 3]
end Update
server_global_time: 6561.077929022838
only_train_time: 89817.72659095697

-------------Global Round number: 100-------------

Evaluate heterogeneous models
Averaged Test Accuracy (Regular Model): 0.9311
Averaged Test Accuracy (Prototype Model): 0.9252
Averaged Train Loss (Regular Model): 0.0032
Averaged Train Loss (Regular + Proto): 0.0123
All Energy: 214864.6839
Std Test Accuracy (Regular Model): 0.0451
Std Test Accuracy (Prototype Model): 0.0498

Best accuracy.
0.9318830649765901
File path: ../results/FashionMNIST_dir_0.3_imbalance_40_FedProto_test_0.h5

Average time cost: 97485.82s.
Length:  101
std for best accurancy: 0.0
mean for best accurancy: 0.9318830649765901
All done!

Storage on cpu
-------------------------------------------------------------------------------
Total Tensors: 5130 	Used Memory: 20.50K
-------------------------------------------------------------------------------
