==================================================
goal = test
device = cuda
device_id = 0
dataset = Cifar100_dir_0.1_imbalance_40
jetson = 0
DVFS = 0
drawGMM = 0
num_classes = 100
model_family = HtFE8
batch_size = 256
num_workers = 0
local_learning_rate = 0.06
use_decay_scheduler = False
learning_rate_decay = False
learning_rate_decay_gamma = 0.99
global_rounds = 200
edge_epochs = 1
local_epochs = 5
algorithm = FedGen
join_ratio = 1.0
edge_join_ratio = 1.0
random_join_ratio = False
num_clients = 40
num_edges = 10
prev = 0
times = 1
eval_gap = 1
save_folder_name = temp
auto_break = False
feature_dim = 512
vocab_size = 98635
max_len = 200
client_drop_rate = 0.0
train_slow_rate = 0.0
send_slow_rate = 0.0
time_select = False
time_threthold = 10000
optimizer = SGD
lamda = 1.0
weight_decay = 0
trans_delay_simulate = False
momentum = 0.8
agg_type = 0
buffersize = 10
gl_use_clients = 1
test_useglclassifier = 1
gamma = 1
extra_loss = 0
delta = 1
drawtsne = 1
drawround = 20
noise_dim = 512
generator_learning_rate = 0.0001
hidden_dim = 512
server_epochs = 100
alpha = 1.0
beta = 1.0
mentee_learning_rate = 0.005
T_start = 0.95
T_end = 0.98
server_learning_rate = 0.01
margin_threthold = 100.0
generator_path = stylegan/stylegan-xl-models/imagenet64.pkl
stable_diffusion_prompt = a cat
server_batch_size = 100
gen_batch_size = 4
mu = 50.0
buffer_size = 10
==================================================
Random seed set as 42

============= Running time: 0th =============
Creating server and clients ...
FedAvgCNN(in_features=3, num_classes=args.num_classes, dim=1600)
torchvision.models.googlenet(pretrained=False, aux_logits=False, num_classes=args.num_classes)
mobilenet_v2(pretrained=False, num_classes=args.num_classes)
torchvision.models.resnet18(pretrained=False, num_classes=args.num_classes)
torchvision.models.resnet34(pretrained=False, num_classes=args.num_classes)
torchvision.models.resnet50(pretrained=False, num_classes=args.num_classes)
torchvision.models.resnet101(pretrained=False, num_classes=args.num_classes)
torchvision.models.resnet152(pretrained=False, num_classes=args.num_classes)
temp/Cifar100_dir_0.1_imbalance_40/NE_10/featuredim_512/FedGen/SGD/lr_0.06/wd_0/momentum_0.8/lbs_256/lamda_1.0/localepoch_5/buffer_10/gamma_1_usegltest_1/1739613753.6642878
FedAvgCNN(in_features=3, num_classes=args.num_classes, dim=1600) model chosen!
id 0
label_counts: defaultdict(<class 'int'>, {94: 108, 2: 13, 12: 49, 37: 384, 79: 5, 65: 9, 24: 48, 7: 1, 1: 39, 85: 17, 53: 41, 67: 3, 48: 145, 50: 65, 93: 104, 87: 36, 3: 11, 68: 18, 76: 19, 34: 6, 31: 3, 54: 26, 30: 8, 70: 3, 59: 3, 57: 5, 5: 1, 4: 4, 55: 1, 47: 5, 0: 4, 66: 2, 33: 2, 38: 1, 77: 1, 86: 2, 25: 2, 46: 4})
trans_simu_time 15.04
torchvision.models.googlenet(pretrained=False, aux_logits=False, num_classes=args.num_classes) model chosen!
id 1
label_counts: defaultdict(<class 'int'>, {76: 127, 54: 261, 24: 39, 81: 158, 69: 110, 75: 32, 67: 10, 28: 15, 29: 21, 78: 96, 58: 36, 65: 71, 0: 32, 21: 6, 92: 38, 61: 52, 42: 7, 3: 1, 19: 3, 72: 7, 48: 1, 83: 6, 47: 2, 38: 3, 39: 1, 82: 2, 66: 1, 73: 4, 1: 1, 33: 5, 15: 1})
trans_simu_time 15.04
mobilenet_v2(pretrained=False, num_classes=args.num_classes) model chosen!
id 2
label_counts: defaultdict(<class 'int'>, {66: 88, 10: 66, 42: 75, 64: 3, 48: 13, 83: 299, 28: 46, 81: 104, 21: 264, 77: 50, 35: 42, 69: 9, 4: 16, 27: 47, 23: 29, 31: 26, 47: 7, 39: 12, 7: 9, 54: 2, 19: 12, 73: 4, 20: 33, 3: 8, 15: 10, 49: 4, 71: 47, 32: 12, 2: 5, 33: 4, 5: 4, 29: 9, 65: 3, 13: 5, 68: 1, 45: 3, 24: 1, 51: 5, 12: 1, 60: 1, 34: 1})
trans_simu_time 15.04
torchvision.models.resnet18(pretrained=False, num_classes=args.num_classes) model chosen!
id 3
label_counts: defaultdict(<class 'int'>, {30: 54, 2: 131, 47: 365, 33: 205, 3: 132, 20: 52, 8: 76, 34: 13, 5: 27, 17: 4, 13: 28, 21: 66, 41: 26, 35: 5, 6: 26, 7: 10, 38: 1, 23: 1, 31: 1, 45: 1, 40: 1})
trans_simu_time 15.04
torchvision.models.resnet34(pretrained=False, num_classes=args.num_classes) model chosen!
id 4
label_counts: defaultdict(<class 'int'>, {78: 152, 42: 27, 55: 161, 34: 68, 64: 228, 2: 94, 60: 53, 39: 110, 45: 3, 17: 31, 73: 36, 11: 10, 46: 44, 35: 7, 58: 24, 6: 33, 30: 11, 19: 1, 50: 4, 10: 2, 59: 3, 37: 2, 38: 11, 52: 1, 32: 4, 5: 2, 41: 1, 33: 1, 15: 2, 57: 1, 72: 2, 9: 3, 8: 1, 66: 1})
trans_simu_time 15.04
torchvision.models.resnet50(pretrained=False, num_classes=args.num_classes) model chosen!
id 5
label_counts: defaultdict(<class 'int'>, {36: 5, 45: 30, 90: 79, 12: 20, 92: 54, 41: 64, 16: 114, 38: 35, 86: 45, 97: 108, 69: 17, 79: 33, 83: 54, 93: 30, 53: 4, 29: 48, 24: 8, 8: 12, 77: 3, 89: 91, 72: 38, 32: 31, 18: 10, 10: 19, 62: 5, 33: 2, 4: 5, 48: 24, 98: 4, 64: 5, 40: 3, 17: 1, 26: 18, 9: 6, 19: 4, 39: 1, 28: 3, 60: 4, 58: 2, 37: 4, 96: 1})
trans_simu_time 15.04
torchvision.models.resnet101(pretrained=False, num_classes=args.num_classes) model chosen!
id 6
label_counts: defaultdict(<class 'int'>, {26: 153, 18: 185, 49: 200, 53: 25, 83: 8, 25: 111, 94: 106, 80: 144, 82: 52, 7: 12, 67: 33, 46: 19, 9: 25, 20: 17, 0: 31, 31: 3, 24: 17, 13: 1, 6: 9, 58: 9, 32: 14, 64: 1, 85: 10, 73: 2, 15: 1, 30: 2, 75: 1, 71: 1, 42: 1, 78: 1})
trans_simu_time 15.04
torchvision.models.resnet152(pretrained=False, num_classes=args.num_classes) model chosen!
id 7
label_counts: defaultdict(<class 'int'>, {25: 8, 48: 183, 14: 114, 29: 9, 87: 34, 99: 61, 4: 8, 46: 92, 73: 11, 18: 10, 19: 60, 98: 28, 31: 126, 40: 94, 75: 16, 68: 6, 26: 3, 61: 80, 39: 14, 77: 1, 69: 9, 33: 9, 82: 10, 88: 14, 84: 8, 74: 1, 32: 1, 58: 12, 64: 6, 20: 1, 37: 1, 79: 2, 49: 4, 62: 2, 2: 4, 66: 2, 36: 1, 93: 1})
trans_simu_time 15.04
FedAvgCNN(in_features=3, num_classes=args.num_classes, dim=1600) model chosen!
id 8
label_counts: defaultdict(<class 'int'>, {86: 215, 60: 38, 5: 16, 9: 18, 36: 150, 32: 26, 51: 96, 59: 51, 71: 20, 82: 37, 65: 5, 7: 10, 28: 14, 46: 199, 50: 116, 38: 43, 73: 3, 75: 38, 4: 9, 57: 13, 15: 9, 16: 9, 67: 4, 77: 6, 22: 16, 68: 3, 85: 5, 52: 1, 2: 4, 0: 1, 49: 3, 8: 5, 76: 2, 37: 2, 24: 1, 23: 1, 62: 4})
trans_simu_time 15.04
torchvision.models.googlenet(pretrained=False, aux_logits=False, num_classes=args.num_classes) model chosen!
id 9
label_counts: defaultdict(<class 'int'>, {94: 157, 52: 92, 66: 13, 70: 304, 16: 55, 17: 111, 91: 61, 27: 25, 83: 7, 4: 12, 39: 36, 90: 48, 11: 72, 93: 101, 48: 3, 24: 3, 55: 30, 42: 7, 33: 12, 40: 11, 57: 1, 19: 4, 21: 9, 29: 3, 51: 3, 7: 1, 34: 2, 63: 2, 0: 4, 2: 1, 35: 1, 1: 6, 25: 3, 77: 4, 15: 1, 23: 1})
trans_simu_time 15.04
mobilenet_v2(pretrained=False, num_classes=args.num_classes) model chosen!
id 10
label_counts: defaultdict(<class 'int'>, {38: 147, 35: 82, 34: 71, 67: 30, 36: 103, 58: 189, 76: 68, 71: 27, 17: 46, 33: 44, 15: 23, 21: 4, 26: 43, 42: 40, 64: 5, 22: 65, 70: 45, 31: 11, 9: 10, 19: 15, 57: 26, 54: 1, 7: 17, 25: 13, 59: 2, 11: 9, 68: 17, 5: 7, 18: 2, 6: 3, 63: 4, 4: 3, 49: 4, 23: 1, 2: 1, 52: 1, 74: 2, 30: 1})
trans_simu_time 15.04
torchvision.models.resnet18(pretrained=False, num_classes=args.num_classes) model chosen!
id 11
label_counts: defaultdict(<class 'int'>, {27: 4, 57: 161, 53: 124, 71: 161, 29: 94, 4: 34, 44: 95, 17: 102, 15: 191, 47: 9, 37: 16, 13: 29, 56: 62, 42: 37, 45: 2, 25: 10, 62: 2, 61: 5, 14: 1, 8: 4, 67: 1, 2: 1, 69: 1, 30: 10, 1: 2, 38: 2, 28: 1})
trans_simu_time 15.04
torchvision.models.resnet34(pretrained=False, num_classes=args.num_classes) model chosen!
id 12
label_counts: defaultdict(<class 'int'>, {56: 51, 50: 15, 7: 8, 12: 44, 58: 78, 45: 246, 20: 191, 79: 28, 29: 4, 27: 8, 9: 5, 89: 41, 1: 5, 21: 20, 70: 10, 82: 10, 51: 30, 23: 2, 73: 12, 72: 10, 8: 23, 55: 13, 69: 1, 52: 1, 43: 4, 97: 13, 74: 4, 75: 1, 26: 7, 65: 8, 87: 1, 66: 1, 6: 2, 14: 1, 30: 2, 61: 5, 53: 2, 38: 1, 32: 1, 22: 3, 33: 2, 92: 1})
trans_simu_time 15.04
torchvision.models.resnet50(pretrained=False, num_classes=args.num_classes) model chosen!
id 13
label_counts: defaultdict(<class 'int'>, {51: 70, 44: 107, 57: 52, 90: 66, 26: 79, 96: 212, 3: 143, 63: 39, 70: 36, 54: 39, 82: 25, 52: 21, 64: 41, 25: 68, 72: 4, 7: 48, 69: 66, 13: 6, 37: 5, 30: 40, 31: 7, 6: 1, 17: 34, 92: 4, 38: 23, 32: 7, 43: 2, 40: 17, 71: 1, 74: 4, 19: 2, 78: 3, 14: 8, 10: 3, 20: 8, 93: 4, 48: 3, 73: 2, 41: 1, 5: 1, 24: 1, 33: 2, 46: 1})
trans_simu_time 15.04
torchvision.models.resnet101(pretrained=False, num_classes=args.num_classes) model chosen!
id 14
label_counts: defaultdict(<class 'int'>, {64: 5, 62: 150, 39: 151, 97: 118, 60: 44, 38: 37, 69: 87, 11: 42, 57: 10, 35: 50, 37: 7, 48: 30, 99: 18, 63: 9, 19: 38, 83: 4, 27: 7, 49: 19, 75: 18, 77: 15, 0: 8, 34: 17, 90: 3, 2: 16, 74: 7, 67: 4, 51: 5, 24: 12, 47: 1, 50: 5, 66: 1, 17: 10, 41: 1, 59: 1, 80: 5, 18: 1, 43: 4, 72: 1})
trans_simu_time 15.04
torchvision.models.resnet152(pretrained=False, num_classes=args.num_classes) model chosen!
id 15
label_counts: defaultdict(<class 'int'>, {25: 110, 89: 106, 69: 18, 75: 238, 91: 178, 58: 19, 66: 112, 73: 16, 36: 4, 64: 48, 41: 14, 80: 20, 38: 38, 90: 32, 3: 7, 53: 39, 46: 13, 43: 41, 62: 12, 68: 16, 29: 13, 28: 38, 71: 6, 54: 32, 0: 21, 49: 17, 34: 7, 76: 26, 72: 6, 33: 1, 42: 6, 60: 1, 20: 2, 44: 2, 8: 4, 37: 1, 21: 1, 50: 1, 26: 1, 35: 1, 61: 1})
trans_simu_time 15.04
FedAvgCNN(in_features=3, num_classes=args.num_classes, dim=1600) model chosen!
id 16
label_counts: defaultdict(<class 'int'>, {25: 12, 92: 180, 36: 147, 76: 126, 90: 130, 26: 19, 51: 25, 32: 8, 13: 111, 56: 7, 65: 43, 55: 66, 22: 22, 39: 16, 81: 3, 40: 70, 15: 4, 54: 8, 34: 20, 7: 35, 46: 12, 2: 52, 4: 20, 59: 31, 66: 10, 11: 13, 89: 5, 72: 1, 91: 1, 42: 6, 63: 7, 70: 4, 29: 6, 0: 3, 78: 2, 77: 2, 86: 3, 58: 1, 45: 5, 28: 6, 87: 1, 61: 1, 52: 1})
trans_simu_time 15.04
torchvision.models.googlenet(pretrained=False, aux_logits=False, num_classes=args.num_classes) model chosen!
id 17
label_counts: defaultdict(<class 'int'>, {22: 148, 16: 107, 8: 19, 75: 4, 28: 6, 62: 19, 59: 19, 82: 190, 36: 3, 6: 193, 10: 47, 50: 87, 63: 29, 27: 38, 55: 19, 53: 21, 69: 60, 81: 26, 64: 5, 21: 4, 44: 30, 80: 17, 18: 6, 23: 5, 26: 2, 67: 4, 68: 8, 52: 1, 31: 3, 79: 2, 35: 1, 56: 1, 71: 1})
trans_simu_time 15.04
mobilenet_v2(pretrained=False, num_classes=args.num_classes) model chosen!
id 18
label_counts: defaultdict(<class 'int'>, {29: 30, 22: 11, 24: 42, 19: 43, 27: 63, 78: 12, 74: 203, 93: 9, 98: 7, 89: 38, 21: 1, 46: 33, 95: 42, 18: 8, 39: 22, 16: 8, 91: 1, 73: 15, 40: 1, 79: 9, 97: 44, 7: 14, 17: 5, 65: 13, 28: 15, 64: 6, 55: 2, 1: 7, 10: 7, 41: 3, 31: 4, 9: 2, 25: 6, 12: 7, 56: 1, 52: 2, 81: 3, 88: 2, 15: 1, 86: 1, 8: 3})
trans_simu_time 15.04
torchvision.models.resnet18(pretrained=False, num_classes=args.num_classes) model chosen!
id 19
label_counts: defaultdict(<class 'int'>, {52: 262, 65: 39, 68: 80, 20: 84, 28: 57, 31: 72, 38: 45, 6: 19, 23: 61, 8: 16, 51: 49, 53: 82, 57: 77, 58: 17, 37: 14, 66: 9, 32: 56, 24: 12, 56: 1, 25: 8, 27: 66, 39: 21, 15: 5, 1: 3, 5: 5, 35: 2, 26: 5, 50: 1, 11: 1, 17: 1, 54: 1})
trans_simu_time 15.04
torchvision.models.resnet34(pretrained=False, num_classes=args.num_classes) model chosen!
id 20
label_counts: defaultdict(<class 'int'>, {0: 217, 12: 61, 74: 70, 25: 38, 43: 125, 8: 2, 17: 16, 66: 147, 69: 9, 11: 49, 9: 19, 16: 17, 50: 60, 2: 14, 42: 52, 34: 93, 68: 10, 4: 16, 54: 21, 22: 78, 67: 10, 73: 5, 61: 8, 58: 2, 32: 2, 40: 7, 64: 1, 28: 3, 52: 1, 38: 1, 45: 2})
trans_simu_time 15.04
torchvision.models.resnet50(pretrained=False, num_classes=args.num_classes) model chosen!
id 21
label_counts: defaultdict(<class 'int'>, {6: 26, 88: 61, 92: 153, 90: 8, 7: 2, 41: 214, 9: 81, 80: 167, 74: 126, 72: 40, 42: 27, 39: 26, 1: 13, 86: 52, 91: 13, 29: 25, 54: 23, 8: 24, 69: 2, 76: 21, 53: 23, 59: 4, 62: 6, 71: 10, 16: 8, 68: 13, 32: 3, 64: 1, 24: 17, 79: 10, 67: 2, 87: 1, 51: 5, 57: 4, 25: 1, 17: 1, 21: 1, 47: 1, 20: 1})
trans_simu_time 15.04
torchvision.models.resnet101(pretrained=False, num_classes=args.num_classes) model chosen!
id 22
label_counts: defaultdict(<class 'int'>, {9: 252, 29: 87, 18: 57, 30: 220, 15: 160, 28: 97, 10: 91, 0: 57, 32: 58, 20: 3, 3: 31, 19: 10, 26: 14, 5: 2})
trans_simu_time 15.04
torchvision.models.resnet152(pretrained=False, num_classes=args.num_classes) model chosen!
id 23
label_counts: defaultdict(<class 'int'>, {8: 96, 78: 180, 68: 168, 42: 35, 87: 168, 29: 94, 27: 102, 44: 121, 82: 63, 12: 46, 28: 26, 65: 47, 16: 15, 23: 2, 75: 1, 19: 5, 17: 2, 64: 3, 58: 12, 9: 10, 66: 9, 46: 1, 39: 1, 56: 1, 81: 1, 18: 1, 72: 3, 14: 2, 40: 2, 3: 1, 52: 1, 32: 1, 24: 1, 51: 2, 61: 1, 25: 1, 26: 1})
trans_simu_time 15.04
FedAvgCNN(in_features=3, num_classes=args.num_classes, dim=1600) model chosen!
id 24
label_counts: defaultdict(<class 'int'>, {1: 113, 89: 107, 88: 87, 41: 23, 73: 16, 6: 41, 65: 23, 62: 8, 3: 30, 93: 18, 64: 4, 61: 7, 40: 138, 97: 51, 19: 27, 15: 14, 95: 50, 54: 9, 83: 36, 33: 10, 27: 7, 79: 5, 50: 18, 4: 19, 69: 11, 71: 6, 87: 18, 35: 11, 5: 4, 13: 2, 90: 4, 2: 4, 59: 7, 85: 5, 49: 10, 84: 2, 30: 1, 32: 2, 75: 1, 8: 2})
trans_simu_time 15.04
torchvision.models.googlenet(pretrained=False, aux_logits=False, num_classes=args.num_classes) model chosen!
id 25
label_counts: defaultdict(<class 'int'>, {85: 82, 68: 59, 44: 11, 99: 168, 42: 118, 97: 22, 33: 4, 57: 10, 51: 37, 73: 284, 67: 82, 75: 90, 17: 12, 78: 7, 92: 17, 77: 1, 11: 7, 16: 1, 62: 16, 56: 5, 98: 4, 91: 8, 38: 1, 52: 1, 43: 7, 36: 3, 13: 4, 18: 1, 71: 1, 60: 2, 96: 2, 72: 2, 37: 1, 49: 1, 10: 1, 40: 1, 82: 1})
trans_simu_time 15.04
mobilenet_v2(pretrained=False, num_classes=args.num_classes) model chosen!
id 26
label_counts: defaultdict(<class 'int'>, {7: 34, 88: 161, 79: 286, 6: 37, 43: 67, 19: 177, 51: 5, 12: 3, 81: 52, 31: 51, 80: 68, 1: 41, 82: 24, 84: 35, 86: 103, 30: 14, 38: 21, 85: 31, 41: 26, 10: 8, 44: 3, 69: 6, 77: 4, 66: 1, 39: 2, 50: 9, 61: 5, 9: 1, 14: 1, 71: 2, 87: 2, 68: 1, 48: 1, 3: 1, 52: 1, 16: 1})
trans_simu_time 15.04
torchvision.models.resnet18(pretrained=False, num_classes=args.num_classes) model chosen!
id 27
label_counts: defaultdict(<class 'int'>, {10: 24, 62: 213, 77: 43, 43: 180, 23: 188, 0: 48, 60: 75, 49: 87, 7: 32, 19: 38, 39: 29, 73: 29, 27: 18, 76: 9, 80: 34, 69: 2, 59: 8, 31: 8, 1: 20, 79: 17, 15: 3, 46: 15, 70: 2, 63: 1, 6: 2, 57: 6, 28: 2, 48: 2, 44: 4, 9: 1, 17: 2, 30: 1, 41: 3, 65: 1})
trans_simu_time 15.04
torchvision.models.resnet34(pretrained=False, num_classes=args.num_classes) model chosen!
id 28
label_counts: defaultdict(<class 'int'>, {93: 126, 4: 287, 55: 70, 25: 6, 16: 95, 84: 91, 67: 149, 34: 11, 71: 76, 58: 1, 80: 3, 1: 4, 59: 20, 86: 4, 31: 20, 78: 5, 54: 9, 2: 5, 92: 16, 66: 11, 76: 5, 7: 13, 97: 12, 73: 1, 11: 1, 87: 1, 26: 4, 75: 1, 28: 1, 17: 1, 30: 3, 53: 2})
trans_simu_time 15.04
torchvision.models.resnet50(pretrained=False, num_classes=args.num_classes) model chosen!
id 29
label_counts: defaultdict(<class 'int'>, {5: 131, 34: 83, 65: 144, 45: 116, 49: 20, 61: 214, 44: 15, 3: 31, 8: 142, 10: 138, 22: 8, 2: 1, 15: 19, 39: 5, 55: 61, 12: 13, 57: 1, 54: 1, 42: 1, 38: 3, 18: 3, 53: 1, 43: 1, 7: 1})
trans_simu_time 15.04
torchvision.models.resnet101(pretrained=False, num_classes=args.num_classes) model chosen!
id 30
label_counts: defaultdict(<class 'int'>, {99: 75, 35: 57, 57: 48, 60: 30, 36: 29, 63: 36, 84: 252, 89: 8, 82: 19, 13: 39, 51: 29, 22: 8, 77: 96, 14: 73, 30: 5, 58: 21, 87: 85, 85: 8, 72: 28, 68: 32, 71: 11, 25: 20, 98: 9, 96: 1, 27: 10, 19: 8, 34: 3, 5: 1, 26: 2, 31: 4, 70: 9, 11: 1, 32: 1, 56: 1, 23: 2, 24: 2, 15: 1, 12: 2, 69: 1, 88: 1, 64: 2, 54: 1})
trans_simu_time 15.04
torchvision.models.resnet152(pretrained=False, num_classes=args.num_classes) model chosen!
id 31
label_counts: defaultdict(<class 'int'>, {85: 39, 30: 57, 72: 219, 43: 14, 68: 13, 91: 13, 11: 165, 93: 79, 98: 18, 79: 30, 95: 109, 12: 8, 5: 2, 15: 15, 87: 81, 69: 1, 53: 24, 28: 19, 45: 4, 35: 8, 70: 21, 60: 27, 41: 5, 27: 1, 74: 2, 1: 6, 57: 6, 86: 5, 44: 1, 24: 1, 56: 4, 51: 2, 4: 1, 37: 2, 96: 6, 47: 1, 29: 2, 88: 2, 84: 1, 67: 1, 20: 2, 25: 1, 19: 2, 97: 1, 33: 1, 78: 1})
trans_simu_time 15.04
FedAvgCNN(in_features=3, num_classes=args.num_classes, dim=1600) model chosen!
id 32
label_counts: defaultdict(<class 'int'>, {13: 180, 81: 82, 14: 128, 24: 148, 51: 61, 2: 37, 8: 23, 71: 12, 83: 20, 10: 45, 49: 66, 35: 59, 64: 65, 16: 17, 5: 17, 47: 3, 27: 28, 28: 71, 31: 1, 38: 16, 74: 8, 67: 9, 34: 1, 45: 6, 17: 4, 32: 1, 73: 1, 77: 4, 4: 1, 29: 4, 22: 2, 68: 2, 44: 1, 9: 1, 52: 1, 12: 1, 60: 1, 59: 1, 70: 1, 36: 1, 30: 1})
trans_simu_time 15.04
torchvision.models.googlenet(pretrained=False, aux_logits=False, num_classes=args.num_classes) model chosen!
id 33
label_counts: defaultdict(<class 'int'>, {76: 55, 53: 17, 63: 294, 29: 15, 40: 16, 77: 156, 24: 85, 74: 6, 59: 10, 45: 30, 32: 30, 6: 58, 44: 13, 7: 152, 28: 10, 55: 17, 17: 36, 13: 41, 49: 6, 54: 17, 65: 14, 11: 27, 34: 15, 61: 8, 43: 10, 62: 1, 3: 17, 60: 14, 5: 9, 21: 2, 1: 1, 41: 1, 42: 1, 39: 1})
trans_simu_time 15.04
mobilenet_v2(pretrained=False, num_classes=args.num_classes) model chosen!
id 34
label_counts: defaultdict(<class 'int'>, {32: 92, 85: 205, 60: 82, 45: 7, 88: 51, 52: 11, 51: 24, 1: 67, 2: 26, 40: 20, 72: 29, 61: 64, 41: 68, 99: 20, 63: 25, 65: 21, 98: 16, 81: 9, 53: 18, 90: 19, 33: 14, 56: 24, 92: 2, 28: 5, 69: 7, 47: 8, 67: 1, 74: 3, 71: 2, 64: 2, 12: 1, 82: 4, 24: 1, 50: 1, 83: 1, 22: 2, 30: 3, 34: 1, 46: 1})
trans_simu_time 15.04
torchvision.models.resnet18(pretrained=False, num_classes=args.num_classes) model chosen!
id 35
label_counts: defaultdict(<class 'int'>, {71: 64, 12: 200, 1: 95, 32: 91, 82: 20, 26: 88, 66: 15, 99: 86, 7: 30, 90: 60, 97: 65, 47: 32, 52: 2, 17: 9, 53: 4, 33: 22, 65: 13, 38: 8, 25: 3, 22: 11, 8: 1, 50: 25, 11: 11, 78: 3, 4: 23, 29: 1, 74: 4, 91: 5, 20: 3, 96: 1, 23: 11, 30: 1, 34: 2, 43: 4, 61: 1, 44: 10, 83: 2, 64: 1, 59: 2, 87: 2, 46: 2, 69: 1, 56: 1})
trans_simu_time 15.04
torchvision.models.resnet34(pretrained=False, num_classes=args.num_classes) model chosen!
id 36
label_counts: defaultdict(<class 'int'>, {59: 293, 18: 116, 56: 244, 40: 61, 67: 15, 21: 74, 20: 47, 48: 4, 38: 42, 22: 34, 1: 33, 30: 19, 44: 43, 35: 22, 25: 28, 70: 18, 69: 2, 55: 7, 13: 3, 17: 2, 58: 4, 31: 6, 10: 1, 52: 3, 60: 6, 33: 1, 11: 1, 62: 2, 19: 1})
trans_simu_time 15.04
torchvision.models.resnet50(pretrained=False, num_classes=args.num_classes) model chosen!
id 37
label_counts: defaultdict(<class 'int'>, {14: 127, 21: 13, 5: 225, 77: 53, 67: 100, 11: 22, 35: 90, 95: 54, 64: 19, 66: 17, 87: 15, 98: 36, 34: 6, 56: 38, 74: 10, 94: 25, 22: 22, 89: 21, 60: 24, 57: 9, 75: 10, 86: 3, 23: 4, 46: 5, 81: 3, 48: 1, 18: 1, 50: 1, 39: 7, 3: 7, 93: 1, 61: 2, 10: 8, 85: 1, 27: 1, 41: 3, 38: 2, 99: 1})
trans_simu_time 15.04
torchvision.models.resnet101(pretrained=False, num_classes=args.num_classes) model chosen!
id 38
label_counts: defaultdict(<class 'int'>, {98: 330, 7: 20, 48: 39, 95: 18, 94: 45, 23: 130, 69: 40, 19: 12, 18: 36, 91: 15, 60: 45, 84: 62, 34: 19, 86: 17, 90: 18, 2: 34, 54: 4, 96: 14, 33: 79, 81: 1, 68: 4, 67: 3, 70: 1, 38: 2, 28: 5, 40: 5, 22: 8, 47: 4, 8: 1, 99: 1, 63: 10, 57: 4, 71: 1, 93: 1, 56: 1, 97: 1, 74: 1, 12: 1})
trans_simu_time 15.04
torchvision.models.resnet152(pretrained=False, num_classes=args.num_classes) model chosen!
id 39
label_counts: defaultdict(<class 'int'>, {56: 9, 96: 208, 48: 1, 95: 177, 31: 107, 91: 165, 85: 62, 70: 4, 88: 71, 69: 1, 72: 62, 3: 44, 62: 2, 89: 16, 93: 1, 17: 26, 83: 17, 90: 1, 50: 31, 68: 1, 52: 27, 0: 36, 27: 9, 36: 1, 76: 1, 63: 1, 64: 1, 25: 3, 84: 1, 59: 1, 75: 1, 78: 1, 32: 2, 11: 4, 71: 1, 5: 5, 67: 5, 1: 1, 16: 1, 86: 1, 46: 5, 41: 1, 47: 3, 58: 3, 57: 2, 44: 6, 80: 1, 51: 1, 19: 1, 65: 1, 94: 1, 29: 2, 82: 1, 53: 1, 23: 9, 81: 1, 28: 2, 61: 1, 26: 10, 66: 1, 40: 1, 8: 1, 22: 1, 34: 1, 18: 1, 77: 1, 9: 1, 7: 2, 38: 1, 92: 1, 42: 1, 2: 1, 24: 1, 54: 1, 4: 1})
trans_simu_time 15.04

Join ratio / total clients: 1.0 / 40
Finished creating server and clients.
------------------------- time cost ------------------------- 147.06014943122864

-------------Round number: 0-------------

Evaluate heterogeneous models
Averaged Test Accuracy (Regular Model): 0.2414
Averaged Train Loss (Regular Model): 2.6423
Averaged Test AUC: 0.9086
Std Test Accurancy: 0.1189
Std Test AUC: 0.0499
------------------------- time cost ------------------------- 146.48738741874695

-------------Round number: 1-------------

Evaluate heterogeneous models
Averaged Test Accuracy (Regular Model): 0.3096
Averaged Train Loss (Regular Model): 2.1330
Averaged Test AUC: 0.9420
Std Test Accurancy: 0.1142
Std Test AUC: 0.0197
------------------------- time cost ------------------------- 146.00764870643616

-------------Round number: 2-------------

Evaluate heterogeneous models
Averaged Test Accuracy (Regular Model): 0.3375
Averaged Train Loss (Regular Model): 1.9048
Averaged Test AUC: 0.9426
Std Test Accurancy: 0.1077
Std Test AUC: 0.0244
------------------------- time cost ------------------------- 146.5657675266266

-------------Round number: 3-------------

Evaluate heterogeneous models
Averaged Test Accuracy (Regular Model): 0.3476
Averaged Train Loss (Regular Model): 1.7228
Averaged Test AUC: 0.9397
Std Test Accurancy: 0.1231
Std Test AUC: 0.0206
------------------------- time cost ------------------------- 146.0851137638092

-------------Round number: 4-------------

Evaluate heterogeneous models
Averaged Test Accuracy (Regular Model): 0.3658
Averaged Train Loss (Regular Model): 1.4548
Averaged Test AUC: 0.9332
Std Test Accurancy: 0.1113
Std Test AUC: 0.0254
------------------------- time cost ------------------------- 147.12385392189026

-------------Round number: 5-------------

Evaluate heterogeneous models
Averaged Test Accuracy (Regular Model): 0.3667
Averaged Train Loss (Regular Model): 1.2383
Averaged Test AUC: 0.9217
Std Test Accurancy: 0.1177
Std Test AUC: 0.0388
------------------------- time cost ------------------------- 146.71818804740906

-------------Round number: 6-------------

Evaluate heterogeneous models
Averaged Test Accuracy (Regular Model): 0.3761
Averaged Train Loss (Regular Model): 1.0674
Averaged Test AUC: 0.9096
Std Test Accurancy: 0.1015
Std Test AUC: 0.0377
------------------------- time cost ------------------------- 147.60737943649292

-------------Round number: 7-------------

Evaluate heterogeneous models
Averaged Test Accuracy (Regular Model): 0.3776
Averaged Train Loss (Regular Model): 0.8706
Averaged Test AUC: 0.8983
Std Test Accurancy: 0.1031
Std Test AUC: 0.0404
------------------------- time cost ------------------------- 142.80533170700073

-------------Round number: 8-------------

Evaluate heterogeneous models
Averaged Test Accuracy (Regular Model): 0.3848
Averaged Train Loss (Regular Model): 0.7247
Averaged Test AUC: 0.8911
Std Test Accurancy: 0.1047
Std Test AUC: 0.0452
------------------------- time cost ------------------------- 147.4379963874817

-------------Round number: 9-------------

Evaluate heterogeneous models
Averaged Test Accuracy (Regular Model): 0.3897
Averaged Train Loss (Regular Model): 0.6526
Averaged Test AUC: 0.8877
Std Test Accurancy: 0.1071
Std Test AUC: 0.0495
------------------------- time cost ------------------------- 149.4331340789795

-------------Round number: 10-------------

Evaluate heterogeneous models
Averaged Test Accuracy (Regular Model): 0.3907
Averaged Train Loss (Regular Model): 0.5834
Averaged Test AUC: 0.8799
Std Test Accurancy: 0.1071
Std Test AUC: 0.0525
------------------------- time cost ------------------------- 147.240407705307

-------------Round number: 11-------------

Evaluate heterogeneous models
Averaged Test Accuracy (Regular Model): 0.3850
Averaged Train Loss (Regular Model): 0.5534
Averaged Test AUC: 0.8686
Std Test Accurancy: 0.1122
Std Test AUC: 0.0516
------------------------- time cost ------------------------- 146.88556385040283

-------------Round number: 12-------------

Evaluate heterogeneous models
Averaged Test Accuracy (Regular Model): 0.3902
Averaged Train Loss (Regular Model): 0.5098
Averaged Test AUC: 0.8711
Std Test Accurancy: 0.1052
Std Test AUC: 0.0532
------------------------- time cost ------------------------- 147.3292121887207

-------------Round number: 13-------------

Evaluate heterogeneous models
Averaged Test Accuracy (Regular Model): 0.3879
Averaged Train Loss (Regular Model): 0.4590
Averaged Test AUC: 0.8651
Std Test Accurancy: 0.1187
Std Test AUC: 0.0553
------------------------- time cost ------------------------- 145.54155206680298

-------------Round number: 14-------------

Evaluate heterogeneous models
Averaged Test Accuracy (Regular Model): 0.3959
Averaged Train Loss (Regular Model): 0.4426
Averaged Test AUC: 0.8642
Std Test Accurancy: 0.1003
Std Test AUC: 0.0561
------------------------- time cost ------------------------- 147.02367615699768

-------------Round number: 15-------------

Evaluate heterogeneous models
Averaged Test Accuracy (Regular Model): 0.3953
Averaged Train Loss (Regular Model): 0.4070
Averaged Test AUC: 0.8621
Std Test Accurancy: 0.1073
Std Test AUC: 0.0559
------------------------- time cost ------------------------- 146.22544264793396

-------------Round number: 16-------------

Evaluate heterogeneous models
Averaged Test Accuracy (Regular Model): 0.3999
Averaged Train Loss (Regular Model): 0.4102
Averaged Test AUC: 0.8573
Std Test Accurancy: 0.0997
Std Test AUC: 0.0561
------------------------- time cost ------------------------- 151.43167638778687

-------------Round number: 17-------------

Evaluate heterogeneous models
Averaged Test Accuracy (Regular Model): 0.3947
Averaged Train Loss (Regular Model): 0.3930
Averaged Test AUC: 0.8626
Std Test Accurancy: 0.1050
Std Test AUC: 0.0547
------------------------- time cost ------------------------- 145.21131682395935

-------------Round number: 18-------------

Evaluate heterogeneous models
Averaged Test Accuracy (Regular Model): 0.3980
Averaged Train Loss (Regular Model): 0.3421
Averaged Test AUC: 0.8555
Std Test Accurancy: 0.1009
Std Test AUC: 0.0559
------------------------- time cost ------------------------- 147.57135128974915

-------------Round number: 19-------------

Evaluate heterogeneous models
Averaged Test Accuracy (Regular Model): 0.4039
Averaged Train Loss (Regular Model): 0.3195
Averaged Test AUC: 0.8567
Std Test Accurancy: 0.0980
Std Test AUC: 0.0534
------------------------- time cost ------------------------- 151.7184829711914

-------------Round number: 20-------------

Evaluate heterogeneous models
Averaged Test Accuracy (Regular Model): 0.4027
Averaged Train Loss (Regular Model): 0.3218
Averaged Test AUC: 0.8556
Std Test Accurancy: 0.1026
Std Test AUC: 0.0540
------------------------- time cost ------------------------- 152.15184664726257

-------------Round number: 21-------------

Evaluate heterogeneous models
Averaged Test Accuracy (Regular Model): 0.4052
Averaged Train Loss (Regular Model): 0.2947
Averaged Test AUC: 0.8553
Std Test Accurancy: 0.0981
Std Test AUC: 0.0540
------------------------- time cost ------------------------- 151.0915789604187

-------------Round number: 22-------------

Evaluate heterogeneous models
Averaged Test Accuracy (Regular Model): 0.3990
Averaged Train Loss (Regular Model): 0.2801
Averaged Test AUC: 0.8529
Std Test Accurancy: 0.1015
Std Test AUC: 0.0567
------------------------- time cost ------------------------- 157.00100755691528

-------------Round number: 23-------------

Evaluate heterogeneous models
Averaged Test Accuracy (Regular Model): 0.4047
Averaged Train Loss (Regular Model): 0.2873
Averaged Test AUC: 0.8538
Std Test Accurancy: 0.0975
Std Test AUC: 0.0546
------------------------- time cost ------------------------- 146.10572600364685

-------------Round number: 24-------------

Evaluate heterogeneous models
Averaged Test Accuracy (Regular Model): 0.4055
Averaged Train Loss (Regular Model): 0.2913
Averaged Test AUC: 0.8532
Std Test Accurancy: 0.0971
Std Test AUC: 0.0564
------------------------- time cost ------------------------- 152.09096097946167

-------------Round number: 25-------------

Evaluate heterogeneous models
Averaged Test Accuracy (Regular Model): 0.4019
Averaged Train Loss (Regular Model): 0.2991
Averaged Test AUC: 0.8515
Std Test Accurancy: 0.0973
Std Test AUC: 0.0564
------------------------- time cost ------------------------- 150.97933959960938

-------------Round number: 26-------------

Evaluate heterogeneous models
Averaged Test Accuracy (Regular Model): 0.4050
Averaged Train Loss (Regular Model): 0.2525
Averaged Test AUC: 0.8527
Std Test Accurancy: 0.0989
Std Test AUC: 0.0563
------------------------- time cost ------------------------- 148.73619198799133

-------------Round number: 27-------------

Evaluate heterogeneous models
Averaged Test Accuracy (Regular Model): 0.4066
Averaged Train Loss (Regular Model): 0.2851
Averaged Test AUC: 0.8540
Std Test Accurancy: 0.0943
Std Test AUC: 0.0572
------------------------- time cost ------------------------- 149.5611822605133

-------------Round number: 28-------------

Evaluate heterogeneous models
Averaged Test Accuracy (Regular Model): 0.4034
Averaged Train Loss (Regular Model): 0.2683
Averaged Test AUC: 0.8547
Std Test Accurancy: 0.0950
Std Test AUC: 0.0563
------------------------- time cost ------------------------- 150.619366645813

-------------Round number: 29-------------

Evaluate heterogeneous models
Averaged Test Accuracy (Regular Model): 0.4005
Averaged Train Loss (Regular Model): 0.2340
Averaged Test AUC: 0.8540
Std Test Accurancy: 0.1008
Std Test AUC: 0.0551
------------------------- time cost ------------------------- 151.21615839004517

-------------Round number: 30-------------

Evaluate heterogeneous models
Averaged Test Accuracy (Regular Model): 0.4078
Averaged Train Loss (Regular Model): 0.2901
Averaged Test AUC: 0.8540
Std Test Accurancy: 0.0965
Std Test AUC: 0.0554
------------------------- time cost ------------------------- 150.51902651786804

-------------Round number: 31-------------

Evaluate heterogeneous models
Averaged Test Accuracy (Regular Model): 0.4077
Averaged Train Loss (Regular Model): 0.3108
Averaged Test AUC: 0.8493
Std Test Accurancy: 0.0939
Std Test AUC: 0.0555
------------------------- time cost ------------------------- 148.2306444644928

-------------Round number: 32-------------

Evaluate heterogeneous models
Averaged Test Accuracy (Regular Model): 0.4066
Averaged Train Loss (Regular Model): 0.2791
Averaged Test AUC: 0.8533
Std Test Accurancy: 0.0956
Std Test AUC: 0.0559
------------------------- time cost ------------------------- 152.4992299079895

-------------Round number: 33-------------

Evaluate heterogeneous models
Averaged Test Accuracy (Regular Model): 0.4082
Averaged Train Loss (Regular Model): 0.2456
Averaged Test AUC: 0.8529
Std Test Accurancy: 0.0952
Std Test AUC: 0.0558
------------------------- time cost ------------------------- 153.1025824546814

-------------Round number: 34-------------

Evaluate heterogeneous models
Averaged Test Accuracy (Regular Model): 0.4078
Averaged Train Loss (Regular Model): 0.2509
Averaged Test AUC: 0.8509
Std Test Accurancy: 0.0948
Std Test AUC: 0.0564
------------------------- time cost ------------------------- 154.45572900772095

-------------Round number: 35-------------

Evaluate heterogeneous models
Averaged Test Accuracy (Regular Model): 0.4133
Averaged Train Loss (Regular Model): 0.2808
Averaged Test AUC: 0.8515
Std Test Accurancy: 0.0943
Std Test AUC: 0.0560
------------------------- time cost ------------------------- 148.8167006969452

-------------Round number: 36-------------

Evaluate heterogeneous models
Averaged Test Accuracy (Regular Model): 0.4116
Averaged Train Loss (Regular Model): 0.2404
Averaged Test AUC: 0.8504
Std Test Accurancy: 0.0947
Std Test AUC: 0.0585
------------------------- time cost ------------------------- 143.58845615386963

-------------Round number: 37-------------

Evaluate heterogeneous models
Averaged Test Accuracy (Regular Model): 0.4108
Averaged Train Loss (Regular Model): 0.2174
Averaged Test AUC: 0.8503
Std Test Accurancy: 0.0936
Std Test AUC: 0.0585
------------------------- time cost ------------------------- 144.31345748901367

-------------Round number: 38-------------

Evaluate heterogeneous models
Averaged Test Accuracy (Regular Model): 0.4118
Averaged Train Loss (Regular Model): 0.2390
Averaged Test AUC: 0.8508
Std Test Accurancy: 0.0928
Std Test AUC: 0.0575
------------------------- time cost ------------------------- 142.77288031578064

-------------Round number: 39-------------

Evaluate heterogeneous models
Averaged Test Accuracy (Regular Model): 0.4135
Averaged Train Loss (Regular Model): 0.2306
Averaged Test AUC: 0.8513
Std Test Accurancy: 0.0886
Std Test AUC: 0.0565
------------------------- time cost ------------------------- 144.21191477775574

-------------Round number: 40-------------

Evaluate heterogeneous models
Averaged Test Accuracy (Regular Model): 0.4130
Averaged Train Loss (Regular Model): 0.2068
Averaged Test AUC: 0.8506
Std Test Accurancy: 0.0960
Std Test AUC: 0.0576
------------------------- time cost ------------------------- 136.92012071609497

-------------Round number: 41-------------

Evaluate heterogeneous models
Averaged Test Accuracy (Regular Model): 0.4169
Averaged Train Loss (Regular Model): 0.1970
Averaged Test AUC: 0.8516
Std Test Accurancy: 0.0905
Std Test AUC: 0.0581
------------------------- time cost ------------------------- 145.16441440582275

-------------Round number: 42-------------

Evaluate heterogeneous models
Averaged Test Accuracy (Regular Model): 0.4166
Averaged Train Loss (Regular Model): 0.1973
Averaged Test AUC: 0.8503
Std Test Accurancy: 0.0903
Std Test AUC: 0.0588
------------------------- time cost ------------------------- 147.03085803985596

-------------Round number: 43-------------

Evaluate heterogeneous models
Averaged Test Accuracy (Regular Model): 0.4169
Averaged Train Loss (Regular Model): 0.1715
Averaged Test AUC: 0.8499
Std Test Accurancy: 0.0888
Std Test AUC: 0.0573
------------------------- time cost ------------------------- 143.45053362846375

-------------Round number: 44-------------

Evaluate heterogeneous models
Averaged Test Accuracy (Regular Model): 0.4126
Averaged Train Loss (Regular Model): 0.2112
Averaged Test AUC: 0.8501
Std Test Accurancy: 0.0959
Std Test AUC: 0.0571
------------------------- time cost ------------------------- 144.64468932151794

-------------Round number: 45-------------

Evaluate heterogeneous models
Averaged Test Accuracy (Regular Model): 0.4128
Averaged Train Loss (Regular Model): 0.1695
Averaged Test AUC: 0.8498
Std Test Accurancy: 0.0920
Std Test AUC: 0.0589
------------------------- time cost ------------------------- 146.71968817710876

-------------Round number: 46-------------

Evaluate heterogeneous models
Averaged Test Accuracy (Regular Model): 0.4122
Averaged Train Loss (Regular Model): 0.1709
Averaged Test AUC: 0.8495
Std Test Accurancy: 0.0924
Std Test AUC: 0.0579
------------------------- time cost ------------------------- 143.44776797294617

-------------Round number: 47-------------

Evaluate heterogeneous models
Averaged Test Accuracy (Regular Model): 0.4133
Averaged Train Loss (Regular Model): 0.1918
Averaged Test AUC: 0.8477
Std Test Accurancy: 0.0935
Std Test AUC: 0.0575
------------------------- time cost ------------------------- 143.77489280700684

-------------Round number: 48-------------

Evaluate heterogeneous models
Averaged Test Accuracy (Regular Model): 0.4158
Averaged Train Loss (Regular Model): 0.1716
Averaged Test AUC: 0.8489
Std Test Accurancy: 0.0917
Std Test AUC: 0.0588
------------------------- time cost ------------------------- 144.9884512424469

-------------Round number: 49-------------

Evaluate heterogeneous models
Averaged Test Accuracy (Regular Model): 0.4126
Averaged Train Loss (Regular Model): 0.1994
Averaged Test AUC: 0.8468
Std Test Accurancy: 0.0921
Std Test AUC: 0.0583
------------------------- time cost ------------------------- 144.43238377571106

-------------Round number: 50-------------

Evaluate heterogeneous models
Averaged Test Accuracy (Regular Model): 0.4112
Averaged Train Loss (Regular Model): 0.1820
Averaged Test AUC: 0.8487
Std Test Accurancy: 0.0911
Std Test AUC: 0.0580
------------------------- time cost ------------------------- 144.5772352218628

-------------Round number: 51-------------

Evaluate heterogeneous models
Averaged Test Accuracy (Regular Model): 0.4106
Averaged Train Loss (Regular Model): 0.1987
Averaged Test AUC: 0.8474
Std Test Accurancy: 0.0945
Std Test AUC: 0.0566
------------------------- time cost ------------------------- 144.67309141159058

-------------Round number: 52-------------

Evaluate heterogeneous models
Averaged Test Accuracy (Regular Model): 0.4161
Averaged Train Loss (Regular Model): 0.1798
Averaged Test AUC: 0.8519
Std Test Accurancy: 0.0907
Std Test AUC: 0.0577
------------------------- time cost ------------------------- 148.2738344669342

-------------Round number: 53-------------

Evaluate heterogeneous models
Averaged Test Accuracy (Regular Model): 0.4183
Averaged Train Loss (Regular Model): 0.1813
Averaged Test AUC: 0.8504
Std Test Accurancy: 0.0896
Std Test AUC: 0.0585
------------------------- time cost ------------------------- 149.5545892715454

-------------Round number: 54-------------

Evaluate heterogeneous models
Averaged Test Accuracy (Regular Model): 0.4152
Averaged Train Loss (Regular Model): 0.1433
Averaged Test AUC: 0.8492
Std Test Accurancy: 0.0919
Std Test AUC: 0.0596
------------------------- time cost ------------------------- 146.2533574104309

-------------Round number: 55-------------

Evaluate heterogeneous models
Averaged Test Accuracy (Regular Model): 0.4140
Averaged Train Loss (Regular Model): 0.1925
Averaged Test AUC: 0.8486
Std Test Accurancy: 0.0947
Std Test AUC: 0.0572
------------------------- time cost ------------------------- 147.58139896392822

-------------Round number: 56-------------

Evaluate heterogeneous models
Averaged Test Accuracy (Regular Model): 0.4168
Averaged Train Loss (Regular Model): 0.1792
Averaged Test AUC: 0.8484
Std Test Accurancy: 0.0885
Std Test AUC: 0.0587
------------------------- time cost ------------------------- 144.73004627227783

-------------Round number: 57-------------

Evaluate heterogeneous models
Averaged Test Accuracy (Regular Model): 0.4132
Averaged Train Loss (Regular Model): 0.1677
Averaged Test AUC: 0.8475
Std Test Accurancy: 0.0893
Std Test AUC: 0.0582
------------------------- time cost ------------------------- 146.99843215942383

-------------Round number: 58-------------

Evaluate heterogeneous models
Averaged Test Accuracy (Regular Model): 0.4155
Averaged Train Loss (Regular Model): 0.1724
Averaged Test AUC: 0.8500
Std Test Accurancy: 0.0900
Std Test AUC: 0.0577
------------------------- time cost ------------------------- 148.0121066570282

-------------Round number: 59-------------

Evaluate heterogeneous models
Averaged Test Accuracy (Regular Model): 0.4120
Averaged Train Loss (Regular Model): 0.1836
Averaged Test AUC: 0.8489
Std Test Accurancy: 0.0946
Std Test AUC: 0.0576
------------------------- time cost ------------------------- 145.9517412185669

-------------Round number: 60-------------

Evaluate heterogeneous models
Averaged Test Accuracy (Regular Model): 0.4134
Averaged Train Loss (Regular Model): 0.1671
Averaged Test AUC: 0.8483
Std Test Accurancy: 0.0926
Std Test AUC: 0.0580
------------------------- time cost ------------------------- 144.64716744422913

-------------Round number: 61-------------

Evaluate heterogeneous models
Averaged Test Accuracy (Regular Model): 0.4186
Averaged Train Loss (Regular Model): 0.1540
Averaged Test AUC: 0.8518
Std Test Accurancy: 0.0877
Std Test AUC: 0.0579
------------------------- time cost ------------------------- 148.00453090667725

-------------Round number: 62-------------

Evaluate heterogeneous models
Averaged Test Accuracy (Regular Model): 0.4165
Averaged Train Loss (Regular Model): 0.1421
Averaged Test AUC: 0.8504
Std Test Accurancy: 0.0900
Std Test AUC: 0.0579
------------------------- time cost ------------------------- 144.9156460762024

-------------Round number: 63-------------

Evaluate heterogeneous models
Averaged Test Accuracy (Regular Model): 0.4192
Averaged Train Loss (Regular Model): 0.1985
Averaged Test AUC: 0.8499
Std Test Accurancy: 0.0907
Std Test AUC: 0.0569
------------------------- time cost ------------------------- 149.8372528553009

-------------Round number: 64-------------

Evaluate heterogeneous models
Averaged Test Accuracy (Regular Model): 0.4194
Averaged Train Loss (Regular Model): 0.1502
Averaged Test AUC: 0.8492
Std Test Accurancy: 0.0911
Std Test AUC: 0.0585
------------------------- time cost ------------------------- 150.3133373260498

-------------Round number: 65-------------

Evaluate heterogeneous models
Averaged Test Accuracy (Regular Model): 0.4224
Averaged Train Loss (Regular Model): 0.1442
Averaged Test AUC: 0.8508
Std Test Accurancy: 0.0881
Std Test AUC: 0.0575
------------------------- time cost ------------------------- 152.67736792564392

-------------Round number: 66-------------

Evaluate heterogeneous models
Averaged Test Accuracy (Regular Model): 0.4176
Averaged Train Loss (Regular Model): 0.1996
Averaged Test AUC: 0.8482
Std Test Accurancy: 0.0899
Std Test AUC: 0.0577
------------------------- time cost ------------------------- 146.38074135780334

-------------Round number: 67-------------

Evaluate heterogeneous models
Averaged Test Accuracy (Regular Model): 0.4197
Averaged Train Loss (Regular Model): 0.1475
Averaged Test AUC: 0.8487
Std Test Accurancy: 0.0892
Std Test AUC: 0.0580
------------------------- time cost ------------------------- 142.57217717170715

-------------Round number: 68-------------

Evaluate heterogeneous models
Averaged Test Accuracy (Regular Model): 0.4152
Averaged Train Loss (Regular Model): 0.1548
Averaged Test AUC: 0.8468
Std Test Accurancy: 0.0904
Std Test AUC: 0.0570
------------------------- time cost ------------------------- 143.92121148109436

-------------Round number: 69-------------

Evaluate heterogeneous models
Averaged Test Accuracy (Regular Model): 0.4205
Averaged Train Loss (Regular Model): 0.1245
Averaged Test AUC: 0.8490
Std Test Accurancy: 0.0883
Std Test AUC: 0.0582
------------------------- time cost ------------------------- 145.6072371006012

-------------Round number: 70-------------

Evaluate heterogeneous models
Averaged Test Accuracy (Regular Model): 0.4162
Averaged Train Loss (Regular Model): 0.1492
Averaged Test AUC: 0.8464
Std Test Accurancy: 0.0935
Std Test AUC: 0.0571
------------------------- time cost ------------------------- 147.03906679153442

-------------Round number: 71-------------

Evaluate heterogeneous models
Averaged Test Accuracy (Regular Model): 0.4184
Averaged Train Loss (Regular Model): 0.1401
Averaged Test AUC: 0.8475
Std Test Accurancy: 0.0906
Std Test AUC: 0.0579
------------------------- time cost ------------------------- 145.09861612319946

-------------Round number: 72-------------

Evaluate heterogeneous models
Averaged Test Accuracy (Regular Model): 0.4243
Averaged Train Loss (Regular Model): 0.1396
Averaged Test AUC: 0.8497
Std Test Accurancy: 0.0884
Std Test AUC: 0.0574
------------------------- time cost ------------------------- 149.21867609024048

-------------Round number: 73-------------

Evaluate heterogeneous models
Averaged Test Accuracy (Regular Model): 0.4178
Averaged Train Loss (Regular Model): 0.1619
Averaged Test AUC: 0.8497
Std Test Accurancy: 0.0941
Std Test AUC: 0.0577
------------------------- time cost ------------------------- 147.48759722709656

-------------Round number: 74-------------

Evaluate heterogeneous models
Averaged Test Accuracy (Regular Model): 0.4172
Averaged Train Loss (Regular Model): 0.1262
Averaged Test AUC: 0.8498
Std Test Accurancy: 0.0911
Std Test AUC: 0.0567
------------------------- time cost ------------------------- 144.00135803222656

-------------Round number: 75-------------

Evaluate heterogeneous models
Averaged Test Accuracy (Regular Model): 0.4204
Averaged Train Loss (Regular Model): 0.1347
Averaged Test AUC: 0.8503
Std Test Accurancy: 0.0915
Std Test AUC: 0.0581
------------------------- time cost ------------------------- 143.6436424255371

-------------Round number: 76-------------

Evaluate heterogeneous models
Averaged Test Accuracy (Regular Model): 0.4211
Averaged Train Loss (Regular Model): 0.1318
Averaged Test AUC: 0.8486
Std Test Accurancy: 0.0921
Std Test AUC: 0.0581
------------------------- time cost ------------------------- 147.20735335350037

-------------Round number: 77-------------

Evaluate heterogeneous models
Averaged Test Accuracy (Regular Model): 0.4206
Averaged Train Loss (Regular Model): 0.1269
Averaged Test AUC: 0.8510
Std Test Accurancy: 0.0899
Std Test AUC: 0.0579
------------------------- time cost ------------------------- 144.18795776367188

-------------Round number: 78-------------

Evaluate heterogeneous models
Averaged Test Accuracy (Regular Model): 0.4214
Averaged Train Loss (Regular Model): 0.1292
Averaged Test AUC: 0.8502
Std Test Accurancy: 0.0907
Std Test AUC: 0.0563
------------------------- time cost ------------------------- 143.92260336875916

-------------Round number: 79-------------

Evaluate heterogeneous models
Averaged Test Accuracy (Regular Model): 0.4200
Averaged Train Loss (Regular Model): 0.1312
Averaged Test AUC: 0.8495
Std Test Accurancy: 0.0922
Std Test AUC: 0.0556
------------------------- time cost ------------------------- 143.96858835220337

-------------Round number: 80-------------

Evaluate heterogeneous models
Averaged Test Accuracy (Regular Model): 0.4233
Averaged Train Loss (Regular Model): 0.1324
Averaged Test AUC: 0.8498
Std Test Accurancy: 0.0904
Std Test AUC: 0.0596
------------------------- time cost ------------------------- 145.04083704948425

-------------Round number: 81-------------

Evaluate heterogeneous models
Averaged Test Accuracy (Regular Model): 0.4181
Averaged Train Loss (Regular Model): 0.1242
Averaged Test AUC: 0.8500
Std Test Accurancy: 0.0935
Std Test AUC: 0.0571
------------------------- time cost ------------------------- 145.183091878891

-------------Round number: 82-------------

Evaluate heterogeneous models
Averaged Test Accuracy (Regular Model): 0.4202
Averaged Train Loss (Regular Model): 0.1123
Averaged Test AUC: 0.8476
Std Test Accurancy: 0.0909
Std Test AUC: 0.0570
------------------------- time cost ------------------------- 141.11536073684692

-------------Round number: 83-------------

Evaluate heterogeneous models
Averaged Test Accuracy (Regular Model): 0.4221
Averaged Train Loss (Regular Model): 0.1278
Averaged Test AUC: 0.8476
Std Test Accurancy: 0.0895
Std Test AUC: 0.0572
------------------------- time cost ------------------------- 143.20537614822388

-------------Round number: 84-------------

Evaluate heterogeneous models
Averaged Test Accuracy (Regular Model): 0.4193
Averaged Train Loss (Regular Model): 0.1068
Averaged Test AUC: 0.8483
Std Test Accurancy: 0.0910
Std Test AUC: 0.0569
------------------------- time cost ------------------------- 142.84878182411194

-------------Round number: 85-------------

Evaluate heterogeneous models
Averaged Test Accuracy (Regular Model): 0.4203
Averaged Train Loss (Regular Model): 0.1181
Averaged Test AUC: 0.8490
Std Test Accurancy: 0.0882
Std Test AUC: 0.0568
------------------------- time cost ------------------------- 143.56142902374268

-------------Round number: 86-------------

Evaluate heterogeneous models
Averaged Test Accuracy (Regular Model): 0.4200
Averaged Train Loss (Regular Model): 0.1259
Averaged Test AUC: 0.8472
Std Test Accurancy: 0.0896
Std Test AUC: 0.0575
------------------------- time cost ------------------------- 143.49267148971558

-------------Round number: 87-------------

Evaluate heterogeneous models
Averaged Test Accuracy (Regular Model): 0.4207
Averaged Train Loss (Regular Model): 0.0988
Averaged Test AUC: 0.8484
Std Test Accurancy: 0.0911
Std Test AUC: 0.0576
------------------------- time cost ------------------------- 144.5624086856842

-------------Round number: 88-------------

Evaluate heterogeneous models
Averaged Test Accuracy (Regular Model): 0.4186
Averaged Train Loss (Regular Model): 0.1209
Averaged Test AUC: 0.8479
Std Test Accurancy: 0.0906
Std Test AUC: 0.0580
------------------------- time cost ------------------------- 141.82834458351135

-------------Round number: 89-------------

Evaluate heterogeneous models
Averaged Test Accuracy (Regular Model): 0.4186
Averaged Train Loss (Regular Model): 0.1158
Averaged Test AUC: 0.8484
Std Test Accurancy: 0.0896
Std Test AUC: 0.0583
------------------------- time cost ------------------------- 145.36587595939636

-------------Round number: 90-------------

Evaluate heterogeneous models
Averaged Test Accuracy (Regular Model): 0.4182
Averaged Train Loss (Regular Model): 0.1140
Averaged Test AUC: 0.8480
Std Test Accurancy: 0.0897
Std Test AUC: 0.0578
------------------------- time cost ------------------------- 142.12288880348206

-------------Round number: 91-------------

Evaluate heterogeneous models
Averaged Test Accuracy (Regular Model): 0.4208
Averaged Train Loss (Regular Model): 0.1183
Averaged Test AUC: 0.8478
Std Test Accurancy: 0.0909
Std Test AUC: 0.0597
------------------------- time cost ------------------------- 143.4376356601715

-------------Round number: 92-------------

Evaluate heterogeneous models
Averaged Test Accuracy (Regular Model): 0.4232
Averaged Train Loss (Regular Model): 0.0950
Averaged Test AUC: 0.8495
Std Test Accurancy: 0.0876
Std Test AUC: 0.0578
------------------------- time cost ------------------------- 142.4103479385376

-------------Round number: 93-------------

Evaluate heterogeneous models
Averaged Test Accuracy (Regular Model): 0.4211
Averaged Train Loss (Regular Model): 0.1125
Averaged Test AUC: 0.8493
Std Test Accurancy: 0.0886
Std Test AUC: 0.0569
------------------------- time cost ------------------------- 142.42222118377686

-------------Round number: 94-------------

Evaluate heterogeneous models
Averaged Test Accuracy (Regular Model): 0.4198
Averaged Train Loss (Regular Model): 0.1215
Averaged Test AUC: 0.8483
Std Test Accurancy: 0.0886
Std Test AUC: 0.0569
------------------------- time cost ------------------------- 142.83298993110657

-------------Round number: 95-------------

Evaluate heterogeneous models
Averaged Test Accuracy (Regular Model): 0.4218
Averaged Train Loss (Regular Model): 0.0857
Averaged Test AUC: 0.8485
Std Test Accurancy: 0.0876
Std Test AUC: 0.0574
------------------------- time cost ------------------------- 141.93163537979126

-------------Round number: 96-------------

Evaluate heterogeneous models
Averaged Test Accuracy (Regular Model): 0.4213
Averaged Train Loss (Regular Model): 0.1072
Averaged Test AUC: 0.8468
Std Test Accurancy: 0.0887
Std Test AUC: 0.0560
------------------------- time cost ------------------------- 143.11211514472961

-------------Round number: 97-------------

Evaluate heterogeneous models
Averaged Test Accuracy (Regular Model): 0.4208
Averaged Train Loss (Regular Model): 0.0852
Averaged Test AUC: 0.8485
Std Test Accurancy: 0.0890
Std Test AUC: 0.0573
------------------------- time cost ------------------------- 143.96504139900208

-------------Round number: 98-------------

Evaluate heterogeneous models
Averaged Test Accuracy (Regular Model): 0.4216
Averaged Train Loss (Regular Model): 0.1214
Averaged Test AUC: 0.8484
Std Test Accurancy: 0.0886
Std Test AUC: 0.0577
------------------------- time cost ------------------------- 141.99463152885437

-------------Round number: 99-------------

Evaluate heterogeneous models
Averaged Test Accuracy (Regular Model): 0.4235
Averaged Train Loss (Regular Model): 0.0983
Averaged Test AUC: 0.8487
Std Test Accurancy: 0.0869
Std Test AUC: 0.0567
------------------------- time cost ------------------------- 141.00556325912476

-------------Round number: 100-------------

Evaluate heterogeneous models
Averaged Test Accuracy (Regular Model): 0.4200
Averaged Train Loss (Regular Model): 0.1110
Averaged Test AUC: 0.8462
Std Test Accurancy: 0.0919
Std Test AUC: 0.0562
------------------------- time cost ------------------------- 142.96738481521606

-------------Round number: 101-------------

Evaluate heterogeneous models
Averaged Test Accuracy (Regular Model): 0.4208
Averaged Train Loss (Regular Model): 0.1072
Averaged Test AUC: 0.8468
Std Test Accurancy: 0.0897
Std Test AUC: 0.0579
------------------------- time cost ------------------------- 142.55963492393494

-------------Round number: 102-------------

Evaluate heterogeneous models
Averaged Test Accuracy (Regular Model): 0.4204
Averaged Train Loss (Regular Model): 0.1044
Averaged Test AUC: 0.8467
Std Test Accurancy: 0.0902
Std Test AUC: 0.0567
------------------------- time cost ------------------------- 140.782208442688

-------------Round number: 103-------------

Evaluate heterogeneous models
Averaged Test Accuracy (Regular Model): 0.4192
Averaged Train Loss (Regular Model): 0.1052
Averaged Test AUC: 0.8472
Std Test Accurancy: 0.0919
Std Test AUC: 0.0573
------------------------- time cost ------------------------- 142.0302176475525

-------------Round number: 104-------------

Evaluate heterogeneous models
Averaged Test Accuracy (Regular Model): 0.4176
Averaged Train Loss (Regular Model): 0.1191
Averaged Test AUC: 0.8475
Std Test Accurancy: 0.0908
Std Test AUC: 0.0585
------------------------- time cost ------------------------- 142.122948884964

-------------Round number: 105-------------

Evaluate heterogeneous models
Averaged Test Accuracy (Regular Model): 0.4167
Averaged Train Loss (Regular Model): 0.1271
Averaged Test AUC: 0.8486
Std Test Accurancy: 0.0902
Std Test AUC: 0.0586
------------------------- time cost ------------------------- 139.78871726989746

-------------Round number: 106-------------

Evaluate heterogeneous models
Averaged Test Accuracy (Regular Model): 0.4185
Averaged Train Loss (Regular Model): 0.1090
Averaged Test AUC: 0.8501
Std Test Accurancy: 0.0921
Std Test AUC: 0.0582
------------------------- time cost ------------------------- 142.2867181301117

-------------Round number: 107-------------

Evaluate heterogeneous models
Averaged Test Accuracy (Regular Model): 0.4120
Averaged Train Loss (Regular Model): 0.1706
Averaged Test AUC: 0.8472
Std Test Accurancy: 0.0984
Std Test AUC: 0.0553
------------------------- time cost ------------------------- 144.06222009658813

-------------Round number: 108-------------

Evaluate heterogeneous models
Averaged Test Accuracy (Regular Model): 0.4194
Averaged Train Loss (Regular Model): 0.1196
Averaged Test AUC: 0.8493
Std Test Accurancy: 0.0896
Std Test AUC: 0.0578
------------------------- time cost ------------------------- 141.67868828773499

-------------Round number: 109-------------

Evaluate heterogeneous models
Averaged Test Accuracy (Regular Model): 0.4206
Averaged Train Loss (Regular Model): 0.1099
Averaged Test AUC: 0.8475
Std Test Accurancy: 0.0901
Std Test AUC: 0.0552
------------------------- time cost ------------------------- 142.20951557159424

-------------Round number: 110-------------

Evaluate heterogeneous models
Averaged Test Accuracy (Regular Model): 0.4188
Averaged Train Loss (Regular Model): 0.1110
Averaged Test AUC: 0.8495
Std Test Accurancy: 0.0920
Std Test AUC: 0.0566
------------------------- time cost ------------------------- 143.0738615989685

-------------Round number: 111-------------

Evaluate heterogeneous models
Averaged Test Accuracy (Regular Model): 0.4212
Averaged Train Loss (Regular Model): 0.1063
Averaged Test AUC: 0.8498
Std Test Accurancy: 0.0881
Std Test AUC: 0.0576
------------------------- time cost ------------------------- 140.66631197929382

-------------Round number: 112-------------

Evaluate heterogeneous models
Averaged Test Accuracy (Regular Model): 0.4204
Averaged Train Loss (Regular Model): 0.0773
Averaged Test AUC: 0.8483
Std Test Accurancy: 0.0864
Std Test AUC: 0.0582
------------------------- time cost ------------------------- 141.82569122314453

-------------Round number: 113-------------

Evaluate heterogeneous models
Averaged Test Accuracy (Regular Model): 0.4170
Averaged Train Loss (Regular Model): 0.1052
Averaged Test AUC: 0.8496
Std Test Accurancy: 0.0896
Std Test AUC: 0.0572
------------------------- time cost ------------------------- 144.22245526313782

-------------Round number: 114-------------

Evaluate heterogeneous models
Averaged Test Accuracy (Regular Model): 0.4182
Averaged Train Loss (Regular Model): 0.0933
Averaged Test AUC: 0.8500
Std Test Accurancy: 0.0863
Std Test AUC: 0.0567
------------------------- time cost ------------------------- 141.22089385986328

-------------Round number: 115-------------

Evaluate heterogeneous models
Averaged Test Accuracy (Regular Model): 0.4205
Averaged Train Loss (Regular Model): 0.1186
Averaged Test AUC: 0.8505
Std Test Accurancy: 0.0875
Std Test AUC: 0.0574
------------------------- time cost ------------------------- 145.667005777359

-------------Round number: 116-------------

Evaluate heterogeneous models
Averaged Test Accuracy (Regular Model): 0.4197
Averaged Train Loss (Regular Model): 0.1162
Averaged Test AUC: 0.8517
Std Test Accurancy: 0.0914
Std Test AUC: 0.0557
------------------------- time cost ------------------------- 139.38180446624756

-------------Round number: 117-------------

Evaluate heterogeneous models
Averaged Test Accuracy (Regular Model): 0.4146
Averaged Train Loss (Regular Model): 0.1061
Averaged Test AUC: 0.8504
Std Test Accurancy: 0.0931
Std Test AUC: 0.0555
------------------------- time cost ------------------------- 142.3112165927887

-------------Round number: 118-------------

Evaluate heterogeneous models
Averaged Test Accuracy (Regular Model): 0.4166
Averaged Train Loss (Regular Model): 0.0901
Averaged Test AUC: 0.8505
Std Test Accurancy: 0.0893
Std Test AUC: 0.0566
------------------------- time cost ------------------------- 139.69534730911255

-------------Round number: 119-------------

Evaluate heterogeneous models
Averaged Test Accuracy (Regular Model): 0.4189
Averaged Train Loss (Regular Model): 0.0774
Averaged Test AUC: 0.8512
Std Test Accurancy: 0.0866
Std Test AUC: 0.0561
------------------------- time cost ------------------------- 139.41213154792786

-------------Round number: 120-------------

Evaluate heterogeneous models
Averaged Test Accuracy (Regular Model): 0.4203
Averaged Train Loss (Regular Model): 0.0927
Averaged Test AUC: 0.8511
Std Test Accurancy: 0.0877
Std Test AUC: 0.0568
------------------------- time cost ------------------------- 138.6731514930725

-------------Round number: 121-------------

Evaluate heterogeneous models
Averaged Test Accuracy (Regular Model): 0.4222
Averaged Train Loss (Regular Model): 0.0862
Averaged Test AUC: 0.8486
Std Test Accurancy: 0.0877
Std Test AUC: 0.0546
------------------------- time cost ------------------------- 138.3556935787201

-------------Round number: 122-------------

Evaluate heterogeneous models
Averaged Test Accuracy (Regular Model): 0.4230
Averaged Train Loss (Regular Model): 0.0753
Averaged Test AUC: 0.8513
Std Test Accurancy: 0.0857
Std Test AUC: 0.0547
------------------------- time cost ------------------------- 140.49352169036865

-------------Round number: 123-------------

Evaluate heterogeneous models
Averaged Test Accuracy (Regular Model): 0.4215
Averaged Train Loss (Regular Model): 0.0695
Averaged Test AUC: 0.8508
Std Test Accurancy: 0.0880
Std Test AUC: 0.0548
------------------------- time cost ------------------------- 138.74359440803528

-------------Round number: 124-------------

Evaluate heterogeneous models
Averaged Test Accuracy (Regular Model): 0.4186
Averaged Train Loss (Regular Model): 0.0972
Averaged Test AUC: 0.8509
Std Test Accurancy: 0.0898
Std Test AUC: 0.0545
------------------------- time cost ------------------------- 142.3265438079834

-------------Round number: 125-------------

Evaluate heterogeneous models
Averaged Test Accuracy (Regular Model): 0.4146
Averaged Train Loss (Regular Model): 0.1368
Averaged Test AUC: 0.8461
Std Test Accurancy: 0.0988
Std Test AUC: 0.0552
------------------------- time cost ------------------------- 141.41770315170288

-------------Round number: 126-------------

Evaluate heterogeneous models
Averaged Test Accuracy (Regular Model): 0.4212
Averaged Train Loss (Regular Model): 0.0915
Averaged Test AUC: 0.8532
Std Test Accurancy: 0.0875
Std Test AUC: 0.0563
------------------------- time cost ------------------------- 139.81771206855774

-------------Round number: 127-------------

Evaluate heterogeneous models
Averaged Test Accuracy (Regular Model): 0.4172
Averaged Train Loss (Regular Model): 0.0841
Averaged Test AUC: 0.8528
Std Test Accurancy: 0.0912
Std Test AUC: 0.0558
------------------------- time cost ------------------------- 141.32793593406677

-------------Round number: 128-------------

Evaluate heterogeneous models
Averaged Test Accuracy (Regular Model): 0.4190
Averaged Train Loss (Regular Model): 0.0928
Averaged Test AUC: 0.8515
Std Test Accurancy: 0.0904
Std Test AUC: 0.0554
------------------------- time cost ------------------------- 139.42548489570618

-------------Round number: 129-------------

Evaluate heterogeneous models
Averaged Test Accuracy (Regular Model): 0.4200
Averaged Train Loss (Regular Model): 0.0711
Averaged Test AUC: 0.8506
Std Test Accurancy: 0.0905
Std Test AUC: 0.0571
------------------------- time cost ------------------------- 138.1291787624359

-------------Round number: 130-------------

Evaluate heterogeneous models
Averaged Test Accuracy (Regular Model): 0.4206
Averaged Train Loss (Regular Model): 0.0665
Averaged Test AUC: 0.8504
Std Test Accurancy: 0.0907
Std Test AUC: 0.0557
------------------------- time cost ------------------------- 139.2752296924591

-------------Round number: 131-------------

Evaluate heterogeneous models
Averaged Test Accuracy (Regular Model): 0.4192
Averaged Train Loss (Regular Model): 0.0661
Averaged Test AUC: 0.8504
Std Test Accurancy: 0.0896
Std Test AUC: 0.0559
------------------------- time cost ------------------------- 138.5253942012787

-------------Round number: 132-------------

Evaluate heterogeneous models
Averaged Test Accuracy (Regular Model): 0.4173
Averaged Train Loss (Regular Model): 0.0737
Averaged Test AUC: 0.8482
Std Test Accurancy: 0.0915
Std Test AUC: 0.0546
------------------------- time cost ------------------------- 138.13463282585144

-------------Round number: 133-------------

Evaluate heterogeneous models
Averaged Test Accuracy (Regular Model): 0.4235
Averaged Train Loss (Regular Model): 0.0623
Averaged Test AUC: 0.8492
Std Test Accurancy: 0.0879
Std Test AUC: 0.0554
------------------------- time cost ------------------------- 141.00213503837585

-------------Round number: 134-------------

Evaluate heterogeneous models
Averaged Test Accuracy (Regular Model): 0.4133
Averaged Train Loss (Regular Model): 0.0859
Averaged Test AUC: 0.8493
Std Test Accurancy: 0.0931
Std Test AUC: 0.0553
------------------------- time cost ------------------------- 142.17937755584717

-------------Round number: 135-------------

Evaluate heterogeneous models
Averaged Test Accuracy (Regular Model): 0.4160
Averaged Train Loss (Regular Model): 0.0842
Averaged Test AUC: 0.8489
Std Test Accurancy: 0.0906
Std Test AUC: 0.0554
------------------------- time cost ------------------------- 145.7435803413391

-------------Round number: 136-------------

Evaluate heterogeneous models
Averaged Test Accuracy (Regular Model): 0.4199
Averaged Train Loss (Regular Model): 0.0827
Averaged Test AUC: 0.8490
Std Test Accurancy: 0.0872
Std Test AUC: 0.0574
------------------------- time cost ------------------------- 150.25297021865845

-------------Round number: 137-------------

Evaluate heterogeneous models
Averaged Test Accuracy (Regular Model): 0.4164
Averaged Train Loss (Regular Model): 0.0802
Averaged Test AUC: 0.8502
Std Test Accurancy: 0.0896
Std Test AUC: 0.0564
------------------------- time cost ------------------------- 145.31254982948303

-------------Round number: 138-------------

Evaluate heterogeneous models
Averaged Test Accuracy (Regular Model): 0.4178
Averaged Train Loss (Regular Model): 0.0747
Averaged Test AUC: 0.8498
Std Test Accurancy: 0.0892
Std Test AUC: 0.0559
------------------------- time cost ------------------------- 142.93637204170227

-------------Round number: 139-------------

Evaluate heterogeneous models
Averaged Test Accuracy (Regular Model): 0.4190
Averaged Train Loss (Regular Model): 0.0643
Averaged Test AUC: 0.8508
Std Test Accurancy: 0.0881
Std Test AUC: 0.0568
------------------------- time cost ------------------------- 143.8877670764923

-------------Round number: 140-------------

Evaluate heterogeneous models
Averaged Test Accuracy (Regular Model): 0.4219
Averaged Train Loss (Regular Model): 0.1036
Averaged Test AUC: 0.8509
Std Test Accurancy: 0.0830
Std Test AUC: 0.0571
------------------------- time cost ------------------------- 146.4494309425354

-------------Round number: 141-------------

Evaluate heterogeneous models
Averaged Test Accuracy (Regular Model): 0.4196
Averaged Train Loss (Regular Model): 0.1021
Averaged Test AUC: 0.8501
Std Test Accurancy: 0.0881
Std Test AUC: 0.0582
------------------------- time cost ------------------------- 149.29336190223694

-------------Round number: 142-------------

Evaluate heterogeneous models
Averaged Test Accuracy (Regular Model): 0.4200
Averaged Train Loss (Regular Model): 0.0917
Averaged Test AUC: 0.8497
Std Test Accurancy: 0.0869
Std Test AUC: 0.0581
------------------------- time cost ------------------------- 145.07582640647888

-------------Round number: 143-------------

Evaluate heterogeneous models
Averaged Test Accuracy (Regular Model): 0.4204
Averaged Train Loss (Regular Model): 0.1042
Averaged Test AUC: 0.8507
Std Test Accurancy: 0.0877
Std Test AUC: 0.0579
------------------------- time cost ------------------------- 145.3585090637207

-------------Round number: 144-------------

Evaluate heterogeneous models
Averaged Test Accuracy (Regular Model): 0.4154
Averaged Train Loss (Regular Model): 0.1104
Averaged Test AUC: 0.8518
Std Test Accurancy: 0.0939
Std Test AUC: 0.0587
------------------------- time cost ------------------------- 145.32357573509216

-------------Round number: 145-------------

Evaluate heterogeneous models
Averaged Test Accuracy (Regular Model): 0.4178
Averaged Train Loss (Regular Model): 0.0925
Averaged Test AUC: 0.8515
Std Test Accurancy: 0.0859
Std Test AUC: 0.0584
------------------------- time cost ------------------------- 147.27472066879272

-------------Round number: 146-------------

Evaluate heterogeneous models
Averaged Test Accuracy (Regular Model): 0.4175
Averaged Train Loss (Regular Model): 0.1087
Averaged Test AUC: 0.8505
Std Test Accurancy: 0.0870
Std Test AUC: 0.0581
------------------------- time cost ------------------------- 146.10994172096252

-------------Round number: 147-------------

Evaluate heterogeneous models
Averaged Test Accuracy (Regular Model): 0.4186
Averaged Train Loss (Regular Model): 0.0942
Averaged Test AUC: 0.8520
Std Test Accurancy: 0.0908
Std Test AUC: 0.0582
------------------------- time cost ------------------------- 146.84291052818298

-------------Round number: 148-------------

Evaluate heterogeneous models
Averaged Test Accuracy (Regular Model): 0.4175
Averaged Train Loss (Regular Model): 0.0872
Averaged Test AUC: 0.8509
Std Test Accurancy: 0.0908
Std Test AUC: 0.0575
------------------------- time cost ------------------------- 145.0683114528656

-------------Round number: 149-------------

Evaluate heterogeneous models
Averaged Test Accuracy (Regular Model): 0.4192
Averaged Train Loss (Regular Model): 0.0750
Averaged Test AUC: 0.8520
Std Test Accurancy: 0.0882
Std Test AUC: 0.0583
------------------------- time cost ------------------------- 144.8101978302002

-------------Round number: 150-------------

Evaluate heterogeneous models
Averaged Test Accuracy (Regular Model): 0.4195
Averaged Train Loss (Regular Model): 0.0685
Averaged Test AUC: 0.8502
Std Test Accurancy: 0.0896
Std Test AUC: 0.0578
------------------------- time cost ------------------------- 141.8376350402832

-------------Round number: 151-------------

Evaluate heterogeneous models
Averaged Test Accuracy (Regular Model): 0.4187
Averaged Train Loss (Regular Model): 0.0718
Averaged Test AUC: 0.8499
Std Test Accurancy: 0.0890
Std Test AUC: 0.0569
------------------------- time cost ------------------------- 141.23554611206055

-------------Round number: 152-------------

Evaluate heterogeneous models
Averaged Test Accuracy (Regular Model): 0.4184
Averaged Train Loss (Regular Model): 0.0830
Averaged Test AUC: 0.8518
Std Test Accurancy: 0.0908
Std Test AUC: 0.0584
------------------------- time cost ------------------------- 140.76633834838867

-------------Round number: 153-------------

Evaluate heterogeneous models
Averaged Test Accuracy (Regular Model): 0.4185
Averaged Train Loss (Regular Model): 0.0555
Averaged Test AUC: 0.8508
Std Test Accurancy: 0.0904
Std Test AUC: 0.0565
------------------------- time cost ------------------------- 140.88228225708008

-------------Round number: 154-------------

Evaluate heterogeneous models
Averaged Test Accuracy (Regular Model): 0.4212
Averaged Train Loss (Regular Model): 0.0712
Averaged Test AUC: 0.8495
Std Test Accurancy: 0.0875
Std Test AUC: 0.0587
------------------------- time cost ------------------------- 139.9156358242035

-------------Round number: 155-------------

Evaluate heterogeneous models
Averaged Test Accuracy (Regular Model): 0.4206
Averaged Train Loss (Regular Model): 0.0847
Averaged Test AUC: 0.8512
Std Test Accurancy: 0.0879
Std Test AUC: 0.0574
------------------------- time cost ------------------------- 139.6473240852356

-------------Round number: 156-------------

Evaluate heterogeneous models
Averaged Test Accuracy (Regular Model): 0.4195
Averaged Train Loss (Regular Model): 0.0753
Averaged Test AUC: 0.8515
Std Test Accurancy: 0.0888
Std Test AUC: 0.0574
------------------------- time cost ------------------------- 141.82636737823486

-------------Round number: 157-------------

Evaluate heterogeneous models
Averaged Test Accuracy (Regular Model): 0.4193
Averaged Train Loss (Regular Model): 0.0948
Averaged Test AUC: 0.8507
Std Test Accurancy: 0.0877
Std Test AUC: 0.0578
------------------------- time cost ------------------------- 141.01684975624084

-------------Round number: 158-------------

Evaluate heterogeneous models
Averaged Test Accuracy (Regular Model): 0.4169
Averaged Train Loss (Regular Model): 0.0894
Averaged Test AUC: 0.8516
Std Test Accurancy: 0.0905
Std Test AUC: 0.0582
------------------------- time cost ------------------------- 141.1019024848938

-------------Round number: 159-------------

Evaluate heterogeneous models
Averaged Test Accuracy (Regular Model): 0.4197
Averaged Train Loss (Regular Model): 0.0980
Averaged Test AUC: 0.8511
Std Test Accurancy: 0.0896
Std Test AUC: 0.0582
------------------------- time cost ------------------------- 142.03454732894897

-------------Round number: 160-------------

Evaluate heterogeneous models
Averaged Test Accuracy (Regular Model): 0.4162
Averaged Train Loss (Regular Model): 0.1218
Averaged Test AUC: 0.8539
Std Test Accurancy: 0.0931
Std Test AUC: 0.0537
------------------------- time cost ------------------------- 141.86132407188416

-------------Round number: 161-------------

Evaluate heterogeneous models
Averaged Test Accuracy (Regular Model): 0.4221
Averaged Train Loss (Regular Model): 0.0799
Averaged Test AUC: 0.8556
Std Test Accurancy: 0.0881
Std Test AUC: 0.0534
------------------------- time cost ------------------------- 142.16013193130493

-------------Round number: 162-------------

Evaluate heterogeneous models
Averaged Test Accuracy (Regular Model): 0.4214
Averaged Train Loss (Regular Model): 0.1036
Averaged Test AUC: 0.8541
Std Test Accurancy: 0.0865
Std Test AUC: 0.0532
------------------------- time cost ------------------------- 141.25024676322937

-------------Round number: 163-------------

Evaluate heterogeneous models
Averaged Test Accuracy (Regular Model): 0.4220
Averaged Train Loss (Regular Model): 0.0633
Averaged Test AUC: 0.8541
Std Test Accurancy: 0.0861
Std Test AUC: 0.0544
------------------------- time cost ------------------------- 139.61758637428284

-------------Round number: 164-------------

Evaluate heterogeneous models
Averaged Test Accuracy (Regular Model): 0.4199
Averaged Train Loss (Regular Model): 0.0732
Averaged Test AUC: 0.8535
Std Test Accurancy: 0.0855
Std Test AUC: 0.0555
------------------------- time cost ------------------------- 141.85173392295837

-------------Round number: 165-------------

Evaluate heterogeneous models
Averaged Test Accuracy (Regular Model): 0.4222
Averaged Train Loss (Regular Model): 0.0732
Averaged Test AUC: 0.8523
Std Test Accurancy: 0.0878
Std Test AUC: 0.0554
------------------------- time cost ------------------------- 140.82770991325378

-------------Round number: 166-------------

Evaluate heterogeneous models
Averaged Test Accuracy (Regular Model): 0.4217
Averaged Train Loss (Regular Model): 0.0604
Averaged Test AUC: 0.8537
Std Test Accurancy: 0.0856
Std Test AUC: 0.0553
------------------------- time cost ------------------------- 142.30919933319092

-------------Round number: 167-------------

Evaluate heterogeneous models
Averaged Test Accuracy (Regular Model): 0.4186
Averaged Train Loss (Regular Model): 0.0853
Averaged Test AUC: 0.8518
Std Test Accurancy: 0.0860
Std Test AUC: 0.0544
------------------------- time cost ------------------------- 141.4910900592804

-------------Round number: 168-------------

Evaluate heterogeneous models
Averaged Test Accuracy (Regular Model): 0.4188
Averaged Train Loss (Regular Model): 0.0813
Averaged Test AUC: 0.8508
Std Test Accurancy: 0.0835
Std Test AUC: 0.0552
------------------------- time cost ------------------------- 141.82857179641724

-------------Round number: 169-------------

Evaluate heterogeneous models
Averaged Test Accuracy (Regular Model): 0.4217
Averaged Train Loss (Regular Model): 0.0633
Averaged Test AUC: 0.8529
Std Test Accurancy: 0.0855
Std Test AUC: 0.0556
------------------------- time cost ------------------------- 141.93503880500793

-------------Round number: 170-------------

Evaluate heterogeneous models
Averaged Test Accuracy (Regular Model): 0.4208
Averaged Train Loss (Regular Model): 0.0683
Averaged Test AUC: 0.8518
Std Test Accurancy: 0.0869
Std Test AUC: 0.0549
------------------------- time cost ------------------------- 141.69600224494934

-------------Round number: 171-------------

Evaluate heterogeneous models
Averaged Test Accuracy (Regular Model): 0.4212
Averaged Train Loss (Regular Model): 0.0470
Averaged Test AUC: 0.8520
Std Test Accurancy: 0.0865
Std Test AUC: 0.0548
------------------------- time cost ------------------------- 141.9622938632965

-------------Round number: 172-------------

Evaluate heterogeneous models
Averaged Test Accuracy (Regular Model): 0.4245
Averaged Train Loss (Regular Model): 0.0600
Averaged Test AUC: 0.8521
Std Test Accurancy: 0.0838
Std Test AUC: 0.0557
------------------------- time cost ------------------------- 142.81230688095093

-------------Round number: 173-------------

Evaluate heterogeneous models
Averaged Test Accuracy (Regular Model): 0.4230
Averaged Train Loss (Regular Model): 0.0523
Averaged Test AUC: 0.8532
Std Test Accurancy: 0.0839
Std Test AUC: 0.0553
------------------------- time cost ------------------------- 142.3550202846527

-------------Round number: 174-------------

Evaluate heterogeneous models
Averaged Test Accuracy (Regular Model): 0.4221
Averaged Train Loss (Regular Model): 0.0615
Averaged Test AUC: 0.8524
Std Test Accurancy: 0.0835
Std Test AUC: 0.0553
------------------------- time cost ------------------------- 142.30293536186218

-------------Round number: 175-------------

Evaluate heterogeneous models
Averaged Test Accuracy (Regular Model): 0.4224
Averaged Train Loss (Regular Model): 0.0563
Averaged Test AUC: 0.8533
Std Test Accurancy: 0.0838
Std Test AUC: 0.0546
------------------------- time cost ------------------------- 141.38315296173096

-------------Round number: 176-------------

Evaluate heterogeneous models
Averaged Test Accuracy (Regular Model): 0.4228
Averaged Train Loss (Regular Model): 0.0628
Averaged Test AUC: 0.8516
Std Test Accurancy: 0.0831
Std Test AUC: 0.0550
------------------------- time cost ------------------------- 142.54772400856018

-------------Round number: 177-------------

Evaluate heterogeneous models
Averaged Test Accuracy (Regular Model): 0.4216
Averaged Train Loss (Regular Model): 0.0706
Averaged Test AUC: 0.8520
Std Test Accurancy: 0.0811
Std Test AUC: 0.0549
------------------------- time cost ------------------------- 142.84421825408936

-------------Round number: 178-------------

Evaluate heterogeneous models
Averaged Test Accuracy (Regular Model): 0.4227
Averaged Train Loss (Regular Model): 0.0566
Averaged Test AUC: 0.8526
Std Test Accurancy: 0.0825
Std Test AUC: 0.0538
------------------------- time cost ------------------------- 142.9761824607849

-------------Round number: 179-------------

Evaluate heterogeneous models
Averaged Test Accuracy (Regular Model): 0.4188
Averaged Train Loss (Regular Model): 0.1019
Averaged Test AUC: 0.8507
Std Test Accurancy: 0.0841
Std Test AUC: 0.0525
------------------------- time cost ------------------------- 142.67787909507751

-------------Round number: 180-------------

Evaluate heterogeneous models
Averaged Test Accuracy (Regular Model): 0.4238
Averaged Train Loss (Regular Model): 0.0516
Averaged Test AUC: 0.8535
Std Test Accurancy: 0.0859
Std Test AUC: 0.0550
------------------------- time cost ------------------------- 142.43257093429565

-------------Round number: 181-------------

Evaluate heterogeneous models
Averaged Test Accuracy (Regular Model): 0.4231
Averaged Train Loss (Regular Model): 0.0592
Averaged Test AUC: 0.8525
Std Test Accurancy: 0.0864
Std Test AUC: 0.0546
------------------------- time cost ------------------------- 142.6320288181305

-------------Round number: 182-------------

Evaluate heterogeneous models
Averaged Test Accuracy (Regular Model): 0.4201
Averaged Train Loss (Regular Model): 0.0459
Averaged Test AUC: 0.8528
Std Test Accurancy: 0.0857
Std Test AUC: 0.0547
------------------------- time cost ------------------------- 142.31770658493042

-------------Round number: 183-------------

Evaluate heterogeneous models
Averaged Test Accuracy (Regular Model): 0.4182
Averaged Train Loss (Regular Model): 0.0589
Averaged Test AUC: 0.8526
Std Test Accurancy: 0.0879
Std Test AUC: 0.0541
------------------------- time cost ------------------------- 141.70395708084106

-------------Round number: 184-------------

Evaluate heterogeneous models
Averaged Test Accuracy (Regular Model): 0.4233
Averaged Train Loss (Regular Model): 0.0768
Averaged Test AUC: 0.8519
Std Test Accurancy: 0.0838
Std Test AUC: 0.0574
------------------------- time cost ------------------------- 140.91881275177002

-------------Round number: 185-------------

Evaluate heterogeneous models
Averaged Test Accuracy (Regular Model): 0.4215
Averaged Train Loss (Regular Model): 0.0699
Averaged Test AUC: 0.8538
Std Test Accurancy: 0.0835
Std Test AUC: 0.0550
------------------------- time cost ------------------------- 140.86553359031677

-------------Round number: 186-------------

Evaluate heterogeneous models
Averaged Test Accuracy (Regular Model): 0.4214
Averaged Train Loss (Regular Model): 0.0845
Averaged Test AUC: 0.8532
Std Test Accurancy: 0.0845
Std Test AUC: 0.0548
------------------------- time cost ------------------------- 142.05655026435852

-------------Round number: 187-------------

Evaluate heterogeneous models
Averaged Test Accuracy (Regular Model): 0.4216
Averaged Train Loss (Regular Model): 0.0407
Averaged Test AUC: 0.8531
Std Test Accurancy: 0.0870
Std Test AUC: 0.0551
------------------------- time cost ------------------------- 140.9048101902008

-------------Round number: 188-------------

Evaluate heterogeneous models
Averaged Test Accuracy (Regular Model): 0.4237
Averaged Train Loss (Regular Model): 0.0689
Averaged Test AUC: 0.8542
Std Test Accurancy: 0.0821
Std Test AUC: 0.0554
------------------------- time cost ------------------------- 142.14781785011292

-------------Round number: 189-------------

Evaluate heterogeneous models
Averaged Test Accuracy (Regular Model): 0.4220
Averaged Train Loss (Regular Model): 0.0561
Averaged Test AUC: 0.8540
Std Test Accurancy: 0.0852
Std Test AUC: 0.0552
------------------------- time cost ------------------------- 142.4173891544342

-------------Round number: 190-------------

Evaluate heterogeneous models
Averaged Test Accuracy (Regular Model): 0.4186
Averaged Train Loss (Regular Model): 0.0940
Averaged Test AUC: 0.8523
Std Test Accurancy: 0.0914
Std Test AUC: 0.0524
------------------------- time cost ------------------------- 141.1606330871582

-------------Round number: 191-------------

Evaluate heterogeneous models
Averaged Test Accuracy (Regular Model): 0.4224
Averaged Train Loss (Regular Model): 0.0664
Averaged Test AUC: 0.8551
Std Test Accurancy: 0.0844
Std Test AUC: 0.0540
------------------------- time cost ------------------------- 140.52744817733765

-------------Round number: 192-------------

Evaluate heterogeneous models
Averaged Test Accuracy (Regular Model): 0.4214
Averaged Train Loss (Regular Model): 0.0567
Averaged Test AUC: 0.8540
Std Test Accurancy: 0.0864
Std Test AUC: 0.0544
------------------------- time cost ------------------------- 142.68919491767883

-------------Round number: 193-------------

Evaluate heterogeneous models
Averaged Test Accuracy (Regular Model): 0.4243
Averaged Train Loss (Regular Model): 0.0542
Averaged Test AUC: 0.8540
Std Test Accurancy: 0.0841
Std Test AUC: 0.0551
------------------------- time cost ------------------------- 141.45443105697632

-------------Round number: 194-------------

Evaluate heterogeneous models
Averaged Test Accuracy (Regular Model): 0.4247
Averaged Train Loss (Regular Model): 0.0601
Averaged Test AUC: 0.8534
Std Test Accurancy: 0.0849
Std Test AUC: 0.0551
------------------------- time cost ------------------------- 142.46182656288147

-------------Round number: 195-------------

Evaluate heterogeneous models
Averaged Test Accuracy (Regular Model): 0.4219
Averaged Train Loss (Regular Model): 0.0676
Averaged Test AUC: 0.8538
Std Test Accurancy: 0.0853
Std Test AUC: 0.0560
------------------------- time cost ------------------------- 142.84028840065002

-------------Round number: 196-------------

Evaluate heterogeneous models
Averaged Test Accuracy (Regular Model): 0.4239
Averaged Train Loss (Regular Model): 0.0468
Averaged Test AUC: 0.8550
Std Test Accurancy: 0.0850
Std Test AUC: 0.0559
------------------------- time cost ------------------------- 141.99806952476501

-------------Round number: 197-------------

Evaluate heterogeneous models
Averaged Test Accuracy (Regular Model): 0.4250
Averaged Train Loss (Regular Model): 0.0525
Averaged Test AUC: 0.8536
Std Test Accurancy: 0.0823
Std Test AUC: 0.0554
------------------------- time cost ------------------------- 140.7795114517212

-------------Round number: 198-------------

Evaluate heterogeneous models
Averaged Test Accuracy (Regular Model): 0.4241
Averaged Train Loss (Regular Model): 0.0423
Averaged Test AUC: 0.8530
Std Test Accurancy: 0.0838
Std Test AUC: 0.0551
------------------------- time cost ------------------------- 142.11926817893982

-------------Round number: 199-------------

Evaluate heterogeneous models
Averaged Test Accuracy (Regular Model): 0.4240
Averaged Train Loss (Regular Model): 0.0558
Averaged Test AUC: 0.8542
Std Test Accurancy: 0.0821
Std Test AUC: 0.0549
------------------------- time cost ------------------------- 142.25465202331543

-------------Round number: 200-------------

Evaluate heterogeneous models
Averaged Test Accuracy (Regular Model): 0.4228
Averaged Train Loss (Regular Model): 0.0634
Averaged Test AUC: 0.8528
Std Test Accurancy: 0.0840
Std Test AUC: 0.0545

Best accuracy.
0.4249567186043415

Average time cost per round.
144.19477519989013
File path: ../results/Cifar100_dir_0.1_imbalance_40_FedGen_test_0.h5

Average time cost: 30449.8s.
Length:  201
std for best accurancy: 0.0
mean for best accurancy: 0.4249567186043415
All done!

Storage on cpu
-------------------------------------------------------------------------------
Total Tensors: 55300 	Used Memory: 220.50K
-------------------------------------------------------------------------------

Storage on cuda:0
-------------------------------------------------------------------------------
Total Tensors: 4104000 	Used Memory: 15.66M
The allocated memory on cuda:0: 15.66M
-------------------------------------------------------------------------------
