==================================================
goal = test
device = cuda
device_id = 0
dataset = Cifar100_dir_0.1_imbalance_40
jetson = 0
DVFS = 0
static_estimate = 0
drawGMM = 0
num_classes = 100
model_family = HtFE8
batch_size = 256
num_workers = 0
local_learning_rate = 0.06
use_decay_scheduler = False
learning_rate_decay = False
learning_rate_decay_gamma = 0.99
global_rounds = 200
edge_epochs = 1
local_epochs = 5
algorithm = FedGH
join_ratio = 1.0
edge_join_ratio = 1.0
random_join_ratio = False
num_clients = 40
num_edges = 10
prev = 0
times = 1
eval_gap = 1
save_folder_name = temp
auto_break = False
feature_dim = 512
vocab_size = 98635
max_len = 200
client_drop_rate = 0.0
train_slow_rate = 0.0
send_slow_rate = 0.0
time_select = False
time_threthold = 10000
optimizer = SGD
lamda = 1.0
weight_decay = 0
trans_delay_simulate = False
momentum = 0.8
agg_type = 0
buffersize = 10
gl_use_clients = 1
test_useglclassifier = 1
gamma = 1
virtual_feature_numbers = 4000
extra_loss = 0
delta = 1
drawtsne = 1
drawround = 20
noise_dim = 32
generator_learning_rate = 0.0001
hidden_dim = 512
server_epochs = 100
alpha = 1.0
beta = 1.0
mentee_learning_rate = 0.005
T_start = 0.95
T_end = 0.98
server_learning_rate = 0.01
margin_threthold = 100.0
generator_path = stylegan/stylegan-xl-models/imagenet64.pkl
stable_diffusion_prompt = a cat
server_batch_size = 100
gen_batch_size = 4
mu = 50.0
buffer_size = 10
==================================================
Random seed set as 42

============= Running time: 0th =============
Creating server and clients ...
FedAvgCNN(in_features=3, num_classes=args.num_classes, dim=1600)
torchvision.models.googlenet(pretrained=False, aux_logits=False, num_classes=args.num_classes)
mobilenet_v2(pretrained=False, num_classes=args.num_classes)
torchvision.models.resnet18(pretrained=False, num_classes=args.num_classes)
torchvision.models.resnet34(pretrained=False, num_classes=args.num_classes)
torchvision.models.resnet50(pretrained=False, num_classes=args.num_classes)
torchvision.models.resnet101(pretrained=False, num_classes=args.num_classes)
torchvision.models.resnet152(pretrained=False, num_classes=args.num_classes)
temp/Cifar100_dir_0.1_imbalance_40/NE_10/featuredim_512/FedGH/SGD/lr_0.06/wd_0/momentum_0.8/lbs_256/lamda_1.0/localepoch_5/buffer_10/gamma_1_usegltest_1/1739752374.4316914
FedAvgCNN(in_features=3, num_classes=args.num_classes, dim=1600) model chosen!
id 0
label_counts: defaultdict(<class 'int'>, {94: 108, 2: 13, 12: 49, 37: 384, 79: 5, 65: 9, 24: 48, 7: 1, 1: 39, 85: 17, 53: 41, 67: 3, 48: 145, 50: 65, 93: 104, 87: 36, 3: 11, 68: 18, 76: 19, 34: 6, 31: 3, 54: 26, 30: 8, 70: 3, 59: 3, 57: 5, 5: 1, 4: 4, 55: 1, 47: 5, 0: 4, 66: 2, 33: 2, 38: 1, 77: 1, 86: 2, 25: 2, 46: 4})
trans_simu_time 15.04
torchvision.models.googlenet(pretrained=False, aux_logits=False, num_classes=args.num_classes) model chosen!
id 1
label_counts: defaultdict(<class 'int'>, {76: 127, 54: 261, 24: 39, 81: 158, 69: 110, 75: 32, 67: 10, 28: 15, 29: 21, 78: 96, 58: 36, 65: 71, 0: 32, 21: 6, 92: 38, 61: 52, 42: 7, 3: 1, 19: 3, 72: 7, 48: 1, 83: 6, 47: 2, 38: 3, 39: 1, 82: 2, 66: 1, 73: 4, 1: 1, 33: 5, 15: 1})
trans_simu_time 15.04
mobilenet_v2(pretrained=False, num_classes=args.num_classes) model chosen!
id 2
label_counts: defaultdict(<class 'int'>, {66: 88, 10: 66, 42: 75, 64: 3, 48: 13, 83: 299, 28: 46, 81: 104, 21: 264, 77: 50, 35: 42, 69: 9, 4: 16, 27: 47, 23: 29, 31: 26, 47: 7, 39: 12, 7: 9, 54: 2, 19: 12, 73: 4, 20: 33, 3: 8, 15: 10, 49: 4, 71: 47, 32: 12, 2: 5, 33: 4, 5: 4, 29: 9, 65: 3, 13: 5, 68: 1, 45: 3, 24: 1, 51: 5, 12: 1, 60: 1, 34: 1})
trans_simu_time 15.04
torchvision.models.resnet18(pretrained=False, num_classes=args.num_classes) model chosen!
id 3
label_counts: defaultdict(<class 'int'>, {30: 54, 2: 131, 47: 365, 33: 205, 3: 132, 20: 52, 8: 76, 34: 13, 5: 27, 17: 4, 13: 28, 21: 66, 41: 26, 35: 5, 6: 26, 7: 10, 38: 1, 23: 1, 31: 1, 45: 1, 40: 1})
trans_simu_time 15.04
torchvision.models.resnet34(pretrained=False, num_classes=args.num_classes) model chosen!
id 4
label_counts: defaultdict(<class 'int'>, {78: 152, 42: 27, 55: 161, 34: 68, 64: 228, 2: 94, 60: 53, 39: 110, 45: 3, 17: 31, 73: 36, 11: 10, 46: 44, 35: 7, 58: 24, 6: 33, 30: 11, 19: 1, 50: 4, 10: 2, 59: 3, 37: 2, 38: 11, 52: 1, 32: 4, 5: 2, 41: 1, 33: 1, 15: 2, 57: 1, 72: 2, 9: 3, 8: 1, 66: 1})
trans_simu_time 15.04
torchvision.models.resnet50(pretrained=False, num_classes=args.num_classes) model chosen!
id 5
label_counts: defaultdict(<class 'int'>, {36: 5, 45: 30, 90: 79, 12: 20, 92: 54, 41: 64, 16: 114, 38: 35, 86: 45, 97: 108, 69: 17, 79: 33, 83: 54, 93: 30, 53: 4, 29: 48, 24: 8, 8: 12, 77: 3, 89: 91, 72: 38, 32: 31, 18: 10, 10: 19, 62: 5, 33: 2, 4: 5, 48: 24, 98: 4, 64: 5, 40: 3, 17: 1, 26: 18, 9: 6, 19: 4, 39: 1, 28: 3, 60: 4, 58: 2, 37: 4, 96: 1})
trans_simu_time 15.04
torchvision.models.resnet101(pretrained=False, num_classes=args.num_classes) model chosen!
id 6
label_counts: defaultdict(<class 'int'>, {26: 153, 18: 185, 49: 200, 53: 25, 83: 8, 25: 111, 94: 106, 80: 144, 82: 52, 7: 12, 67: 33, 46: 19, 9: 25, 20: 17, 0: 31, 31: 3, 24: 17, 13: 1, 6: 9, 58: 9, 32: 14, 64: 1, 85: 10, 73: 2, 15: 1, 30: 2, 75: 1, 71: 1, 42: 1, 78: 1})
trans_simu_time 15.04
torchvision.models.resnet152(pretrained=False, num_classes=args.num_classes) model chosen!
id 7
label_counts: defaultdict(<class 'int'>, {25: 8, 48: 183, 14: 114, 29: 9, 87: 34, 99: 61, 4: 8, 46: 92, 73: 11, 18: 10, 19: 60, 98: 28, 31: 126, 40: 94, 75: 16, 68: 6, 26: 3, 61: 80, 39: 14, 77: 1, 69: 9, 33: 9, 82: 10, 88: 14, 84: 8, 74: 1, 32: 1, 58: 12, 64: 6, 20: 1, 37: 1, 79: 2, 49: 4, 62: 2, 2: 4, 66: 2, 36: 1, 93: 1})
trans_simu_time 15.04
FedAvgCNN(in_features=3, num_classes=args.num_classes, dim=1600) model chosen!
id 8
label_counts: defaultdict(<class 'int'>, {86: 215, 60: 38, 5: 16, 9: 18, 36: 150, 32: 26, 51: 96, 59: 51, 71: 20, 82: 37, 65: 5, 7: 10, 28: 14, 46: 199, 50: 116, 38: 43, 73: 3, 75: 38, 4: 9, 57: 13, 15: 9, 16: 9, 67: 4, 77: 6, 22: 16, 68: 3, 85: 5, 52: 1, 2: 4, 0: 1, 49: 3, 8: 5, 76: 2, 37: 2, 24: 1, 23: 1, 62: 4})
trans_simu_time 15.04
torchvision.models.googlenet(pretrained=False, aux_logits=False, num_classes=args.num_classes) model chosen!
id 9
label_counts: defaultdict(<class 'int'>, {94: 157, 52: 92, 66: 13, 70: 304, 16: 55, 17: 111, 91: 61, 27: 25, 83: 7, 4: 12, 39: 36, 90: 48, 11: 72, 93: 101, 48: 3, 24: 3, 55: 30, 42: 7, 33: 12, 40: 11, 57: 1, 19: 4, 21: 9, 29: 3, 51: 3, 7: 1, 34: 2, 63: 2, 0: 4, 2: 1, 35: 1, 1: 6, 25: 3, 77: 4, 15: 1, 23: 1})
trans_simu_time 15.04
mobilenet_v2(pretrained=False, num_classes=args.num_classes) model chosen!
id 10
label_counts: defaultdict(<class 'int'>, {38: 147, 35: 82, 34: 71, 67: 30, 36: 103, 58: 189, 76: 68, 71: 27, 17: 46, 33: 44, 15: 23, 21: 4, 26: 43, 42: 40, 64: 5, 22: 65, 70: 45, 31: 11, 9: 10, 19: 15, 57: 26, 54: 1, 7: 17, 25: 13, 59: 2, 11: 9, 68: 17, 5: 7, 18: 2, 6: 3, 63: 4, 4: 3, 49: 4, 23: 1, 2: 1, 52: 1, 74: 2, 30: 1})
trans_simu_time 15.04
torchvision.models.resnet18(pretrained=False, num_classes=args.num_classes) model chosen!
id 11
label_counts: defaultdict(<class 'int'>, {27: 4, 57: 161, 53: 124, 71: 161, 29: 94, 4: 34, 44: 95, 17: 102, 15: 191, 47: 9, 37: 16, 13: 29, 56: 62, 42: 37, 45: 2, 25: 10, 62: 2, 61: 5, 14: 1, 8: 4, 67: 1, 2: 1, 69: 1, 30: 10, 1: 2, 38: 2, 28: 1})
trans_simu_time 15.04
torchvision.models.resnet34(pretrained=False, num_classes=args.num_classes) model chosen!
id 12
label_counts: defaultdict(<class 'int'>, {56: 51, 50: 15, 7: 8, 12: 44, 58: 78, 45: 246, 20: 191, 79: 28, 29: 4, 27: 8, 9: 5, 89: 41, 1: 5, 21: 20, 70: 10, 82: 10, 51: 30, 23: 2, 73: 12, 72: 10, 8: 23, 55: 13, 69: 1, 52: 1, 43: 4, 97: 13, 74: 4, 75: 1, 26: 7, 65: 8, 87: 1, 66: 1, 6: 2, 14: 1, 30: 2, 61: 5, 53: 2, 38: 1, 32: 1, 22: 3, 33: 2, 92: 1})
trans_simu_time 15.04
torchvision.models.resnet50(pretrained=False, num_classes=args.num_classes) model chosen!
id 13
label_counts: defaultdict(<class 'int'>, {51: 70, 44: 107, 57: 52, 90: 66, 26: 79, 96: 212, 3: 143, 63: 39, 70: 36, 54: 39, 82: 25, 52: 21, 64: 41, 25: 68, 72: 4, 7: 48, 69: 66, 13: 6, 37: 5, 30: 40, 31: 7, 6: 1, 17: 34, 92: 4, 38: 23, 32: 7, 43: 2, 40: 17, 71: 1, 74: 4, 19: 2, 78: 3, 14: 8, 10: 3, 20: 8, 93: 4, 48: 3, 73: 2, 41: 1, 5: 1, 24: 1, 33: 2, 46: 1})
trans_simu_time 15.04
torchvision.models.resnet101(pretrained=False, num_classes=args.num_classes) model chosen!
id 14
label_counts: defaultdict(<class 'int'>, {64: 5, 62: 150, 39: 151, 97: 118, 60: 44, 38: 37, 69: 87, 11: 42, 57: 10, 35: 50, 37: 7, 48: 30, 99: 18, 63: 9, 19: 38, 83: 4, 27: 7, 49: 19, 75: 18, 77: 15, 0: 8, 34: 17, 90: 3, 2: 16, 74: 7, 67: 4, 51: 5, 24: 12, 47: 1, 50: 5, 66: 1, 17: 10, 41: 1, 59: 1, 80: 5, 18: 1, 43: 4, 72: 1})
trans_simu_time 15.04
torchvision.models.resnet152(pretrained=False, num_classes=args.num_classes) model chosen!
id 15
label_counts: defaultdict(<class 'int'>, {25: 110, 89: 106, 69: 18, 75: 238, 91: 178, 58: 19, 66: 112, 73: 16, 36: 4, 64: 48, 41: 14, 80: 20, 38: 38, 90: 32, 3: 7, 53: 39, 46: 13, 43: 41, 62: 12, 68: 16, 29: 13, 28: 38, 71: 6, 54: 32, 0: 21, 49: 17, 34: 7, 76: 26, 72: 6, 33: 1, 42: 6, 60: 1, 20: 2, 44: 2, 8: 4, 37: 1, 21: 1, 50: 1, 26: 1, 35: 1, 61: 1})
trans_simu_time 15.04
FedAvgCNN(in_features=3, num_classes=args.num_classes, dim=1600) model chosen!
id 16
label_counts: defaultdict(<class 'int'>, {25: 12, 92: 180, 36: 147, 76: 126, 90: 130, 26: 19, 51: 25, 32: 8, 13: 111, 56: 7, 65: 43, 55: 66, 22: 22, 39: 16, 81: 3, 40: 70, 15: 4, 54: 8, 34: 20, 7: 35, 46: 12, 2: 52, 4: 20, 59: 31, 66: 10, 11: 13, 89: 5, 72: 1, 91: 1, 42: 6, 63: 7, 70: 4, 29: 6, 0: 3, 78: 2, 77: 2, 86: 3, 58: 1, 45: 5, 28: 6, 87: 1, 61: 1, 52: 1})
trans_simu_time 15.04
torchvision.models.googlenet(pretrained=False, aux_logits=False, num_classes=args.num_classes) model chosen!
id 17
label_counts: defaultdict(<class 'int'>, {22: 148, 16: 107, 8: 19, 75: 4, 28: 6, 62: 19, 59: 19, 82: 190, 36: 3, 6: 193, 10: 47, 50: 87, 63: 29, 27: 38, 55: 19, 53: 21, 69: 60, 81: 26, 64: 5, 21: 4, 44: 30, 80: 17, 18: 6, 23: 5, 26: 2, 67: 4, 68: 8, 52: 1, 31: 3, 79: 2, 35: 1, 56: 1, 71: 1})
trans_simu_time 15.04
mobilenet_v2(pretrained=False, num_classes=args.num_classes) model chosen!
id 18
label_counts: defaultdict(<class 'int'>, {29: 30, 22: 11, 24: 42, 19: 43, 27: 63, 78: 12, 74: 203, 93: 9, 98: 7, 89: 38, 21: 1, 46: 33, 95: 42, 18: 8, 39: 22, 16: 8, 91: 1, 73: 15, 40: 1, 79: 9, 97: 44, 7: 14, 17: 5, 65: 13, 28: 15, 64: 6, 55: 2, 1: 7, 10: 7, 41: 3, 31: 4, 9: 2, 25: 6, 12: 7, 56: 1, 52: 2, 81: 3, 88: 2, 15: 1, 86: 1, 8: 3})
trans_simu_time 15.04
torchvision.models.resnet18(pretrained=False, num_classes=args.num_classes) model chosen!
id 19
label_counts: defaultdict(<class 'int'>, {52: 262, 65: 39, 68: 80, 20: 84, 28: 57, 31: 72, 38: 45, 6: 19, 23: 61, 8: 16, 51: 49, 53: 82, 57: 77, 58: 17, 37: 14, 66: 9, 32: 56, 24: 12, 56: 1, 25: 8, 27: 66, 39: 21, 15: 5, 1: 3, 5: 5, 35: 2, 26: 5, 50: 1, 11: 1, 17: 1, 54: 1})
trans_simu_time 15.04
torchvision.models.resnet34(pretrained=False, num_classes=args.num_classes) model chosen!
id 20
label_counts: defaultdict(<class 'int'>, {0: 217, 12: 61, 74: 70, 25: 38, 43: 125, 8: 2, 17: 16, 66: 147, 69: 9, 11: 49, 9: 19, 16: 17, 50: 60, 2: 14, 42: 52, 34: 93, 68: 10, 4: 16, 54: 21, 22: 78, 67: 10, 73: 5, 61: 8, 58: 2, 32: 2, 40: 7, 64: 1, 28: 3, 52: 1, 38: 1, 45: 2})
trans_simu_time 15.04
torchvision.models.resnet50(pretrained=False, num_classes=args.num_classes) model chosen!
id 21
label_counts: defaultdict(<class 'int'>, {6: 26, 88: 61, 92: 153, 90: 8, 7: 2, 41: 214, 9: 81, 80: 167, 74: 126, 72: 40, 42: 27, 39: 26, 1: 13, 86: 52, 91: 13, 29: 25, 54: 23, 8: 24, 69: 2, 76: 21, 53: 23, 59: 4, 62: 6, 71: 10, 16: 8, 68: 13, 32: 3, 64: 1, 24: 17, 79: 10, 67: 2, 87: 1, 51: 5, 57: 4, 25: 1, 17: 1, 21: 1, 47: 1, 20: 1})
trans_simu_time 15.04
torchvision.models.resnet101(pretrained=False, num_classes=args.num_classes) model chosen!
id 22
label_counts: defaultdict(<class 'int'>, {9: 252, 29: 87, 18: 57, 30: 220, 15: 160, 28: 97, 10: 91, 0: 57, 32: 58, 20: 3, 3: 31, 19: 10, 26: 14, 5: 2})
trans_simu_time 15.04
torchvision.models.resnet152(pretrained=False, num_classes=args.num_classes) model chosen!
id 23
label_counts: defaultdict(<class 'int'>, {8: 96, 78: 180, 68: 168, 42: 35, 87: 168, 29: 94, 27: 102, 44: 121, 82: 63, 12: 46, 28: 26, 65: 47, 16: 15, 23: 2, 75: 1, 19: 5, 17: 2, 64: 3, 58: 12, 9: 10, 66: 9, 46: 1, 39: 1, 56: 1, 81: 1, 18: 1, 72: 3, 14: 2, 40: 2, 3: 1, 52: 1, 32: 1, 24: 1, 51: 2, 61: 1, 25: 1, 26: 1})
trans_simu_time 15.04
FedAvgCNN(in_features=3, num_classes=args.num_classes, dim=1600) model chosen!
id 24
label_counts: defaultdict(<class 'int'>, {1: 113, 89: 107, 88: 87, 41: 23, 73: 16, 6: 41, 65: 23, 62: 8, 3: 30, 93: 18, 64: 4, 61: 7, 40: 138, 97: 51, 19: 27, 15: 14, 95: 50, 54: 9, 83: 36, 33: 10, 27: 7, 79: 5, 50: 18, 4: 19, 69: 11, 71: 6, 87: 18, 35: 11, 5: 4, 13: 2, 90: 4, 2: 4, 59: 7, 85: 5, 49: 10, 84: 2, 30: 1, 32: 2, 75: 1, 8: 2})
trans_simu_time 15.04
torchvision.models.googlenet(pretrained=False, aux_logits=False, num_classes=args.num_classes) model chosen!
id 25
label_counts: defaultdict(<class 'int'>, {85: 82, 68: 59, 44: 11, 99: 168, 42: 118, 97: 22, 33: 4, 57: 10, 51: 37, 73: 284, 67: 82, 75: 90, 17: 12, 78: 7, 92: 17, 77: 1, 11: 7, 16: 1, 62: 16, 56: 5, 98: 4, 91: 8, 38: 1, 52: 1, 43: 7, 36: 3, 13: 4, 18: 1, 71: 1, 60: 2, 96: 2, 72: 2, 37: 1, 49: 1, 10: 1, 40: 1, 82: 1})
trans_simu_time 15.04
mobilenet_v2(pretrained=False, num_classes=args.num_classes) model chosen!
id 26
label_counts: defaultdict(<class 'int'>, {7: 34, 88: 161, 79: 286, 6: 37, 43: 67, 19: 177, 51: 5, 12: 3, 81: 52, 31: 51, 80: 68, 1: 41, 82: 24, 84: 35, 86: 103, 30: 14, 38: 21, 85: 31, 41: 26, 10: 8, 44: 3, 69: 6, 77: 4, 66: 1, 39: 2, 50: 9, 61: 5, 9: 1, 14: 1, 71: 2, 87: 2, 68: 1, 48: 1, 3: 1, 52: 1, 16: 1})
trans_simu_time 15.04
torchvision.models.resnet18(pretrained=False, num_classes=args.num_classes) model chosen!
id 27
label_counts: defaultdict(<class 'int'>, {10: 24, 62: 213, 77: 43, 43: 180, 23: 188, 0: 48, 60: 75, 49: 87, 7: 32, 19: 38, 39: 29, 73: 29, 27: 18, 76: 9, 80: 34, 69: 2, 59: 8, 31: 8, 1: 20, 79: 17, 15: 3, 46: 15, 70: 2, 63: 1, 6: 2, 57: 6, 28: 2, 48: 2, 44: 4, 9: 1, 17: 2, 30: 1, 41: 3, 65: 1})
trans_simu_time 15.04
torchvision.models.resnet34(pretrained=False, num_classes=args.num_classes) model chosen!
id 28
label_counts: defaultdict(<class 'int'>, {93: 126, 4: 287, 55: 70, 25: 6, 16: 95, 84: 91, 67: 149, 34: 11, 71: 76, 58: 1, 80: 3, 1: 4, 59: 20, 86: 4, 31: 20, 78: 5, 54: 9, 2: 5, 92: 16, 66: 11, 76: 5, 7: 13, 97: 12, 73: 1, 11: 1, 87: 1, 26: 4, 75: 1, 28: 1, 17: 1, 30: 3, 53: 2})
trans_simu_time 15.04
torchvision.models.resnet50(pretrained=False, num_classes=args.num_classes) model chosen!
id 29
label_counts: defaultdict(<class 'int'>, {5: 131, 34: 83, 65: 144, 45: 116, 49: 20, 61: 214, 44: 15, 3: 31, 8: 142, 10: 138, 22: 8, 2: 1, 15: 19, 39: 5, 55: 61, 12: 13, 57: 1, 54: 1, 42: 1, 38: 3, 18: 3, 53: 1, 43: 1, 7: 1})
trans_simu_time 15.04
torchvision.models.resnet101(pretrained=False, num_classes=args.num_classes) model chosen!
id 30
label_counts: defaultdict(<class 'int'>, {99: 75, 35: 57, 57: 48, 60: 30, 36: 29, 63: 36, 84: 252, 89: 8, 82: 19, 13: 39, 51: 29, 22: 8, 77: 96, 14: 73, 30: 5, 58: 21, 87: 85, 85: 8, 72: 28, 68: 32, 71: 11, 25: 20, 98: 9, 96: 1, 27: 10, 19: 8, 34: 3, 5: 1, 26: 2, 31: 4, 70: 9, 11: 1, 32: 1, 56: 1, 23: 2, 24: 2, 15: 1, 12: 2, 69: 1, 88: 1, 64: 2, 54: 1})
trans_simu_time 15.04
torchvision.models.resnet152(pretrained=False, num_classes=args.num_classes) model chosen!
id 31
label_counts: defaultdict(<class 'int'>, {85: 39, 30: 57, 72: 219, 43: 14, 68: 13, 91: 13, 11: 165, 93: 79, 98: 18, 79: 30, 95: 109, 12: 8, 5: 2, 15: 15, 87: 81, 69: 1, 53: 24, 28: 19, 45: 4, 35: 8, 70: 21, 60: 27, 41: 5, 27: 1, 74: 2, 1: 6, 57: 6, 86: 5, 44: 1, 24: 1, 56: 4, 51: 2, 4: 1, 37: 2, 96: 6, 47: 1, 29: 2, 88: 2, 84: 1, 67: 1, 20: 2, 25: 1, 19: 2, 97: 1, 33: 1, 78: 1})
trans_simu_time 15.04
FedAvgCNN(in_features=3, num_classes=args.num_classes, dim=1600) model chosen!
id 32
label_counts: defaultdict(<class 'int'>, {13: 180, 81: 82, 14: 128, 24: 148, 51: 61, 2: 37, 8: 23, 71: 12, 83: 20, 10: 45, 49: 66, 35: 59, 64: 65, 16: 17, 5: 17, 47: 3, 27: 28, 28: 71, 31: 1, 38: 16, 74: 8, 67: 9, 34: 1, 45: 6, 17: 4, 32: 1, 73: 1, 77: 4, 4: 1, 29: 4, 22: 2, 68: 2, 44: 1, 9: 1, 52: 1, 12: 1, 60: 1, 59: 1, 70: 1, 36: 1, 30: 1})
trans_simu_time 15.04
torchvision.models.googlenet(pretrained=False, aux_logits=False, num_classes=args.num_classes) model chosen!
id 33
label_counts: defaultdict(<class 'int'>, {76: 55, 53: 17, 63: 294, 29: 15, 40: 16, 77: 156, 24: 85, 74: 6, 59: 10, 45: 30, 32: 30, 6: 58, 44: 13, 7: 152, 28: 10, 55: 17, 17: 36, 13: 41, 49: 6, 54: 17, 65: 14, 11: 27, 34: 15, 61: 8, 43: 10, 62: 1, 3: 17, 60: 14, 5: 9, 21: 2, 1: 1, 41: 1, 42: 1, 39: 1})
trans_simu_time 15.04
mobilenet_v2(pretrained=False, num_classes=args.num_classes) model chosen!
id 34
label_counts: defaultdict(<class 'int'>, {32: 92, 85: 205, 60: 82, 45: 7, 88: 51, 52: 11, 51: 24, 1: 67, 2: 26, 40: 20, 72: 29, 61: 64, 41: 68, 99: 20, 63: 25, 65: 21, 98: 16, 81: 9, 53: 18, 90: 19, 33: 14, 56: 24, 92: 2, 28: 5, 69: 7, 47: 8, 67: 1, 74: 3, 71: 2, 64: 2, 12: 1, 82: 4, 24: 1, 50: 1, 83: 1, 22: 2, 30: 3, 34: 1, 46: 1})
trans_simu_time 15.04
torchvision.models.resnet18(pretrained=False, num_classes=args.num_classes) model chosen!
id 35
label_counts: defaultdict(<class 'int'>, {71: 64, 12: 200, 1: 95, 32: 91, 82: 20, 26: 88, 66: 15, 99: 86, 7: 30, 90: 60, 97: 65, 47: 32, 52: 2, 17: 9, 53: 4, 33: 22, 65: 13, 38: 8, 25: 3, 22: 11, 8: 1, 50: 25, 11: 11, 78: 3, 4: 23, 29: 1, 74: 4, 91: 5, 20: 3, 96: 1, 23: 11, 30: 1, 34: 2, 43: 4, 61: 1, 44: 10, 83: 2, 64: 1, 59: 2, 87: 2, 46: 2, 69: 1, 56: 1})
trans_simu_time 15.04
torchvision.models.resnet34(pretrained=False, num_classes=args.num_classes) model chosen!
id 36
label_counts: defaultdict(<class 'int'>, {59: 293, 18: 116, 56: 244, 40: 61, 67: 15, 21: 74, 20: 47, 48: 4, 38: 42, 22: 34, 1: 33, 30: 19, 44: 43, 35: 22, 25: 28, 70: 18, 69: 2, 55: 7, 13: 3, 17: 2, 58: 4, 31: 6, 10: 1, 52: 3, 60: 6, 33: 1, 11: 1, 62: 2, 19: 1})
trans_simu_time 15.04
torchvision.models.resnet50(pretrained=False, num_classes=args.num_classes) model chosen!
id 37
label_counts: defaultdict(<class 'int'>, {14: 127, 21: 13, 5: 225, 77: 53, 67: 100, 11: 22, 35: 90, 95: 54, 64: 19, 66: 17, 87: 15, 98: 36, 34: 6, 56: 38, 74: 10, 94: 25, 22: 22, 89: 21, 60: 24, 57: 9, 75: 10, 86: 3, 23: 4, 46: 5, 81: 3, 48: 1, 18: 1, 50: 1, 39: 7, 3: 7, 93: 1, 61: 2, 10: 8, 85: 1, 27: 1, 41: 3, 38: 2, 99: 1})
trans_simu_time 15.04
torchvision.models.resnet101(pretrained=False, num_classes=args.num_classes) model chosen!
id 38
label_counts: defaultdict(<class 'int'>, {98: 330, 7: 20, 48: 39, 95: 18, 94: 45, 23: 130, 69: 40, 19: 12, 18: 36, 91: 15, 60: 45, 84: 62, 34: 19, 86: 17, 90: 18, 2: 34, 54: 4, 96: 14, 33: 79, 81: 1, 68: 4, 67: 3, 70: 1, 38: 2, 28: 5, 40: 5, 22: 8, 47: 4, 8: 1, 99: 1, 63: 10, 57: 4, 71: 1, 93: 1, 56: 1, 97: 1, 74: 1, 12: 1})
trans_simu_time 15.04
torchvision.models.resnet152(pretrained=False, num_classes=args.num_classes) model chosen!
id 39
label_counts: defaultdict(<class 'int'>, {56: 9, 96: 208, 48: 1, 95: 177, 31: 107, 91: 165, 85: 62, 70: 4, 88: 71, 69: 1, 72: 62, 3: 44, 62: 2, 89: 16, 93: 1, 17: 26, 83: 17, 90: 1, 50: 31, 68: 1, 52: 27, 0: 36, 27: 9, 36: 1, 76: 1, 63: 1, 64: 1, 25: 3, 84: 1, 59: 1, 75: 1, 78: 1, 32: 2, 11: 4, 71: 1, 5: 5, 67: 5, 1: 1, 16: 1, 86: 1, 46: 5, 41: 1, 47: 3, 58: 3, 57: 2, 44: 6, 80: 1, 51: 1, 19: 1, 65: 1, 94: 1, 29: 2, 82: 1, 53: 1, 23: 9, 81: 1, 28: 2, 61: 1, 26: 10, 66: 1, 40: 1, 8: 1, 22: 1, 34: 1, 18: 1, 77: 1, 9: 1, 7: 2, 38: 1, 92: 1, 42: 1, 2: 1, 24: 1, 54: 1, 4: 1})
trans_simu_time 15.04

Join ratio / total clients: 1.0 / 40
Finished creating server and clients.
-------------------------------------------------- 141.51696872711182

-------------Round number: 0-------------

Evaluate heterogeneous models
Averaged Test Accuracy (Regular Model): 0.2282
Averaged Train Loss (Regular Model): 2.6547
Averaged Test AUC: 0.9087
Std Test Accurancy: 0.1111
Std Test AUC: 0.0489
-------------------------------------------------- 144.06619119644165

-------------Round number: 1-------------

Evaluate heterogeneous models
Averaged Test Accuracy (Regular Model): 0.2589
Averaged Train Loss (Regular Model): 3.2996
Averaged Test AUC: 0.8262
Std Test Accurancy: 0.0979
Std Test AUC: 0.0854
-------------------------------------------------- 139.22053337097168

-------------Round number: 2-------------

Evaluate heterogeneous models
Averaged Test Accuracy (Regular Model): 0.1360
Averaged Train Loss (Regular Model): 7.0682
Averaged Test AUC: 0.6537
Std Test Accurancy: 0.0913
Std Test AUC: 0.1079
-------------------------------------------------- 138.01373171806335

-------------Round number: 3-------------

Evaluate heterogeneous models
