==================================================
goal = test
device = cuda
device_id = 0
dataset = Cifar100_dir_0.1_imbalance_40
jetson = 0
DVFS = 0
static_estimate = 0
drawGMM = 0
num_classes = 100
model_family = HtFE8
batch_size = 256
num_workers = 0
local_learning_rate = 0.06
use_decay_scheduler = False
learning_rate_decay = False
learning_rate_decay_gamma = 0.99
global_rounds = 200
edge_epochs = 1
local_epochs = 5
algorithm = Local
join_ratio = 1.0
edge_join_ratio = 1.0
random_join_ratio = False
num_clients = 40
num_edges = 10
prev = 0
times = 1
eval_gap = 1
save_folder_name = temp
auto_break = False
feature_dim = 512
vocab_size = 98635
max_len = 200
client_drop_rate = 0.0
train_slow_rate = 0.0
send_slow_rate = 0.0
time_select = False
time_threthold = 10000
optimizer = SGD
lamda = 1.0
weight_decay = 0
trans_delay_simulate = False
momentum = 0.8
agg_type = 0
buffersize = 10
gl_use_clients = 1
test_useglclassifier = 1
gamma = 1
virtual_feature_numbers = 4000
extra_loss = 0
delta = 1
drawtsne = 1
drawround = 20
noise_dim = 32
generator_learning_rate = 0.0001
hidden_dim = 512
server_epochs = 100
alpha = 1.0
beta = 1.0
mentee_learning_rate = 0.005
T_start = 0.95
T_end = 0.98
server_learning_rate = 0.01
margin_threthold = 100.0
generator_path = stylegan/stylegan-xl-models/imagenet64.pkl
stable_diffusion_prompt = a cat
server_batch_size = 100
gen_batch_size = 4
mu = 50.0
buffer_size = 10
==================================================
Random seed set as 42

============= Running time: 0th =============
Creating server and clients ...
FedAvgCNN(in_features=3, num_classes=args.num_classes, dim=1600)
torchvision.models.googlenet(pretrained=False, aux_logits=False, num_classes=args.num_classes)
mobilenet_v2(pretrained=False, num_classes=args.num_classes)
torchvision.models.resnet18(pretrained=False, num_classes=args.num_classes)
torchvision.models.resnet34(pretrained=False, num_classes=args.num_classes)
torchvision.models.resnet50(pretrained=False, num_classes=args.num_classes)
torchvision.models.resnet101(pretrained=False, num_classes=args.num_classes)
torchvision.models.resnet152(pretrained=False, num_classes=args.num_classes)
temp/Cifar100_dir_0.1_imbalance_40/NE_10/featuredim_512/Local/SGD/lr_0.06/wd_0/momentum_0.8/lbs_256/lamda_1.0/localepoch_5/buffer_10/gamma_1_usegltest_1/1739732626.166714
FedAvgCNN(in_features=3, num_classes=args.num_classes, dim=1600) model chosen!
id 0
label_counts: defaultdict(<class 'int'>, {94: 108, 2: 13, 12: 49, 37: 384, 79: 5, 65: 9, 24: 48, 7: 1, 1: 39, 85: 17, 53: 41, 67: 3, 48: 145, 50: 65, 93: 104, 87: 36, 3: 11, 68: 18, 76: 19, 34: 6, 31: 3, 54: 26, 30: 8, 70: 3, 59: 3, 57: 5, 5: 1, 4: 4, 55: 1, 47: 5, 0: 4, 66: 2, 33: 2, 38: 1, 77: 1, 86: 2, 25: 2, 46: 4})
trans_simu_time 15.04
torchvision.models.googlenet(pretrained=False, aux_logits=False, num_classes=args.num_classes) model chosen!
id 1
label_counts: defaultdict(<class 'int'>, {76: 127, 54: 261, 24: 39, 81: 158, 69: 110, 75: 32, 67: 10, 28: 15, 29: 21, 78: 96, 58: 36, 65: 71, 0: 32, 21: 6, 92: 38, 61: 52, 42: 7, 3: 1, 19: 3, 72: 7, 48: 1, 83: 6, 47: 2, 38: 3, 39: 1, 82: 2, 66: 1, 73: 4, 1: 1, 33: 5, 15: 1})
trans_simu_time 15.04
mobilenet_v2(pretrained=False, num_classes=args.num_classes) model chosen!
id 2
label_counts: defaultdict(<class 'int'>, {66: 88, 10: 66, 42: 75, 64: 3, 48: 13, 83: 299, 28: 46, 81: 104, 21: 264, 77: 50, 35: 42, 69: 9, 4: 16, 27: 47, 23: 29, 31: 26, 47: 7, 39: 12, 7: 9, 54: 2, 19: 12, 73: 4, 20: 33, 3: 8, 15: 10, 49: 4, 71: 47, 32: 12, 2: 5, 33: 4, 5: 4, 29: 9, 65: 3, 13: 5, 68: 1, 45: 3, 24: 1, 51: 5, 12: 1, 60: 1, 34: 1})
trans_simu_time 15.04
torchvision.models.resnet18(pretrained=False, num_classes=args.num_classes) model chosen!
id 3
label_counts: defaultdict(<class 'int'>, {30: 54, 2: 131, 47: 365, 33: 205, 3: 132, 20: 52, 8: 76, 34: 13, 5: 27, 17: 4, 13: 28, 21: 66, 41: 26, 35: 5, 6: 26, 7: 10, 38: 1, 23: 1, 31: 1, 45: 1, 40: 1})
trans_simu_time 15.04
torchvision.models.resnet34(pretrained=False, num_classes=args.num_classes) model chosen!
id 4
label_counts: defaultdict(<class 'int'>, {78: 152, 42: 27, 55: 161, 34: 68, 64: 228, 2: 94, 60: 53, 39: 110, 45: 3, 17: 31, 73: 36, 11: 10, 46: 44, 35: 7, 58: 24, 6: 33, 30: 11, 19: 1, 50: 4, 10: 2, 59: 3, 37: 2, 38: 11, 52: 1, 32: 4, 5: 2, 41: 1, 33: 1, 15: 2, 57: 1, 72: 2, 9: 3, 8: 1, 66: 1})
trans_simu_time 15.04
torchvision.models.resnet50(pretrained=False, num_classes=args.num_classes) model chosen!
id 5
label_counts: defaultdict(<class 'int'>, {36: 5, 45: 30, 90: 79, 12: 20, 92: 54, 41: 64, 16: 114, 38: 35, 86: 45, 97: 108, 69: 17, 79: 33, 83: 54, 93: 30, 53: 4, 29: 48, 24: 8, 8: 12, 77: 3, 89: 91, 72: 38, 32: 31, 18: 10, 10: 19, 62: 5, 33: 2, 4: 5, 48: 24, 98: 4, 64: 5, 40: 3, 17: 1, 26: 18, 9: 6, 19: 4, 39: 1, 28: 3, 60: 4, 58: 2, 37: 4, 96: 1})
trans_simu_time 15.04
torchvision.models.resnet101(pretrained=False, num_classes=args.num_classes) model chosen!
id 6
label_counts: defaultdict(<class 'int'>, {26: 153, 18: 185, 49: 200, 53: 25, 83: 8, 25: 111, 94: 106, 80: 144, 82: 52, 7: 12, 67: 33, 46: 19, 9: 25, 20: 17, 0: 31, 31: 3, 24: 17, 13: 1, 6: 9, 58: 9, 32: 14, 64: 1, 85: 10, 73: 2, 15: 1, 30: 2, 75: 1, 71: 1, 42: 1, 78: 1})
trans_simu_time 15.04
torchvision.models.resnet152(pretrained=False, num_classes=args.num_classes) model chosen!
id 7
label_counts: defaultdict(<class 'int'>, {25: 8, 48: 183, 14: 114, 29: 9, 87: 34, 99: 61, 4: 8, 46: 92, 73: 11, 18: 10, 19: 60, 98: 28, 31: 126, 40: 94, 75: 16, 68: 6, 26: 3, 61: 80, 39: 14, 77: 1, 69: 9, 33: 9, 82: 10, 88: 14, 84: 8, 74: 1, 32: 1, 58: 12, 64: 6, 20: 1, 37: 1, 79: 2, 49: 4, 62: 2, 2: 4, 66: 2, 36: 1, 93: 1})
trans_simu_time 15.04
FedAvgCNN(in_features=3, num_classes=args.num_classes, dim=1600) model chosen!
id 8
label_counts: defaultdict(<class 'int'>, {86: 215, 60: 38, 5: 16, 9: 18, 36: 150, 32: 26, 51: 96, 59: 51, 71: 20, 82: 37, 65: 5, 7: 10, 28: 14, 46: 199, 50: 116, 38: 43, 73: 3, 75: 38, 4: 9, 57: 13, 15: 9, 16: 9, 67: 4, 77: 6, 22: 16, 68: 3, 85: 5, 52: 1, 2: 4, 0: 1, 49: 3, 8: 5, 76: 2, 37: 2, 24: 1, 23: 1, 62: 4})
trans_simu_time 15.04
torchvision.models.googlenet(pretrained=False, aux_logits=False, num_classes=args.num_classes) model chosen!
id 9
label_counts: defaultdict(<class 'int'>, {94: 157, 52: 92, 66: 13, 70: 304, 16: 55, 17: 111, 91: 61, 27: 25, 83: 7, 4: 12, 39: 36, 90: 48, 11: 72, 93: 101, 48: 3, 24: 3, 55: 30, 42: 7, 33: 12, 40: 11, 57: 1, 19: 4, 21: 9, 29: 3, 51: 3, 7: 1, 34: 2, 63: 2, 0: 4, 2: 1, 35: 1, 1: 6, 25: 3, 77: 4, 15: 1, 23: 1})
trans_simu_time 15.04
mobilenet_v2(pretrained=False, num_classes=args.num_classes) model chosen!
id 10
label_counts: defaultdict(<class 'int'>, {38: 147, 35: 82, 34: 71, 67: 30, 36: 103, 58: 189, 76: 68, 71: 27, 17: 46, 33: 44, 15: 23, 21: 4, 26: 43, 42: 40, 64: 5, 22: 65, 70: 45, 31: 11, 9: 10, 19: 15, 57: 26, 54: 1, 7: 17, 25: 13, 59: 2, 11: 9, 68: 17, 5: 7, 18: 2, 6: 3, 63: 4, 4: 3, 49: 4, 23: 1, 2: 1, 52: 1, 74: 2, 30: 1})
trans_simu_time 15.04
torchvision.models.resnet18(pretrained=False, num_classes=args.num_classes) model chosen!
id 11
label_counts: defaultdict(<class 'int'>, {27: 4, 57: 161, 53: 124, 71: 161, 29: 94, 4: 34, 44: 95, 17: 102, 15: 191, 47: 9, 37: 16, 13: 29, 56: 62, 42: 37, 45: 2, 25: 10, 62: 2, 61: 5, 14: 1, 8: 4, 67: 1, 2: 1, 69: 1, 30: 10, 1: 2, 38: 2, 28: 1})
trans_simu_time 15.04
torchvision.models.resnet34(pretrained=False, num_classes=args.num_classes) model chosen!
id 12
label_counts: defaultdict(<class 'int'>, {56: 51, 50: 15, 7: 8, 12: 44, 58: 78, 45: 246, 20: 191, 79: 28, 29: 4, 27: 8, 9: 5, 89: 41, 1: 5, 21: 20, 70: 10, 82: 10, 51: 30, 23: 2, 73: 12, 72: 10, 8: 23, 55: 13, 69: 1, 52: 1, 43: 4, 97: 13, 74: 4, 75: 1, 26: 7, 65: 8, 87: 1, 66: 1, 6: 2, 14: 1, 30: 2, 61: 5, 53: 2, 38: 1, 32: 1, 22: 3, 33: 2, 92: 1})
trans_simu_time 15.04
torchvision.models.resnet50(pretrained=False, num_classes=args.num_classes) model chosen!
id 13
label_counts: defaultdict(<class 'int'>, {51: 70, 44: 107, 57: 52, 90: 66, 26: 79, 96: 212, 3: 143, 63: 39, 70: 36, 54: 39, 82: 25, 52: 21, 64: 41, 25: 68, 72: 4, 7: 48, 69: 66, 13: 6, 37: 5, 30: 40, 31: 7, 6: 1, 17: 34, 92: 4, 38: 23, 32: 7, 43: 2, 40: 17, 71: 1, 74: 4, 19: 2, 78: 3, 14: 8, 10: 3, 20: 8, 93: 4, 48: 3, 73: 2, 41: 1, 5: 1, 24: 1, 33: 2, 46: 1})
trans_simu_time 15.04
torchvision.models.resnet101(pretrained=False, num_classes=args.num_classes) model chosen!
id 14
label_counts: defaultdict(<class 'int'>, {64: 5, 62: 150, 39: 151, 97: 118, 60: 44, 38: 37, 69: 87, 11: 42, 57: 10, 35: 50, 37: 7, 48: 30, 99: 18, 63: 9, 19: 38, 83: 4, 27: 7, 49: 19, 75: 18, 77: 15, 0: 8, 34: 17, 90: 3, 2: 16, 74: 7, 67: 4, 51: 5, 24: 12, 47: 1, 50: 5, 66: 1, 17: 10, 41: 1, 59: 1, 80: 5, 18: 1, 43: 4, 72: 1})
trans_simu_time 15.04
torchvision.models.resnet152(pretrained=False, num_classes=args.num_classes) model chosen!
id 15
label_counts: defaultdict(<class 'int'>, {25: 110, 89: 106, 69: 18, 75: 238, 91: 178, 58: 19, 66: 112, 73: 16, 36: 4, 64: 48, 41: 14, 80: 20, 38: 38, 90: 32, 3: 7, 53: 39, 46: 13, 43: 41, 62: 12, 68: 16, 29: 13, 28: 38, 71: 6, 54: 32, 0: 21, 49: 17, 34: 7, 76: 26, 72: 6, 33: 1, 42: 6, 60: 1, 20: 2, 44: 2, 8: 4, 37: 1, 21: 1, 50: 1, 26: 1, 35: 1, 61: 1})
trans_simu_time 15.04
FedAvgCNN(in_features=3, num_classes=args.num_classes, dim=1600) model chosen!
id 16
label_counts: defaultdict(<class 'int'>, {25: 12, 92: 180, 36: 147, 76: 126, 90: 130, 26: 19, 51: 25, 32: 8, 13: 111, 56: 7, 65: 43, 55: 66, 22: 22, 39: 16, 81: 3, 40: 70, 15: 4, 54: 8, 34: 20, 7: 35, 46: 12, 2: 52, 4: 20, 59: 31, 66: 10, 11: 13, 89: 5, 72: 1, 91: 1, 42: 6, 63: 7, 70: 4, 29: 6, 0: 3, 78: 2, 77: 2, 86: 3, 58: 1, 45: 5, 28: 6, 87: 1, 61: 1, 52: 1})
trans_simu_time 15.04
torchvision.models.googlenet(pretrained=False, aux_logits=False, num_classes=args.num_classes) model chosen!
id 17
label_counts: defaultdict(<class 'int'>, {22: 148, 16: 107, 8: 19, 75: 4, 28: 6, 62: 19, 59: 19, 82: 190, 36: 3, 6: 193, 10: 47, 50: 87, 63: 29, 27: 38, 55: 19, 53: 21, 69: 60, 81: 26, 64: 5, 21: 4, 44: 30, 80: 17, 18: 6, 23: 5, 26: 2, 67: 4, 68: 8, 52: 1, 31: 3, 79: 2, 35: 1, 56: 1, 71: 1})
trans_simu_time 15.04
mobilenet_v2(pretrained=False, num_classes=args.num_classes) model chosen!
id 18
label_counts: defaultdict(<class 'int'>, {29: 30, 22: 11, 24: 42, 19: 43, 27: 63, 78: 12, 74: 203, 93: 9, 98: 7, 89: 38, 21: 1, 46: 33, 95: 42, 18: 8, 39: 22, 16: 8, 91: 1, 73: 15, 40: 1, 79: 9, 97: 44, 7: 14, 17: 5, 65: 13, 28: 15, 64: 6, 55: 2, 1: 7, 10: 7, 41: 3, 31: 4, 9: 2, 25: 6, 12: 7, 56: 1, 52: 2, 81: 3, 88: 2, 15: 1, 86: 1, 8: 3})
trans_simu_time 15.04
torchvision.models.resnet18(pretrained=False, num_classes=args.num_classes) model chosen!
id 19
label_counts: defaultdict(<class 'int'>, {52: 262, 65: 39, 68: 80, 20: 84, 28: 57, 31: 72, 38: 45, 6: 19, 23: 61, 8: 16, 51: 49, 53: 82, 57: 77, 58: 17, 37: 14, 66: 9, 32: 56, 24: 12, 56: 1, 25: 8, 27: 66, 39: 21, 15: 5, 1: 3, 5: 5, 35: 2, 26: 5, 50: 1, 11: 1, 17: 1, 54: 1})
trans_simu_time 15.04
torchvision.models.resnet34(pretrained=False, num_classes=args.num_classes) model chosen!
id 20
label_counts: defaultdict(<class 'int'>, {0: 217, 12: 61, 74: 70, 25: 38, 43: 125, 8: 2, 17: 16, 66: 147, 69: 9, 11: 49, 9: 19, 16: 17, 50: 60, 2: 14, 42: 52, 34: 93, 68: 10, 4: 16, 54: 21, 22: 78, 67: 10, 73: 5, 61: 8, 58: 2, 32: 2, 40: 7, 64: 1, 28: 3, 52: 1, 38: 1, 45: 2})
trans_simu_time 15.04
torchvision.models.resnet50(pretrained=False, num_classes=args.num_classes) model chosen!
id 21
label_counts: defaultdict(<class 'int'>, {6: 26, 88: 61, 92: 153, 90: 8, 7: 2, 41: 214, 9: 81, 80: 167, 74: 126, 72: 40, 42: 27, 39: 26, 1: 13, 86: 52, 91: 13, 29: 25, 54: 23, 8: 24, 69: 2, 76: 21, 53: 23, 59: 4, 62: 6, 71: 10, 16: 8, 68: 13, 32: 3, 64: 1, 24: 17, 79: 10, 67: 2, 87: 1, 51: 5, 57: 4, 25: 1, 17: 1, 21: 1, 47: 1, 20: 1})
trans_simu_time 15.04
torchvision.models.resnet101(pretrained=False, num_classes=args.num_classes) model chosen!
id 22
label_counts: defaultdict(<class 'int'>, {9: 252, 29: 87, 18: 57, 30: 220, 15: 160, 28: 97, 10: 91, 0: 57, 32: 58, 20: 3, 3: 31, 19: 10, 26: 14, 5: 2})
trans_simu_time 15.04
torchvision.models.resnet152(pretrained=False, num_classes=args.num_classes) model chosen!
id 23
label_counts: defaultdict(<class 'int'>, {8: 96, 78: 180, 68: 168, 42: 35, 87: 168, 29: 94, 27: 102, 44: 121, 82: 63, 12: 46, 28: 26, 65: 47, 16: 15, 23: 2, 75: 1, 19: 5, 17: 2, 64: 3, 58: 12, 9: 10, 66: 9, 46: 1, 39: 1, 56: 1, 81: 1, 18: 1, 72: 3, 14: 2, 40: 2, 3: 1, 52: 1, 32: 1, 24: 1, 51: 2, 61: 1, 25: 1, 26: 1})
trans_simu_time 15.04
FedAvgCNN(in_features=3, num_classes=args.num_classes, dim=1600) model chosen!
id 24
label_counts: defaultdict(<class 'int'>, {1: 113, 89: 107, 88: 87, 41: 23, 73: 16, 6: 41, 65: 23, 62: 8, 3: 30, 93: 18, 64: 4, 61: 7, 40: 138, 97: 51, 19: 27, 15: 14, 95: 50, 54: 9, 83: 36, 33: 10, 27: 7, 79: 5, 50: 18, 4: 19, 69: 11, 71: 6, 87: 18, 35: 11, 5: 4, 13: 2, 90: 4, 2: 4, 59: 7, 85: 5, 49: 10, 84: 2, 30: 1, 32: 2, 75: 1, 8: 2})
trans_simu_time 15.04
torchvision.models.googlenet(pretrained=False, aux_logits=False, num_classes=args.num_classes) model chosen!
id 25
label_counts: defaultdict(<class 'int'>, {85: 82, 68: 59, 44: 11, 99: 168, 42: 118, 97: 22, 33: 4, 57: 10, 51: 37, 73: 284, 67: 82, 75: 90, 17: 12, 78: 7, 92: 17, 77: 1, 11: 7, 16: 1, 62: 16, 56: 5, 98: 4, 91: 8, 38: 1, 52: 1, 43: 7, 36: 3, 13: 4, 18: 1, 71: 1, 60: 2, 96: 2, 72: 2, 37: 1, 49: 1, 10: 1, 40: 1, 82: 1})
trans_simu_time 15.04
mobilenet_v2(pretrained=False, num_classes=args.num_classes) model chosen!
id 26
label_counts: defaultdict(<class 'int'>, {7: 34, 88: 161, 79: 286, 6: 37, 43: 67, 19: 177, 51: 5, 12: 3, 81: 52, 31: 51, 80: 68, 1: 41, 82: 24, 84: 35, 86: 103, 30: 14, 38: 21, 85: 31, 41: 26, 10: 8, 44: 3, 69: 6, 77: 4, 66: 1, 39: 2, 50: 9, 61: 5, 9: 1, 14: 1, 71: 2, 87: 2, 68: 1, 48: 1, 3: 1, 52: 1, 16: 1})
trans_simu_time 15.04
torchvision.models.resnet18(pretrained=False, num_classes=args.num_classes) model chosen!
id 27
label_counts: defaultdict(<class 'int'>, {10: 24, 62: 213, 77: 43, 43: 180, 23: 188, 0: 48, 60: 75, 49: 87, 7: 32, 19: 38, 39: 29, 73: 29, 27: 18, 76: 9, 80: 34, 69: 2, 59: 8, 31: 8, 1: 20, 79: 17, 15: 3, 46: 15, 70: 2, 63: 1, 6: 2, 57: 6, 28: 2, 48: 2, 44: 4, 9: 1, 17: 2, 30: 1, 41: 3, 65: 1})
trans_simu_time 15.04
torchvision.models.resnet34(pretrained=False, num_classes=args.num_classes) model chosen!
id 28
label_counts: defaultdict(<class 'int'>, {93: 126, 4: 287, 55: 70, 25: 6, 16: 95, 84: 91, 67: 149, 34: 11, 71: 76, 58: 1, 80: 3, 1: 4, 59: 20, 86: 4, 31: 20, 78: 5, 54: 9, 2: 5, 92: 16, 66: 11, 76: 5, 7: 13, 97: 12, 73: 1, 11: 1, 87: 1, 26: 4, 75: 1, 28: 1, 17: 1, 30: 3, 53: 2})
trans_simu_time 15.04
torchvision.models.resnet50(pretrained=False, num_classes=args.num_classes) model chosen!
id 29
label_counts: defaultdict(<class 'int'>, {5: 131, 34: 83, 65: 144, 45: 116, 49: 20, 61: 214, 44: 15, 3: 31, 8: 142, 10: 138, 22: 8, 2: 1, 15: 19, 39: 5, 55: 61, 12: 13, 57: 1, 54: 1, 42: 1, 38: 3, 18: 3, 53: 1, 43: 1, 7: 1})
trans_simu_time 15.04
torchvision.models.resnet101(pretrained=False, num_classes=args.num_classes) model chosen!
id 30
label_counts: defaultdict(<class 'int'>, {99: 75, 35: 57, 57: 48, 60: 30, 36: 29, 63: 36, 84: 252, 89: 8, 82: 19, 13: 39, 51: 29, 22: 8, 77: 96, 14: 73, 30: 5, 58: 21, 87: 85, 85: 8, 72: 28, 68: 32, 71: 11, 25: 20, 98: 9, 96: 1, 27: 10, 19: 8, 34: 3, 5: 1, 26: 2, 31: 4, 70: 9, 11: 1, 32: 1, 56: 1, 23: 2, 24: 2, 15: 1, 12: 2, 69: 1, 88: 1, 64: 2, 54: 1})
trans_simu_time 15.04
torchvision.models.resnet152(pretrained=False, num_classes=args.num_classes) model chosen!
id 31
label_counts: defaultdict(<class 'int'>, {85: 39, 30: 57, 72: 219, 43: 14, 68: 13, 91: 13, 11: 165, 93: 79, 98: 18, 79: 30, 95: 109, 12: 8, 5: 2, 15: 15, 87: 81, 69: 1, 53: 24, 28: 19, 45: 4, 35: 8, 70: 21, 60: 27, 41: 5, 27: 1, 74: 2, 1: 6, 57: 6, 86: 5, 44: 1, 24: 1, 56: 4, 51: 2, 4: 1, 37: 2, 96: 6, 47: 1, 29: 2, 88: 2, 84: 1, 67: 1, 20: 2, 25: 1, 19: 2, 97: 1, 33: 1, 78: 1})
trans_simu_time 15.04
FedAvgCNN(in_features=3, num_classes=args.num_classes, dim=1600) model chosen!
id 32
label_counts: defaultdict(<class 'int'>, {13: 180, 81: 82, 14: 128, 24: 148, 51: 61, 2: 37, 8: 23, 71: 12, 83: 20, 10: 45, 49: 66, 35: 59, 64: 65, 16: 17, 5: 17, 47: 3, 27: 28, 28: 71, 31: 1, 38: 16, 74: 8, 67: 9, 34: 1, 45: 6, 17: 4, 32: 1, 73: 1, 77: 4, 4: 1, 29: 4, 22: 2, 68: 2, 44: 1, 9: 1, 52: 1, 12: 1, 60: 1, 59: 1, 70: 1, 36: 1, 30: 1})
trans_simu_time 15.04
torchvision.models.googlenet(pretrained=False, aux_logits=False, num_classes=args.num_classes) model chosen!
id 33
label_counts: defaultdict(<class 'int'>, {76: 55, 53: 17, 63: 294, 29: 15, 40: 16, 77: 156, 24: 85, 74: 6, 59: 10, 45: 30, 32: 30, 6: 58, 44: 13, 7: 152, 28: 10, 55: 17, 17: 36, 13: 41, 49: 6, 54: 17, 65: 14, 11: 27, 34: 15, 61: 8, 43: 10, 62: 1, 3: 17, 60: 14, 5: 9, 21: 2, 1: 1, 41: 1, 42: 1, 39: 1})
trans_simu_time 15.04
mobilenet_v2(pretrained=False, num_classes=args.num_classes) model chosen!
id 34
label_counts: defaultdict(<class 'int'>, {32: 92, 85: 205, 60: 82, 45: 7, 88: 51, 52: 11, 51: 24, 1: 67, 2: 26, 40: 20, 72: 29, 61: 64, 41: 68, 99: 20, 63: 25, 65: 21, 98: 16, 81: 9, 53: 18, 90: 19, 33: 14, 56: 24, 92: 2, 28: 5, 69: 7, 47: 8, 67: 1, 74: 3, 71: 2, 64: 2, 12: 1, 82: 4, 24: 1, 50: 1, 83: 1, 22: 2, 30: 3, 34: 1, 46: 1})
trans_simu_time 15.04
torchvision.models.resnet18(pretrained=False, num_classes=args.num_classes) model chosen!
id 35
label_counts: defaultdict(<class 'int'>, {71: 64, 12: 200, 1: 95, 32: 91, 82: 20, 26: 88, 66: 15, 99: 86, 7: 30, 90: 60, 97: 65, 47: 32, 52: 2, 17: 9, 53: 4, 33: 22, 65: 13, 38: 8, 25: 3, 22: 11, 8: 1, 50: 25, 11: 11, 78: 3, 4: 23, 29: 1, 74: 4, 91: 5, 20: 3, 96: 1, 23: 11, 30: 1, 34: 2, 43: 4, 61: 1, 44: 10, 83: 2, 64: 1, 59: 2, 87: 2, 46: 2, 69: 1, 56: 1})
trans_simu_time 15.04
torchvision.models.resnet34(pretrained=False, num_classes=args.num_classes) model chosen!
id 36
label_counts: defaultdict(<class 'int'>, {59: 293, 18: 116, 56: 244, 40: 61, 67: 15, 21: 74, 20: 47, 48: 4, 38: 42, 22: 34, 1: 33, 30: 19, 44: 43, 35: 22, 25: 28, 70: 18, 69: 2, 55: 7, 13: 3, 17: 2, 58: 4, 31: 6, 10: 1, 52: 3, 60: 6, 33: 1, 11: 1, 62: 2, 19: 1})
trans_simu_time 15.04
torchvision.models.resnet50(pretrained=False, num_classes=args.num_classes) model chosen!
id 37
label_counts: defaultdict(<class 'int'>, {14: 127, 21: 13, 5: 225, 77: 53, 67: 100, 11: 22, 35: 90, 95: 54, 64: 19, 66: 17, 87: 15, 98: 36, 34: 6, 56: 38, 74: 10, 94: 25, 22: 22, 89: 21, 60: 24, 57: 9, 75: 10, 86: 3, 23: 4, 46: 5, 81: 3, 48: 1, 18: 1, 50: 1, 39: 7, 3: 7, 93: 1, 61: 2, 10: 8, 85: 1, 27: 1, 41: 3, 38: 2, 99: 1})
trans_simu_time 15.04
torchvision.models.resnet101(pretrained=False, num_classes=args.num_classes) model chosen!
id 38
label_counts: defaultdict(<class 'int'>, {98: 330, 7: 20, 48: 39, 95: 18, 94: 45, 23: 130, 69: 40, 19: 12, 18: 36, 91: 15, 60: 45, 84: 62, 34: 19, 86: 17, 90: 18, 2: 34, 54: 4, 96: 14, 33: 79, 81: 1, 68: 4, 67: 3, 70: 1, 38: 2, 28: 5, 40: 5, 22: 8, 47: 4, 8: 1, 99: 1, 63: 10, 57: 4, 71: 1, 93: 1, 56: 1, 97: 1, 74: 1, 12: 1})
trans_simu_time 15.04
torchvision.models.resnet152(pretrained=False, num_classes=args.num_classes) model chosen!
id 39
label_counts: defaultdict(<class 'int'>, {56: 9, 96: 208, 48: 1, 95: 177, 31: 107, 91: 165, 85: 62, 70: 4, 88: 71, 69: 1, 72: 62, 3: 44, 62: 2, 89: 16, 93: 1, 17: 26, 83: 17, 90: 1, 50: 31, 68: 1, 52: 27, 0: 36, 27: 9, 36: 1, 76: 1, 63: 1, 64: 1, 25: 3, 84: 1, 59: 1, 75: 1, 78: 1, 32: 2, 11: 4, 71: 1, 5: 5, 67: 5, 1: 1, 16: 1, 86: 1, 46: 5, 41: 1, 47: 3, 58: 3, 57: 2, 44: 6, 80: 1, 51: 1, 19: 1, 65: 1, 94: 1, 29: 2, 82: 1, 53: 1, 23: 9, 81: 1, 28: 2, 61: 1, 26: 10, 66: 1, 40: 1, 8: 1, 22: 1, 34: 1, 18: 1, 77: 1, 9: 1, 7: 2, 38: 1, 92: 1, 42: 1, 2: 1, 24: 1, 54: 1, 4: 1})
trans_simu_time 15.04

Join ratio / total clients: 1.0 / 40
Finished creating server and clients.
------------------------- time cost ------------------------- 97.35186004638672

-------------Round number: 0-------------

Evaluate heterogeneous models
Averaged Test Accuracy (Regular Model): 0.2262
Averaged Train Loss (Regular Model): 2.6387
Averaged Test AUC: 0.9088
Std Test Accurancy: 0.1160
Std Test AUC: 0.0512
------------------------- time cost ------------------------- 94.89780807495117

-------------Round number: 1-------------

Evaluate heterogeneous models
Averaged Test Accuracy (Regular Model): 0.3091
Averaged Train Loss (Regular Model): 2.1194
Averaged Test AUC: 0.9411
Std Test Accurancy: 0.1220
Std Test AUC: 0.0200
------------------------- time cost ------------------------- 89.56382870674133

-------------Round number: 2-------------

Evaluate heterogeneous models
Averaged Test Accuracy (Regular Model): 0.3472
Averaged Train Loss (Regular Model): 1.7359
Averaged Test AUC: 0.9429
Std Test Accurancy: 0.1161
Std Test AUC: 0.0203
------------------------- time cost ------------------------- 92.81786489486694

-------------Round number: 3-------------

Evaluate heterogeneous models
Averaged Test Accuracy (Regular Model): 0.3586
Averaged Train Loss (Regular Model): 1.5323
Averaged Test AUC: 0.9403
Std Test Accurancy: 0.1156
Std Test AUC: 0.0217
------------------------- time cost ------------------------- 95.8344178199768

-------------Round number: 4-------------

Evaluate heterogeneous models
Averaged Test Accuracy (Regular Model): 0.3692
Averaged Train Loss (Regular Model): 1.2558
Averaged Test AUC: 0.9394
Std Test Accurancy: 0.1125
Std Test AUC: 0.0211
------------------------- time cost ------------------------- 90.64623284339905

-------------Round number: 5-------------

Evaluate heterogeneous models
Averaged Test Accuracy (Regular Model): 0.3692
Averaged Train Loss (Regular Model): 1.0479
Averaged Test AUC: 0.9390
Std Test Accurancy: 0.1121
Std Test AUC: 0.0221
------------------------- time cost ------------------------- 92.60126304626465

-------------Round number: 6-------------

Evaluate heterogeneous models
Averaged Test Accuracy (Regular Model): 0.3782
Averaged Train Loss (Regular Model): 0.8821
Averaged Test AUC: 0.9386
Std Test Accurancy: 0.1106
Std Test AUC: 0.0229
------------------------- time cost ------------------------- 89.88580799102783

-------------Round number: 7-------------

Evaluate heterogeneous models
Averaged Test Accuracy (Regular Model): 0.3820
Averaged Train Loss (Regular Model): 0.7322
Averaged Test AUC: 0.9358
Std Test Accurancy: 0.1093
Std Test AUC: 0.0238
------------------------- time cost ------------------------- 89.50618314743042

-------------Round number: 8-------------

Evaluate heterogeneous models
Averaged Test Accuracy (Regular Model): 0.3751
Averaged Train Loss (Regular Model): 0.6861
Averaged Test AUC: 0.9333
Std Test Accurancy: 0.1085
Std Test AUC: 0.0256
------------------------- time cost ------------------------- 90.06149315834045

-------------Round number: 9-------------

Evaluate heterogeneous models
Averaged Test Accuracy (Regular Model): 0.3797
Averaged Train Loss (Regular Model): 0.6130
Averaged Test AUC: 0.9311
Std Test Accurancy: 0.1114
Std Test AUC: 0.0289
------------------------- time cost ------------------------- 89.8533341884613

-------------Round number: 10-------------

Evaluate heterogeneous models
Averaged Test Accuracy (Regular Model): 0.3808
Averaged Train Loss (Regular Model): 0.5814
Averaged Test AUC: 0.9310
Std Test Accurancy: 0.1111
Std Test AUC: 0.0291
------------------------- time cost ------------------------- 90.20726418495178

-------------Round number: 11-------------

Evaluate heterogeneous models
Averaged Test Accuracy (Regular Model): 0.3859
Averaged Train Loss (Regular Model): 0.5002
Averaged Test AUC: 0.9304
Std Test Accurancy: 0.1050
Std Test AUC: 0.0307
------------------------- time cost ------------------------- 91.20912742614746

-------------Round number: 12-------------

Evaluate heterogeneous models
Averaged Test Accuracy (Regular Model): 0.3845
Averaged Train Loss (Regular Model): 0.5206
Averaged Test AUC: 0.9283
Std Test Accurancy: 0.1070
Std Test AUC: 0.0323
------------------------- time cost ------------------------- 91.40354466438293

-------------Round number: 13-------------

Evaluate heterogeneous models
Averaged Test Accuracy (Regular Model): 0.3825
Averaged Train Loss (Regular Model): 0.4810
Averaged Test AUC: 0.9280
Std Test Accurancy: 0.1113
Std Test AUC: 0.0344
------------------------- time cost ------------------------- 91.8929512500763

-------------Round number: 14-------------

Evaluate heterogeneous models
Averaged Test Accuracy (Regular Model): 0.3898
Averaged Train Loss (Regular Model): 0.5492
Averaged Test AUC: 0.9303
Std Test Accurancy: 0.0990
Std Test AUC: 0.0321
------------------------- time cost ------------------------- 90.63204526901245

-------------Round number: 15-------------

Evaluate heterogeneous models
Averaged Test Accuracy (Regular Model): 0.3912
Averaged Train Loss (Regular Model): 0.4753
Averaged Test AUC: 0.9293
Std Test Accurancy: 0.1065
Std Test AUC: 0.0352
------------------------- time cost ------------------------- 96.78941822052002

-------------Round number: 16-------------

Evaluate heterogeneous models
Averaged Test Accuracy (Regular Model): 0.3922
Averaged Train Loss (Regular Model): 0.3671
Averaged Test AUC: 0.9293
Std Test Accurancy: 0.1035
Std Test AUC: 0.0342
------------------------- time cost ------------------------- 96.09017205238342

-------------Round number: 17-------------

Evaluate heterogeneous models
Averaged Test Accuracy (Regular Model): 0.3901
Averaged Train Loss (Regular Model): 0.4150
Averaged Test AUC: 0.9277
Std Test Accurancy: 0.1055
Std Test AUC: 0.0349
------------------------- time cost ------------------------- 94.04918909072876

-------------Round number: 18-------------

Evaluate heterogeneous models
Averaged Test Accuracy (Regular Model): 0.3887
Averaged Train Loss (Regular Model): 0.3672
Averaged Test AUC: 0.9286
Std Test Accurancy: 0.1020
Std Test AUC: 0.0339
------------------------- time cost ------------------------- 96.1977150440216

-------------Round number: 19-------------

Evaluate heterogeneous models
Averaged Test Accuracy (Regular Model): 0.3872
Averaged Train Loss (Regular Model): 0.3586
Averaged Test AUC: 0.9275
Std Test Accurancy: 0.1041
Std Test AUC: 0.0348
------------------------- time cost ------------------------- 93.03291153907776

-------------Round number: 20-------------

Evaluate heterogeneous models
Averaged Test Accuracy (Regular Model): 0.3904
Averaged Train Loss (Regular Model): 0.3725
Averaged Test AUC: 0.9292
Std Test Accurancy: 0.1062
Std Test AUC: 0.0333
------------------------- time cost ------------------------- 95.1193311214447

-------------Round number: 21-------------

Evaluate heterogeneous models
Averaged Test Accuracy (Regular Model): 0.3971
Averaged Train Loss (Regular Model): 0.3280
Averaged Test AUC: 0.9311
Std Test Accurancy: 0.0982
Std Test AUC: 0.0318
------------------------- time cost ------------------------- 94.57396149635315

-------------Round number: 22-------------

Evaluate heterogeneous models
Averaged Test Accuracy (Regular Model): 0.3963
Averaged Train Loss (Regular Model): 0.3253
Averaged Test AUC: 0.9297
Std Test Accurancy: 0.1002
Std Test AUC: 0.0326
------------------------- time cost ------------------------- 90.68323612213135

-------------Round number: 23-------------

Evaluate heterogeneous models
Averaged Test Accuracy (Regular Model): 0.3925
Averaged Train Loss (Regular Model): 0.3299
Averaged Test AUC: 0.9304
Std Test Accurancy: 0.1019
Std Test AUC: 0.0327
------------------------- time cost ------------------------- 92.70350694656372

-------------Round number: 24-------------

Evaluate heterogeneous models
Averaged Test Accuracy (Regular Model): 0.3946
Averaged Train Loss (Regular Model): 0.2904
Averaged Test AUC: 0.9300
Std Test Accurancy: 0.1041
Std Test AUC: 0.0351
------------------------- time cost ------------------------- 92.23418593406677

-------------Round number: 25-------------

Evaluate heterogeneous models
Averaged Test Accuracy (Regular Model): 0.3993
Averaged Train Loss (Regular Model): 0.2739
Averaged Test AUC: 0.9315
Std Test Accurancy: 0.0970
Std Test AUC: 0.0311
------------------------- time cost ------------------------- 93.72256875038147

-------------Round number: 26-------------

Evaluate heterogeneous models
Averaged Test Accuracy (Regular Model): 0.4044
Averaged Train Loss (Regular Model): 0.2771
Averaged Test AUC: 0.9318
Std Test Accurancy: 0.0955
Std Test AUC: 0.0313
------------------------- time cost ------------------------- 89.30554676055908

-------------Round number: 27-------------

Evaluate heterogeneous models
Averaged Test Accuracy (Regular Model): 0.4041
Averaged Train Loss (Regular Model): 0.2650
Averaged Test AUC: 0.9330
Std Test Accurancy: 0.0997
Std Test AUC: 0.0300
------------------------- time cost ------------------------- 88.87845396995544

-------------Round number: 28-------------

Evaluate heterogeneous models
Averaged Test Accuracy (Regular Model): 0.4060
Averaged Train Loss (Regular Model): 0.2997
Averaged Test AUC: 0.9326
Std Test Accurancy: 0.0959
Std Test AUC: 0.0308
------------------------- time cost ------------------------- 88.88886499404907

-------------Round number: 29-------------

Evaluate heterogeneous models
Averaged Test Accuracy (Regular Model): 0.4058
Averaged Train Loss (Regular Model): 0.2320
Averaged Test AUC: 0.9327
Std Test Accurancy: 0.0917
Std Test AUC: 0.0305
------------------------- time cost ------------------------- 90.30220532417297

-------------Round number: 30-------------

Evaluate heterogeneous models
Averaged Test Accuracy (Regular Model): 0.4017
Averaged Train Loss (Regular Model): 0.2849
Averaged Test AUC: 0.9319
Std Test Accurancy: 0.1016
Std Test AUC: 0.0306
------------------------- time cost ------------------------- 89.79278135299683

-------------Round number: 31-------------

Evaluate heterogeneous models
Averaged Test Accuracy (Regular Model): 0.4086
Averaged Train Loss (Regular Model): 0.2578
Averaged Test AUC: 0.9328
Std Test Accurancy: 0.0948
Std Test AUC: 0.0310
------------------------- time cost ------------------------- 89.89871430397034

-------------Round number: 32-------------

Evaluate heterogeneous models
Averaged Test Accuracy (Regular Model): 0.4066
Averaged Train Loss (Regular Model): 0.2461
Averaged Test AUC: 0.9322
Std Test Accurancy: 0.0920
Std Test AUC: 0.0305
------------------------- time cost ------------------------- 89.83339643478394

-------------Round number: 33-------------

Evaluate heterogeneous models
Averaged Test Accuracy (Regular Model): 0.4049
Averaged Train Loss (Regular Model): 0.2486
Averaged Test AUC: 0.9324
Std Test Accurancy: 0.0950
Std Test AUC: 0.0296
------------------------- time cost ------------------------- 92.76849246025085

-------------Round number: 34-------------

Evaluate heterogeneous models
Averaged Test Accuracy (Regular Model): 0.4096
Averaged Train Loss (Regular Model): 0.2215
Averaged Test AUC: 0.9334
Std Test Accurancy: 0.0907
Std Test AUC: 0.0300
------------------------- time cost ------------------------- 88.21043825149536

-------------Round number: 35-------------

Evaluate heterogeneous models
Averaged Test Accuracy (Regular Model): 0.4075
Averaged Train Loss (Regular Model): 0.2140
Averaged Test AUC: 0.9333
Std Test Accurancy: 0.0937
Std Test AUC: 0.0308
------------------------- time cost ------------------------- 90.32312631607056

-------------Round number: 36-------------

Evaluate heterogeneous models
Averaged Test Accuracy (Regular Model): 0.4042
Averaged Train Loss (Regular Model): 0.2091
Averaged Test AUC: 0.9336
Std Test Accurancy: 0.1010
Std Test AUC: 0.0304
------------------------- time cost ------------------------- 91.18473768234253

-------------Round number: 37-------------

Evaluate heterogeneous models
Averaged Test Accuracy (Regular Model): 0.4047
Averaged Train Loss (Regular Model): 0.2617
Averaged Test AUC: 0.9329
Std Test Accurancy: 0.0948
Std Test AUC: 0.0289
------------------------- time cost ------------------------- 91.20769500732422

-------------Round number: 38-------------

Evaluate heterogeneous models
Averaged Test Accuracy (Regular Model): 0.4119
Averaged Train Loss (Regular Model): 0.2336
Averaged Test AUC: 0.9337
Std Test Accurancy: 0.0925
Std Test AUC: 0.0291
------------------------- time cost ------------------------- 89.52539849281311

-------------Round number: 39-------------

Evaluate heterogeneous models
Averaged Test Accuracy (Regular Model): 0.4140
Averaged Train Loss (Regular Model): 0.2297
Averaged Test AUC: 0.9346
Std Test Accurancy: 0.0903
Std Test AUC: 0.0283
------------------------- time cost ------------------------- 90.3999834060669

-------------Round number: 40-------------

Evaluate heterogeneous models
Averaged Test Accuracy (Regular Model): 0.4116
Averaged Train Loss (Regular Model): 0.2087
Averaged Test AUC: 0.9348
Std Test Accurancy: 0.0939
Std Test AUC: 0.0282
------------------------- time cost ------------------------- 92.36252999305725

-------------Round number: 41-------------

Evaluate heterogeneous models
Averaged Test Accuracy (Regular Model): 0.4070
Averaged Train Loss (Regular Model): 0.2176
Averaged Test AUC: 0.9330
Std Test Accurancy: 0.0914
Std Test AUC: 0.0293
------------------------- time cost ------------------------- 92.20681142807007

-------------Round number: 42-------------

Evaluate heterogeneous models
Averaged Test Accuracy (Regular Model): 0.4108
Averaged Train Loss (Regular Model): 0.1951
Averaged Test AUC: 0.9339
Std Test Accurancy: 0.0931
Std Test AUC: 0.0287
------------------------- time cost ------------------------- 90.43904376029968

-------------Round number: 43-------------

Evaluate heterogeneous models
Averaged Test Accuracy (Regular Model): 0.4141
Averaged Train Loss (Regular Model): 0.1868
Averaged Test AUC: 0.9346
Std Test Accurancy: 0.0901
Std Test AUC: 0.0288
------------------------- time cost ------------------------- 88.41927695274353

-------------Round number: 44-------------

Evaluate heterogeneous models
Averaged Test Accuracy (Regular Model): 0.4118
Averaged Train Loss (Regular Model): 0.2228
Averaged Test AUC: 0.9345
Std Test Accurancy: 0.0913
Std Test AUC: 0.0282
------------------------- time cost ------------------------- 90.40283846855164

-------------Round number: 45-------------

Evaluate heterogeneous models
Averaged Test Accuracy (Regular Model): 0.4140
Averaged Train Loss (Regular Model): 0.2105
Averaged Test AUC: 0.9343
Std Test Accurancy: 0.0884
Std Test AUC: 0.0277
------------------------- time cost ------------------------- 92.45722818374634

-------------Round number: 46-------------

Evaluate heterogeneous models
Averaged Test Accuracy (Regular Model): 0.4138
Averaged Train Loss (Regular Model): 0.1992
Averaged Test AUC: 0.9348
Std Test Accurancy: 0.0881
Std Test AUC: 0.0283
------------------------- time cost ------------------------- 87.81210684776306

-------------Round number: 47-------------

Evaluate heterogeneous models
Averaged Test Accuracy (Regular Model): 0.4144
Averaged Train Loss (Regular Model): 0.1711
Averaged Test AUC: 0.9350
Std Test Accurancy: 0.0911
Std Test AUC: 0.0279
------------------------- time cost ------------------------- 90.28772497177124

-------------Round number: 48-------------

Evaluate heterogeneous models
Averaged Test Accuracy (Regular Model): 0.4182
Averaged Train Loss (Regular Model): 0.1855
Averaged Test AUC: 0.9344
Std Test Accurancy: 0.0907
Std Test AUC: 0.0289
------------------------- time cost ------------------------- 90.0869562625885

-------------Round number: 49-------------

Evaluate heterogeneous models
Averaged Test Accuracy (Regular Model): 0.4172
Averaged Train Loss (Regular Model): 0.2072
Averaged Test AUC: 0.9345
Std Test Accurancy: 0.0893
Std Test AUC: 0.0281
------------------------- time cost ------------------------- 92.41121649742126

-------------Round number: 50-------------

Evaluate heterogeneous models
Averaged Test Accuracy (Regular Model): 0.4137
Averaged Train Loss (Regular Model): 0.1691
Averaged Test AUC: 0.9348
Std Test Accurancy: 0.0885
Std Test AUC: 0.0270
------------------------- time cost ------------------------- 92.54626154899597

-------------Round number: 51-------------

Evaluate heterogeneous models
Averaged Test Accuracy (Regular Model): 0.4210
Averaged Train Loss (Regular Model): 0.1862
Averaged Test AUC: 0.9345
Std Test Accurancy: 0.0862
Std Test AUC: 0.0274
------------------------- time cost ------------------------- 92.5263020992279

-------------Round number: 52-------------

Evaluate heterogeneous models
Averaged Test Accuracy (Regular Model): 0.4162
Averaged Train Loss (Regular Model): 0.1809
Averaged Test AUC: 0.9351
Std Test Accurancy: 0.0870
Std Test AUC: 0.0284
------------------------- time cost ------------------------- 91.70901036262512

-------------Round number: 53-------------

Evaluate heterogeneous models
Averaged Test Accuracy (Regular Model): 0.4142
Averaged Train Loss (Regular Model): 0.1575
Averaged Test AUC: 0.9360
Std Test Accurancy: 0.0897
Std Test AUC: 0.0264
------------------------- time cost ------------------------- 89.47608613967896

-------------Round number: 54-------------

Evaluate heterogeneous models
Averaged Test Accuracy (Regular Model): 0.4158
Averaged Train Loss (Regular Model): 0.1859
Averaged Test AUC: 0.9358
Std Test Accurancy: 0.0897
Std Test AUC: 0.0263
------------------------- time cost ------------------------- 91.42753267288208

-------------Round number: 55-------------

Evaluate heterogeneous models
Averaged Test Accuracy (Regular Model): 0.4160
Averaged Train Loss (Regular Model): 0.1870
Averaged Test AUC: 0.9355
Std Test Accurancy: 0.0863
Std Test AUC: 0.0284
------------------------- time cost ------------------------- 90.17010617256165

-------------Round number: 56-------------

Evaluate heterogeneous models
Averaged Test Accuracy (Regular Model): 0.4129
Averaged Train Loss (Regular Model): 0.1719
Averaged Test AUC: 0.9354
Std Test Accurancy: 0.0907
Std Test AUC: 0.0273
------------------------- time cost ------------------------- 94.04128813743591

-------------Round number: 57-------------

Evaluate heterogeneous models
Averaged Test Accuracy (Regular Model): 0.4130
Averaged Train Loss (Regular Model): 0.1522
Averaged Test AUC: 0.9355
Std Test Accurancy: 0.0893
Std Test AUC: 0.0274
------------------------- time cost ------------------------- 98.07052493095398

-------------Round number: 58-------------

Evaluate heterogeneous models
Averaged Test Accuracy (Regular Model): 0.4149
Averaged Train Loss (Regular Model): 0.1980
Averaged Test AUC: 0.9352
Std Test Accurancy: 0.0892
Std Test AUC: 0.0275
------------------------- time cost ------------------------- 95.22138500213623

-------------Round number: 59-------------

Evaluate heterogeneous models
Averaged Test Accuracy (Regular Model): 0.4141
Averaged Train Loss (Regular Model): 0.1897
Averaged Test AUC: 0.9359
Std Test Accurancy: 0.0871
Std Test AUC: 0.0267
------------------------- time cost ------------------------- 90.53766560554504

-------------Round number: 60-------------

Evaluate heterogeneous models
Averaged Test Accuracy (Regular Model): 0.4120
Averaged Train Loss (Regular Model): 0.1666
Averaged Test AUC: 0.9357
Std Test Accurancy: 0.0943
Std Test AUC: 0.0271
------------------------- time cost ------------------------- 91.84295344352722

-------------Round number: 61-------------

Evaluate heterogeneous models
Averaged Test Accuracy (Regular Model): 0.4155
Averaged Train Loss (Regular Model): 0.1686
Averaged Test AUC: 0.9351
Std Test Accurancy: 0.0918
Std Test AUC: 0.0277
------------------------- time cost ------------------------- 91.62548112869263

-------------Round number: 62-------------

Evaluate heterogeneous models
Averaged Test Accuracy (Regular Model): 0.4126
Averaged Train Loss (Regular Model): 0.1976
Averaged Test AUC: 0.9351
Std Test Accurancy: 0.0926
Std Test AUC: 0.0266
------------------------- time cost ------------------------- 91.53979110717773

-------------Round number: 63-------------

Evaluate heterogeneous models
Averaged Test Accuracy (Regular Model): 0.4144
Averaged Train Loss (Regular Model): 0.1862
Averaged Test AUC: 0.9360
Std Test Accurancy: 0.0880
Std Test AUC: 0.0263
------------------------- time cost ------------------------- 90.49678802490234

-------------Round number: 64-------------

Evaluate heterogeneous models
Averaged Test Accuracy (Regular Model): 0.4131
Averaged Train Loss (Regular Model): 0.1752
Averaged Test AUC: 0.9348
Std Test Accurancy: 0.0944
Std Test AUC: 0.0278
------------------------- time cost ------------------------- 89.40746450424194

-------------Round number: 65-------------

Evaluate heterogeneous models
Averaged Test Accuracy (Regular Model): 0.4177
Averaged Train Loss (Regular Model): 0.1377
Averaged Test AUC: 0.9357
Std Test Accurancy: 0.0893
Std Test AUC: 0.0266
------------------------- time cost ------------------------- 90.34445571899414

-------------Round number: 66-------------

Evaluate heterogeneous models
Averaged Test Accuracy (Regular Model): 0.4162
Averaged Train Loss (Regular Model): 0.1401
Averaged Test AUC: 0.9355
Std Test Accurancy: 0.0908
Std Test AUC: 0.0272
------------------------- time cost ------------------------- 90.81946229934692

-------------Round number: 67-------------

Evaluate heterogeneous models
Averaged Test Accuracy (Regular Model): 0.4192
Averaged Train Loss (Regular Model): 0.1351
Averaged Test AUC: 0.9355
Std Test Accurancy: 0.0872
Std Test AUC: 0.0279
------------------------- time cost ------------------------- 90.24204134941101

-------------Round number: 68-------------

Evaluate heterogeneous models
Averaged Test Accuracy (Regular Model): 0.4150
Averaged Train Loss (Regular Model): 0.1424
Averaged Test AUC: 0.9344
Std Test Accurancy: 0.0921
Std Test AUC: 0.0280
------------------------- time cost ------------------------- 90.3173508644104

-------------Round number: 69-------------

Evaluate heterogeneous models
Averaged Test Accuracy (Regular Model): 0.4158
Averaged Train Loss (Regular Model): 0.1720
Averaged Test AUC: 0.9340
Std Test Accurancy: 0.0905
Std Test AUC: 0.0292
------------------------- time cost ------------------------- 93.0262598991394

-------------Round number: 70-------------

Evaluate heterogeneous models
Averaged Test Accuracy (Regular Model): 0.4144
Averaged Train Loss (Regular Model): 0.1833
Averaged Test AUC: 0.9346
Std Test Accurancy: 0.0899
Std Test AUC: 0.0269
------------------------- time cost ------------------------- 93.9224226474762

-------------Round number: 71-------------

Evaluate heterogeneous models
Averaged Test Accuracy (Regular Model): 0.4131
Averaged Train Loss (Regular Model): 0.1707
Averaged Test AUC: 0.9349
Std Test Accurancy: 0.0929
Std Test AUC: 0.0266
------------------------- time cost ------------------------- 94.63630175590515

-------------Round number: 72-------------

Evaluate heterogeneous models
Averaged Test Accuracy (Regular Model): 0.4190
Averaged Train Loss (Regular Model): 0.1620
Averaged Test AUC: 0.9356
Std Test Accurancy: 0.0875
Std Test AUC: 0.0264
------------------------- time cost ------------------------- 90.08207726478577

-------------Round number: 73-------------

Evaluate heterogeneous models
Averaged Test Accuracy (Regular Model): 0.4158
Averaged Train Loss (Regular Model): 0.1691
Averaged Test AUC: 0.9353
Std Test Accurancy: 0.0924
Std Test AUC: 0.0271
------------------------- time cost ------------------------- 89.7213134765625

-------------Round number: 74-------------

Evaluate heterogeneous models
Averaged Test Accuracy (Regular Model): 0.4135
Averaged Train Loss (Regular Model): 0.1381
Averaged Test AUC: 0.9352
Std Test Accurancy: 0.0927
Std Test AUC: 0.0267
------------------------- time cost ------------------------- 89.8390486240387

-------------Round number: 75-------------

Evaluate heterogeneous models
Averaged Test Accuracy (Regular Model): 0.4204
Averaged Train Loss (Regular Model): 0.1483
Averaged Test AUC: 0.9360
Std Test Accurancy: 0.0867
Std Test AUC: 0.0262
------------------------- time cost ------------------------- 92.1553647518158

-------------Round number: 76-------------

Evaluate heterogeneous models
Averaged Test Accuracy (Regular Model): 0.4159
Averaged Train Loss (Regular Model): 0.1295
Averaged Test AUC: 0.9349
Std Test Accurancy: 0.0907
Std Test AUC: 0.0269
------------------------- time cost ------------------------- 90.15844893455505

-------------Round number: 77-------------

Evaluate heterogeneous models
Averaged Test Accuracy (Regular Model): 0.4190
Averaged Train Loss (Regular Model): 0.1385
Averaged Test AUC: 0.9358
Std Test Accurancy: 0.0884
Std Test AUC: 0.0270
------------------------- time cost ------------------------- 91.2232654094696

-------------Round number: 78-------------

Evaluate heterogeneous models
Averaged Test Accuracy (Regular Model): 0.4161
Averaged Train Loss (Regular Model): 0.1427
Averaged Test AUC: 0.9354
Std Test Accurancy: 0.0882
Std Test AUC: 0.0270
------------------------- time cost ------------------------- 89.98161625862122

-------------Round number: 79-------------

Evaluate heterogeneous models
Averaged Test Accuracy (Regular Model): 0.4190
Averaged Train Loss (Regular Model): 0.1222
Averaged Test AUC: 0.9356
Std Test Accurancy: 0.0902
Std Test AUC: 0.0274
------------------------- time cost ------------------------- 87.01700615882874

-------------Round number: 80-------------

Evaluate heterogeneous models
Averaged Test Accuracy (Regular Model): 0.4158
Averaged Train Loss (Regular Model): 0.1248
Averaged Test AUC: 0.9355
Std Test Accurancy: 0.0915
Std Test AUC: 0.0276
------------------------- time cost ------------------------- 90.94984769821167

-------------Round number: 81-------------

Evaluate heterogeneous models
Averaged Test Accuracy (Regular Model): 0.4156
Averaged Train Loss (Regular Model): 0.1302
Averaged Test AUC: 0.9354
Std Test Accurancy: 0.0898
Std Test AUC: 0.0271
------------------------- time cost ------------------------- 88.26579451560974

-------------Round number: 82-------------

Evaluate heterogeneous models
Averaged Test Accuracy (Regular Model): 0.4189
Averaged Train Loss (Regular Model): 0.1268
Averaged Test AUC: 0.9367
Std Test Accurancy: 0.0884
Std Test AUC: 0.0262
------------------------- time cost ------------------------- 88.01620173454285

-------------Round number: 83-------------

Evaluate heterogeneous models
Averaged Test Accuracy (Regular Model): 0.4210
Averaged Train Loss (Regular Model): 0.1122
Averaged Test AUC: 0.9366
Std Test Accurancy: 0.0872
Std Test AUC: 0.0266
------------------------- time cost ------------------------- 91.02636647224426

-------------Round number: 84-------------

Evaluate heterogeneous models
Averaged Test Accuracy (Regular Model): 0.4154
Averaged Train Loss (Regular Model): 0.1388
Averaged Test AUC: 0.9354
Std Test Accurancy: 0.0926
Std Test AUC: 0.0276
------------------------- time cost ------------------------- 91.32815504074097

-------------Round number: 85-------------

Evaluate heterogeneous models
Averaged Test Accuracy (Regular Model): 0.4167
Averaged Train Loss (Regular Model): 0.1368
Averaged Test AUC: 0.9356
Std Test Accurancy: 0.0880
Std Test AUC: 0.0264
------------------------- time cost ------------------------- 90.79268097877502

-------------Round number: 86-------------

Evaluate heterogeneous models
Averaged Test Accuracy (Regular Model): 0.4167
Averaged Train Loss (Regular Model): 0.1276
Averaged Test AUC: 0.9364
Std Test Accurancy: 0.0902
Std Test AUC: 0.0264
------------------------- time cost ------------------------- 90.96925926208496

-------------Round number: 87-------------

Evaluate heterogeneous models
Averaged Test Accuracy (Regular Model): 0.4190
Averaged Train Loss (Regular Model): 0.1167
Averaged Test AUC: 0.9370
Std Test Accurancy: 0.0899
Std Test AUC: 0.0263
------------------------- time cost ------------------------- 90.16352367401123

-------------Round number: 88-------------

Evaluate heterogeneous models
Averaged Test Accuracy (Regular Model): 0.4178
Averaged Train Loss (Regular Model): 0.1381
Averaged Test AUC: 0.9362
Std Test Accurancy: 0.0897
Std Test AUC: 0.0260
------------------------- time cost ------------------------- 90.23416709899902

-------------Round number: 89-------------

Evaluate heterogeneous models
Averaged Test Accuracy (Regular Model): 0.4140
Averaged Train Loss (Regular Model): 0.1682
Averaged Test AUC: 0.9354
Std Test Accurancy: 0.0944
Std Test AUC: 0.0280
------------------------- time cost ------------------------- 90.98442244529724

-------------Round number: 90-------------

Evaluate heterogeneous models
Averaged Test Accuracy (Regular Model): 0.4208
Averaged Train Loss (Regular Model): 0.1207
Averaged Test AUC: 0.9363
Std Test Accurancy: 0.0876
Std Test AUC: 0.0263
------------------------- time cost ------------------------- 89.96740508079529

-------------Round number: 91-------------

Evaluate heterogeneous models
Averaged Test Accuracy (Regular Model): 0.4166
Averaged Train Loss (Regular Model): 0.1238
Averaged Test AUC: 0.9360
Std Test Accurancy: 0.0906
Std Test AUC: 0.0269
------------------------- time cost ------------------------- 88.84837627410889

-------------Round number: 92-------------

Evaluate heterogeneous models
Averaged Test Accuracy (Regular Model): 0.4212
Averaged Train Loss (Regular Model): 0.1112
Averaged Test AUC: 0.9369
Std Test Accurancy: 0.0871
Std Test AUC: 0.0263
------------------------- time cost ------------------------- 91.37998962402344

-------------Round number: 93-------------

Evaluate heterogeneous models
Averaged Test Accuracy (Regular Model): 0.4176
Averaged Train Loss (Regular Model): 0.1496
Averaged Test AUC: 0.9365
Std Test Accurancy: 0.0883
Std Test AUC: 0.0263
------------------------- time cost ------------------------- 91.83286476135254

-------------Round number: 94-------------

Evaluate heterogeneous models
Averaged Test Accuracy (Regular Model): 0.4157
Averaged Train Loss (Regular Model): 0.1269
Averaged Test AUC: 0.9363
Std Test Accurancy: 0.0880
Std Test AUC: 0.0263
------------------------- time cost ------------------------- 91.35067105293274

-------------Round number: 95-------------

Evaluate heterogeneous models
Averaged Test Accuracy (Regular Model): 0.4154
Averaged Train Loss (Regular Model): 0.1588
Averaged Test AUC: 0.9358
Std Test Accurancy: 0.0894
Std Test AUC: 0.0267
------------------------- time cost ------------------------- 91.36732530593872

-------------Round number: 96-------------

Evaluate heterogeneous models
Averaged Test Accuracy (Regular Model): 0.4185
Averaged Train Loss (Regular Model): 0.1317
Averaged Test AUC: 0.9363
Std Test Accurancy: 0.0884
Std Test AUC: 0.0263
------------------------- time cost ------------------------- 90.46664357185364

-------------Round number: 97-------------

Evaluate heterogeneous models
Averaged Test Accuracy (Regular Model): 0.4182
Averaged Train Loss (Regular Model): 0.1177
Averaged Test AUC: 0.9353
Std Test Accurancy: 0.0887
Std Test AUC: 0.0264
------------------------- time cost ------------------------- 90.9411096572876

-------------Round number: 98-------------

Evaluate heterogeneous models
Averaged Test Accuracy (Regular Model): 0.4168
Averaged Train Loss (Regular Model): 0.1200
Averaged Test AUC: 0.9354
Std Test Accurancy: 0.0892
Std Test AUC: 0.0274
------------------------- time cost ------------------------- 91.24717497825623

-------------Round number: 99-------------

Evaluate heterogeneous models
Averaged Test Accuracy (Regular Model): 0.4186
Averaged Train Loss (Regular Model): 0.1279
Averaged Test AUC: 0.9363
Std Test Accurancy: 0.0892
Std Test AUC: 0.0265
------------------------- time cost ------------------------- 92.6960334777832

-------------Round number: 100-------------

Evaluate heterogeneous models
Averaged Test Accuracy (Regular Model): 0.4212
Averaged Train Loss (Regular Model): 0.1229
Averaged Test AUC: 0.9364
Std Test Accurancy: 0.0857
Std Test AUC: 0.0264
------------------------- time cost ------------------------- 94.87399315834045

-------------Round number: 101-------------

Evaluate heterogeneous models
Averaged Test Accuracy (Regular Model): 0.4182
Averaged Train Loss (Regular Model): 0.1274
Averaged Test AUC: 0.9366
Std Test Accurancy: 0.0881
Std Test AUC: 0.0263
------------------------- time cost ------------------------- 92.72962379455566

-------------Round number: 102-------------

Evaluate heterogeneous models
Averaged Test Accuracy (Regular Model): 0.4181
Averaged Train Loss (Regular Model): 0.1162
Averaged Test AUC: 0.9361
Std Test Accurancy: 0.0879
Std Test AUC: 0.0262
------------------------- time cost ------------------------- 86.74447703361511

-------------Round number: 103-------------

Evaluate heterogeneous models
Averaged Test Accuracy (Regular Model): 0.4187
Averaged Train Loss (Regular Model): 0.1445
Averaged Test AUC: 0.9363
Std Test Accurancy: 0.0850
Std Test AUC: 0.0271
------------------------- time cost ------------------------- 91.01778221130371

-------------Round number: 104-------------

Evaluate heterogeneous models
Averaged Test Accuracy (Regular Model): 0.4165
Averaged Train Loss (Regular Model): 0.1379
Averaged Test AUC: 0.9362
Std Test Accurancy: 0.0908
Std Test AUC: 0.0263
------------------------- time cost ------------------------- 90.54394125938416

-------------Round number: 105-------------

Evaluate heterogeneous models
Averaged Test Accuracy (Regular Model): 0.4154
Averaged Train Loss (Regular Model): 0.1441
Averaged Test AUC: 0.9364
Std Test Accurancy: 0.0900
Std Test AUC: 0.0263
------------------------- time cost ------------------------- 90.2022316455841

-------------Round number: 106-------------

Evaluate heterogeneous models
Averaged Test Accuracy (Regular Model): 0.4208
Averaged Train Loss (Regular Model): 0.1206
Averaged Test AUC: 0.9370
Std Test Accurancy: 0.0845
Std Test AUC: 0.0259
------------------------- time cost ------------------------- 90.80070424079895

-------------Round number: 107-------------

Evaluate heterogeneous models
Averaged Test Accuracy (Regular Model): 0.4220
Averaged Train Loss (Regular Model): 0.1125
Averaged Test AUC: 0.9370
Std Test Accurancy: 0.0882
Std Test AUC: 0.0259
------------------------- time cost ------------------------- 88.52858257293701

-------------Round number: 108-------------

Evaluate heterogeneous models
Averaged Test Accuracy (Regular Model): 0.4205
Averaged Train Loss (Regular Model): 0.1279
Averaged Test AUC: 0.9368
Std Test Accurancy: 0.0895
Std Test AUC: 0.0265
------------------------- time cost ------------------------- 90.48739624023438

-------------Round number: 109-------------

Evaluate heterogeneous models
Averaged Test Accuracy (Regular Model): 0.4194
Averaged Train Loss (Regular Model): 0.1038
Averaged Test AUC: 0.9372
Std Test Accurancy: 0.0899
Std Test AUC: 0.0261
------------------------- time cost ------------------------- 95.98898243904114

-------------Round number: 110-------------

Evaluate heterogeneous models
Averaged Test Accuracy (Regular Model): 0.4230
Averaged Train Loss (Regular Model): 0.0985
Averaged Test AUC: 0.9376
Std Test Accurancy: 0.0878
Std Test AUC: 0.0256
------------------------- time cost ------------------------- 93.13003396987915

-------------Round number: 111-------------

Evaluate heterogeneous models
Averaged Test Accuracy (Regular Model): 0.4231
Averaged Train Loss (Regular Model): 0.0936
Averaged Test AUC: 0.9376
Std Test Accurancy: 0.0851
Std Test AUC: 0.0257
------------------------- time cost ------------------------- 91.56833934783936

-------------Round number: 112-------------

Evaluate heterogeneous models
Averaged Test Accuracy (Regular Model): 0.4226
Averaged Train Loss (Regular Model): 0.0945
Averaged Test AUC: 0.9378
Std Test Accurancy: 0.0839
Std Test AUC: 0.0257
------------------------- time cost ------------------------- 90.21715784072876

-------------Round number: 113-------------

Evaluate heterogeneous models
Averaged Test Accuracy (Regular Model): 0.4187
Averaged Train Loss (Regular Model): 0.1048
Averaged Test AUC: 0.9372
Std Test Accurancy: 0.0860
Std Test AUC: 0.0257
------------------------- time cost ------------------------- 90.23130393028259

-------------Round number: 114-------------

Evaluate heterogeneous models
Averaged Test Accuracy (Regular Model): 0.4196
Averaged Train Loss (Regular Model): 0.1255
Averaged Test AUC: 0.9369
Std Test Accurancy: 0.0893
Std Test AUC: 0.0260
------------------------- time cost ------------------------- 91.22421002388

-------------Round number: 115-------------

Evaluate heterogeneous models
Averaged Test Accuracy (Regular Model): 0.4216
Averaged Train Loss (Regular Model): 0.1181
Averaged Test AUC: 0.9366
Std Test Accurancy: 0.0881
Std Test AUC: 0.0260
------------------------- time cost ------------------------- 91.09826850891113

-------------Round number: 116-------------

Evaluate heterogeneous models
Averaged Test Accuracy (Regular Model): 0.4207
Averaged Train Loss (Regular Model): 0.1259
Averaged Test AUC: 0.9369
Std Test Accurancy: 0.0880
Std Test AUC: 0.0260
------------------------- time cost ------------------------- 90.79065799713135

-------------Round number: 117-------------

Evaluate heterogeneous models
Averaged Test Accuracy (Regular Model): 0.4226
Averaged Train Loss (Regular Model): 0.1247
Averaged Test AUC: 0.9370
Std Test Accurancy: 0.0884
Std Test AUC: 0.0257
------------------------- time cost ------------------------- 91.62250876426697

-------------Round number: 118-------------

Evaluate heterogeneous models
Averaged Test Accuracy (Regular Model): 0.4215
Averaged Train Loss (Regular Model): 0.1099
Averaged Test AUC: 0.9374
Std Test Accurancy: 0.0859
Std Test AUC: 0.0257
------------------------- time cost ------------------------- 91.54271340370178

-------------Round number: 119-------------

Evaluate heterogeneous models
Averaged Test Accuracy (Regular Model): 0.4206
Averaged Train Loss (Regular Model): 0.0837
Averaged Test AUC: 0.9375
Std Test Accurancy: 0.0866
Std Test AUC: 0.0260
------------------------- time cost ------------------------- 90.45388698577881

-------------Round number: 120-------------

Evaluate heterogeneous models
Averaged Test Accuracy (Regular Model): 0.4220
Averaged Train Loss (Regular Model): 0.0969
Averaged Test AUC: 0.9377
Std Test Accurancy: 0.0855
Std Test AUC: 0.0259
------------------------- time cost ------------------------- 89.53984951972961

-------------Round number: 121-------------

Evaluate heterogeneous models
Averaged Test Accuracy (Regular Model): 0.4181
Averaged Train Loss (Regular Model): 0.1064
Averaged Test AUC: 0.9366
Std Test Accurancy: 0.0863
Std Test AUC: 0.0270
------------------------- time cost ------------------------- 91.19782137870789

-------------Round number: 122-------------

Evaluate heterogeneous models
Averaged Test Accuracy (Regular Model): 0.4226
Averaged Train Loss (Regular Model): 0.1000
Averaged Test AUC: 0.9374
Std Test Accurancy: 0.0850
Std Test AUC: 0.0257
------------------------- time cost ------------------------- 92.6896026134491

-------------Round number: 123-------------

Evaluate heterogeneous models
Averaged Test Accuracy (Regular Model): 0.4199
Averaged Train Loss (Regular Model): 0.1152
Averaged Test AUC: 0.9371
Std Test Accurancy: 0.0888
Std Test AUC: 0.0259
------------------------- time cost ------------------------- 89.42888236045837

-------------Round number: 124-------------

Evaluate heterogeneous models
Averaged Test Accuracy (Regular Model): 0.4180
Averaged Train Loss (Regular Model): 0.1164
Averaged Test AUC: 0.9357
Std Test Accurancy: 0.0858
Std Test AUC: 0.0290
------------------------- time cost ------------------------- 89.91703939437866

-------------Round number: 125-------------

Evaluate heterogeneous models
Averaged Test Accuracy (Regular Model): 0.4223
Averaged Train Loss (Regular Model): 0.1360
Averaged Test AUC: 0.9376
Std Test Accurancy: 0.0882
Std Test AUC: 0.0263
------------------------- time cost ------------------------- 96.35350370407104

-------------Round number: 126-------------

Evaluate heterogeneous models
Averaged Test Accuracy (Regular Model): 0.4242
Averaged Train Loss (Regular Model): 0.1061
Averaged Test AUC: 0.9379
Std Test Accurancy: 0.0848
Std Test AUC: 0.0253
------------------------- time cost ------------------------- 92.96363019943237

-------------Round number: 127-------------

Evaluate heterogeneous models
Averaged Test Accuracy (Regular Model): 0.4224
Averaged Train Loss (Regular Model): 0.1075
Averaged Test AUC: 0.9375
Std Test Accurancy: 0.0869
Std Test AUC: 0.0257
------------------------- time cost ------------------------- 91.81543397903442

-------------Round number: 128-------------

Evaluate heterogeneous models
Averaged Test Accuracy (Regular Model): 0.4208
Averaged Train Loss (Regular Model): 0.1048
Averaged Test AUC: 0.9377
Std Test Accurancy: 0.0865
Std Test AUC: 0.0260
------------------------- time cost ------------------------- 92.90951824188232

-------------Round number: 129-------------

Evaluate heterogeneous models
Averaged Test Accuracy (Regular Model): 0.4234
Averaged Train Loss (Regular Model): 0.0908
Averaged Test AUC: 0.9374
Std Test Accurancy: 0.0853
Std Test AUC: 0.0262
------------------------- time cost ------------------------- 91.88999629020691

-------------Round number: 130-------------

Evaluate heterogeneous models
Averaged Test Accuracy (Regular Model): 0.4231
Averaged Train Loss (Regular Model): 0.1034
Averaged Test AUC: 0.9372
Std Test Accurancy: 0.0882
Std Test AUC: 0.0261
------------------------- time cost ------------------------- 90.85854196548462

-------------Round number: 131-------------

Evaluate heterogeneous models
Averaged Test Accuracy (Regular Model): 0.4249
Averaged Train Loss (Regular Model): 0.0945
Averaged Test AUC: 0.9383
Std Test Accurancy: 0.0858
Std Test AUC: 0.0259
------------------------- time cost ------------------------- 91.28121733665466

-------------Round number: 132-------------

Evaluate heterogeneous models
Averaged Test Accuracy (Regular Model): 0.4236
Averaged Train Loss (Regular Model): 0.0875
Averaged Test AUC: 0.9379
Std Test Accurancy: 0.0867
Std Test AUC: 0.0261
------------------------- time cost ------------------------- 89.7733690738678

-------------Round number: 133-------------

Evaluate heterogeneous models
Averaged Test Accuracy (Regular Model): 0.4225
Averaged Train Loss (Regular Model): 0.1346
Averaged Test AUC: 0.9375
Std Test Accurancy: 0.0871
Std Test AUC: 0.0268
------------------------- time cost ------------------------- 90.74540519714355

-------------Round number: 134-------------

Evaluate heterogeneous models
Averaged Test Accuracy (Regular Model): 0.4222
Averaged Train Loss (Regular Model): 0.0872
Averaged Test AUC: 0.9382
Std Test Accurancy: 0.0873
Std Test AUC: 0.0258
------------------------- time cost ------------------------- 91.53855323791504

-------------Round number: 135-------------

Evaluate heterogeneous models
Averaged Test Accuracy (Regular Model): 0.4232
Averaged Train Loss (Regular Model): 0.0786
Averaged Test AUC: 0.9380
Std Test Accurancy: 0.0896
Std Test AUC: 0.0262
------------------------- time cost ------------------------- 91.45594835281372

-------------Round number: 136-------------

Evaluate heterogeneous models
Averaged Test Accuracy (Regular Model): 0.4241
Averaged Train Loss (Regular Model): 0.1075
Averaged Test AUC: 0.9383
Std Test Accurancy: 0.0855
Std Test AUC: 0.0256
------------------------- time cost ------------------------- 92.01583623886108

-------------Round number: 137-------------

Evaluate heterogeneous models
Averaged Test Accuracy (Regular Model): 0.4248
Averaged Train Loss (Regular Model): 0.0975
Averaged Test AUC: 0.9384
Std Test Accurancy: 0.0865
Std Test AUC: 0.0261
------------------------- time cost ------------------------- 91.32148456573486

-------------Round number: 138-------------

Evaluate heterogeneous models
Averaged Test Accuracy (Regular Model): 0.4220
Averaged Train Loss (Regular Model): 0.0821
Averaged Test AUC: 0.9372
Std Test Accurancy: 0.0902
Std Test AUC: 0.0278
------------------------- time cost ------------------------- 93.08404278755188

-------------Round number: 139-------------

Evaluate heterogeneous models
Averaged Test Accuracy (Regular Model): 0.4248
Averaged Train Loss (Regular Model): 0.0774
Averaged Test AUC: 0.9384
Std Test Accurancy: 0.0867
Std Test AUC: 0.0263
------------------------- time cost ------------------------- 91.40224266052246

-------------Round number: 140-------------

Evaluate heterogeneous models
Averaged Test Accuracy (Regular Model): 0.4232
Averaged Train Loss (Regular Model): 0.0924
Averaged Test AUC: 0.9381
Std Test Accurancy: 0.0879
Std Test AUC: 0.0263
------------------------- time cost ------------------------- 91.46629047393799

-------------Round number: 141-------------

Evaluate heterogeneous models
Averaged Test Accuracy (Regular Model): 0.4212
Averaged Train Loss (Regular Model): 0.1150
Averaged Test AUC: 0.9379
Std Test Accurancy: 0.0898
Std Test AUC: 0.0265
------------------------- time cost ------------------------- 90.66838836669922

-------------Round number: 142-------------

Evaluate heterogeneous models
Averaged Test Accuracy (Regular Model): 0.4226
Averaged Train Loss (Regular Model): 0.0964
Averaged Test AUC: 0.9383
Std Test Accurancy: 0.0901
Std Test AUC: 0.0260
------------------------- time cost ------------------------- 90.72613406181335

-------------Round number: 143-------------

Evaluate heterogeneous models
Averaged Test Accuracy (Regular Model): 0.4246
Averaged Train Loss (Regular Model): 0.0829
Averaged Test AUC: 0.9378
Std Test Accurancy: 0.0885
Std Test AUC: 0.0262
------------------------- time cost ------------------------- 91.43254446983337

-------------Round number: 144-------------

Evaluate heterogeneous models
Averaged Test Accuracy (Regular Model): 0.4197
Averaged Train Loss (Regular Model): 0.1065
Averaged Test AUC: 0.9380
Std Test Accurancy: 0.0886
Std Test AUC: 0.0260
------------------------- time cost ------------------------- 94.59137320518494

-------------Round number: 145-------------

Evaluate heterogeneous models
Averaged Test Accuracy (Regular Model): 0.4232
Averaged Train Loss (Regular Model): 0.1022
Averaged Test AUC: 0.9381
Std Test Accurancy: 0.0891
Std Test AUC: 0.0258
------------------------- time cost ------------------------- 91.02486205101013

-------------Round number: 146-------------

Evaluate heterogeneous models
Averaged Test Accuracy (Regular Model): 0.4218
Averaged Train Loss (Regular Model): 0.0798
Averaged Test AUC: 0.9384
Std Test Accurancy: 0.0904
Std Test AUC: 0.0256
------------------------- time cost ------------------------- 91.88952970504761

-------------Round number: 147-------------

Evaluate heterogeneous models
Averaged Test Accuracy (Regular Model): 0.4234
Averaged Train Loss (Regular Model): 0.1024
Averaged Test AUC: 0.9381
Std Test Accurancy: 0.0874
Std Test AUC: 0.0258
------------------------- time cost ------------------------- 89.75646710395813

-------------Round number: 148-------------

Evaluate heterogeneous models
Averaged Test Accuracy (Regular Model): 0.4241
Averaged Train Loss (Regular Model): 0.0904
Averaged Test AUC: 0.9382
Std Test Accurancy: 0.0872
Std Test AUC: 0.0262
------------------------- time cost ------------------------- 90.95373511314392

-------------Round number: 149-------------

Evaluate heterogeneous models
Averaged Test Accuracy (Regular Model): 0.4214
Averaged Train Loss (Regular Model): 0.1059
Averaged Test AUC: 0.9379
Std Test Accurancy: 0.0901
Std Test AUC: 0.0262
------------------------- time cost ------------------------- 91.30567145347595

-------------Round number: 150-------------

Evaluate heterogeneous models
Averaged Test Accuracy (Regular Model): 0.4238
Averaged Train Loss (Regular Model): 0.0666
Averaged Test AUC: 0.9384
Std Test Accurancy: 0.0867
Std Test AUC: 0.0257
------------------------- time cost ------------------------- 91.46606659889221

-------------Round number: 151-------------

Evaluate heterogeneous models
Averaged Test Accuracy (Regular Model): 0.4199
Averaged Train Loss (Regular Model): 0.0916
Averaged Test AUC: 0.9381
Std Test Accurancy: 0.0907
Std Test AUC: 0.0259
------------------------- time cost ------------------------- 95.71155190467834

-------------Round number: 152-------------

Evaluate heterogeneous models
Averaged Test Accuracy (Regular Model): 0.4236
Averaged Train Loss (Regular Model): 0.0814
Averaged Test AUC: 0.9386
Std Test Accurancy: 0.0884
Std Test AUC: 0.0254
------------------------- time cost ------------------------- 96.23624110221863

-------------Round number: 153-------------

Evaluate heterogeneous models
Averaged Test Accuracy (Regular Model): 0.4234
Averaged Train Loss (Regular Model): 0.0800
Averaged Test AUC: 0.9383
Std Test Accurancy: 0.0887
Std Test AUC: 0.0260
------------------------- time cost ------------------------- 93.14612531661987

-------------Round number: 154-------------

Evaluate heterogeneous models
Averaged Test Accuracy (Regular Model): 0.4231
Averaged Train Loss (Regular Model): 0.0655
Averaged Test AUC: 0.9389
Std Test Accurancy: 0.0868
Std Test AUC: 0.0252
------------------------- time cost ------------------------- 89.96610832214355

-------------Round number: 155-------------

Evaluate heterogeneous models
Averaged Test Accuracy (Regular Model): 0.4230
Averaged Train Loss (Regular Model): 0.0682
Averaged Test AUC: 0.9390
Std Test Accurancy: 0.0855
Std Test AUC: 0.0247
------------------------- time cost ------------------------- 88.81821656227112

-------------Round number: 156-------------

Evaluate heterogeneous models
Averaged Test Accuracy (Regular Model): 0.4236
Averaged Train Loss (Regular Model): 0.0691
Averaged Test AUC: 0.9385
Std Test Accurancy: 0.0854
Std Test AUC: 0.0257
------------------------- time cost ------------------------- 91.24092626571655

-------------Round number: 157-------------

Evaluate heterogeneous models
Averaged Test Accuracy (Regular Model): 0.4226
Averaged Train Loss (Regular Model): 0.0881
Averaged Test AUC: 0.9383
Std Test Accurancy: 0.0866
Std Test AUC: 0.0254
------------------------- time cost ------------------------- 90.51690173149109

-------------Round number: 158-------------

Evaluate heterogeneous models
Averaged Test Accuracy (Regular Model): 0.4236
Averaged Train Loss (Regular Model): 0.0578
Averaged Test AUC: 0.9385
Std Test Accurancy: 0.0863
Std Test AUC: 0.0254
------------------------- time cost ------------------------- 91.78029942512512

-------------Round number: 159-------------

Evaluate heterogeneous models
Averaged Test Accuracy (Regular Model): 0.4259
Averaged Train Loss (Regular Model): 0.0668
Averaged Test AUC: 0.9384
Std Test Accurancy: 0.0846
Std Test AUC: 0.0255
------------------------- time cost ------------------------- 90.91683983802795

-------------Round number: 160-------------

Evaluate heterogeneous models
Averaged Test Accuracy (Regular Model): 0.4270
Averaged Train Loss (Regular Model): 0.0652
Averaged Test AUC: 0.9385
Std Test Accurancy: 0.0854
Std Test AUC: 0.0254
------------------------- time cost ------------------------- 90.59636402130127

-------------Round number: 161-------------

Evaluate heterogeneous models
Averaged Test Accuracy (Regular Model): 0.4281
Averaged Train Loss (Regular Model): 0.0828
Averaged Test AUC: 0.9389
Std Test Accurancy: 0.0824
Std Test AUC: 0.0250
------------------------- time cost ------------------------- 91.16684007644653

-------------Round number: 162-------------

Evaluate heterogeneous models
Averaged Test Accuracy (Regular Model): 0.4288
Averaged Train Loss (Regular Model): 0.0510
Averaged Test AUC: 0.9390
Std Test Accurancy: 0.0839
Std Test AUC: 0.0252
------------------------- time cost ------------------------- 90.75405812263489

-------------Round number: 163-------------

Evaluate heterogeneous models
Averaged Test Accuracy (Regular Model): 0.4252
Averaged Train Loss (Regular Model): 0.0494
Averaged Test AUC: 0.9385
Std Test Accurancy: 0.0856
Std Test AUC: 0.0255
------------------------- time cost ------------------------- 90.14106488227844

-------------Round number: 164-------------

Evaluate heterogeneous models
Averaged Test Accuracy (Regular Model): 0.4256
Averaged Train Loss (Regular Model): 0.0628
Averaged Test AUC: 0.9381
Std Test Accurancy: 0.0865
Std Test AUC: 0.0262
------------------------- time cost ------------------------- 91.29794764518738

-------------Round number: 165-------------

Evaluate heterogeneous models
Averaged Test Accuracy (Regular Model): 0.4236
Averaged Train Loss (Regular Model): 0.0548
Averaged Test AUC: 0.9385
Std Test Accurancy: 0.0881
Std Test AUC: 0.0258
------------------------- time cost ------------------------- 94.40848112106323

-------------Round number: 166-------------

Evaluate heterogeneous models
Averaged Test Accuracy (Regular Model): 0.4253
Averaged Train Loss (Regular Model): 0.0638
Averaged Test AUC: 0.9385
Std Test Accurancy: 0.0862
Std Test AUC: 0.0254
------------------------- time cost ------------------------- 87.38992476463318

-------------Round number: 167-------------

Evaluate heterogeneous models
Averaged Test Accuracy (Regular Model): 0.4258
Averaged Train Loss (Regular Model): 0.0497
Averaged Test AUC: 0.9390
Std Test Accurancy: 0.0857
Std Test AUC: 0.0250
------------------------- time cost ------------------------- 89.99553799629211

-------------Round number: 168-------------

Evaluate heterogeneous models
Averaged Test Accuracy (Regular Model): 0.4260
Averaged Train Loss (Regular Model): 0.0685
Averaged Test AUC: 0.9382
Std Test Accurancy: 0.0850
Std Test AUC: 0.0255
------------------------- time cost ------------------------- 93.75060629844666

-------------Round number: 169-------------

Evaluate heterogeneous models
Averaged Test Accuracy (Regular Model): 0.4280
Averaged Train Loss (Regular Model): 0.0538
Averaged Test AUC: 0.9387
Std Test Accurancy: 0.0864
Std Test AUC: 0.0249
------------------------- time cost ------------------------- 89.77087235450745

-------------Round number: 170-------------

Evaluate heterogeneous models
Averaged Test Accuracy (Regular Model): 0.4280
Averaged Train Loss (Regular Model): 0.0415
Averaged Test AUC: 0.9388
Std Test Accurancy: 0.0842
Std Test AUC: 0.0251
------------------------- time cost ------------------------- 90.45182657241821

-------------Round number: 171-------------

Evaluate heterogeneous models
Averaged Test Accuracy (Regular Model): 0.4265
Averaged Train Loss (Regular Model): 0.0609
Averaged Test AUC: 0.9386
Std Test Accurancy: 0.0869
Std Test AUC: 0.0255
------------------------- time cost ------------------------- 91.11912989616394

-------------Round number: 172-------------

Evaluate heterogeneous models
Averaged Test Accuracy (Regular Model): 0.4283
Averaged Train Loss (Regular Model): 0.0458
Averaged Test AUC: 0.9386
Std Test Accurancy: 0.0842
Std Test AUC: 0.0253
------------------------- time cost ------------------------- 90.07768726348877

-------------Round number: 173-------------

Evaluate heterogeneous models
Averaged Test Accuracy (Regular Model): 0.4272
Averaged Train Loss (Regular Model): 0.0602
Averaged Test AUC: 0.9379
Std Test Accurancy: 0.0869
Std Test AUC: 0.0255
------------------------- time cost ------------------------- 91.22408294677734

-------------Round number: 174-------------

Evaluate heterogeneous models
Averaged Test Accuracy (Regular Model): 0.4297
Averaged Train Loss (Regular Model): 0.0515
Averaged Test AUC: 0.9384
Std Test Accurancy: 0.0852
Std Test AUC: 0.0254
------------------------- time cost ------------------------- 92.11089396476746

-------------Round number: 175-------------

Evaluate heterogeneous models
Averaged Test Accuracy (Regular Model): 0.4273
Averaged Train Loss (Regular Model): 0.0519
Averaged Test AUC: 0.9385
Std Test Accurancy: 0.0866
Std Test AUC: 0.0252
------------------------- time cost ------------------------- 91.84086847305298

-------------Round number: 176-------------

Evaluate heterogeneous models
Averaged Test Accuracy (Regular Model): 0.4227
Averaged Train Loss (Regular Model): 0.0681
Averaged Test AUC: 0.9374
Std Test Accurancy: 0.0909
Std Test AUC: 0.0260
------------------------- time cost ------------------------- 90.2395761013031

-------------Round number: 177-------------

Evaluate heterogeneous models
Averaged Test Accuracy (Regular Model): 0.4254
Averaged Train Loss (Regular Model): 0.0606
Averaged Test AUC: 0.9379
Std Test Accurancy: 0.0885
Std Test AUC: 0.0262
------------------------- time cost ------------------------- 89.95139360427856

-------------Round number: 178-------------

Evaluate heterogeneous models
Averaged Test Accuracy (Regular Model): 0.4268
Averaged Train Loss (Regular Model): 0.0809
Averaged Test AUC: 0.9382
Std Test Accurancy: 0.0848
Std Test AUC: 0.0252
------------------------- time cost ------------------------- 91.19661927223206

-------------Round number: 179-------------

Evaluate heterogeneous models
Averaged Test Accuracy (Regular Model): 0.4274
Averaged Train Loss (Regular Model): 0.0702
Averaged Test AUC: 0.9380
Std Test Accurancy: 0.0859
Std Test AUC: 0.0257
------------------------- time cost ------------------------- 91.36829924583435

-------------Round number: 180-------------

Evaluate heterogeneous models
Averaged Test Accuracy (Regular Model): 0.4270
Averaged Train Loss (Regular Model): 0.0617
Averaged Test AUC: 0.9375
Std Test Accurancy: 0.0839
Std Test AUC: 0.0253
------------------------- time cost ------------------------- 92.1640510559082

-------------Round number: 181-------------

Evaluate heterogeneous models
Averaged Test Accuracy (Regular Model): 0.4260
Averaged Train Loss (Regular Model): 0.0569
Averaged Test AUC: 0.9383
Std Test Accurancy: 0.0857
Std Test AUC: 0.0252
------------------------- time cost ------------------------- 90.16708064079285

-------------Round number: 182-------------

Evaluate heterogeneous models
Averaged Test Accuracy (Regular Model): 0.4250
Averaged Train Loss (Regular Model): 0.0575
Averaged Test AUC: 0.9375
Std Test Accurancy: 0.0868
Std Test AUC: 0.0257
------------------------- time cost ------------------------- 91.7466037273407

-------------Round number: 183-------------

Evaluate heterogeneous models
Averaged Test Accuracy (Regular Model): 0.4241
Averaged Train Loss (Regular Model): 0.0590
Averaged Test AUC: 0.9373
Std Test Accurancy: 0.0891
Std Test AUC: 0.0259
------------------------- time cost ------------------------- 91.18739867210388

-------------Round number: 184-------------

Evaluate heterogeneous models
Averaged Test Accuracy (Regular Model): 0.4235
Averaged Train Loss (Regular Model): 0.0503
Averaged Test AUC: 0.9376
Std Test Accurancy: 0.0908
Std Test AUC: 0.0259
------------------------- time cost ------------------------- 91.97581553459167

-------------Round number: 185-------------

Evaluate heterogeneous models
Averaged Test Accuracy (Regular Model): 0.4283
Averaged Train Loss (Regular Model): 0.0442
Averaged Test AUC: 0.9385
Std Test Accurancy: 0.0857
Std Test AUC: 0.0252
------------------------- time cost ------------------------- 91.39800214767456

-------------Round number: 186-------------

Evaluate heterogeneous models
Averaged Test Accuracy (Regular Model): 0.4225
Averaged Train Loss (Regular Model): 0.0799
Averaged Test AUC: 0.9381
Std Test Accurancy: 0.0873
Std Test AUC: 0.0251
------------------------- time cost ------------------------- 91.5706992149353

-------------Round number: 187-------------

Evaluate heterogeneous models
Averaged Test Accuracy (Regular Model): 0.4250
Averaged Train Loss (Regular Model): 0.0497
Averaged Test AUC: 0.9381
Std Test Accurancy: 0.0880
Std Test AUC: 0.0253
------------------------- time cost ------------------------- 95.69249773025513

-------------Round number: 188-------------

Evaluate heterogeneous models
Averaged Test Accuracy (Regular Model): 0.4249
Averaged Train Loss (Regular Model): 0.0600
Averaged Test AUC: 0.9382
Std Test Accurancy: 0.0864
Std Test AUC: 0.0250
------------------------- time cost ------------------------- 92.76268482208252

-------------Round number: 189-------------

Evaluate heterogeneous models
Averaged Test Accuracy (Regular Model): 0.4254
Averaged Train Loss (Regular Model): 0.0467
Averaged Test AUC: 0.9384
Std Test Accurancy: 0.0861
Std Test AUC: 0.0251
------------------------- time cost ------------------------- 91.37470602989197

-------------Round number: 190-------------

Evaluate heterogeneous models
Averaged Test Accuracy (Regular Model): 0.4252
Averaged Train Loss (Regular Model): 0.0743
Averaged Test AUC: 0.9383
Std Test Accurancy: 0.0871
Std Test AUC: 0.0249
------------------------- time cost ------------------------- 91.49384641647339

-------------Round number: 191-------------

Evaluate heterogeneous models
Averaged Test Accuracy (Regular Model): 0.4240
Averaged Train Loss (Regular Model): 0.0560
Averaged Test AUC: 0.9380
Std Test Accurancy: 0.0883
Std Test AUC: 0.0253
------------------------- time cost ------------------------- 91.67204856872559

-------------Round number: 192-------------

Evaluate heterogeneous models
Averaged Test Accuracy (Regular Model): 0.4263
Averaged Train Loss (Regular Model): 0.0528
Averaged Test AUC: 0.9388
Std Test Accurancy: 0.0854
Std Test AUC: 0.0246
------------------------- time cost ------------------------- 91.15136241912842

-------------Round number: 193-------------

Evaluate heterogeneous models
Averaged Test Accuracy (Regular Model): 0.4262
Averaged Train Loss (Regular Model): 0.0353
Averaged Test AUC: 0.9387
Std Test Accurancy: 0.0869
Std Test AUC: 0.0251
------------------------- time cost ------------------------- 92.91034150123596

-------------Round number: 194-------------

Evaluate heterogeneous models
Averaged Test Accuracy (Regular Model): 0.4263
Averaged Train Loss (Regular Model): 0.0488
Averaged Test AUC: 0.9383
Std Test Accurancy: 0.0864
Std Test AUC: 0.0251
------------------------- time cost ------------------------- 99.23067474365234

-------------Round number: 195-------------

Evaluate heterogeneous models
Averaged Test Accuracy (Regular Model): 0.4262
Averaged Train Loss (Regular Model): 0.0459
Averaged Test AUC: 0.9385
Std Test Accurancy: 0.0860
Std Test AUC: 0.0254
------------------------- time cost ------------------------- 93.10599327087402

-------------Round number: 196-------------

Evaluate heterogeneous models
Averaged Test Accuracy (Regular Model): 0.4270
Averaged Train Loss (Regular Model): 0.0418
Averaged Test AUC: 0.9387
Std Test Accurancy: 0.0854
Std Test AUC: 0.0250
------------------------- time cost ------------------------- 94.88275218009949

-------------Round number: 197-------------

Evaluate heterogeneous models
Averaged Test Accuracy (Regular Model): 0.4266
Averaged Train Loss (Regular Model): 0.0359
Averaged Test AUC: 0.9383
Std Test Accurancy: 0.0858
Std Test AUC: 0.0249
------------------------- time cost ------------------------- 93.14293932914734

-------------Round number: 198-------------

Evaluate heterogeneous models
Averaged Test Accuracy (Regular Model): 0.4253
Averaged Train Loss (Regular Model): 0.0489
Averaged Test AUC: 0.9384
Std Test Accurancy: 0.0882
Std Test AUC: 0.0256
------------------------- time cost ------------------------- 91.35250473022461

-------------Round number: 199-------------

Evaluate heterogeneous models
Averaged Test Accuracy (Regular Model): 0.4276
Averaged Train Loss (Regular Model): 0.0450
Averaged Test AUC: 0.9384
Std Test Accurancy: 0.0844
Std Test AUC: 0.0253
------------------------- time cost ------------------------- 91.15802955627441

-------------Round number: 200-------------

Evaluate heterogeneous models
Averaged Test Accuracy (Regular Model): 0.4265
Averaged Train Loss (Regular Model): 0.0370
Averaged Test AUC: 0.9379
Std Test Accurancy: 0.0867
Std Test AUC: 0.0257

Best accuracy.
0.4296843787455054

Average time cost per round.
91.44576557278633
File path: ../results/Cifar100_dir_0.1_imbalance_40_Local_test_0.h5

Average time cost: 19745.22s.
Length:  201
std for best accurancy: 0.0
mean for best accurancy: 0.4296843787455054
All done!

Storage on cpu
-------------------------------------------------------------------------------
Total Tensors: 51300 	Used Memory: 200.50K
-------------------------------------------------------------------------------
