
cuda is not avaiable.

==================================================
goal = test
device = cpu
device_id = 0
dataset = FashionMNIST_dir_0.3_imbalance_40
num_classes = 10
model_family = HCNNs8
batch_size = 256
local_learning_rate = 0.06
use_decay_scheduler = False
learning_rate_decay = False
learning_rate_decay_gamma = 0.99
global_rounds = 100
edge_epochs = 1
local_epochs = 3
algorithm = FedTGP
join_ratio = 1.0
random_join_ratio = False
num_clients = 40
num_edges = 10
prev = 0
times = 1
eval_gap = 1
save_folder_name = temp
auto_break = False
feature_dim = 512
vocab_size = 98635
max_len = 200
client_drop_rate = 0.0
train_slow_rate = 0.0
send_slow_rate = 0.0
time_select = False
time_threthold = 10000
lamda = 2
trans_delay_simulate = False
agg_type = 0
buffersize = 5
test_useglclassifier = 1
gamma = 1
drawtsne = True
noise_dim = 512
generator_learning_rate = 0.005
hidden_dim = 512
server_epochs = 100
alpha = 1.0
beta = 1.0
mentee_learning_rate = 0.005
T_start = 0.95
T_end = 0.98
server_learning_rate = 0.01
margin_threthold = 100.0
generator_path = stylegan/stylegan-xl-models/imagenet64.pkl
stable_diffusion_prompt = a cat
server_batch_size = 100
gen_batch_size = 4
mu = 50.0
==================================================
Random seed set as 42

============= Running time: 0th =============
Creating server and clients ...
CNN(num_cov=1, hidden_dims=[], in_features=1, num_classes=args.num_classes)
CNN(num_cov=2, hidden_dims=[], in_features=1, num_classes=args.num_classes)
CNN(num_cov=1, hidden_dims=[512], in_features=1, num_classes=args.num_classes)
CNN(num_cov=2, hidden_dims=[512], in_features=1, num_classes=args.num_classes)
CNN(num_cov=1, hidden_dims=[1024], in_features=1, num_classes=args.num_classes)
CNN(num_cov=2, hidden_dims=[1024], in_features=1, num_classes=args.num_classes)
CNN(num_cov=1, hidden_dims=[1024, 512], in_features=1, num_classes=args.num_classes)
CNN(num_cov=2, hidden_dims=[1024, 512], in_features=1, num_classes=args.num_classes)
CNN(num_cov=1, hidden_dims=[], in_features=1, num_classes=args.num_classes) model chosen!
id 0
label_counts: defaultdict(<class 'int'>, {5: 106, 1: 338, 0: 287, 3: 26, 9: 545, 6: 3, 2: 98, 4: 1})
CNN(num_cov=2, hidden_dims=[], in_features=1, num_classes=args.num_classes) model chosen!
id 1
label_counts: defaultdict(<class 'int'>, {4: 630, 7: 199, 1: 507, 2: 18, 5: 47, 0: 18, 3: 3, 6: 2})
CNN(num_cov=1, hidden_dims=[512], in_features=1, num_classes=args.num_classes) model chosen!
id 2
label_counts: defaultdict(<class 'int'>, {0: 190, 5: 157, 7: 312, 9: 99, 6: 67, 8: 6, 2: 3, 3: 30, 4: 11})
CNN(num_cov=2, hidden_dims=[512], in_features=1, num_classes=args.num_classes) model chosen!
id 3
label_counts: defaultdict(<class 'int'>, {6: 100, 3: 171, 8: 190, 9: 19, 4: 51, 2: 395, 0: 3, 5: 4})
CNN(num_cov=1, hidden_dims=[1024], in_features=1, num_classes=args.num_classes) model chosen!
id 4
label_counts: defaultdict(<class 'int'>, {5: 553, 0: 327, 1: 428, 2: 202, 4: 5})
CNN(num_cov=2, hidden_dims=[1024], in_features=1, num_classes=args.num_classes) model chosen!
id 5
label_counts: defaultdict(<class 'int'>, {4: 421, 6: 633, 2: 58, 3: 41, 8: 45, 1: 100, 7: 11, 5: 13, 0: 1})
CNN(num_cov=1, hidden_dims=[1024, 512], in_features=1, num_classes=args.num_classes) model chosen!
id 6
label_counts: defaultdict(<class 'int'>, {4: 260, 9: 425, 8: 384, 3: 24, 1: 12, 2: 6, 6: 31, 7: 1})
CNN(num_cov=2, hidden_dims=[1024, 512], in_features=1, num_classes=args.num_classes) model chosen!
id 7
label_counts: defaultdict(<class 'int'>, {9: 477, 8: 645, 6: 335, 7: 16, 3: 38, 5: 13, 4: 53, 0: 36, 1: 11, 2: 7})
CNN(num_cov=1, hidden_dims=[], in_features=1, num_classes=args.num_classes) model chosen!
id 8
label_counts: defaultdict(<class 'int'>, {4: 502, 9: 102, 0: 124, 6: 63, 2: 81, 8: 26, 5: 17, 3: 9, 1: 3})
CNN(num_cov=2, hidden_dims=[], in_features=1, num_classes=args.num_classes) model chosen!
id 9
label_counts: defaultdict(<class 'int'>, {3: 943, 2: 177, 1: 139, 0: 75})
CNN(num_cov=1, hidden_dims=[512], in_features=1, num_classes=args.num_classes) model chosen!
id 10
label_counts: defaultdict(<class 'int'>, {8: 445, 4: 883, 2: 57, 0: 32, 3: 12, 5: 19, 7: 1, 6: 1, 1: 1})
CNN(num_cov=2, hidden_dims=[512], in_features=1, num_classes=args.num_classes) model chosen!
id 11
label_counts: defaultdict(<class 'int'>, {6: 147, 4: 230, 8: 220, 9: 88, 3: 44, 1: 58, 5: 54, 2: 13, 7: 8})
CNN(num_cov=1, hidden_dims=[1024], in_features=1, num_classes=args.num_classes) model chosen!
id 12
label_counts: defaultdict(<class 'int'>, {6: 248, 3: 165, 1: 263, 9: 14, 0: 206, 5: 101, 7: 1, 4: 1})
CNN(num_cov=2, hidden_dims=[1024], in_features=1, num_classes=args.num_classes) model chosen!
id 13
label_counts: defaultdict(<class 'int'>, {3: 402, 2: 795, 4: 7, 7: 197, 0: 11, 5: 3, 1: 7})
CNN(num_cov=1, hidden_dims=[1024, 512], in_features=1, num_classes=args.num_classes) model chosen!
id 14
label_counts: defaultdict(<class 'int'>, {9: 218, 0: 312, 3: 131, 4: 21, 5: 65, 1: 57, 2: 44, 8: 3})
CNN(num_cov=2, hidden_dims=[1024, 512], in_features=1, num_classes=args.num_classes) model chosen!
id 15
label_counts: defaultdict(<class 'int'>, {6: 980, 5: 215, 3: 12, 1: 39, 0: 83, 4: 2})
CNN(num_cov=1, hidden_dims=[], in_features=1, num_classes=args.num_classes) model chosen!
id 16
label_counts: defaultdict(<class 'int'>, {4: 58, 3: 83, 0: 140, 1: 860, 5: 68, 8: 280, 6: 18, 7: 1})
CNN(num_cov=2, hidden_dims=[], in_features=1, num_classes=args.num_classes) model chosen!
id 17
label_counts: defaultdict(<class 'int'>, {8: 642, 5: 490, 0: 104, 4: 28, 3: 30, 2: 16, 7: 1, 6: 21, 1: 2})
CNN(num_cov=1, hidden_dims=[512], in_features=1, num_classes=args.num_classes) model chosen!
id 18
label_counts: defaultdict(<class 'int'>, {8: 391, 1: 105, 2: 1, 4: 108, 7: 229, 3: 33, 5: 27, 6: 2, 0: 1})
CNN(num_cov=2, hidden_dims=[512], in_features=1, num_classes=args.num_classes) model chosen!
id 19
label_counts: defaultdict(<class 'int'>, {1: 364, 0: 1204})
CNN(num_cov=1, hidden_dims=[1024], in_features=1, num_classes=args.num_classes) model chosen!
id 20
label_counts: defaultdict(<class 'int'>, {9: 858, 0: 37, 1: 290, 6: 44, 4: 216, 5: 157, 7: 131, 2: 19, 3: 1, 8: 1})
CNN(num_cov=2, hidden_dims=[1024], in_features=1, num_classes=args.num_classes) model chosen!
id 21
label_counts: defaultdict(<class 'int'>, {6: 225, 0: 136, 1: 383, 3: 62, 4: 288, 7: 16, 8: 4, 9: 1, 5: 1})
CNN(num_cov=1, hidden_dims=[1024, 512], in_features=1, num_classes=args.num_classes) model chosen!
id 22
label_counts: defaultdict(<class 'int'>, {5: 243, 7: 387, 1: 102, 2: 9, 6: 68, 0: 12, 4: 1, 8: 15, 3: 1})
CNN(num_cov=2, hidden_dims=[1024, 512], in_features=1, num_classes=args.num_classes) model chosen!
id 23
label_counts: defaultdict(<class 'int'>, {0: 232, 9: 256, 5: 40, 8: 141, 1: 32, 7: 1, 3: 2, 6: 1})
CNN(num_cov=1, hidden_dims=[], in_features=1, num_classes=args.num_classes) model chosen!
id 24
label_counts: defaultdict(<class 'int'>, {4: 309, 9: 235, 3: 447, 5: 120, 0: 62, 8: 15, 1: 2})
CNN(num_cov=2, hidden_dims=[], in_features=1, num_classes=args.num_classes) model chosen!
id 25
label_counts: defaultdict(<class 'int'>, {7: 222, 3: 388, 5: 505, 2: 154, 0: 81, 4: 7, 1: 34})
CNN(num_cov=1, hidden_dims=[512], in_features=1, num_classes=args.num_classes) model chosen!
id 26
label_counts: defaultdict(<class 'int'>, {8: 568, 7: 172, 4: 139, 0: 443, 3: 26, 2: 116, 1: 10, 5: 5})
CNN(num_cov=2, hidden_dims=[512], in_features=1, num_classes=args.num_classes) model chosen!
id 27
label_counts: defaultdict(<class 'int'>, {2: 186, 5: 530, 6: 253, 3: 75, 0: 88, 7: 1, 4: 5})
CNN(num_cov=1, hidden_dims=[1024], in_features=1, num_classes=args.num_classes) model chosen!
id 28
label_counts: defaultdict(<class 'int'>, {1: 63, 9: 281, 5: 14, 7: 176, 2: 50, 8: 93, 3: 24, 0: 22, 6: 2, 4: 1})
CNN(num_cov=2, hidden_dims=[1024], in_features=1, num_classes=args.num_classes) model chosen!
id 29
label_counts: defaultdict(<class 'int'>, {7: 363, 5: 337, 8: 138, 3: 170, 9: 164, 2: 27, 1: 20, 4: 2, 6: 3})
CNN(num_cov=1, hidden_dims=[1024, 512], in_features=1, num_classes=args.num_classes) model chosen!
id 30
label_counts: defaultdict(<class 'int'>, {8: 229, 7: 302, 0: 243, 9: 43, 5: 24, 2: 1, 3: 2, 1: 2})
CNN(num_cov=2, hidden_dims=[1024, 512], in_features=1, num_classes=args.num_classes) model chosen!
id 31
label_counts: defaultdict(<class 'int'>, {2: 510, 4: 583, 0: 98, 1: 223})
CNN(num_cov=1, hidden_dims=[], in_features=1, num_classes=args.num_classes) model chosen!
id 32
label_counts: defaultdict(<class 'int'>, {9: 1142, 7: 49, 2: 276, 5: 146, 1: 20, 3: 51, 6: 75, 8: 12, 0: 31, 4: 1})
CNN(num_cov=2, hidden_dims=[], in_features=1, num_classes=args.num_classes) model chosen!
id 33
label_counts: defaultdict(<class 'int'>, {2: 405, 6: 254, 7: 122, 1: 76, 3: 276, 0: 151, 4: 83})
CNN(num_cov=1, hidden_dims=[512], in_features=1, num_classes=args.num_classes) model chosen!
id 34
label_counts: defaultdict(<class 'int'>, {0: 172, 2: 880, 6: 870, 3: 12, 1: 42, 4: 9})
CNN(num_cov=2, hidden_dims=[512], in_features=1, num_classes=args.num_classes) model chosen!
id 35
label_counts: defaultdict(<class 'int'>, {4: 312, 9: 70, 0: 300, 6: 18, 7: 36, 5: 70, 2: 90, 3: 121, 1: 25, 8: 1})
CNN(num_cov=1, hidden_dims=[1024], in_features=1, num_classes=args.num_classes) model chosen!
id 36
label_counts: defaultdict(<class 'int'>, {6: 412, 2: 127, 8: 221, 3: 364, 1: 41, 9: 158, 7: 124, 0: 3, 4: 5})
CNN(num_cov=2, hidden_dims=[1024], in_features=1, num_classes=args.num_classes) model chosen!
id 37
label_counts: defaultdict(<class 'int'>, {7: 2178, 3: 1002, 6: 142, 4: 3, 2: 20, 5: 11, 0: 1})
CNN(num_cov=1, hidden_dims=[1024, 512], in_features=1, num_classes=args.num_classes) model chosen!
id 38
label_counts: defaultdict(<class 'int'>, {5: 1124, 1: 545, 2: 23, 0: 14, 3: 21, 4: 1})
CNN(num_cov=2, hidden_dims=[1024, 512], in_features=1, num_classes=args.num_classes) model chosen!
id 39
label_counts: defaultdict(<class 'int'>, {2: 387, 6: 233, 8: 501, 1: 41, 0: 13, 9: 3, 3: 2, 5: 12, 4: 1, 7: 2})

Join ratio / total clients: 1.0 / 40
Finished creating server and clients.
Trainable_prototypes(
  (embedings): Embedding(10, 512)
  (middle): Sequential(
    (0): Sequential(
      (0): Linear(in_features=512, out_features=512, bias=True)
      (1): ReLU()
    )
  )
  (fc): Linear(in_features=512, out_features=512, bias=True)
)
tobetrained:
ID: 9
ID: 8
ID: 7
ID: 6
ID: 5
ID: 4
ID: 3
ID: 2
ID: 1
ID: 0
Edge 9 begin training
Server global_protos Not Found
Client_10 protos Not Found
Server global_protos Not Found
Client_34 protos Not Found
Server global_protos Not Found
Client_14 protos Not Found
Server global_protos Not Found
Client_27 protos Not Found
Edge_9 protos Not Found
Client_10 prev_protos Not Found
Client_34 prev_protos Not Found
Client_14 prev_protos Not Found
Client_27 prev_protos Not Found
Edge 8 begin training
Server global_protos Not Found
Client_3 protos Not Found
Server global_protos Not Found
Client_31 protos Not Found
Server global_protos Not Found
Client_22 protos Not Found
Server global_protos Not Found
Client_21 protos Not Found
Edge_8 protos Not Found
Client_3 prev_protos Not Found
Client_31 prev_protos Not Found
Client_22 prev_protos Not Found
Client_21 prev_protos Not Found
Edge 7 begin training
Server global_protos Not Found
Client_23 protos Not Found
Server global_protos Not Found
Client_35 protos Not Found
Server global_protos Not Found
Client_6 protos Not Found
Server global_protos Not Found
Client_30 protos Not Found
Edge_7 protos Not Found
Client_23 prev_protos Not Found
Client_35 prev_protos Not Found
Client_6 prev_protos Not Found
Client_30 prev_protos Not Found
Edge 6 begin training
Server global_protos Not Found
Client_4 protos Not Found
Server global_protos Not Found
Client_39 protos Not Found
Server global_protos Not Found
Client_9 protos Not Found
Server global_protos Not Found
Client_8 protos Not Found
Edge_6 protos Not Found
Client_4 prev_protos Not Found
Client_39 prev_protos Not Found
Client_9 prev_protos Not Found
Client_8 prev_protos Not Found
Edge 5 begin training
Server global_protos Not Found
Client_11 protos Not Found
Server global_protos Not Found
Client_32 protos Not Found
Server global_protos Not Found
Client_29 protos Not Found
Server global_protos Not Found
Client_0 protos Not Found
Edge_5 protos Not Found
Client_11 prev_protos Not Found
Client_32 prev_protos Not Found
Client_29 prev_protos Not Found
Client_0 prev_protos Not Found
Edge 4 begin training
Server global_protos Not Found
Client_36 protos Not Found
Server global_protos Not Found
Client_7 protos Not Found
Server global_protos Not Found
Client_1 protos Not Found
Server global_protos Not Found
Client_28 protos Not Found
Edge_4 protos Not Found
Client_36 prev_protos Not Found
Client_7 prev_protos Not Found
Client_1 prev_protos Not Found
Client_28 prev_protos Not Found
Edge 3 begin training
Server global_protos Not Found
Client_37 protos Not Found
Server global_protos Not Found
Client_13 protos Not Found
Server global_protos Not Found
Client_20 protos Not Found
Server global_protos Not Found
Client_18 protos Not Found
Edge_3 protos Not Found
Client_37 prev_protos Not Found
Client_13 prev_protos Not Found
Client_20 prev_protos Not Found
Client_18 prev_protos Not Found
Edge 2 begin training
Server global_protos Not Found
Client_5 protos Not Found
Server global_protos Not Found
Client_25 protos Not Found
Server global_protos Not Found
Client_2 protos Not Found
Server global_protos Not Found
Client_38 protos Not Found
Edge_2 protos Not Found
Client_5 prev_protos Not Found
Client_25 prev_protos Not Found
Client_2 prev_protos Not Found
Client_38 prev_protos Not Found
Edge 1 begin training
Server global_protos Not Found
Client_12 protos Not Found
Server global_protos Not Found
Client_17 protos Not Found
Server global_protos Not Found
Client_33 protos Not Found
Server global_protos Not Found
Client_24 protos Not Found
Edge_1 protos Not Found
Client_12 prev_protos Not Found
Client_17 prev_protos Not Found
Client_33 prev_protos Not Found
Client_24 prev_protos Not Found
Edge 0 begin training
Server global_protos Not Found
Client_26 protos Not Found
Server global_protos Not Found
Client_15 protos Not Found
Server global_protos Not Found
Client_19 protos Not Found
Server global_protos Not Found
Client_16 protos Not Found
Edge_0 protos Not Found
Client_26 prev_protos Not Found
Client_15 prev_protos Not Found
Client_19 prev_protos Not Found
Client_16 prev_protos Not Found
readyList:
ID: 1
ID: 7
ID: 8
ID: 6
ID: 0
ID: 5
ID: 2
ID: 4
ID: 9
ID: 3
aggregation_buffer:
ID: 1
ID: 7
ID: 8
ID: 6
ID: 0
ID: 5
ID: 2
ID: 4
ID: 9
ID: 3
self.gap tensor([0.6966, 0.7336, 0.6963, 0.6966, 0.7151, 1.0037, 0.6963, 1.0037, 1.1550,
        1.8658])
Server loss: 3.8826897144317627
Number of samples: 324
end Update
server_global_time: 4.582011847058311
only_train_time: 70.75113161443733

-------------Global Round number: 0-------------

Evaluate heterogeneous models
Averaged Test Accuracy (Regular Model): 0.6390
Averaged Test Accuracy (Prototype Model): 0.3940
Std Test Accuracy (Regular Model): 0.2189
Std Test Accuracy (Prototype Model): 0.2442
tobetrained:
ID: 1
ID: 7
ID: 8
ID: 6
ID: 0
ID: 5
ID: 2
ID: 4
ID: 9
ID: 3
Edge 1 begin training
Edge 7 begin training
Edge 8 begin training
Edge 6 begin training
Edge 0 begin training
Edge 5 begin training
Edge 2 begin training
Edge 4 begin training
Edge 9 begin training
Edge 3 begin training
