it is on jetson, train on CPU and no plots

==================================================
goal = test
device = cpu
device_id = 0
dataset = MNIST_dir_0.3_imbalance_40
jetson = 1
DVFS = 0
drawGMM = 0
num_classes = 10
model_family = HCNNs8
batch_size = 256
num_workers = 0
local_learning_rate = 0.06
use_decay_scheduler = False
learning_rate_decay = False
learning_rate_decay_gamma = 0.99
global_rounds = 0
edge_epochs = 1
local_epochs = 3
algorithm = FedProto_DVFS
join_ratio = 1.0
edge_join_ratio = 1.0
random_join_ratio = False
num_clients = 40
num_edges = 10
prev = 0
times = 1
eval_gap = 4
save_folder_name = temp
auto_break = False
feature_dim = 64
vocab_size = 98635
max_len = 200
client_drop_rate = 0.0
train_slow_rate = 0.0
send_slow_rate = 0.0
time_select = False
time_threthold = 10000
optimizer = SGD
lamda = 1.0
weight_decay = 0
trans_delay_simulate = True
momentum = 0.0
agg_type = 0
buffersize = 10
gl_use_clients = 1
test_useglclassifier = 1
gamma = 1.0
extra_loss = 0
delta = 1
drawtsne = 0
drawround = 20
noise_dim = 32
generator_learning_rate = 0.0001
hidden_dim = 512
server_epochs = 100
alpha = 1.0
beta = 1.0
mentee_learning_rate = 0.005
T_start = 0.95
T_end = 0.98
server_learning_rate = 0.01
margin_threthold = 100.0
generator_path = stylegan/stylegan-xl-models/imagenet64.pkl
stable_diffusion_prompt = a cat
server_batch_size = 100
gen_batch_size = 4
mu = 50.0
buffer_size = 10
==================================================
Random seed set as 42

============= Running time: 0th =============
Creating server and clients ...
CNN(num_cov=1, hidden_dims=[], in_features=1, num_classes=args.num_classes)
CNN(num_cov=2, hidden_dims=[], in_features=1, num_classes=args.num_classes)
CNN(num_cov=1, hidden_dims=[512], in_features=1, num_classes=args.num_classes)
CNN(num_cov=2, hidden_dims=[512], in_features=1, num_classes=args.num_classes)
CNN(num_cov=1, hidden_dims=[1024], in_features=1, num_classes=args.num_classes)
CNN(num_cov=2, hidden_dims=[1024], in_features=1, num_classes=args.num_classes)
CNN(num_cov=1, hidden_dims=[1024, 512], in_features=1, num_classes=args.num_classes)
CNN(num_cov=2, hidden_dims=[1024, 512], in_features=1, num_classes=args.num_classes)
temp/MNIST_dir_0.3_imbalance_40/NE_10/featuredim_64/FedProto_DVFS/SGD/lr_0.06/wd_0/momentum_0.0/lbs_256/lamda_1.0/localepoch_3/buffer_10/gamma_1.0_usegltest_1/1737012294.9137654
CNN(num_cov=1, hidden_dims=[], in_features=1, num_classes=args.num_classes) model chosen!
id 0
label_counts: defaultdict(<class 'int'>, {4: 125, 6: 217, 8: 476, 1: 39, 7: 555, 5: 11, 2: 31, 0: 3})
trans_simu_time 0.235
lib_path /home/jet/Desktop/SAE_IEEE/SAE-FedProto-CEC/system/flcore/clients/change_config_noprint.so
CNN(num_cov=2, hidden_dims=[], in_features=1, num_classes=args.num_classes) model chosen!
id 1
label_counts: defaultdict(<class 'int'>, {0: 228, 7: 261, 8: 357, 3: 105, 1: 333, 4: 47, 6: 4, 5: 6, 2: 9})
trans_simu_time 0.235
lib_path /home/jet/Desktop/SAE_IEEE/SAE-FedProto-CEC/system/flcore/clients/change_config_noprint.so
CNN(num_cov=1, hidden_dims=[512], in_features=1, num_classes=args.num_classes) model chosen!
id 2
label_counts: defaultdict(<class 'int'>, {9: 589, 4: 458, 6: 53, 0: 77, 2: 150, 3: 26, 8: 35, 5: 3, 1: 6})
trans_simu_time 0.235
lib_path /home/jet/Desktop/SAE_IEEE/SAE-FedProto-CEC/system/flcore/clients/change_config_noprint.so
CNN(num_cov=2, hidden_dims=[512], in_features=1, num_classes=args.num_classes) model chosen!
id 3
label_counts: defaultdict(<class 'int'>, {2: 22, 1: 495, 8: 254, 0: 158, 3: 113, 6: 7, 7: 3, 9: 1})
trans_simu_time 0.235
lib_path /home/jet/Desktop/SAE_IEEE/SAE-FedProto-CEC/system/flcore/clients/change_config_noprint.so
CNN(num_cov=1, hidden_dims=[1024], in_features=1, num_classes=args.num_classes) model chosen!
id 4
label_counts: defaultdict(<class 'int'>, {0: 55, 7: 207, 5: 7, 3: 297, 8: 302, 1: 31, 9: 14, 6: 69, 4: 1})
trans_simu_time 0.235
lib_path /home/jet/Desktop/SAE_IEEE/SAE-FedProto-CEC/system/flcore/clients/change_config_noprint.so
CNN(num_cov=2, hidden_dims=[1024], in_features=1, num_classes=args.num_classes) model chosen!
id 5
label_counts: defaultdict(<class 'int'>, {3: 545, 8: 47, 5: 312, 0: 12, 2: 45, 7: 8, 4: 1, 9: 3})
trans_simu_time 0.235
lib_path /home/jet/Desktop/SAE_IEEE/SAE-FedProto-CEC/system/flcore/clients/change_config_noprint.so
CNN(num_cov=1, hidden_dims=[1024, 512], in_features=1, num_classes=args.num_classes) model chosen!
id 6
label_counts: defaultdict(<class 'int'>, {3: 547, 5: 74, 2: 55, 7: 41, 1: 25, 8: 15, 6: 90, 9: 46, 0: 1})
trans_simu_time 0.235
lib_path /home/jet/Desktop/SAE_IEEE/SAE-FedProto-CEC/system/flcore/clients/change_config_noprint.so
CNN(num_cov=2, hidden_dims=[1024, 512], in_features=1, num_classes=args.num_classes) model chosen!
id 7
label_counts: defaultdict(<class 'int'>, {8: 546, 3: 1041, 6: 71, 2: 54, 7: 55, 4: 19})
trans_simu_time 0.235
lib_path /home/jet/Desktop/SAE_IEEE/SAE-FedProto-CEC/system/flcore/clients/change_config_noprint.so
CNN(num_cov=1, hidden_dims=[], in_features=1, num_classes=args.num_classes) model chosen!
id 8
label_counts: defaultdict(<class 'int'>, {9: 119, 4: 87, 8: 140, 5: 291, 7: 322, 6: 92, 2: 159, 0: 24, 1: 6, 3: 8})
trans_simu_time 0.235
lib_path /home/jet/Desktop/SAE_IEEE/SAE-FedProto-CEC/system/flcore/clients/change_config_noprint.so
CNN(num_cov=2, hidden_dims=[], in_features=1, num_classes=args.num_classes) model chosen!
id 9
label_counts: defaultdict(<class 'int'>, {2: 203, 7: 464, 0: 199, 5: 114, 4: 138, 3: 101, 8: 47, 9: 4, 1: 5})
trans_simu_time 0.235
lib_path /home/jet/Desktop/SAE_IEEE/SAE-FedProto-CEC/system/flcore/clients/change_config_noprint.so
CNN(num_cov=1, hidden_dims=[512], in_features=1, num_classes=args.num_classes) model chosen!
id 10
label_counts: defaultdict(<class 'int'>, {2: 980, 7: 951, 6: 188, 0: 3, 3: 39, 5: 8})
trans_simu_time 0.235
lib_path /home/jet/Desktop/SAE_IEEE/SAE-FedProto-CEC/system/flcore/clients/change_config_noprint.so
CNN(num_cov=2, hidden_dims=[512], in_features=1, num_classes=args.num_classes) model chosen!
id 11
label_counts: defaultdict(<class 'int'>, {0: 803, 5: 579, 4: 100, 1: 11, 2: 58})
trans_simu_time 0.235
lib_path /home/jet/Desktop/SAE_IEEE/SAE-FedProto-CEC/system/flcore/clients/change_config_noprint.so
CNN(num_cov=1, hidden_dims=[1024], in_features=1, num_classes=args.num_classes) model chosen!
id 12
label_counts: defaultdict(<class 'int'>, {9: 1822, 5: 107, 3: 372, 6: 311, 4: 240, 0: 46, 8: 10, 2: 2})
trans_simu_time 0.235
lib_path /home/jet/Desktop/SAE_IEEE/SAE-FedProto-CEC/system/flcore/clients/change_config_noprint.so
CNN(num_cov=2, hidden_dims=[1024], in_features=1, num_classes=args.num_classes) model chosen!
id 13
label_counts: defaultdict(<class 'int'>, {6: 708, 3: 198, 7: 402, 4: 126, 2: 62, 5: 9, 0: 22, 1: 1})
trans_simu_time 0.235
lib_path /home/jet/Desktop/SAE_IEEE/SAE-FedProto-CEC/system/flcore/clients/change_config_noprint.so
CNN(num_cov=1, hidden_dims=[1024, 512], in_features=1, num_classes=args.num_classes) model chosen!
id 14
label_counts: defaultdict(<class 'int'>, {3: 380, 4: 393, 7: 628, 6: 54, 1: 54, 0: 2})
trans_simu_time 0.235
lib_path /home/jet/Desktop/SAE_IEEE/SAE-FedProto-CEC/system/flcore/clients/change_config_noprint.so
CNN(num_cov=2, hidden_dims=[1024, 512], in_features=1, num_classes=args.num_classes) model chosen!
id 15
label_counts: defaultdict(<class 'int'>, {9: 294, 1: 279, 7: 199, 4: 57, 3: 8, 8: 107, 6: 16, 0: 5, 2: 4})
trans_simu_time 0.235
lib_path /home/jet/Desktop/SAE_IEEE/SAE-FedProto-CEC/system/flcore/clients/change_config_noprint.so
CNN(num_cov=1, hidden_dims=[], in_features=1, num_classes=args.num_classes) model chosen!
id 16
label_counts: defaultdict(<class 'int'>, {8: 72, 2: 565, 0: 75, 1: 61, 9: 192, 5: 22, 6: 243, 3: 36, 7: 16, 4: 2})
trans_simu_time 0.235
lib_path /home/jet/Desktop/SAE_IEEE/SAE-FedProto-CEC/system/flcore/clients/change_config_noprint.so
CNN(num_cov=2, hidden_dims=[], in_features=1, num_classes=args.num_classes) model chosen!
id 17
label_counts: defaultdict(<class 'int'>, {1: 376, 0: 255, 6: 102, 2: 14, 3: 14, 5: 4, 9: 3})
trans_simu_time 0.235
lib_path /home/jet/Desktop/SAE_IEEE/SAE-FedProto-CEC/system/flcore/clients/change_config_noprint.so
CNN(num_cov=1, hidden_dims=[512], in_features=1, num_classes=args.num_classes) model chosen!
id 18
label_counts: defaultdict(<class 'int'>, {4: 749, 3: 407, 5: 258, 2: 7})
trans_simu_time 0.235
lib_path /home/jet/Desktop/SAE_IEEE/SAE-FedProto-CEC/system/flcore/clients/change_config_noprint.so
CNN(num_cov=2, hidden_dims=[512], in_features=1, num_classes=args.num_classes) model chosen!
id 19
label_counts: defaultdict(<class 'int'>, {2: 76, 5: 93, 0: 220, 6: 106, 4: 122, 1: 74, 3: 4, 9: 2, 7: 1})
trans_simu_time 0.235
lib_path /home/jet/Desktop/SAE_IEEE/SAE-FedProto-CEC/system/flcore/clients/change_config_noprint.so
CNN(num_cov=1, hidden_dims=[1024], in_features=1, num_classes=args.num_classes) model chosen!
id 20
label_counts: defaultdict(<class 'int'>, {4: 386, 5: 1231, 1: 467, 3: 238, 2: 21})
trans_simu_time 0.235
lib_path /home/jet/Desktop/SAE_IEEE/SAE-FedProto-CEC/system/flcore/clients/change_config_noprint.so
CNN(num_cov=2, hidden_dims=[1024], in_features=1, num_classes=args.num_classes) model chosen!
id 21
label_counts: defaultdict(<class 'int'>, {1: 46, 9: 130, 6: 399, 5: 12, 8: 99, 2: 419, 7: 5, 3: 3, 0: 1})
trans_simu_time 0.235
lib_path /home/jet/Desktop/SAE_IEEE/SAE-FedProto-CEC/system/flcore/clients/change_config_noprint.so
CNN(num_cov=1, hidden_dims=[1024, 512], in_features=1, num_classes=args.num_classes) model chosen!
id 22
label_counts: defaultdict(<class 'int'>, {1: 834, 0: 234, 2: 285})
trans_simu_time 0.235
lib_path /home/jet/Desktop/SAE_IEEE/SAE-FedProto-CEC/system/flcore/clients/change_config_noprint.so
CNN(num_cov=2, hidden_dims=[1024, 512], in_features=1, num_classes=args.num_classes) model chosen!
id 23
label_counts: defaultdict(<class 'int'>, {2: 150, 0: 170, 3: 37, 6: 331, 4: 12, 1: 86, 9: 27, 7: 1, 5: 1})
trans_simu_time 0.235
lib_path /home/jet/Desktop/SAE_IEEE/SAE-FedProto-CEC/system/flcore/clients/change_config_noprint.so
CNN(num_cov=1, hidden_dims=[], in_features=1, num_classes=args.num_classes) model chosen!
id 24
label_counts: defaultdict(<class 'int'>, {6: 73, 7: 429, 1: 62, 4: 95, 3: 14, 5: 3, 8: 2, 9: 14})
trans_simu_time 0.235
lib_path /home/jet/Desktop/SAE_IEEE/SAE-FedProto-CEC/system/flcore/clients/change_config_noprint.so
CNN(num_cov=2, hidden_dims=[], in_features=1, num_classes=args.num_classes) model chosen!
id 25
label_counts: defaultdict(<class 'int'>, {1: 744, 4: 387, 2: 154, 7: 9, 5: 21, 3: 4})
trans_simu_time 0.235
lib_path /home/jet/Desktop/SAE_IEEE/SAE-FedProto-CEC/system/flcore/clients/change_config_noprint.so
CNN(num_cov=1, hidden_dims=[512], in_features=1, num_classes=args.num_classes) model chosen!
id 26
label_counts: defaultdict(<class 'int'>, {2: 274, 0: 436, 3: 244, 7: 42, 1: 73, 9: 48, 6: 80, 8: 11, 5: 7, 4: 2})
trans_simu_time 0.235
lib_path /home/jet/Desktop/SAE_IEEE/SAE-FedProto-CEC/system/flcore/clients/change_config_noprint.so
CNN(num_cov=2, hidden_dims=[512], in_features=1, num_classes=args.num_classes) model chosen!
id 27
label_counts: defaultdict(<class 'int'>, {9: 408, 7: 274, 4: 214, 5: 449, 0: 44, 2: 3, 1: 18, 6: 2})
trans_simu_time 0.235
lib_path /home/jet/Desktop/SAE_IEEE/SAE-FedProto-CEC/system/flcore/clients/change_config_noprint.so
CNN(num_cov=1, hidden_dims=[1024], in_features=1, num_classes=args.num_classes) model chosen!
id 28
label_counts: defaultdict(<class 'int'>, {0: 534, 2: 383, 3: 404})
trans_simu_time 0.235
lib_path /home/jet/Desktop/SAE_IEEE/SAE-FedProto-CEC/system/flcore/clients/change_config_noprint.so
CNN(num_cov=2, hidden_dims=[1024], in_features=1, num_classes=args.num_classes) model chosen!
id 29
label_counts: defaultdict(<class 'int'>, {4: 882, 2: 135, 8: 790, 0: 186, 3: 4, 1: 27, 6: 3, 5: 1})
trans_simu_time 0.235
lib_path /home/jet/Desktop/SAE_IEEE/SAE-FedProto-CEC/system/flcore/clients/change_config_noprint.so
CNN(num_cov=1, hidden_dims=[1024, 512], in_features=1, num_classes=args.num_classes) model chosen!
id 30
label_counts: defaultdict(<class 'int'>, {5: 528, 2: 457, 4: 44, 0: 298, 1: 164, 3: 15})
trans_simu_time 0.235
lib_path /home/jet/Desktop/SAE_IEEE/SAE-FedProto-CEC/system/flcore/clients/change_config_noprint.so
CNN(num_cov=2, hidden_dims=[1024, 512], in_features=1, num_classes=args.num_classes) model chosen!
id 31
label_counts: defaultdict(<class 'int'>, {1: 451, 4: 110, 9: 275, 8: 27, 6: 12, 0: 8, 3: 2, 7: 1})
trans_simu_time 0.235
lib_path /home/jet/Desktop/SAE_IEEE/SAE-FedProto-CEC/system/flcore/clients/change_config_noprint.so
CNN(num_cov=1, hidden_dims=[], in_features=1, num_classes=args.num_classes) model chosen!
id 32
label_counts: defaultdict(<class 'int'>, {2: 70, 5: 252, 9: 625, 3: 29, 0: 68, 6: 3, 1: 1, 7: 9, 8: 6})
trans_simu_time 0.235
lib_path /home/jet/Desktop/SAE_IEEE/SAE-FedProto-CEC/system/flcore/clients/change_config_noprint.so
CNN(num_cov=2, hidden_dims=[], in_features=1, num_classes=args.num_classes) model chosen!
id 33
label_counts: defaultdict(<class 'int'>, {6: 877, 2: 252, 1: 72, 0: 237, 4: 42, 3: 55, 5: 1})
trans_simu_time 0.235
lib_path /home/jet/Desktop/SAE_IEEE/SAE-FedProto-CEC/system/flcore/clients/change_config_noprint.so
CNN(num_cov=1, hidden_dims=[512], in_features=1, num_classes=args.num_classes) model chosen!
id 34
label_counts: defaultdict(<class 'int'>, {0: 675, 6: 57, 4: 234, 9: 128, 5: 20, 1: 71, 3: 1, 2: 44, 7: 6})
trans_simu_time 0.235
lib_path /home/jet/Desktop/SAE_IEEE/SAE-FedProto-CEC/system/flcore/clients/change_config_noprint.so
CNN(num_cov=2, hidden_dims=[512], in_features=1, num_classes=args.num_classes) model chosen!
id 35
label_counts: defaultdict(<class 'int'>, {6: 421, 9: 67, 2: 59, 3: 3, 7: 73, 8: 134, 5: 7, 1: 1})
trans_simu_time 0.235
lib_path /home/jet/Desktop/SAE_IEEE/SAE-FedProto-CEC/system/flcore/clients/change_config_noprint.so
CNN(num_cov=1, hidden_dims=[1024], in_features=1, num_classes=args.num_classes) model chosen!
id 36
label_counts: defaultdict(<class 'int'>, {7: 126, 8: 24, 6: 467, 2: 79, 9: 45, 1: 212, 4: 63, 3: 18, 0: 13})
trans_simu_time 0.235
lib_path /home/jet/Desktop/SAE_IEEE/SAE-FedProto-CEC/system/flcore/clients/change_config_noprint.so
CNN(num_cov=2, hidden_dims=[1024], in_features=1, num_classes=args.num_classes) model chosen!
id 37
label_counts: defaultdict(<class 'int'>, {8: 1474, 6: 84, 7: 77, 5: 70, 0: 7, 2: 10, 3: 15, 1: 2})
trans_simu_time 0.235
lib_path /home/jet/Desktop/SAE_IEEE/SAE-FedProto-CEC/system/flcore/clients/change_config_noprint.so
CNN(num_cov=1, hidden_dims=[1024, 512], in_features=1, num_classes=args.num_classes) model chosen!
id 38
label_counts: defaultdict(<class 'int'>, {6: 28, 3: 44, 1: 734, 5: 28, 8: 100, 7: 245, 9: 7, 4: 8})
trans_simu_time 0.235
lib_path /home/jet/Desktop/SAE_IEEE/SAE-FedProto-CEC/system/flcore/clients/change_config_noprint.so
CNN(num_cov=2, hidden_dims=[1024, 512], in_features=1, num_classes=args.num_classes) model chosen!
id 39
label_counts: defaultdict(<class 'int'>, {9: 354, 3: 1, 5: 192, 0: 84, 8: 33, 1: 7, 4: 4, 6: 1})
trans_simu_time 0.235
lib_path /home/jet/Desktop/SAE_IEEE/SAE-FedProto-CEC/system/flcore/clients/change_config_noprint.so

Join ratio / total clients: 1.0 / 40
Finished creating server and clients.
lib_path /home/jet/Desktop/SAE_IEEE/SAE-FedProto-CEC/system/flcore/servers/change_config_noprint.so
tobetrained:
[9, 8, 7, 6, 5, 4, 3, 2, 1, 0]
Edge 9 begin training
power: 2119.0, energy: 19.84803143036952
power: 2180.5, energy: 11.357611140611771
power: 2253.25, energy: 20.650868853802816
power: 2350.6, energy: 25.84824772820134
client 10 leave_frequency_set: [1420800, 1420800]
power: 1001.6153846153846, energy: 44.43134561199519
client 34 leave_frequency_set: [1113600, 1113600]
power: 693.5555555555555, energy: 23.030769469664527
client 14 leave_frequency_set: [1420800, 1420800]
power: 1056.2, energy: 40.52204167125899
power: 2141.2, energy: 69.18957037359414
Edge 8 begin training
power: 2301.6666666666665, energy: 15.847932182606563
power: 2253.6666666666665, energy: 15.490848697018862
power: 2042.0, energy: 15.87164051333335
power: 2131.0, energy: 17.55290850630957
client 22 leave_frequency_set: [1267200, 1267200]
power: 866.7272727272727, energy: 33.8657676825316
client 31 leave_frequency_set: [1267200, 1267200]
power: 820.6, energy: 30.620279423537536
client 3 leave_frequency_set: [1574400, 1728000]
power: 1396.888888888889, energy: 40.370709117952956
power: 2082.5, energy: 51.56920148183321
Edge 7 begin training
power: 2367.3333333333335, energy: 16.823876241847426
power: 2074.3333333333335, energy: 12.999651606095632
power: 2083.0, energy: 10.675950664129024
power: 2156.0, energy: 9.897453027307797
power: 2441.714285714286, energy: 51.360296683071184
client 23 leave_frequency_set: [1267200, 1574400]
power: 1172.5, energy: 30.972564894811356
client 35 leave_frequency_set: [1113600, 1113600]
power: 663.375, energy: 20.88231292653098
client 6 leave_frequency_set: [1113600, 1113600]
power: 688.0, energy: 20.042053831212584
Edge 6 begin training
power: 2083.0, energy: 10.255535766278578
power: 2351.0, energy: 11.743446661726967
power: 2179.75, energy: 17.839302093398434
power: 2229.5, energy: 10.035924368788171
client 39 leave_frequency_set: [1113600, 1113600]
power: 688.0, energy: 20.718263070454306
client 8 leave_frequency_set: [1113600, 1113600]
power: 677.1111111111111, energy: 22.920237275987464
power: 2150.0, energy: 54.39993353164812
client 4 leave_frequency_set: [1113600, 1113600]
power: 700.25, energy: 20.526248199640264
Edge 5 begin training
power: 2277.5, energy: 11.25545211919945
power: 2165.6, energy: 23.89856486960604
power: 2302.0, energy: 13.97950042369726
power: 2237.3333333333335, energy: 30.57525497629011
client 32 leave_frequency_set: [1113600, 1113600]
power: 651.25, energy: 21.577318540301913
client 11 leave_frequency_set: [1267200, 1267200]
power: 838.625, energy: 50.29461935082807
client 0 leave_frequency_set: [1113600, 1113600]
power: 683.2, energy: 27.474540448681292
power: 2201.214285714286, energy: 92.40296947604764
Edge 4 begin training
power: 2180.1666666666665, energy: 27.131846154052383
power: 2319.0, energy: 15.298692285543584
power: 2351.0, energy: 12.735032920551623
power: 2118.75, energy: 20.114784458004078
power: 2233.0833333333335, energy: 83.06621488107942
client 28 leave_frequency_set: [1113600, 1113600]
power: 701.3636363636364, energy: 30.72211270700319
client 36 leave_frequency_set: [1113600, 1113600]
power: 692.9, energy: 25.374683192866954
client 1 leave_frequency_set: [1113600, 1113600]
power: 701.0, energy: 40.83933894494049
Edge 3 begin training
power: 2139.3333333333335, energy: 13.298860726093176
power: 2126.6, energy: 25.573166154018132
power: 2107.2, energy: 22.237038791561687
power: 2379.8, energy: 26.777820420917898
client 18 leave_frequency_set: [1113600, 1113600]
power: 683.5454545454545, energy: 27.154771978022495
power: 2213.7272727272725, energy: 78.35878565091775
client 13 leave_frequency_set: [1420800, 1420800]
power: 1012.9230769230769, energy: 48.40700575965106
client 20 leave_frequency_set: [1574400, 1728000]
power: 1518.5, energy: 67.57429190216416
Edge 2 begin training
power: 2046.25, energy: 19.97901637372782
power: 2139.6666666666665, energy: 13.5720013375812
power: 2424.5, energy: 14.40158588957514
power: 2254.0, energy: 13.06297571174715
power: 2123.0, energy: 60.79755597890326
client 5 leave_frequency_set: [1113600, 1113600]
power: 714.9090909090909, energy: 28.229971949459937
client 2 leave_frequency_set: [1113600, 1113600]
power: 658.5, energy: 27.525764454180973
client 38 leave_frequency_set: [1113600, 1113600]
power: 722.3, energy: 26.906031357604412
Edge 1 begin training
power: 2359.5, energy: 32.65625612449064
power: 2302.0, energy: 6.783065200550303
power: 2034.0, energy: 9.621638068696821
power: 2107.0, energy: 21.073555583571938
power: 2358.3846153846152, energy: 98.1573826664739
client 24 leave_frequency_set: [1113600, 1113600]
power: 648.8, energy: 13.103505991224765
client 17 leave_frequency_set: [1113600, 1113600]
power: 681.875, energy: 19.9374612892277
client 33 leave_frequency_set: [1113600, 1113600]
power: 706.4375, energy: 43.26344180718395
Edge 0 begin training
power: 2025.6666666666667, energy: 13.764044879005214
power: 2351.0, energy: 12.073883365183134
power: 2253.0, energy: 11.560358558029732
power: 2034.0, energy: 9.580003422998875
power: 2261.6666666666665, energy: 43.82339757434969
client 16 leave_frequency_set: [1113600, 1267200]
power: 786.125, energy: 24.631344304822505
client 26 leave_frequency_set: [1113600, 1267200]
power: 792.625, energy: 24.076226811996623
client 19 leave_frequency_set: [1113600, 1113600]
power: 669.5, energy: 19.342791745948038
readyList:
[7, 0, 6, 8, 2, 9, 3, 4, 5, 1]
aggregation_buffer:
[7, 0, 6, 8, 2, 9, 3, 4, 5, 1]
end Update
server_global_time: 45.2512976679991
only_train_time: 1087.224481271005

-------------Global Round number: 0-------------

Evaluate heterogeneous models
Averaged Test Accuracy (Regular Model): 0.5133
Averaged Test Accuracy (Prototype Model): 0.3778
Averaged Train Loss (Regular Model): 1.6327
Averaged Train Loss (Regular + Proto): 1.6327
All Energy: 1598.4631
Std Test Accuracy (Regular Model): 0.1321
Std Test Accuracy (Prototype Model): 0.2471

Best accuracy.
0.5133329526637355
File path: ../results/MNIST_dir_0.3_imbalance_40_FedProto_DVFS_test_0.h5

Average time cost: 1451.04s.
Length:  1
std for best accurancy: 0.0
mean for best accurancy: 0.5133329526637355
All done!

Storage on cpu
-------------------------------------------------------------------------------
Total Tensors: 650 	Used Memory: 3.00K
-------------------------------------------------------------------------------
