
cuda is not avaiable.

==================================================
goal = test
device = cpu
device_id = 0
dataset = FashionMNIST_dir_0.3_imbalance_40
jetson = 0
DVFS = 0
drawGMM = 0
num_classes = 10
model_family = HCNNs8
batch_size = 256
num_workers = 0
local_learning_rate = 0.06
use_decay_scheduler = False
learning_rate_decay = False
learning_rate_decay_gamma = 0.99
global_rounds = 400
edge_epochs = 1
local_epochs = 3
algorithm = FedSAE
join_ratio = 1.0
edge_join_ratio = 1.0
random_join_ratio = False
num_clients = 40
num_edges = 10
prev = 0
times = 1
eval_gap = 10
save_folder_name = temp
auto_break = False
feature_dim = 64
vocab_size = 98635
max_len = 200
client_drop_rate = 0.0
train_slow_rate = 0.0
send_slow_rate = 0.0
time_select = False
time_threthold = 10000
optimizer = SGD
lamda = 1.0
weight_decay = 0
trans_delay_simulate = True
momentum = 0.0
agg_type = 0
buffersize = 5
gl_use_clients = 1
test_useglclassifier = 1
gamma = 1.0
extra_loss = 0
delta = 1
drawtsne = 0
drawround = 20
noise_dim = 32
generator_learning_rate = 0.0001
hidden_dim = 512
server_epochs = 100
alpha = 1.0
beta = 1.0
mentee_learning_rate = 0.005
T_start = 0.95
T_end = 0.98
server_learning_rate = 0.01
margin_threthold = 100.0
generator_path = stylegan/stylegan-xl-models/imagenet64.pkl
stable_diffusion_prompt = a cat
server_batch_size = 100
gen_batch_size = 4
mu = 50.0
buffer_size = 10
==================================================
Random seed set as 42

============= Running time: 0th =============
Creating server and clients ...
CNN(num_cov=1, hidden_dims=[], in_features=1, num_classes=args.num_classes)
CNN(num_cov=2, hidden_dims=[], in_features=1, num_classes=args.num_classes)
CNN(num_cov=1, hidden_dims=[512], in_features=1, num_classes=args.num_classes)
CNN(num_cov=2, hidden_dims=[512], in_features=1, num_classes=args.num_classes)
CNN(num_cov=1, hidden_dims=[1024], in_features=1, num_classes=args.num_classes)
CNN(num_cov=2, hidden_dims=[1024], in_features=1, num_classes=args.num_classes)
CNN(num_cov=1, hidden_dims=[1024, 512], in_features=1, num_classes=args.num_classes)
CNN(num_cov=2, hidden_dims=[1024, 512], in_features=1, num_classes=args.num_classes)
temp/FashionMNIST_dir_0.3_imbalance_40/NE_10/featuredim_64/FedSAE/SGD/lr_0.06/wd_0/momentum_0.0/lbs_256/lamda_1.0/localepoch_3/buffer_5/gamma_1.0_usegltest_1/1736946977.378329
CNN(num_cov=1, hidden_dims=[], in_features=1, num_classes=args.num_classes) model chosen!
id 0
label_counts: defaultdict(<class 'int'>, {9: 545, 2: 98, 0: 287, 1: 338, 5: 106, 3: 26, 6: 3, 4: 1})
trans_simu_time 0.235
CNN(num_cov=2, hidden_dims=[], in_features=1, num_classes=args.num_classes) model chosen!
id 1
label_counts: defaultdict(<class 'int'>, {4: 630, 1: 507, 7: 199, 5: 47, 2: 18, 0: 18, 6: 2, 3: 3})
trans_simu_time 0.235
CNN(num_cov=1, hidden_dims=[512], in_features=1, num_classes=args.num_classes) model chosen!
id 2
label_counts: defaultdict(<class 'int'>, {9: 99, 7: 312, 5: 157, 3: 30, 0: 190, 8: 6, 6: 67, 4: 11, 2: 3})
trans_simu_time 0.235
CNN(num_cov=2, hidden_dims=[512], in_features=1, num_classes=args.num_classes) model chosen!
id 3
label_counts: defaultdict(<class 'int'>, {2: 395, 3: 171, 8: 190, 4: 51, 9: 19, 6: 100, 0: 3, 5: 4})
trans_simu_time 0.235
CNN(num_cov=1, hidden_dims=[1024], in_features=1, num_classes=args.num_classes) model chosen!
id 4
label_counts: defaultdict(<class 'int'>, {1: 428, 2: 202, 5: 553, 0: 327, 4: 5})
trans_simu_time 0.235
CNN(num_cov=2, hidden_dims=[1024], in_features=1, num_classes=args.num_classes) model chosen!
id 5
label_counts: defaultdict(<class 'int'>, {6: 633, 1: 100, 4: 421, 2: 58, 8: 45, 5: 13, 3: 41, 7: 11, 0: 1})
trans_simu_time 0.235
CNN(num_cov=1, hidden_dims=[1024, 512], in_features=1, num_classes=args.num_classes) model chosen!
id 6
label_counts: defaultdict(<class 'int'>, {9: 425, 8: 384, 4: 260, 3: 24, 6: 31, 1: 12, 2: 6, 7: 1})
trans_simu_time 0.235
CNN(num_cov=2, hidden_dims=[1024, 512], in_features=1, num_classes=args.num_classes) model chosen!
id 7
label_counts: defaultdict(<class 'int'>, {0: 36, 9: 477, 8: 645, 4: 53, 6: 335, 3: 38, 5: 13, 1: 11, 7: 16, 2: 7})
trans_simu_time 0.235
CNN(num_cov=1, hidden_dims=[], in_features=1, num_classes=args.num_classes) model chosen!
id 8
label_counts: defaultdict(<class 'int'>, {2: 81, 4: 502, 0: 124, 9: 102, 6: 63, 8: 26, 5: 17, 1: 3, 3: 9})
trans_simu_time 0.235
CNN(num_cov=2, hidden_dims=[], in_features=1, num_classes=args.num_classes) model chosen!
id 9
label_counts: defaultdict(<class 'int'>, {3: 943, 1: 139, 0: 75, 2: 177})
trans_simu_time 0.235
CNN(num_cov=1, hidden_dims=[512], in_features=1, num_classes=args.num_classes) model chosen!
id 10
label_counts: defaultdict(<class 'int'>, {4: 883, 8: 445, 0: 32, 5: 19, 2: 57, 3: 12, 7: 1, 6: 1, 1: 1})
trans_simu_time 0.235
CNN(num_cov=2, hidden_dims=[512], in_features=1, num_classes=args.num_classes) model chosen!
id 11
label_counts: defaultdict(<class 'int'>, {1: 58, 9: 88, 8: 220, 4: 230, 7: 8, 6: 147, 5: 54, 3: 44, 2: 13})
trans_simu_time 0.235
CNN(num_cov=1, hidden_dims=[1024], in_features=1, num_classes=args.num_classes) model chosen!
id 12
label_counts: defaultdict(<class 'int'>, {1: 263, 0: 206, 6: 248, 3: 165, 5: 101, 9: 14, 7: 1, 4: 1})
trans_simu_time 0.235
CNN(num_cov=2, hidden_dims=[1024], in_features=1, num_classes=args.num_classes) model chosen!
id 13
label_counts: defaultdict(<class 'int'>, {2: 795, 3: 402, 7: 197, 0: 11, 1: 7, 4: 7, 5: 3})
trans_simu_time 0.235
CNN(num_cov=1, hidden_dims=[1024, 512], in_features=1, num_classes=args.num_classes) model chosen!
id 14
label_counts: defaultdict(<class 'int'>, {0: 312, 9: 218, 2: 44, 3: 131, 1: 57, 5: 65, 4: 21, 8: 3})
trans_simu_time 0.235
CNN(num_cov=2, hidden_dims=[1024, 512], in_features=1, num_classes=args.num_classes) model chosen!
id 15
label_counts: defaultdict(<class 'int'>, {6: 980, 0: 83, 5: 215, 1: 39, 3: 12, 4: 2})
trans_simu_time 0.235
CNN(num_cov=1, hidden_dims=[], in_features=1, num_classes=args.num_classes) model chosen!
id 16
label_counts: defaultdict(<class 'int'>, {8: 280, 1: 860, 0: 140, 5: 68, 4: 58, 3: 83, 7: 1, 6: 18})
trans_simu_time 0.235
CNN(num_cov=2, hidden_dims=[], in_features=1, num_classes=args.num_classes) model chosen!
id 17
label_counts: defaultdict(<class 'int'>, {5: 490, 0: 104, 2: 16, 8: 642, 6: 21, 3: 30, 4: 28, 1: 2, 7: 1})
trans_simu_time 0.235
CNN(num_cov=1, hidden_dims=[512], in_features=1, num_classes=args.num_classes) model chosen!
id 18
label_counts: defaultdict(<class 'int'>, {7: 229, 8: 391, 4: 108, 5: 27, 1: 105, 3: 33, 6: 2, 2: 1, 0: 1})
trans_simu_time 0.235
CNN(num_cov=2, hidden_dims=[512], in_features=1, num_classes=args.num_classes) model chosen!
id 19
label_counts: defaultdict(<class 'int'>, {1: 364, 0: 1204})
trans_simu_time 0.235
CNN(num_cov=1, hidden_dims=[1024], in_features=1, num_classes=args.num_classes) model chosen!
id 20
label_counts: defaultdict(<class 'int'>, {9: 858, 5: 157, 1: 290, 7: 131, 4: 216, 0: 37, 3: 1, 6: 44, 2: 19, 8: 1})
trans_simu_time 0.235
CNN(num_cov=2, hidden_dims=[1024], in_features=1, num_classes=args.num_classes) model chosen!
id 21
label_counts: defaultdict(<class 'int'>, {1: 383, 6: 225, 4: 288, 0: 136, 3: 62, 8: 4, 9: 1, 7: 16, 5: 1})
trans_simu_time 0.235
CNN(num_cov=1, hidden_dims=[1024, 512], in_features=1, num_classes=args.num_classes) model chosen!
id 22
label_counts: defaultdict(<class 'int'>, {5: 243, 7: 387, 1: 102, 6: 68, 8: 15, 0: 12, 2: 9, 4: 1, 3: 1})
trans_simu_time 0.235
CNN(num_cov=2, hidden_dims=[1024, 512], in_features=1, num_classes=args.num_classes) model chosen!
id 23
label_counts: defaultdict(<class 'int'>, {5: 40, 0: 232, 8: 141, 9: 256, 1: 32, 6: 1, 3: 2, 7: 1})
trans_simu_time 0.235
CNN(num_cov=1, hidden_dims=[], in_features=1, num_classes=args.num_classes) model chosen!
id 24
label_counts: defaultdict(<class 'int'>, {0: 62, 9: 235, 3: 447, 4: 309, 5: 120, 8: 15, 1: 2})
trans_simu_time 0.235
CNN(num_cov=2, hidden_dims=[], in_features=1, num_classes=args.num_classes) model chosen!
id 25
label_counts: defaultdict(<class 'int'>, {7: 222, 3: 388, 5: 505, 2: 154, 1: 34, 4: 7, 0: 81})
trans_simu_time 0.235
CNN(num_cov=1, hidden_dims=[512], in_features=1, num_classes=args.num_classes) model chosen!
id 26
label_counts: defaultdict(<class 'int'>, {8: 568, 0: 443, 7: 172, 4: 139, 2: 116, 5: 5, 3: 26, 1: 10})
trans_simu_time 0.235
CNN(num_cov=2, hidden_dims=[512], in_features=1, num_classes=args.num_classes) model chosen!
id 27
label_counts: defaultdict(<class 'int'>, {5: 530, 2: 186, 6: 253, 0: 88, 3: 75, 4: 5, 7: 1})
trans_simu_time 0.235
CNN(num_cov=1, hidden_dims=[1024], in_features=1, num_classes=args.num_classes) model chosen!
id 28
label_counts: defaultdict(<class 'int'>, {7: 176, 8: 93, 4: 1, 9: 281, 0: 22, 2: 50, 1: 63, 3: 24, 5: 14, 6: 2})
trans_simu_time 0.235
CNN(num_cov=2, hidden_dims=[1024], in_features=1, num_classes=args.num_classes) model chosen!
id 29
label_counts: defaultdict(<class 'int'>, {7: 363, 5: 337, 3: 170, 1: 20, 8: 138, 9: 164, 2: 27, 4: 2, 6: 3})
trans_simu_time 0.235
CNN(num_cov=1, hidden_dims=[1024, 512], in_features=1, num_classes=args.num_classes) model chosen!
id 30
label_counts: defaultdict(<class 'int'>, {0: 243, 7: 302, 9: 43, 8: 229, 5: 24, 1: 2, 3: 2, 2: 1})
trans_simu_time 0.235
CNN(num_cov=2, hidden_dims=[1024, 512], in_features=1, num_classes=args.num_classes) model chosen!
id 31
label_counts: defaultdict(<class 'int'>, {2: 510, 4: 583, 0: 98, 1: 223})
trans_simu_time 0.235
CNN(num_cov=1, hidden_dims=[], in_features=1, num_classes=args.num_classes) model chosen!
id 32
label_counts: defaultdict(<class 'int'>, {9: 1142, 5: 146, 1: 20, 2: 276, 3: 51, 0: 31, 7: 49, 6: 75, 8: 12, 4: 1})
trans_simu_time 0.235
CNN(num_cov=2, hidden_dims=[], in_features=1, num_classes=args.num_classes) model chosen!
id 33
label_counts: defaultdict(<class 'int'>, {7: 122, 3: 276, 6: 254, 2: 405, 0: 151, 1: 76, 4: 83})
trans_simu_time 0.235
CNN(num_cov=1, hidden_dims=[512], in_features=1, num_classes=args.num_classes) model chosen!
id 34
label_counts: defaultdict(<class 'int'>, {6: 870, 0: 172, 2: 880, 1: 42, 3: 12, 4: 9})
trans_simu_time 0.235
CNN(num_cov=2, hidden_dims=[512], in_features=1, num_classes=args.num_classes) model chosen!
id 35
label_counts: defaultdict(<class 'int'>, {5: 70, 4: 312, 8: 1, 2: 90, 0: 300, 6: 18, 7: 36, 3: 121, 9: 70, 1: 25})
trans_simu_time 0.235
CNN(num_cov=1, hidden_dims=[1024], in_features=1, num_classes=args.num_classes) model chosen!
id 36
label_counts: defaultdict(<class 'int'>, {2: 127, 7: 124, 3: 364, 8: 221, 6: 412, 9: 158, 1: 41, 4: 5, 0: 3})
trans_simu_time 0.235
CNN(num_cov=2, hidden_dims=[1024], in_features=1, num_classes=args.num_classes) model chosen!
id 37
label_counts: defaultdict(<class 'int'>, {7: 2178, 3: 1002, 5: 11, 6: 142, 2: 20, 0: 1, 4: 3})
trans_simu_time 0.235
CNN(num_cov=1, hidden_dims=[1024, 512], in_features=1, num_classes=args.num_classes) model chosen!
id 38
label_counts: defaultdict(<class 'int'>, {5: 1124, 1: 545, 2: 23, 3: 21, 0: 14, 4: 1})
trans_simu_time 0.235
CNN(num_cov=2, hidden_dims=[1024, 512], in_features=1, num_classes=args.num_classes) model chosen!
id 39
label_counts: defaultdict(<class 'int'>, {1: 41, 2: 387, 8: 501, 6: 233, 5: 12, 0: 13, 9: 3, 3: 2, 7: 2, 4: 1})
trans_simu_time 0.235

Join ratio / total clients: 1.0 / 40
Finished creating server and clients.
tobetrained:
[9, 8, 7, 6, 5, 4, 3, 2, 1, 0]
Edge 9 begin training
Edge 8 begin training
Edge 7 begin training
Edge 6 begin training
Edge 5 begin training
Edge 4 begin training
Edge 3 begin training
Edge 2 begin training
Edge 1 begin training
Edge 0 begin training
readyList:
[7, 1, 6, 5, 4, 2, 8, 9, 0, 3]
aggregation_buffer:
[7, 1, 6, 5, 4]
train global classifier
train glclassifier time: 3.6552023766562343
global classifier accuracy in train virtual: 51.63
end Update
server_global_time: 4.703853816427291
only_train_time: 58.04997517634183

-------------Global Round number: 0-------------

Evaluate heterogeneous models
Averaged Test Accuracy (Regular Model): 0.2465
Averaged Test Accuracy (Prototype Model): 0.2657
Averaged Train Loss (Regular Model): 1.7180
Averaged Train Loss (Regular + Proto): 1.7180
Std Test Accuracy (Regular Model): 0.2684
Std Test Accuracy (Prototype Model): 0.2487
tobetrained:
[7, 1, 6, 5, 4]
Edge 7 begin training
Edge 1 begin training
Edge 6 begin training
Edge 5 begin training
Edge 4 begin training
readyList:
[2, 8, 9, 0, 3, 7, 1, 6, 5, 4]
aggregation_buffer:
[2, 8, 9, 0, 3]
train global classifier
train glclassifier time: 3.4762397976592183
global classifier accuracy in train virtual: 52.45
end Update
server_global_time: 6.110279136039317
only_train_time: 88.21510765794665
tobetrained:
[2, 8, 9, 0, 3]
Edge 2 begin training
Edge 8 begin training
Edge 9 begin training
Edge 0 begin training
Edge 3 begin training
readyList:
[7, 1, 6, 5, 4, 8, 0, 2, 9, 3]
aggregation_buffer:
[7, 1, 6, 5, 4]
train global classifier
train glclassifier time: 3.4891637917608023
global classifier accuracy in train virtual: 59.9375
end Update
server_global_time: 9.842968536876143
only_train_time: 122.46599274128675
tobetrained:
[7, 1, 6, 5, 4]
Edge 7 begin training
Edge 1 begin training
Edge 6 begin training
Edge 5 begin training
Edge 4 begin training
readyList:
[8, 0, 2, 9, 3, 7, 1, 6, 5, 4]
aggregation_buffer:
[8, 0, 2, 9, 3]
train global classifier
train glclassifier time: 3.471538900397718
global classifier accuracy in train virtual: 71.97
end Update
server_global_time: 13.44334827210754
only_train_time: 150.7634949600324
tobetrained:
[8, 0, 2, 9, 3]
Edge 8 begin training
Edge 0 begin training
Edge 2 begin training
Edge 9 begin training
Edge 3 begin training
readyList:
[7, 1, 6, 5, 4, 8, 0, 2, 9, 3]
aggregation_buffer:
[7, 1, 6, 5, 4]
train global classifier
train glclassifier time: 3.7511414419859648
global classifier accuracy in train virtual: 76.7175
end Update
server_global_time: 14.650019166097044
only_train_time: 188.1631810022518
tobetrained:
[7, 1, 6, 5, 4]
Edge 7 begin training
Edge 1 begin training
Edge 6 begin training
Edge 5 begin training
Edge 4 begin training
readyList:
[8, 0, 2, 7, 6, 1, 9, 5, 4, 3]
aggregation_buffer:
[8, 0, 2, 7, 6]
train global classifier
train glclassifier time: 3.640791743993759
global classifier accuracy in train virtual: 82.27
end Update
server_global_time: 19.185215011909605
only_train_time: 217.7479385593906
tobetrained:
[8, 0, 2, 7, 6]
Edge 8 begin training
Edge 0 begin training
Edge 2 begin training
Edge 7 begin training
Edge 6 begin training
readyList:
[1, 9, 5, 4, 3, 7, 6, 8, 2, 0]
aggregation_buffer:
[1, 9, 5, 4, 3]
train global classifier
train glclassifier time: 3.534871006384492
global classifier accuracy in train virtual: 85.8325
end Update
server_global_time: 21.513398645482958
only_train_time: 247.80592950526625
tobetrained:
[1, 9, 5, 4, 3]
Edge 1 begin training
Edge 9 begin training
Edge 5 begin training
Edge 4 begin training
Edge 3 begin training
readyList:
[7, 6, 8, 2, 0, 1, 5, 4, 9, 3]
aggregation_buffer:
[7, 6, 8, 2, 0]
train global classifier
train glclassifier time: 3.4463868234306574
global classifier accuracy in train virtual: 87.0
end Update
server_global_time: 24.45947145521641
only_train_time: 280.97272476460785
tobetrained:
[7, 6, 8, 2, 0]
Edge 7 begin training
Edge 6 begin training
Edge 8 begin training
Edge 2 begin training
Edge 0 begin training
readyList:
[1, 5, 4, 9, 7, 3, 2, 8, 0, 6]
aggregation_buffer:
[1, 5, 4, 9, 7]
train global classifier
train glclassifier time: 3.5202532270923257
global classifier accuracy in train virtual: 88.7225
end Update
server_global_time: 28.634381474070253
only_train_time: 311.83944995794445
tobetrained:
[1, 5, 4, 9, 7]
Edge 1 begin training
Edge 5 begin training
Edge 4 begin training
Edge 9 begin training
Edge 7 begin training
readyList:
[3, 2, 8, 0, 6, 7, 1, 5, 9, 4]
aggregation_buffer:
[3, 2, 8, 0, 6]
train global classifier
train glclassifier time: 3.542332598939538
global classifier accuracy in train virtual: 89.9625
end Update
server_global_time: 29.589704572297634
only_train_time: 340.8515646038577
tobetrained:
[3, 2, 8, 0, 6]
Edge 3 begin training
Edge 2 begin training
Edge 8 begin training
Edge 0 begin training
Edge 6 begin training
readyList:
[7, 1, 5, 9, 4, 6, 8, 2, 0, 3]
aggregation_buffer:
[7, 1, 5, 9, 4]
train global classifier
train glclassifier time: 3.8121748892590404
global classifier accuracy in train virtual: 90.8575
end Update
server_global_time: 33.70292771678418
only_train_time: 375.7070702603087

-------------Global Round number: 10-------------

Evaluate heterogeneous models
Averaged Test Accuracy (Regular Model): 0.8350
Averaged Test Accuracy (Prototype Model): 0.8370
Averaged Train Loss (Regular Model): 0.5077
Averaged Train Loss (Regular + Proto): 0.5554
Std Test Accuracy (Regular Model): 0.1183
Std Test Accuracy (Prototype Model): 0.1077
tobetrained:
[7, 1, 5, 9, 4]
Edge 7 begin training
Edge 1 begin training
Edge 5 begin training
Edge 9 begin training
Edge 4 begin training
readyList:
[6, 8, 2, 0, 3, 7, 1, 5, 9, 4]
aggregation_buffer:
[6, 8, 2, 0, 3]
train global classifier
train glclassifier time: 3.437841716222465
global classifier accuracy in train virtual: 91.175
end Update
server_global_time: 37.087928693518045
only_train_time: 405.37278917990625
tobetrained:
[6, 8, 2, 0, 3]
Edge 6 begin training
Edge 8 begin training
Edge 2 begin training
Edge 0 begin training
Edge 3 begin training
readyList:
[7, 1, 5, 9, 4, 6, 2, 8, 0, 3]
aggregation_buffer:
[7, 1, 5, 9, 4]
train global classifier
train glclassifier time: 3.651758713647723
global classifier accuracy in train virtual: 91.665
end Update
server_global_time: 38.777718599364164
only_train_time: 440.3202315075323
tobetrained:
[7, 1, 5, 9, 4]
Edge 7 begin training
Edge 1 begin training
Edge 5 begin training
Edge 9 begin training
Edge 4 begin training
readyList:
[6, 2, 8, 0, 7, 5, 1, 9, 4, 3]
aggregation_buffer:
[6, 2, 8, 0, 7]
train global classifier
train glclassifier time: 3.5917169991880655
global classifier accuracy in train virtual: 92.1125
end Update
server_global_time: 42.91586158435792
only_train_time: 469.6257502390072
tobetrained:
[6, 2, 8, 0, 7]
Edge 6 begin training
Edge 2 begin training
Edge 8 begin training
Edge 0 begin training
Edge 7 begin training
readyList:
[5, 1, 9, 4, 3, 7, 6, 8, 2, 0]
aggregation_buffer:
[5, 1, 9, 4, 3]
train global classifier
train glclassifier time: 3.641796591691673
global classifier accuracy in train virtual: 92.34
end Update
server_global_time: 44.616683675386014
only_train_time: 499.8112855711952
tobetrained:
[5, 1, 9, 4, 3]
Edge 5 begin training
Edge 1 begin training
Edge 9 begin training
Edge 4 begin training
Edge 3 begin training
readyList:
[7, 6, 8, 2, 0, 1, 5, 9, 4, 3]
aggregation_buffer:
[7, 6, 8, 2, 0]
train global classifier
train glclassifier time: 3.703393335454166
global classifier accuracy in train virtual: 92.67
end Update
server_global_time: 47.84600285794586
only_train_time: 533.2840460175648
tobetrained:
[7, 6, 8, 2, 0]
Edge 7 begin training
Edge 6 begin training
Edge 8 begin training
Edge 2 begin training
Edge 0 begin training
readyList:
[1, 5, 9, 4, 3, 7, 6, 8, 0, 2]
aggregation_buffer:
[1, 5, 9, 4, 3]
train global classifier
train glclassifier time: 4.314622594974935
global classifier accuracy in train virtual: 92.8875
end Update
server_global_time: 51.56850679881871
only_train_time: 564.0651469873264
tobetrained:
[1, 5, 9, 4, 3]
Edge 1 begin training
Edge 5 begin training
Edge 9 begin training
Edge 4 begin training
Edge 3 begin training
readyList:
[7, 6, 8, 0, 2, 5, 1, 4, 9, 3]
aggregation_buffer:
[7, 6, 8, 0, 2]
train global classifier
train glclassifier time: 3.8380776224657893
global classifier accuracy in train virtual: 93.4875
end Update
server_global_time: 52.85376021124423
only_train_time: 598.7906518327072
tobetrained:
[7, 6, 8, 0, 2]
Edge 7 begin training
Edge 6 begin training
Edge 8 begin training
Edge 0 begin training
Edge 2 begin training
readyList:
[5, 1, 4, 9, 7, 6, 0, 8, 2, 3]
aggregation_buffer:
[5, 1, 4, 9, 7]
train global classifier
train glclassifier time: 3.6214080872014165
global classifier accuracy in train virtual: 93.8925
end Update
server_global_time: 57.1657702337578
only_train_time: 629.3067394858226
tobetrained:
[5, 1, 4, 9, 7]
Edge 5 begin training
Edge 1 begin training
Edge 4 begin training
Edge 9 begin training
Edge 7 begin training
readyList:
[6, 0, 8, 2, 3, 7, 1, 5, 9, 4]
aggregation_buffer:
[6, 0, 8, 2, 3]
train global classifier
train glclassifier time: 3.5476445108652115
global classifier accuracy in train virtual: 94.07
end Update
server_global_time: 58.993097057379785
only_train_time: 658.4215401532128
tobetrained:
[6, 0, 8, 2, 3]
Edge 6 begin training
Edge 0 begin training
Edge 8 begin training
Edge 2 begin training
Edge 3 begin training
readyList:
[7, 1, 5, 9, 4, 6, 0, 8, 2, 3]
aggregation_buffer:
[7, 1, 5, 9, 4]
train global classifier
train glclassifier time: 3.5986323785036802
global classifier accuracy in train virtual: 94.0975
end Update
server_global_time: 62.3111164540425
only_train_time: 694.3497573668137

-------------Global Round number: 20-------------

Evaluate heterogeneous models
Averaged Test Accuracy (Regular Model): 0.8678
Averaged Test Accuracy (Prototype Model): 0.8693
Averaged Train Loss (Regular Model): 0.3779
Averaged Train Loss (Regular + Proto): 0.4223
Std Test Accuracy (Regular Model): 0.0862
Std Test Accuracy (Prototype Model): 0.0830
tobetrained:
[7, 1, 5, 9, 4]
Edge 7 begin training
Edge 1 begin training
Edge 5 begin training
Edge 9 begin training
Edge 4 begin training
readyList:
[6, 0, 8, 2, 3, 5, 7, 1, 9, 4]
aggregation_buffer:
[6, 0, 8, 2, 3]
train global classifier
train glclassifier time: 3.5862153684720397
global classifier accuracy in train virtual: 93.9
end Update
server_global_time: 66.33174660660326
only_train_time: 722.577004079707
tobetrained:
[6, 0, 8, 2, 3]
Edge 6 begin training
Edge 0 begin training
Edge 8 begin training
Edge 2 begin training
Edge 3 begin training
readyList:
[5, 7, 1, 9, 4, 6, 0, 8, 2, 3]
aggregation_buffer:
[5, 7, 1, 9, 4]
train global classifier
train glclassifier time: 3.6878792382776737
global classifier accuracy in train virtual: 94.445
end Update
server_global_time: 67.33473606456072
only_train_time: 758.2191449170932
tobetrained:
[5, 7, 1, 9, 4]
Edge 5 begin training
Edge 7 begin training
Edge 1 begin training
Edge 9 begin training
Edge 4 begin training
readyList:
[6, 0, 8, 2, 7, 1, 5, 9, 4, 3]
aggregation_buffer:
[6, 0, 8, 2, 7]
train global classifier
train glclassifier time: 3.517780965194106
global classifier accuracy in train virtual: 94.5625
end Update
server_global_time: 71.59218689724803
only_train_time: 787.4803342875093
tobetrained:
[6, 0, 8, 2, 7]
Edge 6 begin training
Edge 0 begin training
Edge 8 begin training
Edge 2 begin training
Edge 7 begin training
readyList:
[1, 5, 9, 4, 3, 7, 6, 8, 2, 0]
aggregation_buffer:
[1, 5, 9, 4, 3]
train global classifier
train glclassifier time: 3.5959460018202662
global classifier accuracy in train virtual: 94.565
end Update
server_global_time: 74.02901691306381
only_train_time: 818.4451873227954
tobetrained:
[1, 5, 9, 4, 3]
Edge 1 begin training
Edge 5 begin training
Edge 9 begin training
Edge 4 begin training
Edge 3 begin training
readyList:
[7, 6, 8, 2, 0, 1, 5, 9, 4, 3]
aggregation_buffer:
[7, 6, 8, 2, 0]
train global classifier
train glclassifier time: 3.7738655293360353
global classifier accuracy in train virtual: 95.0725
end Update
server_global_time: 76.56277672097086
only_train_time: 852.5542327538133
tobetrained:
[7, 6, 8, 2, 0]
Edge 7 begin training
Edge 6 begin training
Edge 8 begin training
Edge 2 begin training
Edge 0 begin training
readyList:
[1, 5, 9, 4, 7, 6, 8, 3, 0, 2]
aggregation_buffer:
[1, 5, 9, 4, 7]
train global classifier
train glclassifier time: 3.9098897036165
global classifier accuracy in train virtual: 94.9475
end Update
server_global_time: 80.83183463342486
only_train_time: 882.9617021977901
tobetrained:
[1, 5, 9, 4, 7]
Edge 1 begin training
Edge 5 begin training
Edge 9 begin training
Edge 4 begin training
Edge 7 begin training
readyList:
[6, 8, 3, 0, 2, 7, 1, 5, 9, 4]
aggregation_buffer:
[6, 8, 3, 0, 2]
train global classifier
train glclassifier time: 3.777595260180533
global classifier accuracy in train virtual: 95.1725
end Update
server_global_time: 81.5544838631153
only_train_time: 912.2261964501813
tobetrained:
[6, 8, 3, 0, 2]
Edge 6 begin training
Edge 8 begin training
Edge 3 begin training
Edge 0 begin training
Edge 2 begin training
readyList:
[7, 1, 5, 9, 4, 6, 8, 2, 0, 3]
aggregation_buffer:
[7, 1, 5, 9, 4]
train global classifier
train glclassifier time: 3.834992939606309
global classifier accuracy in train virtual: 95.3925
end Update
server_global_time: 86.03254442963747
only_train_time: 947.2563182236627
tobetrained:
[7, 1, 5, 9, 4]
Edge 7 begin training
Edge 1 begin training
Edge 5 begin training
Edge 9 begin training
Edge 4 begin training
readyList:
[6, 8, 2, 0, 3, 7, 1, 5, 9, 4]
aggregation_buffer:
[6, 8, 2, 0, 3]
train global classifier
train glclassifier time: 3.6999395983293653
global classifier accuracy in train virtual: 95.54
end Update
server_global_time: 89.02405695825813
only_train_time: 977.8498503630981
tobetrained:
[6, 8, 2, 0, 3]
Edge 6 begin training
Edge 8 begin training
Edge 2 begin training
Edge 0 begin training
Edge 3 begin training
readyList:
[7, 1, 5, 9, 4, 6, 8, 2, 0, 3]
aggregation_buffer:
[7, 1, 5, 9, 4]
train global classifier
train glclassifier time: 3.4595459513366222
global classifier accuracy in train virtual: 95.5175
end Update
server_global_time: 91.47641026221213
only_train_time: 1011.66276385542

-------------Global Round number: 30-------------

Evaluate heterogeneous models
Averaged Test Accuracy (Regular Model): 0.8864
Averaged Test Accuracy (Prototype Model): 0.8868
Averaged Train Loss (Regular Model): 0.3138
Averaged Train Loss (Regular + Proto): 0.3566
Std Test Accuracy (Regular Model): 0.0758
Std Test Accuracy (Prototype Model): 0.0747
tobetrained:
[7, 1, 5, 9, 4]
Edge 7 begin training
Edge 1 begin training
Edge 5 begin training
Edge 9 begin training
Edge 4 begin training
readyList:
[6, 8, 2, 0, 7, 1, 5, 9, 4, 3]
aggregation_buffer:
[6, 8, 2, 0, 7]
train global classifier
train glclassifier time: 3.4375386042520404
global classifier accuracy in train virtual: 95.39
end Update
server_global_time: 95.83146676570173
only_train_time: 1040.3268181420863
tobetrained:
[6, 8, 2, 0, 7]
Edge 6 begin training
Edge 8 begin training
Edge 2 begin training
Edge 0 begin training
Edge 7 begin training
readyList:
[1, 5, 9, 4, 3, 7, 6, 8, 0, 2]
aggregation_buffer:
[1, 5, 9, 4, 3]
train global classifier
train glclassifier time: 3.481262749992311
global classifier accuracy in train virtual: 95.655
end Update
server_global_time: 96.57123921804127
only_train_time: 1069.5474597634748
tobetrained:
[1, 5, 9, 4, 3]
Edge 1 begin training
Edge 5 begin training
Edge 9 begin training
Edge 4 begin training
Edge 3 begin training
readyList:
[7, 6, 8, 0, 2, 1, 5, 4, 9, 3]
aggregation_buffer:
[7, 6, 8, 0, 2]
train global classifier
train glclassifier time: 3.4076674431562424
global classifier accuracy in train virtual: 95.645
end Update
server_global_time: 100.60743444345887
only_train_time: 1101.3420789539814
tobetrained:
[7, 6, 8, 0, 2]
Edge 7 begin training
Edge 6 begin training
Edge 8 begin training
Edge 0 begin training
Edge 2 begin training
readyList:
[1, 5, 4, 9, 3, 7, 6, 8, 0, 2]
aggregation_buffer:
[1, 5, 4, 9, 3]
train global classifier
train glclassifier time: 3.4874905962496996
global classifier accuracy in train virtual: 95.805
end Update
server_global_time: 103.3166507599875
only_train_time: 1130.418300954625
tobetrained:
[1, 5, 4, 9, 3]
Edge 1 begin training
Edge 5 begin training
Edge 4 begin training
Edge 9 begin training
Edge 3 begin training
readyList:
[7, 6, 8, 0, 2, 1, 5, 9, 4, 3]
aggregation_buffer:
[7, 6, 8, 0, 2]
train global classifier
train glclassifier time: 3.4607796976342797
global classifier accuracy in train virtual: 95.7175
end Update
server_global_time: 105.41245900183911
only_train_time: 1163.4904558118433
tobetrained:
[7, 6, 8, 0, 2]
Edge 7 begin training
Edge 6 begin training
Edge 8 begin training
Edge 0 begin training
Edge 2 begin training
readyList:
[1, 5, 9, 4, 7, 6, 8, 0, 3, 2]
aggregation_buffer:
[1, 5, 9, 4, 7]
train global classifier
train glclassifier time: 3.4252280155196786
global classifier accuracy in train virtual: 96.06
end Update
server_global_time: 109.55419656787062
only_train_time: 1195.6737828813493
tobetrained:
[1, 5, 9, 4, 7]
Edge 1 begin training
Edge 5 begin training
Edge 9 begin training
Edge 4 begin training
Edge 7 begin training
readyList:
[6, 8, 0, 3, 2, 7, 1, 5, 9, 4]
aggregation_buffer:
[6, 8, 0, 3, 2]
train global classifier
train glclassifier time: 3.4806936345994473
global classifier accuracy in train virtual: 96.155
end Update
server_global_time: 111.06560172852123
only_train_time: 1224.3920318363234
tobetrained:
[6, 8, 0, 3, 2]
Edge 6 begin training
Edge 8 begin training
Edge 0 begin training
Edge 3 begin training
Edge 2 begin training
readyList:
[7, 1, 5, 9, 4, 8, 2, 0, 6, 3]
aggregation_buffer:
[7, 1, 5, 9, 4]
train global classifier
train glclassifier time: 3.48410202935338
global classifier accuracy in train virtual: 96.0925
end Update
server_global_time: 114.82434213005
only_train_time: 1259.6225977763534
tobetrained:
[7, 1, 5, 9, 4]
Edge 7 begin training
Edge 1 begin training
Edge 5 begin training
Edge 9 begin training
Edge 4 begin training
readyList:
[8, 2, 0, 6, 3, 7, 5, 1, 4, 9]
aggregation_buffer:
[8, 2, 0, 6, 3]
train global classifier
train glclassifier time: 3.460411699488759
global classifier accuracy in train virtual: 96.2275
end Update
server_global_time: 118.39162727661424
only_train_time: 1288.013288659975
tobetrained:
[8, 2, 0, 6, 3]
Edge 8 begin training
Edge 2 begin training
Edge 0 begin training
Edge 6 begin training
Edge 3 begin training
readyList:
[7, 5, 1, 4, 9, 6, 2, 8, 0, 3]
aggregation_buffer:
[7, 5, 1, 4, 9]
train global classifier
train glclassifier time: 3.472716845571995
global classifier accuracy in train virtual: 96.3
end Update
server_global_time: 120.13622858561568
only_train_time: 1322.097430032678

-------------Global Round number: 40-------------

Evaluate heterogeneous models
Averaged Test Accuracy (Regular Model): 0.8838
Averaged Test Accuracy (Prototype Model): 0.8841
Averaged Train Loss (Regular Model): 0.2817
Averaged Train Loss (Regular + Proto): 0.3239
Std Test Accuracy (Regular Model): 0.0867
Std Test Accuracy (Prototype Model): 0.0850
tobetrained:
[7, 5, 1, 4, 9]
Edge 7 begin training
Edge 5 begin training
Edge 1 begin training
Edge 4 begin training
Edge 9 begin training
readyList:
[6, 2, 8, 0, 7, 1, 5, 9, 4, 3]
aggregation_buffer:
[6, 2, 8, 0, 7]
train global classifier
train glclassifier time: 3.4946907460689545
global classifier accuracy in train virtual: 96.18
end Update
server_global_time: 124.3351079669594
only_train_time: 1350.6518032066524
tobetrained:
[6, 2, 8, 0, 7]
Edge 6 begin training
Edge 2 begin training
Edge 8 begin training
Edge 0 begin training
Edge 7 begin training
readyList:
[1, 5, 9, 4, 3, 7, 6, 8, 0, 2]
aggregation_buffer:
[1, 5, 9, 4, 3]
train global classifier
train glclassifier time: 3.4263765858486295
global classifier accuracy in train virtual: 96.56
end Update
server_global_time: 125.7392119355499
only_train_time: 1380.3648200938478
tobetrained:
[1, 5, 9, 4, 3]
Edge 1 begin training
Edge 5 begin training
Edge 9 begin training
Edge 4 begin training
Edge 3 begin training
readyList:
[7, 6, 8, 0, 2, 1, 5, 9, 4, 3]
aggregation_buffer:
[7, 6, 8, 0, 2]
train global classifier
train glclassifier time: 3.450202335603535
global classifier accuracy in train virtual: 96.51
end Update
server_global_time: 129.41028014976524
only_train_time: 1413.1500348076224
tobetrained:
[7, 6, 8, 0, 2]
Edge 7 begin training
Edge 6 begin training
Edge 8 begin training
Edge 0 begin training
Edge 2 begin training
readyList:
[1, 5, 9, 4, 3, 7, 6, 8, 2, 0]
aggregation_buffer:
[1, 5, 9, 4, 3]
train global classifier
train glclassifier time: 3.307209919206798
global classifier accuracy in train virtual: 96.3
end Update
server_global_time: 133.030353876464
only_train_time: 1442.7087988248095
tobetrained:
[1, 5, 9, 4, 3]
Edge 1 begin training
Edge 5 begin training
Edge 9 begin training
Edge 4 begin training
Edge 3 begin training
readyList:
[7, 6, 8, 2, 0, 1, 5, 9, 4, 3]
aggregation_buffer:
[7, 6, 8, 2, 0]
train global classifier
train glclassifier time: 3.6737509658560157
global classifier accuracy in train virtual: 96.255
end Update
server_global_time: 134.2331668809428
only_train_time: 1475.6052251383662
tobetrained:
[7, 6, 8, 2, 0]
Edge 7 begin training
Edge 6 begin training
Edge 8 begin training
Edge 2 begin training
Edge 0 begin training
readyList:
[1, 5, 9, 4, 7, 6, 8, 2, 0, 3]
aggregation_buffer:
[1, 5, 9, 4, 7]
train global classifier
train glclassifier time: 3.4795278320088983
global classifier accuracy in train virtual: 96.4675
end Update
server_global_time: 138.51633309826246
only_train_time: 1504.830190001987
tobetrained:
[1, 5, 9, 4, 7]
Edge 1 begin training
Edge 5 begin training
Edge 9 begin training
Edge 4 begin training
Edge 7 begin training
readyList:
[6, 8, 2, 0, 3, 7, 1, 5, 9, 4]
aggregation_buffer:
[6, 8, 2, 0, 3]
train global classifier
train glclassifier time: 3.470824232324958
global classifier accuracy in train virtual: 96.5525
end Update
server_global_time: 140.29110559947782
only_train_time: 1532.9748698668554
tobetrained:
[6, 8, 2, 0, 3]
Edge 6 begin training
Edge 8 begin training
Edge 2 begin training
Edge 0 begin training
Edge 3 begin training
readyList:
[7, 1, 5, 9, 4, 6, 8, 0, 2, 3]
aggregation_buffer:
[7, 1, 5, 9, 4]
train global classifier
train glclassifier time: 3.3582267249003053
global classifier accuracy in train virtual: 96.7325
end Update
server_global_time: 143.55191802456966
only_train_time: 1568.8199729947373
tobetrained:
[7, 1, 5, 9, 4]
Edge 7 begin training
Edge 1 begin training
Edge 5 begin training
Edge 9 begin training
Edge 4 begin training
readyList:
[6, 8, 0, 2, 7, 3, 5, 1, 9, 4]
aggregation_buffer:
[6, 8, 0, 2, 7]
train global classifier
train glclassifier time: 3.393474974669516
global classifier accuracy in train virtual: 96.775
end Update
server_global_time: 147.67481652468433
only_train_time: 1597.194606683217
tobetrained:
[6, 8, 0, 2, 7]
Edge 6 begin training
Edge 8 begin training
Edge 0 begin training
Edge 2 begin training
Edge 7 begin training
readyList:
[3, 5, 1, 9, 4, 7, 6, 8, 0, 2]
aggregation_buffer:
[3, 5, 1, 9, 4]
train global classifier
train glclassifier time: 3.5782265635207295
global classifier accuracy in train virtual: 96.6775
end Update
server_global_time: 148.53824811343094
only_train_time: 1626.8097353605554

-------------Global Round number: 50-------------

Evaluate heterogeneous models
Averaged Test Accuracy (Regular Model): 0.9033
Averaged Test Accuracy (Prototype Model): 0.9017
Averaged Train Loss (Regular Model): 0.2596
Averaged Train Loss (Regular + Proto): 0.3013
Std Test Accuracy (Regular Model): 0.0675
Std Test Accuracy (Prototype Model): 0.0679
tobetrained:
[3, 5, 1, 9, 4]
Edge 3 begin training
Edge 5 begin training
Edge 1 begin training
Edge 9 begin training
Edge 4 begin training
readyList:
[7, 6, 8, 0, 2, 5, 1, 9, 4, 3]
aggregation_buffer:
[7, 6, 8, 0, 2]
train global classifier
train glclassifier time: 4.282621688209474
global classifier accuracy in train virtual: 96.8825
end Update
server_global_time: 152.53361887089898
only_train_time: 1660.7818322964013
tobetrained:
[7, 6, 8, 0, 2]
Edge 7 begin training
Edge 6 begin training
Edge 8 begin training
Edge 0 begin training
Edge 2 begin training
readyList:
[5, 1, 9, 4, 3, 7, 6, 8, 0, 2]
aggregation_buffer:
[5, 1, 9, 4, 3]
train global classifier
train glclassifier time: 3.6711741974577308
global classifier accuracy in train virtual: 97.1075
end Update
server_global_time: 155.92388027790923
only_train_time: 1690.4249772792682
tobetrained:
[5, 1, 9, 4, 3]
Edge 5 begin training
Edge 1 begin training
Edge 9 begin training
Edge 4 begin training
Edge 3 begin training
readyList:
[7, 6, 8, 0, 2, 1, 5, 9, 4, 3]
aggregation_buffer:
[7, 6, 8, 0, 2]
train global classifier
train glclassifier time: 3.4678946994245052
global classifier accuracy in train virtual: 96.8075
end Update
server_global_time: 157.34715712949622
only_train_time: 1724.5453092362732
tobetrained:
[7, 6, 8, 0, 2]
Edge 7 begin training
Edge 6 begin training
Edge 8 begin training
Edge 0 begin training
Edge 2 begin training
readyList:
[1, 5, 9, 4, 7, 6, 8, 2, 0, 3]
aggregation_buffer:
[1, 5, 9, 4, 7]
train global classifier
train glclassifier time: 3.602982932701707
global classifier accuracy in train virtual: 97.0975
end Update
server_global_time: 161.55289542872447
only_train_time: 1753.9464531233534
tobetrained:
[1, 5, 9, 4, 7]
Edge 1 begin training
Edge 5 begin training
Edge 9 begin training
Edge 4 begin training
Edge 7 begin training
readyList:
[6, 8, 2, 0, 3, 7, 1, 5, 9, 4]
aggregation_buffer:
[6, 8, 2, 0, 3]
train global classifier
train glclassifier time: 3.7027410930022597
global classifier accuracy in train virtual: 97.21
end Update
server_global_time: 163.22793070361007
only_train_time: 1782.3692888468504
tobetrained:
[6, 8, 2, 0, 3]
Edge 6 begin training
Edge 8 begin training
Edge 2 begin training
Edge 0 begin training
Edge 3 begin training
readyList:
[7, 1, 5, 9, 4, 6, 8, 2, 0, 3]
aggregation_buffer:
[7, 1, 5, 9, 4]
train global classifier
train glclassifier time: 3.493532346561551
global classifier accuracy in train virtual: 97.1025
end Update
server_global_time: 166.57260016985225
only_train_time: 1816.6357351355255
tobetrained:
[7, 1, 5, 9, 4]
Edge 7 begin training
Edge 1 begin training
Edge 5 begin training
Edge 9 begin training
Edge 4 begin training
readyList:
[6, 8, 2, 0, 3, 7, 1, 5, 9, 4]
aggregation_buffer:
[6, 8, 2, 0, 3]
train global classifier
train glclassifier time: 3.637811795808375
global classifier accuracy in train virtual: 97.125
end Update
server_global_time: 170.49781462840724
only_train_time: 1845.2717843912542
tobetrained:
[6, 8, 2, 0, 3]
Edge 6 begin training
Edge 8 begin training
Edge 2 begin training
Edge 0 begin training
Edge 3 begin training
readyList:
[7, 1, 5, 9, 4, 6, 8, 0, 2, 3]
aggregation_buffer:
[7, 1, 5, 9, 4]
train global classifier
train glclassifier time: 3.408472544513643
global classifier accuracy in train virtual: 97.2475
end Update
server_global_time: 171.69856360133724
only_train_time: 1879.3845971757546
tobetrained:
[7, 1, 5, 9, 4]
Edge 7 begin training
Edge 1 begin training
Edge 5 begin training
Edge 9 begin training
Edge 4 begin training
readyList:
[6, 8, 0, 2, 7, 1, 5, 4, 9, 3]
aggregation_buffer:
[6, 8, 0, 2, 7]
train global classifier
train glclassifier time: 3.64590897411108
global classifier accuracy in train virtual: 97.265
end Update
server_global_time: 175.87768173418925
only_train_time: 1907.9253455027938
tobetrained:
[6, 8, 0, 2, 7]
Edge 6 begin training
Edge 8 begin training
Edge 0 begin training
Edge 2 begin training
Edge 7 begin training
readyList:
[1, 5, 4, 9, 3, 7, 6, 8, 2, 0]
aggregation_buffer:
[1, 5, 4, 9, 3]
train global classifier
train glclassifier time: 3.763513583689928
global classifier accuracy in train virtual: 97.1625
end Update
server_global_time: 178.24388072621065
only_train_time: 1937.3371495017782

-------------Global Round number: 60-------------

Evaluate heterogeneous models
Averaged Test Accuracy (Regular Model): 0.8989
Averaged Test Accuracy (Prototype Model): 0.9001
Averaged Train Loss (Regular Model): 0.2358
Averaged Train Loss (Regular + Proto): 0.2768
Std Test Accuracy (Regular Model): 0.0628
Std Test Accuracy (Prototype Model): 0.0621
tobetrained:
[1, 5, 4, 9, 3]
Edge 1 begin training
Edge 5 begin training
Edge 4 begin training
Edge 9 begin training
Edge 3 begin training
readyList:
[7, 6, 8, 2, 0, 1, 5, 9, 4, 3]
aggregation_buffer:
[7, 6, 8, 2, 0]
train global classifier
train glclassifier time: 3.565575278364122
global classifier accuracy in train virtual: 97.29
end Update
server_global_time: 180.67324902847395
only_train_time: 1970.5169570166618
tobetrained:
[7, 6, 8, 2, 0]
Edge 7 begin training
Edge 6 begin training
Edge 8 begin training
Edge 2 begin training
Edge 0 begin training
readyList:
[1, 5, 9, 4, 7, 6, 8, 0, 2, 3]
aggregation_buffer:
[1, 5, 9, 4, 7]
train global classifier
train glclassifier time: 3.4208214869722724
global classifier accuracy in train virtual: 97.3175
end Update
server_global_time: 184.8507358874379
only_train_time: 1999.725051854737
tobetrained:
[1, 5, 9, 4, 7]
Edge 1 begin training
Edge 5 begin training
Edge 9 begin training
Edge 4 begin training
Edge 7 begin training
readyList:
[6, 8, 0, 2, 3, 7, 1, 5, 9, 4]
aggregation_buffer:
[6, 8, 0, 2, 3]
train global classifier
train glclassifier time: 3.4484889870509505
global classifier accuracy in train virtual: 97.53
end Update
server_global_time: 185.59744798623012
only_train_time: 2028.0966536663473
tobetrained:
[6, 8, 0, 2, 3]
Edge 6 begin training
Edge 8 begin training
Edge 0 begin training
Edge 2 begin training
Edge 3 begin training
readyList:
[7, 1, 5, 9, 4, 6, 8, 2, 0, 3]
aggregation_buffer:
[7, 1, 5, 9, 4]
train global classifier
train glclassifier time: 3.516526226885617
global classifier accuracy in train virtual: 97.75
end Update
server_global_time: 189.9876030210404
only_train_time: 2061.9980011126027
tobetrained:
[7, 1, 5, 9, 4]
Edge 7 begin training
Edge 1 begin training
Edge 5 begin training
Edge 9 begin training
Edge 4 begin training
readyList:
[6, 8, 2, 0, 3, 7, 1, 5, 9, 4]
aggregation_buffer:
[6, 8, 2, 0, 3]
train global classifier
train glclassifier time: 3.4010704597458243
global classifier accuracy in train virtual: 97.6475
end Update
server_global_time: 192.8873140738903
only_train_time: 2090.4581446209922
tobetrained:
[6, 8, 2, 0, 3]
Edge 6 begin training
Edge 8 begin training
Edge 2 begin training
Edge 0 begin training
Edge 3 begin training
readyList:
[7, 1, 5, 9, 4, 6, 8, 0, 2, 3]
aggregation_buffer:
[7, 1, 5, 9, 4]
train global classifier
train glclassifier time: 3.48703143466264
global classifier accuracy in train virtual: 97.69
end Update
server_global_time: 195.0059847048296
only_train_time: 2124.590618093498
tobetrained:
[7, 1, 5, 9, 4]
Edge 7 begin training
Edge 1 begin training
Edge 5 begin training
Edge 9 begin training
Edge 4 begin training
readyList:
[6, 8, 0, 2, 7, 1, 5, 9, 4, 3]
aggregation_buffer:
[6, 8, 0, 2, 7]
train global classifier
train glclassifier time: 3.3292413922026753
global classifier accuracy in train virtual: 97.7125
end Update
server_global_time: 199.1493476513399
only_train_time: 2153.2535197427496
tobetrained:
[6, 8, 0, 2, 7]
Edge 6 begin training
Edge 8 begin training
Edge 0 begin training
Edge 2 begin training
Edge 7 begin training
readyList:
[1, 5, 9, 4, 3, 7, 6, 8, 0, 2]
aggregation_buffer:
[1, 5, 9, 4, 3]
train global classifier
train glclassifier time: 3.330390722490847
global classifier accuracy in train virtual: 97.585
end Update
server_global_time: 200.16816401652977
only_train_time: 2183.5393872000277
tobetrained:
[1, 5, 9, 4, 3]
Edge 1 begin training
Edge 5 begin training
Edge 9 begin training
Edge 4 begin training
Edge 3 begin training
readyList:
[7, 6, 8, 0, 2, 1, 5, 9, 4, 3]
aggregation_buffer:
[7, 6, 8, 0, 2]
train global classifier
train glclassifier time: 3.468363795429468
global classifier accuracy in train virtual: 97.7425
end Update
server_global_time: 204.3194378905369
only_train_time: 2217.0843421006575
tobetrained:
[7, 6, 8, 0, 2]
Edge 7 begin training
Edge 6 begin training
Edge 8 begin training
Edge 0 begin training
Edge 2 begin training
readyList:
[1, 5, 9, 4, 3, 7, 6, 8, 2, 0]
aggregation_buffer:
[1, 5, 9, 4, 3]
train global classifier
train glclassifier time: 3.4981372142210603
global classifier accuracy in train virtual: 97.605
end Update
server_global_time: 207.53199137236908
only_train_time: 2247.0069700190797

-------------Global Round number: 70-------------

Evaluate heterogeneous models
Averaged Test Accuracy (Regular Model): 0.9099
Averaged Test Accuracy (Prototype Model): 0.9096
Averaged Train Loss (Regular Model): 0.2092
Averaged Train Loss (Regular + Proto): 0.2491
Std Test Accuracy (Regular Model): 0.0577
Std Test Accuracy (Prototype Model): 0.0596
tobetrained:
[1, 5, 9, 4, 3]
Edge 1 begin training
Edge 5 begin training
Edge 9 begin training
Edge 4 begin training
Edge 3 begin training
readyList:
[7, 6, 8, 2, 0, 5, 1, 9, 4, 3]
aggregation_buffer:
[7, 6, 8, 2, 0]
train global classifier
train glclassifier time: 3.6898693973198533
global classifier accuracy in train virtual: 97.81
end Update
server_global_time: 209.1494689815862
only_train_time: 2341.4579255552962
tobetrained:
[7, 6, 8, 2, 0]
Edge 7 begin training
Edge 6 begin training
Edge 8 begin training
Edge 2 begin training
Edge 0 begin training
readyList:
[6, 7, 8, 2, 0, 5, 1, 9, 4, 3]
aggregation_buffer:
[6, 7, 8, 2, 0]
train global classifier
train glclassifier time: 3.530420320108533
global classifier accuracy in train virtual: 97.5575
end Update
server_global_time: 214.46206791475396
only_train_time: 2373.6389986611903
tobetrained:
[6, 7, 8, 2, 0]
Edge 6 begin training
Edge 7 begin training
Edge 8 begin training
Edge 2 begin training
Edge 0 begin training
readyList:
[5, 1, 9, 4, 7, 6, 0, 2, 8, 3]
aggregation_buffer:
[5, 1, 9, 4, 7]
train global classifier
train glclassifier time: 3.659377316944301
global classifier accuracy in train virtual: 97.615
end Update
server_global_time: 218.77364792328308
only_train_time: 2405.7585907420143
tobetrained:
[5, 1, 9, 4, 7]
Edge 5 begin training
Edge 1 begin training
Edge 9 begin training
Edge 4 begin training
Edge 7 begin training
readyList:
[6, 0, 2, 8, 3, 7, 1, 5, 9, 4]
aggregation_buffer:
[6, 0, 2, 8, 3]
train global classifier
train glclassifier time: 3.5764280147850513
global classifier accuracy in train virtual: 97.86
end Update
server_global_time: 222.16162205785497
only_train_time: 2435.076612339355
tobetrained:
[6, 0, 2, 8, 3]
Edge 6 begin training
Edge 0 begin training
Edge 2 begin training
Edge 8 begin training
Edge 3 begin training
readyList:
[7, 1, 5, 9, 4, 6, 8, 0, 2, 3]
aggregation_buffer:
[7, 1, 5, 9, 4]
train global classifier
train glclassifier time: 3.496805714443326
global classifier accuracy in train virtual: 97.95
end Update
server_global_time: 223.89916982870528
only_train_time: 2471.6240989184007
tobetrained:
[7, 1, 5, 9, 4]
Edge 7 begin training
Edge 1 begin training
Edge 5 begin training
Edge 9 begin training
Edge 4 begin training
readyList:
[6, 8, 0, 7, 2, 1, 5, 9, 4, 3]
aggregation_buffer:
[6, 8, 0, 7, 2]
train global classifier
train glclassifier time: 3.4175240490585566
global classifier accuracy in train virtual: 97.8525
end Update
server_global_time: 228.29669449839724
only_train_time: 2500.653203815222
tobetrained:
[6, 8, 0, 7, 2]
Edge 6 begin training
Edge 8 begin training
Edge 0 begin training
Edge 7 begin training
Edge 2 begin training
readyList:
[1, 5, 9, 4, 3, 7, 6, 2, 8, 0]
aggregation_buffer:
[1, 5, 9, 4, 3]
train global classifier
train glclassifier time: 3.6018147319555283
global classifier accuracy in train virtual: 97.92
end Update
server_global_time: 229.4915367773546
only_train_time: 2531.975756161846
tobetrained:
[1, 5, 9, 4, 3]
Edge 1 begin training
Edge 5 begin training
Edge 9 begin training
Edge 4 begin training
Edge 3 begin training
readyList:
[7, 6, 2, 8, 0, 1, 5, 9, 4, 3]
aggregation_buffer:
[7, 6, 2, 8, 0]
train global classifier
train glclassifier time: 3.450241389684379
global classifier accuracy in train virtual: 97.8875
end Update
server_global_time: 233.45246458012593
only_train_time: 2565.83750768099
tobetrained:
[7, 6, 2, 8, 0]
Edge 7 begin training
Edge 6 begin training
Edge 2 begin training
Edge 8 begin training
Edge 0 begin training
readyList:
[1, 5, 9, 4, 3, 7, 6, 8, 0, 2]
aggregation_buffer:
[1, 5, 9, 4, 3]
train global classifier
train glclassifier time: 3.4735125126317143
global classifier accuracy in train virtual: 98.0625
end Update
server_global_time: 236.86420923430455
only_train_time: 2595.035015535541
tobetrained:
[1, 5, 9, 4, 3]
Edge 1 begin training
Edge 5 begin training
Edge 9 begin training
Edge 4 begin training
Edge 3 begin training
readyList:
[7, 6, 8, 0, 2, 5, 1, 9, 4, 3]
aggregation_buffer:
[7, 6, 8, 0, 2]
train global classifier
train glclassifier time: 3.4606356425210834
global classifier accuracy in train virtual: 98.0875
end Update
server_global_time: 238.37426760442537
only_train_time: 2628.859014665708

-------------Global Round number: 80-------------

Evaluate heterogeneous models
Averaged Test Accuracy (Regular Model): 0.9127
Averaged Test Accuracy (Prototype Model): 0.9113
Averaged Train Loss (Regular Model): 0.1955
Averaged Train Loss (Regular + Proto): 0.2354
Std Test Accuracy (Regular Model): 0.0604
Std Test Accuracy (Prototype Model): 0.0602
tobetrained:
[7, 6, 8, 0, 2]
Edge 7 begin training
Edge 6 begin training
Edge 8 begin training
Edge 0 begin training
Edge 2 begin training
readyList:
[5, 1, 9, 4, 7, 6, 8, 2, 0, 3]
aggregation_buffer:
[5, 1, 9, 4, 7]
train global classifier
train glclassifier time: 3.7395512107759714
global classifier accuracy in train virtual: 98.0
end Update
server_global_time: 242.6608028765021
only_train_time: 2659.2024019341916
tobetrained:
[5, 1, 9, 4, 7]
Edge 5 begin training
Edge 1 begin training
Edge 9 begin training
Edge 4 begin training
Edge 7 begin training
readyList:
[6, 8, 2, 0, 3, 7, 1, 5, 9, 4]
aggregation_buffer:
[6, 8, 2, 0, 3]
train global classifier
train glclassifier time: 3.8081244556233287
global classifier accuracy in train virtual: 98.1375
end Update
server_global_time: 244.21133478566986
only_train_time: 2688.0281930593774
tobetrained:
[6, 8, 2, 0, 3]
Edge 6 begin training
Edge 8 begin training
Edge 2 begin training
Edge 0 begin training
Edge 3 begin training
readyList:
[7, 1, 5, 9, 4, 6, 8, 2, 0, 3]
aggregation_buffer:
[7, 1, 5, 9, 4]
train global classifier
train glclassifier time: 8.179447580128908
global classifier accuracy in train virtual: 98.0
end Update
server_global_time: 247.72521342858653
only_train_time: 2742.432038650848
tobetrained:
[7, 1, 5, 9, 4]
Edge 7 begin training
Edge 1 begin training
Edge 5 begin training
Edge 9 begin training
Edge 4 begin training
readyList:
[6, 8, 2, 0, 9, 4, 5, 1, 7, 3]
aggregation_buffer:
[6, 8, 2, 0, 9]
train global classifier
train glclassifier time: 3.47951490432024
global classifier accuracy in train virtual: 98.1875
end Update
server_global_time: 252.6808584009109
only_train_time: 2790.662194318138
tobetrained:
[6, 8, 2, 0, 9]
Edge 6 begin training
Edge 8 begin training
Edge 2 begin training
Edge 0 begin training
Edge 9 begin training
readyList:
[4, 5, 1, 7, 6, 8, 0, 2, 9, 3]
aggregation_buffer:
[4, 5, 1, 7, 6]
train global classifier
train glclassifier time: 3.4481075489893556
global classifier accuracy in train virtual: 97.88
end Update
server_global_time: 257.26336184978464
only_train_time: 2822.7241416145116
tobetrained:
[4, 5, 1, 7, 6]
Edge 4 begin training
Edge 5 begin training
Edge 1 begin training
Edge 7 begin training
Edge 6 begin training
readyList:
[8, 0, 2, 9, 3, 7, 1, 6, 5, 4]
aggregation_buffer:
[8, 0, 2, 9, 3]
train global classifier
train glclassifier time: 3.617741650901735
global classifier accuracy in train virtual: 98.0975
end Update
server_global_time: 260.61605295717703
only_train_time: 2852.0080111613497
tobetrained:
[8, 0, 2, 9, 3]
Edge 8 begin training
Edge 0 begin training
Edge 2 begin training
Edge 9 begin training
Edge 3 begin training
readyList:
[7, 1, 6, 5, 4, 8, 0, 2, 9, 3]
aggregation_buffer:
[7, 1, 6, 5, 4]
train global classifier
train glclassifier time: 3.49641793128103
global classifier accuracy in train virtual: 98.29
end Update
server_global_time: 262.6727768142147
only_train_time: 2887.303165614605
tobetrained:
[7, 1, 6, 5, 4]
Edge 7 begin training
Edge 1 begin training
Edge 6 begin training
Edge 5 begin training
Edge 4 begin training
readyList:
[8, 0, 2, 9, 7, 1, 6, 5, 4, 3]
aggregation_buffer:
[8, 0, 2, 9, 7]
train global classifier
train glclassifier time: 3.4596054293215275
global classifier accuracy in train virtual: 98.215
end Update
server_global_time: 266.8820670538767
only_train_time: 2916.798133775592
tobetrained:
[8, 0, 2, 9, 7]
Edge 8 begin training
Edge 0 begin training
Edge 2 begin training
Edge 9 begin training
Edge 7 begin training
readyList:
[1, 6, 5, 4, 3, 7, 8, 0, 2, 9]
aggregation_buffer:
[1, 6, 5, 4, 3]
train global classifier
train glclassifier time: 3.517276314087212
global classifier accuracy in train virtual: 98.335
end Update
server_global_time: 267.9862383367493
only_train_time: 2948.289867596701
tobetrained:
[1, 6, 5, 4, 3]
Edge 1 begin training
Edge 6 begin training
Edge 5 begin training
Edge 4 begin training
Edge 3 begin training
readyList:
[7, 8, 0, 2, 9, 1, 5, 6, 4, 3]
aggregation_buffer:
[7, 8, 0, 2, 9]
train global classifier
