==================================================
goal = test
device = cuda
device_id = 0
dataset = Cifar10_dir_0.3_imbalance_40
num_classes = 10
model_family = HtFE8
batch_size = 256
num_workers = 0
local_learning_rate = 0.06
use_decay_scheduler = False
learning_rate_decay = False
learning_rate_decay_gamma = 0.99
global_rounds = 200
edge_epochs = 1
local_epochs = 5
algorithm = FedGen
join_ratio = 1.0
random_join_ratio = False
num_clients = 40
num_edges = 10
prev = 0
times = 1
eval_gap = 1
save_folder_name = temp
auto_break = False
feature_dim = 64
vocab_size = 98635
max_len = 200
client_drop_rate = 0.0
train_slow_rate = 0.0
send_slow_rate = 0.0
time_select = False
time_threthold = 10000
optimizer = SGD
lamda = 1.0
weight_decay = 0
trans_delay_simulate = False
momentum = 0.8
agg_type = 0
buffersize = 10
gl_use_clients = 1
test_useglclassifier = 1
gamma = 1
drawtsne = 1
drawround = 20
noise_dim = 512
generator_learning_rate = 0.0001
hidden_dim = 512
server_epochs = 100
alpha = 1.0
beta = 1.0
mentee_learning_rate = 0.005
T_start = 0.95
T_end = 0.98
server_learning_rate = 0.01
margin_threthold = 100.0
generator_path = stylegan/stylegan-xl-models/imagenet64.pkl
stable_diffusion_prompt = a cat
server_batch_size = 100
gen_batch_size = 4
mu = 50.0
==================================================
Random seed set as 42

============= Running time: 0th =============
Creating server and clients ...
FedAvgCNN(in_features=3, num_classes=args.num_classes, dim=1600)
torchvision.models.googlenet(pretrained=False, aux_logits=False, num_classes=args.num_classes)
mobilenet_v2(pretrained=False, num_classes=args.num_classes)
torchvision.models.resnet18(pretrained=False, num_classes=args.num_classes)
torchvision.models.resnet34(pretrained=False, num_classes=args.num_classes)
torchvision.models.resnet50(pretrained=False, num_classes=args.num_classes)
torchvision.models.resnet101(pretrained=False, num_classes=args.num_classes)
torchvision.models.resnet152(pretrained=False, num_classes=args.num_classes)
FedAvgCNN(in_features=3, num_classes=args.num_classes, dim=1600) model chosen!
id 0
label_counts: defaultdict(<class 'int'>, {3: 400, 4: 179, 7: 347, 6: 87, 8: 41, 1: 47, 9: 2, 0: 2, 5: 2, 2: 1})
torchvision.models.googlenet(pretrained=False, aux_logits=False, num_classes=args.num_classes) model chosen!
id 1
label_counts: defaultdict(<class 'int'>, {4: 327, 2: 855, 0: 5, 3: 3})
mobilenet_v2(pretrained=False, num_classes=args.num_classes) model chosen!
id 2
label_counts: defaultdict(<class 'int'>, {8: 162, 5: 141, 4: 177, 0: 23, 6: 36, 2: 95, 7: 49, 9: 71, 3: 2, 1: 9})
torchvision.models.resnet18(pretrained=False, num_classes=args.num_classes) model chosen!
id 3
label_counts: defaultdict(<class 'int'>, {7: 415, 9: 347, 5: 394, 4: 88, 0: 3, 8: 32, 2: 15})
torchvision.models.resnet34(pretrained=False, num_classes=args.num_classes) model chosen!
id 4
label_counts: defaultdict(<class 'int'>, {2: 591, 7: 30, 5: 234, 3: 83, 8: 172, 4: 18, 0: 18, 1: 3})
torchvision.models.resnet50(pretrained=False, num_classes=args.num_classes) model chosen!
id 5
label_counts: defaultdict(<class 'int'>, {0: 841, 5: 565, 3: 35, 1: 70})
torchvision.models.resnet101(pretrained=False, num_classes=args.num_classes) model chosen!
id 6
label_counts: defaultdict(<class 'int'>, {6: 154, 3: 381, 8: 143, 0: 93, 9: 43, 4: 2, 1: 15, 7: 1, 2: 1})
torchvision.models.resnet152(pretrained=False, num_classes=args.num_classes) model chosen!
id 7
label_counts: defaultdict(<class 'int'>, {9: 1519, 4: 349, 2: 76, 3: 115, 0: 78, 7: 79, 5: 29, 1: 6, 6: 1})
FedAvgCNN(in_features=3, num_classes=args.num_classes, dim=1600) model chosen!
id 8
label_counts: defaultdict(<class 'int'>, {8: 161, 2: 115, 7: 92, 4: 425, 3: 83, 6: 5, 9: 10, 1: 15, 5: 2, 0: 4})
torchvision.models.googlenet(pretrained=False, aux_logits=False, num_classes=args.num_classes) model chosen!
id 9
label_counts: defaultdict(<class 'int'>, {2: 80, 5: 7, 7: 286, 1: 64, 4: 95, 9: 28, 3: 14, 0: 7})
mobilenet_v2(pretrained=False, num_classes=args.num_classes) model chosen!
id 10
label_counts: defaultdict(<class 'int'>, {0: 830, 8: 906, 4: 108, 1: 17, 3: 11, 2: 10, 6: 6, 5: 5})
torchvision.models.resnet18(pretrained=False, num_classes=args.num_classes) model chosen!
id 11
label_counts: defaultdict(<class 'int'>, {2: 238, 8: 208, 1: 227, 9: 48, 7: 8, 3: 16, 4: 1, 6: 2, 5: 2})
torchvision.models.resnet34(pretrained=False, num_classes=args.num_classes) model chosen!
id 12
label_counts: defaultdict(<class 'int'>, {6: 681, 4: 354, 3: 4, 1: 47, 5: 1, 0: 50, 2: 2})
torchvision.models.resnet50(pretrained=False, num_classes=args.num_classes) model chosen!
id 13
label_counts: defaultdict(<class 'int'>, {0: 464, 2: 271, 1: 67, 6: 426, 3: 90, 4: 10})
torchvision.models.resnet101(pretrained=False, num_classes=args.num_classes) model chosen!
id 14
label_counts: defaultdict(<class 'int'>, {5: 746, 1: 509, 4: 104, 0: 30, 3: 17, 2: 1})
torchvision.models.resnet152(pretrained=False, num_classes=args.num_classes) model chosen!
id 15
label_counts: defaultdict(<class 'int'>, {2: 843, 4: 973, 0: 75, 3: 45, 1: 155})
FedAvgCNN(in_features=3, num_classes=args.num_classes, dim=1600) model chosen!
id 16
label_counts: defaultdict(<class 'int'>, {3: 448, 6: 120, 9: 202, 8: 77, 5: 71, 4: 43, 1: 2, 0: 8})
torchvision.models.googlenet(pretrained=False, aux_logits=False, num_classes=args.num_classes) model chosen!
id 17
label_counts: defaultdict(<class 'int'>, {7: 978, 4: 48, 3: 84, 2: 130, 6: 42, 0: 8, 5: 9})
mobilenet_v2(pretrained=False, num_classes=args.num_classes) model chosen!
id 18
label_counts: defaultdict(<class 'int'>, {1: 196, 6: 3, 0: 260, 5: 179, 8: 51, 4: 82, 7: 8, 3: 53, 2: 2})
torchvision.models.resnet18(pretrained=False, num_classes=args.num_classes) model chosen!
id 19
label_counts: defaultdict(<class 'int'>, {1: 456, 8: 150, 9: 86, 5: 56, 7: 10, 3: 7, 2: 46, 6: 20})
torchvision.models.resnet34(pretrained=False, num_classes=args.num_classes) model chosen!
id 20
label_counts: defaultdict(<class 'int'>, {6: 242, 8: 358, 0: 218, 7: 24, 3: 362, 4: 48, 2: 17, 5: 6})
torchvision.models.resnet50(pretrained=False, num_classes=args.num_classes) model chosen!
id 21
label_counts: defaultdict(<class 'int'>, {0: 436, 1: 276, 2: 72, 8: 33, 5: 44, 3: 93, 4: 131, 9: 2, 6: 2})
torchvision.models.resnet101(pretrained=False, num_classes=args.num_classes) model chosen!
id 22
label_counts: defaultdict(<class 'int'>, {1: 82, 6: 159, 3: 97, 8: 459, 9: 131, 7: 22, 5: 64, 4: 2, 2: 1})
torchvision.models.resnet152(pretrained=False, num_classes=args.num_classes) model chosen!
id 23
label_counts: defaultdict(<class 'int'>, {3: 373, 1: 205, 2: 510, 0: 170})
FedAvgCNN(in_features=3, num_classes=args.num_classes, dim=1600) model chosen!
id 24
label_counts: defaultdict(<class 'int'>, {8: 68, 7: 407, 4: 111, 9: 44, 6: 231, 1: 151, 2: 21, 3: 19, 0: 4})
torchvision.models.googlenet(pretrained=False, aux_logits=False, num_classes=args.num_classes) model chosen!
id 25
label_counts: defaultdict(<class 'int'>, {1: 353, 5: 197, 7: 336, 4: 100, 6: 83, 3: 29, 8: 3, 2: 11, 9: 2, 0: 2})
mobilenet_v2(pretrained=False, num_classes=args.num_classes) model chosen!
id 26
label_counts: defaultdict(<class 'int'>, {0: 276, 9: 885, 1: 18, 3: 116, 8: 57, 5: 59, 4: 3, 6: 2})
torchvision.models.resnet18(pretrained=False, num_classes=args.num_classes) model chosen!
id 27
label_counts: defaultdict(<class 'int'>, {6: 360, 5: 140, 1: 24, 9: 54, 4: 28, 2: 15, 3: 12})
torchvision.models.resnet34(pretrained=False, num_classes=args.num_classes) model chosen!
id 28
label_counts: defaultdict(<class 'int'>, {5: 486, 0: 87, 7: 29, 4: 71, 1: 148, 8: 31, 6: 12, 3: 1, 2: 2})
torchvision.models.resnet50(pretrained=False, num_classes=args.num_classes) model chosen!
id 29
label_counts: defaultdict(<class 'int'>, {7: 932, 5: 380, 4: 10, 1: 46, 6: 48, 3: 54, 2: 10})
torchvision.models.resnet101(pretrained=False, num_classes=args.num_classes) model chosen!
id 30
label_counts: defaultdict(<class 'int'>, {6: 555, 0: 95, 3: 724, 5: 89, 2: 19, 4: 8, 1: 1})
torchvision.models.resnet152(pretrained=False, num_classes=args.num_classes) model chosen!
id 31
label_counts: defaultdict(<class 'int'>, {0: 185, 9: 201, 4: 61, 7: 52, 1: 130, 3: 7, 5: 41, 2: 12, 6: 65})
FedAvgCNN(in_features=3, num_classes=args.num_classes, dim=1600) model chosen!
id 32
label_counts: defaultdict(<class 'int'>, {5: 339, 1: 9, 0: 33, 9: 53, 8: 81, 2: 65, 6: 11, 3: 3, 7: 1})
torchvision.models.googlenet(pretrained=False, aux_logits=False, num_classes=args.num_classes) model chosen!
id 33
label_counts: defaultdict(<class 'int'>, {6: 249, 1: 688, 8: 63, 4: 82, 7: 39, 2: 2, 0: 10, 5: 32})
mobilenet_v2(pretrained=False, num_classes=args.num_classes) model chosen!
id 34
label_counts: defaultdict(<class 'int'>, {1: 196, 8: 782, 3: 124, 4: 26, 2: 5, 6: 180, 7: 25})
torchvision.models.resnet18(pretrained=False, num_classes=args.num_classes) model chosen!
id 35
label_counts: defaultdict(<class 'int'>, {9: 362, 7: 151, 2: 255, 3: 64, 6: 20, 1: 7, 0: 69, 8: 12, 4: 8})
torchvision.models.resnet34(pretrained=False, num_classes=args.num_classes) model chosen!
id 36
label_counts: defaultdict(<class 'int'>, {8: 159, 5: 152, 4: 109, 9: 83, 1: 70, 2: 15, 7: 10, 0: 1})
torchvision.models.resnet50(pretrained=False, num_classes=args.num_classes) model chosen!
id 37
label_counts: defaultdict(<class 'int'>, {6: 519, 4: 82, 3: 58, 0: 116, 1: 171, 9: 20, 2: 10, 7: 10, 5: 16})
torchvision.models.resnet101(pretrained=False, num_classes=args.num_classes) model chosen!
id 38
label_counts: defaultdict(<class 'int'>, {6: 156, 7: 141, 3: 111, 2: 125, 8: 27, 5: 29, 9: 20, 1: 29, 0: 6})
torchvision.models.resnet152(pretrained=False, num_classes=args.num_classes) model chosen!
id 39
label_counts: defaultdict(<class 'int'>, {3: 345, 8: 216, 4: 217, 9: 312, 2: 1, 5: 5, 7: 4, 0: 3, 1: 1})

Join ratio / total clients: 1.0 / 40
Finished creating server and clients.
------------------------- time cost ------------------------- 130.0543966293335

-------------Round number: 0-------------

Evaluate heterogeneous models
Averaged Test Accuracy (Regular Model): 0.4971
Averaged Train Loss (Regular Model): 1.0930
Averaged Test AUC: 0.8673
Std Test Accurancy: 0.1641
Std Test AUC: 0.0678
------------------------- time cost ------------------------- 131.0697901248932

-------------Round number: 1-------------

Evaluate heterogeneous models
Averaged Test Accuracy (Regular Model): 0.5742
Averaged Train Loss (Regular Model): 0.8205
Averaged Test AUC: 0.9001
Std Test Accurancy: 0.1367
Std Test AUC: 0.0567
------------------------- time cost ------------------------- 129.24220442771912

-------------Round number: 2-------------

Evaluate heterogeneous models
Averaged Test Accuracy (Regular Model): 0.5883
Averaged Train Loss (Regular Model): 0.6253
Averaged Test AUC: 0.9017
Std Test Accurancy: 0.1164
Std Test AUC: 0.0534
------------------------- time cost ------------------------- 129.15495204925537

-------------Round number: 3-------------

Evaluate heterogeneous models
Averaged Test Accuracy (Regular Model): 0.6027
Averaged Train Loss (Regular Model): 0.4715
Averaged Test AUC: 0.8984
Std Test Accurancy: 0.1204
Std Test AUC: 0.0590
------------------------- time cost ------------------------- 130.3734164237976

-------------Round number: 4-------------

Evaluate heterogeneous models
Averaged Test Accuracy (Regular Model): 0.6201
Averaged Train Loss (Regular Model): 0.3507
Averaged Test AUC: 0.8920
Std Test Accurancy: 0.1056
Std Test AUC: 0.0473
------------------------- time cost ------------------------- 128.32596683502197

-------------Round number: 5-------------

Evaluate heterogeneous models
Averaged Test Accuracy (Regular Model): 0.6249
Averaged Train Loss (Regular Model): 0.2744
Averaged Test AUC: 0.8841
Std Test Accurancy: 0.1066
Std Test AUC: 0.0565
------------------------- time cost ------------------------- 129.21610403060913

-------------Round number: 6-------------

Evaluate heterogeneous models
Averaged Test Accuracy (Regular Model): 0.6358
Averaged Train Loss (Regular Model): 0.2369
Averaged Test AUC: 0.8823
Std Test Accurancy: 0.1030
Std Test AUC: 0.0554
------------------------- time cost ------------------------- 130.4648756980896

-------------Round number: 7-------------

Evaluate heterogeneous models
Averaged Test Accuracy (Regular Model): 0.6408
Averaged Train Loss (Regular Model): 0.1975
Averaged Test AUC: 0.8851
Std Test Accurancy: 0.1031
Std Test AUC: 0.0503
------------------------- time cost ------------------------- 130.44722509384155

-------------Round number: 8-------------

Evaluate heterogeneous models
Averaged Test Accuracy (Regular Model): 0.6368
Averaged Train Loss (Regular Model): 0.1535
Averaged Test AUC: 0.8809
Std Test Accurancy: 0.1059
Std Test AUC: 0.0494
------------------------- time cost ------------------------- 131.0569941997528

-------------Round number: 9-------------

Evaluate heterogeneous models
Averaged Test Accuracy (Regular Model): 0.6380
Averaged Train Loss (Regular Model): 0.1325
Averaged Test AUC: 0.8777
Std Test Accurancy: 0.0972
Std Test AUC: 0.0456
------------------------- time cost ------------------------- 130.82027649879456

-------------Round number: 10-------------

Evaluate heterogeneous models
Averaged Test Accuracy (Regular Model): 0.6460
Averaged Train Loss (Regular Model): 0.1115
Averaged Test AUC: 0.8786
Std Test Accurancy: 0.0967
Std Test AUC: 0.0454
------------------------- time cost ------------------------- 130.01959776878357

-------------Round number: 11-------------

Evaluate heterogeneous models
Averaged Test Accuracy (Regular Model): 0.6358
Averaged Train Loss (Regular Model): 0.1045
Averaged Test AUC: 0.8724
Std Test Accurancy: 0.1037
Std Test AUC: 0.0476
------------------------- time cost ------------------------- 130.1641764640808

-------------Round number: 12-------------

Evaluate heterogeneous models
Averaged Test Accuracy (Regular Model): 0.6444
Averaged Train Loss (Regular Model): 0.0899
Averaged Test AUC: 0.8761
Std Test Accurancy: 0.1085
Std Test AUC: 0.0684
------------------------- time cost ------------------------- 130.9250133037567

-------------Round number: 13-------------

Evaluate heterogeneous models
Averaged Test Accuracy (Regular Model): 0.6430
Averaged Train Loss (Regular Model): 0.0837
Averaged Test AUC: 0.8753
Std Test Accurancy: 0.1056
Std Test AUC: 0.0517
------------------------- time cost ------------------------- 131.07648515701294

-------------Round number: 14-------------

Evaluate heterogeneous models
Averaged Test Accuracy (Regular Model): 0.6464
Averaged Train Loss (Regular Model): 0.0743
Averaged Test AUC: 0.8757
Std Test Accurancy: 0.0978
Std Test AUC: 0.0474
------------------------- time cost ------------------------- 130.7539782524109

-------------Round number: 15-------------

Evaluate heterogeneous models
Averaged Test Accuracy (Regular Model): 0.6542
Averaged Train Loss (Regular Model): 0.0550
Averaged Test AUC: 0.8810
Std Test Accurancy: 0.0946
Std Test AUC: 0.0472
------------------------- time cost ------------------------- 131.41005063056946

-------------Round number: 16-------------

Evaluate heterogeneous models
Averaged Test Accuracy (Regular Model): 0.6511
Averaged Train Loss (Regular Model): 0.0611
Averaged Test AUC: 0.8759
Std Test Accurancy: 0.1005
Std Test AUC: 0.0521
------------------------- time cost ------------------------- 129.3346884250641

-------------Round number: 17-------------

Evaluate heterogeneous models
Averaged Test Accuracy (Regular Model): 0.6465
Averaged Train Loss (Regular Model): 0.0524
Averaged Test AUC: 0.8734
Std Test Accurancy: 0.0978
Std Test AUC: 0.0540
------------------------- time cost ------------------------- 130.98802971839905

-------------Round number: 18-------------

Evaluate heterogeneous models
Averaged Test Accuracy (Regular Model): 0.6504
Averaged Train Loss (Regular Model): 0.0637
Averaged Test AUC: 0.8751
Std Test Accurancy: 0.0934
Std Test AUC: 0.0503
------------------------- time cost ------------------------- 130.11263227462769

-------------Round number: 19-------------

Evaluate heterogeneous models
Averaged Test Accuracy (Regular Model): 0.6535
Averaged Train Loss (Regular Model): 0.0386
Averaged Test AUC: 0.8771
Std Test Accurancy: 0.1026
Std Test AUC: 0.0508
------------------------- time cost ------------------------- 130.09963250160217

-------------Round number: 20-------------

Evaluate heterogeneous models
Averaged Test Accuracy (Regular Model): 0.6494
Averaged Train Loss (Regular Model): 0.0451
Averaged Test AUC: 0.8752
Std Test Accurancy: 0.0936
Std Test AUC: 0.0465
------------------------- time cost ------------------------- 130.87463855743408

-------------Round number: 21-------------

Evaluate heterogeneous models
Averaged Test Accuracy (Regular Model): 0.6521
Averaged Train Loss (Regular Model): 0.0514
Averaged Test AUC: 0.8758
Std Test Accurancy: 0.0954
Std Test AUC: 0.0484
------------------------- time cost ------------------------- 129.9639608860016

-------------Round number: 22-------------

Evaluate heterogeneous models
Averaged Test Accuracy (Regular Model): 0.6514
Averaged Train Loss (Regular Model): 0.0513
Averaged Test AUC: 0.8774
Std Test Accurancy: 0.0928
Std Test AUC: 0.0464
------------------------- time cost ------------------------- 130.91288948059082

-------------Round number: 23-------------

Evaluate heterogeneous models
Averaged Test Accuracy (Regular Model): 0.6535
Averaged Train Loss (Regular Model): 0.0421
Averaged Test AUC: 0.8787
Std Test Accurancy: 0.0955
Std Test AUC: 0.0451
------------------------- time cost ------------------------- 130.2134552001953

-------------Round number: 24-------------

Evaluate heterogeneous models
Averaged Test Accuracy (Regular Model): 0.6554
Averaged Train Loss (Regular Model): 0.0300
Averaged Test AUC: 0.8787
Std Test Accurancy: 0.0944
Std Test AUC: 0.0462
------------------------- time cost ------------------------- 129.7063615322113

-------------Round number: 25-------------

Evaluate heterogeneous models
Averaged Test Accuracy (Regular Model): 0.6540
Averaged Train Loss (Regular Model): 0.0281
Averaged Test AUC: 0.8780
Std Test Accurancy: 0.0948
Std Test AUC: 0.0456
------------------------- time cost ------------------------- 130.7059142589569

-------------Round number: 26-------------

Evaluate heterogeneous models
Averaged Test Accuracy (Regular Model): 0.6533
Averaged Train Loss (Regular Model): 0.0363
Averaged Test AUC: 0.8771
Std Test Accurancy: 0.0913
Std Test AUC: 0.0474
------------------------- time cost ------------------------- 130.34432768821716

-------------Round number: 27-------------

Evaluate heterogeneous models
Averaged Test Accuracy (Regular Model): 0.6551
Averaged Train Loss (Regular Model): 0.0329
Averaged Test AUC: 0.8792
Std Test Accurancy: 0.0950
Std Test AUC: 0.0471
------------------------- time cost ------------------------- 129.7296781539917

-------------Round number: 28-------------

Evaluate heterogeneous models
Averaged Test Accuracy (Regular Model): 0.6536
Averaged Train Loss (Regular Model): 0.0427
Averaged Test AUC: 0.8794
Std Test Accurancy: 0.0978
Std Test AUC: 0.0534
------------------------- time cost ------------------------- 130.23302483558655

-------------Round number: 29-------------

Evaluate heterogeneous models
Averaged Test Accuracy (Regular Model): 0.6551
Averaged Train Loss (Regular Model): 0.0254
Averaged Test AUC: 0.8794
Std Test Accurancy: 0.0944
Std Test AUC: 0.0476
------------------------- time cost ------------------------- 130.2080774307251

-------------Round number: 30-------------

Evaluate heterogeneous models
Averaged Test Accuracy (Regular Model): 0.6566
Averaged Train Loss (Regular Model): 0.0293
Averaged Test AUC: 0.8778
Std Test Accurancy: 0.0933
Std Test AUC: 0.0456
------------------------- time cost ------------------------- 130.59166717529297

-------------Round number: 31-------------

Evaluate heterogeneous models
Averaged Test Accuracy (Regular Model): 0.6598
Averaged Train Loss (Regular Model): 0.0261
Averaged Test AUC: 0.8799
Std Test Accurancy: 0.0951
Std Test AUC: 0.0459
------------------------- time cost ------------------------- 130.3508644104004

-------------Round number: 32-------------

Evaluate heterogeneous models
Averaged Test Accuracy (Regular Model): 0.6559
Averaged Train Loss (Regular Model): 0.0184
Averaged Test AUC: 0.8783
Std Test Accurancy: 0.0937
Std Test AUC: 0.0463
------------------------- time cost ------------------------- 131.3851923942566

-------------Round number: 33-------------

Evaluate heterogeneous models
Averaged Test Accuracy (Regular Model): 0.6585
Averaged Train Loss (Regular Model): 0.0224
Averaged Test AUC: 0.8791
Std Test Accurancy: 0.0926
Std Test AUC: 0.0444
------------------------- time cost ------------------------- 130.42143726348877

-------------Round number: 34-------------

Evaluate heterogeneous models
Averaged Test Accuracy (Regular Model): 0.6572
Averaged Train Loss (Regular Model): 0.0190
Averaged Test AUC: 0.8801
Std Test Accurancy: 0.0941
Std Test AUC: 0.0464
------------------------- time cost ------------------------- 130.5560553073883

-------------Round number: 35-------------

Evaluate heterogeneous models
Averaged Test Accuracy (Regular Model): 0.6576
Averaged Train Loss (Regular Model): 0.0209
Averaged Test AUC: 0.8791
Std Test Accurancy: 0.0934
Std Test AUC: 0.0472
------------------------- time cost ------------------------- 130.8915331363678

-------------Round number: 36-------------

Evaluate heterogeneous models
Averaged Test Accuracy (Regular Model): 0.6590
Averaged Train Loss (Regular Model): 0.0239
Averaged Test AUC: 0.8794
Std Test Accurancy: 0.0935
Std Test AUC: 0.0470
------------------------- time cost ------------------------- 131.5037543773651

-------------Round number: 37-------------

Evaluate heterogeneous models
Averaged Test Accuracy (Regular Model): 0.6537
Averaged Train Loss (Regular Model): 0.0206
Averaged Test AUC: 0.8775
Std Test Accurancy: 0.0901
Std Test AUC: 0.0461
------------------------- time cost ------------------------- 130.87109112739563

-------------Round number: 38-------------

Evaluate heterogeneous models
Averaged Test Accuracy (Regular Model): 0.6576
Averaged Train Loss (Regular Model): 0.0205
Averaged Test AUC: 0.8772
Std Test Accurancy: 0.0924
Std Test AUC: 0.0469
------------------------- time cost ------------------------- 130.22824954986572

-------------Round number: 39-------------

Evaluate heterogeneous models
Averaged Test Accuracy (Regular Model): 0.6539
Averaged Train Loss (Regular Model): 0.0211
Averaged Test AUC: 0.8760
Std Test Accurancy: 0.0920
Std Test AUC: 0.0471
------------------------- time cost ------------------------- 130.10602498054504

-------------Round number: 40-------------

Evaluate heterogeneous models
Averaged Test Accuracy (Regular Model): 0.6524
Averaged Train Loss (Regular Model): 0.0295
Averaged Test AUC: 0.8753
Std Test Accurancy: 0.1017
Std Test AUC: 0.0603
------------------------- time cost ------------------------- 130.29801964759827

-------------Round number: 41-------------

Evaluate heterogeneous models
Averaged Test Accuracy (Regular Model): 0.6571
Averaged Train Loss (Regular Model): 0.0181
Averaged Test AUC: 0.8781
Std Test Accurancy: 0.0924
Std Test AUC: 0.0469
------------------------- time cost ------------------------- 130.25237250328064

-------------Round number: 42-------------

Evaluate heterogeneous models
Averaged Test Accuracy (Regular Model): 0.6596
Averaged Train Loss (Regular Model): 0.0170
Averaged Test AUC: 0.8797
Std Test Accurancy: 0.0924
Std Test AUC: 0.0467
------------------------- time cost ------------------------- 130.34544253349304

-------------Round number: 43-------------

Evaluate heterogeneous models
Averaged Test Accuracy (Regular Model): 0.6607
Averaged Train Loss (Regular Model): 0.0133
Averaged Test AUC: 0.8789
Std Test Accurancy: 0.0933
Std Test AUC: 0.0461
------------------------- time cost ------------------------- 131.78087854385376

-------------Round number: 44-------------

Evaluate heterogeneous models
Averaged Test Accuracy (Regular Model): 0.6589
Averaged Train Loss (Regular Model): 0.0156
Averaged Test AUC: 0.8770
Std Test Accurancy: 0.0925
Std Test AUC: 0.0475
------------------------- time cost ------------------------- 131.13099670410156

-------------Round number: 45-------------

Evaluate heterogeneous models
Averaged Test Accuracy (Regular Model): 0.6559
Averaged Train Loss (Regular Model): 0.0138
Averaged Test AUC: 0.8772
Std Test Accurancy: 0.0938
Std Test AUC: 0.0459
------------------------- time cost ------------------------- 130.85307598114014

-------------Round number: 46-------------

Evaluate heterogeneous models
Averaged Test Accuracy (Regular Model): 0.6576
Averaged Train Loss (Regular Model): 0.0177
Averaged Test AUC: 0.8769
Std Test Accurancy: 0.0971
Std Test AUC: 0.0488
------------------------- time cost ------------------------- 130.39652132987976

-------------Round number: 47-------------

Evaluate heterogeneous models
Averaged Test Accuracy (Regular Model): 0.6593
Averaged Train Loss (Regular Model): 0.0120
Averaged Test AUC: 0.8769
Std Test Accurancy: 0.0952
Std Test AUC: 0.0487
------------------------- time cost ------------------------- 129.5725450515747

-------------Round number: 48-------------

Evaluate heterogeneous models
Averaged Test Accuracy (Regular Model): 0.6571
Averaged Train Loss (Regular Model): 0.0200
Averaged Test AUC: 0.8770
Std Test Accurancy: 0.0921
Std Test AUC: 0.0492
------------------------- time cost ------------------------- 129.82168316841125

-------------Round number: 49-------------

Evaluate heterogeneous models
Averaged Test Accuracy (Regular Model): 0.6531
Averaged Train Loss (Regular Model): 0.0185
Averaged Test AUC: 0.8758
Std Test Accurancy: 0.0938
Std Test AUC: 0.0495
------------------------- time cost ------------------------- 130.1031322479248

-------------Round number: 50-------------

Evaluate heterogeneous models
Averaged Test Accuracy (Regular Model): 0.6553
Averaged Train Loss (Regular Model): 0.0138
Averaged Test AUC: 0.8762
Std Test Accurancy: 0.0938
Std Test AUC: 0.0496
------------------------- time cost ------------------------- 131.7293200492859

-------------Round number: 51-------------

Evaluate heterogeneous models
Averaged Test Accuracy (Regular Model): 0.6566
Averaged Train Loss (Regular Model): 0.0119
Averaged Test AUC: 0.8776
Std Test Accurancy: 0.0945
Std Test AUC: 0.0494
------------------------- time cost ------------------------- 130.57849311828613

-------------Round number: 52-------------

Evaluate heterogeneous models
Averaged Test Accuracy (Regular Model): 0.6568
Averaged Train Loss (Regular Model): 0.0173
Averaged Test AUC: 0.8771
Std Test Accurancy: 0.0910
Std Test AUC: 0.0487
------------------------- time cost ------------------------- 131.162584066391

-------------Round number: 53-------------

Evaluate heterogeneous models
Averaged Test Accuracy (Regular Model): 0.6575
Averaged Train Loss (Regular Model): 0.0139
Averaged Test AUC: 0.8789
Std Test Accurancy: 0.0942
Std Test AUC: 0.0485
------------------------- time cost ------------------------- 131.62585759162903

-------------Round number: 54-------------

Evaluate heterogeneous models
Averaged Test Accuracy (Regular Model): 0.6562
Averaged Train Loss (Regular Model): 0.0124
Averaged Test AUC: 0.8769
Std Test Accurancy: 0.0911
Std Test AUC: 0.0488
------------------------- time cost ------------------------- 131.92735815048218

-------------Round number: 55-------------

Evaluate heterogeneous models
Averaged Test Accuracy (Regular Model): 0.6594
Averaged Train Loss (Regular Model): 0.0140
Averaged Test AUC: 0.8794
Std Test Accurancy: 0.0944
Std Test AUC: 0.0500
------------------------- time cost ------------------------- 130.90059757232666

-------------Round number: 56-------------

Evaluate heterogeneous models
Averaged Test Accuracy (Regular Model): 0.6589
Averaged Train Loss (Regular Model): 0.0110
Averaged Test AUC: 0.8795
Std Test Accurancy: 0.0950
Std Test AUC: 0.0486
------------------------- time cost ------------------------- 129.89567351341248

-------------Round number: 57-------------

Evaluate heterogeneous models
Averaged Test Accuracy (Regular Model): 0.6576
Averaged Train Loss (Regular Model): 0.0118
Averaged Test AUC: 0.8797
Std Test Accurancy: 0.0960
Std Test AUC: 0.0488
------------------------- time cost ------------------------- 130.1822807788849

-------------Round number: 58-------------

Evaluate heterogeneous models
Averaged Test Accuracy (Regular Model): 0.6563
Averaged Train Loss (Regular Model): 0.0154
Averaged Test AUC: 0.8801
Std Test Accurancy: 0.0967
Std Test AUC: 0.0493
------------------------- time cost ------------------------- 130.15089750289917

-------------Round number: 59-------------

Evaluate heterogeneous models
Averaged Test Accuracy (Regular Model): 0.6584
Averaged Train Loss (Regular Model): 0.0075
Averaged Test AUC: 0.8790
Std Test Accurancy: 0.0978
Std Test AUC: 0.0490
------------------------- time cost ------------------------- 130.0422384738922

-------------Round number: 60-------------

Evaluate heterogeneous models
Averaged Test Accuracy (Regular Model): 0.6560
Averaged Train Loss (Regular Model): 0.0109
Averaged Test AUC: 0.8784
Std Test Accurancy: 0.0959
Std Test AUC: 0.0491
------------------------- time cost ------------------------- 132.67407417297363

-------------Round number: 61-------------

Evaluate heterogeneous models
Averaged Test Accuracy (Regular Model): 0.6565
Averaged Train Loss (Regular Model): 0.0137
Averaged Test AUC: 0.8786
Std Test Accurancy: 0.0959
Std Test AUC: 0.0490
------------------------- time cost ------------------------- 132.67019844055176

-------------Round number: 62-------------

Evaluate heterogeneous models
Averaged Test Accuracy (Regular Model): 0.6599
Averaged Train Loss (Regular Model): 0.0137
Averaged Test AUC: 0.8798
Std Test Accurancy: 0.0980
Std Test AUC: 0.0489
------------------------- time cost ------------------------- 136.84305262565613

-------------Round number: 63-------------

Evaluate heterogeneous models
Averaged Test Accuracy (Regular Model): 0.6600
Averaged Train Loss (Regular Model): 0.0082
Averaged Test AUC: 0.8796
Std Test Accurancy: 0.0940
Std Test AUC: 0.0478
------------------------- time cost ------------------------- 136.96492314338684

-------------Round number: 64-------------

Evaluate heterogeneous models
Averaged Test Accuracy (Regular Model): 0.6559
Averaged Train Loss (Regular Model): 0.0102
Averaged Test AUC: 0.8781
Std Test Accurancy: 0.0938
Std Test AUC: 0.0493
------------------------- time cost ------------------------- 134.8486614227295

-------------Round number: 65-------------

Evaluate heterogeneous models
Averaged Test Accuracy (Regular Model): 0.6592
Averaged Train Loss (Regular Model): 0.0081
Averaged Test AUC: 0.8791
Std Test Accurancy: 0.0930
Std Test AUC: 0.0488
------------------------- time cost ------------------------- 130.91022849082947

-------------Round number: 66-------------

Evaluate heterogeneous models
Averaged Test Accuracy (Regular Model): 0.6586
Averaged Train Loss (Regular Model): 0.0146
Averaged Test AUC: 0.8782
Std Test Accurancy: 0.0957
Std Test AUC: 0.0484
------------------------- time cost ------------------------- 130.73694133758545

-------------Round number: 67-------------

Evaluate heterogeneous models
Averaged Test Accuracy (Regular Model): 0.6583
Averaged Train Loss (Regular Model): 0.0147
Averaged Test AUC: 0.8782
Std Test Accurancy: 0.0967
Std Test AUC: 0.0505
------------------------- time cost ------------------------- 129.6387779712677

-------------Round number: 68-------------

Evaluate heterogeneous models
Averaged Test Accuracy (Regular Model): 0.6581
Averaged Train Loss (Regular Model): 0.0160
Averaged Test AUC: 0.8785
Std Test Accurancy: 0.0947
Std Test AUC: 0.0497
------------------------- time cost ------------------------- 133.82025814056396

-------------Round number: 69-------------

Evaluate heterogeneous models
Averaged Test Accuracy (Regular Model): 0.6577
Averaged Train Loss (Regular Model): 0.0101
Averaged Test AUC: 0.8770
Std Test Accurancy: 0.0931
Std Test AUC: 0.0489
------------------------- time cost ------------------------- 138.6239891052246

-------------Round number: 70-------------

Evaluate heterogeneous models
Averaged Test Accuracy (Regular Model): 0.6589
Averaged Train Loss (Regular Model): 0.0085
Averaged Test AUC: 0.8779
Std Test Accurancy: 0.0957
Std Test AUC: 0.0500
------------------------- time cost ------------------------- 138.70223927497864

-------------Round number: 71-------------

Evaluate heterogeneous models
Averaged Test Accuracy (Regular Model): 0.6579
Averaged Train Loss (Regular Model): 0.0106
Averaged Test AUC: 0.8777
Std Test Accurancy: 0.0931
Std Test AUC: 0.0497
------------------------- time cost ------------------------- 133.68227005004883

-------------Round number: 72-------------

Evaluate heterogeneous models
Averaged Test Accuracy (Regular Model): 0.6578
Averaged Train Loss (Regular Model): 0.0180
Averaged Test AUC: 0.8780
Std Test Accurancy: 0.0919
Std Test AUC: 0.0486
------------------------- time cost ------------------------- 130.92772436141968

-------------Round number: 73-------------

Evaluate heterogeneous models
Averaged Test Accuracy (Regular Model): 0.6606
Averaged Train Loss (Regular Model): 0.0123
Averaged Test AUC: 0.8800
Std Test Accurancy: 0.0968
Std Test AUC: 0.0495
------------------------- time cost ------------------------- 129.9502034187317

-------------Round number: 74-------------

Evaluate heterogeneous models
Averaged Test Accuracy (Regular Model): 0.6607
Averaged Train Loss (Regular Model): 0.0073
Averaged Test AUC: 0.8805
Std Test Accurancy: 0.0969
Std Test AUC: 0.0493
------------------------- time cost ------------------------- 130.1818618774414

-------------Round number: 75-------------

Evaluate heterogeneous models
Averaged Test Accuracy (Regular Model): 0.6543
Averaged Train Loss (Regular Model): 0.0274
Averaged Test AUC: 0.8731
Std Test Accurancy: 0.1146
Std Test AUC: 0.0738
------------------------- time cost ------------------------- 131.63488245010376

-------------Round number: 76-------------

Evaluate heterogeneous models
Averaged Test Accuracy (Regular Model): 0.6596
Averaged Train Loss (Regular Model): 0.0164
Averaged Test AUC: 0.8793
Std Test Accurancy: 0.0982
Std Test AUC: 0.0498
------------------------- time cost ------------------------- 132.39768743515015

-------------Round number: 77-------------

Evaluate heterogeneous models
Averaged Test Accuracy (Regular Model): 0.6613
Averaged Train Loss (Regular Model): 0.0137
Averaged Test AUC: 0.8825
Std Test Accurancy: 0.0972
Std Test AUC: 0.0473
------------------------- time cost ------------------------- 132.19389605522156

-------------Round number: 78-------------

Evaluate heterogeneous models
Averaged Test Accuracy (Regular Model): 0.6615
Averaged Train Loss (Regular Model): 0.0099
Averaged Test AUC: 0.8818
Std Test Accurancy: 0.0963
Std Test AUC: 0.0468
------------------------- time cost ------------------------- 132.68159222602844

-------------Round number: 79-------------

Evaluate heterogeneous models
Averaged Test Accuracy (Regular Model): 0.6618
Averaged Train Loss (Regular Model): 0.0073
Averaged Test AUC: 0.8817
Std Test Accurancy: 0.0955
Std Test AUC: 0.0463
------------------------- time cost ------------------------- 131.35465216636658

-------------Round number: 80-------------

Evaluate heterogeneous models
Averaged Test Accuracy (Regular Model): 0.6631
Averaged Train Loss (Regular Model): 0.0068
Averaged Test AUC: 0.8813
Std Test Accurancy: 0.0971
Std Test AUC: 0.0474
------------------------- time cost ------------------------- 131.4612274169922

-------------Round number: 81-------------

Evaluate heterogeneous models
Averaged Test Accuracy (Regular Model): 0.6590
Averaged Train Loss (Regular Model): 0.0111
Averaged Test AUC: 0.8809
Std Test Accurancy: 0.0955
Std Test AUC: 0.0474
------------------------- time cost ------------------------- 129.68427515029907

-------------Round number: 82-------------

Evaluate heterogeneous models
Averaged Test Accuracy (Regular Model): 0.6592
Averaged Train Loss (Regular Model): 0.0109
Averaged Test AUC: 0.8802
Std Test Accurancy: 0.0936
Std Test AUC: 0.0469
------------------------- time cost ------------------------- 129.4061622619629

-------------Round number: 83-------------

Evaluate heterogeneous models
Averaged Test Accuracy (Regular Model): 0.6611
Averaged Train Loss (Regular Model): 0.0122
Averaged Test AUC: 0.8801
Std Test Accurancy: 0.0959
Std Test AUC: 0.0491
------------------------- time cost ------------------------- 129.7565052509308

-------------Round number: 84-------------

Evaluate heterogeneous models
Averaged Test Accuracy (Regular Model): 0.6613
Averaged Train Loss (Regular Model): 0.0049
Averaged Test AUC: 0.8810
Std Test Accurancy: 0.0950
Std Test AUC: 0.0486
------------------------- time cost ------------------------- 131.33116698265076

-------------Round number: 85-------------

Evaluate heterogeneous models
Averaged Test Accuracy (Regular Model): 0.6579
Averaged Train Loss (Regular Model): 0.0116
Averaged Test AUC: 0.8806
Std Test Accurancy: 0.0944
Std Test AUC: 0.0480
------------------------- time cost ------------------------- 130.74969267845154

-------------Round number: 86-------------

Evaluate heterogeneous models
Averaged Test Accuracy (Regular Model): 0.6621
Averaged Train Loss (Regular Model): 0.0067
Averaged Test AUC: 0.8807
Std Test Accurancy: 0.0963
Std Test AUC: 0.0483
------------------------- time cost ------------------------- 130.80267238616943

-------------Round number: 87-------------

Evaluate heterogeneous models
Averaged Test Accuracy (Regular Model): 0.6590
Averaged Train Loss (Regular Model): 0.0114
Averaged Test AUC: 0.8810
Std Test Accurancy: 0.0929
Std Test AUC: 0.0491
------------------------- time cost ------------------------- 130.49181032180786

-------------Round number: 88-------------

Evaluate heterogeneous models
Averaged Test Accuracy (Regular Model): 0.6623
Averaged Train Loss (Regular Model): 0.0042
Averaged Test AUC: 0.8812
Std Test Accurancy: 0.0938
Std Test AUC: 0.0484
------------------------- time cost ------------------------- 129.90112781524658

-------------Round number: 89-------------

Evaluate heterogeneous models
Averaged Test Accuracy (Regular Model): 0.6617
Averaged Train Loss (Regular Model): 0.0044
Averaged Test AUC: 0.8802
Std Test Accurancy: 0.0928
Std Test AUC: 0.0485
------------------------- time cost ------------------------- 131.25800609588623

-------------Round number: 90-------------

Evaluate heterogeneous models
Averaged Test Accuracy (Regular Model): 0.6625
Averaged Train Loss (Regular Model): 0.0062
Averaged Test AUC: 0.8805
Std Test Accurancy: 0.0941
Std Test AUC: 0.0486
------------------------- time cost ------------------------- 129.94400811195374

-------------Round number: 91-------------

Evaluate heterogeneous models
Averaged Test Accuracy (Regular Model): 0.6627
Averaged Train Loss (Regular Model): 0.0070
Averaged Test AUC: 0.8804
Std Test Accurancy: 0.0924
Std Test AUC: 0.0474
------------------------- time cost ------------------------- 130.70951771736145

-------------Round number: 92-------------

Evaluate heterogeneous models
Averaged Test Accuracy (Regular Model): 0.6597
Averaged Train Loss (Regular Model): 0.0139
Averaged Test AUC: 0.8813
Std Test Accurancy: 0.0931
Std Test AUC: 0.0480
------------------------- time cost ------------------------- 130.06078052520752

-------------Round number: 93-------------

Evaluate heterogeneous models
Averaged Test Accuracy (Regular Model): 0.6597
Averaged Train Loss (Regular Model): 0.0053
Averaged Test AUC: 0.8810
Std Test Accurancy: 0.0948
Std Test AUC: 0.0483
------------------------- time cost ------------------------- 129.7611267566681

-------------Round number: 94-------------

Evaluate heterogeneous models
Averaged Test Accuracy (Regular Model): 0.6599
Averaged Train Loss (Regular Model): 0.0062
Averaged Test AUC: 0.8807
Std Test Accurancy: 0.0967
Std Test AUC: 0.0496
------------------------- time cost ------------------------- 130.02552890777588

-------------Round number: 95-------------

Evaluate heterogeneous models
Averaged Test Accuracy (Regular Model): 0.6592
Averaged Train Loss (Regular Model): 0.0051
Averaged Test AUC: 0.8797
Std Test Accurancy: 0.0971
Std Test AUC: 0.0486
------------------------- time cost ------------------------- 129.1311900615692

-------------Round number: 96-------------

Evaluate heterogeneous models
Averaged Test Accuracy (Regular Model): 0.6588
Averaged Train Loss (Regular Model): 0.0036
Averaged Test AUC: 0.8801
Std Test Accurancy: 0.0944
Std Test AUC: 0.0480
------------------------- time cost ------------------------- 129.07149410247803

-------------Round number: 97-------------

Evaluate heterogeneous models
Averaged Test Accuracy (Regular Model): 0.6610
Averaged Train Loss (Regular Model): 0.0053
Averaged Test AUC: 0.8821
Std Test Accurancy: 0.0957
Std Test AUC: 0.0486
------------------------- time cost ------------------------- 130.17069625854492

-------------Round number: 98-------------

Evaluate heterogeneous models
Averaged Test Accuracy (Regular Model): 0.6611
Averaged Train Loss (Regular Model): 0.0035
Averaged Test AUC: 0.8812
Std Test Accurancy: 0.0933
Std Test AUC: 0.0484
------------------------- time cost ------------------------- 130.06143951416016

-------------Round number: 99-------------

Evaluate heterogeneous models
Averaged Test Accuracy (Regular Model): 0.6616
Averaged Train Loss (Regular Model): 0.0060
Averaged Test AUC: 0.8799
Std Test Accurancy: 0.0935
Std Test AUC: 0.0481
------------------------- time cost ------------------------- 130.75155878067017

-------------Round number: 100-------------

Evaluate heterogeneous models
Averaged Test Accuracy (Regular Model): 0.6615
Averaged Train Loss (Regular Model): 0.0046
Averaged Test AUC: 0.8809
Std Test Accurancy: 0.0937
Std Test AUC: 0.0486
------------------------- time cost ------------------------- 130.69016671180725

-------------Round number: 101-------------

Evaluate heterogeneous models
Averaged Test Accuracy (Regular Model): 0.6597
Averaged Train Loss (Regular Model): 0.0083
Averaged Test AUC: 0.8802
Std Test Accurancy: 0.0949
Std Test AUC: 0.0482
------------------------- time cost ------------------------- 130.0463526248932

-------------Round number: 102-------------

Evaluate heterogeneous models
Averaged Test Accuracy (Regular Model): 0.6578
Averaged Train Loss (Regular Model): 0.0076
Averaged Test AUC: 0.8794
Std Test Accurancy: 0.0949
Std Test AUC: 0.0493
------------------------- time cost ------------------------- 129.79952383041382

-------------Round number: 103-------------

Evaluate heterogeneous models
Averaged Test Accuracy (Regular Model): 0.6570
Averaged Train Loss (Regular Model): 0.0066
Averaged Test AUC: 0.8791
Std Test Accurancy: 0.0961
Std Test AUC: 0.0490
------------------------- time cost ------------------------- 129.2659842967987

-------------Round number: 104-------------

Evaluate heterogeneous models
Averaged Test Accuracy (Regular Model): 0.6575
Averaged Train Loss (Regular Model): 0.0125
Averaged Test AUC: 0.8790
Std Test Accurancy: 0.0969
Std Test AUC: 0.0484
------------------------- time cost ------------------------- 130.9914813041687

-------------Round number: 105-------------

Evaluate heterogeneous models
Averaged Test Accuracy (Regular Model): 0.6557
Averaged Train Loss (Regular Model): 0.0171
Averaged Test AUC: 0.8768
Std Test Accurancy: 0.0972
Std Test AUC: 0.0512
------------------------- time cost ------------------------- 128.64805507659912

-------------Round number: 106-------------

Evaluate heterogeneous models
Averaged Test Accuracy (Regular Model): 0.6591
Averaged Train Loss (Regular Model): 0.0070
Averaged Test AUC: 0.8818
Std Test Accurancy: 0.0953
Std Test AUC: 0.0459
------------------------- time cost ------------------------- 130.35634851455688

-------------Round number: 107-------------

Evaluate heterogeneous models
Averaged Test Accuracy (Regular Model): 0.6569
Averaged Train Loss (Regular Model): 0.0073
Averaged Test AUC: 0.8818
Std Test Accurancy: 0.0981
Std Test AUC: 0.0462
------------------------- time cost ------------------------- 128.4270703792572

-------------Round number: 108-------------

Evaluate heterogeneous models
Averaged Test Accuracy (Regular Model): 0.6614
Averaged Train Loss (Regular Model): 0.0085
Averaged Test AUC: 0.8822
Std Test Accurancy: 0.0961
Std Test AUC: 0.0470
------------------------- time cost ------------------------- 129.83783078193665

-------------Round number: 109-------------

Evaluate heterogeneous models
Averaged Test Accuracy (Regular Model): 0.6607
Averaged Train Loss (Regular Model): 0.0071
Averaged Test AUC: 0.8838
Std Test Accurancy: 0.0925
Std Test AUC: 0.0468
------------------------- time cost ------------------------- 129.2142186164856

-------------Round number: 110-------------

Evaluate heterogeneous models
Averaged Test Accuracy (Regular Model): 0.6618
Averaged Train Loss (Regular Model): 0.0096
Averaged Test AUC: 0.8832
Std Test Accurancy: 0.0945
Std Test AUC: 0.0469
------------------------- time cost ------------------------- 129.1830756664276

-------------Round number: 111-------------

Evaluate heterogeneous models
Averaged Test Accuracy (Regular Model): 0.6614
Averaged Train Loss (Regular Model): 0.0090
Averaged Test AUC: 0.8819
Std Test Accurancy: 0.0974
Std Test AUC: 0.0474
------------------------- time cost ------------------------- 129.25309824943542

-------------Round number: 112-------------

Evaluate heterogeneous models
Averaged Test Accuracy (Regular Model): 0.6607
Averaged Train Loss (Regular Model): 0.0055
Averaged Test AUC: 0.8830
Std Test Accurancy: 0.0953
Std Test AUC: 0.0471
------------------------- time cost ------------------------- 128.16188621520996

-------------Round number: 113-------------

Evaluate heterogeneous models
Averaged Test Accuracy (Regular Model): 0.6605
Averaged Train Loss (Regular Model): 0.0071
Averaged Test AUC: 0.8819
Std Test Accurancy: 0.0986
Std Test AUC: 0.0483
------------------------- time cost ------------------------- 127.80450105667114

-------------Round number: 114-------------

Evaluate heterogeneous models
Averaged Test Accuracy (Regular Model): 0.6607
Averaged Train Loss (Regular Model): 0.0052
Averaged Test AUC: 0.8812
Std Test Accurancy: 0.0986
Std Test AUC: 0.0480
------------------------- time cost ------------------------- 128.78954601287842

-------------Round number: 115-------------

Evaluate heterogeneous models
Averaged Test Accuracy (Regular Model): 0.6577
Averaged Train Loss (Regular Model): 0.0095
Averaged Test AUC: 0.8817
Std Test Accurancy: 0.0979
Std Test AUC: 0.0463
------------------------- time cost ------------------------- 127.8182110786438

-------------Round number: 116-------------

Evaluate heterogeneous models
Averaged Test Accuracy (Regular Model): 0.6609
Averaged Train Loss (Regular Model): 0.0070
Averaged Test AUC: 0.8812
Std Test Accurancy: 0.0974
Std Test AUC: 0.0464
------------------------- time cost ------------------------- 128.7858350276947

-------------Round number: 117-------------

Evaluate heterogeneous models
Averaged Test Accuracy (Regular Model): 0.6597
Averaged Train Loss (Regular Model): 0.0056
Averaged Test AUC: 0.8817
Std Test Accurancy: 0.0947
Std Test AUC: 0.0457
------------------------- time cost ------------------------- 129.31772303581238

-------------Round number: 118-------------

Evaluate heterogeneous models
Averaged Test Accuracy (Regular Model): 0.6627
Averaged Train Loss (Regular Model): 0.0043
Averaged Test AUC: 0.8820
Std Test Accurancy: 0.0967
Std Test AUC: 0.0463
------------------------- time cost ------------------------- 130.06840991973877

-------------Round number: 119-------------

Evaluate heterogeneous models
Averaged Test Accuracy (Regular Model): 0.6619
Averaged Train Loss (Regular Model): 0.0069
Averaged Test AUC: 0.8820
Std Test Accurancy: 0.0946
Std Test AUC: 0.0475
------------------------- time cost ------------------------- 137.10627031326294

-------------Round number: 120-------------

Evaluate heterogeneous models
Averaged Test Accuracy (Regular Model): 0.6577
Averaged Train Loss (Regular Model): 0.0066
Averaged Test AUC: 0.8806
Std Test Accurancy: 0.0949
Std Test AUC: 0.0472
------------------------- time cost ------------------------- 128.55596494674683

-------------Round number: 121-------------

Evaluate heterogeneous models
Averaged Test Accuracy (Regular Model): 0.6639
Averaged Train Loss (Regular Model): 0.0071
Averaged Test AUC: 0.8817
Std Test Accurancy: 0.0971
Std Test AUC: 0.0465
------------------------- time cost ------------------------- 129.15254878997803

-------------Round number: 122-------------

Evaluate heterogeneous models
Averaged Test Accuracy (Regular Model): 0.6617
Averaged Train Loss (Regular Model): 0.0096
Averaged Test AUC: 0.8794
Std Test Accurancy: 0.1014
Std Test AUC: 0.0517
------------------------- time cost ------------------------- 129.81582808494568

-------------Round number: 123-------------

Evaluate heterogeneous models
Averaged Test Accuracy (Regular Model): 0.6615
Averaged Train Loss (Regular Model): 0.0041
Averaged Test AUC: 0.8808
Std Test Accurancy: 0.0980
Std Test AUC: 0.0471
------------------------- time cost ------------------------- 132.21677923202515

-------------Round number: 124-------------

Evaluate heterogeneous models
Averaged Test Accuracy (Regular Model): 0.6623
Averaged Train Loss (Regular Model): 0.0034
Averaged Test AUC: 0.8801
Std Test Accurancy: 0.0952
Std Test AUC: 0.0467
------------------------- time cost ------------------------- 131.22411489486694

-------------Round number: 125-------------

Evaluate heterogeneous models
Averaged Test Accuracy (Regular Model): 0.6607
Averaged Train Loss (Regular Model): 0.0090
Averaged Test AUC: 0.8799
Std Test Accurancy: 0.0962
Std Test AUC: 0.0461
------------------------- time cost ------------------------- 131.57878351211548

-------------Round number: 126-------------

Evaluate heterogeneous models
Averaged Test Accuracy (Regular Model): 0.6603
Averaged Train Loss (Regular Model): 0.0072
Averaged Test AUC: 0.8815
Std Test Accurancy: 0.0952
Std Test AUC: 0.0460
------------------------- time cost ------------------------- 132.24752521514893

-------------Round number: 127-------------

Evaluate heterogeneous models
Averaged Test Accuracy (Regular Model): 0.6595
Averaged Train Loss (Regular Model): 0.0043
Averaged Test AUC: 0.8799
Std Test Accurancy: 0.0939
Std Test AUC: 0.0464
------------------------- time cost ------------------------- 131.8770146369934

-------------Round number: 128-------------

Evaluate heterogeneous models
Averaged Test Accuracy (Regular Model): 0.6609
Averaged Train Loss (Regular Model): 0.0048
Averaged Test AUC: 0.8821
Std Test Accurancy: 0.0946
Std Test AUC: 0.0464
------------------------- time cost ------------------------- 133.4170699119568

-------------Round number: 129-------------

Evaluate heterogeneous models
Averaged Test Accuracy (Regular Model): 0.6621
Averaged Train Loss (Regular Model): 0.0059
Averaged Test AUC: 0.8811
Std Test Accurancy: 0.0962
Std Test AUC: 0.0462
------------------------- time cost ------------------------- 133.87964916229248

-------------Round number: 130-------------

Evaluate heterogeneous models
Averaged Test Accuracy (Regular Model): 0.6617
Averaged Train Loss (Regular Model): 0.0041
Averaged Test AUC: 0.8820
Std Test Accurancy: 0.0945
Std Test AUC: 0.0466
------------------------- time cost ------------------------- 133.36848974227905

-------------Round number: 131-------------

Evaluate heterogeneous models
Averaged Test Accuracy (Regular Model): 0.6631
Averaged Train Loss (Regular Model): 0.0082
Averaged Test AUC: 0.8815
Std Test Accurancy: 0.0938
Std Test AUC: 0.0469
------------------------- time cost ------------------------- 131.3579878807068

-------------Round number: 132-------------

Evaluate heterogeneous models
Averaged Test Accuracy (Regular Model): 0.6635
Averaged Train Loss (Regular Model): 0.0038
Averaged Test AUC: 0.8816
Std Test Accurancy: 0.0950
Std Test AUC: 0.0471
------------------------- time cost ------------------------- 131.785786151886

-------------Round number: 133-------------

Evaluate heterogeneous models
Averaged Test Accuracy (Regular Model): 0.6640
Averaged Train Loss (Regular Model): 0.0032
Averaged Test AUC: 0.8824
Std Test Accurancy: 0.0953
Std Test AUC: 0.0472
------------------------- time cost ------------------------- 135.0492353439331

-------------Round number: 134-------------

Evaluate heterogeneous models
Averaged Test Accuracy (Regular Model): 0.6648
Averaged Train Loss (Regular Model): 0.0060
Averaged Test AUC: 0.8816
Std Test Accurancy: 0.0954
Std Test AUC: 0.0486
------------------------- time cost ------------------------- 134.4927179813385

-------------Round number: 135-------------

Evaluate heterogeneous models
Averaged Test Accuracy (Regular Model): 0.6633
Averaged Train Loss (Regular Model): 0.0044
Averaged Test AUC: 0.8814
Std Test Accurancy: 0.0920
Std Test AUC: 0.0455
------------------------- time cost ------------------------- 133.98046851158142

-------------Round number: 136-------------

Evaluate heterogeneous models
Averaged Test Accuracy (Regular Model): 0.6649
Averaged Train Loss (Regular Model): 0.0024
Averaged Test AUC: 0.8821
Std Test Accurancy: 0.0926
Std Test AUC: 0.0457
------------------------- time cost ------------------------- 131.58553671836853

-------------Round number: 137-------------

Evaluate heterogeneous models
Averaged Test Accuracy (Regular Model): 0.6652
Averaged Train Loss (Regular Model): 0.0017
Averaged Test AUC: 0.8823
Std Test Accurancy: 0.0931
Std Test AUC: 0.0460
------------------------- time cost ------------------------- 133.44754886627197

-------------Round number: 138-------------

Evaluate heterogeneous models
Averaged Test Accuracy (Regular Model): 0.6645
Averaged Train Loss (Regular Model): 0.0018
Averaged Test AUC: 0.8815
Std Test Accurancy: 0.0926
Std Test AUC: 0.0458
------------------------- time cost ------------------------- 133.04574942588806

-------------Round number: 139-------------

Evaluate heterogeneous models
Averaged Test Accuracy (Regular Model): 0.6603
Averaged Train Loss (Regular Model): 0.0074
Averaged Test AUC: 0.8816
Std Test Accurancy: 0.0948
Std Test AUC: 0.0455
------------------------- time cost ------------------------- 133.17794799804688

-------------Round number: 140-------------

Evaluate heterogeneous models
Averaged Test Accuracy (Regular Model): 0.6643
Averaged Train Loss (Regular Model): 0.0041
Averaged Test AUC: 0.8826
Std Test Accurancy: 0.0950
Std Test AUC: 0.0462
------------------------- time cost ------------------------- 134.89001154899597

-------------Round number: 141-------------

Evaluate heterogeneous models
Averaged Test Accuracy (Regular Model): 0.6648
Averaged Train Loss (Regular Model): 0.0051
Averaged Test AUC: 0.8823
Std Test Accurancy: 0.0952
Std Test AUC: 0.0463
------------------------- time cost ------------------------- 132.24415612220764

-------------Round number: 142-------------

Evaluate heterogeneous models
Averaged Test Accuracy (Regular Model): 0.6642
Averaged Train Loss (Regular Model): 0.0069
Averaged Test AUC: 0.8816
Std Test Accurancy: 0.0960
Std Test AUC: 0.0465
------------------------- time cost ------------------------- 131.24875402450562

-------------Round number: 143-------------

Evaluate heterogeneous models
Averaged Test Accuracy (Regular Model): 0.6627
Averaged Train Loss (Regular Model): 0.0041
Averaged Test AUC: 0.8816
Std Test Accurancy: 0.0967
Std Test AUC: 0.0460
------------------------- time cost ------------------------- 131.28579878807068

-------------Round number: 144-------------

Evaluate heterogeneous models
Averaged Test Accuracy (Regular Model): 0.6632
Averaged Train Loss (Regular Model): 0.0064
Averaged Test AUC: 0.8818
Std Test Accurancy: 0.0959
Std Test AUC: 0.0463
------------------------- time cost ------------------------- 130.59255170822144

-------------Round number: 145-------------

Evaluate heterogeneous models
Averaged Test Accuracy (Regular Model): 0.6651
Averaged Train Loss (Regular Model): 0.0025
Averaged Test AUC: 0.8823
Std Test Accurancy: 0.0954
Std Test AUC: 0.0461
------------------------- time cost ------------------------- 131.40025901794434

-------------Round number: 146-------------

Evaluate heterogeneous models
Averaged Test Accuracy (Regular Model): 0.6648
Averaged Train Loss (Regular Model): 0.0027
Averaged Test AUC: 0.8816
Std Test Accurancy: 0.0949
Std Test AUC: 0.0458
------------------------- time cost ------------------------- 142.12921595573425

-------------Round number: 147-------------

Evaluate heterogeneous models
Averaged Test Accuracy (Regular Model): 0.6609
Averaged Train Loss (Regular Model): 0.0054
Averaged Test AUC: 0.8808
Std Test Accurancy: 0.0943
Std Test AUC: 0.0459
------------------------- time cost ------------------------- 139.71201467514038

-------------Round number: 148-------------

Evaluate heterogeneous models
Averaged Test Accuracy (Regular Model): 0.6621
Averaged Train Loss (Regular Model): 0.0042
Averaged Test AUC: 0.8812
Std Test Accurancy: 0.0935
Std Test AUC: 0.0456
------------------------- time cost ------------------------- 140.13661336898804

-------------Round number: 149-------------

Evaluate heterogeneous models
Averaged Test Accuracy (Regular Model): 0.6616
Averaged Train Loss (Regular Model): 0.0060
Averaged Test AUC: 0.8810
Std Test Accurancy: 0.0955
Std Test AUC: 0.0468
------------------------- time cost ------------------------- 139.4094774723053

-------------Round number: 150-------------

Evaluate heterogeneous models
Averaged Test Accuracy (Regular Model): 0.6640
Averaged Train Loss (Regular Model): 0.0050
Averaged Test AUC: 0.8822
Std Test Accurancy: 0.0944
Std Test AUC: 0.0465
------------------------- time cost ------------------------- 139.2767984867096

-------------Round number: 151-------------

Evaluate heterogeneous models
Averaged Test Accuracy (Regular Model): 0.6619
Averaged Train Loss (Regular Model): 0.0133
Averaged Test AUC: 0.8833
Std Test Accurancy: 0.0934
Std Test AUC: 0.0468
------------------------- time cost ------------------------- 138.88824605941772

-------------Round number: 152-------------

Evaluate heterogeneous models
Averaged Test Accuracy (Regular Model): 0.6633
Averaged Train Loss (Regular Model): 0.0113
Averaged Test AUC: 0.8830
Std Test Accurancy: 0.0952
Std Test AUC: 0.0452
------------------------- time cost ------------------------- 139.00935411453247

-------------Round number: 153-------------

Evaluate heterogeneous models
Averaged Test Accuracy (Regular Model): 0.6641
Averaged Train Loss (Regular Model): 0.0036
Averaged Test AUC: 0.8836
Std Test Accurancy: 0.0949
Std Test AUC: 0.0458
------------------------- time cost ------------------------- 140.03059673309326

-------------Round number: 154-------------

Evaluate heterogeneous models
Averaged Test Accuracy (Regular Model): 0.6658
Averaged Train Loss (Regular Model): 0.0018
Averaged Test AUC: 0.8842
Std Test Accurancy: 0.0946
Std Test AUC: 0.0458
------------------------- time cost ------------------------- 139.70952820777893

-------------Round number: 155-------------

Evaluate heterogeneous models
Averaged Test Accuracy (Regular Model): 0.6655
Averaged Train Loss (Regular Model): 0.0054
Averaged Test AUC: 0.8841
Std Test Accurancy: 0.0957
Std Test AUC: 0.0466
------------------------- time cost ------------------------- 140.39112377166748

-------------Round number: 156-------------

Evaluate heterogeneous models
Averaged Test Accuracy (Regular Model): 0.6646
Averaged Train Loss (Regular Model): 0.0044
Averaged Test AUC: 0.8839
Std Test Accurancy: 0.0949
Std Test AUC: 0.0455
------------------------- time cost ------------------------- 138.80443334579468

-------------Round number: 157-------------

Evaluate heterogeneous models
Averaged Test Accuracy (Regular Model): 0.6629
Averaged Train Loss (Regular Model): 0.0045
Averaged Test AUC: 0.8835
Std Test Accurancy: 0.0949
Std Test AUC: 0.0460
------------------------- time cost ------------------------- 139.5057921409607

-------------Round number: 158-------------

Evaluate heterogeneous models
Averaged Test Accuracy (Regular Model): 0.6629
Averaged Train Loss (Regular Model): 0.0042
Averaged Test AUC: 0.8827
Std Test Accurancy: 0.0955
Std Test AUC: 0.0455
------------------------- time cost ------------------------- 141.23767852783203

-------------Round number: 159-------------

Evaluate heterogeneous models
Averaged Test Accuracy (Regular Model): 0.6625
Averaged Train Loss (Regular Model): 0.0045
Averaged Test AUC: 0.8830
Std Test Accurancy: 0.0940
Std Test AUC: 0.0453
------------------------- time cost ------------------------- 141.23394513130188

-------------Round number: 160-------------

Evaluate heterogeneous models
Averaged Test Accuracy (Regular Model): 0.6632
Averaged Train Loss (Regular Model): 0.0027
Averaged Test AUC: 0.8836
Std Test Accurancy: 0.0953
Std Test AUC: 0.0457
------------------------- time cost ------------------------- 140.30432081222534

-------------Round number: 161-------------

Evaluate heterogeneous models
Averaged Test Accuracy (Regular Model): 0.6635
Averaged Train Loss (Regular Model): 0.0023
Averaged Test AUC: 0.8834
Std Test Accurancy: 0.0967
Std Test AUC: 0.0460
------------------------- time cost ------------------------- 139.7101821899414

-------------Round number: 162-------------

Evaluate heterogeneous models
Averaged Test Accuracy (Regular Model): 0.6626
Averaged Train Loss (Regular Model): 0.0018
Averaged Test AUC: 0.8829
Std Test Accurancy: 0.0964
Std Test AUC: 0.0460
------------------------- time cost ------------------------- 139.41062784194946

-------------Round number: 163-------------

Evaluate heterogeneous models
Averaged Test Accuracy (Regular Model): 0.6635
Averaged Train Loss (Regular Model): 0.0014
Averaged Test AUC: 0.8836
Std Test Accurancy: 0.0957
Std Test AUC: 0.0455
------------------------- time cost ------------------------- 140.2725830078125

-------------Round number: 164-------------

Evaluate heterogeneous models
Averaged Test Accuracy (Regular Model): 0.6626
Averaged Train Loss (Regular Model): 0.0052
Averaged Test AUC: 0.8828
Std Test Accurancy: 0.0937
Std Test AUC: 0.0456
------------------------- time cost ------------------------- 138.19062638282776

-------------Round number: 165-------------

Evaluate heterogeneous models
Averaged Test Accuracy (Regular Model): 0.6621
Averaged Train Loss (Regular Model): 0.0030
Averaged Test AUC: 0.8817
Std Test Accurancy: 0.0958
Std Test AUC: 0.0481
------------------------- time cost ------------------------- 137.98013520240784

-------------Round number: 166-------------

Evaluate heterogeneous models
Averaged Test Accuracy (Regular Model): 0.6619
Averaged Train Loss (Regular Model): 0.0166
Averaged Test AUC: 0.8828
Std Test Accurancy: 0.0976
Std Test AUC: 0.0471
------------------------- time cost ------------------------- 137.49873423576355

-------------Round number: 167-------------

Evaluate heterogeneous models
Averaged Test Accuracy (Regular Model): 0.6619
Averaged Train Loss (Regular Model): 0.0110
Averaged Test AUC: 0.8825
Std Test Accurancy: 0.0949
Std Test AUC: 0.0467
------------------------- time cost ------------------------- 136.5095682144165

-------------Round number: 168-------------

Evaluate heterogeneous models
Averaged Test Accuracy (Regular Model): 0.6619
Averaged Train Loss (Regular Model): 0.0032
Averaged Test AUC: 0.8827
Std Test Accurancy: 0.0949
Std Test AUC: 0.0463
------------------------- time cost ------------------------- 136.91669964790344

-------------Round number: 169-------------

Evaluate heterogeneous models
Averaged Test Accuracy (Regular Model): 0.6635
Averaged Train Loss (Regular Model): 0.0035
Averaged Test AUC: 0.8829
Std Test Accurancy: 0.0961
Std Test AUC: 0.0455
------------------------- time cost ------------------------- 136.8237714767456

-------------Round number: 170-------------

Evaluate heterogeneous models
Averaged Test Accuracy (Regular Model): 0.6609
Averaged Train Loss (Regular Model): 0.0074
Averaged Test AUC: 0.8823
Std Test Accurancy: 0.0988
Std Test AUC: 0.0483
------------------------- time cost ------------------------- 135.86157846450806

-------------Round number: 171-------------

Evaluate heterogeneous models
Averaged Test Accuracy (Regular Model): 0.6607
Averaged Train Loss (Regular Model): 0.0077
Averaged Test AUC: 0.8821
Std Test Accurancy: 0.0933
Std Test AUC: 0.0467
------------------------- time cost ------------------------- 137.3635721206665

-------------Round number: 172-------------

Evaluate heterogeneous models
Averaged Test Accuracy (Regular Model): 0.6643
Averaged Train Loss (Regular Model): 0.0047
Averaged Test AUC: 0.8827
Std Test Accurancy: 0.0931
Std Test AUC: 0.0454
------------------------- time cost ------------------------- 137.762925863266

-------------Round number: 173-------------

Evaluate heterogeneous models
Averaged Test Accuracy (Regular Model): 0.6627
Averaged Train Loss (Regular Model): 0.0023
Averaged Test AUC: 0.8827
Std Test Accurancy: 0.0942
Std Test AUC: 0.0456
------------------------- time cost ------------------------- 138.31177353858948

-------------Round number: 174-------------

Evaluate heterogeneous models
Averaged Test Accuracy (Regular Model): 0.6638
Averaged Train Loss (Regular Model): 0.0066
Averaged Test AUC: 0.8837
Std Test Accurancy: 0.0950
Std Test AUC: 0.0464
------------------------- time cost ------------------------- 137.42466521263123

-------------Round number: 175-------------

Evaluate heterogeneous models
Averaged Test Accuracy (Regular Model): 0.6614
Averaged Train Loss (Regular Model): 0.0092
Averaged Test AUC: 0.8837
Std Test Accurancy: 0.0932
Std Test AUC: 0.0459
------------------------- time cost ------------------------- 140.22520303726196

-------------Round number: 176-------------

Evaluate heterogeneous models
Averaged Test Accuracy (Regular Model): 0.6624
Averaged Train Loss (Regular Model): 0.0039
Averaged Test AUC: 0.8833
Std Test Accurancy: 0.0933
Std Test AUC: 0.0455
------------------------- time cost ------------------------- 137.24975967407227

-------------Round number: 177-------------

Evaluate heterogeneous models
Averaged Test Accuracy (Regular Model): 0.6617
Averaged Train Loss (Regular Model): 0.0052
Averaged Test AUC: 0.8833
Std Test Accurancy: 0.0935
Std Test AUC: 0.0452
------------------------- time cost ------------------------- 139.94911694526672

-------------Round number: 178-------------

Evaluate heterogeneous models
Averaged Test Accuracy (Regular Model): 0.6611
Averaged Train Loss (Regular Model): 0.0062
Averaged Test AUC: 0.8831
Std Test Accurancy: 0.0949
Std Test AUC: 0.0456
------------------------- time cost ------------------------- 140.66873598098755

-------------Round number: 179-------------

Evaluate heterogeneous models
Averaged Test Accuracy (Regular Model): 0.6604
Averaged Train Loss (Regular Model): 0.0032
Averaged Test AUC: 0.8838
Std Test Accurancy: 0.0958
Std Test AUC: 0.0459
------------------------- time cost ------------------------- 138.08813858032227

-------------Round number: 180-------------

Evaluate heterogeneous models
Averaged Test Accuracy (Regular Model): 0.6621
Averaged Train Loss (Regular Model): 0.0031
Averaged Test AUC: 0.8835
Std Test Accurancy: 0.0954
Std Test AUC: 0.0456
------------------------- time cost ------------------------- 137.86847686767578

-------------Round number: 181-------------

Evaluate heterogeneous models
Averaged Test Accuracy (Regular Model): 0.6623
Averaged Train Loss (Regular Model): 0.0051
Averaged Test AUC: 0.8842
Std Test Accurancy: 0.0952
Std Test AUC: 0.0457
------------------------- time cost ------------------------- 137.78431797027588

-------------Round number: 182-------------

Evaluate heterogeneous models
Averaged Test Accuracy (Regular Model): 0.6609
Averaged Train Loss (Regular Model): 0.0051
Averaged Test AUC: 0.8824
Std Test Accurancy: 0.0940
Std Test AUC: 0.0453
------------------------- time cost ------------------------- 138.33686685562134

-------------Round number: 183-------------

Evaluate heterogeneous models
Averaged Test Accuracy (Regular Model): 0.6616
Averaged Train Loss (Regular Model): 0.0025
Averaged Test AUC: 0.8829
Std Test Accurancy: 0.0945
Std Test AUC: 0.0450
------------------------- time cost ------------------------- 143.6358962059021

-------------Round number: 184-------------

Evaluate heterogeneous models
Averaged Test Accuracy (Regular Model): 0.6622
Averaged Train Loss (Regular Model): 0.0027
Averaged Test AUC: 0.8835
Std Test Accurancy: 0.0950
Std Test AUC: 0.0457
------------------------- time cost ------------------------- 143.15184116363525

-------------Round number: 185-------------

Evaluate heterogeneous models
Averaged Test Accuracy (Regular Model): 0.6647
Averaged Train Loss (Regular Model): 0.0035
Averaged Test AUC: 0.8827
Std Test Accurancy: 0.0948
Std Test AUC: 0.0458
------------------------- time cost ------------------------- 139.8329517841339

-------------Round number: 186-------------

Evaluate heterogeneous models
Averaged Test Accuracy (Regular Model): 0.6639
Averaged Train Loss (Regular Model): 0.0025
Averaged Test AUC: 0.8833
Std Test Accurancy: 0.0951
Std Test AUC: 0.0457
------------------------- time cost ------------------------- 138.99951100349426

-------------Round number: 187-------------

Evaluate heterogeneous models
Averaged Test Accuracy (Regular Model): 0.6611
Averaged Train Loss (Regular Model): 0.0020
Averaged Test AUC: 0.8831
Std Test Accurancy: 0.0946
Std Test AUC: 0.0458
------------------------- time cost ------------------------- 139.50823330879211

-------------Round number: 188-------------

Evaluate heterogeneous models
Averaged Test Accuracy (Regular Model): 0.6611
Averaged Train Loss (Regular Model): 0.0023
Averaged Test AUC: 0.8830
Std Test Accurancy: 0.0934
Std Test AUC: 0.0453
------------------------- time cost ------------------------- 139.2248878479004

-------------Round number: 189-------------

Evaluate heterogeneous models
Averaged Test Accuracy (Regular Model): 0.6645
Averaged Train Loss (Regular Model): 0.0023
Averaged Test AUC: 0.8833
Std Test Accurancy: 0.0944
Std Test AUC: 0.0460
------------------------- time cost ------------------------- 139.06286191940308

-------------Round number: 190-------------

Evaluate heterogeneous models
Averaged Test Accuracy (Regular Model): 0.6631
Averaged Train Loss (Regular Model): 0.0050
Averaged Test AUC: 0.8828
Std Test Accurancy: 0.0931
Std Test AUC: 0.0466
------------------------- time cost ------------------------- 139.7438886165619

-------------Round number: 191-------------

Evaluate heterogeneous models
Averaged Test Accuracy (Regular Model): 0.6639
Averaged Train Loss (Regular Model): 0.0028
Averaged Test AUC: 0.8825
Std Test Accurancy: 0.0931
Std Test AUC: 0.0464
------------------------- time cost ------------------------- 139.64371371269226

-------------Round number: 192-------------

Evaluate heterogeneous models
Averaged Test Accuracy (Regular Model): 0.6617
Averaged Train Loss (Regular Model): 0.0033
Averaged Test AUC: 0.8827
Std Test Accurancy: 0.0928
Std Test AUC: 0.0473
------------------------- time cost ------------------------- 139.47609496116638

-------------Round number: 193-------------

Evaluate heterogeneous models
Averaged Test Accuracy (Regular Model): 0.6637
Averaged Train Loss (Regular Model): 0.0037
Averaged Test AUC: 0.8830
Std Test Accurancy: 0.0943
Std Test AUC: 0.0470
------------------------- time cost ------------------------- 139.1759057044983

-------------Round number: 194-------------

Evaluate heterogeneous models
Averaged Test Accuracy (Regular Model): 0.6635
Averaged Train Loss (Regular Model): 0.0011
Averaged Test AUC: 0.8826
Std Test Accurancy: 0.0931
Std Test AUC: 0.0461
------------------------- time cost ------------------------- 138.54723858833313

-------------Round number: 195-------------

Evaluate heterogeneous models
Averaged Test Accuracy (Regular Model): 0.6620
Averaged Train Loss (Regular Model): 0.0011
Averaged Test AUC: 0.8826
Std Test Accurancy: 0.0939
Std Test AUC: 0.0460
------------------------- time cost ------------------------- 139.87365794181824

-------------Round number: 196-------------

Evaluate heterogeneous models
Averaged Test Accuracy (Regular Model): 0.6641
Averaged Train Loss (Regular Model): 0.0065
Averaged Test AUC: 0.8837
Std Test Accurancy: 0.0927
Std Test AUC: 0.0468
------------------------- time cost ------------------------- 139.14242100715637

-------------Round number: 197-------------

Evaluate heterogeneous models
Averaged Test Accuracy (Regular Model): 0.6651
Averaged Train Loss (Regular Model): 0.0026
Averaged Test AUC: 0.8837
Std Test Accurancy: 0.0940
Std Test AUC: 0.0479
------------------------- time cost ------------------------- 140.38539958000183

-------------Round number: 198-------------

Evaluate heterogeneous models
Averaged Test Accuracy (Regular Model): 0.6639
Averaged Train Loss (Regular Model): 0.0015
Averaged Test AUC: 0.8829
Std Test Accurancy: 0.0924
Std Test AUC: 0.0469
------------------------- time cost ------------------------- 139.4290657043457

-------------Round number: 199-------------

Evaluate heterogeneous models
Averaged Test Accuracy (Regular Model): 0.6632
Averaged Train Loss (Regular Model): 0.0065
Averaged Test AUC: 0.8833
Std Test Accurancy: 0.0945
Std Test AUC: 0.0472
------------------------- time cost ------------------------- 138.33982706069946

-------------Round number: 200-------------

Evaluate heterogeneous models
Averaged Test Accuracy (Regular Model): 0.6625
Averaged Train Loss (Regular Model): 0.0092
Averaged Test AUC: 0.8818
Std Test Accurancy: 0.0982
Std Test AUC: 0.0491

Best accuracy.
0.6658008658008658

Average time cost per round.
133.20608409285546
File path: ../results/Cifar10_dir_0.3_imbalance_40_FedGen_test_0.h5

Average time cost: 27962.53s.
Length:  201
std for best accurancy: 0.0
mean for best accurancy: 0.6658008658008658
All done!

Storage on cpu
-------------------------------------------------------------------------------
Total Tensors: 1050 	Used Memory: 23.00K
-------------------------------------------------------------------------------

Storage on cuda:0
-------------------------------------------------------------------------------
Total Tensors: 52000 	Used Memory: 240.00K
The allocated memory on cuda:0: 240.00K
-------------------------------------------------------------------------------
